 binutils/2.38 loaded.
 bzip2/1.0.8 loaded.
 zlib/1.2.12 loaded.
 ncurses/6.3 loaded.
 libreadline/8.1.2 loaded.
 Tcl/8.6.12 loaded.
 SQLite/3.38.3 loaded.
 XZ/5.2.5 loaded.
 GMP/6.2.1 loaded.
 libffi/3.4.2 loaded.
 OpenSSL/1.1 loaded.
 Python/3.10.4 loaded.
 CUDA/12.4.0 loaded.

Currently Loaded Modules:
  1) binutils/2.38   5) libreadline/8.1.2   9) GMP/6.2.1      13) CUDA/12.4.0
  2) bzip2/1.0.8     6) Tcl/8.6.12         10) libffi/3.4.2
  3) zlib/1.2.12     7) SQLite/3.38.3      11) OpenSSL/1.1
  4) ncurses/6.3     8) XZ/5.2.5           12) Python/3.10.4

 

2025-05-05 19:52:10,164 - src.utils.config_parser - INFO - Successfully merged configuration from configs/cafo/mnist_cnn_3block.yaml and configs/base.yaml
wandb: Using wandb-core as the SDK backend.  Please refer to https://wandb.me/wandb-core for more information.
wandb: Currently logged in as: przspyra11 (agh_racing) to https://api.wandb.ai. Use `wandb login --relogin` to force relogin
wandb: Tracking run with wandb version 0.19.8
wandb: Run data is saved locally in /net/tscratch/people/plgspyra/BeyondBackpropagation/wandb/run-20250505_195210-sglbxxtc
wandb: Run `wandb offline` to turn off syncing.
wandb: Syncing run cafo_mnist_cnn_3block
wandb: â­ï¸ View project at https://wandb.ai/przspyra11/BeyondBackpropagation
wandb: ðŸš€ View run at https://wandb.ai/przspyra11/BeyondBackpropagation/runs/sglbxxtc
[codecarbon INFO @ 19:52:11] offline tracker init
[codecarbon INFO @ 19:52:11] [setup] RAM Tracking...
[codecarbon INFO @ 19:52:11] [setup] CPU Tracking... 
 Linux OS detected: Please ensure RAPL files exist at /sys/class/powercap/intel-rapl/subsystem to measure CPU

[codecarbon INFO @ 19:52:11] CPU Model on constant consumption mode: AMD EPYC 7742 64-Core Processor
[codecarbon INFO @ 19:52:11] [setup] GPU Tracking...
[codecarbon INFO @ 19:52:11] Tracking Nvidia GPU via pynvml
[codecarbon INFO @ 19:52:11] The below tracking methods have been set up:
                RAM Tracking Method: RAM power estimation model
                CPU Tracking Method: cpu_load
                GPU Tracking Method: pynvml
            
[codecarbon INFO @ 19:52:11] >>> Tracker's metadata:
[codecarbon INFO @ 19:52:11]   Platform system: Linux-5.14.0-503.26.1.el9_5.x86_64-x86_64-with-glibc2.34
[codecarbon INFO @ 19:52:11]   Python version: 3.10.4
[codecarbon INFO @ 19:52:11]   CodeCarbon version: 3.0.1
[codecarbon INFO @ 19:52:11]   Available RAM : 125.000 GB
[codecarbon INFO @ 19:52:11]   CPU count: 16 thread(s) in 2 physical CPU(s)
[codecarbon INFO @ 19:52:11]   CPU model: AMD EPYC 7742 64-Core Processor
[codecarbon INFO @ 19:52:11]   GPU count: 1
[codecarbon INFO @ 19:52:11]   GPU model: 1 x NVIDIA A100-SXM4-40GB BUT only tracking these GPU ids : [0]
[codecarbon INFO @ 19:52:11] Emissions data (if any) will be saved to file /net/tscratch/people/plgspyra/BeyondBackpropagation/results/carbon/cafo_mnist_cnn_3block_carbon.csv

Predictor_1 Epoch 1/10:   0%|          | 0/390 [00:00<?, ?it/s]
Predictor_1 Epoch 1/10:   0%|          | 1/390 [00:00<01:47,  3.62it/s]
Predictor_1 Epoch 1/10:   6%|â–‹         | 25/390 [00:00<00:04, 83.78it/s]
Predictor_1 Epoch 1/10:  12%|â–ˆâ–        | 48/390 [00:00<00:02, 127.86it/s]
Predictor_1 Epoch 1/10:  18%|â–ˆâ–Š        | 72/390 [00:00<00:02, 156.74it/s]
Predictor_1 Epoch 1/10:  24%|â–ˆâ–ˆâ–       | 95/390 [00:00<00:01, 178.68it/s]
Predictor_1 Epoch 1/10:  30%|â–ˆâ–ˆâ–‰       | 116/390 [00:00<00:01, 184.84it/s]
Predictor_1 Epoch 1/10:  36%|â–ˆâ–ˆâ–ˆâ–Œ      | 139/390 [00:00<00:01, 196.95it/s]
Predictor_1 Epoch 1/10:  41%|â–ˆâ–ˆâ–ˆâ–ˆ      | 160/390 [00:01<00:01, 199.25it/s]
Predictor_1 Epoch 1/10:  47%|â–ˆâ–ˆâ–ˆâ–ˆâ–‹     | 183/390 [00:01<00:01, 205.41it/s]
Predictor_1 Epoch 1/10:  47%|â–ˆâ–ˆâ–ˆâ–ˆâ–‹     | 183/390 [00:01<00:01, 205.41it/s, acc=91.41%, loss=0.2252]
Predictor_1 Epoch 1/10:  53%|â–ˆâ–ˆâ–ˆâ–ˆâ–ˆâ–Ž    | 205/390 [00:01<00:00, 208.74it/s, acc=91.41%, loss=0.2252]
Predictor_1 Epoch 1/10:  58%|â–ˆâ–ˆâ–ˆâ–ˆâ–ˆâ–Š    | 227/390 [00:01<00:00, 210.42it/s, acc=91.41%, loss=0.2252]
Predictor_1 Epoch 1/10:  64%|â–ˆâ–ˆâ–ˆâ–ˆâ–ˆâ–ˆâ–   | 249/390 [00:01<00:00, 211.19it/s, acc=91.41%, loss=0.2252]
Predictor_1 Epoch 1/10:  69%|â–ˆâ–ˆâ–ˆâ–ˆâ–ˆâ–ˆâ–‰   | 271/390 [00:01<00:00, 213.66it/s, acc=91.41%, loss=0.2252]
Predictor_1 Epoch 1/10:  75%|â–ˆâ–ˆâ–ˆâ–ˆâ–ˆâ–ˆâ–ˆâ–Œ  | 293/390 [00:01<00:00, 212.58it/s, acc=91.41%, loss=0.2252]
Predictor_1 Epoch 1/10:  81%|â–ˆâ–ˆâ–ˆâ–ˆâ–ˆâ–ˆâ–ˆâ–ˆ  | 316/390 [00:01<00:00, 211.42it/s, acc=91.41%, loss=0.2252]
Predictor_1 Epoch 1/10:  87%|â–ˆâ–ˆâ–ˆâ–ˆâ–ˆâ–ˆâ–ˆâ–ˆâ–‹ | 340/390 [00:01<00:00, 212.50it/s, acc=91.41%, loss=0.2252]
Predictor_1 Epoch 1/10:  93%|â–ˆâ–ˆâ–ˆâ–ˆâ–ˆâ–ˆâ–ˆâ–ˆâ–ˆâ–Ž| 364/390 [00:01<00:00, 213.20it/s, acc=91.41%, loss=0.2252]
Predictor_1 Epoch 1/10:  99%|â–ˆâ–ˆâ–ˆâ–ˆâ–ˆâ–ˆâ–ˆâ–ˆâ–ˆâ–‰| 386/390 [00:02<00:00, 211.92it/s, acc=91.41%, loss=0.2252]
Predictor_1 Epoch 1/10:  99%|â–ˆâ–ˆâ–ˆâ–ˆâ–ˆâ–ˆâ–ˆâ–ˆâ–ˆâ–‰| 386/390 [00:02<00:00, 211.92it/s, acc=97.66%, loss=0.0637]
                                                                                                   

Predictor_1 Epoch 2/10:   0%|          | 0/390 [00:00<?, ?it/s]
Predictor_1 Epoch 2/10:   4%|â–         | 17/390 [00:00<00:02, 155.74it/s]
Predictor_1 Epoch 2/10:  11%|â–ˆ         | 41/390 [00:00<00:01, 191.85it/s]
Predictor_1 Epoch 2/10:  16%|â–ˆâ–‹        | 64/390 [00:00<00:01, 205.08it/s]
Predictor_1 Epoch 2/10:  22%|â–ˆâ–ˆâ–       | 85/390 [00:00<00:01, 206.73it/s]
Predictor_1 Epoch 2/10:  28%|â–ˆâ–ˆâ–Š       | 108/390 [00:00<00:01, 206.39it/s]
Predictor_1 Epoch 2/10:  34%|â–ˆâ–ˆâ–ˆâ–      | 132/390 [00:00<00:01, 208.30it/s]
Predictor_1 Epoch 2/10:  40%|â–ˆâ–ˆâ–ˆâ–ˆ      | 156/390 [00:00<00:01, 209.21it/s]
Predictor_1 Epoch 2/10:  46%|â–ˆâ–ˆâ–ˆâ–ˆâ–Œ     | 180/390 [00:00<00:01, 209.26it/s]
Predictor_1 Epoch 2/10:  46%|â–ˆâ–ˆâ–ˆâ–ˆâ–Œ     | 180/390 [00:00<00:01, 209.26it/s, acc=97.66%, loss=0.1538]
Predictor_1 Epoch 2/10:  52%|â–ˆâ–ˆâ–ˆâ–ˆâ–ˆâ–    | 201/390 [00:00<00:00, 209.19it/s, acc=97.66%, loss=0.1538]
Predictor_1 Epoch 2/10:  57%|â–ˆâ–ˆâ–ˆâ–ˆâ–ˆâ–‹    | 224/390 [00:01<00:00, 209.63it/s, acc=97.66%, loss=0.1538]
Predictor_1 Epoch 2/10:  64%|â–ˆâ–ˆâ–ˆâ–ˆâ–ˆâ–ˆâ–Ž   | 248/390 [00:01<00:00, 209.86it/s, acc=97.66%, loss=0.1538]
Predictor_1 Epoch 2/10:  69%|â–ˆâ–ˆâ–ˆâ–ˆâ–ˆâ–ˆâ–‰   | 271/390 [00:01<00:00, 215.24it/s, acc=97.66%, loss=0.1538]
Predictor_1 Epoch 2/10:  75%|â–ˆâ–ˆâ–ˆâ–ˆâ–ˆâ–ˆâ–ˆâ–Œ  | 293/390 [00:01<00:00, 209.91it/s, acc=97.66%, loss=0.1538]
Predictor_1 Epoch 2/10:  81%|â–ˆâ–ˆâ–ˆâ–ˆâ–ˆâ–ˆâ–ˆâ–ˆ  | 316/390 [00:01<00:00, 207.58it/s, acc=97.66%, loss=0.1538]
Predictor_1 Epoch 2/10:  87%|â–ˆâ–ˆâ–ˆâ–ˆâ–ˆâ–ˆâ–ˆâ–ˆâ–‹ | 340/390 [00:01<00:00, 208.25it/s, acc=97.66%, loss=0.1538]
Predictor_1 Epoch 2/10:  93%|â–ˆâ–ˆâ–ˆâ–ˆâ–ˆâ–ˆâ–ˆâ–ˆâ–ˆâ–Ž| 363/390 [00:01<00:00, 213.87it/s, acc=97.66%, loss=0.1538]
Predictor_1 Epoch 2/10:  99%|â–ˆâ–ˆâ–ˆâ–ˆâ–ˆâ–ˆâ–ˆâ–ˆâ–ˆâ–Š| 385/390 [00:01<00:00, 202.40it/s, acc=97.66%, loss=0.1538]
Predictor_1 Epoch 2/10:  99%|â–ˆâ–ˆâ–ˆâ–ˆâ–ˆâ–ˆâ–ˆâ–ˆâ–ˆâ–Š| 385/390 [00:01<00:00, 202.40it/s, acc=93.75%, loss=0.1499]
                                                                                                   

Predictor_1 Epoch 3/10:   0%|          | 0/390 [00:00<?, ?it/s]
Predictor_1 Epoch 3/10:   4%|â–         | 17/390 [00:00<00:02, 156.80it/s]
Predictor_1 Epoch 3/10:  11%|â–ˆ         | 41/390 [00:00<00:01, 190.47it/s]
Predictor_1 Epoch 3/10:  17%|â–ˆâ–‹        | 65/390 [00:00<00:01, 200.87it/s]
Predictor_1 Epoch 3/10:  23%|â–ˆâ–ˆâ–Ž       | 88/390 [00:00<00:01, 210.04it/s]
Predictor_1 Epoch 3/10:  28%|â–ˆâ–ˆâ–Š       | 110/390 [00:00<00:01, 209.80it/s]
Predictor_1 Epoch 3/10:  34%|â–ˆâ–ˆâ–ˆâ–      | 132/390 [00:00<00:01, 209.35it/s]
Predictor_1 Epoch 3/10:  39%|â–ˆâ–ˆâ–ˆâ–‰      | 154/390 [00:00<00:01, 211.98it/s]
Predictor_1 Epoch 3/10:  45%|â–ˆâ–ˆâ–ˆâ–ˆâ–Œ     | 176/390 [00:00<00:01, 206.75it/s]
Predictor_1 Epoch 3/10:  45%|â–ˆâ–ˆâ–ˆâ–ˆâ–Œ     | 176/390 [00:00<00:01, 206.75it/s, acc=97.66%, loss=0.0778]
Predictor_1 Epoch 3/10:  51%|â–ˆâ–ˆâ–ˆâ–ˆâ–ˆâ–    | 200/390 [00:00<00:00, 206.94it/s, acc=97.66%, loss=0.0778]
Predictor_1 Epoch 3/10:  57%|â–ˆâ–ˆâ–ˆâ–ˆâ–ˆâ–‹    | 224/390 [00:01<00:00, 208.56it/s, acc=97.66%, loss=0.0778]
Predictor_1 Epoch 3/10:  64%|â–ˆâ–ˆâ–ˆâ–ˆâ–ˆâ–ˆâ–Ž   | 248/390 [00:01<00:00, 208.28it/s, acc=97.66%, loss=0.0778]
Predictor_1 Epoch 3/10:  69%|â–ˆâ–ˆâ–ˆâ–ˆâ–ˆâ–ˆâ–‰   | 269/390 [00:01<00:00, 208.46it/s, acc=97.66%, loss=0.0778]
Predictor_1 Epoch 3/10:  75%|â–ˆâ–ˆâ–ˆâ–ˆâ–ˆâ–ˆâ–ˆâ–  | 291/390 [00:01<00:00, 211.73it/s, acc=97.66%, loss=0.0778]
Predictor_1 Epoch 3/10:  80%|â–ˆâ–ˆâ–ˆâ–ˆâ–ˆâ–ˆâ–ˆâ–ˆ  | 313/390 [00:01<00:00, 206.01it/s, acc=97.66%, loss=0.0778]
Predictor_1 Epoch 3/10:  86%|â–ˆâ–ˆâ–ˆâ–ˆâ–ˆâ–ˆâ–ˆâ–ˆâ–Œ | 336/390 [00:01<00:00, 204.16it/s, acc=97.66%, loss=0.0778]
Predictor_1 Epoch 3/10:  92%|â–ˆâ–ˆâ–ˆâ–ˆâ–ˆâ–ˆâ–ˆâ–ˆâ–ˆâ–| 358/390 [00:01<00:00, 208.26it/s, acc=97.66%, loss=0.0778]
Predictor_1 Epoch 3/10:  97%|â–ˆâ–ˆâ–ˆâ–ˆâ–ˆâ–ˆâ–ˆâ–ˆâ–ˆâ–‹| 380/390 [00:01<00:00, 203.95it/s, acc=97.66%, loss=0.0778]
Predictor_1 Epoch 3/10:  97%|â–ˆâ–ˆâ–ˆâ–ˆâ–ˆâ–ˆâ–ˆâ–ˆâ–ˆâ–‹| 380/390 [00:01<00:00, 203.95it/s, acc=95.31%, loss=0.2502]
                                                                                                   

Predictor_1 Epoch 4/10:   0%|          | 0/390 [00:00<?, ?it/s]
Predictor_1 Epoch 4/10:   4%|â–         | 17/390 [00:00<00:02, 161.74it/s]
Predictor_1 Epoch 4/10:  10%|â–ˆ         | 40/390 [00:00<00:01, 199.88it/s]
Predictor_1 Epoch 4/10:  16%|â–ˆâ–Œ        | 61/390 [00:00<00:01, 201.38it/s]
Predictor_1 Epoch 4/10:  21%|â–ˆâ–ˆâ–       | 83/390 [00:00<00:01, 207.09it/s]
Predictor_1 Epoch 4/10:  27%|â–ˆâ–ˆâ–‹       | 105/390 [00:00<00:01, 208.90it/s]
Predictor_1 Epoch 4/10:  33%|â–ˆâ–ˆâ–ˆâ–Ž      | 127/390 [00:00<00:01, 210.07it/s]
Predictor_1 Epoch 4/10:  38%|â–ˆâ–ˆâ–ˆâ–Š      | 149/390 [00:00<00:01, 210.73it/s]
Predictor_1 Epoch 4/10:  44%|â–ˆâ–ˆâ–ˆâ–ˆâ–     | 171/390 [00:00<00:01, 211.60it/s]
Predictor_1 Epoch 4/10:  49%|â–ˆâ–ˆâ–ˆâ–ˆâ–‰     | 193/390 [00:00<00:00, 211.11it/s]
Predictor_1 Epoch 4/10:  49%|â–ˆâ–ˆâ–ˆâ–ˆâ–‰     | 193/390 [00:00<00:00, 211.11it/s, acc=97.66%, loss=0.0686]
Predictor_1 Epoch 4/10:  55%|â–ˆâ–ˆâ–ˆâ–ˆâ–ˆâ–Œ    | 215/390 [00:01<00:00, 212.36it/s, acc=97.66%, loss=0.0686]
Predictor_1 Epoch 4/10:  61%|â–ˆâ–ˆâ–ˆâ–ˆâ–ˆâ–ˆ    | 237/390 [00:01<00:00, 210.69it/s, acc=97.66%, loss=0.0686]
Predictor_1 Epoch 4/10:  66%|â–ˆâ–ˆâ–ˆâ–ˆâ–ˆâ–ˆâ–‹   | 259/390 [00:01<00:00, 211.66it/s, acc=97.66%, loss=0.0686]
Predictor_1 Epoch 4/10:  72%|â–ˆâ–ˆâ–ˆâ–ˆâ–ˆâ–ˆâ–ˆâ–  | 281/390 [00:01<00:00, 210.08it/s, acc=97.66%, loss=0.0686]
Predictor_1 Epoch 4/10:  78%|â–ˆâ–ˆâ–ˆâ–ˆâ–ˆâ–ˆâ–ˆâ–Š  | 303/390 [00:01<00:00, 210.07it/s, acc=97.66%, loss=0.0686]
Predictor_1 Epoch 4/10:  83%|â–ˆâ–ˆâ–ˆâ–ˆâ–ˆâ–ˆâ–ˆâ–ˆâ–Ž | 325/390 [00:01<00:00, 212.31it/s, acc=97.66%, loss=0.0686]
Predictor_1 Epoch 4/10:  89%|â–ˆâ–ˆâ–ˆâ–ˆâ–ˆâ–ˆâ–ˆâ–ˆâ–‰ | 347/390 [00:01<00:00, 209.09it/s, acc=97.66%, loss=0.0686]
Predictor_1 Epoch 4/10:  95%|â–ˆâ–ˆâ–ˆâ–ˆâ–ˆâ–ˆâ–ˆâ–ˆâ–ˆâ–Œ| 371/390 [00:01<00:00, 209.34it/s, acc=97.66%, loss=0.0686]
Predictor_1 Epoch 4/10:  95%|â–ˆâ–ˆâ–ˆâ–ˆâ–ˆâ–ˆâ–ˆâ–ˆâ–ˆâ–Œ| 371/390 [00:01<00:00, 209.34it/s, acc=98.44%, loss=0.0932]
                                                                                                   

Predictor_1 Epoch 5/10:   0%|          | 0/390 [00:00<?, ?it/s]
Predictor_1 Epoch 5/10:   4%|â–         | 17/390 [00:00<00:02, 155.95it/s]
Predictor_1 Epoch 5/10:  11%|â–ˆ         | 41/390 [00:00<00:01, 190.48it/s]
Predictor_1 Epoch 5/10:  17%|â–ˆâ–‹        | 65/390 [00:00<00:01, 202.00it/s]
Predictor_1 Epoch 5/10:  22%|â–ˆâ–ˆâ–       | 87/390 [00:00<00:01, 207.90it/s]
Predictor_1 Epoch 5/10:  28%|â–ˆâ–ˆâ–Š       | 109/390 [00:00<00:01, 209.26it/s]
Predictor_1 Epoch 5/10:  33%|â–ˆâ–ˆâ–ˆâ–Ž      | 130/390 [00:00<00:01, 207.39it/s]
Predictor_1 Epoch 5/10:  39%|â–ˆâ–ˆâ–ˆâ–‰      | 153/390 [00:00<00:01, 213.04it/s]
Predictor_1 Epoch 5/10:  45%|â–ˆâ–ˆâ–ˆâ–ˆâ–     | 175/390 [00:00<00:01, 211.18it/s]
Predictor_1 Epoch 5/10:  51%|â–ˆâ–ˆâ–ˆâ–ˆâ–ˆ     | 198/390 [00:00<00:00, 208.80it/s]
Predictor_1 Epoch 5/10:  51%|â–ˆâ–ˆâ–ˆâ–ˆâ–ˆ     | 198/390 [00:00<00:00, 208.80it/s, acc=97.66%, loss=0.1253]
Predictor_1 Epoch 5/10:  57%|â–ˆâ–ˆâ–ˆâ–ˆâ–ˆâ–‹    | 222/390 [00:01<00:00, 210.31it/s, acc=97.66%, loss=0.1253]
Predictor_1 Epoch 5/10:  63%|â–ˆâ–ˆâ–ˆâ–ˆâ–ˆâ–ˆâ–Ž   | 245/390 [00:01<00:00, 215.91it/s, acc=97.66%, loss=0.1253]
Predictor_1 Epoch 5/10:  68%|â–ˆâ–ˆâ–ˆâ–ˆâ–ˆâ–ˆâ–Š   | 267/390 [00:01<00:00, 211.28it/s, acc=97.66%, loss=0.1253]
Predictor_1 Epoch 5/10:  74%|â–ˆâ–ˆâ–ˆâ–ˆâ–ˆâ–ˆâ–ˆâ–  | 290/390 [00:01<00:00, 210.25it/s, acc=97.66%, loss=0.1253]
Predictor_1 Epoch 5/10:  81%|â–ˆâ–ˆâ–ˆâ–ˆâ–ˆâ–ˆâ–ˆâ–ˆ  | 314/390 [00:01<00:00, 211.57it/s, acc=97.66%, loss=0.1253]
Predictor_1 Epoch 5/10:  87%|â–ˆâ–ˆâ–ˆâ–ˆâ–ˆâ–ˆâ–ˆâ–ˆâ–‹ | 338/390 [00:01<00:00, 212.30it/s, acc=97.66%, loss=0.1253]
Predictor_1 Epoch 5/10:  93%|â–ˆâ–ˆâ–ˆâ–ˆâ–ˆâ–ˆâ–ˆâ–ˆâ–ˆâ–Ž| 362/390 [00:01<00:00, 212.54it/s, acc=97.66%, loss=0.1253]
Predictor_1 Epoch 5/10:  98%|â–ˆâ–ˆâ–ˆâ–ˆâ–ˆâ–ˆâ–ˆâ–ˆâ–ˆâ–Š| 384/390 [00:01<00:00, 207.64it/s, acc=97.66%, loss=0.1253]
Predictor_1 Epoch 5/10:  98%|â–ˆâ–ˆâ–ˆâ–ˆâ–ˆâ–ˆâ–ˆâ–ˆâ–ˆâ–Š| 384/390 [00:01<00:00, 207.64it/s, acc=96.88%, loss=0.0870]
                                                                                                   

Predictor_1 Epoch 6/10:   0%|          | 0/390 [00:00<?, ?it/s]
Predictor_1 Epoch 6/10:   4%|â–         | 17/390 [00:00<00:02, 155.71it/s]
Predictor_1 Epoch 6/10:  11%|â–ˆ         | 41/390 [00:00<00:01, 187.93it/s]
Predictor_1 Epoch 6/10:  17%|â–ˆâ–‹        | 65/390 [00:00<00:01, 199.57it/s]
Predictor_1 Epoch 6/10:  23%|â–ˆâ–ˆâ–Ž       | 89/390 [00:00<00:01, 205.76it/s]
Predictor_1 Epoch 6/10:  29%|â–ˆâ–ˆâ–‰       | 113/390 [00:00<00:01, 209.79it/s]
Predictor_1 Epoch 6/10:  35%|â–ˆâ–ˆâ–ˆâ–Œ      | 137/390 [00:00<00:01, 212.61it/s]
Predictor_1 Epoch 6/10:  41%|â–ˆâ–ˆâ–ˆâ–ˆâ–     | 161/390 [00:00<00:01, 214.17it/s]
Predictor_1 Epoch 6/10:  47%|â–ˆâ–ˆâ–ˆâ–ˆâ–‹     | 185/390 [00:00<00:00, 215.50it/s]
Predictor_1 Epoch 6/10:  47%|â–ˆâ–ˆâ–ˆâ–ˆâ–‹     | 185/390 [00:00<00:00, 215.50it/s, acc=99.22%, loss=0.0250]
Predictor_1 Epoch 6/10:  53%|â–ˆâ–ˆâ–ˆâ–ˆâ–ˆâ–Ž    | 208/390 [00:00<00:00, 218.98it/s, acc=99.22%, loss=0.0250]
Predictor_1 Epoch 6/10:  59%|â–ˆâ–ˆâ–ˆâ–ˆâ–ˆâ–‰    | 230/390 [00:01<00:00, 212.82it/s, acc=99.22%, loss=0.0250]
Predictor_1 Epoch 6/10:  65%|â–ˆâ–ˆâ–ˆâ–ˆâ–ˆâ–ˆâ–   | 253/390 [00:01<00:00, 215.51it/s, acc=99.22%, loss=0.0250]
Predictor_1 Epoch 6/10:  71%|â–ˆâ–ˆâ–ˆâ–ˆâ–ˆâ–ˆâ–ˆ   | 275/390 [00:01<00:00, 214.11it/s, acc=99.22%, loss=0.0250]
Predictor_1 Epoch 6/10:  76%|â–ˆâ–ˆâ–ˆâ–ˆâ–ˆâ–ˆâ–ˆâ–Œ  | 297/390 [00:01<00:00, 215.64it/s, acc=99.22%, loss=0.0250]
Predictor_1 Epoch 6/10:  82%|â–ˆâ–ˆâ–ˆâ–ˆâ–ˆâ–ˆâ–ˆâ–ˆâ– | 319/390 [00:01<00:00, 211.27it/s, acc=99.22%, loss=0.0250]
Predictor_1 Epoch 6/10:  88%|â–ˆâ–ˆâ–ˆâ–ˆâ–ˆâ–ˆâ–ˆâ–ˆâ–Š | 342/390 [00:01<00:00, 210.68it/s, acc=99.22%, loss=0.0250]
Predictor_1 Epoch 6/10:  94%|â–ˆâ–ˆâ–ˆâ–ˆâ–ˆâ–ˆâ–ˆâ–ˆâ–ˆâ–Ž| 365/390 [00:01<00:00, 216.13it/s, acc=99.22%, loss=0.0250][codecarbon INFO @ 19:52:27] Energy consumed for RAM : 0.000164 kWh. RAM Power : 38.0 W

Predictor_1 Epoch 6/10:  99%|â–ˆâ–ˆâ–ˆâ–ˆâ–ˆâ–ˆâ–ˆâ–ˆâ–ˆâ–‰| 387/390 [00:01<00:00, 209.88it/s, acc=99.22%, loss=0.0250]
Predictor_1 Epoch 6/10:  99%|â–ˆâ–ˆâ–ˆâ–ˆâ–ˆâ–ˆâ–ˆâ–ˆâ–ˆâ–‰| 387/390 [00:01<00:00, 209.88it/s, acc=96.09%, loss=0.1122]
                                                                                                   

Predictor_1 Epoch 7/10:   0%|          | 0/390 [00:00<?, ?it/s]
Predictor_1 Epoch 7/10:   4%|â–         | 17/390 [00:00<00:02, 163.76it/s][codecarbon INFO @ 19:52:27] Delta energy consumed for CPU with cpu_load : 0.000194 kWh, power : 45.0 W
[codecarbon INFO @ 19:52:27] Energy consumed for All CPU : 0.000194 kWh
[codecarbon INFO @ 19:52:27] Energy consumed for all GPUs : 0.000265 kWh. Total GPU Power : 59.64555377464372 W
[codecarbon INFO @ 19:52:27] 0.000623 kWh of electricity used since the beginning.

Predictor_1 Epoch 7/10:  11%|â–ˆ         | 41/390 [00:00<00:01, 195.19it/s]
Predictor_1 Epoch 7/10:  17%|â–ˆâ–‹        | 65/390 [00:00<00:01, 204.31it/s]
Predictor_1 Epoch 7/10:  23%|â–ˆâ–ˆâ–Ž       | 88/390 [00:00<00:01, 213.43it/s]
Predictor_1 Epoch 7/10:  28%|â–ˆâ–ˆâ–Š       | 110/390 [00:00<00:01, 208.14it/s]
Predictor_1 Epoch 7/10:  34%|â–ˆâ–ˆâ–ˆâ–      | 133/390 [00:00<00:01, 212.95it/s]
Predictor_1 Epoch 7/10:  40%|â–ˆâ–ˆâ–ˆâ–‰      | 155/390 [00:00<00:01, 211.45it/s]
Predictor_1 Epoch 7/10:  46%|â–ˆâ–ˆâ–ˆâ–ˆâ–Œ     | 178/390 [00:00<00:01, 209.26it/s]
Predictor_1 Epoch 7/10:  46%|â–ˆâ–ˆâ–ˆâ–ˆâ–Œ     | 178/390 [00:00<00:01, 209.26it/s, acc=96.09%, loss=0.0750]
Predictor_1 Epoch 7/10:  52%|â–ˆâ–ˆâ–ˆâ–ˆâ–ˆâ–    | 201/390 [00:00<00:00, 214.77it/s, acc=96.09%, loss=0.0750]
Predictor_1 Epoch 7/10:  57%|â–ˆâ–ˆâ–ˆâ–ˆâ–ˆâ–‹    | 223/390 [00:01<00:00, 211.98it/s, acc=96.09%, loss=0.0750]
Predictor_1 Epoch 7/10:  63%|â–ˆâ–ˆâ–ˆâ–ˆâ–ˆâ–ˆâ–Ž   | 246/390 [00:01<00:00, 209.72it/s, acc=96.09%, loss=0.0750]
Predictor_1 Epoch 7/10:  69%|â–ˆâ–ˆâ–ˆâ–ˆâ–ˆâ–ˆâ–‰   | 270/390 [00:01<00:00, 210.50it/s, acc=96.09%, loss=0.0750]
Predictor_1 Epoch 7/10:  75%|â–ˆâ–ˆâ–ˆâ–ˆâ–ˆâ–ˆâ–ˆâ–Œ  | 294/390 [00:01<00:00, 210.91it/s, acc=96.09%, loss=0.0750]
Predictor_1 Epoch 7/10:  82%|â–ˆâ–ˆâ–ˆâ–ˆâ–ˆâ–ˆâ–ˆâ–ˆâ– | 318/390 [00:01<00:00, 211.60it/s, acc=96.09%, loss=0.0750]
Predictor_1 Epoch 7/10:  88%|â–ˆâ–ˆâ–ˆâ–ˆâ–ˆâ–ˆâ–ˆâ–ˆâ–Š | 342/390 [00:01<00:00, 212.72it/s, acc=96.09%, loss=0.0750]
Predictor_1 Epoch 7/10:  94%|â–ˆâ–ˆâ–ˆâ–ˆâ–ˆâ–ˆâ–ˆâ–ˆâ–ˆâ–| 366/390 [00:01<00:00, 213.46it/s, acc=96.09%, loss=0.0750]
Predictor_1 Epoch 7/10:  94%|â–ˆâ–ˆâ–ˆâ–ˆâ–ˆâ–ˆâ–ˆâ–ˆâ–ˆâ–| 366/390 [00:01<00:00, 213.46it/s, acc=97.66%, loss=0.0696]
Predictor_1 Epoch 7/10: 100%|â–ˆâ–ˆâ–ˆâ–ˆâ–ˆâ–ˆâ–ˆâ–ˆâ–ˆâ–ˆ| 390/390 [00:01<00:00, 212.87it/s, acc=97.66%, loss=0.0696]
                                                                                                   

Predictor_1 Epoch 8/10:   0%|          | 0/390 [00:00<?, ?it/s]
Predictor_1 Epoch 8/10:   4%|â–         | 17/390 [00:00<00:02, 162.04it/s]
Predictor_1 Epoch 8/10:  10%|â–ˆ         | 39/390 [00:00<00:01, 192.58it/s]
Predictor_1 Epoch 8/10:  16%|â–ˆâ–Œ        | 61/390 [00:00<00:01, 203.60it/s]
Predictor_1 Epoch 8/10:  21%|â–ˆâ–ˆâ–       | 83/390 [00:00<00:01, 203.12it/s]
Predictor_1 Epoch 8/10:  27%|â–ˆâ–ˆâ–‹       | 106/390 [00:00<00:01, 211.07it/s]
Predictor_1 Epoch 8/10:  33%|â–ˆâ–ˆâ–ˆâ–Ž      | 128/390 [00:00<00:01, 210.97it/s]
Predictor_1 Epoch 8/10:  38%|â–ˆâ–ˆâ–ˆâ–Š      | 150/390 [00:00<00:01, 213.50it/s]
Predictor_1 Epoch 8/10:  44%|â–ˆâ–ˆâ–ˆâ–ˆâ–     | 172/390 [00:00<00:01, 212.75it/s]
Predictor_1 Epoch 8/10:  50%|â–ˆâ–ˆâ–ˆâ–ˆâ–‰     | 194/390 [00:00<00:00, 214.96it/s]
Predictor_1 Epoch 8/10:  50%|â–ˆâ–ˆâ–ˆâ–ˆâ–‰     | 194/390 [00:00<00:00, 214.96it/s, acc=97.66%, loss=0.0491]
Predictor_1 Epoch 8/10:  55%|â–ˆâ–ˆâ–ˆâ–ˆâ–ˆâ–Œ    | 216/390 [00:01<00:00, 212.29it/s, acc=97.66%, loss=0.0491]
Predictor_1 Epoch 8/10:  61%|â–ˆâ–ˆâ–ˆâ–ˆâ–ˆâ–ˆâ–   | 239/390 [00:01<00:00, 209.53it/s, acc=97.66%, loss=0.0491]
Predictor_1 Epoch 8/10:  67%|â–ˆâ–ˆâ–ˆâ–ˆâ–ˆâ–ˆâ–‹   | 263/390 [00:01<00:00, 209.66it/s, acc=97.66%, loss=0.0491]
Predictor_1 Epoch 8/10:  74%|â–ˆâ–ˆâ–ˆâ–ˆâ–ˆâ–ˆâ–ˆâ–Ž  | 287/390 [00:01<00:00, 212.29it/s, acc=97.66%, loss=0.0491]
Predictor_1 Epoch 8/10:  80%|â–ˆâ–ˆâ–ˆâ–ˆâ–ˆâ–ˆâ–ˆâ–‰  | 311/390 [00:01<00:00, 213.42it/s, acc=97.66%, loss=0.0491]
Predictor_1 Epoch 8/10:  86%|â–ˆâ–ˆâ–ˆâ–ˆâ–ˆâ–ˆâ–ˆâ–ˆâ–Œ | 335/390 [00:01<00:00, 213.98it/s, acc=97.66%, loss=0.0491]
Predictor_1 Epoch 8/10:  92%|â–ˆâ–ˆâ–ˆâ–ˆâ–ˆâ–ˆâ–ˆâ–ˆâ–ˆâ–| 359/390 [00:01<00:00, 214.25it/s, acc=97.66%, loss=0.0491]
Predictor_1 Epoch 8/10:  98%|â–ˆâ–ˆâ–ˆâ–ˆâ–ˆâ–ˆâ–ˆâ–ˆâ–ˆâ–Š| 383/390 [00:01<00:00, 205.79it/s, acc=97.66%, loss=0.0491]
Predictor_1 Epoch 8/10:  98%|â–ˆâ–ˆâ–ˆâ–ˆâ–ˆâ–ˆâ–ˆâ–ˆâ–ˆâ–Š| 383/390 [00:01<00:00, 205.79it/s, acc=98.44%, loss=0.0501]
                                                                                                   

Predictor_1 Epoch 9/10:   0%|          | 0/390 [00:00<?, ?it/s]
Predictor_1 Epoch 9/10:   4%|â–         | 17/390 [00:00<00:02, 154.85it/s]
Predictor_1 Epoch 9/10:  11%|â–ˆ         | 41/390 [00:00<00:01, 189.31it/s]
Predictor_1 Epoch 9/10:  17%|â–ˆâ–‹        | 65/390 [00:00<00:01, 199.34it/s]
Predictor_1 Epoch 9/10:  23%|â–ˆâ–ˆâ–Ž       | 89/390 [00:00<00:01, 205.96it/s]
Predictor_1 Epoch 9/10:  29%|â–ˆâ–ˆâ–Š       | 112/390 [00:00<00:01, 213.52it/s]
Predictor_1 Epoch 9/10:  34%|â–ˆâ–ˆâ–ˆâ–      | 134/390 [00:00<00:01, 208.28it/s]
Predictor_1 Epoch 9/10:  40%|â–ˆâ–ˆâ–ˆâ–ˆ      | 157/390 [00:00<00:01, 211.31it/s]
Predictor_1 Epoch 9/10:  46%|â–ˆâ–ˆâ–ˆâ–ˆâ–Œ     | 179/390 [00:00<00:00, 211.70it/s]
Predictor_1 Epoch 9/10:  46%|â–ˆâ–ˆâ–ˆâ–ˆâ–Œ     | 179/390 [00:00<00:00, 211.70it/s, acc=98.44%, loss=0.1096]
Predictor_1 Epoch 9/10:  52%|â–ˆâ–ˆâ–ˆâ–ˆâ–ˆâ–    | 201/390 [00:00<00:00, 212.91it/s, acc=98.44%, loss=0.1096]
Predictor_1 Epoch 9/10:  57%|â–ˆâ–ˆâ–ˆâ–ˆâ–ˆâ–‹    | 223/390 [00:01<00:00, 210.74it/s, acc=98.44%, loss=0.1096]
Predictor_1 Epoch 9/10:  63%|â–ˆâ–ˆâ–ˆâ–ˆâ–ˆâ–ˆâ–Ž   | 245/390 [00:01<00:00, 213.44it/s, acc=98.44%, loss=0.1096]
Predictor_1 Epoch 9/10:  68%|â–ˆâ–ˆâ–ˆâ–ˆâ–ˆâ–ˆâ–Š   | 267/390 [00:01<00:00, 209.57it/s, acc=98.44%, loss=0.1096]
Predictor_1 Epoch 9/10:  74%|â–ˆâ–ˆâ–ˆâ–ˆâ–ˆâ–ˆâ–ˆâ–  | 290/390 [00:01<00:00, 207.88it/s, acc=98.44%, loss=0.1096]
Predictor_1 Epoch 9/10:  80%|â–ˆâ–ˆâ–ˆâ–ˆâ–ˆâ–ˆâ–ˆâ–ˆ  | 313/390 [00:01<00:00, 214.13it/s, acc=98.44%, loss=0.1096]
Predictor_1 Epoch 9/10:  86%|â–ˆâ–ˆâ–ˆâ–ˆâ–ˆâ–ˆâ–ˆâ–ˆâ–Œ | 335/390 [00:01<00:00, 210.27it/s, acc=98.44%, loss=0.1096]
Predictor_1 Epoch 9/10:  92%|â–ˆâ–ˆâ–ˆâ–ˆâ–ˆâ–ˆâ–ˆâ–ˆâ–ˆâ–| 357/390 [00:01<00:00, 212.57it/s, acc=98.44%, loss=0.1096]
Predictor_1 Epoch 9/10:  97%|â–ˆâ–ˆâ–ˆâ–ˆâ–ˆâ–ˆâ–ˆâ–ˆâ–ˆâ–‹| 379/390 [00:01<00:00, 209.66it/s, acc=98.44%, loss=0.1096]
Predictor_1 Epoch 9/10:  97%|â–ˆâ–ˆâ–ˆâ–ˆâ–ˆâ–ˆâ–ˆâ–ˆâ–ˆâ–‹| 379/390 [00:01<00:00, 209.66it/s, acc=96.88%, loss=0.1251]
                                                                                                   

Predictor_1 Epoch 10/10:   0%|          | 0/390 [00:00<?, ?it/s]
Predictor_1 Epoch 10/10:   4%|â–         | 16/390 [00:00<00:02, 158.25it/s]
Predictor_1 Epoch 10/10:   9%|â–‰         | 37/390 [00:00<00:02, 175.38it/s]
Predictor_1 Epoch 10/10:  15%|â–ˆâ–        | 58/390 [00:00<00:01, 190.41it/s]
Predictor_1 Epoch 10/10:  20%|â–ˆâ–ˆ        | 79/390 [00:00<00:01, 197.84it/s]
Predictor_1 Epoch 10/10:  26%|â–ˆâ–ˆâ–Œ       | 101/390 [00:00<00:01, 194.73it/s]
Predictor_1 Epoch 10/10:  32%|â–ˆâ–ˆâ–ˆâ–      | 124/390 [00:00<00:01, 205.53it/s]
Predictor_1 Epoch 10/10:  37%|â–ˆâ–ˆâ–ˆâ–‹      | 145/390 [00:00<00:01, 202.25it/s]
Predictor_1 Epoch 10/10:  43%|â–ˆâ–ˆâ–ˆâ–ˆâ–Ž     | 169/390 [00:00<00:01, 206.15it/s]
Predictor_1 Epoch 10/10:  49%|â–ˆâ–ˆâ–ˆâ–ˆâ–‰     | 193/390 [00:00<00:00, 208.63it/s]
Predictor_1 Epoch 10/10:  49%|â–ˆâ–ˆâ–ˆâ–ˆâ–‰     | 193/390 [00:00<00:00, 208.63it/s, acc=99.22%, loss=0.0140]
Predictor_1 Epoch 10/10:  56%|â–ˆâ–ˆâ–ˆâ–ˆâ–ˆâ–Œ    | 217/390 [00:01<00:00, 210.21it/s, acc=99.22%, loss=0.0140]
Predictor_1 Epoch 10/10:  62%|â–ˆâ–ˆâ–ˆâ–ˆâ–ˆâ–ˆâ–   | 241/390 [00:01<00:00, 211.76it/s, acc=99.22%, loss=0.0140]
Predictor_1 Epoch 10/10:  68%|â–ˆâ–ˆâ–ˆâ–ˆâ–ˆâ–ˆâ–Š   | 265/390 [00:01<00:00, 212.45it/s, acc=99.22%, loss=0.0140]
Predictor_1 Epoch 10/10:  74%|â–ˆâ–ˆâ–ˆâ–ˆâ–ˆâ–ˆâ–ˆâ–  | 289/390 [00:01<00:00, 212.81it/s, acc=99.22%, loss=0.0140]
Predictor_1 Epoch 10/10:  80%|â–ˆâ–ˆâ–ˆâ–ˆâ–ˆâ–ˆâ–ˆâ–ˆ  | 313/390 [00:01<00:00, 213.05it/s, acc=99.22%, loss=0.0140]
Predictor_1 Epoch 10/10:  86%|â–ˆâ–ˆâ–ˆâ–ˆâ–ˆâ–ˆâ–ˆâ–ˆâ–‹ | 337/390 [00:01<00:00, 213.42it/s, acc=99.22%, loss=0.0140]
Predictor_1 Epoch 10/10:  93%|â–ˆâ–ˆâ–ˆâ–ˆâ–ˆâ–ˆâ–ˆâ–ˆâ–ˆâ–Ž| 361/390 [00:01<00:00, 213.32it/s, acc=99.22%, loss=0.0140]
Predictor_1 Epoch 10/10:  98%|â–ˆâ–ˆâ–ˆâ–ˆâ–ˆâ–ˆâ–ˆâ–ˆâ–ˆâ–Š| 383/390 [00:01<00:00, 209.26it/s, acc=99.22%, loss=0.0140]
Predictor_1 Epoch 10/10:  98%|â–ˆâ–ˆâ–ˆâ–ˆâ–ˆâ–ˆâ–ˆâ–ˆâ–ˆâ–Š| 383/390 [00:01<00:00, 209.26it/s, acc=98.44%, loss=0.0536]
                                                                                                    

Predictor_2 Epoch 1/10:   0%|          | 0/390 [00:00<?, ?it/s]
Predictor_2 Epoch 1/10:   4%|â–         | 17/390 [00:00<00:02, 155.72it/s]
Predictor_2 Epoch 1/10:  11%|â–ˆ         | 41/390 [00:00<00:01, 190.37it/s]
Predictor_2 Epoch 1/10:  17%|â–ˆâ–‹        | 65/390 [00:00<00:01, 201.58it/s]
Predictor_2 Epoch 1/10:  23%|â–ˆâ–ˆâ–Ž       | 89/390 [00:00<00:01, 206.64it/s]
Predictor_2 Epoch 1/10:  29%|â–ˆâ–ˆâ–‰       | 113/390 [00:00<00:01, 209.16it/s]
Predictor_2 Epoch 1/10:  35%|â–ˆâ–ˆâ–ˆâ–Œ      | 137/390 [00:00<00:01, 211.06it/s]
Predictor_2 Epoch 1/10:  41%|â–ˆâ–ˆâ–ˆâ–ˆâ–     | 161/390 [00:00<00:01, 212.17it/s]
Predictor_2 Epoch 1/10:  47%|â–ˆâ–ˆâ–ˆâ–ˆâ–‹     | 185/390 [00:00<00:00, 212.30it/s]
Predictor_2 Epoch 1/10:  47%|â–ˆâ–ˆâ–ˆâ–ˆâ–‹     | 185/390 [00:00<00:00, 212.30it/s, acc=93.75%, loss=0.1346]
Predictor_2 Epoch 1/10:  54%|â–ˆâ–ˆâ–ˆâ–ˆâ–ˆâ–Ž    | 209/390 [00:01<00:00, 212.72it/s, acc=93.75%, loss=0.1346]
Predictor_2 Epoch 1/10:  60%|â–ˆâ–ˆâ–ˆâ–ˆâ–ˆâ–‰    | 233/390 [00:01<00:00, 212.67it/s, acc=93.75%, loss=0.1346]
Predictor_2 Epoch 1/10:  66%|â–ˆâ–ˆâ–ˆâ–ˆâ–ˆâ–ˆâ–Œ   | 257/390 [00:01<00:00, 213.20it/s, acc=93.75%, loss=0.1346]
Predictor_2 Epoch 1/10:  72%|â–ˆâ–ˆâ–ˆâ–ˆâ–ˆâ–ˆâ–ˆâ–  | 281/390 [00:01<00:00, 213.29it/s, acc=93.75%, loss=0.1346]
Predictor_2 Epoch 1/10:  78%|â–ˆâ–ˆâ–ˆâ–ˆâ–ˆâ–ˆâ–ˆâ–Š  | 305/390 [00:01<00:00, 213.31it/s, acc=93.75%, loss=0.1346]
Predictor_2 Epoch 1/10:  84%|â–ˆâ–ˆâ–ˆâ–ˆâ–ˆâ–ˆâ–ˆâ–ˆâ– | 329/390 [00:01<00:00, 213.39it/s, acc=93.75%, loss=0.1346]
Predictor_2 Epoch 1/10:  91%|â–ˆâ–ˆâ–ˆâ–ˆâ–ˆâ–ˆâ–ˆâ–ˆâ–ˆ | 353/390 [00:01<00:00, 213.66it/s, acc=93.75%, loss=0.1346]
Predictor_2 Epoch 1/10:  97%|â–ˆâ–ˆâ–ˆâ–ˆâ–ˆâ–ˆâ–ˆâ–ˆâ–ˆâ–‹| 377/390 [00:01<00:00, 213.69it/s, acc=93.75%, loss=0.1346]
Predictor_2 Epoch 1/10:  97%|â–ˆâ–ˆâ–ˆâ–ˆâ–ˆâ–ˆâ–ˆâ–ˆâ–ˆâ–‹| 377/390 [00:01<00:00, 213.69it/s, acc=92.19%, loss=0.3124]
                                                                                                   

Predictor_2 Epoch 2/10:   0%|          | 0/390 [00:00<?, ?it/s]
Predictor_2 Epoch 2/10:   4%|â–         | 17/390 [00:00<00:02, 159.95it/s]
Predictor_2 Epoch 2/10:  10%|â–ˆ         | 39/390 [00:00<00:01, 189.36it/s]
Predictor_2 Epoch 2/10:  16%|â–ˆâ–Œ        | 61/390 [00:00<00:01, 201.48it/s]
Predictor_2 Epoch 2/10:  21%|â–ˆâ–ˆâ–       | 83/390 [00:00<00:01, 202.42it/s]
Predictor_2 Epoch 2/10:  27%|â–ˆâ–ˆâ–‹       | 106/390 [00:00<00:01, 211.86it/s]
Predictor_2 Epoch 2/10:  33%|â–ˆâ–ˆâ–ˆâ–Ž      | 128/390 [00:00<00:01, 206.83it/s]
Predictor_2 Epoch 2/10:  38%|â–ˆâ–ˆâ–ˆâ–Š      | 150/390 [00:00<00:01, 210.79it/s]
Predictor_2 Epoch 2/10:  44%|â–ˆâ–ˆâ–ˆâ–ˆâ–     | 172/390 [00:00<00:01, 207.08it/s]
Predictor_2 Epoch 2/10:  50%|â–ˆâ–ˆâ–ˆâ–ˆâ–ˆ     | 195/390 [00:00<00:00, 206.10it/s]
Predictor_2 Epoch 2/10:  50%|â–ˆâ–ˆâ–ˆâ–ˆâ–ˆ     | 195/390 [00:00<00:00, 206.10it/s, acc=93.75%, loss=0.1194]
Predictor_2 Epoch 2/10:  56%|â–ˆâ–ˆâ–ˆâ–ˆâ–ˆâ–Œ    | 217/390 [00:01<00:00, 209.83it/s, acc=93.75%, loss=0.1194]
Predictor_2 Epoch 2/10:  61%|â–ˆâ–ˆâ–ˆâ–ˆâ–ˆâ–ˆâ–   | 239/390 [00:01<00:00, 206.52it/s, acc=93.75%, loss=0.1194]
Predictor_2 Epoch 2/10:  67%|â–ˆâ–ˆâ–ˆâ–ˆâ–ˆâ–ˆâ–‹   | 262/390 [00:01<00:00, 212.23it/s, acc=93.75%, loss=0.1194]
Predictor_2 Epoch 2/10:  73%|â–ˆâ–ˆâ–ˆâ–ˆâ–ˆâ–ˆâ–ˆâ–Ž  | 284/390 [00:01<00:00, 207.91it/s, acc=93.75%, loss=0.1194]
Predictor_2 Epoch 2/10:  78%|â–ˆâ–ˆâ–ˆâ–ˆâ–ˆâ–ˆâ–ˆâ–Š  | 306/390 [00:01<00:00, 211.27it/s, acc=93.75%, loss=0.1194]
Predictor_2 Epoch 2/10:  84%|â–ˆâ–ˆâ–ˆâ–ˆâ–ˆâ–ˆâ–ˆâ–ˆâ– | 328/390 [00:01<00:00, 207.03it/s, acc=93.75%, loss=0.1194]
Predictor_2 Epoch 2/10:  90%|â–ˆâ–ˆâ–ˆâ–ˆâ–ˆâ–ˆâ–ˆâ–ˆâ–‰ | 350/390 [00:01<00:00, 210.57it/s, acc=93.75%, loss=0.1194]
Predictor_2 Epoch 2/10:  95%|â–ˆâ–ˆâ–ˆâ–ˆâ–ˆâ–ˆâ–ˆâ–ˆâ–ˆâ–Œ| 372/390 [00:01<00:00, 206.35it/s, acc=93.75%, loss=0.1194]
Predictor_2 Epoch 2/10:  95%|â–ˆâ–ˆâ–ˆâ–ˆâ–ˆâ–ˆâ–ˆâ–ˆâ–ˆâ–Œ| 372/390 [00:01<00:00, 206.35it/s, acc=96.88%, loss=0.0898]
                                                                                                   

Predictor_2 Epoch 3/10:   0%|          | 0/390 [00:00<?, ?it/s]
Predictor_2 Epoch 3/10:   4%|â–         | 17/390 [00:00<00:02, 155.90it/s]
Predictor_2 Epoch 3/10:  10%|â–ˆ         | 40/390 [00:00<00:01, 197.39it/s]
Predictor_2 Epoch 3/10:  16%|â–ˆâ–Œ        | 61/390 [00:00<00:01, 201.32it/s]
Predictor_2 Epoch 3/10:  21%|â–ˆâ–ˆâ–       | 83/390 [00:00<00:01, 198.68it/s]
Predictor_2 Epoch 3/10:  27%|â–ˆâ–ˆâ–‹       | 104/390 [00:00<00:01, 202.43it/s]
Predictor_2 Epoch 3/10:  32%|â–ˆâ–ˆâ–ˆâ–      | 125/390 [00:00<00:01, 204.80it/s]
Predictor_2 Epoch 3/10:  38%|â–ˆâ–ˆâ–ˆâ–Š      | 147/390 [00:00<00:01, 200.80it/s]
Predictor_2 Epoch 3/10:  44%|â–ˆâ–ˆâ–ˆâ–ˆâ–Ž     | 170/390 [00:00<00:01, 209.00it/s]
Predictor_2 Epoch 3/10:  49%|â–ˆâ–ˆâ–ˆâ–ˆâ–‰     | 191/390 [00:00<00:00, 203.77it/s]
Predictor_2 Epoch 3/10:  49%|â–ˆâ–ˆâ–ˆâ–ˆâ–‰     | 191/390 [00:00<00:00, 203.77it/s, acc=96.88%, loss=0.1146]
Predictor_2 Epoch 3/10:  55%|â–ˆâ–ˆâ–ˆâ–ˆâ–ˆâ–    | 214/390 [00:01<00:00, 210.76it/s, acc=96.88%, loss=0.1146][codecarbon INFO @ 19:52:42] Energy consumed for RAM : 0.000317 kWh. RAM Power : 38.0 W

Predictor_2 Epoch 3/10:  61%|â–ˆâ–ˆâ–ˆâ–ˆâ–ˆâ–ˆ    | 236/390 [00:01<00:00, 206.87it/s, acc=96.88%, loss=0.1146]
Predictor_2 Epoch 3/10:  66%|â–ˆâ–ˆâ–ˆâ–ˆâ–ˆâ–ˆâ–‹   | 259/390 [00:01<00:00, 205.64it/s, acc=96.88%, loss=0.1146]
Predictor_2 Epoch 3/10:  72%|â–ˆâ–ˆâ–ˆâ–ˆâ–ˆâ–ˆâ–ˆâ–  | 282/390 [00:01<00:00, 211.88it/s, acc=96.88%, loss=0.1146]
Predictor_2 Epoch 3/10:  78%|â–ˆâ–ˆâ–ˆâ–ˆâ–ˆâ–ˆâ–ˆâ–Š  | 304/390 [00:01<00:00, 207.71it/s, acc=96.88%, loss=0.1146]
Predictor_2 Epoch 3/10:  84%|â–ˆâ–ˆâ–ˆâ–ˆâ–ˆâ–ˆâ–ˆâ–ˆâ– | 327/390 [00:01<00:00, 206.26it/s, acc=96.88%, loss=0.1146][codecarbon INFO @ 19:52:42] Delta energy consumed for CPU with cpu_load : 0.000181 kWh, power : 45.0 W
[codecarbon INFO @ 19:52:42] Energy consumed for All CPU : 0.000375 kWh
[codecarbon INFO @ 19:52:42] Energy consumed for all GPUs : 0.000525 kWh. Total GPU Power : 62.45673064994367 W
[codecarbon INFO @ 19:52:42] 0.001217 kWh of electricity used since the beginning.

Predictor_2 Epoch 3/10:  90%|â–ˆâ–ˆâ–ˆâ–ˆâ–ˆâ–ˆâ–ˆâ–ˆâ–‰ | 350/390 [00:01<00:00, 212.76it/s, acc=96.88%, loss=0.1146]
Predictor_2 Epoch 3/10:  95%|â–ˆâ–ˆâ–ˆâ–ˆâ–ˆâ–ˆâ–ˆâ–ˆâ–ˆâ–Œ| 372/390 [00:01<00:00, 207.92it/s, acc=96.88%, loss=0.1146]
Predictor_2 Epoch 3/10:  95%|â–ˆâ–ˆâ–ˆâ–ˆâ–ˆâ–ˆâ–ˆâ–ˆâ–ˆâ–Œ| 372/390 [00:01<00:00, 207.92it/s, acc=99.22%, loss=0.0209]
                                                                                                   

Predictor_2 Epoch 4/10:   0%|          | 0/390 [00:00<?, ?it/s]
Predictor_2 Epoch 4/10:   4%|â–         | 17/390 [00:00<00:02, 161.20it/s]
Predictor_2 Epoch 4/10:  10%|â–ˆ         | 39/390 [00:00<00:01, 194.25it/s]
Predictor_2 Epoch 4/10:  16%|â–ˆâ–Œ        | 61/390 [00:00<00:01, 199.72it/s]
Predictor_2 Epoch 4/10:  21%|â–ˆâ–ˆâ–       | 83/390 [00:00<00:01, 204.67it/s]
Predictor_2 Epoch 4/10:  27%|â–ˆâ–ˆâ–‹       | 105/390 [00:00<00:01, 207.26it/s]
Predictor_2 Epoch 4/10:  33%|â–ˆâ–ˆâ–ˆâ–Ž      | 127/390 [00:00<00:01, 207.07it/s]
Predictor_2 Epoch 4/10:  38%|â–ˆâ–ˆâ–ˆâ–Š      | 149/390 [00:00<00:01, 210.38it/s]
Predictor_2 Epoch 4/10:  44%|â–ˆâ–ˆâ–ˆâ–ˆâ–     | 171/390 [00:00<00:01, 207.69it/s]
Predictor_2 Epoch 4/10:  50%|â–ˆâ–ˆâ–ˆâ–ˆâ–‰     | 194/390 [00:00<00:00, 213.86it/s]
Predictor_2 Epoch 4/10:  50%|â–ˆâ–ˆâ–ˆâ–ˆâ–‰     | 194/390 [00:00<00:00, 213.86it/s, acc=98.44%, loss=0.0560]
Predictor_2 Epoch 4/10:  55%|â–ˆâ–ˆâ–ˆâ–ˆâ–ˆâ–Œ    | 216/390 [00:01<00:00, 208.43it/s, acc=98.44%, loss=0.0560]
Predictor_2 Epoch 4/10:  61%|â–ˆâ–ˆâ–ˆâ–ˆâ–ˆâ–ˆâ–   | 239/390 [00:01<00:00, 207.05it/s, acc=98.44%, loss=0.0560]
Predictor_2 Epoch 4/10:  67%|â–ˆâ–ˆâ–ˆâ–ˆâ–ˆâ–ˆâ–‹   | 262/390 [00:01<00:00, 213.50it/s, acc=98.44%, loss=0.0560]
Predictor_2 Epoch 4/10:  73%|â–ˆâ–ˆâ–ˆâ–ˆâ–ˆâ–ˆâ–ˆâ–Ž  | 284/390 [00:01<00:00, 208.52it/s, acc=98.44%, loss=0.0560]
Predictor_2 Epoch 4/10:  79%|â–ˆâ–ˆâ–ˆâ–ˆâ–ˆâ–ˆâ–ˆâ–Š  | 307/390 [00:01<00:00, 206.75it/s, acc=98.44%, loss=0.0560]
Predictor_2 Epoch 4/10:  85%|â–ˆâ–ˆâ–ˆâ–ˆâ–ˆâ–ˆâ–ˆâ–ˆâ– | 330/390 [00:01<00:00, 213.09it/s, acc=98.44%, loss=0.0560]
Predictor_2 Epoch 4/10:  90%|â–ˆâ–ˆâ–ˆâ–ˆâ–ˆâ–ˆâ–ˆâ–ˆâ–ˆ | 352/390 [00:01<00:00, 207.87it/s, acc=98.44%, loss=0.0560]
Predictor_2 Epoch 4/10:  96%|â–ˆâ–ˆâ–ˆâ–ˆâ–ˆâ–ˆâ–ˆâ–ˆâ–ˆâ–Œ| 375/390 [00:01<00:00, 206.87it/s, acc=98.44%, loss=0.0560]
Predictor_2 Epoch 4/10:  96%|â–ˆâ–ˆâ–ˆâ–ˆâ–ˆâ–ˆâ–ˆâ–ˆâ–ˆâ–Œ| 375/390 [00:01<00:00, 206.87it/s, acc=97.66%, loss=0.0756]
                                                                                                   

Predictor_2 Epoch 5/10:   0%|          | 0/390 [00:00<?, ?it/s]
Predictor_2 Epoch 5/10:   4%|â–         | 17/390 [00:00<00:02, 151.35it/s]
Predictor_2 Epoch 5/10:  11%|â–ˆ         | 41/390 [00:00<00:01, 189.66it/s]
Predictor_2 Epoch 5/10:  16%|â–ˆâ–‹        | 64/390 [00:00<00:01, 205.82it/s]
Predictor_2 Epoch 5/10:  22%|â–ˆâ–ˆâ–       | 85/390 [00:00<00:01, 204.41it/s]
Predictor_2 Epoch 5/10:  27%|â–ˆâ–ˆâ–‹       | 107/390 [00:00<00:01, 205.47it/s]
Predictor_2 Epoch 5/10:  33%|â–ˆâ–ˆâ–ˆâ–Ž      | 129/390 [00:00<00:01, 209.85it/s]
Predictor_2 Epoch 5/10:  39%|â–ˆâ–ˆâ–ˆâ–Š      | 151/390 [00:00<00:01, 206.03it/s]
Predictor_2 Epoch 5/10:  45%|â–ˆâ–ˆâ–ˆâ–ˆâ–     | 174/390 [00:00<00:01, 213.11it/s]
Predictor_2 Epoch 5/10:  50%|â–ˆâ–ˆâ–ˆâ–ˆâ–ˆ     | 196/390 [00:00<00:00, 207.29it/s]
Predictor_2 Epoch 5/10:  50%|â–ˆâ–ˆâ–ˆâ–ˆâ–ˆ     | 196/390 [00:00<00:00, 207.29it/s, acc=96.88%, loss=0.0943]
Predictor_2 Epoch 5/10:  56%|â–ˆâ–ˆâ–ˆâ–ˆâ–ˆâ–Œ    | 219/390 [00:01<00:00, 205.71it/s, acc=96.88%, loss=0.0943]
Predictor_2 Epoch 5/10:  62%|â–ˆâ–ˆâ–ˆâ–ˆâ–ˆâ–ˆâ–   | 242/390 [00:01<00:00, 212.29it/s, acc=96.88%, loss=0.0943]
Predictor_2 Epoch 5/10:  68%|â–ˆâ–ˆâ–ˆâ–ˆâ–ˆâ–ˆâ–Š   | 264/390 [00:01<00:00, 207.38it/s, acc=96.88%, loss=0.0943]
Predictor_2 Epoch 5/10:  74%|â–ˆâ–ˆâ–ˆâ–ˆâ–ˆâ–ˆâ–ˆâ–Ž  | 287/390 [00:01<00:00, 206.47it/s, acc=96.88%, loss=0.0943]
Predictor_2 Epoch 5/10:  79%|â–ˆâ–ˆâ–ˆâ–ˆâ–ˆâ–ˆâ–ˆâ–‰  | 310/390 [00:01<00:00, 212.89it/s, acc=96.88%, loss=0.0943]
Predictor_2 Epoch 5/10:  85%|â–ˆâ–ˆâ–ˆâ–ˆâ–ˆâ–ˆâ–ˆâ–ˆâ–Œ | 332/390 [00:01<00:00, 208.07it/s, acc=96.88%, loss=0.0943]
Predictor_2 Epoch 5/10:  91%|â–ˆâ–ˆâ–ˆâ–ˆâ–ˆâ–ˆâ–ˆâ–ˆâ–ˆ | 355/390 [00:01<00:00, 206.44it/s, acc=96.88%, loss=0.0943]
Predictor_2 Epoch 5/10:  97%|â–ˆâ–ˆâ–ˆâ–ˆâ–ˆâ–ˆâ–ˆâ–ˆâ–ˆâ–‹| 378/390 [00:01<00:00, 212.68it/s, acc=96.88%, loss=0.0943]
Predictor_2 Epoch 5/10:  97%|â–ˆâ–ˆâ–ˆâ–ˆâ–ˆâ–ˆâ–ˆâ–ˆâ–ˆâ–‹| 378/390 [00:01<00:00, 212.68it/s, acc=100.00%, loss=0.0067]
                                                                                                    

Predictor_2 Epoch 6/10:   0%|          | 0/390 [00:00<?, ?it/s]
Predictor_2 Epoch 6/10:   4%|â–         | 17/390 [00:00<00:02, 152.66it/s]
Predictor_2 Epoch 6/10:  11%|â–ˆ         | 41/390 [00:00<00:01, 188.84it/s]
Predictor_2 Epoch 6/10:  17%|â–ˆâ–‹        | 65/390 [00:00<00:01, 200.51it/s]
Predictor_2 Epoch 6/10:  23%|â–ˆâ–ˆâ–Ž       | 89/390 [00:00<00:01, 205.61it/s]
Predictor_2 Epoch 6/10:  29%|â–ˆâ–ˆâ–Š       | 112/390 [00:00<00:01, 213.21it/s]
Predictor_2 Epoch 6/10:  34%|â–ˆâ–ˆâ–ˆâ–      | 134/390 [00:00<00:01, 210.02it/s]
Predictor_2 Epoch 6/10:  40%|â–ˆâ–ˆâ–ˆâ–ˆ      | 156/390 [00:00<00:01, 211.48it/s]
Predictor_2 Epoch 6/10:  46%|â–ˆâ–ˆâ–ˆâ–ˆâ–Œ     | 178/390 [00:00<00:01, 210.90it/s]
Predictor_2 Epoch 6/10:  46%|â–ˆâ–ˆâ–ˆâ–ˆâ–Œ     | 178/390 [00:00<00:01, 210.90it/s, acc=99.22%, loss=0.0177]
Predictor_2 Epoch 6/10:  51%|â–ˆâ–ˆâ–ˆâ–ˆâ–ˆâ–    | 200/390 [00:00<00:00, 208.64it/s, acc=99.22%, loss=0.0177]
Predictor_2 Epoch 6/10:  57%|â–ˆâ–ˆâ–ˆâ–ˆâ–ˆâ–‹    | 222/390 [00:01<00:00, 211.65it/s, acc=99.22%, loss=0.0177]
Predictor_2 Epoch 6/10:  63%|â–ˆâ–ˆâ–ˆâ–ˆâ–ˆâ–ˆâ–Ž   | 244/390 [00:01<00:00, 209.20it/s, acc=99.22%, loss=0.0177]
Predictor_2 Epoch 6/10:  68%|â–ˆâ–ˆâ–ˆâ–ˆâ–ˆâ–ˆâ–Š   | 266/390 [00:01<00:00, 211.90it/s, acc=99.22%, loss=0.0177]
Predictor_2 Epoch 6/10:  74%|â–ˆâ–ˆâ–ˆâ–ˆâ–ˆâ–ˆâ–ˆâ–  | 288/390 [00:01<00:00, 208.07it/s, acc=99.22%, loss=0.0177]
Predictor_2 Epoch 6/10:  80%|â–ˆâ–ˆâ–ˆâ–ˆâ–ˆâ–ˆâ–ˆâ–‰  | 311/390 [00:01<00:00, 206.03it/s, acc=99.22%, loss=0.0177]
Predictor_2 Epoch 6/10:  86%|â–ˆâ–ˆâ–ˆâ–ˆâ–ˆâ–ˆâ–ˆâ–ˆâ–Œ | 334/390 [00:01<00:00, 212.10it/s, acc=99.22%, loss=0.0177]
Predictor_2 Epoch 6/10:  91%|â–ˆâ–ˆâ–ˆâ–ˆâ–ˆâ–ˆâ–ˆâ–ˆâ–ˆâ–| 356/390 [00:01<00:00, 208.57it/s, acc=99.22%, loss=0.0177]
Predictor_2 Epoch 6/10:  97%|â–ˆâ–ˆâ–ˆâ–ˆâ–ˆâ–ˆâ–ˆâ–ˆâ–ˆâ–‹| 379/390 [00:01<00:00, 207.78it/s, acc=99.22%, loss=0.0177]
Predictor_2 Epoch 6/10:  97%|â–ˆâ–ˆâ–ˆâ–ˆâ–ˆâ–ˆâ–ˆâ–ˆâ–ˆâ–‹| 379/390 [00:01<00:00, 207.78it/s, acc=97.66%, loss=0.0469]
                                                                                                   

Predictor_2 Epoch 7/10:   0%|          | 0/390 [00:00<?, ?it/s]
Predictor_2 Epoch 7/10:   4%|â–         | 17/390 [00:00<00:02, 161.43it/s]
Predictor_2 Epoch 7/10:  10%|â–‰         | 38/390 [00:00<00:01, 189.16it/s]
Predictor_2 Epoch 7/10:  16%|â–ˆâ–Œ        | 61/390 [00:00<00:01, 203.51it/s]
Predictor_2 Epoch 7/10:  21%|â–ˆâ–ˆ        | 82/390 [00:00<00:01, 203.13it/s]
Predictor_2 Epoch 7/10:  27%|â–ˆâ–ˆâ–‹       | 105/390 [00:00<00:01, 211.51it/s]
Predictor_2 Epoch 7/10:  33%|â–ˆâ–ˆâ–ˆâ–Ž      | 127/390 [00:00<00:01, 208.18it/s]
Predictor_2 Epoch 7/10:  38%|â–ˆâ–ˆâ–ˆâ–Š      | 150/390 [00:00<00:01, 207.94it/s]
Predictor_2 Epoch 7/10:  44%|â–ˆâ–ˆâ–ˆâ–ˆâ–     | 172/390 [00:00<00:01, 210.78it/s]
Predictor_2 Epoch 7/10:  50%|â–ˆâ–ˆâ–ˆâ–ˆâ–‰     | 194/390 [00:00<00:00, 208.52it/s]
Predictor_2 Epoch 7/10:  50%|â–ˆâ–ˆâ–ˆâ–ˆâ–‰     | 194/390 [00:00<00:00, 208.52it/s, acc=99.22%, loss=0.0194]
Predictor_2 Epoch 7/10:  55%|â–ˆâ–ˆâ–ˆâ–ˆâ–ˆâ–Œ    | 215/390 [00:01<00:00, 207.91it/s, acc=99.22%, loss=0.0194]
Predictor_2 Epoch 7/10:  61%|â–ˆâ–ˆâ–ˆâ–ˆâ–ˆâ–ˆ    | 238/390 [00:01<00:00, 210.40it/s, acc=99.22%, loss=0.0194]
Predictor_2 Epoch 7/10:  67%|â–ˆâ–ˆâ–ˆâ–ˆâ–ˆâ–ˆâ–‹   | 260/390 [00:01<00:00, 210.47it/s, acc=99.22%, loss=0.0194]
Predictor_2 Epoch 7/10:  72%|â–ˆâ–ˆâ–ˆâ–ˆâ–ˆâ–ˆâ–ˆâ–  | 282/390 [00:01<00:00, 211.75it/s, acc=99.22%, loss=0.0194]
Predictor_2 Epoch 7/10:  78%|â–ˆâ–ˆâ–ˆâ–ˆâ–ˆâ–ˆâ–ˆâ–Š  | 304/390 [00:01<00:00, 210.79it/s, acc=99.22%, loss=0.0194]
Predictor_2 Epoch 7/10:  84%|â–ˆâ–ˆâ–ˆâ–ˆâ–ˆâ–ˆâ–ˆâ–ˆâ–Ž | 326/390 [00:01<00:00, 212.49it/s, acc=99.22%, loss=0.0194]
Predictor_2 Epoch 7/10:  89%|â–ˆâ–ˆâ–ˆâ–ˆâ–ˆâ–ˆâ–ˆâ–ˆâ–‰ | 348/390 [00:01<00:00, 211.59it/s, acc=99.22%, loss=0.0194]
Predictor_2 Epoch 7/10:  95%|â–ˆâ–ˆâ–ˆâ–ˆâ–ˆâ–ˆâ–ˆâ–ˆâ–ˆâ–| 370/390 [00:01<00:00, 211.76it/s, acc=99.22%, loss=0.0194]
Predictor_2 Epoch 7/10:  95%|â–ˆâ–ˆâ–ˆâ–ˆâ–ˆâ–ˆâ–ˆâ–ˆâ–ˆâ–| 370/390 [00:01<00:00, 211.76it/s, acc=98.44%, loss=0.0351]
                                                                                                   

Predictor_2 Epoch 8/10:   0%|          | 0/390 [00:00<?, ?it/s]
Predictor_2 Epoch 8/10:   4%|â–         | 17/390 [00:00<00:02, 161.20it/s]
Predictor_2 Epoch 8/10:  10%|â–ˆ         | 39/390 [00:00<00:01, 194.89it/s]
Predictor_2 Epoch 8/10:  16%|â–ˆâ–Œ        | 61/390 [00:00<00:01, 200.22it/s]
Predictor_2 Epoch 8/10:  21%|â–ˆâ–ˆâ–       | 83/390 [00:00<00:01, 204.74it/s]
Predictor_2 Epoch 8/10:  27%|â–ˆâ–ˆâ–‹       | 105/390 [00:00<00:01, 207.66it/s]
Predictor_2 Epoch 8/10:  33%|â–ˆâ–ˆâ–ˆâ–Ž      | 127/390 [00:00<00:01, 207.62it/s]
Predictor_2 Epoch 8/10:  38%|â–ˆâ–ˆâ–ˆâ–Š      | 149/390 [00:00<00:01, 211.24it/s]
Predictor_2 Epoch 8/10:  44%|â–ˆâ–ˆâ–ˆâ–ˆâ–     | 171/390 [00:00<00:01, 209.49it/s]
Predictor_2 Epoch 8/10:  50%|â–ˆâ–ˆâ–ˆâ–ˆâ–‰     | 194/390 [00:00<00:00, 214.78it/s]
Predictor_2 Epoch 8/10:  50%|â–ˆâ–ˆâ–ˆâ–ˆâ–‰     | 194/390 [00:00<00:00, 214.78it/s, acc=98.44%, loss=0.1362]
Predictor_2 Epoch 8/10:  55%|â–ˆâ–ˆâ–ˆâ–ˆâ–ˆâ–Œ    | 216/390 [00:01<00:00, 211.00it/s, acc=98.44%, loss=0.1362]
Predictor_2 Epoch 8/10:  61%|â–ˆâ–ˆâ–ˆâ–ˆâ–ˆâ–ˆâ–   | 239/390 [00:01<00:00, 208.40it/s, acc=98.44%, loss=0.1362]
Predictor_2 Epoch 8/10:  67%|â–ˆâ–ˆâ–ˆâ–ˆâ–ˆâ–ˆâ–‹   | 262/390 [00:01<00:00, 213.91it/s, acc=98.44%, loss=0.1362]
Predictor_2 Epoch 8/10:  73%|â–ˆâ–ˆâ–ˆâ–ˆâ–ˆâ–ˆâ–ˆâ–Ž  | 284/390 [00:01<00:00, 207.89it/s, acc=98.44%, loss=0.1362]
Predictor_2 Epoch 8/10:  79%|â–ˆâ–ˆâ–ˆâ–ˆâ–ˆâ–ˆâ–ˆâ–Š  | 307/390 [00:01<00:00, 206.52it/s, acc=98.44%, loss=0.1362]
Predictor_2 Epoch 8/10:  85%|â–ˆâ–ˆâ–ˆâ–ˆâ–ˆâ–ˆâ–ˆâ–ˆâ– | 330/390 [00:01<00:00, 212.35it/s, acc=98.44%, loss=0.1362]
Predictor_2 Epoch 8/10:  90%|â–ˆâ–ˆâ–ˆâ–ˆâ–ˆâ–ˆâ–ˆâ–ˆâ–ˆ | 352/390 [00:01<00:00, 207.72it/s, acc=98.44%, loss=0.1362]
Predictor_2 Epoch 8/10:  96%|â–ˆâ–ˆâ–ˆâ–ˆâ–ˆâ–ˆâ–ˆâ–ˆâ–ˆâ–Œ| 375/390 [00:01<00:00, 206.42it/s, acc=98.44%, loss=0.1362]
Predictor_2 Epoch 8/10:  96%|â–ˆâ–ˆâ–ˆâ–ˆâ–ˆâ–ˆâ–ˆâ–ˆâ–ˆâ–Œ| 375/390 [00:01<00:00, 206.42it/s, acc=96.88%, loss=0.1251]
                                                                                                   

Predictor_2 Epoch 9/10:   0%|          | 0/390 [00:00<?, ?it/s]
Predictor_2 Epoch 9/10:   4%|â–         | 17/390 [00:00<00:02, 160.53it/s]
Predictor_2 Epoch 9/10:  11%|â–ˆ         | 41/390 [00:00<00:01, 193.81it/s]
Predictor_2 Epoch 9/10:  16%|â–ˆâ–‹        | 64/390 [00:00<00:01, 208.60it/s]
Predictor_2 Epoch 9/10:  22%|â–ˆâ–ˆâ–       | 85/390 [00:00<00:01, 205.20it/s]
Predictor_2 Epoch 9/10:  27%|â–ˆâ–ˆâ–‹       | 107/390 [00:00<00:01, 209.65it/s]
Predictor_2 Epoch 9/10:  33%|â–ˆâ–ˆâ–ˆâ–Ž      | 129/390 [00:00<00:01, 209.39it/s]
Predictor_2 Epoch 9/10:  39%|â–ˆâ–ˆâ–ˆâ–Š      | 151/390 [00:00<00:01, 208.61it/s]
Predictor_2 Epoch 9/10:  45%|â–ˆâ–ˆâ–ˆâ–ˆâ–     | 174/390 [00:00<00:01, 214.42it/s]
Predictor_2 Epoch 9/10:  50%|â–ˆâ–ˆâ–ˆâ–ˆâ–ˆ     | 196/390 [00:00<00:00, 208.72it/s]
Predictor_2 Epoch 9/10:  50%|â–ˆâ–ˆâ–ˆâ–ˆâ–ˆ     | 196/390 [00:00<00:00, 208.72it/s, acc=100.00%, loss=0.0136]
Predictor_2 Epoch 9/10:  56%|â–ˆâ–ˆâ–ˆâ–ˆâ–ˆâ–Œ    | 219/390 [00:01<00:00, 206.57it/s, acc=100.00%, loss=0.0136]
Predictor_2 Epoch 9/10:  62%|â–ˆâ–ˆâ–ˆâ–ˆâ–ˆâ–ˆâ–   | 243/390 [00:01<00:00, 208.33it/s, acc=100.00%, loss=0.0136]
Predictor_2 Epoch 9/10:  68%|â–ˆâ–ˆâ–ˆâ–ˆâ–ˆâ–ˆâ–Š   | 266/390 [00:01<00:00, 214.28it/s, acc=100.00%, loss=0.0136]
Predictor_2 Epoch 9/10:  74%|â–ˆâ–ˆâ–ˆâ–ˆâ–ˆâ–ˆâ–ˆâ–  | 288/390 [00:01<00:00, 208.97it/s, acc=100.00%, loss=0.0136]
Predictor_2 Epoch 9/10:  80%|â–ˆâ–ˆâ–ˆâ–ˆâ–ˆâ–ˆâ–ˆâ–‰  | 311/390 [00:01<00:00, 207.85it/s, acc=100.00%, loss=0.0136]
Predictor_2 Epoch 9/10:  86%|â–ˆâ–ˆâ–ˆâ–ˆâ–ˆâ–ˆâ–ˆâ–ˆâ–Œ | 335/390 [00:01<00:00, 208.39it/s, acc=100.00%, loss=0.0136]
Predictor_2 Epoch 9/10:  92%|â–ˆâ–ˆâ–ˆâ–ˆâ–ˆâ–ˆâ–ˆâ–ˆâ–ˆâ–| 359/390 [00:01<00:00, 209.26it/s, acc=100.00%, loss=0.0136]
Predictor_2 Epoch 9/10:  98%|â–ˆâ–ˆâ–ˆâ–ˆâ–ˆâ–ˆâ–ˆâ–ˆâ–ˆâ–Š| 382/390 [00:01<00:00, 214.43it/s, acc=100.00%, loss=0.0136]
Predictor_2 Epoch 9/10:  98%|â–ˆâ–ˆâ–ˆâ–ˆâ–ˆâ–ˆâ–ˆâ–ˆâ–ˆâ–Š| 382/390 [00:01<00:00, 214.43it/s, acc=98.44%, loss=0.0375] 
                                                                                                   

Predictor_2 Epoch 10/10:   0%|          | 0/390 [00:00<?, ?it/s]
Predictor_2 Epoch 10/10:   4%|â–         | 17/390 [00:00<00:02, 155.78it/s]
Predictor_2 Epoch 10/10:  11%|â–ˆ         | 41/390 [00:00<00:01, 191.85it/s]
Predictor_2 Epoch 10/10:  16%|â–ˆâ–Œ        | 63/390 [00:00<00:01, 196.99it/s][codecarbon INFO @ 19:52:57] Energy consumed for RAM : 0.000470 kWh. RAM Power : 38.0 W

Predictor_2 Epoch 10/10:  21%|â–ˆâ–ˆâ–       | 83/390 [00:00<00:01, 197.46it/s]
Predictor_2 Epoch 10/10:  27%|â–ˆâ–ˆâ–‹       | 105/390 [00:00<00:01, 204.94it/s]
Predictor_2 Epoch 10/10:  33%|â–ˆâ–ˆâ–ˆâ–Ž      | 127/390 [00:00<00:01, 200.16it/s]
Predictor_2 Epoch 10/10:  38%|â–ˆâ–ˆâ–ˆâ–Š      | 149/390 [00:00<00:01, 205.44it/s][codecarbon INFO @ 19:52:57] Delta energy consumed for CPU with cpu_load : 0.000181 kWh, power : 45.0 W
[codecarbon INFO @ 19:52:57] Energy consumed for All CPU : 0.000556 kWh
[codecarbon INFO @ 19:52:57] Energy consumed for all GPUs : 0.000791 kWh. Total GPU Power : 63.73106642994349 W
[codecarbon INFO @ 19:52:57] 0.001817 kWh of electricity used since the beginning.

Predictor_2 Epoch 10/10:  44%|â–ˆâ–ˆâ–ˆâ–ˆâ–     | 171/390 [00:00<00:01, 200.49it/s]
Predictor_2 Epoch 10/10:  49%|â–ˆâ–ˆâ–ˆâ–ˆâ–‰     | 193/390 [00:00<00:00, 205.19it/s]
Predictor_2 Epoch 10/10:  49%|â–ˆâ–ˆâ–ˆâ–ˆâ–‰     | 193/390 [00:01<00:00, 205.19it/s, acc=96.88%, loss=0.1687]
Predictor_2 Epoch 10/10:  55%|â–ˆâ–ˆâ–ˆâ–ˆâ–ˆâ–Œ    | 215/390 [00:01<00:00, 201.09it/s, acc=96.88%, loss=0.1687]
Predictor_2 Epoch 10/10:  61%|â–ˆâ–ˆâ–ˆâ–ˆâ–ˆâ–ˆ    | 236/390 [00:01<00:00, 201.87it/s, acc=96.88%, loss=0.1687]
Predictor_2 Epoch 10/10:  66%|â–ˆâ–ˆâ–ˆâ–ˆâ–ˆâ–ˆâ–‹   | 259/390 [00:01<00:00, 202.75it/s, acc=96.88%, loss=0.1687]
Predictor_2 Epoch 10/10:  72%|â–ˆâ–ˆâ–ˆâ–ˆâ–ˆâ–ˆâ–ˆâ–  | 281/390 [00:01<00:00, 206.97it/s, acc=96.88%, loss=0.1687]
Predictor_2 Epoch 10/10:  78%|â–ˆâ–ˆâ–ˆâ–ˆâ–ˆâ–ˆâ–ˆâ–Š  | 303/390 [00:01<00:00, 203.64it/s, acc=96.88%, loss=0.1687]
Predictor_2 Epoch 10/10:  84%|â–ˆâ–ˆâ–ˆâ–ˆâ–ˆâ–ˆâ–ˆâ–ˆâ–Ž | 326/390 [00:01<00:00, 210.52it/s, acc=96.88%, loss=0.1687]
Predictor_2 Epoch 10/10:  89%|â–ˆâ–ˆâ–ˆâ–ˆâ–ˆâ–ˆâ–ˆâ–ˆâ–‰ | 348/390 [00:01<00:00, 206.35it/s, acc=96.88%, loss=0.1687]
Predictor_2 Epoch 10/10:  95%|â–ˆâ–ˆâ–ˆâ–ˆâ–ˆâ–ˆâ–ˆâ–ˆâ–ˆâ–Œ| 371/390 [00:01<00:00, 205.19it/s, acc=96.88%, loss=0.1687]
Predictor_2 Epoch 10/10:  95%|â–ˆâ–ˆâ–ˆâ–ˆâ–ˆâ–ˆâ–ˆâ–ˆâ–ˆâ–Œ| 371/390 [00:01<00:00, 205.19it/s, acc=97.66%, loss=0.0545]
                                                                                                    

Predictor_3 Epoch 1/10:   0%|          | 0/390 [00:00<?, ?it/s]
Predictor_3 Epoch 1/10:   4%|â–         | 17/390 [00:00<00:02, 153.38it/s]
Predictor_3 Epoch 1/10:  11%|â–ˆ         | 41/390 [00:00<00:01, 188.64it/s]
Predictor_3 Epoch 1/10:  16%|â–ˆâ–‹        | 64/390 [00:00<00:01, 205.24it/s]
Predictor_3 Epoch 1/10:  22%|â–ˆâ–ˆâ–       | 85/390 [00:00<00:01, 201.80it/s]
Predictor_3 Epoch 1/10:  27%|â–ˆâ–ˆâ–‹       | 107/390 [00:00<00:01, 205.38it/s]
Predictor_3 Epoch 1/10:  33%|â–ˆâ–ˆâ–ˆâ–Ž      | 129/390 [00:00<00:01, 207.48it/s]
Predictor_3 Epoch 1/10:  39%|â–ˆâ–ˆâ–ˆâ–Š      | 151/390 [00:00<00:01, 206.68it/s]
Predictor_3 Epoch 1/10:  44%|â–ˆâ–ˆâ–ˆâ–ˆâ–     | 173/390 [00:00<00:01, 210.51it/s]
Predictor_3 Epoch 1/10:  50%|â–ˆâ–ˆâ–ˆâ–ˆâ–ˆ     | 195/390 [00:00<00:00, 207.48it/s]
Predictor_3 Epoch 1/10:  50%|â–ˆâ–ˆâ–ˆâ–ˆâ–ˆ     | 195/390 [00:00<00:00, 207.48it/s, acc=95.31%, loss=0.1332]
Predictor_3 Epoch 1/10:  56%|â–ˆâ–ˆâ–ˆâ–ˆâ–ˆâ–Œ    | 218/390 [00:01<00:00, 213.57it/s, acc=95.31%, loss=0.1332]
Predictor_3 Epoch 1/10:  62%|â–ˆâ–ˆâ–ˆâ–ˆâ–ˆâ–ˆâ–   | 240/390 [00:01<00:00, 208.95it/s, acc=95.31%, loss=0.1332]
Predictor_3 Epoch 1/10:  67%|â–ˆâ–ˆâ–ˆâ–ˆâ–ˆâ–ˆâ–‹   | 263/390 [00:01<00:00, 207.23it/s, acc=95.31%, loss=0.1332]
Predictor_3 Epoch 1/10:  73%|â–ˆâ–ˆâ–ˆâ–ˆâ–ˆâ–ˆâ–ˆâ–Ž  | 285/390 [00:01<00:00, 210.24it/s, acc=95.31%, loss=0.1332]
Predictor_3 Epoch 1/10:  79%|â–ˆâ–ˆâ–ˆâ–ˆâ–ˆâ–ˆâ–ˆâ–Š  | 307/390 [00:01<00:00, 205.85it/s, acc=95.31%, loss=0.1332]
Predictor_3 Epoch 1/10:  85%|â–ˆâ–ˆâ–ˆâ–ˆâ–ˆâ–ˆâ–ˆâ–ˆâ– | 330/390 [00:01<00:00, 211.50it/s, acc=95.31%, loss=0.1332]
Predictor_3 Epoch 1/10:  90%|â–ˆâ–ˆâ–ˆâ–ˆâ–ˆâ–ˆâ–ˆâ–ˆâ–ˆ | 352/390 [00:01<00:00, 207.08it/s, acc=95.31%, loss=0.1332]
Predictor_3 Epoch 1/10:  96%|â–ˆâ–ˆâ–ˆâ–ˆâ–ˆâ–ˆâ–ˆâ–ˆâ–ˆâ–Œ| 375/390 [00:01<00:00, 205.95it/s, acc=95.31%, loss=0.1332]
Predictor_3 Epoch 1/10:  96%|â–ˆâ–ˆâ–ˆâ–ˆâ–ˆâ–ˆâ–ˆâ–ˆâ–ˆâ–Œ| 375/390 [00:01<00:00, 205.95it/s, acc=97.66%, loss=0.1200]
                                                                                                   

Predictor_3 Epoch 2/10:   0%|          | 0/390 [00:00<?, ?it/s]
Predictor_3 Epoch 2/10:   4%|â–         | 17/390 [00:00<00:02, 163.01it/s]
Predictor_3 Epoch 2/10:  10%|â–ˆ         | 39/390 [00:00<00:01, 195.90it/s]
Predictor_3 Epoch 2/10:  16%|â–ˆâ–Œ        | 61/390 [00:00<00:01, 203.08it/s]
Predictor_3 Epoch 2/10:  21%|â–ˆâ–ˆâ–       | 83/390 [00:00<00:01, 209.62it/s]
Predictor_3 Epoch 2/10:  27%|â–ˆâ–ˆâ–‹       | 105/390 [00:00<00:01, 210.09it/s]
Predictor_3 Epoch 2/10:  33%|â–ˆâ–ˆâ–ˆâ–Ž      | 127/390 [00:00<00:01, 211.44it/s]
Predictor_3 Epoch 2/10:  38%|â–ˆâ–ˆâ–ˆâ–Š      | 149/390 [00:00<00:01, 213.22it/s]
Predictor_3 Epoch 2/10:  44%|â–ˆâ–ˆâ–ˆâ–ˆâ–     | 171/390 [00:00<00:01, 208.90it/s]
Predictor_3 Epoch 2/10:  50%|â–ˆâ–ˆâ–ˆâ–ˆâ–‰     | 194/390 [00:00<00:00, 214.12it/s]
Predictor_3 Epoch 2/10:  50%|â–ˆâ–ˆâ–ˆâ–ˆâ–‰     | 194/390 [00:00<00:00, 214.12it/s, acc=94.53%, loss=0.1159]
Predictor_3 Epoch 2/10:  55%|â–ˆâ–ˆâ–ˆâ–ˆâ–ˆâ–Œ    | 216/390 [00:01<00:00, 210.40it/s, acc=94.53%, loss=0.1159]
Predictor_3 Epoch 2/10:  61%|â–ˆâ–ˆâ–ˆâ–ˆâ–ˆâ–ˆâ–   | 239/390 [00:01<00:00, 208.42it/s, acc=94.53%, loss=0.1159]
Predictor_3 Epoch 2/10:  67%|â–ˆâ–ˆâ–ˆâ–ˆâ–ˆâ–ˆâ–‹   | 262/390 [00:01<00:00, 214.61it/s, acc=94.53%, loss=0.1159]
Predictor_3 Epoch 2/10:  73%|â–ˆâ–ˆâ–ˆâ–ˆâ–ˆâ–ˆâ–ˆâ–Ž  | 284/390 [00:01<00:00, 209.51it/s, acc=94.53%, loss=0.1159]
Predictor_3 Epoch 2/10:  79%|â–ˆâ–ˆâ–ˆâ–ˆâ–ˆâ–ˆâ–ˆâ–Š  | 307/390 [00:01<00:00, 207.91it/s, acc=94.53%, loss=0.1159]
Predictor_3 Epoch 2/10:  85%|â–ˆâ–ˆâ–ˆâ–ˆâ–ˆâ–ˆâ–ˆâ–ˆâ– | 330/390 [00:01<00:00, 213.81it/s, acc=94.53%, loss=0.1159]
Predictor_3 Epoch 2/10:  90%|â–ˆâ–ˆâ–ˆâ–ˆâ–ˆâ–ˆâ–ˆâ–ˆâ–ˆ | 352/390 [00:01<00:00, 209.52it/s, acc=94.53%, loss=0.1159]
Predictor_3 Epoch 2/10:  96%|â–ˆâ–ˆâ–ˆâ–ˆâ–ˆâ–ˆâ–ˆâ–ˆâ–ˆâ–Œ| 375/390 [00:01<00:00, 207.56it/s, acc=94.53%, loss=0.1159]
Predictor_3 Epoch 2/10:  96%|â–ˆâ–ˆâ–ˆâ–ˆâ–ˆâ–ˆâ–ˆâ–ˆâ–ˆâ–Œ| 375/390 [00:01<00:00, 207.56it/s, acc=99.22%, loss=0.0367]
                                                                                                   

Predictor_3 Epoch 3/10:   0%|          | 0/390 [00:00<?, ?it/s]
Predictor_3 Epoch 3/10:   4%|â–         | 17/390 [00:00<00:02, 160.96it/s]
Predictor_3 Epoch 3/10:  10%|â–‰         | 38/390 [00:00<00:01, 184.88it/s]
Predictor_3 Epoch 3/10:  15%|â–ˆâ–        | 58/390 [00:00<00:01, 190.62it/s]
Predictor_3 Epoch 3/10:  20%|â–ˆâ–ˆ        | 78/390 [00:00<00:01, 191.90it/s]
Predictor_3 Epoch 3/10:  25%|â–ˆâ–ˆâ–Œ       | 98/390 [00:00<00:01, 193.75it/s]
Predictor_3 Epoch 3/10:  31%|â–ˆâ–ˆâ–ˆ       | 119/390 [00:00<00:01, 197.56it/s]
Predictor_3 Epoch 3/10:  36%|â–ˆâ–ˆâ–ˆâ–Œ      | 140/390 [00:00<00:01, 200.25it/s]
Predictor_3 Epoch 3/10:  42%|â–ˆâ–ˆâ–ˆâ–ˆâ–     | 162/390 [00:00<00:01, 199.16it/s]
Predictor_3 Epoch 3/10:  47%|â–ˆâ–ˆâ–ˆâ–ˆâ–‹     | 183/390 [00:00<00:01, 202.00it/s]
Predictor_3 Epoch 3/10:  47%|â–ˆâ–ˆâ–ˆâ–ˆâ–‹     | 183/390 [00:01<00:01, 202.00it/s, acc=98.44%, loss=0.0619]
Predictor_3 Epoch 3/10:  52%|â–ˆâ–ˆâ–ˆâ–ˆâ–ˆâ–    | 204/390 [00:01<00:00, 203.34it/s, acc=98.44%, loss=0.0619]
Predictor_3 Epoch 3/10:  58%|â–ˆâ–ˆâ–ˆâ–ˆâ–ˆâ–Š    | 226/390 [00:01<00:00, 200.14it/s, acc=98.44%, loss=0.0619]
Predictor_3 Epoch 3/10:  63%|â–ˆâ–ˆâ–ˆâ–ˆâ–ˆâ–ˆâ–Ž   | 247/390 [00:01<00:00, 202.74it/s, acc=98.44%, loss=0.0619]
Predictor_3 Epoch 3/10:  69%|â–ˆâ–ˆâ–ˆâ–ˆâ–ˆâ–ˆâ–Š   | 268/390 [00:01<00:00, 204.26it/s, acc=98.44%, loss=0.0619]
Predictor_3 Epoch 3/10:  74%|â–ˆâ–ˆâ–ˆâ–ˆâ–ˆâ–ˆâ–ˆâ–  | 289/390 [00:01<00:00, 205.75it/s, acc=98.44%, loss=0.0619]
Predictor_3 Epoch 3/10:  79%|â–ˆâ–ˆâ–ˆâ–ˆâ–ˆâ–ˆâ–ˆâ–‰  | 310/390 [00:01<00:00, 200.79it/s, acc=98.44%, loss=0.0619]
Predictor_3 Epoch 3/10:  85%|â–ˆâ–ˆâ–ˆâ–ˆâ–ˆâ–ˆâ–ˆâ–ˆâ–Œ | 332/390 [00:01<00:00, 205.84it/s, acc=98.44%, loss=0.0619]
Predictor_3 Epoch 3/10:  91%|â–ˆâ–ˆâ–ˆâ–ˆâ–ˆâ–ˆâ–ˆâ–ˆâ–ˆ | 354/390 [00:01<00:00, 203.04it/s, acc=98.44%, loss=0.0619]
Predictor_3 Epoch 3/10:  96%|â–ˆâ–ˆâ–ˆâ–ˆâ–ˆâ–ˆâ–ˆâ–ˆâ–ˆâ–‹| 376/390 [00:01<00:00, 207.17it/s, acc=98.44%, loss=0.0619]
Predictor_3 Epoch 3/10:  96%|â–ˆâ–ˆâ–ˆâ–ˆâ–ˆâ–ˆâ–ˆâ–ˆâ–ˆâ–‹| 376/390 [00:01<00:00, 207.17it/s, acc=94.53%, loss=0.1820]
                                                                                                   

Predictor_3 Epoch 4/10:   0%|          | 0/390 [00:00<?, ?it/s]
Predictor_3 Epoch 4/10:   4%|â–         | 16/390 [00:00<00:02, 159.05it/s]
Predictor_3 Epoch 4/10:   9%|â–‰         | 37/390 [00:00<00:01, 183.09it/s]
Predictor_3 Epoch 4/10:  15%|â–ˆâ–        | 58/390 [00:00<00:01, 187.47it/s]
Predictor_3 Epoch 4/10:  20%|â–ˆâ–ˆ        | 79/390 [00:00<00:01, 195.69it/s]
Predictor_3 Epoch 4/10:  26%|â–ˆâ–ˆâ–Œ       | 100/390 [00:00<00:01, 200.36it/s]
Predictor_3 Epoch 4/10:  31%|â–ˆâ–ˆâ–ˆ       | 121/390 [00:00<00:01, 203.49it/s]
Predictor_3 Epoch 4/10:  36%|â–ˆâ–ˆâ–ˆâ–‹      | 142/390 [00:00<00:01, 197.30it/s]
Predictor_3 Epoch 4/10:  42%|â–ˆâ–ˆâ–ˆâ–ˆâ–     | 163/390 [00:00<00:01, 201.12it/s]
Predictor_3 Epoch 4/10:  48%|â–ˆâ–ˆâ–ˆâ–ˆâ–Š     | 186/390 [00:00<00:01, 201.49it/s]
Predictor_3 Epoch 4/10:  48%|â–ˆâ–ˆâ–ˆâ–ˆâ–Š     | 186/390 [00:01<00:01, 201.49it/s, acc=97.66%, loss=0.1376]
Predictor_3 Epoch 4/10:  54%|â–ˆâ–ˆâ–ˆâ–ˆâ–ˆâ–Ž    | 209/390 [00:01<00:00, 208.92it/s, acc=97.66%, loss=0.1376]
Predictor_3 Epoch 4/10:  59%|â–ˆâ–ˆâ–ˆâ–ˆâ–ˆâ–‰    | 230/390 [00:01<00:00, 203.01it/s, acc=97.66%, loss=0.1376]
Predictor_3 Epoch 4/10:  65%|â–ˆâ–ˆâ–ˆâ–ˆâ–ˆâ–ˆâ–   | 253/390 [00:01<00:00, 210.08it/s, acc=97.66%, loss=0.1376]
Predictor_3 Epoch 4/10:  71%|â–ˆâ–ˆâ–ˆâ–ˆâ–ˆâ–ˆâ–ˆ   | 275/390 [00:01<00:00, 203.90it/s, acc=97.66%, loss=0.1376]
Predictor_3 Epoch 4/10:  76%|â–ˆâ–ˆâ–ˆâ–ˆâ–ˆâ–ˆâ–ˆâ–Œ  | 296/390 [00:01<00:00, 203.12it/s, acc=97.66%, loss=0.1376]
Predictor_3 Epoch 4/10:  81%|â–ˆâ–ˆâ–ˆâ–ˆâ–ˆâ–ˆâ–ˆâ–ˆâ– | 317/390 [00:01<00:00, 203.30it/s, acc=97.66%, loss=0.1376]
Predictor_3 Epoch 4/10:  87%|â–ˆâ–ˆâ–ˆâ–ˆâ–ˆâ–ˆâ–ˆâ–ˆâ–‹ | 338/390 [00:01<00:00, 197.70it/s, acc=97.66%, loss=0.1376]
Predictor_3 Epoch 4/10:  92%|â–ˆâ–ˆâ–ˆâ–ˆâ–ˆâ–ˆâ–ˆâ–ˆâ–ˆâ–| 359/390 [00:01<00:00, 200.80it/s, acc=97.66%, loss=0.1376]
Predictor_3 Epoch 4/10:  97%|â–ˆâ–ˆâ–ˆâ–ˆâ–ˆâ–ˆâ–ˆâ–ˆâ–ˆâ–‹| 380/390 [00:01<00:00, 203.24it/s, acc=97.66%, loss=0.1376]
Predictor_3 Epoch 4/10:  97%|â–ˆâ–ˆâ–ˆâ–ˆâ–ˆâ–ˆâ–ˆâ–ˆâ–ˆâ–‹| 380/390 [00:01<00:00, 203.24it/s, acc=99.22%, loss=0.0318]
                                                                                                   

Predictor_3 Epoch 5/10:   0%|          | 0/390 [00:00<?, ?it/s]
Predictor_3 Epoch 5/10:   4%|â–         | 17/390 [00:00<00:02, 155.61it/s]
Predictor_3 Epoch 5/10:  10%|â–ˆ         | 39/390 [00:00<00:01, 190.89it/s]
Predictor_3 Epoch 5/10:  16%|â–ˆâ–Œ        | 61/390 [00:00<00:01, 200.83it/s]
Predictor_3 Epoch 5/10:  21%|â–ˆâ–ˆ        | 82/390 [00:00<00:01, 199.01it/s]
Predictor_3 Epoch 5/10:  27%|â–ˆâ–ˆâ–‹       | 104/390 [00:00<00:01, 206.12it/s]
Predictor_3 Epoch 5/10:  32%|â–ˆâ–ˆâ–ˆâ–      | 126/390 [00:00<00:01, 202.83it/s]
Predictor_3 Epoch 5/10:  38%|â–ˆâ–ˆâ–ˆâ–Š      | 147/390 [00:00<00:01, 204.57it/s]
Predictor_3 Epoch 5/10:  43%|â–ˆâ–ˆâ–ˆâ–ˆâ–Ž     | 168/390 [00:00<00:01, 202.96it/s]
Predictor_3 Epoch 5/10:  48%|â–ˆâ–ˆâ–ˆâ–ˆâ–Š     | 189/390 [00:00<00:00, 203.22it/s]
Predictor_3 Epoch 5/10:  48%|â–ˆâ–ˆâ–ˆâ–ˆâ–Š     | 189/390 [00:00<00:00, 203.22it/s, acc=97.66%, loss=0.0646]
Predictor_3 Epoch 5/10:  54%|â–ˆâ–ˆâ–ˆâ–ˆâ–ˆâ–    | 210/390 [00:01<00:00, 197.50it/s, acc=97.66%, loss=0.0646]
Predictor_3 Epoch 5/10:  59%|â–ˆâ–ˆâ–ˆâ–ˆâ–ˆâ–‰    | 231/390 [00:01<00:00, 200.73it/s, acc=97.66%, loss=0.0646]
Predictor_3 Epoch 5/10:  65%|â–ˆâ–ˆâ–ˆâ–ˆâ–ˆâ–ˆâ–   | 252/390 [00:01<00:00, 202.83it/s, acc=97.66%, loss=0.0646]
Predictor_3 Epoch 5/10:  70%|â–ˆâ–ˆâ–ˆâ–ˆâ–ˆâ–ˆâ–ˆ   | 273/390 [00:01<00:00, 204.81it/s, acc=97.66%, loss=0.0646]
Predictor_3 Epoch 5/10:  75%|â–ˆâ–ˆâ–ˆâ–ˆâ–ˆâ–ˆâ–ˆâ–Œ  | 294/390 [00:01<00:00, 198.55it/s, acc=97.66%, loss=0.0646]
Predictor_3 Epoch 5/10:  81%|â–ˆâ–ˆâ–ˆâ–ˆâ–ˆâ–ˆâ–ˆâ–ˆ  | 315/390 [00:01<00:00, 201.00it/s, acc=97.66%, loss=0.0646]
Predictor_3 Epoch 5/10:  86%|â–ˆâ–ˆâ–ˆâ–ˆâ–ˆâ–ˆâ–ˆâ–ˆâ–Œ | 336/390 [00:01<00:00, 203.11it/s, acc=97.66%, loss=0.0646]
Predictor_3 Epoch 5/10:  92%|â–ˆâ–ˆâ–ˆâ–ˆâ–ˆâ–ˆâ–ˆâ–ˆâ–ˆâ–| 357/390 [00:01<00:00, 202.68it/s, acc=97.66%, loss=0.0646]
Predictor_3 Epoch 5/10:  97%|â–ˆâ–ˆâ–ˆâ–ˆâ–ˆâ–ˆâ–ˆâ–ˆâ–ˆâ–‹| 378/390 [00:01<00:00, 197.36it/s, acc=97.66%, loss=0.0646]
Predictor_3 Epoch 5/10:  97%|â–ˆâ–ˆâ–ˆâ–ˆâ–ˆâ–ˆâ–ˆâ–ˆâ–ˆâ–‹| 378/390 [00:01<00:00, 197.36it/s, acc=96.88%, loss=0.0984]
                                                                                                   

Predictor_3 Epoch 6/10:   0%|          | 0/390 [00:00<?, ?it/s]
Predictor_3 Epoch 6/10:   4%|â–         | 17/390 [00:00<00:02, 156.77it/s]
Predictor_3 Epoch 6/10:  10%|â–ˆ         | 40/390 [00:00<00:01, 198.16it/s]
Predictor_3 Epoch 6/10:  15%|â–ˆâ–Œ        | 60/390 [00:00<00:01, 197.18it/s]
Predictor_3 Epoch 6/10:  21%|â–ˆâ–ˆ        | 80/390 [00:00<00:01, 195.40it/s]
Predictor_3 Epoch 6/10:  26%|â–ˆâ–ˆâ–Œ       | 101/390 [00:00<00:01, 199.55it/s]
Predictor_3 Epoch 6/10:  31%|â–ˆâ–ˆâ–ˆâ–      | 122/390 [00:00<00:01, 194.23it/s]
Predictor_3 Epoch 6/10:  37%|â–ˆâ–ˆâ–ˆâ–‹      | 143/390 [00:00<00:01, 198.78it/s]
Predictor_3 Epoch 6/10:  42%|â–ˆâ–ˆâ–ˆâ–ˆâ–     | 164/390 [00:00<00:01, 202.07it/s]
Predictor_3 Epoch 6/10:  47%|â–ˆâ–ˆâ–ˆâ–ˆâ–‹     | 185/390 [00:00<00:01, 204.16it/s]
Predictor_3 Epoch 6/10:  47%|â–ˆâ–ˆâ–ˆâ–ˆâ–‹     | 185/390 [00:01<00:01, 204.16it/s, acc=95.31%, loss=0.1722]
Predictor_3 Epoch 6/10:  53%|â–ˆâ–ˆâ–ˆâ–ˆâ–ˆâ–Ž    | 206/390 [00:01<00:00, 198.42it/s, acc=95.31%, loss=0.1722]
Predictor_3 Epoch 6/10:  58%|â–ˆâ–ˆâ–ˆâ–ˆâ–ˆâ–Š    | 227/390 [00:01<00:00, 201.49it/s, acc=95.31%, loss=0.1722]
Predictor_3 Epoch 6/10:  64%|â–ˆâ–ˆâ–ˆâ–ˆâ–ˆâ–ˆâ–Ž   | 248/390 [00:01<00:00, 203.53it/s, acc=95.31%, loss=0.1722]
Predictor_3 Epoch 6/10:  69%|â–ˆâ–ˆâ–ˆâ–ˆâ–ˆâ–ˆâ–‰   | 269/390 [00:01<00:00, 205.02it/s, acc=95.31%, loss=0.1722]
Predictor_3 Epoch 6/10:  74%|â–ˆâ–ˆâ–ˆâ–ˆâ–ˆâ–ˆâ–ˆâ–  | 290/390 [00:01<00:00, 199.43it/s, acc=95.31%, loss=0.1722]
Predictor_3 Epoch 6/10:  80%|â–ˆâ–ˆâ–ˆâ–ˆâ–ˆâ–ˆâ–ˆâ–ˆ  | 312/390 [00:01<00:00, 205.13it/s, acc=95.31%, loss=0.1722][codecarbon INFO @ 19:53:12] Energy consumed for RAM : 0.000623 kWh. RAM Power : 38.0 W

Predictor_3 Epoch 6/10:  86%|â–ˆâ–ˆâ–ˆâ–ˆâ–ˆâ–ˆâ–ˆâ–ˆâ–Œ | 334/390 [00:01<00:00, 202.77it/s, acc=95.31%, loss=0.1722]
Predictor_3 Epoch 6/10:  91%|â–ˆâ–ˆâ–ˆâ–ˆâ–ˆâ–ˆâ–ˆâ–ˆâ–ˆâ–| 356/390 [00:01<00:00, 207.37it/s, acc=95.31%, loss=0.1722]
Predictor_3 Epoch 6/10:  97%|â–ˆâ–ˆâ–ˆâ–ˆâ–ˆâ–ˆâ–ˆâ–ˆâ–ˆâ–‹| 378/390 [00:01<00:00, 204.25it/s, acc=95.31%, loss=0.1722]
Predictor_3 Epoch 6/10:  97%|â–ˆâ–ˆâ–ˆâ–ˆâ–ˆâ–ˆâ–ˆâ–ˆâ–ˆâ–‹| 378/390 [00:01<00:00, 204.25it/s, acc=96.88%, loss=0.0442]
                                                                                                   
[codecarbon INFO @ 19:53:12] Delta energy consumed for CPU with cpu_load : 0.000181 kWh, power : 45.0 W
[codecarbon INFO @ 19:53:12] Energy consumed for All CPU : 0.000737 kWh
[codecarbon INFO @ 19:53:12] Energy consumed for all GPUs : 0.001072 kWh. Total GPU Power : 67.52437837535824 W
[codecarbon INFO @ 19:53:12] 0.002432 kWh of electricity used since the beginning.

Predictor_3 Epoch 7/10:   0%|          | 0/390 [00:00<?, ?it/s]
Predictor_3 Epoch 7/10:   4%|â–         | 17/390 [00:00<00:02, 160.84it/s]
Predictor_3 Epoch 7/10:  10%|â–‰         | 38/390 [00:00<00:01, 184.43it/s]
Predictor_3 Epoch 7/10:  15%|â–ˆâ–Œ        | 59/390 [00:00<00:01, 194.17it/s]
Predictor_3 Epoch 7/10:  20%|â–ˆâ–ˆ        | 79/390 [00:00<00:01, 196.06it/s]
Predictor_3 Epoch 7/10:  26%|â–ˆâ–ˆâ–Œ       | 101/390 [00:00<00:01, 203.83it/s]
Predictor_3 Epoch 7/10:  31%|â–ˆâ–ˆâ–ˆâ–      | 122/390 [00:00<00:01, 197.92it/s]
Predictor_3 Epoch 7/10:  37%|â–ˆâ–ˆâ–ˆâ–‹      | 143/390 [00:00<00:01, 201.23it/s]
Predictor_3 Epoch 7/10:  42%|â–ˆâ–ˆâ–ˆâ–ˆâ–     | 165/390 [00:00<00:01, 206.20it/s]
Predictor_3 Epoch 7/10:  48%|â–ˆâ–ˆâ–ˆâ–ˆâ–Š     | 186/390 [00:00<00:01, 201.06it/s]
Predictor_3 Epoch 7/10:  48%|â–ˆâ–ˆâ–ˆâ–ˆâ–Š     | 186/390 [00:01<00:01, 201.06it/s, acc=98.44%, loss=0.0294]
Predictor_3 Epoch 7/10:  53%|â–ˆâ–ˆâ–ˆâ–ˆâ–ˆâ–Ž    | 208/390 [00:01<00:00, 206.49it/s, acc=98.44%, loss=0.0294]
Predictor_3 Epoch 7/10:  59%|â–ˆâ–ˆâ–ˆâ–ˆâ–ˆâ–‰    | 230/390 [00:01<00:00, 203.35it/s, acc=98.44%, loss=0.0294]
Predictor_3 Epoch 7/10:  65%|â–ˆâ–ˆâ–ˆâ–ˆâ–ˆâ–ˆâ–   | 253/390 [00:01<00:00, 210.05it/s, acc=98.44%, loss=0.0294]
Predictor_3 Epoch 7/10:  71%|â–ˆâ–ˆâ–ˆâ–ˆâ–ˆâ–ˆâ–ˆ   | 275/390 [00:01<00:00, 202.45it/s, acc=98.44%, loss=0.0294]
Predictor_3 Epoch 7/10:  76%|â–ˆâ–ˆâ–ˆâ–ˆâ–ˆâ–ˆâ–ˆâ–Œ  | 296/390 [00:01<00:00, 201.54it/s, acc=98.44%, loss=0.0294]
Predictor_3 Epoch 7/10:  81%|â–ˆâ–ˆâ–ˆâ–ˆâ–ˆâ–ˆâ–ˆâ–ˆâ– | 317/390 [00:01<00:00, 202.89it/s, acc=98.44%, loss=0.0294]
Predictor_3 Epoch 7/10:  87%|â–ˆâ–ˆâ–ˆâ–ˆâ–ˆâ–ˆâ–ˆâ–ˆâ–‹ | 338/390 [00:01<00:00, 197.52it/s, acc=98.44%, loss=0.0294]
Predictor_3 Epoch 7/10:  92%|â–ˆâ–ˆâ–ˆâ–ˆâ–ˆâ–ˆâ–ˆâ–ˆâ–ˆâ–| 359/390 [00:01<00:00, 200.82it/s, acc=98.44%, loss=0.0294]
Predictor_3 Epoch 7/10:  97%|â–ˆâ–ˆâ–ˆâ–ˆâ–ˆâ–ˆâ–ˆâ–ˆâ–ˆâ–‹| 380/390 [00:01<00:00, 202.89it/s, acc=98.44%, loss=0.0294]
Predictor_3 Epoch 7/10:  97%|â–ˆâ–ˆâ–ˆâ–ˆâ–ˆâ–ˆâ–ˆâ–ˆâ–ˆâ–‹| 380/390 [00:01<00:00, 202.89it/s, acc=98.44%, loss=0.0456]
                                                                                                   

Predictor_3 Epoch 8/10:   0%|          | 0/390 [00:00<?, ?it/s]
Predictor_3 Epoch 8/10:   4%|â–         | 17/390 [00:00<00:02, 153.83it/s]
Predictor_3 Epoch 8/10:  10%|â–‰         | 38/390 [00:00<00:01, 178.40it/s]
Predictor_3 Epoch 8/10:  15%|â–ˆâ–Œ        | 59/390 [00:00<00:01, 190.76it/s]
Predictor_3 Epoch 8/10:  21%|â–ˆâ–ˆ        | 82/390 [00:00<00:01, 195.57it/s]
Predictor_3 Epoch 8/10:  27%|â–ˆâ–ˆâ–‹       | 105/390 [00:00<00:01, 206.39it/s]
Predictor_3 Epoch 8/10:  32%|â–ˆâ–ˆâ–ˆâ–      | 126/390 [00:00<00:01, 201.18it/s]
Predictor_3 Epoch 8/10:  38%|â–ˆâ–ˆâ–ˆâ–Š      | 148/390 [00:00<00:01, 206.92it/s]
Predictor_3 Epoch 8/10:  44%|â–ˆâ–ˆâ–ˆâ–ˆâ–Ž     | 170/390 [00:00<00:01, 201.98it/s]
Predictor_3 Epoch 8/10:  49%|â–ˆâ–ˆâ–ˆâ–ˆâ–‰     | 191/390 [00:00<00:00, 201.40it/s]
Predictor_3 Epoch 8/10:  49%|â–ˆâ–ˆâ–ˆâ–ˆâ–‰     | 191/390 [00:01<00:00, 201.40it/s, acc=96.88%, loss=0.0638]
Predictor_3 Epoch 8/10:  54%|â–ˆâ–ˆâ–ˆâ–ˆâ–ˆâ–    | 212/390 [00:01<00:00, 201.53it/s, acc=96.88%, loss=0.0638]
Predictor_3 Epoch 8/10:  60%|â–ˆâ–ˆâ–ˆâ–ˆâ–ˆâ–‰    | 233/390 [00:01<00:00, 203.94it/s, acc=96.88%, loss=0.0638]
Predictor_3 Epoch 8/10:  65%|â–ˆâ–ˆâ–ˆâ–ˆâ–ˆâ–ˆâ–Œ   | 254/390 [00:01<00:00, 198.32it/s, acc=96.88%, loss=0.0638]
Predictor_3 Epoch 8/10:  71%|â–ˆâ–ˆâ–ˆâ–ˆâ–ˆâ–ˆâ–ˆ   | 275/390 [00:01<00:00, 201.47it/s, acc=96.88%, loss=0.0638]
Predictor_3 Epoch 8/10:  76%|â–ˆâ–ˆâ–ˆâ–ˆâ–ˆâ–ˆâ–ˆâ–Œ  | 296/390 [00:01<00:00, 203.57it/s, acc=96.88%, loss=0.0638]
Predictor_3 Epoch 8/10:  81%|â–ˆâ–ˆâ–ˆâ–ˆâ–ˆâ–ˆâ–ˆâ–ˆâ– | 317/390 [00:01<00:00, 205.31it/s, acc=96.88%, loss=0.0638]
Predictor_3 Epoch 8/10:  87%|â–ˆâ–ˆâ–ˆâ–ˆâ–ˆâ–ˆâ–ˆâ–ˆâ–‹ | 338/390 [00:01<00:00, 199.27it/s, acc=96.88%, loss=0.0638]
Predictor_3 Epoch 8/10:  92%|â–ˆâ–ˆâ–ˆâ–ˆâ–ˆâ–ˆâ–ˆâ–ˆâ–ˆâ–| 359/390 [00:01<00:00, 202.15it/s, acc=96.88%, loss=0.0638]
Predictor_3 Epoch 8/10:  97%|â–ˆâ–ˆâ–ˆâ–ˆâ–ˆâ–ˆâ–ˆâ–ˆâ–ˆâ–‹| 380/390 [00:01<00:00, 204.21it/s, acc=96.88%, loss=0.0638]
Predictor_3 Epoch 8/10:  97%|â–ˆâ–ˆâ–ˆâ–ˆâ–ˆâ–ˆâ–ˆâ–ˆâ–ˆâ–‹| 380/390 [00:01<00:00, 204.21it/s, acc=96.09%, loss=0.1218]
                                                                                                   

Predictor_3 Epoch 9/10:   0%|          | 0/390 [00:00<?, ?it/s]
Predictor_3 Epoch 9/10:   4%|â–         | 17/390 [00:00<00:02, 155.57it/s]
Predictor_3 Epoch 9/10:  10%|â–ˆ         | 40/390 [00:00<00:01, 197.32it/s]
Predictor_3 Epoch 9/10:  15%|â–ˆâ–Œ        | 60/390 [00:00<00:01, 194.65it/s]
Predictor_3 Epoch 9/10:  21%|â–ˆâ–ˆ        | 80/390 [00:00<00:01, 191.28it/s]
Predictor_3 Epoch 9/10:  26%|â–ˆâ–ˆâ–Œ       | 102/390 [00:00<00:01, 194.83it/s]
Predictor_3 Epoch 9/10:  32%|â–ˆâ–ˆâ–ˆâ–      | 123/390 [00:00<00:01, 199.35it/s]
Predictor_3 Epoch 9/10:  37%|â–ˆâ–ˆâ–ˆâ–‹      | 144/390 [00:00<00:01, 202.57it/s]
Predictor_3 Epoch 9/10:  42%|â–ˆâ–ˆâ–ˆâ–ˆâ–     | 165/390 [00:00<00:01, 204.64it/s]
Predictor_3 Epoch 9/10:  48%|â–ˆâ–ˆâ–ˆâ–ˆâ–Š     | 186/390 [00:00<00:01, 198.10it/s]
Predictor_3 Epoch 9/10:  48%|â–ˆâ–ˆâ–ˆâ–ˆâ–Š     | 186/390 [00:01<00:01, 198.10it/s, acc=99.22%, loss=0.0297]
Predictor_3 Epoch 9/10:  53%|â–ˆâ–ˆâ–ˆâ–ˆâ–ˆâ–Ž    | 207/390 [00:01<00:00, 201.14it/s, acc=99.22%, loss=0.0297]
Predictor_3 Epoch 9/10:  58%|â–ˆâ–ˆâ–ˆâ–ˆâ–ˆâ–Š    | 228/390 [00:01<00:00, 175.40it/s, acc=99.22%, loss=0.0297]
Predictor_3 Epoch 9/10:  65%|â–ˆâ–ˆâ–ˆâ–ˆâ–ˆâ–ˆâ–   | 252/390 [00:01<00:00, 192.67it/s, acc=99.22%, loss=0.0297]
Predictor_3 Epoch 9/10:  70%|â–ˆâ–ˆâ–ˆâ–ˆâ–ˆâ–ˆâ–ˆ   | 273/390 [00:01<00:00, 196.95it/s, acc=99.22%, loss=0.0297]
Predictor_3 Epoch 9/10:  75%|â–ˆâ–ˆâ–ˆâ–ˆâ–ˆâ–ˆâ–ˆâ–Œ  | 294/390 [00:01<00:00, 194.70it/s, acc=99.22%, loss=0.0297]
Predictor_3 Epoch 9/10:  81%|â–ˆâ–ˆâ–ˆâ–ˆâ–ˆâ–ˆâ–ˆâ–ˆâ– | 317/390 [00:01<00:00, 203.95it/s, acc=99.22%, loss=0.0297]
Predictor_3 Epoch 9/10:  87%|â–ˆâ–ˆâ–ˆâ–ˆâ–ˆâ–ˆâ–ˆâ–ˆâ–‹ | 338/390 [00:01<00:00, 199.80it/s, acc=99.22%, loss=0.0297]
Predictor_3 Epoch 9/10:  93%|â–ˆâ–ˆâ–ˆâ–ˆâ–ˆâ–ˆâ–ˆâ–ˆâ–ˆâ–Ž| 361/390 [00:01<00:00, 207.67it/s, acc=99.22%, loss=0.0297]
Predictor_3 Epoch 9/10:  98%|â–ˆâ–ˆâ–ˆâ–ˆâ–ˆâ–ˆâ–ˆâ–ˆâ–ˆâ–Š| 382/390 [00:01<00:00, 200.66it/s, acc=99.22%, loss=0.0297]
Predictor_3 Epoch 9/10:  98%|â–ˆâ–ˆâ–ˆâ–ˆâ–ˆâ–ˆâ–ˆâ–ˆâ–ˆâ–Š| 382/390 [00:01<00:00, 200.66it/s, acc=97.66%, loss=0.0680]
                                                                                                   

Predictor_3 Epoch 10/10:   0%|          | 0/390 [00:00<?, ?it/s]
Predictor_3 Epoch 10/10:   4%|â–         | 17/390 [00:00<00:02, 153.22it/s]
Predictor_3 Epoch 10/10:  10%|â–ˆ         | 40/390 [00:00<00:01, 194.81it/s]
Predictor_3 Epoch 10/10:  16%|â–ˆâ–Œ        | 61/390 [00:00<00:01, 198.11it/s]
Predictor_3 Epoch 10/10:  21%|â–ˆâ–ˆ        | 82/390 [00:00<00:01, 194.90it/s]
Predictor_3 Epoch 10/10:  26%|â–ˆâ–ˆâ–‹       | 103/390 [00:00<00:01, 199.01it/s]
Predictor_3 Epoch 10/10:  32%|â–ˆâ–ˆâ–ˆâ–      | 125/390 [00:00<00:01, 205.51it/s]
Predictor_3 Epoch 10/10:  37%|â–ˆâ–ˆâ–ˆâ–‹      | 146/390 [00:00<00:01, 198.87it/s]
Predictor_3 Epoch 10/10:  43%|â–ˆâ–ˆâ–ˆâ–ˆâ–Ž     | 168/390 [00:00<00:01, 205.25it/s]
Predictor_3 Epoch 10/10:  49%|â–ˆâ–ˆâ–ˆâ–ˆâ–Š     | 190/390 [00:00<00:00, 202.09it/s]
Predictor_3 Epoch 10/10:  49%|â–ˆâ–ˆâ–ˆâ–ˆâ–Š     | 190/390 [00:00<00:00, 202.09it/s, acc=98.44%, loss=0.0772]
Predictor_3 Epoch 10/10:  54%|â–ˆâ–ˆâ–ˆâ–ˆâ–ˆâ–    | 212/390 [00:01<00:00, 207.21it/s, acc=98.44%, loss=0.0772]
Predictor_3 Epoch 10/10:  60%|â–ˆâ–ˆâ–ˆâ–ˆâ–ˆâ–ˆ    | 234/390 [00:01<00:00, 204.23it/s, acc=98.44%, loss=0.0772]
Predictor_3 Epoch 10/10:  65%|â–ˆâ–ˆâ–ˆâ–ˆâ–ˆâ–ˆâ–Œ   | 255/390 [00:01<00:00, 204.63it/s, acc=98.44%, loss=0.0772]
Predictor_3 Epoch 10/10:  71%|â–ˆâ–ˆâ–ˆâ–ˆâ–ˆâ–ˆâ–ˆ   | 276/390 [00:01<00:00, 203.93it/s, acc=98.44%, loss=0.0772]
Predictor_3 Epoch 10/10:  76%|â–ˆâ–ˆâ–ˆâ–ˆâ–ˆâ–ˆâ–ˆâ–Œ  | 297/390 [00:01<00:00, 198.54it/s, acc=98.44%, loss=0.0772]
Predictor_3 Epoch 10/10:  82%|â–ˆâ–ˆâ–ˆâ–ˆâ–ˆâ–ˆâ–ˆâ–ˆâ– | 318/390 [00:01<00:00, 199.64it/s, acc=98.44%, loss=0.0772]
Predictor_3 Epoch 10/10:  87%|â–ˆâ–ˆâ–ˆâ–ˆâ–ˆâ–ˆâ–ˆâ–ˆâ–‹ | 339/390 [00:01<00:00, 202.57it/s, acc=98.44%, loss=0.0772]
Predictor_3 Epoch 10/10:  92%|â–ˆâ–ˆâ–ˆâ–ˆâ–ˆâ–ˆâ–ˆâ–ˆâ–ˆâ–| 360/390 [00:01<00:00, 204.58it/s, acc=98.44%, loss=0.0772]
Predictor_3 Epoch 10/10:  98%|â–ˆâ–ˆâ–ˆâ–ˆâ–ˆâ–ˆâ–ˆâ–ˆâ–ˆâ–Š| 381/390 [00:01<00:00, 205.92it/s, acc=98.44%, loss=0.0772]
Predictor_3 Epoch 10/10:  98%|â–ˆâ–ˆâ–ˆâ–ˆâ–ˆâ–ˆâ–ˆâ–ˆâ–ˆâ–Š| 381/390 [00:01<00:00, 205.92it/s, acc=95.31%, loss=0.1142]
                                                                                                    

Evaluating CaFo (sum):   0%|          | 0/40 [00:00<?, ?it/s]
Evaluating CaFo (sum):   2%|â–Ž         | 1/40 [00:00<00:04,  8.87it/s]
Evaluating CaFo (sum):  42%|â–ˆâ–ˆâ–ˆâ–ˆâ–Ž     | 17/40 [00:00<00:00, 80.55it/s]
Evaluating CaFo (sum):  72%|â–ˆâ–ˆâ–ˆâ–ˆâ–ˆâ–ˆâ–ˆâ–Ž  | 29/40 [00:00<00:00, 93.90it/s]
                                                                      
[codecarbon INFO @ 19:53:22] Energy consumed for RAM : 0.000728 kWh. RAM Power : 38.0 W
[codecarbon INFO @ 19:53:23] Delta energy consumed for CPU with cpu_load : 0.000125 kWh, power : 45.0 W
[codecarbon INFO @ 19:53:23] Energy consumed for All CPU : 0.000862 kWh
[codecarbon INFO @ 19:53:23] Energy consumed for all GPUs : 0.001270 kWh. Total GPU Power : 67.74674168116567 W
[codecarbon INFO @ 19:53:23] 0.002860 kWh of electricity used since the beginning.
wandb:                                                                                
wandb: 
wandb: Run history:
wandb:         Predictor_1/Epochs_Trained â–
wandb: Predictor_1/GPU_Mem_Used_MiB_Batch â–â–â–ˆâ–ˆâ–ˆâ–ˆâ–ˆâ–ˆâ–ˆâ–ˆâ–ˆâ–ˆâ–ˆâ–ˆâ–ˆâ–ˆâ–ˆâ–ˆâ–ˆâ–ˆ
wandb: Predictor_1/Peak_GPU_Mem_Epoch_MiB â–â–ˆâ–ˆâ–ˆâ–ˆâ–ˆâ–ˆâ–ˆâ–ˆâ–ˆ
wandb: Predictor_1/Peak_GPU_Mem_Layer_MiB â–
wandb:        Predictor_1/Train_Acc_Batch â–â–‡â–‡â–ƒâ–‡â–…â–‡â–‡â–‡â–†â–ˆâ–…â–…â–‡â–‡â–‡â–‡â–†â–ˆâ–‡
wandb:     Predictor_1/Train_Acc_EpochAvg â–â–†â–†â–‡â–‡â–‡â–‡â–ˆâ–ˆâ–ˆ
wandb:     Predictor_1/Train_Acc_LayerAvg â–
wandb:       Predictor_1/Train_Loss_Batch â–‡â–‚â–…â–…â–ƒâ–ˆâ–ƒâ–ƒâ–„â–ƒâ–â–„â–ƒâ–ƒâ–‚â–‚â–„â–„â–â–‚
wandb:    Predictor_1/Train_Loss_EpochAvg â–ˆâ–ƒâ–ƒâ–‚â–‚â–‚â–‚â–â–‚â–
wandb:    Predictor_1/Train_Loss_LayerAvg â–
wandb:          Predictor_1/Val_Acc_Epoch â–â–„â–…â–‡â–†â–„â–„â–‡â–ˆâ–†
wandb:         Predictor_1/Val_Loss_Epoch â–ˆâ–„â–‚â–â–‚â–‡â–†â–‚â–‚â–…
wandb:         Predictor_2/Epochs_Trained â–
wandb: Predictor_2/GPU_Mem_Used_MiB_Batch â–â–â–â–â–â–â–â–â–â–â–â–â–â–â–â–â–â–â–â–
wandb: Predictor_2/Peak_GPU_Mem_Epoch_MiB â–â–â–â–â–â–â–â–â–â–
wandb: Predictor_2/Peak_GPU_Mem_Layer_MiB â–
wandb:        Predictor_2/Train_Acc_Batch â–‚â–â–‚â–…â–…â–‡â–‡â–†â–…â–ˆâ–‡â–†â–‡â–‡â–‡â–…â–ˆâ–‡â–…â–†
wandb:     Predictor_2/Train_Acc_EpochAvg â–â–†â–‡â–‡â–‡â–ˆâ–ˆâ–ˆâ–ˆâ–ˆ
wandb:     Predictor_2/Train_Acc_LayerAvg â–
wandb:       Predictor_2/Train_Loss_Batch â–„â–ˆâ–„â–ƒâ–ƒâ–â–‚â–ƒâ–ƒâ–â–â–‚â–â–‚â–„â–„â–â–‚â–…â–‚
wandb:    Predictor_2/Train_Loss_EpochAvg â–ˆâ–‚â–‚â–‚â–â–â–â–â–â–
wandb:    Predictor_2/Train_Loss_LayerAvg â–
wandb:          Predictor_2/Val_Acc_Epoch â–â–…â–†â–‚â–‡â–‡â–…â–‚â–ˆâ–‡
wandb:         Predictor_2/Val_Loss_Epoch â–…â–ƒâ–â–†â–â–‚â–ƒâ–ˆâ–â–„
wandb:         Predictor_3/Epochs_Trained â–
wandb: Predictor_3/GPU_Mem_Used_MiB_Batch â–â–â–ˆâ–ˆâ–ˆâ–ˆâ–ˆâ–ˆâ–ˆâ–ˆâ–ˆâ–ˆâ–ˆâ–ˆâ–ˆâ–ˆâ–ˆâ–ˆâ–ˆâ–ˆ
wandb: Predictor_3/Peak_GPU_Mem_Epoch_MiB â–â–ˆâ–ˆâ–ˆâ–ˆâ–ˆâ–ˆâ–ˆâ–ˆâ–ˆ
wandb: Predictor_3/Peak_GPU_Mem_Layer_MiB â–
wandb:        Predictor_3/Train_Acc_Batch â–‚â–†â–â–ˆâ–‡â–â–†â–ˆâ–†â–…â–‚â–…â–‡â–‡â–…â–ƒâ–ˆâ–†â–‡â–‚
wandb:     Predictor_3/Train_Acc_EpochAvg â–â–‡â–‡â–ˆâ–ˆâ–ˆâ–ˆâ–ˆâ–ˆâ–ˆ
wandb:     Predictor_3/Train_Acc_LayerAvg â–
wandb:       Predictor_3/Train_Loss_Batch â–†â–…â–…â–â–‚â–ˆâ–†â–â–ƒâ–„â–ˆâ–‚â–â–‚â–ƒâ–…â–â–ƒâ–ƒâ–…
wandb:    Predictor_3/Train_Loss_EpochAvg â–ˆâ–‚â–â–â–â–â–â–â–â–
wandb:    Predictor_3/Train_Loss_LayerAvg â–
wandb:          Predictor_3/Val_Acc_Epoch â–â–ˆâ–„â–†â–„â–ƒâ–‡â–‚â–„â–†
wandb:         Predictor_3/Val_Loss_Epoch â–„â–â–‚â–‚â–„â–ƒâ–‚â–ˆâ–†â–„
wandb:               estimated_fwd_gflops â–
wandb:                final/Test_Accuracy â–
wandb:                    final/Test_Loss â–
wandb:   final/codecarbon_emissions_gCO2e â–
wandb:         final/estimated_fwd_gflops â–
wandb:        final/peak_gpu_mem_used_mib â–
wandb:      final/total_gpu_energy_joules â–
wandb:          final/total_gpu_energy_wh â–
wandb:       final/total_run_duration_sec â–
wandb:        final/training_duration_sec â–
wandb:                        global_step â–â–â–â–â–â–‚â–‚â–ƒâ–ƒâ–ƒâ–ƒâ–ƒâ–ƒâ–„â–„â–„â–„â–„â–„â–„â–…â–…â–…â–…â–…â–†â–†â–†â–†â–‡â–‡â–‡â–‡â–‡â–‡â–ˆâ–ˆâ–ˆâ–ˆâ–ˆ
wandb:           initial_gpu_mem_used_mib â–
wandb:             model_parameters_total â–
wandb:         model_parameters_trainable â–
wandb: 
wandb: Run summary:
wandb:         Predictor_1/Epochs_Trained 10
wandb: Predictor_1/GPU_Mem_Used_MiB_Batch 982
wandb: Predictor_1/Peak_GPU_Mem_Epoch_MiB 982
wandb: Predictor_1/Peak_GPU_Mem_Layer_MiB 982
wandb:        Predictor_1/Train_Acc_Batch 98.4375
wandb:     Predictor_1/Train_Acc_EpochAvg 98.04487
wandb:     Predictor_1/Train_Acc_LayerAvg 98.04487
wandb:       Predictor_1/Train_Loss_Batch 0.05361
wandb:    Predictor_1/Train_Loss_EpochAvg 0.06321
wandb:    Predictor_1/Train_Loss_LayerAvg 0.06321
wandb:          Predictor_1/Val_Acc_Epoch 97.04
wandb:         Predictor_1/Val_Loss_Epoch 0.1326
wandb:         Predictor_2/Epochs_Trained 10
wandb: Predictor_2/GPU_Mem_Used_MiB_Batch 982
wandb: Predictor_2/Peak_GPU_Mem_Epoch_MiB 982
wandb: Predictor_2/Peak_GPU_Mem_Layer_MiB 982
wandb:        Predictor_2/Train_Acc_Batch 97.65625
wandb:     Predictor_2/Train_Acc_EpochAvg 98.46354
wandb:     Predictor_2/Train_Acc_LayerAvg 98.46354
wandb:       Predictor_2/Train_Loss_Batch 0.0545
wandb:    Predictor_2/Train_Loss_EpochAvg 0.05365
wandb:    Predictor_2/Train_Loss_LayerAvg 0.05365
wandb:          Predictor_2/Val_Acc_Epoch 97.86
wandb:         Predictor_2/Val_Loss_Epoch 0.11979
wandb:         Predictor_3/Epochs_Trained 10
wandb: Predictor_3/GPU_Mem_Used_MiB_Batch 1008
wandb: Predictor_3/Peak_GPU_Mem_Epoch_MiB 1008
wandb: Predictor_3/Peak_GPU_Mem_Layer_MiB 1008
wandb:        Predictor_3/Train_Acc_Batch 95.3125
wandb:     Predictor_3/Train_Acc_EpochAvg 98.24119
wandb:     Predictor_3/Train_Acc_LayerAvg 98.24119
wandb:       Predictor_3/Train_Loss_Batch 0.11422
wandb:    Predictor_3/Train_Loss_EpochAvg 0.06541
wandb:    Predictor_3/Train_Loss_LayerAvg 0.06541
wandb:          Predictor_3/Val_Acc_Epoch 97.8
wandb:         Predictor_3/Val_Loss_Epoch 0.10065
wandb:             codecarbon_country_iso POL
wandb:                 codecarbon_enabled True
wandb:                    codecarbon_mode offline
wandb:         estimated_bp_update_gflops nan
wandb:               estimated_fwd_gflops 0.07271
wandb:                final/Test_Accuracy 98.63
wandb:                    final/Test_Loss 0.15275
wandb:   final/codecarbon_emissions_gCO2e 1.89332
wandb:   final/estimated_bp_update_gflops nan
wandb:         final/estimated_fwd_gflops 0.07271
wandb:        final/peak_gpu_mem_used_mib 1008
wandb:      final/total_gpu_energy_joules 4410.35906
wandb:          final/total_gpu_energy_wh 1.2251
wandb:       final/total_run_duration_sec 72.75343
wandb:        final/training_duration_sec 68.39406
wandb:           initial_gpu_mem_used_mib 336.625
wandb:             model_parameters_total 628320
wandb:         model_parameters_trainable 628320
wandb: 
wandb: ðŸš€ View run cafo_mnist_cnn_3block at: https://wandb.ai/przspyra11/BeyondBackpropagation/runs/sglbxxtc
wandb: â­ï¸ View project at: https://wandb.ai/przspyra11/BeyondBackpropagation
wandb: Synced 5 W&B file(s), 0 media file(s), 0 artifact file(s) and 0 other file(s)
wandb: Find logs at: ./wandb/run-20250505_195210-sglbxxtc/logs
