 binutils/2.38 loaded.
 bzip2/1.0.8 loaded.
 zlib/1.2.12 loaded.
 ncurses/6.3 loaded.
 libreadline/8.1.2 loaded.
 Tcl/8.6.12 loaded.
 SQLite/3.38.3 loaded.
 XZ/5.2.5 loaded.
 GMP/6.2.1 loaded.
 libffi/3.4.2 loaded.
 OpenSSL/1.1 loaded.
 Python/3.10.4 loaded.
 CUDA/12.4.0 loaded.

Currently Loaded Modules:
  1) binutils/2.38   5) libreadline/8.1.2   9) GMP/6.2.1      13) CUDA/12.4.0
  2) bzip2/1.0.8     6) Tcl/8.6.12         10) libffi/3.4.2
  3) zlib/1.2.12     7) SQLite/3.38.3      11) OpenSSL/1.1
  4) ncurses/6.3     8) XZ/5.2.5           12) Python/3.10.4

 

2025-05-08 03:15:48,658 - src.utils.config_parser - INFO - Successfully merged configuration from configs/cafo/cafodfa_mnist_cnn_3block.yaml and configs/base.yaml
wandb: Using wandb-core as the SDK backend.  Please refer to https://wandb.me/wandb-core for more information.
wandb: Currently logged in as: przspyra11 (agh_racing) to https://api.wandb.ai. Use `wandb login --relogin` to force relogin
wandb: Tracking run with wandb version 0.19.8
wandb: Run data is saved locally in /net/tscratch/people/plgspyra/BeyondBackpropagation/wandb/run-20250508_031549-bhvl6pjo
wandb: Run `wandb offline` to turn off syncing.
wandb: Syncing run cafodfa_mnist_cnn_3block
wandb: â­ï¸ View project at https://wandb.ai/przspyra11/BeyondBackpropagation
wandb: ðŸš€ View run at https://wandb.ai/przspyra11/BeyondBackpropagation/runs/bhvl6pjo
[codecarbon INFO @ 03:15:50] offline tracker init
[codecarbon INFO @ 03:15:50] [setup] RAM Tracking...
[codecarbon INFO @ 03:15:50] [setup] CPU Tracking...
 Linux OS detected: Please ensure RAPL files exist at /sys/class/powercap/intel-rapl/subsystem to measure CPU

[codecarbon INFO @ 03:15:50] CPU Model on constant consumption mode: AMD EPYC 7742 64-Core Processor
[codecarbon INFO @ 03:15:50] [setup] GPU Tracking...
[codecarbon INFO @ 03:15:50] Tracking Nvidia GPU via pynvml
[codecarbon INFO @ 03:15:50] The below tracking methods have been set up:
                RAM Tracking Method: RAM power estimation model
                CPU Tracking Method: cpu_load
                GPU Tracking Method: pynvml
            
[codecarbon INFO @ 03:15:50] >>> Tracker's metadata:
[codecarbon INFO @ 03:15:50]   Platform system: Linux-5.14.0-503.26.1.el9_5.x86_64-x86_64-with-glibc2.34
[codecarbon INFO @ 03:15:50]   Python version: 3.10.4
[codecarbon INFO @ 03:15:50]   CodeCarbon version: 3.0.1
[codecarbon INFO @ 03:15:50]   Available RAM : 125.000 GB
[codecarbon INFO @ 03:15:50]   CPU count: 16 thread(s) in 2 physical CPU(s)
[codecarbon INFO @ 03:15:50]   CPU model: AMD EPYC 7742 64-Core Processor
[codecarbon INFO @ 03:15:50]   GPU count: 1
[codecarbon INFO @ 03:15:50]   GPU model: 1 x NVIDIA A100-SXM4-40GB BUT only tracking these GPU ids : [0]
[codecarbon INFO @ 03:15:50] Emissions data (if any) will be saved to file /net/tscratch/people/plgspyra/BeyondBackpropagation/results/carbon/cafodfa_mnist_cnn_3block_carbon.csv

DFA Block Epoch 1/5:   0%|          | 0/390 [00:00<?, ?it/s]
DFA Block Epoch 1/5:   0%|          | 1/390 [00:00<01:03,  6.16it/s]
DFA Block Epoch 1/5:   6%|â–Œ         | 23/390 [00:00<00:03, 103.90it/s]
DFA Block Epoch 1/5:  12%|â–ˆâ–        | 45/390 [00:00<00:02, 149.17it/s]
DFA Block Epoch 1/5:  17%|â–ˆâ–‹        | 67/390 [00:00<00:01, 174.06it/s]
DFA Block Epoch 1/5:  23%|â–ˆâ–ˆâ–Ž       | 89/390 [00:00<00:01, 187.49it/s]
DFA Block Epoch 1/5:  28%|â–ˆâ–ˆâ–Š       | 111/390 [00:00<00:01, 196.78it/s]
DFA Block Epoch 1/5:  34%|â–ˆâ–ˆâ–ˆâ–      | 134/390 [00:00<00:01, 205.44it/s]
DFA Block Epoch 1/5:  40%|â–ˆâ–ˆâ–ˆâ–ˆ      | 156/390 [00:00<00:01, 208.94it/s]
DFA Block Epoch 1/5:  46%|â–ˆâ–ˆâ–ˆâ–ˆâ–Œ     | 178/390 [00:00<00:01, 210.18it/s]
DFA Block Epoch 1/5:  51%|â–ˆâ–ˆâ–ˆâ–ˆâ–ˆâ–    | 200/390 [00:01<00:00, 210.53it/s]
DFA Block Epoch 1/5:  57%|â–ˆâ–ˆâ–ˆâ–ˆâ–ˆâ–‹    | 222/390 [00:01<00:00, 211.69it/s]
DFA Block Epoch 1/5:  63%|â–ˆâ–ˆâ–ˆâ–ˆâ–ˆâ–ˆâ–Ž   | 244/390 [00:01<00:00, 212.46it/s]
DFA Block Epoch 1/5:  68%|â–ˆâ–ˆâ–ˆâ–ˆâ–ˆâ–ˆâ–Š   | 266/390 [00:01<00:00, 211.73it/s]
DFA Block Epoch 1/5:  74%|â–ˆâ–ˆâ–ˆâ–ˆâ–ˆâ–ˆâ–ˆâ–  | 288/390 [00:01<00:00, 212.60it/s]
DFA Block Epoch 1/5:  79%|â–ˆâ–ˆâ–ˆâ–ˆâ–ˆâ–ˆâ–ˆâ–‰  | 310/390 [00:01<00:00, 212.90it/s]
DFA Block Epoch 1/5:  85%|â–ˆâ–ˆâ–ˆâ–ˆâ–ˆâ–ˆâ–ˆâ–ˆâ–Œ | 332/390 [00:01<00:00, 213.64it/s]
DFA Block Epoch 1/5:  91%|â–ˆâ–ˆâ–ˆâ–ˆâ–ˆâ–ˆâ–ˆâ–ˆâ–ˆ | 354/390 [00:01<00:00, 213.45it/s]
DFA Block Epoch 1/5:  96%|â–ˆâ–ˆâ–ˆâ–ˆâ–ˆâ–ˆâ–ˆâ–ˆâ–ˆâ–‹| 376/390 [00:01<00:00, 213.72it/s]
DFA Block Epoch 1/5:  96%|â–ˆâ–ˆâ–ˆâ–ˆâ–ˆâ–ˆâ–ˆâ–ˆâ–ˆâ–‹| 376/390 [00:01<00:00, 213.72it/s, acc=100.00%, loss=0.0114]
                                                                                                 

DFA Block Epoch 2/5:   0%|          | 0/390 [00:00<?, ?it/s]
DFA Block Epoch 2/5:   4%|â–         | 16/390 [00:00<00:02, 156.35it/s]
DFA Block Epoch 2/5:  10%|â–‰         | 38/390 [00:00<00:01, 189.77it/s]
DFA Block Epoch 2/5:  15%|â–ˆâ–Œ        | 60/390 [00:00<00:01, 201.73it/s]
DFA Block Epoch 2/5:  21%|â–ˆâ–ˆ        | 82/390 [00:00<00:01, 205.16it/s]
DFA Block Epoch 2/5:  27%|â–ˆâ–ˆâ–‹       | 104/390 [00:00<00:01, 208.19it/s]
DFA Block Epoch 2/5:  32%|â–ˆâ–ˆâ–ˆâ–      | 126/390 [00:00<00:01, 208.27it/s]
DFA Block Epoch 2/5:  38%|â–ˆâ–ˆâ–ˆâ–Š      | 148/390 [00:00<00:01, 209.78it/s]
DFA Block Epoch 2/5:  44%|â–ˆâ–ˆâ–ˆâ–ˆâ–Ž     | 170/390 [00:00<00:01, 210.02it/s]
DFA Block Epoch 2/5:  49%|â–ˆâ–ˆâ–ˆâ–ˆâ–‰     | 192/390 [00:00<00:00, 211.05it/s]
DFA Block Epoch 2/5:  55%|â–ˆâ–ˆâ–ˆâ–ˆâ–ˆâ–    | 214/390 [00:01<00:00, 210.48it/s]
DFA Block Epoch 2/5:  61%|â–ˆâ–ˆâ–ˆâ–ˆâ–ˆâ–ˆ    | 236/390 [00:01<00:00, 211.22it/s]
DFA Block Epoch 2/5:  66%|â–ˆâ–ˆâ–ˆâ–ˆâ–ˆâ–ˆâ–Œ   | 258/390 [00:01<00:00, 211.05it/s]
DFA Block Epoch 2/5:  72%|â–ˆâ–ˆâ–ˆâ–ˆâ–ˆâ–ˆâ–ˆâ–  | 280/390 [00:01<00:00, 211.75it/s]
DFA Block Epoch 2/5:  77%|â–ˆâ–ˆâ–ˆâ–ˆâ–ˆâ–ˆâ–ˆâ–‹  | 302/390 [00:01<00:00, 211.14it/s]
DFA Block Epoch 2/5:  83%|â–ˆâ–ˆâ–ˆâ–ˆâ–ˆâ–ˆâ–ˆâ–ˆâ–Ž | 324/390 [00:01<00:00, 211.74it/s]
DFA Block Epoch 2/5:  89%|â–ˆâ–ˆâ–ˆâ–ˆâ–ˆâ–ˆâ–ˆâ–ˆâ–Š | 346/390 [00:01<00:00, 211.24it/s]
DFA Block Epoch 2/5:  94%|â–ˆâ–ˆâ–ˆâ–ˆâ–ˆâ–ˆâ–ˆâ–ˆâ–ˆâ–| 368/390 [00:01<00:00, 211.29it/s]
DFA Block Epoch 2/5:  94%|â–ˆâ–ˆâ–ˆâ–ˆâ–ˆâ–ˆâ–ˆâ–ˆâ–ˆâ–| 368/390 [00:01<00:00, 211.29it/s, acc=99.22%, loss=0.0252]
DFA Block Epoch 2/5: 100%|â–ˆâ–ˆâ–ˆâ–ˆâ–ˆâ–ˆâ–ˆâ–ˆâ–ˆâ–ˆ| 390/390 [00:01<00:00, 204.34it/s, acc=99.22%, loss=0.0252]
                                                                                                

DFA Block Epoch 3/5:   0%|          | 0/390 [00:00<?, ?it/s]
DFA Block Epoch 3/5:   4%|â–         | 15/390 [00:00<00:02, 149.24it/s]
DFA Block Epoch 3/5:   9%|â–‰         | 37/390 [00:00<00:01, 189.94it/s]
DFA Block Epoch 3/5:  15%|â–ˆâ–        | 58/390 [00:00<00:01, 198.62it/s]
DFA Block Epoch 3/5:  21%|â–ˆâ–ˆ        | 80/390 [00:00<00:01, 204.52it/s]
DFA Block Epoch 3/5:  26%|â–ˆâ–ˆâ–Œ       | 101/390 [00:00<00:01, 205.80it/s]
DFA Block Epoch 3/5:  32%|â–ˆâ–ˆâ–ˆâ–      | 123/390 [00:00<00:01, 208.86it/s]
DFA Block Epoch 3/5:  37%|â–ˆâ–ˆâ–ˆâ–‹      | 145/390 [00:00<00:01, 210.12it/s]
DFA Block Epoch 3/5:  43%|â–ˆâ–ˆâ–ˆâ–ˆâ–Ž     | 167/390 [00:00<00:01, 210.06it/s]
DFA Block Epoch 3/5:  48%|â–ˆâ–ˆâ–ˆâ–ˆâ–Š     | 189/390 [00:00<00:00, 211.43it/s]
DFA Block Epoch 3/5:  54%|â–ˆâ–ˆâ–ˆâ–ˆâ–ˆâ–    | 211/390 [00:01<00:00, 210.15it/s]
DFA Block Epoch 3/5:  60%|â–ˆâ–ˆâ–ˆâ–ˆâ–ˆâ–‰    | 233/390 [00:01<00:00, 210.82it/s]
DFA Block Epoch 3/5:  65%|â–ˆâ–ˆâ–ˆâ–ˆâ–ˆâ–ˆâ–Œ   | 255/390 [00:01<00:00, 210.65it/s]
DFA Block Epoch 3/5:  71%|â–ˆâ–ˆâ–ˆâ–ˆâ–ˆâ–ˆâ–ˆ   | 277/390 [00:01<00:00, 211.06it/s]
DFA Block Epoch 3/5:  77%|â–ˆâ–ˆâ–ˆâ–ˆâ–ˆâ–ˆâ–ˆâ–‹  | 299/390 [00:01<00:00, 211.00it/s]
DFA Block Epoch 3/5:  82%|â–ˆâ–ˆâ–ˆâ–ˆâ–ˆâ–ˆâ–ˆâ–ˆâ– | 321/390 [00:01<00:00, 211.46it/s]
DFA Block Epoch 3/5:  88%|â–ˆâ–ˆâ–ˆâ–ˆâ–ˆâ–ˆâ–ˆâ–ˆâ–Š | 343/390 [00:01<00:00, 210.89it/s]
DFA Block Epoch 3/5:  94%|â–ˆâ–ˆâ–ˆâ–ˆâ–ˆâ–ˆâ–ˆâ–ˆâ–ˆâ–Ž| 365/390 [00:01<00:00, 211.80it/s]
DFA Block Epoch 3/5:  99%|â–ˆâ–ˆâ–ˆâ–ˆâ–ˆâ–ˆâ–ˆâ–ˆâ–ˆâ–‰| 387/390 [00:01<00:00, 204.19it/s]
DFA Block Epoch 3/5:  99%|â–ˆâ–ˆâ–ˆâ–ˆâ–ˆâ–ˆâ–ˆâ–ˆâ–ˆâ–‰| 387/390 [00:01<00:00, 204.19it/s, acc=99.22%, loss=0.0235]
                                                                                                

DFA Block Epoch 4/5:   0%|          | 0/390 [00:00<?, ?it/s]
DFA Block Epoch 4/5:   4%|â–         | 15/390 [00:00<00:02, 146.43it/s]
DFA Block Epoch 4/5:   9%|â–‰         | 37/390 [00:00<00:01, 186.19it/s]
DFA Block Epoch 4/5:  15%|â–ˆâ–Œ        | 59/390 [00:00<00:01, 198.77it/s]
DFA Block Epoch 4/5:  21%|â–ˆâ–ˆ        | 81/390 [00:00<00:01, 203.41it/s]
DFA Block Epoch 4/5:  26%|â–ˆâ–ˆâ–‹       | 103/390 [00:00<00:01, 206.32it/s]
DFA Block Epoch 4/5:  32%|â–ˆâ–ˆâ–ˆâ–      | 125/390 [00:00<00:01, 208.95it/s]
DFA Block Epoch 4/5:  37%|â–ˆâ–ˆâ–ˆâ–‹      | 146/390 [00:00<00:01, 209.04it/s]
DFA Block Epoch 4/5:  43%|â–ˆâ–ˆâ–ˆâ–ˆâ–Ž     | 168/390 [00:00<00:01, 210.36it/s]
DFA Block Epoch 4/5:  49%|â–ˆâ–ˆâ–ˆâ–ˆâ–Š     | 190/390 [00:00<00:00, 210.18it/s]
DFA Block Epoch 4/5:  54%|â–ˆâ–ˆâ–ˆâ–ˆâ–ˆâ–    | 212/390 [00:01<00:00, 211.28it/s]
DFA Block Epoch 4/5:  60%|â–ˆâ–ˆâ–ˆâ–ˆâ–ˆâ–ˆ    | 234/390 [00:01<00:00, 210.58it/s]
DFA Block Epoch 4/5:  66%|â–ˆâ–ˆâ–ˆâ–ˆâ–ˆâ–ˆâ–Œ   | 256/390 [00:01<00:00, 211.57it/s]
DFA Block Epoch 4/5:  71%|â–ˆâ–ˆâ–ˆâ–ˆâ–ˆâ–ˆâ–ˆâ–  | 278/390 [00:01<00:00, 210.67it/s]
DFA Block Epoch 4/5:  77%|â–ˆâ–ˆâ–ˆâ–ˆâ–ˆâ–ˆâ–ˆâ–‹  | 300/390 [00:01<00:00, 211.80it/s]
DFA Block Epoch 4/5:  83%|â–ˆâ–ˆâ–ˆâ–ˆâ–ˆâ–ˆâ–ˆâ–ˆâ–Ž | 322/390 [00:01<00:00, 210.87it/s]
DFA Block Epoch 4/5:  88%|â–ˆâ–ˆâ–ˆâ–ˆâ–ˆâ–ˆâ–ˆâ–ˆâ–Š | 344/390 [00:01<00:00, 212.11it/s]
DFA Block Epoch 4/5:  94%|â–ˆâ–ˆâ–ˆâ–ˆâ–ˆâ–ˆâ–ˆâ–ˆâ–ˆâ–| 366/390 [00:01<00:00, 210.82it/s]
DFA Block Epoch 4/5:  99%|â–ˆâ–ˆâ–ˆâ–ˆâ–ˆâ–ˆâ–ˆâ–ˆâ–ˆâ–‰| 388/390 [00:01<00:00, 204.27it/s]
DFA Block Epoch 4/5:  99%|â–ˆâ–ˆâ–ˆâ–ˆâ–ˆâ–ˆâ–ˆâ–ˆâ–ˆâ–‰| 388/390 [00:01<00:00, 204.27it/s, acc=100.00%, loss=0.0024]
                                                                                                 

DFA Block Epoch 5/5:   0%|          | 0/390 [00:00<?, ?it/s]
DFA Block Epoch 5/5:   4%|â–         | 16/390 [00:00<00:02, 157.62it/s]
DFA Block Epoch 5/5:  10%|â–‰         | 38/390 [00:00<00:01, 190.65it/s]
DFA Block Epoch 5/5:  15%|â–ˆâ–Œ        | 60/390 [00:00<00:01, 200.98it/s]
DFA Block Epoch 5/5:  21%|â–ˆâ–ˆ        | 82/390 [00:00<00:01, 204.21it/s]
DFA Block Epoch 5/5:  27%|â–ˆâ–ˆâ–‹       | 104/390 [00:00<00:01, 207.43it/s]
DFA Block Epoch 5/5:  32%|â–ˆâ–ˆâ–ˆâ–      | 126/390 [00:00<00:01, 208.60it/s]
DFA Block Epoch 5/5:  38%|â–ˆâ–ˆâ–ˆâ–Š      | 148/390 [00:00<00:01, 209.66it/s]
DFA Block Epoch 5/5:  44%|â–ˆâ–ˆâ–ˆâ–ˆâ–Ž     | 170/390 [00:00<00:01, 209.40it/s]
DFA Block Epoch 5/5:  49%|â–ˆâ–ˆâ–ˆâ–ˆâ–‰     | 192/390 [00:00<00:00, 210.66it/s]
DFA Block Epoch 5/5:  55%|â–ˆâ–ˆâ–ˆâ–ˆâ–ˆâ–    | 214/390 [00:01<00:00, 210.02it/s]
DFA Block Epoch 5/5:  61%|â–ˆâ–ˆâ–ˆâ–ˆâ–ˆâ–ˆ    | 236/390 [00:01<00:00, 210.68it/s]
DFA Block Epoch 5/5:  66%|â–ˆâ–ˆâ–ˆâ–ˆâ–ˆâ–ˆâ–Œ   | 258/390 [00:01<00:00, 209.24it/s]
DFA Block Epoch 5/5:  72%|â–ˆâ–ˆâ–ˆâ–ˆâ–ˆâ–ˆâ–ˆâ–  | 280/390 [00:01<00:00, 210.74it/s]
DFA Block Epoch 5/5:  77%|â–ˆâ–ˆâ–ˆâ–ˆâ–ˆâ–ˆâ–ˆâ–‹  | 302/390 [00:01<00:00, 209.96it/s]
DFA Block Epoch 5/5:  83%|â–ˆâ–ˆâ–ˆâ–ˆâ–ˆâ–ˆâ–ˆâ–ˆâ–Ž | 324/390 [00:01<00:00, 211.24it/s]
DFA Block Epoch 5/5:  89%|â–ˆâ–ˆâ–ˆâ–ˆâ–ˆâ–ˆâ–ˆâ–ˆâ–Š | 346/390 [00:01<00:00, 210.88it/s]
DFA Block Epoch 5/5:  94%|â–ˆâ–ˆâ–ˆâ–ˆâ–ˆâ–ˆâ–ˆâ–ˆâ–ˆâ–| 368/390 [00:01<00:00, 211.25it/s]
DFA Block Epoch 5/5:  94%|â–ˆâ–ˆâ–ˆâ–ˆâ–ˆâ–ˆâ–ˆâ–ˆâ–ˆâ–| 368/390 [00:01<00:00, 211.25it/s, acc=99.22%, loss=0.0112]
DFA Block Epoch 5/5: 100%|â–ˆâ–ˆâ–ˆâ–ˆâ–ˆâ–ˆâ–ˆâ–ˆâ–ˆâ–ˆ| 390/390 [00:01<00:00, 203.57it/s, acc=99.22%, loss=0.0112]
                                                                                                

Predictor_1 Epoch 1/12:   0%|          | 0/390 [00:00<?, ?it/s]
Predictor_1 Epoch 1/12:   4%|â–         | 17/390 [00:00<00:02, 161.46it/s]
Predictor_1 Epoch 1/12:  11%|â–ˆ         | 41/390 [00:00<00:01, 193.19it/s]
Predictor_1 Epoch 1/12:  17%|â–ˆâ–‹        | 65/390 [00:00<00:01, 203.84it/s]
Predictor_1 Epoch 1/12:  22%|â–ˆâ–ˆâ–       | 87/390 [00:00<00:01, 208.91it/s]
Predictor_1 Epoch 1/12:  28%|â–ˆâ–ˆâ–Š       | 109/390 [00:00<00:01, 210.24it/s]
Predictor_1 Epoch 1/12:  34%|â–ˆâ–ˆâ–ˆâ–Ž      | 131/390 [00:00<00:01, 209.98it/s]
Predictor_1 Epoch 1/12:  39%|â–ˆâ–ˆâ–ˆâ–‰      | 154/390 [00:00<00:01, 207.84it/s]
Predictor_1 Epoch 1/12:  46%|â–ˆâ–ˆâ–ˆâ–ˆâ–Œ     | 178/390 [00:00<00:01, 209.06it/s]
Predictor_1 Epoch 1/12:  52%|â–ˆâ–ˆâ–ˆâ–ˆâ–ˆâ–    | 202/390 [00:00<00:00, 209.47it/s]
Predictor_1 Epoch 1/12:  58%|â–ˆâ–ˆâ–ˆâ–ˆâ–ˆâ–Š    | 226/390 [00:01<00:00, 210.16it/s]
Predictor_1 Epoch 1/12:  64%|â–ˆâ–ˆâ–ˆâ–ˆâ–ˆâ–ˆâ–   | 250/390 [00:01<00:00, 210.44it/s]
Predictor_1 Epoch 1/12:  70%|â–ˆâ–ˆâ–ˆâ–ˆâ–ˆâ–ˆâ–ˆ   | 274/390 [00:01<00:00, 210.61it/s]
Predictor_1 Epoch 1/12:  76%|â–ˆâ–ˆâ–ˆâ–ˆâ–ˆâ–ˆâ–ˆâ–‹  | 298/390 [00:01<00:00, 210.49it/s]
Predictor_1 Epoch 1/12:  83%|â–ˆâ–ˆâ–ˆâ–ˆâ–ˆâ–ˆâ–ˆâ–ˆâ–Ž | 322/390 [00:01<00:00, 210.92it/s]
Predictor_1 Epoch 1/12:  89%|â–ˆâ–ˆâ–ˆâ–ˆâ–ˆâ–ˆâ–ˆâ–ˆâ–Š | 346/390 [00:01<00:00, 210.76it/s]
Predictor_1 Epoch 1/12:  95%|â–ˆâ–ˆâ–ˆâ–ˆâ–ˆâ–ˆâ–ˆâ–ˆâ–ˆâ–| 370/390 [00:01<00:00, 211.01it/s]
Predictor_1 Epoch 1/12:  95%|â–ˆâ–ˆâ–ˆâ–ˆâ–ˆâ–ˆâ–ˆâ–ˆâ–ˆâ–| 370/390 [00:01<00:00, 211.01it/s, acc=95.31%, loss=0.1384]
                                                                                                   

Predictor_1 Epoch 2/12:   0%|          | 0/390 [00:00<?, ?it/s]
Predictor_1 Epoch 2/12:   4%|â–         | 17/390 [00:00<00:02, 150.13it/s]
Predictor_1 Epoch 2/12:  11%|â–ˆ         | 41/390 [00:00<00:01, 185.47it/s]
Predictor_1 Epoch 2/12:  17%|â–ˆâ–‹        | 65/390 [00:00<00:01, 197.06it/s]
Predictor_1 Epoch 2/12:  23%|â–ˆâ–ˆâ–Ž       | 89/390 [00:00<00:01, 202.12it/s]
Predictor_1 Epoch 2/12:  29%|â–ˆâ–ˆâ–‰       | 113/390 [00:00<00:01, 205.19it/s]
Predictor_1 Epoch 2/12:  35%|â–ˆâ–ˆâ–ˆâ–Œ      | 137/390 [00:00<00:01, 207.11it/s]
Predictor_1 Epoch 2/12:  41%|â–ˆâ–ˆâ–ˆâ–ˆâ–     | 161/390 [00:00<00:01, 208.12it/s]
Predictor_1 Epoch 2/12:  47%|â–ˆâ–ˆâ–ˆâ–ˆâ–‹     | 185/390 [00:00<00:00, 209.02it/s]
Predictor_1 Epoch 2/12:  53%|â–ˆâ–ˆâ–ˆâ–ˆâ–ˆâ–Ž    | 208/390 [00:01<00:00, 214.62it/s]
Predictor_1 Epoch 2/12:  59%|â–ˆâ–ˆâ–ˆâ–ˆâ–ˆâ–‰    | 230/390 [00:01<00:00, 209.78it/s]
Predictor_1 Epoch 2/12:  65%|â–ˆâ–ˆâ–ˆâ–ˆâ–ˆâ–ˆâ–   | 252/390 [00:01<00:00, 212.58it/s]
Predictor_1 Epoch 2/12:  70%|â–ˆâ–ˆâ–ˆâ–ˆâ–ˆâ–ˆâ–ˆ   | 274/390 [00:01<00:00, 209.24it/s]
Predictor_1 Epoch 2/12:  76%|â–ˆâ–ˆâ–ˆâ–ˆâ–ˆâ–ˆâ–ˆâ–Œ  | 296/390 [00:01<00:00, 211.76it/s]
Predictor_1 Epoch 2/12:  82%|â–ˆâ–ˆâ–ˆâ–ˆâ–ˆâ–ˆâ–ˆâ–ˆâ– | 318/390 [00:01<00:00, 209.43it/s]
Predictor_1 Epoch 2/12:  87%|â–ˆâ–ˆâ–ˆâ–ˆâ–ˆâ–ˆâ–ˆâ–ˆâ–‹ | 340/390 [00:01<00:00, 211.59it/s]
Predictor_1 Epoch 2/12:  93%|â–ˆâ–ˆâ–ˆâ–ˆâ–ˆâ–ˆâ–ˆâ–ˆâ–ˆâ–Ž| 362/390 [00:01<00:00, 209.00it/s]
Predictor_1 Epoch 2/12:  98%|â–ˆâ–ˆâ–ˆâ–ˆâ–ˆâ–ˆâ–ˆâ–ˆâ–ˆâ–Š| 383/390 [00:01<00:00, 204.22it/s]
Predictor_1 Epoch 2/12:  98%|â–ˆâ–ˆâ–ˆâ–ˆâ–ˆâ–ˆâ–ˆâ–ˆâ–ˆâ–Š| 383/390 [00:01<00:00, 204.22it/s, acc=96.09%, loss=0.0771]
                                                                                                   

Predictor_1 Epoch 3/12:   0%|          | 0/390 [00:00<?, ?it/s][codecarbon INFO @ 03:16:05] Energy consumed for RAM : 0.000164 kWh. RAM Power : 38.0 W

Predictor_1 Epoch 3/12:   4%|â–         | 17/390 [00:00<00:02, 159.67it/s]
Predictor_1 Epoch 3/12:  11%|â–ˆ         | 41/390 [00:00<00:01, 191.06it/s]
Predictor_1 Epoch 3/12:  17%|â–ˆâ–‹        | 65/390 [00:00<00:01, 199.98it/s]
Predictor_1 Epoch 3/12:  23%|â–ˆâ–ˆâ–Ž       | 89/390 [00:00<00:01, 203.69it/s][codecarbon INFO @ 03:16:06] Delta energy consumed for CPU with cpu_load : 0.000194 kWh, power : 45.0 W
[codecarbon INFO @ 03:16:06] Energy consumed for All CPU : 0.000194 kWh
[codecarbon INFO @ 03:16:06] Energy consumed for all GPUs : 0.000462 kWh. Total GPU Power : 103.92466081331689 W
[codecarbon INFO @ 03:16:06] 0.000820 kWh of electricity used since the beginning.

Predictor_1 Epoch 3/12:  29%|â–ˆâ–ˆâ–Š       | 112/390 [00:00<00:01, 212.28it/s]
Predictor_1 Epoch 3/12:  34%|â–ˆâ–ˆâ–ˆâ–      | 134/390 [00:00<00:01, 206.23it/s]
Predictor_1 Epoch 3/12:  40%|â–ˆâ–ˆâ–ˆâ–ˆ      | 157/390 [00:00<00:01, 207.66it/s]
Predictor_1 Epoch 3/12:  46%|â–ˆâ–ˆâ–ˆâ–ˆâ–Œ     | 179/390 [00:00<00:01, 210.80it/s]
Predictor_1 Epoch 3/12:  52%|â–ˆâ–ˆâ–ˆâ–ˆâ–ˆâ–    | 201/390 [00:00<00:00, 208.61it/s]
Predictor_1 Epoch 3/12:  57%|â–ˆâ–ˆâ–ˆâ–ˆâ–ˆâ–‹    | 222/390 [00:01<00:00, 208.46it/s]
Predictor_1 Epoch 3/12:  63%|â–ˆâ–ˆâ–ˆâ–ˆâ–ˆâ–ˆâ–Ž   | 245/390 [00:01<00:00, 209.68it/s]
Predictor_1 Epoch 3/12:  68%|â–ˆâ–ˆâ–ˆâ–ˆâ–ˆâ–ˆâ–Š   | 266/390 [00:01<00:00, 208.15it/s]
Predictor_1 Epoch 3/12:  74%|â–ˆâ–ˆâ–ˆâ–ˆâ–ˆâ–ˆâ–ˆâ–  | 289/390 [00:01<00:00, 210.04it/s]
Predictor_1 Epoch 3/12:  80%|â–ˆâ–ˆâ–ˆâ–ˆâ–ˆâ–ˆâ–ˆâ–‰  | 311/390 [00:01<00:00, 210.90it/s]
Predictor_1 Epoch 3/12:  85%|â–ˆâ–ˆâ–ˆâ–ˆâ–ˆâ–ˆâ–ˆâ–ˆâ–Œ | 333/390 [00:01<00:00, 209.45it/s]
Predictor_1 Epoch 3/12:  91%|â–ˆâ–ˆâ–ˆâ–ˆâ–ˆâ–ˆâ–ˆâ–ˆâ–ˆ | 354/390 [00:01<00:00, 208.26it/s]
Predictor_1 Epoch 3/12:  97%|â–ˆâ–ˆâ–ˆâ–ˆâ–ˆâ–ˆâ–ˆâ–ˆâ–ˆâ–‹| 377/390 [00:01<00:00, 210.24it/s]
Predictor_1 Epoch 3/12:  97%|â–ˆâ–ˆâ–ˆâ–ˆâ–ˆâ–ˆâ–ˆâ–ˆâ–ˆâ–‹| 377/390 [00:01<00:00, 210.24it/s, acc=99.22%, loss=0.0447]
                                                                                                   

Predictor_1 Epoch 4/12:   0%|          | 0/390 [00:00<?, ?it/s]
Predictor_1 Epoch 4/12:   4%|â–         | 17/390 [00:00<00:02, 153.35it/s]
Predictor_1 Epoch 4/12:  11%|â–ˆ         | 41/390 [00:00<00:01, 186.49it/s]
Predictor_1 Epoch 4/12:  17%|â–ˆâ–‹        | 65/390 [00:00<00:01, 197.82it/s]
Predictor_1 Epoch 4/12:  23%|â–ˆâ–ˆâ–Ž       | 89/390 [00:00<00:01, 202.35it/s]
Predictor_1 Epoch 4/12:  29%|â–ˆâ–ˆâ–‰       | 113/390 [00:00<00:01, 205.51it/s]
Predictor_1 Epoch 4/12:  35%|â–ˆâ–ˆâ–ˆâ–Œ      | 137/390 [00:00<00:01, 207.65it/s]
Predictor_1 Epoch 4/12:  41%|â–ˆâ–ˆâ–ˆâ–ˆâ–     | 161/390 [00:00<00:01, 208.77it/s]
Predictor_1 Epoch 4/12:  47%|â–ˆâ–ˆâ–ˆâ–ˆâ–‹     | 185/390 [00:00<00:00, 209.07it/s]
Predictor_1 Epoch 4/12:  53%|â–ˆâ–ˆâ–ˆâ–ˆâ–ˆâ–Ž    | 208/390 [00:01<00:00, 214.73it/s]
Predictor_1 Epoch 4/12:  59%|â–ˆâ–ˆâ–ˆâ–ˆâ–ˆâ–‰    | 230/390 [00:01<00:00, 208.81it/s]
Predictor_1 Epoch 4/12:  65%|â–ˆâ–ˆâ–ˆâ–ˆâ–ˆâ–ˆâ–   | 253/390 [00:01<00:00, 208.74it/s]
Predictor_1 Epoch 4/12:  71%|â–ˆâ–ˆâ–ˆâ–ˆâ–ˆâ–ˆâ–ˆ   | 275/390 [00:01<00:00, 211.42it/s]
Predictor_1 Epoch 4/12:  76%|â–ˆâ–ˆâ–ˆâ–ˆâ–ˆâ–ˆâ–ˆâ–Œ  | 297/390 [00:01<00:00, 208.73it/s]
Predictor_1 Epoch 4/12:  82%|â–ˆâ–ˆâ–ˆâ–ˆâ–ˆâ–ˆâ–ˆâ–ˆâ– | 320/390 [00:01<00:00, 214.06it/s]
Predictor_1 Epoch 4/12:  88%|â–ˆâ–ˆâ–ˆâ–ˆâ–ˆâ–ˆâ–ˆâ–ˆâ–Š | 342/390 [00:01<00:00, 209.07it/s]
Predictor_1 Epoch 4/12:  94%|â–ˆâ–ˆâ–ˆâ–ˆâ–ˆâ–ˆâ–ˆâ–ˆâ–ˆâ–Ž| 365/390 [00:01<00:00, 208.72it/s]
Predictor_1 Epoch 4/12:  99%|â–ˆâ–ˆâ–ˆâ–ˆâ–ˆâ–ˆâ–ˆâ–ˆâ–ˆâ–‰| 386/390 [00:01<00:00, 203.89it/s]
Predictor_1 Epoch 4/12:  99%|â–ˆâ–ˆâ–ˆâ–ˆâ–ˆâ–ˆâ–ˆâ–ˆâ–ˆâ–‰| 386/390 [00:01<00:00, 203.89it/s, acc=98.44%, loss=0.0410]
                                                                                                   

Predictor_1 Epoch 5/12:   0%|          | 0/390 [00:00<?, ?it/s]
Predictor_1 Epoch 5/12:   4%|â–         | 17/390 [00:00<00:02, 154.41it/s]
Predictor_1 Epoch 5/12:  10%|â–ˆ         | 40/390 [00:00<00:01, 195.90it/s]
Predictor_1 Epoch 5/12:  16%|â–ˆâ–Œ        | 61/390 [00:00<00:01, 198.48it/s]
Predictor_1 Epoch 5/12:  21%|â–ˆâ–ˆ        | 82/390 [00:00<00:01, 200.19it/s]
Predictor_1 Epoch 5/12:  27%|â–ˆâ–ˆâ–‹       | 105/390 [00:00<00:01, 209.45it/s]
Predictor_1 Epoch 5/12:  32%|â–ˆâ–ˆâ–ˆâ–      | 126/390 [00:00<00:01, 204.23it/s]
Predictor_1 Epoch 5/12:  38%|â–ˆâ–ˆâ–ˆâ–Š      | 150/390 [00:00<00:01, 205.89it/s]
Predictor_1 Epoch 5/12:  44%|â–ˆâ–ˆâ–ˆâ–ˆâ–     | 173/390 [00:00<00:01, 213.04it/s]
Predictor_1 Epoch 5/12:  50%|â–ˆâ–ˆâ–ˆâ–ˆâ–ˆ     | 195/390 [00:00<00:00, 208.11it/s]
Predictor_1 Epoch 5/12:  56%|â–ˆâ–ˆâ–ˆâ–ˆâ–ˆâ–Œ    | 218/390 [00:01<00:00, 206.11it/s]
Predictor_1 Epoch 5/12:  62%|â–ˆâ–ˆâ–ˆâ–ˆâ–ˆâ–ˆâ–   | 242/390 [00:01<00:00, 207.18it/s]
Predictor_1 Epoch 5/12:  68%|â–ˆâ–ˆâ–ˆâ–ˆâ–ˆâ–ˆâ–Š   | 266/390 [00:01<00:00, 208.17it/s]
Predictor_1 Epoch 5/12:  74%|â–ˆâ–ˆâ–ˆâ–ˆâ–ˆâ–ˆâ–ˆâ–  | 290/390 [00:01<00:00, 208.93it/s]
Predictor_1 Epoch 5/12:  80%|â–ˆâ–ˆâ–ˆâ–ˆâ–ˆâ–ˆâ–ˆâ–ˆ  | 313/390 [00:01<00:00, 214.42it/s]
Predictor_1 Epoch 5/12:  86%|â–ˆâ–ˆâ–ˆâ–ˆâ–ˆâ–ˆâ–ˆâ–ˆâ–Œ | 335/390 [00:01<00:00, 209.25it/s]
Predictor_1 Epoch 5/12:  92%|â–ˆâ–ˆâ–ˆâ–ˆâ–ˆâ–ˆâ–ˆâ–ˆâ–ˆâ–| 358/390 [00:01<00:00, 207.55it/s]
Predictor_1 Epoch 5/12:  98%|â–ˆâ–ˆâ–ˆâ–ˆâ–ˆâ–ˆâ–ˆâ–ˆâ–ˆâ–Š| 382/390 [00:01<00:00, 208.41it/s]
Predictor_1 Epoch 5/12:  98%|â–ˆâ–ˆâ–ˆâ–ˆâ–ˆâ–ˆâ–ˆâ–ˆâ–ˆâ–Š| 382/390 [00:01<00:00, 208.41it/s, acc=100.00%, loss=0.0320]
                                                                                                    

Predictor_1 Epoch 6/12:   0%|          | 0/390 [00:00<?, ?it/s]
Predictor_1 Epoch 6/12:   4%|â–         | 17/390 [00:00<00:02, 155.64it/s]
Predictor_1 Epoch 6/12:  11%|â–ˆ         | 41/390 [00:00<00:01, 189.11it/s]
Predictor_1 Epoch 6/12:  17%|â–ˆâ–‹        | 65/390 [00:00<00:01, 201.27it/s]
Predictor_1 Epoch 6/12:  23%|â–ˆâ–ˆâ–Ž       | 89/390 [00:00<00:01, 206.41it/s]
Predictor_1 Epoch 6/12:  29%|â–ˆâ–ˆâ–Š       | 112/390 [00:00<00:01, 213.65it/s]
Predictor_1 Epoch 6/12:  34%|â–ˆâ–ˆâ–ˆâ–      | 134/390 [00:00<00:01, 208.12it/s]
Predictor_1 Epoch 6/12:  40%|â–ˆâ–ˆâ–ˆâ–ˆ      | 157/390 [00:00<00:01, 211.51it/s]
Predictor_1 Epoch 6/12:  46%|â–ˆâ–ˆâ–ˆâ–ˆâ–Œ     | 179/390 [00:00<00:01, 210.98it/s]
Predictor_1 Epoch 6/12:  52%|â–ˆâ–ˆâ–ˆâ–ˆâ–ˆâ–    | 201/390 [00:00<00:00, 213.59it/s]
Predictor_1 Epoch 6/12:  57%|â–ˆâ–ˆâ–ˆâ–ˆâ–ˆâ–‹    | 223/390 [00:01<00:00, 210.07it/s]
Predictor_1 Epoch 6/12:  63%|â–ˆâ–ˆâ–ˆâ–ˆâ–ˆâ–ˆâ–Ž   | 246/390 [00:01<00:00, 208.17it/s]
Predictor_1 Epoch 6/12:  69%|â–ˆâ–ˆâ–ˆâ–ˆâ–ˆâ–ˆâ–‰   | 270/390 [00:01<00:00, 208.92it/s]
Predictor_1 Epoch 6/12:  75%|â–ˆâ–ˆâ–ˆâ–ˆâ–ˆâ–ˆâ–ˆâ–Œ  | 294/390 [00:01<00:00, 209.60it/s]
Predictor_1 Epoch 6/12:  82%|â–ˆâ–ˆâ–ˆâ–ˆâ–ˆâ–ˆâ–ˆâ–ˆâ– | 318/390 [00:01<00:00, 210.27it/s]
Predictor_1 Epoch 6/12:  88%|â–ˆâ–ˆâ–ˆâ–ˆâ–ˆâ–ˆâ–ˆâ–ˆâ–Š | 342/390 [00:01<00:00, 210.80it/s]
Predictor_1 Epoch 6/12:  94%|â–ˆâ–ˆâ–ˆâ–ˆâ–ˆâ–ˆâ–ˆâ–ˆâ–ˆâ–| 366/390 [00:01<00:00, 210.90it/s]
Predictor_1 Epoch 6/12:  94%|â–ˆâ–ˆâ–ˆâ–ˆâ–ˆâ–ˆâ–ˆâ–ˆâ–ˆâ–| 366/390 [00:01<00:00, 210.90it/s, acc=96.88%, loss=0.0835]
Predictor_1 Epoch 6/12: 100%|â–ˆâ–ˆâ–ˆâ–ˆâ–ˆâ–ˆâ–ˆâ–ˆâ–ˆâ–ˆ| 390/390 [00:01<00:00, 209.56it/s, acc=96.88%, loss=0.0835]
                                                                                                   

Predictor_1 Epoch 7/12:   0%|          | 0/390 [00:00<?, ?it/s]
Predictor_1 Epoch 7/12:   4%|â–         | 17/390 [00:00<00:02, 162.91it/s]
Predictor_1 Epoch 7/12:  11%|â–ˆ         | 41/390 [00:00<00:01, 192.27it/s]
Predictor_1 Epoch 7/12:  17%|â–ˆâ–‹        | 65/390 [00:00<00:01, 204.21it/s]
Predictor_1 Epoch 7/12:  22%|â–ˆâ–ˆâ–       | 86/390 [00:00<00:01, 205.54it/s]
Predictor_1 Epoch 7/12:  28%|â–ˆâ–ˆâ–Š       | 109/390 [00:00<00:01, 211.58it/s]
Predictor_1 Epoch 7/12:  34%|â–ˆâ–ˆâ–ˆâ–Ž      | 131/390 [00:00<00:01, 210.84it/s]
Predictor_1 Epoch 7/12:  39%|â–ˆâ–ˆâ–ˆâ–‰      | 154/390 [00:00<00:01, 208.74it/s]
Predictor_1 Epoch 7/12:  46%|â–ˆâ–ˆâ–ˆâ–ˆâ–Œ     | 178/390 [00:00<00:01, 209.36it/s]
Predictor_1 Epoch 7/12:  52%|â–ˆâ–ˆâ–ˆâ–ˆâ–ˆâ–    | 202/390 [00:00<00:00, 209.99it/s]
Predictor_1 Epoch 7/12:  58%|â–ˆâ–ˆâ–ˆâ–ˆâ–ˆâ–Š    | 226/390 [00:01<00:00, 210.27it/s]
Predictor_1 Epoch 7/12:  64%|â–ˆâ–ˆâ–ˆâ–ˆâ–ˆâ–ˆâ–   | 250/390 [00:01<00:00, 210.98it/s]
Predictor_1 Epoch 7/12:  70%|â–ˆâ–ˆâ–ˆâ–ˆâ–ˆâ–ˆâ–ˆ   | 274/390 [00:01<00:00, 210.96it/s]
Predictor_1 Epoch 7/12:  76%|â–ˆâ–ˆâ–ˆâ–ˆâ–ˆâ–ˆâ–ˆâ–‹  | 298/390 [00:01<00:00, 211.10it/s]
Predictor_1 Epoch 7/12:  83%|â–ˆâ–ˆâ–ˆâ–ˆâ–ˆâ–ˆâ–ˆâ–ˆâ–Ž | 322/390 [00:01<00:00, 211.00it/s]
Predictor_1 Epoch 7/12:  89%|â–ˆâ–ˆâ–ˆâ–ˆâ–ˆâ–ˆâ–ˆâ–ˆâ–Š | 346/390 [00:01<00:00, 211.07it/s]
Predictor_1 Epoch 7/12:  95%|â–ˆâ–ˆâ–ˆâ–ˆâ–ˆâ–ˆâ–ˆâ–ˆâ–ˆâ–| 370/390 [00:01<00:00, 211.28it/s]
Predictor_1 Epoch 7/12:  95%|â–ˆâ–ˆâ–ˆâ–ˆâ–ˆâ–ˆâ–ˆâ–ˆâ–ˆâ–| 370/390 [00:01<00:00, 211.28it/s, acc=99.22%, loss=0.0468]
                                                                                                   

Predictor_1 Epoch 8/12:   0%|          | 0/390 [00:00<?, ?it/s]
Predictor_1 Epoch 8/12:   4%|â–         | 17/390 [00:00<00:02, 156.16it/s]
Predictor_1 Epoch 8/12:  11%|â–ˆ         | 41/390 [00:00<00:01, 189.67it/s]
Predictor_1 Epoch 8/12:  17%|â–ˆâ–‹        | 65/390 [00:00<00:01, 200.97it/s]
Predictor_1 Epoch 8/12:  23%|â–ˆâ–ˆâ–Ž       | 89/390 [00:00<00:01, 206.92it/s]
Predictor_1 Epoch 8/12:  29%|â–ˆâ–ˆâ–‰       | 113/390 [00:00<00:01, 209.65it/s]
Predictor_1 Epoch 8/12:  35%|â–ˆâ–ˆâ–ˆâ–      | 136/390 [00:00<00:01, 214.54it/s]
Predictor_1 Epoch 8/12:  41%|â–ˆâ–ˆâ–ˆâ–ˆ      | 158/390 [00:00<00:01, 210.00it/s]
Predictor_1 Epoch 8/12:  46%|â–ˆâ–ˆâ–ˆâ–ˆâ–Œ     | 180/390 [00:00<00:00, 212.86it/s]
Predictor_1 Epoch 8/12:  52%|â–ˆâ–ˆâ–ˆâ–ˆâ–ˆâ–    | 202/390 [00:00<00:00, 210.12it/s]
Predictor_1 Epoch 8/12:  57%|â–ˆâ–ˆâ–ˆâ–ˆâ–ˆâ–‹    | 224/390 [00:01<00:00, 212.19it/s]
Predictor_1 Epoch 8/12:  63%|â–ˆâ–ˆâ–ˆâ–ˆâ–ˆâ–ˆâ–Ž   | 246/390 [00:01<00:00, 210.44it/s]
Predictor_1 Epoch 8/12:  69%|â–ˆâ–ˆâ–ˆâ–ˆâ–ˆâ–ˆâ–Š   | 268/390 [00:01<00:00, 211.29it/s]
Predictor_1 Epoch 8/12:  74%|â–ˆâ–ˆâ–ˆâ–ˆâ–ˆâ–ˆâ–ˆâ–  | 290/390 [00:01<00:00, 210.12it/s]
Predictor_1 Epoch 8/12:  80%|â–ˆâ–ˆâ–ˆâ–ˆâ–ˆâ–ˆâ–ˆâ–ˆ  | 312/390 [00:01<00:00, 211.47it/s]
Predictor_1 Epoch 8/12:  86%|â–ˆâ–ˆâ–ˆâ–ˆâ–ˆâ–ˆâ–ˆâ–ˆâ–Œ | 334/390 [00:01<00:00, 210.16it/s]
Predictor_1 Epoch 8/12:  91%|â–ˆâ–ˆâ–ˆâ–ˆâ–ˆâ–ˆâ–ˆâ–ˆâ–ˆâ–| 356/390 [00:01<00:00, 211.20it/s]
Predictor_1 Epoch 8/12:  97%|â–ˆâ–ˆâ–ˆâ–ˆâ–ˆâ–ˆâ–ˆâ–ˆâ–ˆâ–‹| 378/390 [00:01<00:00, 210.02it/s]
Predictor_1 Epoch 8/12:  97%|â–ˆâ–ˆâ–ˆâ–ˆâ–ˆâ–ˆâ–ˆâ–ˆâ–ˆâ–‹| 378/390 [00:01<00:00, 210.02it/s, acc=100.00%, loss=0.0264]
                                                                                                    

Predictor_1 Epoch 9/12:   0%|          | 0/390 [00:00<?, ?it/s]
Predictor_1 Epoch 9/12:   4%|â–         | 17/390 [00:00<00:02, 160.71it/s]
Predictor_1 Epoch 9/12:  11%|â–ˆ         | 41/390 [00:00<00:01, 193.03it/s]
Predictor_1 Epoch 9/12:  16%|â–ˆâ–‹        | 64/390 [00:00<00:01, 208.75it/s]
Predictor_1 Epoch 9/12:  22%|â–ˆâ–ˆâ–       | 85/390 [00:00<00:01, 206.06it/s]
Predictor_1 Epoch 9/12:  27%|â–ˆâ–ˆâ–‹       | 106/390 [00:00<00:01, 207.31it/s]
Predictor_1 Epoch 9/12:  33%|â–ˆâ–ˆâ–ˆâ–Ž      | 129/390 [00:00<00:01, 212.04it/s]
Predictor_1 Epoch 9/12:  39%|â–ˆâ–ˆâ–ˆâ–Š      | 151/390 [00:00<00:01, 211.07it/s]
Predictor_1 Epoch 9/12:  44%|â–ˆâ–ˆâ–ˆâ–ˆâ–     | 173/390 [00:00<00:01, 212.94it/s]
Predictor_1 Epoch 9/12:  50%|â–ˆâ–ˆâ–ˆâ–ˆâ–ˆ     | 195/390 [00:00<00:00, 210.26it/s]
Predictor_1 Epoch 9/12:  56%|â–ˆâ–ˆâ–ˆâ–ˆâ–ˆâ–Œ    | 217/390 [00:01<00:00, 212.24it/s]
Predictor_1 Epoch 9/12:  61%|â–ˆâ–ˆâ–ˆâ–ˆâ–ˆâ–ˆâ–   | 239/390 [00:01<00:00, 210.22it/s]
Predictor_1 Epoch 9/12:  67%|â–ˆâ–ˆâ–ˆâ–ˆâ–ˆâ–ˆâ–‹   | 261/390 [00:01<00:00, 210.90it/s]
Predictor_1 Epoch 9/12:  73%|â–ˆâ–ˆâ–ˆâ–ˆâ–ˆâ–ˆâ–ˆâ–Ž  | 283/390 [00:01<00:00, 210.60it/s]
Predictor_1 Epoch 9/12:  78%|â–ˆâ–ˆâ–ˆâ–ˆâ–ˆâ–ˆâ–ˆâ–Š  | 305/390 [00:01<00:00, 210.43it/s][codecarbon INFO @ 03:16:20] Energy consumed for RAM : 0.000317 kWh. RAM Power : 38.0 W

Predictor_1 Epoch 9/12:  84%|â–ˆâ–ˆâ–ˆâ–ˆâ–ˆâ–ˆâ–ˆâ–ˆâ– | 327/390 [00:01<00:00, 211.38it/s]
Predictor_1 Epoch 9/12:  89%|â–ˆâ–ˆâ–ˆâ–ˆâ–ˆâ–ˆâ–ˆâ–ˆâ–‰ | 349/390 [00:01<00:00, 209.74it/s]
Predictor_1 Epoch 9/12:  95%|â–ˆâ–ˆâ–ˆâ–ˆâ–ˆâ–ˆâ–ˆâ–ˆâ–ˆâ–| 370/390 [00:01<00:00, 209.69it/s]
Predictor_1 Epoch 9/12:  95%|â–ˆâ–ˆâ–ˆâ–ˆâ–ˆâ–ˆâ–ˆâ–ˆâ–ˆâ–| 370/390 [00:01<00:00, 209.69it/s, acc=99.22%, loss=0.0331]
                                                                                                   
[codecarbon INFO @ 03:16:21] Delta energy consumed for CPU with cpu_load : 0.000181 kWh, power : 45.0 W
[codecarbon INFO @ 03:16:21] Energy consumed for All CPU : 0.000375 kWh
[codecarbon INFO @ 03:16:21] Energy consumed for all GPUs : 0.000708 kWh. Total GPU Power : 58.94605240450738 W
[codecarbon INFO @ 03:16:21] 0.001399 kWh of electricity used since the beginning.

Predictor_1 Epoch 10/12:   0%|          | 0/390 [00:00<?, ?it/s]
Predictor_1 Epoch 10/12:   4%|â–         | 17/390 [00:00<00:02, 162.18it/s]
Predictor_1 Epoch 10/12:  10%|â–ˆ         | 40/390 [00:00<00:01, 201.28it/s]
Predictor_1 Epoch 10/12:  16%|â–ˆâ–Œ        | 61/390 [00:00<00:01, 199.08it/s]
Predictor_1 Epoch 10/12:  22%|â–ˆâ–ˆâ–       | 84/390 [00:00<00:01, 210.82it/s]
Predictor_1 Epoch 10/12:  27%|â–ˆâ–ˆâ–‹       | 106/390 [00:00<00:01, 205.80it/s]
Predictor_1 Epoch 10/12:  33%|â–ˆâ–ˆâ–ˆâ–Ž      | 129/390 [00:00<00:01, 208.18it/s]
Predictor_1 Epoch 10/12:  39%|â–ˆâ–ˆâ–ˆâ–Š      | 151/390 [00:00<00:01, 211.32it/s]
Predictor_1 Epoch 10/12:  44%|â–ˆâ–ˆâ–ˆâ–ˆâ–     | 173/390 [00:00<00:01, 210.08it/s]
Predictor_1 Epoch 10/12:  50%|â–ˆâ–ˆâ–ˆâ–ˆâ–ˆ     | 195/390 [00:00<00:00, 211.69it/s]
Predictor_1 Epoch 10/12:  56%|â–ˆâ–ˆâ–ˆâ–ˆâ–ˆâ–Œ    | 217/390 [00:01<00:00, 210.96it/s]
Predictor_1 Epoch 10/12:  61%|â–ˆâ–ˆâ–ˆâ–ˆâ–ˆâ–ˆâ–   | 239/390 [00:01<00:00, 211.48it/s]
Predictor_1 Epoch 10/12:  67%|â–ˆâ–ˆâ–ˆâ–ˆâ–ˆâ–ˆâ–‹   | 261/390 [00:01<00:00, 211.32it/s]
Predictor_1 Epoch 10/12:  73%|â–ˆâ–ˆâ–ˆâ–ˆâ–ˆâ–ˆâ–ˆâ–Ž  | 283/390 [00:01<00:00, 211.78it/s]
Predictor_1 Epoch 10/12:  78%|â–ˆâ–ˆâ–ˆâ–ˆâ–ˆâ–ˆâ–ˆâ–Š  | 305/390 [00:01<00:00, 211.70it/s]
Predictor_1 Epoch 10/12:  84%|â–ˆâ–ˆâ–ˆâ–ˆâ–ˆâ–ˆâ–ˆâ–ˆâ– | 327/390 [00:01<00:00, 210.95it/s]
Predictor_1 Epoch 10/12:  89%|â–ˆâ–ˆâ–ˆâ–ˆâ–ˆâ–ˆâ–ˆâ–ˆâ–‰ | 349/390 [00:01<00:00, 212.46it/s]
Predictor_1 Epoch 10/12:  95%|â–ˆâ–ˆâ–ˆâ–ˆâ–ˆâ–ˆâ–ˆâ–ˆâ–ˆâ–Œ| 371/390 [00:01<00:00, 210.25it/s]
Predictor_1 Epoch 10/12:  95%|â–ˆâ–ˆâ–ˆâ–ˆâ–ˆâ–ˆâ–ˆâ–ˆâ–ˆâ–Œ| 371/390 [00:01<00:00, 210.25it/s, acc=98.44%, loss=0.0563]
                                                                                                    

Predictor_1 Epoch 11/12:   0%|          | 0/390 [00:00<?, ?it/s]
Predictor_1 Epoch 11/12:   4%|â–         | 17/390 [00:00<00:02, 168.05it/s]
Predictor_1 Epoch 11/12:  10%|â–ˆ         | 39/390 [00:00<00:01, 197.79it/s]
Predictor_1 Epoch 11/12:  16%|â–ˆâ–Œ        | 61/390 [00:00<00:01, 199.78it/s]
Predictor_1 Epoch 11/12:  22%|â–ˆâ–ˆâ–       | 84/390 [00:00<00:01, 210.06it/s]
Predictor_1 Epoch 11/12:  27%|â–ˆâ–ˆâ–‹       | 106/390 [00:00<00:01, 206.54it/s]
Predictor_1 Epoch 11/12:  33%|â–ˆâ–ˆâ–ˆâ–Ž      | 128/390 [00:00<00:01, 210.92it/s]
Predictor_1 Epoch 11/12:  38%|â–ˆâ–ˆâ–ˆâ–Š      | 150/390 [00:00<00:01, 207.82it/s]
Predictor_1 Epoch 11/12:  44%|â–ˆâ–ˆâ–ˆâ–ˆâ–     | 172/390 [00:00<00:01, 210.76it/s]
Predictor_1 Epoch 11/12:  50%|â–ˆâ–ˆâ–ˆâ–ˆâ–‰     | 194/390 [00:00<00:00, 208.61it/s]
Predictor_1 Epoch 11/12:  55%|â–ˆâ–ˆâ–ˆâ–ˆâ–ˆâ–Œ    | 216/390 [00:01<00:00, 211.14it/s]
Predictor_1 Epoch 11/12:  61%|â–ˆâ–ˆâ–ˆâ–ˆâ–ˆâ–ˆ    | 238/390 [00:01<00:00, 209.37it/s]
Predictor_1 Epoch 11/12:  67%|â–ˆâ–ˆâ–ˆâ–ˆâ–ˆâ–ˆâ–‹   | 260/390 [00:01<00:00, 210.14it/s]
Predictor_1 Epoch 11/12:  72%|â–ˆâ–ˆâ–ˆâ–ˆâ–ˆâ–ˆâ–ˆâ–  | 282/390 [00:01<00:00, 209.23it/s]
Predictor_1 Epoch 11/12:  78%|â–ˆâ–ˆâ–ˆâ–ˆâ–ˆâ–ˆâ–ˆâ–Š  | 305/390 [00:01<00:00, 208.15it/s]
Predictor_1 Epoch 11/12:  84%|â–ˆâ–ˆâ–ˆâ–ˆâ–ˆâ–ˆâ–ˆâ–ˆâ– | 328/390 [00:01<00:00, 214.00it/s]
Predictor_1 Epoch 11/12:  90%|â–ˆâ–ˆâ–ˆâ–ˆâ–ˆâ–ˆâ–ˆâ–ˆâ–‰ | 350/390 [00:01<00:00, 209.60it/s]
Predictor_1 Epoch 11/12:  96%|â–ˆâ–ˆâ–ˆâ–ˆâ–ˆâ–ˆâ–ˆâ–ˆâ–ˆâ–Œ| 373/390 [00:01<00:00, 207.84it/s]
Predictor_1 Epoch 11/12:  96%|â–ˆâ–ˆâ–ˆâ–ˆâ–ˆâ–ˆâ–ˆâ–ˆâ–ˆâ–Œ| 373/390 [00:01<00:00, 207.84it/s, acc=97.66%, loss=0.0528]
                                                                                                    

Predictor_1 Epoch 12/12:   0%|          | 0/390 [00:00<?, ?it/s]
Predictor_1 Epoch 12/12:   4%|â–         | 17/390 [00:00<00:02, 150.56it/s]
Predictor_1 Epoch 12/12:  11%|â–ˆ         | 41/390 [00:00<00:01, 187.49it/s]
Predictor_1 Epoch 12/12:  17%|â–ˆâ–‹        | 65/390 [00:00<00:01, 199.13it/s]
Predictor_1 Epoch 12/12:  23%|â–ˆâ–ˆâ–Ž       | 89/390 [00:00<00:01, 205.09it/s]
Predictor_1 Epoch 12/12:  29%|â–ˆâ–ˆâ–Š       | 112/390 [00:00<00:01, 212.71it/s]
Predictor_1 Epoch 12/12:  34%|â–ˆâ–ˆâ–ˆâ–      | 134/390 [00:00<00:01, 207.53it/s]
Predictor_1 Epoch 12/12:  40%|â–ˆâ–ˆâ–ˆâ–ˆ      | 157/390 [00:00<00:01, 210.52it/s]
Predictor_1 Epoch 12/12:  46%|â–ˆâ–ˆâ–ˆâ–ˆâ–Œ     | 179/390 [00:00<00:01, 210.95it/s]
Predictor_1 Epoch 12/12:  52%|â–ˆâ–ˆâ–ˆâ–ˆâ–ˆâ–    | 201/390 [00:00<00:00, 212.35it/s]
Predictor_1 Epoch 12/12:  57%|â–ˆâ–ˆâ–ˆâ–ˆâ–ˆâ–‹    | 223/390 [00:01<00:00, 209.51it/s]
Predictor_1 Epoch 12/12:  63%|â–ˆâ–ˆâ–ˆâ–ˆâ–ˆâ–ˆâ–Ž   | 246/390 [00:01<00:00, 207.29it/s]
Predictor_1 Epoch 12/12:  69%|â–ˆâ–ˆâ–ˆâ–ˆâ–ˆâ–ˆâ–‰   | 270/390 [00:01<00:00, 207.95it/s]
Predictor_1 Epoch 12/12:  75%|â–ˆâ–ˆâ–ˆâ–ˆâ–ˆâ–ˆâ–ˆâ–Œ  | 294/390 [00:01<00:00, 208.49it/s]
Predictor_1 Epoch 12/12:  82%|â–ˆâ–ˆâ–ˆâ–ˆâ–ˆâ–ˆâ–ˆâ–ˆâ– | 318/390 [00:01<00:00, 208.38it/s]
Predictor_1 Epoch 12/12:  87%|â–ˆâ–ˆâ–ˆâ–ˆâ–ˆâ–ˆâ–ˆâ–ˆâ–‹ | 341/390 [00:01<00:00, 214.19it/s]
Predictor_1 Epoch 12/12:  93%|â–ˆâ–ˆâ–ˆâ–ˆâ–ˆâ–ˆâ–ˆâ–ˆâ–ˆâ–Ž| 363/390 [00:01<00:00, 208.79it/s]
Predictor_1 Epoch 12/12:  98%|â–ˆâ–ˆâ–ˆâ–ˆâ–ˆâ–ˆâ–ˆâ–ˆâ–ˆâ–Š| 384/390 [00:01<00:00, 205.78it/s]
Predictor_1 Epoch 12/12:  98%|â–ˆâ–ˆâ–ˆâ–ˆâ–ˆâ–ˆâ–ˆâ–ˆâ–ˆâ–Š| 384/390 [00:01<00:00, 205.78it/s, acc=99.22%, loss=0.0236]
                                                                                                    

Predictor_2 Epoch 1/12:   0%|          | 0/390 [00:00<?, ?it/s]
Predictor_2 Epoch 1/12:   4%|â–         | 17/390 [00:00<00:02, 155.52it/s]
Predictor_2 Epoch 1/12:  11%|â–ˆ         | 41/390 [00:00<00:01, 192.27it/s]
Predictor_2 Epoch 1/12:  17%|â–ˆâ–‹        | 65/390 [00:00<00:01, 202.37it/s]
Predictor_2 Epoch 1/12:  23%|â–ˆâ–ˆâ–Ž       | 89/390 [00:00<00:01, 206.61it/s]
Predictor_2 Epoch 1/12:  29%|â–ˆâ–ˆâ–Š       | 112/390 [00:00<00:01, 213.93it/s]
Predictor_2 Epoch 1/12:  34%|â–ˆâ–ˆâ–ˆâ–      | 134/390 [00:00<00:01, 208.52it/s]
Predictor_2 Epoch 1/12:  40%|â–ˆâ–ˆâ–ˆâ–ˆ      | 157/390 [00:00<00:01, 210.27it/s]
Predictor_2 Epoch 1/12:  46%|â–ˆâ–ˆâ–ˆâ–ˆâ–Œ     | 179/390 [00:00<00:00, 212.19it/s]
Predictor_2 Epoch 1/12:  52%|â–ˆâ–ˆâ–ˆâ–ˆâ–ˆâ–    | 201/390 [00:00<00:00, 211.51it/s]
Predictor_2 Epoch 1/12:  57%|â–ˆâ–ˆâ–ˆâ–ˆâ–ˆâ–‹    | 223/390 [00:01<00:00, 211.46it/s]
Predictor_2 Epoch 1/12:  63%|â–ˆâ–ˆâ–ˆâ–ˆâ–ˆâ–ˆâ–Ž   | 245/390 [00:01<00:00, 212.05it/s]
Predictor_2 Epoch 1/12:  68%|â–ˆâ–ˆâ–ˆâ–ˆâ–ˆâ–ˆâ–Š   | 267/390 [00:01<00:00, 211.05it/s]
Predictor_2 Epoch 1/12:  74%|â–ˆâ–ˆâ–ˆâ–ˆâ–ˆâ–ˆâ–ˆâ–  | 289/390 [00:01<00:00, 213.49it/s]
Predictor_2 Epoch 1/12:  80%|â–ˆâ–ˆâ–ˆâ–ˆâ–ˆâ–ˆâ–ˆâ–‰  | 311/390 [00:01<00:00, 210.31it/s]
Predictor_2 Epoch 1/12:  86%|â–ˆâ–ˆâ–ˆâ–ˆâ–ˆâ–ˆâ–ˆâ–ˆâ–Œ | 334/390 [00:01<00:00, 208.40it/s]
Predictor_2 Epoch 1/12:  92%|â–ˆâ–ˆâ–ˆâ–ˆâ–ˆâ–ˆâ–ˆâ–ˆâ–ˆâ–| 358/390 [00:01<00:00, 209.46it/s]
Predictor_2 Epoch 1/12:  98%|â–ˆâ–ˆâ–ˆâ–ˆâ–ˆâ–ˆâ–ˆâ–ˆâ–ˆâ–Š| 382/390 [00:01<00:00, 210.17it/s]
Predictor_2 Epoch 1/12:  98%|â–ˆâ–ˆâ–ˆâ–ˆâ–ˆâ–ˆâ–ˆâ–ˆâ–ˆâ–Š| 382/390 [00:01<00:00, 210.17it/s, acc=98.44%, loss=0.0808]
                                                                                                   

Predictor_2 Epoch 2/12:   0%|          | 0/390 [00:00<?, ?it/s]
Predictor_2 Epoch 2/12:   4%|â–         | 17/390 [00:00<00:02, 151.98it/s]
Predictor_2 Epoch 2/12:  11%|â–ˆ         | 41/390 [00:00<00:01, 189.08it/s]
Predictor_2 Epoch 2/12:  16%|â–ˆâ–Œ        | 63/390 [00:00<00:01, 202.14it/s]
Predictor_2 Epoch 2/12:  22%|â–ˆâ–ˆâ–       | 85/390 [00:00<00:01, 205.72it/s]
Predictor_2 Epoch 2/12:  27%|â–ˆâ–ˆâ–‹       | 106/390 [00:00<00:01, 205.14it/s]
Predictor_2 Epoch 2/12:  33%|â–ˆâ–ˆâ–ˆâ–Ž      | 129/390 [00:00<00:01, 211.73it/s]
Predictor_2 Epoch 2/12:  39%|â–ˆâ–ˆâ–ˆâ–Š      | 151/390 [00:00<00:01, 208.80it/s]
Predictor_2 Epoch 2/12:  45%|â–ˆâ–ˆâ–ˆâ–ˆâ–     | 174/390 [00:00<00:01, 208.22it/s]
Predictor_2 Epoch 2/12:  51%|â–ˆâ–ˆâ–ˆâ–ˆâ–ˆ     | 198/390 [00:00<00:00, 209.26it/s]
Predictor_2 Epoch 2/12:  57%|â–ˆâ–ˆâ–ˆâ–ˆâ–ˆâ–‹    | 222/390 [00:01<00:00, 209.84it/s]
Predictor_2 Epoch 2/12:  63%|â–ˆâ–ˆâ–ˆâ–ˆâ–ˆâ–ˆâ–Ž   | 246/390 [00:01<00:00, 210.08it/s]
Predictor_2 Epoch 2/12:  69%|â–ˆâ–ˆâ–ˆâ–ˆâ–ˆâ–ˆâ–‰   | 269/390 [00:01<00:00, 215.35it/s]
Predictor_2 Epoch 2/12:  75%|â–ˆâ–ˆâ–ˆâ–ˆâ–ˆâ–ˆâ–ˆâ–  | 291/390 [00:01<00:00, 210.94it/s]
Predictor_2 Epoch 2/12:  81%|â–ˆâ–ˆâ–ˆâ–ˆâ–ˆâ–ˆâ–ˆâ–ˆ  | 314/390 [00:01<00:00, 209.90it/s]
Predictor_2 Epoch 2/12:  87%|â–ˆâ–ˆâ–ˆâ–ˆâ–ˆâ–ˆâ–ˆâ–ˆâ–‹ | 338/390 [00:01<00:00, 210.50it/s]
Predictor_2 Epoch 2/12:  93%|â–ˆâ–ˆâ–ˆâ–ˆâ–ˆâ–ˆâ–ˆâ–ˆâ–ˆâ–Ž| 362/390 [00:01<00:00, 209.78it/s]
Predictor_2 Epoch 2/12:  98%|â–ˆâ–ˆâ–ˆâ–ˆâ–ˆâ–ˆâ–ˆâ–ˆâ–ˆâ–Š| 383/390 [00:01<00:00, 208.12it/s]
Predictor_2 Epoch 2/12:  98%|â–ˆâ–ˆâ–ˆâ–ˆâ–ˆâ–ˆâ–ˆâ–ˆâ–ˆâ–Š| 383/390 [00:01<00:00, 208.12it/s, acc=100.00%, loss=0.0133]
                                                                                                    

Predictor_2 Epoch 3/12:   0%|          | 0/390 [00:00<?, ?it/s]
Predictor_2 Epoch 3/12:   4%|â–         | 17/390 [00:00<00:02, 162.59it/s]
Predictor_2 Epoch 3/12:  11%|â–ˆ         | 41/390 [00:00<00:01, 193.73it/s]
Predictor_2 Epoch 3/12:  16%|â–ˆâ–‹        | 64/390 [00:00<00:01, 208.84it/s]
Predictor_2 Epoch 3/12:  22%|â–ˆâ–ˆâ–       | 85/390 [00:00<00:01, 204.91it/s]
Predictor_2 Epoch 3/12:  27%|â–ˆâ–ˆâ–‹       | 107/390 [00:00<00:01, 209.36it/s]
Predictor_2 Epoch 3/12:  33%|â–ˆâ–ˆâ–ˆâ–Ž      | 129/390 [00:00<00:01, 209.67it/s]
Predictor_2 Epoch 3/12:  38%|â–ˆâ–ˆâ–ˆâ–Š      | 150/390 [00:00<00:01, 208.30it/s]
Predictor_2 Epoch 3/12:  44%|â–ˆâ–ˆâ–ˆâ–ˆâ–     | 173/390 [00:00<00:01, 212.49it/s]
Predictor_2 Epoch 3/12:  50%|â–ˆâ–ˆâ–ˆâ–ˆâ–ˆ     | 195/390 [00:00<00:00, 210.83it/s]
Predictor_2 Epoch 3/12:  56%|â–ˆâ–ˆâ–ˆâ–ˆâ–ˆâ–Œ    | 217/390 [00:01<00:00, 213.56it/s]
Predictor_2 Epoch 3/12:  61%|â–ˆâ–ˆâ–ˆâ–ˆâ–ˆâ–ˆâ–   | 239/390 [00:01<00:00, 210.24it/s]
Predictor_2 Epoch 3/12:  67%|â–ˆâ–ˆâ–ˆâ–ˆâ–ˆâ–ˆâ–‹   | 262/390 [00:01<00:00, 208.65it/s]
Predictor_2 Epoch 3/12:  73%|â–ˆâ–ˆâ–ˆâ–ˆâ–ˆâ–ˆâ–ˆâ–Ž  | 286/390 [00:01<00:00, 209.37it/s]
Predictor_2 Epoch 3/12:  79%|â–ˆâ–ˆâ–ˆâ–ˆâ–ˆâ–ˆâ–ˆâ–‰  | 310/390 [00:01<00:00, 209.83it/s]
Predictor_2 Epoch 3/12:  86%|â–ˆâ–ˆâ–ˆâ–ˆâ–ˆâ–ˆâ–ˆâ–ˆâ–Œ | 334/390 [00:01<00:00, 210.15it/s]
Predictor_2 Epoch 3/12:  92%|â–ˆâ–ˆâ–ˆâ–ˆâ–ˆâ–ˆâ–ˆâ–ˆâ–ˆâ–| 358/390 [00:01<00:00, 210.28it/s]
Predictor_2 Epoch 3/12:  98%|â–ˆâ–ˆâ–ˆâ–ˆâ–ˆâ–ˆâ–ˆâ–ˆâ–ˆâ–Š| 382/390 [00:01<00:00, 210.47it/s]
Predictor_2 Epoch 3/12:  98%|â–ˆâ–ˆâ–ˆâ–ˆâ–ˆâ–ˆâ–ˆâ–ˆâ–ˆâ–Š| 382/390 [00:01<00:00, 210.47it/s, acc=96.88%, loss=0.0829]
                                                                                                   

Predictor_2 Epoch 4/12:   0%|          | 0/390 [00:00<?, ?it/s]
Predictor_2 Epoch 4/12:   4%|â–         | 17/390 [00:00<00:02, 162.39it/s]
Predictor_2 Epoch 4/12:  10%|â–ˆ         | 40/390 [00:00<00:01, 200.12it/s]
Predictor_2 Epoch 4/12:  16%|â–ˆâ–Œ        | 61/390 [00:00<00:01, 200.57it/s]
Predictor_2 Epoch 4/12:  21%|â–ˆâ–ˆ        | 82/390 [00:00<00:01, 203.30it/s]
Predictor_2 Epoch 4/12:  27%|â–ˆâ–ˆâ–‹       | 105/390 [00:00<00:01, 208.52it/s]
Predictor_2 Epoch 4/12:  32%|â–ˆâ–ˆâ–ˆâ–      | 126/390 [00:00<00:01, 207.26it/s]
Predictor_2 Epoch 4/12:  38%|â–ˆâ–ˆâ–ˆâ–Š      | 149/390 [00:00<00:01, 211.43it/s][codecarbon INFO @ 03:16:35] Energy consumed for RAM : 0.000470 kWh. RAM Power : 38.0 W

Predictor_2 Epoch 4/12:  44%|â–ˆâ–ˆâ–ˆâ–ˆâ–     | 171/390 [00:00<00:01, 210.35it/s]
Predictor_2 Epoch 4/12:  49%|â–ˆâ–ˆâ–ˆâ–ˆâ–‰     | 193/390 [00:00<00:00, 212.43it/s]
Predictor_2 Epoch 4/12:  55%|â–ˆâ–ˆâ–ˆâ–ˆâ–ˆâ–Œ    | 215/390 [00:01<00:00, 210.63it/s]
Predictor_2 Epoch 4/12:  61%|â–ˆâ–ˆâ–ˆâ–ˆâ–ˆâ–ˆ    | 237/390 [00:01<00:00, 212.70it/s]
Predictor_2 Epoch 4/12:  66%|â–ˆâ–ˆâ–ˆâ–ˆâ–ˆâ–ˆâ–‹   | 259/390 [00:01<00:00, 210.31it/s][codecarbon INFO @ 03:16:36] Delta energy consumed for CPU with cpu_load : 0.000181 kWh, power : 45.0 W
[codecarbon INFO @ 03:16:36] Energy consumed for All CPU : 0.000556 kWh
[codecarbon INFO @ 03:16:36] Energy consumed for all GPUs : 0.000958 kWh. Total GPU Power : 60.042382384259696 W
[codecarbon INFO @ 03:16:36] 0.001984 kWh of electricity used since the beginning.

Predictor_2 Epoch 4/12:  72%|â–ˆâ–ˆâ–ˆâ–ˆâ–ˆâ–ˆâ–ˆâ–  | 281/390 [00:01<00:00, 213.15it/s]
Predictor_2 Epoch 4/12:  78%|â–ˆâ–ˆâ–ˆâ–ˆâ–ˆâ–ˆâ–ˆâ–Š  | 303/390 [00:01<00:00, 209.89it/s]
Predictor_2 Epoch 4/12:  83%|â–ˆâ–ˆâ–ˆâ–ˆâ–ˆâ–ˆâ–ˆâ–ˆâ–Ž | 325/390 [00:01<00:00, 212.18it/s]
Predictor_2 Epoch 4/12:  89%|â–ˆâ–ˆâ–ˆâ–ˆâ–ˆâ–ˆâ–ˆâ–ˆâ–‰ | 347/390 [00:01<00:00, 209.69it/s]
Predictor_2 Epoch 4/12:  95%|â–ˆâ–ˆâ–ˆâ–ˆâ–ˆâ–ˆâ–ˆâ–ˆâ–ˆâ–| 369/390 [00:01<00:00, 211.85it/s]
Predictor_2 Epoch 4/12:  95%|â–ˆâ–ˆâ–ˆâ–ˆâ–ˆâ–ˆâ–ˆâ–ˆâ–ˆâ–| 369/390 [00:01<00:00, 211.85it/s, acc=100.00%, loss=0.0219]
                                                                                                    

Predictor_2 Epoch 5/12:   0%|          | 0/390 [00:00<?, ?it/s]
Predictor_2 Epoch 5/12:   4%|â–         | 17/390 [00:00<00:02, 160.41it/s]
Predictor_2 Epoch 5/12:  11%|â–ˆ         | 41/390 [00:00<00:01, 192.31it/s]
Predictor_2 Epoch 5/12:  16%|â–ˆâ–‹        | 64/390 [00:00<00:01, 208.13it/s]
Predictor_2 Epoch 5/12:  22%|â–ˆâ–ˆâ–       | 85/390 [00:00<00:01, 205.14it/s]
Predictor_2 Epoch 5/12:  27%|â–ˆâ–ˆâ–‹       | 106/390 [00:00<00:01, 206.29it/s]
Predictor_2 Epoch 5/12:  33%|â–ˆâ–ˆâ–ˆâ–Ž      | 129/390 [00:00<00:01, 210.55it/s]
Predictor_2 Epoch 5/12:  39%|â–ˆâ–ˆâ–ˆâ–Š      | 151/390 [00:00<00:01, 210.12it/s]
Predictor_2 Epoch 5/12:  44%|â–ˆâ–ˆâ–ˆâ–ˆâ–     | 173/390 [00:00<00:01, 212.61it/s]
Predictor_2 Epoch 5/12:  50%|â–ˆâ–ˆâ–ˆâ–ˆâ–ˆ     | 195/390 [00:00<00:00, 209.82it/s]
Predictor_2 Epoch 5/12:  56%|â–ˆâ–ˆâ–ˆâ–ˆâ–ˆâ–Œ    | 218/390 [00:01<00:00, 208.08it/s]
Predictor_2 Epoch 5/12:  62%|â–ˆâ–ˆâ–ˆâ–ˆâ–ˆâ–ˆâ–   | 240/390 [00:01<00:00, 210.88it/s]
Predictor_2 Epoch 5/12:  67%|â–ˆâ–ˆâ–ˆâ–ˆâ–ˆâ–ˆâ–‹   | 262/390 [00:01<00:00, 208.22it/s]
Predictor_2 Epoch 5/12:  73%|â–ˆâ–ˆâ–ˆâ–ˆâ–ˆâ–ˆâ–ˆâ–Ž  | 286/390 [00:01<00:00, 209.11it/s]
Predictor_2 Epoch 5/12:  79%|â–ˆâ–ˆâ–ˆâ–ˆâ–ˆâ–ˆâ–ˆâ–‰  | 309/390 [00:01<00:00, 214.89it/s]
Predictor_2 Epoch 5/12:  85%|â–ˆâ–ˆâ–ˆâ–ˆâ–ˆâ–ˆâ–ˆâ–ˆâ– | 331/390 [00:01<00:00, 210.32it/s]
Predictor_2 Epoch 5/12:  91%|â–ˆâ–ˆâ–ˆâ–ˆâ–ˆâ–ˆâ–ˆâ–ˆâ–ˆ | 354/390 [00:01<00:00, 208.96it/s]
Predictor_2 Epoch 5/12:  97%|â–ˆâ–ˆâ–ˆâ–ˆâ–ˆâ–ˆâ–ˆâ–ˆâ–ˆâ–‹| 377/390 [00:01<00:00, 214.92it/s]
Predictor_2 Epoch 5/12:  97%|â–ˆâ–ˆâ–ˆâ–ˆâ–ˆâ–ˆâ–ˆâ–ˆâ–ˆâ–‹| 377/390 [00:01<00:00, 214.92it/s, acc=99.22%, loss=0.0252]
                                                                                                   

Predictor_2 Epoch 6/12:   0%|          | 0/390 [00:00<?, ?it/s]
Predictor_2 Epoch 6/12:   4%|â–         | 17/390 [00:00<00:02, 153.88it/s]
Predictor_2 Epoch 6/12:  11%|â–ˆ         | 41/390 [00:00<00:01, 189.22it/s]
Predictor_2 Epoch 6/12:  17%|â–ˆâ–‹        | 65/390 [00:00<00:01, 199.74it/s]
Predictor_2 Epoch 6/12:  23%|â–ˆâ–ˆâ–Ž       | 89/390 [00:00<00:01, 204.05it/s]
Predictor_2 Epoch 6/12:  29%|â–ˆâ–ˆâ–‰       | 113/390 [00:00<00:01, 206.92it/s]
Predictor_2 Epoch 6/12:  35%|â–ˆâ–ˆâ–ˆâ–Œ      | 137/390 [00:00<00:01, 208.52it/s]
Predictor_2 Epoch 6/12:  41%|â–ˆâ–ˆâ–ˆâ–ˆâ–     | 161/390 [00:00<00:01, 209.49it/s]
Predictor_2 Epoch 6/12:  47%|â–ˆâ–ˆâ–ˆâ–ˆâ–‹     | 185/390 [00:00<00:00, 209.78it/s]
Predictor_2 Epoch 6/12:  54%|â–ˆâ–ˆâ–ˆâ–ˆâ–ˆâ–Ž    | 209/390 [00:01<00:00, 210.47it/s]
Predictor_2 Epoch 6/12:  60%|â–ˆâ–ˆâ–ˆâ–ˆâ–ˆâ–‰    | 233/390 [00:01<00:00, 211.07it/s]
Predictor_2 Epoch 6/12:  66%|â–ˆâ–ˆâ–ˆâ–ˆâ–ˆâ–ˆâ–Œ   | 257/390 [00:01<00:00, 211.11it/s]
Predictor_2 Epoch 6/12:  72%|â–ˆâ–ˆâ–ˆâ–ˆâ–ˆâ–ˆâ–ˆâ–  | 281/390 [00:01<00:00, 211.34it/s]
Predictor_2 Epoch 6/12:  78%|â–ˆâ–ˆâ–ˆâ–ˆâ–ˆâ–ˆâ–ˆâ–Š  | 305/390 [00:01<00:00, 211.31it/s]
Predictor_2 Epoch 6/12:  84%|â–ˆâ–ˆâ–ˆâ–ˆâ–ˆâ–ˆâ–ˆâ–ˆâ– | 329/390 [00:01<00:00, 211.44it/s]
Predictor_2 Epoch 6/12:  91%|â–ˆâ–ˆâ–ˆâ–ˆâ–ˆâ–ˆâ–ˆâ–ˆâ–ˆ | 353/390 [00:01<00:00, 211.41it/s]
Predictor_2 Epoch 6/12:  97%|â–ˆâ–ˆâ–ˆâ–ˆâ–ˆâ–ˆâ–ˆâ–ˆâ–ˆâ–‹| 377/390 [00:01<00:00, 211.87it/s]
Predictor_2 Epoch 6/12:  97%|â–ˆâ–ˆâ–ˆâ–ˆâ–ˆâ–ˆâ–ˆâ–ˆâ–ˆâ–‹| 377/390 [00:01<00:00, 211.87it/s, acc=100.00%, loss=0.0169]
                                                                                                    

Predictor_2 Epoch 7/12:   0%|          | 0/390 [00:00<?, ?it/s]
Predictor_2 Epoch 7/12:   4%|â–         | 17/390 [00:00<00:02, 160.47it/s]
Predictor_2 Epoch 7/12:  11%|â–ˆ         | 41/390 [00:00<00:01, 192.25it/s]
Predictor_2 Epoch 7/12:  17%|â–ˆâ–‹        | 65/390 [00:00<00:01, 201.27it/s]
Predictor_2 Epoch 7/12:  23%|â–ˆâ–ˆâ–Ž       | 88/390 [00:00<00:01, 211.71it/s]
Predictor_2 Epoch 7/12:  28%|â–ˆâ–ˆâ–Š       | 110/390 [00:00<00:01, 206.94it/s]
Predictor_2 Epoch 7/12:  34%|â–ˆâ–ˆâ–ˆâ–      | 133/390 [00:00<00:01, 207.47it/s]
Predictor_2 Epoch 7/12:  40%|â–ˆâ–ˆâ–ˆâ–ˆ      | 156/390 [00:00<00:01, 213.99it/s]
Predictor_2 Epoch 7/12:  46%|â–ˆâ–ˆâ–ˆâ–ˆâ–Œ     | 178/390 [00:00<00:01, 209.54it/s]
Predictor_2 Epoch 7/12:  52%|â–ˆâ–ˆâ–ˆâ–ˆâ–ˆâ–    | 201/390 [00:00<00:00, 209.19it/s]
Predictor_2 Epoch 7/12:  57%|â–ˆâ–ˆâ–ˆâ–ˆâ–ˆâ–‹    | 224/390 [00:01<00:00, 213.75it/s]
Predictor_2 Epoch 7/12:  63%|â–ˆâ–ˆâ–ˆâ–ˆâ–ˆâ–ˆâ–Ž   | 246/390 [00:01<00:00, 209.80it/s]
Predictor_2 Epoch 7/12:  69%|â–ˆâ–ˆâ–ˆâ–ˆâ–ˆâ–ˆâ–‰   | 269/390 [00:01<00:00, 210.14it/s]
Predictor_2 Epoch 7/12:  75%|â–ˆâ–ˆâ–ˆâ–ˆâ–ˆâ–ˆâ–ˆâ–  | 291/390 [00:01<00:00, 211.99it/s]
Predictor_2 Epoch 7/12:  80%|â–ˆâ–ˆâ–ˆâ–ˆâ–ˆâ–ˆâ–ˆâ–ˆ  | 313/390 [00:01<00:00, 211.04it/s]
Predictor_2 Epoch 7/12:  86%|â–ˆâ–ˆâ–ˆâ–ˆâ–ˆâ–ˆâ–ˆâ–ˆâ–Œ | 335/390 [00:01<00:00, 211.38it/s]
Predictor_2 Epoch 7/12:  92%|â–ˆâ–ˆâ–ˆâ–ˆâ–ˆâ–ˆâ–ˆâ–ˆâ–ˆâ–| 357/390 [00:01<00:00, 211.74it/s]
Predictor_2 Epoch 7/12:  97%|â–ˆâ–ˆâ–ˆâ–ˆâ–ˆâ–ˆâ–ˆâ–ˆâ–ˆâ–‹| 379/390 [00:01<00:00, 211.34it/s]
Predictor_2 Epoch 7/12:  97%|â–ˆâ–ˆâ–ˆâ–ˆâ–ˆâ–ˆâ–ˆâ–ˆâ–ˆâ–‹| 379/390 [00:01<00:00, 211.34it/s, acc=100.00%, loss=0.0091]
                                                                                                    

Predictor_2 Epoch 8/12:   0%|          | 0/390 [00:00<?, ?it/s]
Predictor_2 Epoch 8/12:   4%|â–         | 17/390 [00:00<00:02, 162.05it/s]
Predictor_2 Epoch 8/12:  11%|â–ˆ         | 41/390 [00:00<00:01, 191.99it/s]
Predictor_2 Epoch 8/12:  16%|â–ˆâ–‹        | 64/390 [00:00<00:01, 208.21it/s]
Predictor_2 Epoch 8/12:  22%|â–ˆâ–ˆâ–       | 85/390 [00:00<00:01, 204.87it/s]
Predictor_2 Epoch 8/12:  27%|â–ˆâ–ˆâ–‹       | 106/390 [00:00<00:01, 206.17it/s]
Predictor_2 Epoch 8/12:  33%|â–ˆâ–ˆâ–ˆâ–Ž      | 127/390 [00:00<00:01, 206.85it/s]
Predictor_2 Epoch 8/12:  38%|â–ˆâ–ˆâ–ˆâ–Š      | 150/390 [00:00<00:01, 207.91it/s]
Predictor_2 Epoch 8/12:  44%|â–ˆâ–ˆâ–ˆâ–ˆâ–     | 173/390 [00:00<00:01, 212.97it/s]
Predictor_2 Epoch 8/12:  50%|â–ˆâ–ˆâ–ˆâ–ˆâ–ˆ     | 195/390 [00:00<00:00, 209.83it/s]
Predictor_2 Epoch 8/12:  56%|â–ˆâ–ˆâ–ˆâ–ˆâ–ˆâ–Œ    | 218/390 [00:01<00:00, 207.82it/s]
Predictor_2 Epoch 8/12:  62%|â–ˆâ–ˆâ–ˆâ–ˆâ–ˆâ–ˆâ–   | 242/390 [00:01<00:00, 208.47it/s]
Predictor_2 Epoch 8/12:  68%|â–ˆâ–ˆâ–ˆâ–ˆâ–ˆâ–ˆâ–Š   | 266/390 [00:01<00:00, 209.15it/s]
Predictor_2 Epoch 8/12:  74%|â–ˆâ–ˆâ–ˆâ–ˆâ–ˆâ–ˆâ–ˆâ–  | 290/390 [00:01<00:00, 209.67it/s]
Predictor_2 Epoch 8/12:  81%|â–ˆâ–ˆâ–ˆâ–ˆâ–ˆâ–ˆâ–ˆâ–ˆ  | 314/390 [00:01<00:00, 210.01it/s]
Predictor_2 Epoch 8/12:  86%|â–ˆâ–ˆâ–ˆâ–ˆâ–ˆâ–ˆâ–ˆâ–ˆâ–Œ | 336/390 [00:01<00:00, 212.62it/s]
Predictor_2 Epoch 8/12:  92%|â–ˆâ–ˆâ–ˆâ–ˆâ–ˆâ–ˆâ–ˆâ–ˆâ–ˆâ–| 358/390 [00:01<00:00, 209.65it/s]
Predictor_2 Epoch 8/12:  98%|â–ˆâ–ˆâ–ˆâ–ˆâ–ˆâ–ˆâ–ˆâ–ˆâ–ˆâ–Š| 382/390 [00:01<00:00, 209.78it/s]
Predictor_2 Epoch 8/12:  98%|â–ˆâ–ˆâ–ˆâ–ˆâ–ˆâ–ˆâ–ˆâ–ˆâ–ˆâ–Š| 382/390 [00:01<00:00, 209.78it/s, acc=100.00%, loss=0.0139]
                                                                                                    

Predictor_2 Epoch 9/12:   0%|          | 0/390 [00:00<?, ?it/s]
Predictor_2 Epoch 9/12:   4%|â–         | 17/390 [00:00<00:02, 155.45it/s]
Predictor_2 Epoch 9/12:  11%|â–ˆ         | 41/390 [00:00<00:01, 190.47it/s]
Predictor_2 Epoch 9/12:  17%|â–ˆâ–‹        | 65/390 [00:00<00:01, 200.84it/s]
Predictor_2 Epoch 9/12:  23%|â–ˆâ–ˆâ–Ž       | 89/390 [00:00<00:01, 206.38it/s]
Predictor_2 Epoch 9/12:  29%|â–ˆâ–ˆâ–Š       | 112/390 [00:00<00:01, 213.61it/s]
Predictor_2 Epoch 9/12:  34%|â–ˆâ–ˆâ–ˆâ–      | 134/390 [00:00<00:01, 208.61it/s]
Predictor_2 Epoch 9/12:  40%|â–ˆâ–ˆâ–ˆâ–ˆ      | 157/390 [00:00<00:01, 210.85it/s]
Predictor_2 Epoch 9/12:  46%|â–ˆâ–ˆâ–ˆâ–ˆâ–Œ     | 179/390 [00:00<00:00, 211.56it/s]
Predictor_2 Epoch 9/12:  52%|â–ˆâ–ˆâ–ˆâ–ˆâ–ˆâ–    | 201/390 [00:00<00:00, 212.31it/s]
Predictor_2 Epoch 9/12:  57%|â–ˆâ–ˆâ–ˆâ–ˆâ–ˆâ–‹    | 223/390 [00:01<00:00, 211.20it/s]
Predictor_2 Epoch 9/12:  63%|â–ˆâ–ˆâ–ˆâ–ˆâ–ˆâ–ˆâ–Ž   | 245/390 [00:01<00:00, 213.46it/s]
Predictor_2 Epoch 9/12:  68%|â–ˆâ–ˆâ–ˆâ–ˆâ–ˆâ–ˆâ–Š   | 267/390 [00:01<00:00, 210.31it/s]
Predictor_2 Epoch 9/12:  74%|â–ˆâ–ˆâ–ˆâ–ˆâ–ˆâ–ˆâ–ˆâ–  | 290/390 [00:01<00:00, 208.43it/s]
Predictor_2 Epoch 9/12:  81%|â–ˆâ–ˆâ–ˆâ–ˆâ–ˆâ–ˆâ–ˆâ–ˆ  | 314/390 [00:01<00:00, 209.07it/s]
Predictor_2 Epoch 9/12:  87%|â–ˆâ–ˆâ–ˆâ–ˆâ–ˆâ–ˆâ–ˆâ–ˆâ–‹ | 338/390 [00:01<00:00, 209.55it/s]
Predictor_2 Epoch 9/12:  93%|â–ˆâ–ˆâ–ˆâ–ˆâ–ˆâ–ˆâ–ˆâ–ˆâ–ˆâ–Ž| 362/390 [00:01<00:00, 210.04it/s]
Predictor_2 Epoch 9/12:  98%|â–ˆâ–ˆâ–ˆâ–ˆâ–ˆâ–ˆâ–ˆâ–ˆâ–ˆâ–Š| 384/390 [00:01<00:00, 208.82it/s]
Predictor_2 Epoch 9/12:  98%|â–ˆâ–ˆâ–ˆâ–ˆâ–ˆâ–ˆâ–ˆâ–ˆâ–ˆâ–Š| 384/390 [00:01<00:00, 208.82it/s, acc=99.22%, loss=0.0343]
                                                                                                   

Predictor_2 Epoch 10/12:   0%|          | 0/390 [00:00<?, ?it/s]
Predictor_2 Epoch 10/12:   4%|â–         | 17/390 [00:00<00:02, 153.16it/s]
Predictor_2 Epoch 10/12:  11%|â–ˆ         | 41/390 [00:00<00:01, 188.69it/s]
Predictor_2 Epoch 10/12:  17%|â–ˆâ–‹        | 65/390 [00:00<00:01, 199.47it/s]
Predictor_2 Epoch 10/12:  23%|â–ˆâ–ˆâ–Ž       | 89/390 [00:00<00:01, 205.09it/s]
Predictor_2 Epoch 10/12:  29%|â–ˆâ–ˆâ–‰       | 113/390 [00:00<00:01, 207.80it/s]
Predictor_2 Epoch 10/12:  35%|â–ˆâ–ˆâ–ˆâ–Œ      | 137/390 [00:00<00:01, 209.77it/s]
Predictor_2 Epoch 10/12:  41%|â–ˆâ–ˆâ–ˆâ–ˆ      | 160/390 [00:00<00:01, 215.70it/s]
Predictor_2 Epoch 10/12:  47%|â–ˆâ–ˆâ–ˆâ–ˆâ–‹     | 182/390 [00:00<00:00, 209.90it/s]
Predictor_2 Epoch 10/12:  53%|â–ˆâ–ˆâ–ˆâ–ˆâ–ˆâ–Ž    | 205/390 [00:00<00:00, 211.57it/s]
Predictor_2 Epoch 10/12:  58%|â–ˆâ–ˆâ–ˆâ–ˆâ–ˆâ–Š    | 227/390 [00:01<00:00, 211.82it/s]
Predictor_2 Epoch 10/12:  64%|â–ˆâ–ˆâ–ˆâ–ˆâ–ˆâ–ˆâ–   | 249/390 [00:01<00:00, 213.88it/s]
Predictor_2 Epoch 10/12:  69%|â–ˆâ–ˆâ–ˆâ–ˆâ–ˆâ–ˆâ–‰   | 271/390 [00:01<00:00, 209.98it/s]
Predictor_2 Epoch 10/12:  75%|â–ˆâ–ˆâ–ˆâ–ˆâ–ˆâ–ˆâ–ˆâ–Œ  | 293/390 [00:01<00:00, 212.63it/s]
Predictor_2 Epoch 10/12:  81%|â–ˆâ–ˆâ–ˆâ–ˆâ–ˆâ–ˆâ–ˆâ–ˆ  | 315/390 [00:01<00:00, 208.19it/s]
Predictor_2 Epoch 10/12:  87%|â–ˆâ–ˆâ–ˆâ–ˆâ–ˆâ–ˆâ–ˆâ–ˆâ–‹ | 338/390 [00:01<00:00, 208.70it/s]
Predictor_2 Epoch 10/12:  93%|â–ˆâ–ˆâ–ˆâ–ˆâ–ˆâ–ˆâ–ˆâ–ˆâ–ˆâ–Ž| 362/390 [00:01<00:00, 209.59it/s]
Predictor_2 Epoch 10/12:  98%|â–ˆâ–ˆâ–ˆâ–ˆâ–ˆâ–ˆâ–ˆâ–ˆâ–ˆâ–Š| 383/390 [00:01<00:00, 202.67it/s]
Predictor_2 Epoch 10/12:  98%|â–ˆâ–ˆâ–ˆâ–ˆâ–ˆâ–ˆâ–ˆâ–ˆâ–ˆâ–Š| 383/390 [00:01<00:00, 202.67it/s, acc=100.00%, loss=0.0118]
                                                                                                     

Predictor_2 Epoch 11/12:   0%|          | 0/390 [00:00<?, ?it/s][codecarbon INFO @ 03:16:50] Energy consumed for RAM : 0.000623 kWh. RAM Power : 38.0 W

Predictor_2 Epoch 11/12:   4%|â–         | 17/390 [00:00<00:02, 162.63it/s]
Predictor_2 Epoch 11/12:  10%|â–‰         | 38/390 [00:00<00:01, 183.79it/s]
Predictor_2 Epoch 11/12:  16%|â–ˆâ–Œ        | 62/390 [00:00<00:01, 196.87it/s]
Predictor_2 Epoch 11/12:  22%|â–ˆâ–ˆâ–       | 86/390 [00:00<00:01, 202.65it/s][codecarbon INFO @ 03:16:51] Delta energy consumed for CPU with cpu_load : 0.000181 kWh, power : 45.0 W
[codecarbon INFO @ 03:16:51] Energy consumed for All CPU : 0.000737 kWh
[codecarbon INFO @ 03:16:51] Energy consumed for all GPUs : 0.001214 kWh. Total GPU Power : 61.49535023814522 W
[codecarbon INFO @ 03:16:51] 0.002574 kWh of electricity used since the beginning.

Predictor_2 Epoch 11/12:  28%|â–ˆâ–ˆâ–Š       | 110/390 [00:00<00:01, 205.07it/s]
Predictor_2 Epoch 11/12:  34%|â–ˆâ–ˆâ–ˆâ–      | 134/390 [00:00<00:01, 207.37it/s]
Predictor_2 Epoch 11/12:  41%|â–ˆâ–ˆâ–ˆâ–ˆ      | 158/390 [00:00<00:01, 208.85it/s]
Predictor_2 Epoch 11/12:  47%|â–ˆâ–ˆâ–ˆâ–ˆâ–‹     | 182/390 [00:00<00:00, 209.43it/s]
Predictor_2 Epoch 11/12:  53%|â–ˆâ–ˆâ–ˆâ–ˆâ–ˆâ–Ž    | 206/390 [00:01<00:00, 209.72it/s]
Predictor_2 Epoch 11/12:  59%|â–ˆâ–ˆâ–ˆâ–ˆâ–ˆâ–‰    | 230/390 [00:01<00:00, 210.02it/s]
Predictor_2 Epoch 11/12:  65%|â–ˆâ–ˆâ–ˆâ–ˆâ–ˆâ–ˆâ–Œ   | 254/390 [00:01<00:00, 210.06it/s]
Predictor_2 Epoch 11/12:  71%|â–ˆâ–ˆâ–ˆâ–ˆâ–ˆâ–ˆâ–ˆâ–  | 278/390 [00:01<00:00, 210.18it/s]
Predictor_2 Epoch 11/12:  77%|â–ˆâ–ˆâ–ˆâ–ˆâ–ˆâ–ˆâ–ˆâ–‹  | 302/390 [00:01<00:00, 210.52it/s]
Predictor_2 Epoch 11/12:  84%|â–ˆâ–ˆâ–ˆâ–ˆâ–ˆâ–ˆâ–ˆâ–ˆâ–Ž | 326/390 [00:01<00:00, 210.45it/s]
Predictor_2 Epoch 11/12:  90%|â–ˆâ–ˆâ–ˆâ–ˆâ–ˆâ–ˆâ–ˆâ–ˆâ–‰ | 350/390 [00:01<00:00, 210.85it/s]
Predictor_2 Epoch 11/12:  96%|â–ˆâ–ˆâ–ˆâ–ˆâ–ˆâ–ˆâ–ˆâ–ˆâ–ˆâ–Œ| 373/390 [00:01<00:00, 215.70it/s]
Predictor_2 Epoch 11/12:  96%|â–ˆâ–ˆâ–ˆâ–ˆâ–ˆâ–ˆâ–ˆâ–ˆâ–ˆâ–Œ| 373/390 [00:01<00:00, 215.70it/s, acc=100.00%, loss=0.0041]
                                                                                                     

Predictor_2 Epoch 12/12:   0%|          | 0/390 [00:00<?, ?it/s]
Predictor_2 Epoch 12/12:   4%|â–         | 17/390 [00:00<00:02, 161.92it/s]
Predictor_2 Epoch 12/12:  10%|â–ˆ         | 39/390 [00:00<00:01, 194.70it/s]
Predictor_2 Epoch 12/12:  16%|â–ˆâ–Œ        | 61/390 [00:00<00:01, 198.49it/s]
Predictor_2 Epoch 12/12:  22%|â–ˆâ–ˆâ–       | 84/390 [00:00<00:01, 209.27it/s]
Predictor_2 Epoch 12/12:  27%|â–ˆâ–ˆâ–‹       | 105/390 [00:00<00:01, 204.85it/s]
Predictor_2 Epoch 12/12:  33%|â–ˆâ–ˆâ–ˆâ–Ž      | 128/390 [00:00<00:01, 210.96it/s]
Predictor_2 Epoch 12/12:  38%|â–ˆâ–ˆâ–ˆâ–Š      | 150/390 [00:00<00:01, 210.07it/s]
Predictor_2 Epoch 12/12:  44%|â–ˆâ–ˆâ–ˆâ–ˆâ–     | 172/390 [00:00<00:01, 209.90it/s]
Predictor_2 Epoch 12/12:  50%|â–ˆâ–ˆâ–ˆâ–ˆâ–‰     | 194/390 [00:00<00:00, 211.10it/s]
Predictor_2 Epoch 12/12:  55%|â–ˆâ–ˆâ–ˆâ–ˆâ–ˆâ–Œ    | 216/390 [00:01<00:00, 208.92it/s]
Predictor_2 Epoch 12/12:  61%|â–ˆâ–ˆâ–ˆâ–ˆâ–ˆâ–ˆâ–   | 239/390 [00:01<00:00, 214.56it/s]
Predictor_2 Epoch 12/12:  67%|â–ˆâ–ˆâ–ˆâ–ˆâ–ˆâ–ˆâ–‹   | 261/390 [00:01<00:00, 209.47it/s]
Predictor_2 Epoch 12/12:  73%|â–ˆâ–ˆâ–ˆâ–ˆâ–ˆâ–ˆâ–ˆâ–Ž  | 284/390 [00:01<00:00, 207.50it/s]
Predictor_2 Epoch 12/12:  79%|â–ˆâ–ˆâ–ˆâ–ˆâ–ˆâ–ˆâ–ˆâ–‰  | 308/390 [00:01<00:00, 208.16it/s]
Predictor_2 Epoch 12/12:  85%|â–ˆâ–ˆâ–ˆâ–ˆâ–ˆâ–ˆâ–ˆâ–ˆâ– | 331/390 [00:01<00:00, 214.20it/s]
Predictor_2 Epoch 12/12:  91%|â–ˆâ–ˆâ–ˆâ–ˆâ–ˆâ–ˆâ–ˆâ–ˆâ–ˆ | 353/390 [00:01<00:00, 208.90it/s]
Predictor_2 Epoch 12/12:  96%|â–ˆâ–ˆâ–ˆâ–ˆâ–ˆâ–ˆâ–ˆâ–ˆâ–ˆâ–‹| 376/390 [00:01<00:00, 207.15it/s]
Predictor_2 Epoch 12/12:  96%|â–ˆâ–ˆâ–ˆâ–ˆâ–ˆâ–ˆâ–ˆâ–ˆâ–ˆâ–‹| 376/390 [00:01<00:00, 207.15it/s, acc=100.00%, loss=0.0055]
                                                                                                     

Predictor_3 Epoch 1/12:   0%|          | 0/390 [00:00<?, ?it/s]
Predictor_3 Epoch 1/12:   4%|â–         | 17/390 [00:00<00:02, 159.60it/s]
Predictor_3 Epoch 1/12:  10%|â–ˆ         | 40/390 [00:00<00:01, 198.92it/s]
Predictor_3 Epoch 1/12:  16%|â–ˆâ–Œ        | 61/390 [00:00<00:01, 199.00it/s]
Predictor_3 Epoch 1/12:  22%|â–ˆâ–ˆâ–       | 84/390 [00:00<00:01, 208.67it/s]
Predictor_3 Epoch 1/12:  27%|â–ˆâ–ˆâ–‹       | 105/390 [00:00<00:01, 206.02it/s]
Predictor_3 Epoch 1/12:  33%|â–ˆâ–ˆâ–ˆâ–Ž      | 128/390 [00:00<00:01, 211.09it/s]
Predictor_3 Epoch 1/12:  38%|â–ˆâ–ˆâ–ˆâ–Š      | 150/390 [00:00<00:01, 210.65it/s]
Predictor_3 Epoch 1/12:  44%|â–ˆâ–ˆâ–ˆâ–ˆâ–     | 172/390 [00:00<00:01, 211.50it/s]
Predictor_3 Epoch 1/12:  50%|â–ˆâ–ˆâ–ˆâ–ˆâ–‰     | 194/390 [00:00<00:00, 211.37it/s]
Predictor_3 Epoch 1/12:  55%|â–ˆâ–ˆâ–ˆâ–ˆâ–ˆâ–Œ    | 216/390 [00:01<00:00, 211.36it/s]
Predictor_3 Epoch 1/12:  61%|â–ˆâ–ˆâ–ˆâ–ˆâ–ˆâ–ˆ    | 238/390 [00:01<00:00, 211.69it/s]
Predictor_3 Epoch 1/12:  67%|â–ˆâ–ˆâ–ˆâ–ˆâ–ˆâ–ˆâ–‹   | 260/390 [00:01<00:00, 211.41it/s]
Predictor_3 Epoch 1/12:  72%|â–ˆâ–ˆâ–ˆâ–ˆâ–ˆâ–ˆâ–ˆâ–  | 282/390 [00:01<00:00, 212.12it/s]
Predictor_3 Epoch 1/12:  78%|â–ˆâ–ˆâ–ˆâ–ˆâ–ˆâ–ˆâ–ˆâ–Š  | 304/390 [00:01<00:00, 211.02it/s]
Predictor_3 Epoch 1/12:  84%|â–ˆâ–ˆâ–ˆâ–ˆâ–ˆâ–ˆâ–ˆâ–ˆâ–Ž | 326/390 [00:01<00:00, 212.36it/s]
Predictor_3 Epoch 1/12:  89%|â–ˆâ–ˆâ–ˆâ–ˆâ–ˆâ–ˆâ–ˆâ–ˆâ–‰ | 348/390 [00:01<00:00, 211.06it/s]
Predictor_3 Epoch 1/12:  95%|â–ˆâ–ˆâ–ˆâ–ˆâ–ˆâ–ˆâ–ˆâ–ˆâ–ˆâ–| 370/390 [00:01<00:00, 213.12it/s]
Predictor_3 Epoch 1/12:  95%|â–ˆâ–ˆâ–ˆâ–ˆâ–ˆâ–ˆâ–ˆâ–ˆâ–ˆâ–| 370/390 [00:01<00:00, 213.12it/s, acc=96.88%, loss=0.0636]
                                                                                                   

Predictor_3 Epoch 2/12:   0%|          | 0/390 [00:00<?, ?it/s]
Predictor_3 Epoch 2/12:   4%|â–         | 17/390 [00:00<00:02, 160.49it/s]
Predictor_3 Epoch 2/12:  10%|â–ˆ         | 40/390 [00:00<00:01, 198.85it/s]
Predictor_3 Epoch 2/12:  16%|â–ˆâ–Œ        | 61/390 [00:00<00:01, 199.67it/s]
Predictor_3 Epoch 2/12:  22%|â–ˆâ–ˆâ–       | 84/390 [00:00<00:01, 210.32it/s]
Predictor_3 Epoch 2/12:  27%|â–ˆâ–ˆâ–‹       | 106/390 [00:00<00:01, 207.64it/s]
Predictor_3 Epoch 2/12:  33%|â–ˆâ–ˆâ–ˆâ–Ž      | 128/390 [00:00<00:01, 211.04it/s]
Predictor_3 Epoch 2/12:  38%|â–ˆâ–ˆâ–ˆâ–Š      | 150/390 [00:00<00:01, 210.93it/s]
Predictor_3 Epoch 2/12:  44%|â–ˆâ–ˆâ–ˆâ–ˆâ–     | 172/390 [00:00<00:01, 209.81it/s]
Predictor_3 Epoch 2/12:  50%|â–ˆâ–ˆâ–ˆâ–ˆâ–‰     | 194/390 [00:00<00:00, 212.81it/s]
Predictor_3 Epoch 2/12:  55%|â–ˆâ–ˆâ–ˆâ–ˆâ–ˆâ–Œ    | 216/390 [00:01<00:00, 208.36it/s]
Predictor_3 Epoch 2/12:  61%|â–ˆâ–ˆâ–ˆâ–ˆâ–ˆâ–ˆâ–   | 239/390 [00:01<00:00, 212.77it/s]
Predictor_3 Epoch 2/12:  67%|â–ˆâ–ˆâ–ˆâ–ˆâ–ˆâ–ˆâ–‹   | 261/390 [00:01<00:00, 210.08it/s]
Predictor_3 Epoch 2/12:  73%|â–ˆâ–ˆâ–ˆâ–ˆâ–ˆâ–ˆâ–ˆâ–Ž  | 283/390 [00:01<00:00, 212.48it/s]
Predictor_3 Epoch 2/12:  78%|â–ˆâ–ˆâ–ˆâ–ˆâ–ˆâ–ˆâ–ˆâ–Š  | 305/390 [00:01<00:00, 209.25it/s]
Predictor_3 Epoch 2/12:  84%|â–ˆâ–ˆâ–ˆâ–ˆâ–ˆâ–ˆâ–ˆâ–ˆâ– | 327/390 [00:01<00:00, 212.35it/s]
Predictor_3 Epoch 2/12:  89%|â–ˆâ–ˆâ–ˆâ–ˆâ–ˆâ–ˆâ–ˆâ–ˆâ–‰ | 349/390 [00:01<00:00, 208.58it/s]
Predictor_3 Epoch 2/12:  95%|â–ˆâ–ˆâ–ˆâ–ˆâ–ˆâ–ˆâ–ˆâ–ˆâ–ˆâ–Œ| 371/390 [00:01<00:00, 211.85it/s]
Predictor_3 Epoch 2/12:  95%|â–ˆâ–ˆâ–ˆâ–ˆâ–ˆâ–ˆâ–ˆâ–ˆâ–ˆâ–Œ| 371/390 [00:01<00:00, 211.85it/s, acc=100.00%, loss=0.0118]
                                                                                                    

Predictor_3 Epoch 3/12:   0%|          | 0/390 [00:00<?, ?it/s]
Predictor_3 Epoch 3/12:   4%|â–         | 17/390 [00:00<00:02, 161.10it/s]
Predictor_3 Epoch 3/12:  10%|â–ˆ         | 39/390 [00:00<00:01, 194.04it/s]
Predictor_3 Epoch 3/12:  16%|â–ˆâ–Œ        | 61/390 [00:00<00:01, 200.48it/s]
Predictor_3 Epoch 3/12:  21%|â–ˆâ–ˆâ–       | 83/390 [00:00<00:01, 205.97it/s]
Predictor_3 Epoch 3/12:  27%|â–ˆâ–ˆâ–‹       | 105/390 [00:00<00:01, 208.53it/s]
Predictor_3 Epoch 3/12:  33%|â–ˆâ–ˆâ–ˆâ–Ž      | 127/390 [00:00<00:01, 208.83it/s]
Predictor_3 Epoch 3/12:  38%|â–ˆâ–ˆâ–ˆâ–Š      | 149/390 [00:00<00:01, 211.79it/s]
Predictor_3 Epoch 3/12:  44%|â–ˆâ–ˆâ–ˆâ–ˆâ–     | 171/390 [00:00<00:01, 209.67it/s]
Predictor_3 Epoch 3/12:  49%|â–ˆâ–ˆâ–ˆâ–ˆâ–‰     | 192/390 [00:00<00:00, 209.25it/s]
Predictor_3 Epoch 3/12:  55%|â–ˆâ–ˆâ–ˆâ–ˆâ–ˆâ–Œ    | 215/390 [00:01<00:00, 210.46it/s]
Predictor_3 Epoch 3/12:  61%|â–ˆâ–ˆâ–ˆâ–ˆâ–ˆâ–ˆ    | 237/390 [00:01<00:00, 210.71it/s]
Predictor_3 Epoch 3/12:  66%|â–ˆâ–ˆâ–ˆâ–ˆâ–ˆâ–ˆâ–‹   | 259/390 [00:01<00:00, 210.42it/s]
Predictor_3 Epoch 3/12:  72%|â–ˆâ–ˆâ–ˆâ–ˆâ–ˆâ–ˆâ–ˆâ–  | 281/390 [00:01<00:00, 209.41it/s]
Predictor_3 Epoch 3/12:  78%|â–ˆâ–ˆâ–ˆâ–ˆâ–ˆâ–ˆâ–ˆâ–Š  | 303/390 [00:01<00:00, 211.33it/s]
Predictor_3 Epoch 3/12:  83%|â–ˆâ–ˆâ–ˆâ–ˆâ–ˆâ–ˆâ–ˆâ–ˆâ–Ž | 325/390 [00:01<00:00, 208.51it/s]
Predictor_3 Epoch 3/12:  89%|â–ˆâ–ˆâ–ˆâ–ˆâ–ˆâ–ˆâ–ˆâ–ˆâ–‰ | 347/390 [00:01<00:00, 211.52it/s]
Predictor_3 Epoch 3/12:  95%|â–ˆâ–ˆâ–ˆâ–ˆâ–ˆâ–ˆâ–ˆâ–ˆâ–ˆâ–| 369/390 [00:01<00:00, 207.40it/s]
Predictor_3 Epoch 3/12:  95%|â–ˆâ–ˆâ–ˆâ–ˆâ–ˆâ–ˆâ–ˆâ–ˆâ–ˆâ–| 369/390 [00:01<00:00, 207.40it/s, acc=100.00%, loss=0.0032]
Predictor_3 Epoch 3/12: 100%|â–ˆâ–ˆâ–ˆâ–ˆâ–ˆâ–ˆâ–ˆâ–ˆâ–ˆâ–ˆ| 390/390 [00:01<00:00, 207.93it/s, acc=100.00%, loss=0.0032]
                                                                                                    

Predictor_3 Epoch 4/12:   0%|          | 0/390 [00:00<?, ?it/s]
Predictor_3 Epoch 4/12:   4%|â–         | 17/390 [00:00<00:02, 151.99it/s]
Predictor_3 Epoch 4/12:  11%|â–ˆ         | 41/390 [00:00<00:01, 187.97it/s]
Predictor_3 Epoch 4/12:  16%|â–ˆâ–‹        | 64/390 [00:00<00:01, 204.86it/s]
Predictor_3 Epoch 4/12:  22%|â–ˆâ–ˆâ–       | 85/390 [00:00<00:01, 203.45it/s]
Predictor_3 Epoch 4/12:  28%|â–ˆâ–ˆâ–Š       | 108/390 [00:00<00:01, 208.62it/s]
Predictor_3 Epoch 4/12:  33%|â–ˆâ–ˆâ–ˆâ–Ž      | 129/390 [00:00<00:01, 208.60it/s]
Predictor_3 Epoch 4/12:  39%|â–ˆâ–ˆâ–ˆâ–‰      | 152/390 [00:00<00:01, 207.25it/s]
Predictor_3 Epoch 4/12:  45%|â–ˆâ–ˆâ–ˆâ–ˆâ–     | 175/390 [00:00<00:01, 213.60it/s]
Predictor_3 Epoch 4/12:  51%|â–ˆâ–ˆâ–ˆâ–ˆâ–ˆ     | 197/390 [00:00<00:00, 208.84it/s]
Predictor_3 Epoch 4/12:  56%|â–ˆâ–ˆâ–ˆâ–ˆâ–ˆâ–‹    | 220/390 [00:01<00:00, 206.98it/s]
Predictor_3 Epoch 4/12:  62%|â–ˆâ–ˆâ–ˆâ–ˆâ–ˆâ–ˆâ–   | 243/390 [00:01<00:00, 213.16it/s]
Predictor_3 Epoch 4/12:  68%|â–ˆâ–ˆâ–ˆâ–ˆâ–ˆâ–ˆâ–Š   | 265/390 [00:01<00:00, 208.19it/s]
Predictor_3 Epoch 4/12:  74%|â–ˆâ–ˆâ–ˆâ–ˆâ–ˆâ–ˆâ–ˆâ–  | 288/390 [00:01<00:00, 206.56it/s]
Predictor_3 Epoch 4/12:  80%|â–ˆâ–ˆâ–ˆâ–ˆâ–ˆâ–ˆâ–ˆâ–‰  | 311/390 [00:01<00:00, 212.43it/s]
Predictor_3 Epoch 4/12:  85%|â–ˆâ–ˆâ–ˆâ–ˆâ–ˆâ–ˆâ–ˆâ–ˆâ–Œ | 333/390 [00:01<00:00, 208.03it/s]
Predictor_3 Epoch 4/12:  91%|â–ˆâ–ˆâ–ˆâ–ˆâ–ˆâ–ˆâ–ˆâ–ˆâ–ˆâ–| 356/390 [00:01<00:00, 206.50it/s]
Predictor_3 Epoch 4/12:  97%|â–ˆâ–ˆâ–ˆâ–ˆâ–ˆâ–ˆâ–ˆâ–ˆâ–ˆâ–‹| 378/390 [00:01<00:00, 210.18it/s]
Predictor_3 Epoch 4/12:  97%|â–ˆâ–ˆâ–ˆâ–ˆâ–ˆâ–ˆâ–ˆâ–ˆâ–ˆâ–‹| 378/390 [00:01<00:00, 210.18it/s, acc=100.00%, loss=0.0018]
                                                                                                    

Predictor_3 Epoch 5/12:   0%|          | 0/390 [00:00<?, ?it/s]
Predictor_3 Epoch 5/12:   4%|â–         | 17/390 [00:00<00:02, 153.16it/s]
Predictor_3 Epoch 5/12:  11%|â–ˆ         | 41/390 [00:00<00:01, 188.14it/s]
Predictor_3 Epoch 5/12:  17%|â–ˆâ–‹        | 65/390 [00:00<00:01, 200.13it/s]
Predictor_3 Epoch 5/12:  23%|â–ˆâ–ˆâ–Ž       | 88/390 [00:00<00:01, 209.27it/s]
Predictor_3 Epoch 5/12:  28%|â–ˆâ–ˆâ–Š       | 109/390 [00:00<00:01, 206.11it/s]
Predictor_3 Epoch 5/12:  34%|â–ˆâ–ˆâ–ˆâ–Ž      | 131/390 [00:00<00:01, 209.68it/s]
Predictor_3 Epoch 5/12:  39%|â–ˆâ–ˆâ–ˆâ–‰      | 153/390 [00:00<00:01, 208.82it/s]
Predictor_3 Epoch 5/12:  45%|â–ˆâ–ˆâ–ˆâ–ˆâ–     | 175/390 [00:00<00:01, 209.52it/s]
Predictor_3 Epoch 5/12:  51%|â–ˆâ–ˆâ–ˆâ–ˆâ–ˆ     | 197/390 [00:00<00:00, 210.51it/s]
Predictor_3 Epoch 5/12:  56%|â–ˆâ–ˆâ–ˆâ–ˆâ–ˆâ–Œ    | 219/390 [00:01<00:00, 209.21it/s]
Predictor_3 Epoch 5/12:  62%|â–ˆâ–ˆâ–ˆâ–ˆâ–ˆâ–ˆâ–   | 241/390 [00:01<00:00, 211.67it/s]
Predictor_3 Epoch 5/12:  67%|â–ˆâ–ˆâ–ˆâ–ˆâ–ˆâ–ˆâ–‹   | 263/390 [00:01<00:00, 208.66it/s]
Predictor_3 Epoch 5/12:  73%|â–ˆâ–ˆâ–ˆâ–ˆâ–ˆâ–ˆâ–ˆâ–Ž  | 285/390 [00:01<00:00, 211.10it/s]
Predictor_3 Epoch 5/12:  79%|â–ˆâ–ˆâ–ˆâ–ˆâ–ˆâ–ˆâ–ˆâ–Š  | 307/390 [00:01<00:00, 208.33it/s][codecarbon INFO @ 03:17:05] Energy consumed for RAM : 0.000776 kWh. RAM Power : 38.0 W

Predictor_3 Epoch 5/12:  84%|â–ˆâ–ˆâ–ˆâ–ˆâ–ˆâ–ˆâ–ˆâ–ˆâ– | 328/390 [00:01<00:00, 208.59it/s]
Predictor_3 Epoch 5/12:  90%|â–ˆâ–ˆâ–ˆâ–ˆâ–ˆâ–ˆâ–ˆâ–ˆâ–ˆ | 351/390 [00:01<00:00, 209.24it/s]
Predictor_3 Epoch 5/12:  95%|â–ˆâ–ˆâ–ˆâ–ˆâ–ˆâ–ˆâ–ˆâ–ˆâ–ˆâ–Œ| 372/390 [00:01<00:00, 208.88it/s]
Predictor_3 Epoch 5/12:  95%|â–ˆâ–ˆâ–ˆâ–ˆâ–ˆâ–ˆâ–ˆâ–ˆâ–ˆâ–Œ| 372/390 [00:01<00:00, 208.88it/s, acc=100.00%, loss=0.0032]
                                                                                                    
[codecarbon INFO @ 03:17:06] Delta energy consumed for CPU with cpu_load : 0.000181 kWh, power : 45.0 W
[codecarbon INFO @ 03:17:06] Energy consumed for All CPU : 0.000919 kWh
[codecarbon INFO @ 03:17:06] Energy consumed for all GPUs : 0.001482 kWh. Total GPU Power : 64.26648823201853 W
[codecarbon INFO @ 03:17:06] 0.003176 kWh of electricity used since the beginning.

Predictor_3 Epoch 6/12:   0%|          | 0/390 [00:00<?, ?it/s]
Predictor_3 Epoch 6/12:   4%|â–         | 17/390 [00:00<00:02, 157.38it/s]
Predictor_3 Epoch 6/12:  11%|â–ˆ         | 41/390 [00:00<00:01, 190.39it/s]
Predictor_3 Epoch 6/12:  16%|â–ˆâ–‹        | 64/390 [00:00<00:01, 207.10it/s]
Predictor_3 Epoch 6/12:  22%|â–ˆâ–ˆâ–       | 85/390 [00:00<00:01, 201.35it/s]
Predictor_3 Epoch 6/12:  28%|â–ˆâ–ˆâ–Š       | 108/390 [00:00<00:01, 210.05it/s]
Predictor_3 Epoch 6/12:  33%|â–ˆâ–ˆâ–ˆâ–Ž      | 130/390 [00:00<00:01, 206.84it/s]
Predictor_3 Epoch 6/12:  39%|â–ˆâ–ˆâ–ˆâ–‰      | 152/390 [00:00<00:01, 209.61it/s]
Predictor_3 Epoch 6/12:  45%|â–ˆâ–ˆâ–ˆâ–ˆâ–     | 174/390 [00:00<00:01, 207.74it/s]
Predictor_3 Epoch 6/12:  50%|â–ˆâ–ˆâ–ˆâ–ˆâ–ˆ     | 196/390 [00:00<00:00, 209.33it/s]
Predictor_3 Epoch 6/12:  56%|â–ˆâ–ˆâ–ˆâ–ˆâ–ˆâ–Œ    | 217/390 [00:01<00:00, 206.80it/s]
Predictor_3 Epoch 6/12:  62%|â–ˆâ–ˆâ–ˆâ–ˆâ–ˆâ–ˆâ–   | 240/390 [00:01<00:00, 209.95it/s]
Predictor_3 Epoch 6/12:  67%|â–ˆâ–ˆâ–ˆâ–ˆâ–ˆâ–ˆâ–‹   | 262/390 [00:01<00:00, 209.50it/s]
Predictor_3 Epoch 6/12:  73%|â–ˆâ–ˆâ–ˆâ–ˆâ–ˆâ–ˆâ–ˆâ–Ž  | 284/390 [00:01<00:00, 209.46it/s]
Predictor_3 Epoch 6/12:  78%|â–ˆâ–ˆâ–ˆâ–ˆâ–ˆâ–ˆâ–ˆâ–Š  | 305/390 [00:01<00:00, 209.14it/s]
Predictor_3 Epoch 6/12:  84%|â–ˆâ–ˆâ–ˆâ–ˆâ–ˆâ–ˆâ–ˆâ–ˆâ– | 328/390 [00:01<00:00, 208.83it/s]
Predictor_3 Epoch 6/12:  90%|â–ˆâ–ˆâ–ˆâ–ˆâ–ˆâ–ˆâ–ˆâ–ˆâ–‰ | 350/390 [00:01<00:00, 211.75it/s]
Predictor_3 Epoch 6/12:  95%|â–ˆâ–ˆâ–ˆâ–ˆâ–ˆâ–ˆâ–ˆâ–ˆâ–ˆâ–Œ| 372/390 [00:01<00:00, 207.43it/s]
Predictor_3 Epoch 6/12:  95%|â–ˆâ–ˆâ–ˆâ–ˆâ–ˆâ–ˆâ–ˆâ–ˆâ–ˆâ–Œ| 372/390 [00:01<00:00, 207.43it/s, acc=100.00%, loss=0.0016]
                                                                                                    

Predictor_3 Epoch 7/12:   0%|          | 0/390 [00:00<?, ?it/s]
Predictor_3 Epoch 7/12:   4%|â–         | 17/390 [00:00<00:02, 160.92it/s]
Predictor_3 Epoch 7/12:  11%|â–ˆ         | 41/390 [00:00<00:01, 192.68it/s]
Predictor_3 Epoch 7/12:  16%|â–ˆâ–‹        | 64/390 [00:00<00:01, 207.56it/s]
Predictor_3 Epoch 7/12:  22%|â–ˆâ–ˆâ–       | 85/390 [00:00<00:01, 203.94it/s]
Predictor_3 Epoch 7/12:  27%|â–ˆâ–ˆâ–‹       | 107/390 [00:00<00:01, 209.09it/s]
Predictor_3 Epoch 7/12:  33%|â–ˆâ–ˆâ–ˆâ–Ž      | 128/390 [00:00<00:01, 209.28it/s]
Predictor_3 Epoch 7/12:  38%|â–ˆâ–ˆâ–ˆâ–Š      | 150/390 [00:00<00:01, 208.16it/s]
Predictor_3 Epoch 7/12:  44%|â–ˆâ–ˆâ–ˆâ–ˆâ–     | 172/390 [00:00<00:01, 209.27it/s]
Predictor_3 Epoch 7/12:  50%|â–ˆâ–ˆâ–ˆâ–ˆâ–‰     | 194/390 [00:00<00:00, 209.94it/s]
Predictor_3 Epoch 7/12:  55%|â–ˆâ–ˆâ–ˆâ–ˆâ–ˆâ–Œ    | 216/390 [00:01<00:00, 208.89it/s]
Predictor_3 Epoch 7/12:  61%|â–ˆâ–ˆâ–ˆâ–ˆâ–ˆâ–ˆ    | 238/390 [00:01<00:00, 210.72it/s]
Predictor_3 Epoch 7/12:  67%|â–ˆâ–ˆâ–ˆâ–ˆâ–ˆâ–ˆâ–‹   | 260/390 [00:01<00:00, 207.61it/s]
Predictor_3 Epoch 7/12:  73%|â–ˆâ–ˆâ–ˆâ–ˆâ–ˆâ–ˆâ–ˆâ–Ž  | 283/390 [00:01<00:00, 213.43it/s]
Predictor_3 Epoch 7/12:  78%|â–ˆâ–ˆâ–ˆâ–ˆâ–ˆâ–ˆâ–ˆâ–Š  | 305/390 [00:01<00:00, 207.75it/s]
Predictor_3 Epoch 7/12:  84%|â–ˆâ–ˆâ–ˆâ–ˆâ–ˆâ–ˆâ–ˆâ–ˆâ– | 328/390 [00:01<00:00, 206.20it/s]
Predictor_3 Epoch 7/12:  90%|â–ˆâ–ˆâ–ˆâ–ˆâ–ˆâ–ˆâ–ˆâ–ˆâ–ˆ | 351/390 [00:01<00:00, 211.98it/s]
Predictor_3 Epoch 7/12:  96%|â–ˆâ–ˆâ–ˆâ–ˆâ–ˆâ–ˆâ–ˆâ–ˆâ–ˆâ–Œ| 373/390 [00:01<00:00, 207.21it/s]
Predictor_3 Epoch 7/12:  96%|â–ˆâ–ˆâ–ˆâ–ˆâ–ˆâ–ˆâ–ˆâ–ˆâ–ˆâ–Œ| 373/390 [00:01<00:00, 207.21it/s, acc=100.00%, loss=0.0035]
                                                                                                    

Predictor_3 Epoch 8/12:   0%|          | 0/390 [00:00<?, ?it/s]
Predictor_3 Epoch 8/12:   4%|â–         | 17/390 [00:00<00:02, 152.32it/s]
Predictor_3 Epoch 8/12:  11%|â–ˆ         | 41/390 [00:00<00:01, 189.35it/s]
Predictor_3 Epoch 8/12:  17%|â–ˆâ–‹        | 65/390 [00:00<00:01, 200.67it/s]
Predictor_3 Epoch 8/12:  23%|â–ˆâ–ˆâ–Ž       | 88/390 [00:00<00:01, 210.28it/s]
Predictor_3 Epoch 8/12:  28%|â–ˆâ–ˆâ–Š       | 110/390 [00:00<00:01, 208.78it/s]
Predictor_3 Epoch 8/12:  34%|â–ˆâ–ˆâ–ˆâ–      | 132/390 [00:00<00:01, 210.66it/s]
Predictor_3 Epoch 8/12:  39%|â–ˆâ–ˆâ–ˆâ–‰      | 154/390 [00:00<00:01, 210.93it/s]
Predictor_3 Epoch 8/12:  45%|â–ˆâ–ˆâ–ˆâ–ˆâ–Œ     | 176/390 [00:00<00:01, 210.86it/s]
Predictor_3 Epoch 8/12:  51%|â–ˆâ–ˆâ–ˆâ–ˆâ–ˆ     | 198/390 [00:00<00:00, 212.26it/s]
Predictor_3 Epoch 8/12:  56%|â–ˆâ–ˆâ–ˆâ–ˆâ–ˆâ–‹    | 220/390 [00:01<00:00, 210.26it/s]
Predictor_3 Epoch 8/12:  62%|â–ˆâ–ˆâ–ˆâ–ˆâ–ˆâ–ˆâ–   | 242/390 [00:01<00:00, 212.95it/s]
Predictor_3 Epoch 8/12:  68%|â–ˆâ–ˆâ–ˆâ–ˆâ–ˆâ–ˆâ–Š   | 264/390 [00:01<00:00, 207.65it/s]
Predictor_3 Epoch 8/12:  74%|â–ˆâ–ˆâ–ˆâ–ˆâ–ˆâ–ˆâ–ˆâ–  | 288/390 [00:01<00:00, 209.82it/s]
Predictor_3 Epoch 8/12:  80%|â–ˆâ–ˆâ–ˆâ–ˆâ–ˆâ–ˆâ–ˆâ–ˆ  | 312/390 [00:01<00:00, 210.08it/s]
Predictor_3 Epoch 8/12:  86%|â–ˆâ–ˆâ–ˆâ–ˆâ–ˆâ–ˆâ–ˆâ–ˆâ–Œ | 335/390 [00:01<00:00, 215.51it/s]
Predictor_3 Epoch 8/12:  92%|â–ˆâ–ˆâ–ˆâ–ˆâ–ˆâ–ˆâ–ˆâ–ˆâ–ˆâ–| 357/390 [00:01<00:00, 210.06it/s]
Predictor_3 Epoch 8/12:  97%|â–ˆâ–ˆâ–ˆâ–ˆâ–ˆâ–ˆâ–ˆâ–ˆâ–ˆâ–‹| 380/390 [00:01<00:00, 208.02it/s]
Predictor_3 Epoch 8/12:  97%|â–ˆâ–ˆâ–ˆâ–ˆâ–ˆâ–ˆâ–ˆâ–ˆâ–ˆâ–‹| 380/390 [00:01<00:00, 208.02it/s, acc=100.00%, loss=0.0023]
                                                                                                    

Predictor_3 Epoch 9/12:   0%|          | 0/390 [00:00<?, ?it/s]
Predictor_3 Epoch 9/12:   4%|â–         | 17/390 [00:00<00:02, 150.86it/s]
Predictor_3 Epoch 9/12:  11%|â–ˆ         | 41/390 [00:00<00:01, 188.92it/s]
Predictor_3 Epoch 9/12:  16%|â–ˆâ–‹        | 64/390 [00:00<00:01, 205.59it/s]
Predictor_3 Epoch 9/12:  22%|â–ˆâ–ˆâ–       | 85/390 [00:00<00:01, 203.84it/s]
Predictor_3 Epoch 9/12:  27%|â–ˆâ–ˆâ–‹       | 107/390 [00:00<00:01, 209.33it/s]
Predictor_3 Epoch 9/12:  33%|â–ˆâ–ˆâ–ˆâ–Ž      | 129/390 [00:00<00:01, 209.00it/s]
Predictor_3 Epoch 9/12:  39%|â–ˆâ–ˆâ–ˆâ–Š      | 151/390 [00:00<00:01, 211.13it/s]
Predictor_3 Epoch 9/12:  44%|â–ˆâ–ˆâ–ˆâ–ˆâ–     | 173/390 [00:00<00:01, 211.03it/s]
Predictor_3 Epoch 9/12:  50%|â–ˆâ–ˆâ–ˆâ–ˆâ–ˆ     | 195/390 [00:00<00:00, 211.62it/s]
Predictor_3 Epoch 9/12:  56%|â–ˆâ–ˆâ–ˆâ–ˆâ–ˆâ–Œ    | 217/390 [00:01<00:00, 211.15it/s]
Predictor_3 Epoch 9/12:  61%|â–ˆâ–ˆâ–ˆâ–ˆâ–ˆâ–ˆâ–   | 239/390 [00:01<00:00, 212.99it/s]
Predictor_3 Epoch 9/12:  67%|â–ˆâ–ˆâ–ˆâ–ˆâ–ˆâ–ˆâ–‹   | 261/390 [00:01<00:00, 210.82it/s]
Predictor_3 Epoch 9/12:  73%|â–ˆâ–ˆâ–ˆâ–ˆâ–ˆâ–ˆâ–ˆâ–Ž  | 283/390 [00:01<00:00, 210.64it/s]
Predictor_3 Epoch 9/12:  78%|â–ˆâ–ˆâ–ˆâ–ˆâ–ˆâ–ˆâ–ˆâ–Š  | 305/390 [00:01<00:00, 210.16it/s]
Predictor_3 Epoch 9/12:  84%|â–ˆâ–ˆâ–ˆâ–ˆâ–ˆâ–ˆâ–ˆâ–ˆâ– | 328/390 [00:01<00:00, 208.29it/s]
Predictor_3 Epoch 9/12:  90%|â–ˆâ–ˆâ–ˆâ–ˆâ–ˆâ–ˆâ–ˆâ–ˆâ–ˆ | 351/390 [00:01<00:00, 214.45it/s]
Predictor_3 Epoch 9/12:  96%|â–ˆâ–ˆâ–ˆâ–ˆâ–ˆâ–ˆâ–ˆâ–ˆâ–ˆâ–Œ| 373/390 [00:01<00:00, 209.76it/s]
Predictor_3 Epoch 9/12:  96%|â–ˆâ–ˆâ–ˆâ–ˆâ–ˆâ–ˆâ–ˆâ–ˆâ–ˆâ–Œ| 373/390 [00:01<00:00, 209.76it/s, acc=100.00%, loss=0.0008]
                                                                                                    

Predictor_3 Epoch 10/12:   0%|          | 0/390 [00:00<?, ?it/s]
Predictor_3 Epoch 10/12:   4%|â–         | 15/390 [00:00<00:02, 148.94it/s]
Predictor_3 Epoch 10/12:   9%|â–‰         | 37/390 [00:00<00:01, 181.32it/s]
Predictor_3 Epoch 10/12:  15%|â–ˆâ–Œ        | 60/390 [00:00<00:01, 202.48it/s]
Predictor_3 Epoch 10/12:  21%|â–ˆâ–ˆ        | 81/390 [00:00<00:01, 200.68it/s]
Predictor_3 Epoch 10/12:  26%|â–ˆâ–ˆâ–‹       | 103/390 [00:00<00:01, 206.85it/s]
Predictor_3 Epoch 10/12:  32%|â–ˆâ–ˆâ–ˆâ–      | 125/390 [00:00<00:01, 206.69it/s]
Predictor_3 Epoch 10/12:  37%|â–ˆâ–ˆâ–ˆâ–‹      | 146/390 [00:00<00:01, 206.84it/s]
Predictor_3 Epoch 10/12:  43%|â–ˆâ–ˆâ–ˆâ–ˆâ–Ž     | 169/390 [00:00<00:01, 210.05it/s]
Predictor_3 Epoch 10/12:  49%|â–ˆâ–ˆâ–ˆâ–ˆâ–‰     | 191/390 [00:00<00:00, 210.25it/s]
Predictor_3 Epoch 10/12:  55%|â–ˆâ–ˆâ–ˆâ–ˆâ–ˆâ–    | 213/390 [00:01<00:00, 210.94it/s]
Predictor_3 Epoch 10/12:  60%|â–ˆâ–ˆâ–ˆâ–ˆâ–ˆâ–ˆ    | 235/390 [00:01<00:00, 210.00it/s]
Predictor_3 Epoch 10/12:  66%|â–ˆâ–ˆâ–ˆâ–ˆâ–ˆâ–ˆâ–Œ   | 257/390 [00:01<00:00, 211.95it/s]
Predictor_3 Epoch 10/12:  72%|â–ˆâ–ˆâ–ˆâ–ˆâ–ˆâ–ˆâ–ˆâ–  | 279/390 [00:01<00:00, 210.15it/s]
Predictor_3 Epoch 10/12:  77%|â–ˆâ–ˆâ–ˆâ–ˆâ–ˆâ–ˆâ–ˆâ–‹  | 302/390 [00:01<00:00, 208.73it/s]
Predictor_3 Epoch 10/12:  83%|â–ˆâ–ˆâ–ˆâ–ˆâ–ˆâ–ˆâ–ˆâ–ˆâ–Ž | 325/390 [00:01<00:00, 214.34it/s]
Predictor_3 Epoch 10/12:  89%|â–ˆâ–ˆâ–ˆâ–ˆâ–ˆâ–ˆâ–ˆâ–ˆâ–‰ | 347/390 [00:01<00:00, 210.30it/s]
Predictor_3 Epoch 10/12:  95%|â–ˆâ–ˆâ–ˆâ–ˆâ–ˆâ–ˆâ–ˆâ–ˆâ–ˆâ–| 370/390 [00:01<00:00, 208.70it/s]
Predictor_3 Epoch 10/12:  95%|â–ˆâ–ˆâ–ˆâ–ˆâ–ˆâ–ˆâ–ˆâ–ˆâ–ˆâ–| 370/390 [00:01<00:00, 208.70it/s, acc=100.00%, loss=0.0006]
                                                                                                     

Evaluating CaFo (sum):   0%|          | 0/40 [00:00<?, ?it/s]
Evaluating CaFo (sum):   2%|â–Ž         | 1/40 [00:00<00:04,  8.93it/s]
Evaluating CaFo (sum):  32%|â–ˆâ–ˆâ–ˆâ–Ž      | 13/40 [00:00<00:00, 69.34it/s]
Evaluating CaFo (sum):  62%|â–ˆâ–ˆâ–ˆâ–ˆâ–ˆâ–ˆâ–Ž   | 25/40 [00:00<00:00, 88.71it/s]
Evaluating CaFo (sum):  92%|â–ˆâ–ˆâ–ˆâ–ˆâ–ˆâ–ˆâ–ˆâ–ˆâ–ˆâ–Ž| 37/40 [00:00<00:00, 97.61it/s]
                                                                      
[codecarbon INFO @ 03:17:18] Energy consumed for RAM : 0.000902 kWh. RAM Power : 38.0 W
[codecarbon INFO @ 03:17:18] Delta energy consumed for CPU with cpu_load : 0.000149 kWh, power : 45.0 W
[codecarbon INFO @ 03:17:18] Energy consumed for All CPU : 0.001068 kWh
[codecarbon INFO @ 03:17:18] Energy consumed for all GPUs : 0.001708 kWh. Total GPU Power : 65.53843364270526 W
[codecarbon INFO @ 03:17:18] 0.003677 kWh of electricity used since the beginning.
wandb: uploading history steps 97-116, summary, console lines 815-995
wandb:                                                                                
wandb: 
wandb: Run history:
wandb:              CaFo_DFA/BlockTrain_Acc_Batch â–ˆâ–â–â–ˆâ–
wandb:           CaFo_DFA/BlockTrain_Acc_EpochAvg â–â–†â–‡â–ˆâ–ˆ
wandb:      CaFo_DFA/BlockTrain_GPU_Mem_MiB_Batch â–â–â–â–â–
wandb:             CaFo_DFA/BlockTrain_Loss_Batch â–„â–ˆâ–‡â–â–„
wandb:          CaFo_DFA/BlockTrain_Loss_EpochAvg â–ˆâ–ƒâ–‚â–â–
wandb: CaFo_DFA/BlockTrain_Peak_GPU_Mem_Epoch_MiB â–â–â–â–â–
wandb:                 Predictor_1/Epochs_Trained â–
wandb:         Predictor_1/GPU_Mem_Used_MiB_Batch â–â–ˆâ–ˆâ–ˆâ–ˆâ–ˆâ–ˆâ–ˆâ–ˆâ–ˆâ–ˆâ–ˆ
wandb:         Predictor_1/Peak_GPU_Mem_Epoch_MiB â–â–ˆâ–ˆâ–ˆâ–ˆâ–ˆâ–ˆâ–ˆâ–ˆâ–ˆâ–ˆâ–ˆ
wandb:         Predictor_1/Peak_GPU_Mem_Layer_MiB â–
wandb:                Predictor_1/Train_Acc_Batch â–â–‚â–‡â–†â–ˆâ–ƒâ–‡â–ˆâ–‡â–†â–…â–‡
wandb:             Predictor_1/Train_Acc_EpochAvg â–â–…â–†â–‡â–‡â–‡â–‡â–ˆâ–ˆâ–ˆâ–ˆâ–ˆ
wandb:             Predictor_1/Train_Acc_LayerAvg â–
wandb:               Predictor_1/Train_Loss_Batch â–ˆâ–„â–‚â–‚â–‚â–…â–‚â–â–‚â–ƒâ–ƒâ–
wandb:            Predictor_1/Train_Loss_EpochAvg â–ˆâ–„â–ƒâ–‚â–‚â–‚â–‚â–â–â–â–â–
wandb:            Predictor_1/Train_Loss_LayerAvg â–
wandb:                  Predictor_1/Val_Acc_Epoch â–â–ƒâ–…â–‡â–†â–‡â–ˆâ–ˆâ–ˆâ–‡â–‡â–‡
wandb:                 Predictor_1/Val_Loss_Epoch â–ˆâ–…â–ƒâ–‚â–‚â–‚â–â–â–â–â–â–
wandb:                 Predictor_2/Epochs_Trained â–
wandb:         Predictor_2/GPU_Mem_Used_MiB_Batch â–â–â–â–â–â–â–â–â–â–â–â–
wandb:         Predictor_2/Peak_GPU_Mem_Epoch_MiB â–â–â–â–â–â–â–â–â–â–â–â–
wandb:         Predictor_2/Peak_GPU_Mem_Layer_MiB â–
wandb:                Predictor_2/Train_Acc_Batch â–…â–ˆâ–â–ˆâ–†â–ˆâ–ˆâ–ˆâ–†â–ˆâ–ˆâ–ˆ
wandb:             Predictor_2/Train_Acc_EpochAvg â–â–†â–†â–‡â–‡â–‡â–ˆâ–ˆâ–ˆâ–ˆâ–ˆâ–ˆ
wandb:             Predictor_2/Train_Acc_LayerAvg â–
wandb:               Predictor_2/Train_Loss_Batch â–ˆâ–‚â–ˆâ–ƒâ–ƒâ–‚â–â–‚â–„â–‚â–â–
wandb:            Predictor_2/Train_Loss_EpochAvg â–ˆâ–ƒâ–ƒâ–‚â–‚â–‚â–â–â–â–â–â–
wandb:            Predictor_2/Train_Loss_LayerAvg â–
wandb:                  Predictor_2/Val_Acc_Epoch â–â–„â–†â–‡â–‡â–‡â–ˆâ–ˆâ–ˆâ–ˆâ–ˆâ–‡
wandb:                 Predictor_2/Val_Loss_Epoch â–ˆâ–…â–ƒâ–‚â–ƒâ–‚â–â–â–â–‚â–â–
wandb:                 Predictor_3/Epochs_Trained â–
wandb:         Predictor_3/GPU_Mem_Used_MiB_Batch â–â–â–â–â–â–â–â–â–â–
wandb:         Predictor_3/Peak_GPU_Mem_Epoch_MiB â–â–â–â–â–â–â–â–â–â–
wandb:         Predictor_3/Peak_GPU_Mem_Layer_MiB â–
wandb:                Predictor_3/Train_Acc_Batch â–â–ˆâ–ˆâ–ˆâ–ˆâ–ˆâ–ˆâ–ˆâ–ˆâ–ˆ
wandb:             Predictor_3/Train_Acc_EpochAvg â–â–‡â–ˆâ–ˆâ–ˆâ–ˆâ–ˆâ–ˆâ–ˆâ–ˆ
wandb:             Predictor_3/Train_Acc_LayerAvg â–
wandb:               Predictor_3/Train_Loss_Batch â–ˆâ–‚â–â–â–â–â–â–â–â–
wandb:            Predictor_3/Train_Loss_EpochAvg â–ˆâ–‚â–‚â–â–â–â–â–â–â–
wandb:            Predictor_3/Train_Loss_LayerAvg â–
wandb:                  Predictor_3/Val_Acc_Epoch â–â–â–„â–…â–‡â–‡â–‡â–‡â–ˆâ–ˆ
wandb:                 Predictor_3/Val_Loss_Epoch â–ˆâ–„â–‚â–‚â–â–â–‚â–‚â–‚â–‚
wandb:                       estimated_fwd_gflops â–
wandb:                        final/Test_Accuracy â–
wandb:                            final/Test_Loss â–
wandb:           final/codecarbon_emissions_gCO2e â–
wandb:                 final/estimated_fwd_gflops â–
wandb:                final/peak_gpu_mem_used_mib â–
wandb:              final/total_gpu_energy_joules â–
wandb:                  final/total_gpu_energy_wh â–
wandb:               final/total_run_duration_sec â–
wandb:                final/training_duration_sec â–
wandb:                                global_step â–â–â–â–â–‚â–‚â–‚â–‚â–‚â–‚â–ƒâ–ƒâ–ƒâ–ƒâ–„â–„â–„â–„â–„â–„â–…â–…â–…â–…â–…â–†â–†â–†â–†â–†â–‡â–‡â–‡â–‡â–‡â–‡â–‡â–ˆâ–ˆâ–ˆ
wandb:                   initial_gpu_mem_used_mib â–
wandb:                     model_parameters_total â–
wandb:                 model_parameters_trainable â–
wandb: 
wandb: Run summary:
wandb:              CaFo_DFA/BlockTrain_Acc_Batch 99.21875
wandb:           CaFo_DFA/BlockTrain_Acc_EpochAvg 99.7496
wandb:      CaFo_DFA/BlockTrain_GPU_Mem_MiB_Batch 1066
wandb:             CaFo_DFA/BlockTrain_Loss_Batch 0.01116
wandb:          CaFo_DFA/BlockTrain_Loss_EpochAvg 0.0075
wandb: CaFo_DFA/BlockTrain_Peak_GPU_Mem_Epoch_MiB 1066
wandb:                 Predictor_1/Epochs_Trained 12
wandb:         Predictor_1/GPU_Mem_Used_MiB_Batch 1092
wandb:         Predictor_1/Peak_GPU_Mem_Epoch_MiB 1092
wandb:         Predictor_1/Peak_GPU_Mem_Layer_MiB 1092
wandb:                Predictor_1/Train_Acc_Batch 99.21875
wandb:             Predictor_1/Train_Acc_EpochAvg 99.38702
wandb:             Predictor_1/Train_Acc_LayerAvg 99.38702
wandb:               Predictor_1/Train_Loss_Batch 0.02355
wandb:            Predictor_1/Train_Loss_EpochAvg 0.0251
wandb:            Predictor_1/Train_Loss_LayerAvg 0.0251
wandb:                  Predictor_1/Val_Acc_Epoch 98.02
wandb:                 Predictor_1/Val_Loss_Epoch 0.06436
wandb:                 Predictor_2/Epochs_Trained 12
wandb:         Predictor_2/GPU_Mem_Used_MiB_Batch 1092
wandb:         Predictor_2/Peak_GPU_Mem_Epoch_MiB 1092
wandb:         Predictor_2/Peak_GPU_Mem_Layer_MiB 1092
wandb:                Predictor_2/Train_Acc_Batch 100
wandb:             Predictor_2/Train_Acc_EpochAvg 99.92588
wandb:             Predictor_2/Train_Acc_LayerAvg 99.92588
wandb:               Predictor_2/Train_Loss_Batch 0.00547
wandb:            Predictor_2/Train_Loss_EpochAvg 0.00673
wandb:            Predictor_2/Train_Loss_LayerAvg 0.00673
wandb:                  Predictor_2/Val_Acc_Epoch 98.61
wandb:                 Predictor_2/Val_Loss_Epoch 0.04345
wandb:                 Predictor_3/Epochs_Trained 10
wandb:         Predictor_3/GPU_Mem_Used_MiB_Batch 1092
wandb:         Predictor_3/Peak_GPU_Mem_Epoch_MiB 1092
wandb:         Predictor_3/Peak_GPU_Mem_Layer_MiB 1092
wandb:                Predictor_3/Train_Acc_Batch 100
wandb:             Predictor_3/Train_Acc_EpochAvg 100
wandb:             Predictor_3/Train_Acc_LayerAvg 100
wandb:               Predictor_3/Train_Loss_Batch 0.00056
wandb:            Predictor_3/Train_Loss_EpochAvg 0.00069
wandb:            Predictor_3/Train_Loss_LayerAvg 0.00069
wandb:                  Predictor_3/Val_Acc_Epoch 99.18
wandb:                 Predictor_3/Val_Loss_Epoch 0.02899
wandb:                     codecarbon_country_iso POL
wandb:                         codecarbon_enabled True
wandb:                            codecarbon_mode offline
wandb:                 estimated_bp_update_gflops nan
wandb:                       estimated_fwd_gflops 0.07271
wandb:                        final/Test_Accuracy 99.05
wandb:                            final/Test_Loss 0.06773
wandb:           final/codecarbon_emissions_gCO2e 2.43395
wandb:           final/estimated_bp_update_gflops nan
wandb:                 final/estimated_fwd_gflops 0.07271
wandb:                final/peak_gpu_mem_used_mib 1092
wandb:              final/total_gpu_energy_joules 6038.89037
wandb:                  final/total_gpu_energy_wh 1.67747
wandb:               final/total_run_duration_sec 89.60096
wandb:                final/training_duration_sec 86.16366
wandb:                   initial_gpu_mem_used_mib 336.625
wandb:                     model_parameters_total 628320
wandb:                 model_parameters_trainable 628320
wandb: 
wandb: ðŸš€ View run cafodfa_mnist_cnn_3block at: https://wandb.ai/przspyra11/BeyondBackpropagation/runs/bhvl6pjo
wandb: â­ï¸ View project at: https://wandb.ai/przspyra11/BeyondBackpropagation
wandb: Synced 5 W&B file(s), 0 media file(s), 0 artifact file(s) and 0 other file(s)
wandb: Find logs at: ./wandb/run-20250508_031549-bhvl6pjo/logs
