 binutils/2.38 loaded.
 bzip2/1.0.8 loaded.
 zlib/1.2.12 loaded.
 ncurses/6.3 loaded.
 libreadline/8.1.2 loaded.
 Tcl/8.6.12 loaded.
 SQLite/3.38.3 loaded.
 XZ/5.2.5 loaded.
 GMP/6.2.1 loaded.
 libffi/3.4.2 loaded.
 OpenSSL/1.1 loaded.
 Python/3.10.4 loaded.
 CUDA/12.4.0 loaded.

Currently Loaded Modules:
  1) binutils/2.38   5) libreadline/8.1.2   9) GMP/6.2.1      13) CUDA/12.4.0
  2) bzip2/1.0.8     6) Tcl/8.6.12         10) libffi/3.4.2
  3) zlib/1.2.12     7) SQLite/3.38.3      11) OpenSSL/1.1
  4) ncurses/6.3     8) XZ/5.2.5           12) Python/3.10.4

 

2025-05-08 01:00:49,071 - src.utils.config_parser - INFO - Successfully merged configuration from configs/cafo/cafodfa_mnist_cnn_3block.yaml and configs/base.yaml
wandb: Using wandb-core as the SDK backend.  Please refer to https://wandb.me/wandb-core for more information.
wandb: Currently logged in as: przspyra11 (agh_racing) to https://api.wandb.ai. Use `wandb login --relogin` to force relogin
wandb: Tracking run with wandb version 0.19.8
wandb: Run data is saved locally in /net/tscratch/people/plgspyra/BeyondBackpropagation/wandb/run-20250508_010049-l1jifw4f
wandb: Run `wandb offline` to turn off syncing.
wandb: Syncing run cafodfa_mnist_cnn_3block
wandb: â­ï¸ View project at https://wandb.ai/przspyra11/BeyondBackpropagation
wandb: ðŸš€ View run at https://wandb.ai/przspyra11/BeyondBackpropagation/runs/l1jifw4f
[codecarbon INFO @ 01:00:50] offline tracker init
[codecarbon INFO @ 01:00:50] [setup] RAM Tracking...
[codecarbon INFO @ 01:00:50] [setup] CPU Tracking...
 Linux OS detected: Please ensure RAPL files exist at /sys/class/powercap/intel-rapl/subsystem to measure CPU

[codecarbon INFO @ 01:00:50] CPU Model on constant consumption mode: AMD EPYC 7742 64-Core Processor
[codecarbon INFO @ 01:00:50] [setup] GPU Tracking...
[codecarbon INFO @ 01:00:50] Tracking Nvidia GPU via pynvml
[codecarbon INFO @ 01:00:50] The below tracking methods have been set up:
                RAM Tracking Method: RAM power estimation model
                CPU Tracking Method: cpu_load
                GPU Tracking Method: pynvml
            
[codecarbon INFO @ 01:00:50] >>> Tracker's metadata:
[codecarbon INFO @ 01:00:50]   Platform system: Linux-5.14.0-503.26.1.el9_5.x86_64-x86_64-with-glibc2.34
[codecarbon INFO @ 01:00:50]   Python version: 3.10.4
[codecarbon INFO @ 01:00:50]   CodeCarbon version: 3.0.1
[codecarbon INFO @ 01:00:50]   Available RAM : 125.000 GB
[codecarbon INFO @ 01:00:50]   CPU count: 16 thread(s) in 2 physical CPU(s)
[codecarbon INFO @ 01:00:50]   CPU model: AMD EPYC 7742 64-Core Processor
[codecarbon INFO @ 01:00:50]   GPU count: 1
[codecarbon INFO @ 01:00:50]   GPU model: 1 x NVIDIA A100-SXM4-40GB BUT only tracking these GPU ids : [0]
[codecarbon INFO @ 01:00:50] Emissions data (if any) will be saved to file /net/tscratch/people/plgspyra/BeyondBackpropagation/results/carbon/cafodfa_mnist_cnn_3block_carbon.csv

DFA Block Epoch 1/5:   0%|          | 0/390 [00:00<?, ?it/s]
DFA Block Epoch 1/5:   0%|          | 1/390 [00:00<02:42,  2.39it/s]
DFA Block Epoch 1/5:   6%|â–Œ         | 22/390 [00:00<00:06, 54.85it/s]
DFA Block Epoch 1/5:  11%|â–ˆ         | 43/390 [00:00<00:03, 95.24it/s]
DFA Block Epoch 1/5:  17%|â–ˆâ–‹        | 65/390 [00:00<00:02, 128.30it/s]
DFA Block Epoch 1/5:  22%|â–ˆâ–ˆâ–       | 87/390 [00:00<00:01, 153.44it/s]
DFA Block Epoch 1/5:  28%|â–ˆâ–ˆâ–Š       | 109/390 [00:00<00:01, 171.84it/s]
DFA Block Epoch 1/5:  34%|â–ˆâ–ˆâ–ˆâ–Ž      | 131/390 [00:01<00:01, 184.80it/s]
DFA Block Epoch 1/5:  39%|â–ˆâ–ˆâ–ˆâ–‰      | 153/390 [00:01<00:01, 193.79it/s]
DFA Block Epoch 1/5:  45%|â–ˆâ–ˆâ–ˆâ–ˆâ–     | 175/390 [00:01<00:01, 201.35it/s]
DFA Block Epoch 1/5:  51%|â–ˆâ–ˆâ–ˆâ–ˆâ–ˆ     | 197/390 [00:01<00:00, 204.04it/s]
DFA Block Epoch 1/5:  56%|â–ˆâ–ˆâ–ˆâ–ˆâ–ˆâ–‹    | 220/390 [00:01<00:00, 209.05it/s]
DFA Block Epoch 1/5:  62%|â–ˆâ–ˆâ–ˆâ–ˆâ–ˆâ–ˆâ–   | 242/390 [00:01<00:00, 211.86it/s]
DFA Block Epoch 1/5:  68%|â–ˆâ–ˆâ–ˆâ–ˆâ–ˆâ–ˆâ–Š   | 264/390 [00:01<00:00, 213.10it/s]
DFA Block Epoch 1/5:  73%|â–ˆâ–ˆâ–ˆâ–ˆâ–ˆâ–ˆâ–ˆâ–Ž  | 286/390 [00:01<00:00, 213.03it/s]
DFA Block Epoch 1/5:  79%|â–ˆâ–ˆâ–ˆâ–ˆâ–ˆâ–ˆâ–ˆâ–‰  | 308/390 [00:01<00:00, 213.08it/s]
DFA Block Epoch 1/5:  85%|â–ˆâ–ˆâ–ˆâ–ˆâ–ˆâ–ˆâ–ˆâ–ˆâ– | 330/390 [00:01<00:00, 212.95it/s]
DFA Block Epoch 1/5:  90%|â–ˆâ–ˆâ–ˆâ–ˆâ–ˆâ–ˆâ–ˆâ–ˆâ–ˆ | 352/390 [00:02<00:00, 214.12it/s]
DFA Block Epoch 1/5:  96%|â–ˆâ–ˆâ–ˆâ–ˆâ–ˆâ–ˆâ–ˆâ–ˆâ–ˆâ–Œ| 374/390 [00:02<00:00, 214.33it/s]
DFA Block Epoch 1/5:  96%|â–ˆâ–ˆâ–ˆâ–ˆâ–ˆâ–ˆâ–ˆâ–ˆâ–ˆâ–Œ| 374/390 [00:02<00:00, 214.33it/s, acc=95.31%, loss=0.1146]
                                                                                                

DFA Block Epoch 2/5:   0%|          | 0/390 [00:00<?, ?it/s]
DFA Block Epoch 2/5:   4%|â–         | 15/390 [00:00<00:02, 148.33it/s]
DFA Block Epoch 2/5:   9%|â–‰         | 37/390 [00:00<00:01, 185.42it/s]
DFA Block Epoch 2/5:  15%|â–ˆâ–Œ        | 59/390 [00:00<00:01, 197.51it/s]
DFA Block Epoch 2/5:  21%|â–ˆâ–ˆ        | 81/390 [00:00<00:01, 203.85it/s]
DFA Block Epoch 2/5:  26%|â–ˆâ–ˆâ–‹       | 103/390 [00:00<00:01, 207.87it/s]
DFA Block Epoch 2/5:  32%|â–ˆâ–ˆâ–ˆâ–      | 125/390 [00:00<00:01, 208.41it/s]
DFA Block Epoch 2/5:  38%|â–ˆâ–ˆâ–ˆâ–Š      | 147/390 [00:00<00:01, 210.82it/s]
DFA Block Epoch 2/5:  43%|â–ˆâ–ˆâ–ˆâ–ˆâ–Ž     | 169/390 [00:00<00:01, 210.61it/s]
DFA Block Epoch 2/5:  49%|â–ˆâ–ˆâ–ˆâ–ˆâ–‰     | 191/390 [00:00<00:00, 211.89it/s]
DFA Block Epoch 2/5:  55%|â–ˆâ–ˆâ–ˆâ–ˆâ–ˆâ–    | 213/390 [00:01<00:00, 211.82it/s]
DFA Block Epoch 2/5:  60%|â–ˆâ–ˆâ–ˆâ–ˆâ–ˆâ–ˆ    | 235/390 [00:01<00:00, 212.54it/s]
DFA Block Epoch 2/5:  66%|â–ˆâ–ˆâ–ˆâ–ˆâ–ˆâ–ˆâ–Œ   | 257/390 [00:01<00:00, 212.38it/s]
DFA Block Epoch 2/5:  72%|â–ˆâ–ˆâ–ˆâ–ˆâ–ˆâ–ˆâ–ˆâ–  | 279/390 [00:01<00:00, 212.96it/s]
DFA Block Epoch 2/5:  77%|â–ˆâ–ˆâ–ˆâ–ˆâ–ˆâ–ˆâ–ˆâ–‹  | 301/390 [00:01<00:00, 212.48it/s]
DFA Block Epoch 2/5:  83%|â–ˆâ–ˆâ–ˆâ–ˆâ–ˆâ–ˆâ–ˆâ–ˆâ–Ž | 323/390 [00:01<00:00, 213.10it/s]
DFA Block Epoch 2/5:  88%|â–ˆâ–ˆâ–ˆâ–ˆâ–ˆâ–ˆâ–ˆâ–ˆâ–Š | 345/390 [00:01<00:00, 212.33it/s]
DFA Block Epoch 2/5:  94%|â–ˆâ–ˆâ–ˆâ–ˆâ–ˆâ–ˆâ–ˆâ–ˆâ–ˆâ–| 367/390 [00:01<00:00, 212.05it/s]
DFA Block Epoch 2/5: 100%|â–ˆâ–ˆâ–ˆâ–ˆâ–ˆâ–ˆâ–ˆâ–ˆâ–ˆâ–‰| 389/390 [00:01<00:00, 203.10it/s]
DFA Block Epoch 2/5: 100%|â–ˆâ–ˆâ–ˆâ–ˆâ–ˆâ–ˆâ–ˆâ–ˆâ–ˆâ–‰| 389/390 [00:01<00:00, 203.10it/s, acc=99.22%, loss=0.0184]
                                                                                                

DFA Block Epoch 3/5:   0%|          | 0/390 [00:00<?, ?it/s]
DFA Block Epoch 3/5:   4%|â–         | 16/390 [00:00<00:02, 154.23it/s]
DFA Block Epoch 3/5:  10%|â–‰         | 38/390 [00:00<00:01, 188.80it/s]
DFA Block Epoch 3/5:  15%|â–ˆâ–Œ        | 60/390 [00:00<00:01, 198.78it/s]
DFA Block Epoch 3/5:  21%|â–ˆâ–ˆ        | 82/390 [00:00<00:01, 205.02it/s]
DFA Block Epoch 3/5:  27%|â–ˆâ–ˆâ–‹       | 104/390 [00:00<00:01, 208.40it/s]
DFA Block Epoch 3/5:  32%|â–ˆâ–ˆâ–ˆâ–      | 126/390 [00:00<00:01, 210.99it/s]
DFA Block Epoch 3/5:  38%|â–ˆâ–ˆâ–ˆâ–Š      | 148/390 [00:00<00:01, 212.83it/s]
DFA Block Epoch 3/5:  44%|â–ˆâ–ˆâ–ˆâ–ˆâ–Ž     | 170/390 [00:00<00:01, 210.91it/s]
DFA Block Epoch 3/5:  49%|â–ˆâ–ˆâ–ˆâ–ˆâ–‰     | 192/390 [00:00<00:00, 212.56it/s]
DFA Block Epoch 3/5:  55%|â–ˆâ–ˆâ–ˆâ–ˆâ–ˆâ–    | 214/390 [00:01<00:00, 213.12it/s]
DFA Block Epoch 3/5:  61%|â–ˆâ–ˆâ–ˆâ–ˆâ–ˆâ–ˆ    | 236/390 [00:01<00:00, 214.31it/s]
DFA Block Epoch 3/5:  66%|â–ˆâ–ˆâ–ˆâ–ˆâ–ˆâ–ˆâ–Œ   | 258/390 [00:01<00:00, 212.64it/s]
DFA Block Epoch 3/5:  72%|â–ˆâ–ˆâ–ˆâ–ˆâ–ˆâ–ˆâ–ˆâ–  | 280/390 [00:01<00:00, 210.53it/s]
DFA Block Epoch 3/5:  77%|â–ˆâ–ˆâ–ˆâ–ˆâ–ˆâ–ˆâ–ˆâ–‹  | 302/390 [00:01<00:00, 209.29it/s]
DFA Block Epoch 3/5:  83%|â–ˆâ–ˆâ–ˆâ–ˆâ–ˆâ–ˆâ–ˆâ–ˆâ–Ž | 323/390 [00:01<00:00, 208.53it/s]
DFA Block Epoch 3/5:  88%|â–ˆâ–ˆâ–ˆâ–ˆâ–ˆâ–ˆâ–ˆâ–ˆâ–Š | 344/390 [00:01<00:00, 206.37it/s]
DFA Block Epoch 3/5:  94%|â–ˆâ–ˆâ–ˆâ–ˆâ–ˆâ–ˆâ–ˆâ–ˆâ–ˆâ–Ž| 365/390 [00:01<00:00, 206.25it/s]
DFA Block Epoch 3/5:  99%|â–ˆâ–ˆâ–ˆâ–ˆâ–ˆâ–ˆâ–ˆâ–ˆâ–ˆâ–‰| 386/390 [00:01<00:00, 199.90it/s]
DFA Block Epoch 3/5:  99%|â–ˆâ–ˆâ–ˆâ–ˆâ–ˆâ–ˆâ–ˆâ–ˆâ–ˆâ–‰| 386/390 [00:01<00:00, 199.90it/s, acc=100.00%, loss=0.0077]
                                                                                                 

DFA Block Epoch 4/5:   0%|          | 0/390 [00:00<?, ?it/s]
DFA Block Epoch 4/5:   3%|â–Ž         | 13/390 [00:00<00:02, 128.42it/s]
DFA Block Epoch 4/5:   9%|â–Š         | 34/390 [00:00<00:02, 174.49it/s]
DFA Block Epoch 4/5:  14%|â–ˆâ–        | 55/390 [00:00<00:01, 189.68it/s]
DFA Block Epoch 4/5:  19%|â–ˆâ–‰        | 75/390 [00:00<00:01, 192.12it/s]
DFA Block Epoch 4/5:  24%|â–ˆâ–ˆâ–       | 95/390 [00:00<00:01, 194.79it/s]
DFA Block Epoch 4/5:  29%|â–ˆâ–ˆâ–‰       | 115/390 [00:00<00:01, 193.19it/s]
DFA Block Epoch 4/5:  35%|â–ˆâ–ˆâ–ˆâ–      | 135/390 [00:00<00:01, 194.01it/s]
DFA Block Epoch 4/5:  40%|â–ˆâ–ˆâ–ˆâ–ˆ      | 156/390 [00:00<00:01, 196.21it/s]
DFA Block Epoch 4/5:  45%|â–ˆâ–ˆâ–ˆâ–ˆâ–Œ     | 176/390 [00:00<00:01, 195.86it/s]
DFA Block Epoch 4/5:  50%|â–ˆâ–ˆâ–ˆâ–ˆâ–ˆ     | 196/390 [00:01<00:00, 195.63it/s]
DFA Block Epoch 4/5:  55%|â–ˆâ–ˆâ–ˆâ–ˆâ–ˆâ–Œ    | 216/390 [00:01<00:00, 192.92it/s]
DFA Block Epoch 4/5:  61%|â–ˆâ–ˆâ–ˆâ–ˆâ–ˆâ–ˆ    | 236/390 [00:01<00:00, 194.31it/s]
DFA Block Epoch 4/5:  66%|â–ˆâ–ˆâ–ˆâ–ˆâ–ˆâ–ˆâ–Œ   | 256/390 [00:01<00:00, 194.50it/s]
DFA Block Epoch 4/5:  71%|â–ˆâ–ˆâ–ˆâ–ˆâ–ˆâ–ˆâ–ˆ   | 276/390 [00:01<00:00, 195.94it/s]
DFA Block Epoch 4/5:  76%|â–ˆâ–ˆâ–ˆâ–ˆâ–ˆâ–ˆâ–ˆâ–Œ  | 296/390 [00:01<00:00, 195.81it/s]
DFA Block Epoch 4/5:  81%|â–ˆâ–ˆâ–ˆâ–ˆâ–ˆâ–ˆâ–ˆâ–ˆ  | 316/390 [00:01<00:00, 196.10it/s]
DFA Block Epoch 4/5:  86%|â–ˆâ–ˆâ–ˆâ–ˆâ–ˆâ–ˆâ–ˆâ–ˆâ–Œ | 336/390 [00:01<00:00, 195.54it/s]
DFA Block Epoch 4/5:  91%|â–ˆâ–ˆâ–ˆâ–ˆâ–ˆâ–ˆâ–ˆâ–ˆâ–ˆâ–| 356/390 [00:01<00:00, 196.43it/s]
DFA Block Epoch 4/5:  96%|â–ˆâ–ˆâ–ˆâ–ˆâ–ˆâ–ˆâ–ˆâ–ˆâ–ˆâ–‹| 376/390 [00:01<00:00, 196.42it/s]
DFA Block Epoch 4/5:  96%|â–ˆâ–ˆâ–ˆâ–ˆâ–ˆâ–ˆâ–ˆâ–ˆâ–ˆâ–‹| 376/390 [00:02<00:00, 196.42it/s, acc=100.00%, loss=0.0052]
                                                                                                 

DFA Block Epoch 5/5:   0%|          | 0/390 [00:00<?, ?it/s]
DFA Block Epoch 5/5:   4%|â–Ž         | 14/390 [00:00<00:02, 133.24it/s]
DFA Block Epoch 5/5:   9%|â–‰         | 36/390 [00:00<00:01, 182.81it/s]
DFA Block Epoch 5/5:  15%|â–ˆâ–        | 58/390 [00:00<00:01, 197.58it/s]
DFA Block Epoch 5/5:  20%|â–ˆâ–ˆ        | 79/390 [00:00<00:01, 202.37it/s]
DFA Block Epoch 5/5:  26%|â–ˆâ–ˆâ–Œ       | 102/390 [00:00<00:01, 210.06it/s]
DFA Block Epoch 5/5:  32%|â–ˆâ–ˆâ–ˆâ–      | 125/390 [00:00<00:01, 214.91it/s]
DFA Block Epoch 5/5:  38%|â–ˆâ–ˆâ–ˆâ–Š      | 148/390 [00:00<00:01, 215.79it/s]
DFA Block Epoch 5/5:  44%|â–ˆâ–ˆâ–ˆâ–ˆâ–Ž     | 170/390 [00:00<00:01, 215.65it/s]
DFA Block Epoch 5/5:  49%|â–ˆâ–ˆâ–ˆâ–ˆâ–‰     | 192/390 [00:00<00:00, 214.51it/s]
DFA Block Epoch 5/5:  55%|â–ˆâ–ˆâ–ˆâ–ˆâ–ˆâ–    | 214/390 [00:01<00:00, 213.99it/s]
DFA Block Epoch 5/5:  61%|â–ˆâ–ˆâ–ˆâ–ˆâ–ˆâ–ˆ    | 236/390 [00:01<00:00, 213.40it/s]
DFA Block Epoch 5/5:  66%|â–ˆâ–ˆâ–ˆâ–ˆâ–ˆâ–ˆâ–Œ   | 258/390 [00:01<00:00, 213.99it/s]
DFA Block Epoch 5/5:  72%|â–ˆâ–ˆâ–ˆâ–ˆâ–ˆâ–ˆâ–ˆâ–  | 280/390 [00:01<00:00, 213.40it/s]
DFA Block Epoch 5/5:  77%|â–ˆâ–ˆâ–ˆâ–ˆâ–ˆâ–ˆâ–ˆâ–‹  | 302/390 [00:01<00:00, 213.99it/s]
DFA Block Epoch 5/5:  83%|â–ˆâ–ˆâ–ˆâ–ˆâ–ˆâ–ˆâ–ˆâ–ˆâ–Ž | 324/390 [00:01<00:00, 213.02it/s]
DFA Block Epoch 5/5:  89%|â–ˆâ–ˆâ–ˆâ–ˆâ–ˆâ–ˆâ–ˆâ–ˆâ–Š | 346/390 [00:01<00:00, 213.91it/s]
DFA Block Epoch 5/5:  94%|â–ˆâ–ˆâ–ˆâ–ˆâ–ˆâ–ˆâ–ˆâ–ˆâ–ˆâ–| 368/390 [00:01<00:00, 213.01it/s]
DFA Block Epoch 5/5:  94%|â–ˆâ–ˆâ–ˆâ–ˆâ–ˆâ–ˆâ–ˆâ–ˆâ–ˆâ–| 368/390 [00:01<00:00, 213.01it/s, acc=99.22%, loss=0.0092]
DFA Block Epoch 5/5: 100%|â–ˆâ–ˆâ–ˆâ–ˆâ–ˆâ–ˆâ–ˆâ–ˆâ–ˆâ–ˆ| 390/390 [00:01<00:00, 203.65it/s, acc=99.22%, loss=0.0092]
                                                                                                

Predictor_1 Epoch 1/12:   0%|          | 0/390 [00:00<?, ?it/s]
Predictor_1 Epoch 1/12:   4%|â–         | 17/390 [00:00<00:02, 163.15it/s]
Predictor_1 Epoch 1/12:  11%|â–ˆ         | 41/390 [00:00<00:01, 193.48it/s]
Predictor_1 Epoch 1/12:  17%|â–ˆâ–‹        | 65/390 [00:00<00:01, 203.65it/s]
Predictor_1 Epoch 1/12:  23%|â–ˆâ–ˆâ–Ž       | 89/390 [00:00<00:01, 207.88it/s]
Predictor_1 Epoch 1/12:  29%|â–ˆâ–ˆâ–‰       | 113/390 [00:00<00:01, 210.95it/s]
Predictor_1 Epoch 1/12:  35%|â–ˆâ–ˆâ–ˆâ–Œ      | 137/390 [00:00<00:01, 212.25it/s]
Predictor_1 Epoch 1/12:  41%|â–ˆâ–ˆâ–ˆâ–ˆ      | 160/390 [00:00<00:01, 216.88it/s]
Predictor_1 Epoch 1/12:  47%|â–ˆâ–ˆâ–ˆâ–ˆâ–‹     | 182/390 [00:00<00:00, 213.45it/s]
Predictor_1 Epoch 1/12:  52%|â–ˆâ–ˆâ–ˆâ–ˆâ–ˆâ–    | 204/390 [00:00<00:00, 215.26it/s]
Predictor_1 Epoch 1/12:  58%|â–ˆâ–ˆâ–ˆâ–ˆâ–ˆâ–Š    | 226/390 [00:01<00:00, 213.40it/s]
Predictor_1 Epoch 1/12:  64%|â–ˆâ–ˆâ–ˆâ–ˆâ–ˆâ–ˆâ–Ž   | 248/390 [00:01<00:00, 214.26it/s]
Predictor_1 Epoch 1/12:  69%|â–ˆâ–ˆâ–ˆâ–ˆâ–ˆâ–ˆâ–‰   | 270/390 [00:01<00:00, 213.36it/s]
Predictor_1 Epoch 1/12:  75%|â–ˆâ–ˆâ–ˆâ–ˆâ–ˆâ–ˆâ–ˆâ–  | 292/390 [00:01<00:00, 211.18it/s]
Predictor_1 Epoch 1/12:  81%|â–ˆâ–ˆâ–ˆâ–ˆâ–ˆâ–ˆâ–ˆâ–ˆ  | 315/390 [00:01<00:00, 216.56it/s]
Predictor_1 Epoch 1/12:  86%|â–ˆâ–ˆâ–ˆâ–ˆâ–ˆâ–ˆâ–ˆâ–ˆâ–‹ | 337/390 [00:01<00:00, 214.27it/s]
Predictor_1 Epoch 1/12:  92%|â–ˆâ–ˆâ–ˆâ–ˆâ–ˆâ–ˆâ–ˆâ–ˆâ–ˆâ–| 359/390 [00:01<00:00, 215.41it/s]
Predictor_1 Epoch 1/12:  98%|â–ˆâ–ˆâ–ˆâ–ˆâ–ˆâ–ˆâ–ˆâ–ˆâ–ˆâ–Š| 381/390 [00:01<00:00, 212.90it/s]
Predictor_1 Epoch 1/12:  98%|â–ˆâ–ˆâ–ˆâ–ˆâ–ˆâ–ˆâ–ˆâ–ˆâ–ˆâ–Š| 381/390 [00:01<00:00, 212.90it/s, acc=96.09%, loss=0.1293]
                                                                                                   

Predictor_1 Epoch 2/12:   0%|          | 0/390 [00:00<?, ?it/s]
Predictor_1 Epoch 2/12:   4%|â–         | 17/390 [00:00<00:02, 157.25it/s]
Predictor_1 Epoch 2/12:  11%|â–ˆ         | 41/390 [00:00<00:01, 190.76it/s]
Predictor_1 Epoch 2/12:  17%|â–ˆâ–‹        | 65/390 [00:00<00:01, 201.98it/s]
Predictor_1 Epoch 2/12:  23%|â–ˆâ–ˆâ–Ž       | 89/390 [00:00<00:01, 207.45it/s]
Predictor_1 Epoch 2/12:  29%|â–ˆâ–ˆâ–‰       | 113/390 [00:00<00:01, 210.18it/s]
Predictor_1 Epoch 2/12:  35%|â–ˆâ–ˆâ–ˆâ–Œ      | 137/390 [00:00<00:01, 212.02it/s]
Predictor_1 Epoch 2/12:  41%|â–ˆâ–ˆâ–ˆâ–ˆ      | 160/390 [00:00<00:01, 217.02it/s]
Predictor_1 Epoch 2/12:  47%|â–ˆâ–ˆâ–ˆâ–ˆâ–‹     | 182/390 [00:00<00:00, 213.16it/s]
Predictor_1 Epoch 2/12:  53%|â–ˆâ–ˆâ–ˆâ–ˆâ–ˆâ–Ž    | 205/390 [00:00<00:00, 213.05it/s]
Predictor_1 Epoch 2/12:  58%|â–ˆâ–ˆâ–ˆâ–ˆâ–ˆâ–Š    | 228/390 [00:01<00:00, 215.51it/s][codecarbon INFO @ 01:01:06] Energy consumed for RAM : 0.000164 kWh. RAM Power : 38.0 W

Predictor_1 Epoch 2/12:  64%|â–ˆâ–ˆâ–ˆâ–ˆâ–ˆâ–ˆâ–   | 250/390 [00:01<00:00, 212.92it/s]
Predictor_1 Epoch 2/12:  70%|â–ˆâ–ˆâ–ˆâ–ˆâ–ˆâ–ˆâ–‰   | 272/390 [00:01<00:00, 214.54it/s]
Predictor_1 Epoch 2/12:  75%|â–ˆâ–ˆâ–ˆâ–ˆâ–ˆâ–ˆâ–ˆâ–Œ  | 294/390 [00:01<00:00, 213.17it/s]
Predictor_1 Epoch 2/12:  81%|â–ˆâ–ˆâ–ˆâ–ˆâ–ˆâ–ˆâ–ˆâ–ˆ  | 316/390 [00:01<00:00, 213.66it/s]
Predictor_1 Epoch 2/12:  87%|â–ˆâ–ˆâ–ˆâ–ˆâ–ˆâ–ˆâ–ˆâ–ˆâ–‹ | 338/390 [00:01<00:00, 213.41it/s][codecarbon INFO @ 01:01:06] Delta energy consumed for CPU with cpu_load : 0.000237 kWh, power : 54.99000000000001 W
[codecarbon INFO @ 01:01:06] Energy consumed for All CPU : 0.000237 kWh
[codecarbon INFO @ 01:01:06] Energy consumed for all GPUs : 0.000462 kWh. Total GPU Power : 103.92178904448807 W
[codecarbon INFO @ 01:01:06] 0.000863 kWh of electricity used since the beginning.

Predictor_1 Epoch 2/12:  92%|â–ˆâ–ˆâ–ˆâ–ˆâ–ˆâ–ˆâ–ˆâ–ˆâ–ˆâ–| 360/390 [00:01<00:00, 212.95it/s]
Predictor_1 Epoch 2/12:  98%|â–ˆâ–ˆâ–ˆâ–ˆâ–ˆâ–ˆâ–ˆâ–ˆâ–ˆâ–Š| 382/390 [00:01<00:00, 213.71it/s]
Predictor_1 Epoch 2/12:  98%|â–ˆâ–ˆâ–ˆâ–ˆâ–ˆâ–ˆâ–ˆâ–ˆâ–ˆâ–Š| 382/390 [00:01<00:00, 213.71it/s, acc=96.88%, loss=0.0818]
                                                                                                   

Predictor_1 Epoch 3/12:   0%|          | 0/390 [00:00<?, ?it/s]
Predictor_1 Epoch 3/12:   4%|â–         | 17/390 [00:00<00:02, 159.90it/s]
Predictor_1 Epoch 3/12:  11%|â–ˆ         | 41/390 [00:00<00:01, 193.12it/s]
Predictor_1 Epoch 3/12:  17%|â–ˆâ–‹        | 65/390 [00:00<00:01, 202.16it/s]
Predictor_1 Epoch 3/12:  23%|â–ˆâ–ˆâ–Ž       | 89/390 [00:00<00:01, 207.11it/s]
Predictor_1 Epoch 3/12:  29%|â–ˆâ–ˆâ–‰       | 113/390 [00:00<00:01, 209.42it/s]
Predictor_1 Epoch 3/12:  35%|â–ˆâ–ˆâ–ˆâ–      | 136/390 [00:00<00:01, 215.30it/s]
Predictor_1 Epoch 3/12:  41%|â–ˆâ–ˆâ–ˆâ–ˆ      | 158/390 [00:00<00:01, 212.40it/s]
Predictor_1 Epoch 3/12:  46%|â–ˆâ–ˆâ–ˆâ–ˆâ–‹     | 181/390 [00:00<00:00, 211.21it/s]
Predictor_1 Epoch 3/12:  52%|â–ˆâ–ˆâ–ˆâ–ˆâ–ˆâ–    | 204/390 [00:00<00:00, 216.15it/s]
Predictor_1 Epoch 3/12:  58%|â–ˆâ–ˆâ–ˆâ–ˆâ–ˆâ–Š    | 226/390 [00:01<00:00, 213.15it/s]
Predictor_1 Epoch 3/12:  64%|â–ˆâ–ˆâ–ˆâ–ˆâ–ˆâ–ˆâ–Ž   | 248/390 [00:01<00:00, 214.69it/s]
Predictor_1 Epoch 3/12:  69%|â–ˆâ–ˆâ–ˆâ–ˆâ–ˆâ–ˆâ–‰   | 270/390 [00:01<00:00, 213.36it/s]
Predictor_1 Epoch 3/12:  75%|â–ˆâ–ˆâ–ˆâ–ˆâ–ˆâ–ˆâ–ˆâ–  | 292/390 [00:01<00:00, 213.81it/s]
Predictor_1 Epoch 3/12:  81%|â–ˆâ–ˆâ–ˆâ–ˆâ–ˆâ–ˆâ–ˆâ–ˆ  | 314/390 [00:01<00:00, 213.56it/s]
Predictor_1 Epoch 3/12:  86%|â–ˆâ–ˆâ–ˆâ–ˆâ–ˆâ–ˆâ–ˆâ–ˆâ–Œ | 336/390 [00:01<00:00, 213.12it/s]
Predictor_1 Epoch 3/12:  92%|â–ˆâ–ˆâ–ˆâ–ˆâ–ˆâ–ˆâ–ˆâ–ˆâ–ˆâ–| 358/390 [00:01<00:00, 213.27it/s]
Predictor_1 Epoch 3/12:  97%|â–ˆâ–ˆâ–ˆâ–ˆâ–ˆâ–ˆâ–ˆâ–ˆâ–ˆâ–‹| 380/390 [00:01<00:00, 212.74it/s]
Predictor_1 Epoch 3/12:  97%|â–ˆâ–ˆâ–ˆâ–ˆâ–ˆâ–ˆâ–ˆâ–ˆâ–ˆâ–‹| 380/390 [00:01<00:00, 212.74it/s, acc=96.88%, loss=0.1158]
                                                                                                   

Predictor_1 Epoch 4/12:   0%|          | 0/390 [00:00<?, ?it/s]
Predictor_1 Epoch 4/12:   4%|â–         | 17/390 [00:00<00:02, 162.50it/s]
Predictor_1 Epoch 4/12:  10%|â–ˆ         | 40/390 [00:00<00:01, 201.08it/s]
Predictor_1 Epoch 4/12:  16%|â–ˆâ–Œ        | 61/390 [00:00<00:01, 201.16it/s]
Predictor_1 Epoch 4/12:  21%|â–ˆâ–ˆâ–       | 83/390 [00:00<00:01, 208.01it/s]
Predictor_1 Epoch 4/12:  27%|â–ˆâ–ˆâ–‹       | 105/390 [00:00<00:01, 208.47it/s]
Predictor_1 Epoch 4/12:  33%|â–ˆâ–ˆâ–ˆâ–Ž      | 127/390 [00:00<00:01, 208.40it/s]
Predictor_1 Epoch 4/12:  38%|â–ˆâ–ˆâ–ˆâ–Š      | 150/390 [00:00<00:01, 214.65it/s]
Predictor_1 Epoch 4/12:  44%|â–ˆâ–ˆâ–ˆâ–ˆâ–     | 172/390 [00:00<00:01, 215.21it/s]
Predictor_1 Epoch 4/12:  50%|â–ˆâ–ˆâ–ˆâ–ˆâ–‰     | 194/390 [00:00<00:00, 214.67it/s]
Predictor_1 Epoch 4/12:  55%|â–ˆâ–ˆâ–ˆâ–ˆâ–ˆâ–Œ    | 216/390 [00:01<00:00, 214.00it/s]
Predictor_1 Epoch 4/12:  61%|â–ˆâ–ˆâ–ˆâ–ˆâ–ˆâ–ˆ    | 238/390 [00:01<00:00, 214.73it/s]
Predictor_1 Epoch 4/12:  67%|â–ˆâ–ˆâ–ˆâ–ˆâ–ˆâ–ˆâ–‹   | 260/390 [00:01<00:00, 213.21it/s]
Predictor_1 Epoch 4/12:  73%|â–ˆâ–ˆâ–ˆâ–ˆâ–ˆâ–ˆâ–ˆâ–Ž  | 283/390 [00:01<00:00, 210.70it/s]
Predictor_1 Epoch 4/12:  79%|â–ˆâ–ˆâ–ˆâ–ˆâ–ˆâ–ˆâ–ˆâ–Š  | 307/390 [00:01<00:00, 211.17it/s]
Predictor_1 Epoch 4/12:  85%|â–ˆâ–ˆâ–ˆâ–ˆâ–ˆâ–ˆâ–ˆâ–ˆâ– | 331/390 [00:01<00:00, 211.56it/s]
Predictor_1 Epoch 4/12:  91%|â–ˆâ–ˆâ–ˆâ–ˆâ–ˆâ–ˆâ–ˆâ–ˆâ–ˆ | 354/390 [00:01<00:00, 216.58it/s]
Predictor_1 Epoch 4/12:  96%|â–ˆâ–ˆâ–ˆâ–ˆâ–ˆâ–ˆâ–ˆâ–ˆâ–ˆâ–‹| 376/390 [00:01<00:00, 212.10it/s]
Predictor_1 Epoch 4/12:  96%|â–ˆâ–ˆâ–ˆâ–ˆâ–ˆâ–ˆâ–ˆâ–ˆâ–ˆâ–‹| 376/390 [00:01<00:00, 212.10it/s, acc=97.66%, loss=0.0561]
                                                                                                   

Predictor_1 Epoch 5/12:   0%|          | 0/390 [00:00<?, ?it/s]
Predictor_1 Epoch 5/12:   4%|â–         | 17/390 [00:00<00:02, 155.47it/s]
Predictor_1 Epoch 5/12:  11%|â–ˆ         | 41/390 [00:00<00:01, 191.25it/s]
Predictor_1 Epoch 5/12:  17%|â–ˆâ–‹        | 65/390 [00:00<00:01, 202.31it/s]
Predictor_1 Epoch 5/12:  23%|â–ˆâ–ˆâ–Ž       | 89/390 [00:00<00:01, 207.41it/s]
Predictor_1 Epoch 5/12:  29%|â–ˆâ–ˆâ–‰       | 113/390 [00:00<00:01, 210.26it/s]
Predictor_1 Epoch 5/12:  35%|â–ˆâ–ˆâ–ˆâ–Œ      | 137/390 [00:00<00:01, 212.29it/s]
Predictor_1 Epoch 5/12:  41%|â–ˆâ–ˆâ–ˆâ–ˆ      | 159/390 [00:00<00:01, 213.36it/s]
Predictor_1 Epoch 5/12:  46%|â–ˆâ–ˆâ–ˆâ–ˆâ–‹     | 181/390 [00:00<00:00, 213.75it/s]
Predictor_1 Epoch 5/12:  52%|â–ˆâ–ˆâ–ˆâ–ˆâ–ˆâ–    | 203/390 [00:00<00:00, 214.43it/s]
Predictor_1 Epoch 5/12:  58%|â–ˆâ–ˆâ–ˆâ–ˆâ–ˆâ–Š    | 225/390 [00:01<00:00, 214.56it/s]
Predictor_1 Epoch 5/12:  63%|â–ˆâ–ˆâ–ˆâ–ˆâ–ˆâ–ˆâ–Ž   | 247/390 [00:01<00:00, 214.29it/s]
Predictor_1 Epoch 5/12:  69%|â–ˆâ–ˆâ–ˆâ–ˆâ–ˆâ–ˆâ–‰   | 269/390 [00:01<00:00, 214.43it/s]
Predictor_1 Epoch 5/12:  75%|â–ˆâ–ˆâ–ˆâ–ˆâ–ˆâ–ˆâ–ˆâ–  | 291/390 [00:01<00:00, 214.60it/s]
Predictor_1 Epoch 5/12:  80%|â–ˆâ–ˆâ–ˆâ–ˆâ–ˆâ–ˆâ–ˆâ–ˆ  | 313/390 [00:01<00:00, 214.11it/s]
Predictor_1 Epoch 5/12:  86%|â–ˆâ–ˆâ–ˆâ–ˆâ–ˆâ–ˆâ–ˆâ–ˆâ–Œ | 335/390 [00:01<00:00, 214.66it/s]
Predictor_1 Epoch 5/12:  92%|â–ˆâ–ˆâ–ˆâ–ˆâ–ˆâ–ˆâ–ˆâ–ˆâ–ˆâ–| 357/390 [00:01<00:00, 214.06it/s]
Predictor_1 Epoch 5/12:  97%|â–ˆâ–ˆâ–ˆâ–ˆâ–ˆâ–ˆâ–ˆâ–ˆâ–ˆâ–‹| 379/390 [00:01<00:00, 214.98it/s]
Predictor_1 Epoch 5/12:  97%|â–ˆâ–ˆâ–ˆâ–ˆâ–ˆâ–ˆâ–ˆâ–ˆâ–ˆâ–‹| 379/390 [00:01<00:00, 214.98it/s, acc=99.22%, loss=0.0790]
                                                                                                   

Predictor_1 Epoch 6/12:   0%|          | 0/390 [00:00<?, ?it/s]
Predictor_1 Epoch 6/12:   4%|â–         | 17/390 [00:00<00:02, 153.37it/s]
Predictor_1 Epoch 6/12:  11%|â–ˆ         | 41/390 [00:00<00:01, 188.44it/s]
Predictor_1 Epoch 6/12:  17%|â–ˆâ–‹        | 65/390 [00:00<00:01, 200.36it/s]
Predictor_1 Epoch 6/12:  23%|â–ˆâ–ˆâ–Ž       | 89/390 [00:00<00:01, 205.56it/s]
Predictor_1 Epoch 6/12:  29%|â–ˆâ–ˆâ–‰       | 113/390 [00:00<00:01, 207.85it/s]
Predictor_1 Epoch 6/12:  35%|â–ˆâ–ˆâ–ˆâ–Œ      | 137/390 [00:00<00:01, 210.22it/s]
Predictor_1 Epoch 6/12:  41%|â–ˆâ–ˆâ–ˆâ–ˆâ–     | 161/390 [00:00<00:01, 211.85it/s]
Predictor_1 Epoch 6/12:  47%|â–ˆâ–ˆâ–ˆâ–ˆâ–‹     | 185/390 [00:00<00:00, 212.08it/s]
Predictor_1 Epoch 6/12:  54%|â–ˆâ–ˆâ–ˆâ–ˆâ–ˆâ–Ž    | 209/390 [00:01<00:00, 213.04it/s]
Predictor_1 Epoch 6/12:  60%|â–ˆâ–ˆâ–ˆâ–ˆâ–ˆâ–‰    | 233/390 [00:01<00:00, 214.01it/s]
Predictor_1 Epoch 6/12:  66%|â–ˆâ–ˆâ–ˆâ–ˆâ–ˆâ–ˆâ–Œ   | 257/390 [00:01<00:00, 214.20it/s]
Predictor_1 Epoch 6/12:  72%|â–ˆâ–ˆâ–ˆâ–ˆâ–ˆâ–ˆâ–ˆâ–  | 281/390 [00:01<00:00, 214.60it/s]
Predictor_1 Epoch 6/12:  78%|â–ˆâ–ˆâ–ˆâ–ˆâ–ˆâ–ˆâ–ˆâ–Š  | 305/390 [00:01<00:00, 215.06it/s]
Predictor_1 Epoch 6/12:  84%|â–ˆâ–ˆâ–ˆâ–ˆâ–ˆâ–ˆâ–ˆâ–ˆâ– | 328/390 [00:01<00:00, 218.77it/s]
Predictor_1 Epoch 6/12:  90%|â–ˆâ–ˆâ–ˆâ–ˆâ–ˆâ–ˆâ–ˆâ–ˆâ–‰ | 350/390 [00:01<00:00, 216.58it/s]
Predictor_1 Epoch 6/12:  95%|â–ˆâ–ˆâ–ˆâ–ˆâ–ˆâ–ˆâ–ˆâ–ˆâ–ˆâ–Œ| 372/390 [00:01<00:00, 216.51it/s]
Predictor_1 Epoch 6/12:  95%|â–ˆâ–ˆâ–ˆâ–ˆâ–ˆâ–ˆâ–ˆâ–ˆâ–ˆâ–Œ| 372/390 [00:01<00:00, 216.51it/s, acc=99.22%, loss=0.0359]
                                                                                                   

Predictor_1 Epoch 7/12:   0%|          | 0/390 [00:00<?, ?it/s]
Predictor_1 Epoch 7/12:   4%|â–         | 17/390 [00:00<00:02, 154.50it/s]
Predictor_1 Epoch 7/12:  11%|â–ˆ         | 41/390 [00:00<00:01, 189.00it/s]
Predictor_1 Epoch 7/12:  17%|â–ˆâ–‹        | 65/390 [00:00<00:01, 200.73it/s]
Predictor_1 Epoch 7/12:  23%|â–ˆâ–ˆâ–Ž       | 89/390 [00:00<00:01, 206.33it/s]
Predictor_1 Epoch 7/12:  29%|â–ˆâ–ˆâ–‰       | 113/390 [00:00<00:01, 209.07it/s]
Predictor_1 Epoch 7/12:  35%|â–ˆâ–ˆâ–ˆâ–Œ      | 137/390 [00:00<00:01, 210.82it/s]
Predictor_1 Epoch 7/12:  41%|â–ˆâ–ˆâ–ˆâ–ˆâ–     | 161/390 [00:00<00:01, 211.49it/s]
Predictor_1 Epoch 7/12:  47%|â–ˆâ–ˆâ–ˆâ–ˆâ–‹     | 185/390 [00:00<00:00, 211.84it/s]
Predictor_1 Epoch 7/12:  54%|â–ˆâ–ˆâ–ˆâ–ˆâ–ˆâ–Ž    | 209/390 [00:01<00:00, 212.27it/s]
Predictor_1 Epoch 7/12:  60%|â–ˆâ–ˆâ–ˆâ–ˆâ–ˆâ–‰    | 233/390 [00:01<00:00, 212.22it/s]
Predictor_1 Epoch 7/12:  66%|â–ˆâ–ˆâ–ˆâ–ˆâ–ˆâ–ˆâ–Œ   | 257/390 [00:01<00:00, 212.48it/s]
Predictor_1 Epoch 7/12:  72%|â–ˆâ–ˆâ–ˆâ–ˆâ–ˆâ–ˆâ–ˆâ–  | 281/390 [00:01<00:00, 211.88it/s]
Predictor_1 Epoch 7/12:  78%|â–ˆâ–ˆâ–ˆâ–ˆâ–ˆâ–ˆâ–ˆâ–Š  | 305/390 [00:01<00:00, 212.20it/s]
Predictor_1 Epoch 7/12:  84%|â–ˆâ–ˆâ–ˆâ–ˆâ–ˆâ–ˆâ–ˆâ–ˆâ– | 329/390 [00:01<00:00, 212.29it/s]
Predictor_1 Epoch 7/12:  91%|â–ˆâ–ˆâ–ˆâ–ˆâ–ˆâ–ˆâ–ˆâ–ˆâ–ˆ | 353/390 [00:01<00:00, 212.18it/s]
Predictor_1 Epoch 7/12:  97%|â–ˆâ–ˆâ–ˆâ–ˆâ–ˆâ–ˆâ–ˆâ–ˆâ–ˆâ–‹| 377/390 [00:01<00:00, 212.21it/s]
Predictor_1 Epoch 7/12:  97%|â–ˆâ–ˆâ–ˆâ–ˆâ–ˆâ–ˆâ–ˆâ–ˆâ–ˆâ–‹| 377/390 [00:01<00:00, 212.21it/s, acc=100.00%, loss=0.0438]
                                                                                                    

Predictor_1 Epoch 8/12:   0%|          | 0/390 [00:00<?, ?it/s]
Predictor_1 Epoch 8/12:   4%|â–         | 17/390 [00:00<00:02, 160.11it/s]
Predictor_1 Epoch 8/12:  11%|â–ˆ         | 41/390 [00:00<00:01, 193.07it/s]
Predictor_1 Epoch 8/12:  17%|â–ˆâ–‹        | 65/390 [00:00<00:01, 202.78it/s]
Predictor_1 Epoch 8/12:  23%|â–ˆâ–ˆâ–Ž       | 89/390 [00:00<00:01, 207.14it/s]
Predictor_1 Epoch 8/12:  29%|â–ˆâ–ˆâ–‰       | 113/390 [00:00<00:01, 209.51it/s]
Predictor_1 Epoch 8/12:  35%|â–ˆâ–ˆâ–ˆâ–Œ      | 137/390 [00:00<00:01, 210.92it/s]
Predictor_1 Epoch 8/12:  41%|â–ˆâ–ˆâ–ˆâ–ˆâ–     | 161/390 [00:00<00:01, 210.78it/s]
Predictor_1 Epoch 8/12:  47%|â–ˆâ–ˆâ–ˆâ–ˆâ–‹     | 185/390 [00:00<00:00, 212.20it/s]
Predictor_1 Epoch 8/12:  54%|â–ˆâ–ˆâ–ˆâ–ˆâ–ˆâ–Ž    | 209/390 [00:01<00:00, 212.77it/s]
Predictor_1 Epoch 8/12:  60%|â–ˆâ–ˆâ–ˆâ–ˆâ–ˆâ–‰    | 233/390 [00:01<00:00, 212.65it/s]
Predictor_1 Epoch 8/12:  66%|â–ˆâ–ˆâ–ˆâ–ˆâ–ˆâ–ˆâ–Œ   | 257/390 [00:01<00:00, 212.99it/s]
Predictor_1 Epoch 8/12:  72%|â–ˆâ–ˆâ–ˆâ–ˆâ–ˆâ–ˆâ–ˆâ–  | 281/390 [00:01<00:00, 212.83it/s]
Predictor_1 Epoch 8/12:  78%|â–ˆâ–ˆâ–ˆâ–ˆâ–ˆâ–ˆâ–ˆâ–Š  | 305/390 [00:01<00:00, 212.90it/s]
Predictor_1 Epoch 8/12:  84%|â–ˆâ–ˆâ–ˆâ–ˆâ–ˆâ–ˆâ–ˆâ–ˆâ– | 329/390 [00:01<00:00, 213.23it/s]
Predictor_1 Epoch 8/12:  91%|â–ˆâ–ˆâ–ˆâ–ˆâ–ˆâ–ˆâ–ˆâ–ˆâ–ˆ | 353/390 [00:01<00:00, 213.05it/s]
Predictor_1 Epoch 8/12:  97%|â–ˆâ–ˆâ–ˆâ–ˆâ–ˆâ–ˆâ–ˆâ–ˆâ–ˆâ–‹| 377/390 [00:01<00:00, 212.38it/s]
Predictor_1 Epoch 8/12:  97%|â–ˆâ–ˆâ–ˆâ–ˆâ–ˆâ–ˆâ–ˆâ–ˆâ–ˆâ–‹| 377/390 [00:01<00:00, 212.38it/s, acc=100.00%, loss=0.0164]
                                                                                                    

Predictor_1 Epoch 9/12:   0%|          | 0/390 [00:00<?, ?it/s]
Predictor_1 Epoch 9/12:   4%|â–         | 17/390 [00:00<00:02, 156.19it/s]
Predictor_1 Epoch 9/12:  11%|â–ˆ         | 41/390 [00:00<00:01, 190.81it/s]
Predictor_1 Epoch 9/12:  17%|â–ˆâ–‹        | 65/390 [00:00<00:01, 202.02it/s]
Predictor_1 Epoch 9/12:  23%|â–ˆâ–ˆâ–Ž       | 88/390 [00:00<00:01, 211.89it/s][codecarbon INFO @ 01:01:21] Energy consumed for RAM : 0.000317 kWh. RAM Power : 38.0 W

Predictor_1 Epoch 9/12:  28%|â–ˆâ–ˆâ–Š       | 110/390 [00:00<00:01, 206.32it/s]
Predictor_1 Epoch 9/12:  34%|â–ˆâ–ˆâ–ˆâ–      | 133/390 [00:00<00:01, 211.22it/s]
Predictor_1 Epoch 9/12:  40%|â–ˆâ–ˆâ–ˆâ–‰      | 155/390 [00:00<00:01, 209.40it/s]
Predictor_1 Epoch 9/12:  46%|â–ˆâ–ˆâ–ˆâ–ˆâ–Œ     | 178/390 [00:00<00:01, 207.39it/s]
Predictor_1 Epoch 9/12:  52%|â–ˆâ–ˆâ–ˆâ–ˆâ–ˆâ–    | 202/390 [00:00<00:00, 208.46it/s][codecarbon INFO @ 01:01:21] Delta energy consumed for CPU with cpu_load : 0.000215 kWh, power : 53.38125000000001 W
[codecarbon INFO @ 01:01:21] Energy consumed for All CPU : 0.000452 kWh
[codecarbon INFO @ 01:01:21] Energy consumed for all GPUs : 0.000705 kWh. Total GPU Power : 58.415163482948465 W
[codecarbon INFO @ 01:01:21] 0.001474 kWh of electricity used since the beginning.

Predictor_1 Epoch 9/12:  58%|â–ˆâ–ˆâ–ˆâ–ˆâ–ˆâ–Š    | 226/390 [00:01<00:00, 208.70it/s]
Predictor_1 Epoch 9/12:  64%|â–ˆâ–ˆâ–ˆâ–ˆâ–ˆâ–ˆâ–   | 249/390 [00:01<00:00, 214.06it/s]
Predictor_1 Epoch 9/12:  69%|â–ˆâ–ˆâ–ˆâ–ˆâ–ˆâ–ˆâ–‰   | 271/390 [00:01<00:00, 210.40it/s]
Predictor_1 Epoch 9/12:  75%|â–ˆâ–ˆâ–ˆâ–ˆâ–ˆâ–ˆâ–ˆâ–Œ  | 294/390 [00:01<00:00, 208.25it/s]
Predictor_1 Epoch 9/12:  82%|â–ˆâ–ˆâ–ˆâ–ˆâ–ˆâ–ˆâ–ˆâ–ˆâ– | 318/390 [00:01<00:00, 208.82it/s]
Predictor_1 Epoch 9/12:  88%|â–ˆâ–ˆâ–ˆâ–ˆâ–ˆâ–ˆâ–ˆâ–ˆâ–Š | 342/390 [00:01<00:00, 209.53it/s]
Predictor_1 Epoch 9/12:  94%|â–ˆâ–ˆâ–ˆâ–ˆâ–ˆâ–ˆâ–ˆâ–ˆâ–ˆâ–| 366/390 [00:01<00:00, 209.75it/s]
Predictor_1 Epoch 9/12:  94%|â–ˆâ–ˆâ–ˆâ–ˆâ–ˆâ–ˆâ–ˆâ–ˆâ–ˆâ–| 366/390 [00:01<00:00, 209.75it/s, acc=98.44%, loss=0.0438]
Predictor_1 Epoch 9/12: 100%|â–ˆâ–ˆâ–ˆâ–ˆâ–ˆâ–ˆâ–ˆâ–ˆâ–ˆâ–ˆ| 390/390 [00:01<00:00, 208.81it/s, acc=98.44%, loss=0.0438]
                                                                                                   

Predictor_1 Epoch 10/12:   0%|          | 0/390 [00:00<?, ?it/s]
Predictor_1 Epoch 10/12:   4%|â–         | 17/390 [00:00<00:02, 158.14it/s]
Predictor_1 Epoch 10/12:  11%|â–ˆ         | 41/390 [00:00<00:01, 186.58it/s]
Predictor_1 Epoch 10/12:  17%|â–ˆâ–‹        | 65/390 [00:00<00:01, 200.46it/s]
Predictor_1 Epoch 10/12:  23%|â–ˆâ–ˆâ–Ž       | 88/390 [00:00<00:01, 209.45it/s]
Predictor_1 Epoch 10/12:  28%|â–ˆâ–ˆâ–Š       | 109/390 [00:00<00:01, 204.79it/s]
Predictor_1 Epoch 10/12:  34%|â–ˆâ–ˆâ–ˆâ–      | 132/390 [00:00<00:01, 209.15it/s]
Predictor_1 Epoch 10/12:  39%|â–ˆâ–ˆâ–ˆâ–‰      | 153/390 [00:00<00:01, 206.73it/s]
Predictor_1 Epoch 10/12:  45%|â–ˆâ–ˆâ–ˆâ–ˆâ–Œ     | 176/390 [00:00<00:01, 208.76it/s]
Predictor_1 Epoch 10/12:  51%|â–ˆâ–ˆâ–ˆâ–ˆâ–ˆ     | 197/390 [00:00<00:00, 208.18it/s]
Predictor_1 Epoch 10/12:  56%|â–ˆâ–ˆâ–ˆâ–ˆâ–ˆâ–‹    | 220/390 [00:01<00:00, 207.53it/s]
Predictor_1 Epoch 10/12:  62%|â–ˆâ–ˆâ–ˆâ–ˆâ–ˆâ–ˆâ–   | 243/390 [00:01<00:00, 213.31it/s]
Predictor_1 Epoch 10/12:  68%|â–ˆâ–ˆâ–ˆâ–ˆâ–ˆâ–ˆâ–Š   | 265/390 [00:01<00:00, 207.45it/s]
Predictor_1 Epoch 10/12:  74%|â–ˆâ–ˆâ–ˆâ–ˆâ–ˆâ–ˆâ–ˆâ–  | 288/390 [00:01<00:00, 205.74it/s]
Predictor_1 Epoch 10/12:  80%|â–ˆâ–ˆâ–ˆâ–ˆâ–ˆâ–ˆâ–ˆâ–ˆ  | 312/390 [00:01<00:00, 206.58it/s]
Predictor_1 Epoch 10/12:  86%|â–ˆâ–ˆâ–ˆâ–ˆâ–ˆâ–ˆâ–ˆâ–ˆâ–Œ | 335/390 [00:01<00:00, 213.02it/s]
Predictor_1 Epoch 10/12:  92%|â–ˆâ–ˆâ–ˆâ–ˆâ–ˆâ–ˆâ–ˆâ–ˆâ–ˆâ–| 357/390 [00:01<00:00, 207.14it/s]
Predictor_1 Epoch 10/12:  97%|â–ˆâ–ˆâ–ˆâ–ˆâ–ˆâ–ˆâ–ˆâ–ˆâ–ˆâ–‹| 380/390 [00:01<00:00, 205.16it/s]
Predictor_1 Epoch 10/12:  97%|â–ˆâ–ˆâ–ˆâ–ˆâ–ˆâ–ˆâ–ˆâ–ˆâ–ˆâ–‹| 380/390 [00:01<00:00, 205.16it/s, acc=100.00%, loss=0.0219]
                                                                                                     

Predictor_1 Epoch 11/12:   0%|          | 0/390 [00:00<?, ?it/s]
Predictor_1 Epoch 11/12:   4%|â–         | 17/390 [00:00<00:02, 152.49it/s]
Predictor_1 Epoch 11/12:  11%|â–ˆ         | 41/390 [00:00<00:01, 189.92it/s]
Predictor_1 Epoch 11/12:  17%|â–ˆâ–‹        | 65/390 [00:00<00:01, 201.68it/s]
Predictor_1 Epoch 11/12:  23%|â–ˆâ–ˆâ–Ž       | 88/390 [00:00<00:01, 211.47it/s]
Predictor_1 Epoch 11/12:  28%|â–ˆâ–ˆâ–Š       | 110/390 [00:00<00:01, 210.95it/s]
Predictor_1 Epoch 11/12:  34%|â–ˆâ–ˆâ–ˆâ–      | 132/390 [00:00<00:01, 211.62it/s]
Predictor_1 Epoch 11/12:  39%|â–ˆâ–ˆâ–ˆâ–‰      | 154/390 [00:00<00:01, 212.62it/s]
Predictor_1 Epoch 11/12:  45%|â–ˆâ–ˆâ–ˆâ–ˆâ–Œ     | 176/390 [00:00<00:01, 210.73it/s]
Predictor_1 Epoch 11/12:  51%|â–ˆâ–ˆâ–ˆâ–ˆâ–ˆ     | 199/390 [00:00<00:00, 209.24it/s]
Predictor_1 Epoch 11/12:  57%|â–ˆâ–ˆâ–ˆâ–ˆâ–ˆâ–‹    | 223/390 [00:01<00:00, 210.10it/s]
Predictor_1 Epoch 11/12:  63%|â–ˆâ–ˆâ–ˆâ–ˆâ–ˆâ–ˆâ–Ž   | 247/390 [00:01<00:00, 210.49it/s]
Predictor_1 Epoch 11/12:  69%|â–ˆâ–ˆâ–ˆâ–ˆâ–ˆâ–ˆâ–‰   | 271/390 [00:01<00:00, 211.22it/s]
Predictor_1 Epoch 11/12:  76%|â–ˆâ–ˆâ–ˆâ–ˆâ–ˆâ–ˆâ–ˆâ–Œ  | 295/390 [00:01<00:00, 211.21it/s]
Predictor_1 Epoch 11/12:  82%|â–ˆâ–ˆâ–ˆâ–ˆâ–ˆâ–ˆâ–ˆâ–ˆâ– | 319/390 [00:01<00:00, 211.17it/s]
Predictor_1 Epoch 11/12:  88%|â–ˆâ–ˆâ–ˆâ–ˆâ–ˆâ–ˆâ–ˆâ–ˆâ–Š | 343/390 [00:01<00:00, 211.27it/s]
Predictor_1 Epoch 11/12:  94%|â–ˆâ–ˆâ–ˆâ–ˆâ–ˆâ–ˆâ–ˆâ–ˆâ–ˆâ–| 367/390 [00:01<00:00, 210.40it/s]
Predictor_1 Epoch 11/12:  94%|â–ˆâ–ˆâ–ˆâ–ˆâ–ˆâ–ˆâ–ˆâ–ˆâ–ˆâ–| 367/390 [00:01<00:00, 210.40it/s, acc=100.00%, loss=0.0131]
                                                                                                     

Predictor_1 Epoch 12/12:   0%|          | 0/390 [00:00<?, ?it/s]
Predictor_1 Epoch 12/12:   4%|â–         | 17/390 [00:00<00:02, 162.60it/s]
Predictor_1 Epoch 12/12:  11%|â–ˆ         | 41/390 [00:00<00:01, 194.31it/s]
Predictor_1 Epoch 12/12:  16%|â–ˆâ–‹        | 64/390 [00:00<00:01, 208.75it/s]
Predictor_1 Epoch 12/12:  22%|â–ˆâ–ˆâ–       | 85/390 [00:00<00:01, 205.75it/s]
Predictor_1 Epoch 12/12:  27%|â–ˆâ–ˆâ–‹       | 106/390 [00:00<00:01, 206.85it/s]
Predictor_1 Epoch 12/12:  33%|â–ˆâ–ˆâ–ˆâ–Ž      | 129/390 [00:00<00:01, 210.66it/s]
Predictor_1 Epoch 12/12:  39%|â–ˆâ–ˆâ–ˆâ–Š      | 151/390 [00:00<00:01, 210.31it/s]
Predictor_1 Epoch 12/12:  44%|â–ˆâ–ˆâ–ˆâ–ˆâ–     | 173/390 [00:00<00:01, 212.77it/s]
Predictor_1 Epoch 12/12:  50%|â–ˆâ–ˆâ–ˆâ–ˆâ–ˆ     | 195/390 [00:00<00:00, 210.87it/s]
Predictor_1 Epoch 12/12:  56%|â–ˆâ–ˆâ–ˆâ–ˆâ–ˆâ–Œ    | 218/390 [00:01<00:00, 208.99it/s]
Predictor_1 Epoch 12/12:  62%|â–ˆâ–ˆâ–ˆâ–ˆâ–ˆâ–ˆâ–   | 242/390 [00:01<00:00, 209.76it/s]
Predictor_1 Epoch 12/12:  68%|â–ˆâ–ˆâ–ˆâ–ˆâ–ˆâ–ˆâ–Š   | 266/390 [00:01<00:00, 210.38it/s]
Predictor_1 Epoch 12/12:  74%|â–ˆâ–ˆâ–ˆâ–ˆâ–ˆâ–ˆâ–ˆâ–  | 290/390 [00:01<00:00, 210.43it/s]
Predictor_1 Epoch 12/12:  81%|â–ˆâ–ˆâ–ˆâ–ˆâ–ˆâ–ˆâ–ˆâ–ˆ  | 314/390 [00:01<00:00, 210.89it/s]
Predictor_1 Epoch 12/12:  87%|â–ˆâ–ˆâ–ˆâ–ˆâ–ˆâ–ˆâ–ˆâ–ˆâ–‹ | 338/390 [00:01<00:00, 211.06it/s]
Predictor_1 Epoch 12/12:  93%|â–ˆâ–ˆâ–ˆâ–ˆâ–ˆâ–ˆâ–ˆâ–ˆâ–ˆâ–Ž| 362/390 [00:01<00:00, 211.39it/s]
Predictor_1 Epoch 12/12:  98%|â–ˆâ–ˆâ–ˆâ–ˆâ–ˆâ–ˆâ–ˆâ–ˆâ–ˆâ–Š| 384/390 [00:01<00:00, 206.33it/s]
Predictor_1 Epoch 12/12:  98%|â–ˆâ–ˆâ–ˆâ–ˆâ–ˆâ–ˆâ–ˆâ–ˆâ–ˆâ–Š| 384/390 [00:01<00:00, 206.33it/s, acc=99.22%, loss=0.0304]
                                                                                                    

Predictor_2 Epoch 1/12:   0%|          | 0/390 [00:00<?, ?it/s]
Predictor_2 Epoch 1/12:   4%|â–         | 17/390 [00:00<00:02, 161.02it/s]
Predictor_2 Epoch 1/12:  11%|â–ˆ         | 41/390 [00:00<00:01, 192.30it/s]
Predictor_2 Epoch 1/12:  17%|â–ˆâ–‹        | 65/390 [00:00<00:01, 201.67it/s]
Predictor_2 Epoch 1/12:  23%|â–ˆâ–ˆâ–Ž       | 89/390 [00:00<00:01, 206.25it/s]
Predictor_2 Epoch 1/12:  29%|â–ˆâ–ˆâ–‰       | 113/390 [00:00<00:01, 209.01it/s]
Predictor_2 Epoch 1/12:  35%|â–ˆâ–ˆâ–ˆâ–Œ      | 137/390 [00:00<00:01, 210.49it/s]
Predictor_2 Epoch 1/12:  41%|â–ˆâ–ˆâ–ˆâ–ˆ      | 160/390 [00:00<00:01, 216.20it/s]
Predictor_2 Epoch 1/12:  47%|â–ˆâ–ˆâ–ˆâ–ˆâ–‹     | 182/390 [00:00<00:00, 212.43it/s]
Predictor_2 Epoch 1/12:  52%|â–ˆâ–ˆâ–ˆâ–ˆâ–ˆâ–    | 204/390 [00:00<00:00, 213.64it/s]
Predictor_2 Epoch 1/12:  58%|â–ˆâ–ˆâ–ˆâ–ˆâ–ˆâ–Š    | 226/390 [00:01<00:00, 212.80it/s]
Predictor_2 Epoch 1/12:  64%|â–ˆâ–ˆâ–ˆâ–ˆâ–ˆâ–ˆâ–Ž   | 248/390 [00:01<00:00, 213.31it/s]
Predictor_2 Epoch 1/12:  69%|â–ˆâ–ˆâ–ˆâ–ˆâ–ˆâ–ˆâ–‰   | 270/390 [00:01<00:00, 213.19it/s]
Predictor_2 Epoch 1/12:  75%|â–ˆâ–ˆâ–ˆâ–ˆâ–ˆâ–ˆâ–ˆâ–  | 292/390 [00:01<00:00, 211.92it/s]
Predictor_2 Epoch 1/12:  81%|â–ˆâ–ˆâ–ˆâ–ˆâ–ˆâ–ˆâ–ˆâ–ˆ  | 315/390 [00:01<00:00, 216.76it/s]
Predictor_2 Epoch 1/12:  86%|â–ˆâ–ˆâ–ˆâ–ˆâ–ˆâ–ˆâ–ˆâ–ˆâ–‹ | 337/390 [00:01<00:00, 211.95it/s]
Predictor_2 Epoch 1/12:  92%|â–ˆâ–ˆâ–ˆâ–ˆâ–ˆâ–ˆâ–ˆâ–ˆâ–ˆâ–| 360/390 [00:01<00:00, 209.73it/s]
Predictor_2 Epoch 1/12:  98%|â–ˆâ–ˆâ–ˆâ–ˆâ–ˆâ–ˆâ–ˆâ–ˆâ–ˆâ–Š| 383/390 [00:01<00:00, 207.16it/s]
Predictor_2 Epoch 1/12:  98%|â–ˆâ–ˆâ–ˆâ–ˆâ–ˆâ–ˆâ–ˆâ–ˆâ–ˆâ–Š| 383/390 [00:01<00:00, 207.16it/s, acc=95.31%, loss=0.1362]
                                                                                                   

Predictor_2 Epoch 2/12:   0%|          | 0/390 [00:00<?, ?it/s]
Predictor_2 Epoch 2/12:   4%|â–         | 17/390 [00:00<00:02, 161.30it/s]
Predictor_2 Epoch 2/12:  11%|â–ˆ         | 41/390 [00:00<00:01, 193.42it/s]
Predictor_2 Epoch 2/12:  17%|â–ˆâ–‹        | 65/390 [00:00<00:01, 203.08it/s]
Predictor_2 Epoch 2/12:  23%|â–ˆâ–ˆâ–Ž       | 88/390 [00:00<00:01, 212.60it/s]
Predictor_2 Epoch 2/12:  28%|â–ˆâ–ˆâ–Š       | 110/390 [00:00<00:01, 210.00it/s]
Predictor_2 Epoch 2/12:  34%|â–ˆâ–ˆâ–ˆâ–      | 132/390 [00:00<00:01, 211.75it/s]
Predictor_2 Epoch 2/12:  39%|â–ˆâ–ˆâ–ˆâ–‰      | 154/390 [00:00<00:01, 212.23it/s]
Predictor_2 Epoch 2/12:  45%|â–ˆâ–ˆâ–ˆâ–ˆâ–Œ     | 176/390 [00:00<00:01, 211.71it/s]
Predictor_2 Epoch 2/12:  51%|â–ˆâ–ˆâ–ˆâ–ˆâ–ˆ     | 198/390 [00:00<00:00, 212.69it/s]
Predictor_2 Epoch 2/12:  56%|â–ˆâ–ˆâ–ˆâ–ˆâ–ˆâ–‹    | 220/390 [00:01<00:00, 210.38it/s]
Predictor_2 Epoch 2/12:  62%|â–ˆâ–ˆâ–ˆâ–ˆâ–ˆâ–ˆâ–   | 243/390 [00:01<00:00, 214.65it/s]
Predictor_2 Epoch 2/12:  68%|â–ˆâ–ˆâ–ˆâ–ˆâ–ˆâ–ˆâ–Š   | 265/390 [00:01<00:00, 211.74it/s]
Predictor_2 Epoch 2/12:  74%|â–ˆâ–ˆâ–ˆâ–ˆâ–ˆâ–ˆâ–ˆâ–  | 288/390 [00:01<00:00, 210.28it/s]
Predictor_2 Epoch 2/12:  80%|â–ˆâ–ˆâ–ˆâ–ˆâ–ˆâ–ˆâ–ˆâ–‰  | 311/390 [00:01<00:00, 215.68it/s]
Predictor_2 Epoch 2/12:  85%|â–ˆâ–ˆâ–ˆâ–ˆâ–ˆâ–ˆâ–ˆâ–ˆâ–Œ | 333/390 [00:01<00:00, 211.80it/s]
Predictor_2 Epoch 2/12:  91%|â–ˆâ–ˆâ–ˆâ–ˆâ–ˆâ–ˆâ–ˆâ–ˆâ–ˆâ–| 356/390 [00:01<00:00, 210.29it/s]
Predictor_2 Epoch 2/12:  97%|â–ˆâ–ˆâ–ˆâ–ˆâ–ˆâ–ˆâ–ˆâ–ˆâ–ˆâ–‹| 380/390 [00:01<00:00, 210.78it/s]
Predictor_2 Epoch 2/12:  97%|â–ˆâ–ˆâ–ˆâ–ˆâ–ˆâ–ˆâ–ˆâ–ˆâ–ˆâ–‹| 380/390 [00:01<00:00, 210.78it/s, acc=100.00%, loss=0.0292]
                                                                                                    

Predictor_2 Epoch 3/12:   0%|          | 0/390 [00:00<?, ?it/s]
Predictor_2 Epoch 3/12:   4%|â–         | 17/390 [00:00<00:02, 153.64it/s]
Predictor_2 Epoch 3/12:  11%|â–ˆ         | 41/390 [00:00<00:01, 188.74it/s]
Predictor_2 Epoch 3/12:  17%|â–ˆâ–‹        | 65/390 [00:00<00:01, 199.79it/s]
Predictor_2 Epoch 3/12:  23%|â–ˆâ–ˆâ–Ž       | 89/390 [00:00<00:01, 204.16it/s]
Predictor_2 Epoch 3/12:  29%|â–ˆâ–ˆâ–‰       | 113/390 [00:00<00:01, 206.61it/s]
Predictor_2 Epoch 3/12:  35%|â–ˆâ–ˆâ–ˆâ–      | 136/390 [00:00<00:01, 213.84it/s]
Predictor_2 Epoch 3/12:  41%|â–ˆâ–ˆâ–ˆâ–ˆ      | 158/390 [00:00<00:01, 209.24it/s]
Predictor_2 Epoch 3/12:  46%|â–ˆâ–ˆâ–ˆâ–ˆâ–‹     | 181/390 [00:00<00:01, 207.83it/s]
Predictor_2 Epoch 3/12:  52%|â–ˆâ–ˆâ–ˆâ–ˆâ–ˆâ–    | 204/390 [00:00<00:00, 213.40it/s]
Predictor_2 Epoch 3/12:  58%|â–ˆâ–ˆâ–ˆâ–ˆâ–ˆâ–Š    | 226/390 [00:01<00:00, 209.93it/s]
Predictor_2 Epoch 3/12:  64%|â–ˆâ–ˆâ–ˆâ–ˆâ–ˆâ–ˆâ–Ž   | 248/390 [00:01<00:00, 210.75it/s]
Predictor_2 Epoch 3/12:  69%|â–ˆâ–ˆâ–ˆâ–ˆâ–ˆâ–ˆâ–‰   | 270/390 [00:01<00:00, 210.91it/s]
Predictor_2 Epoch 3/12:  75%|â–ˆâ–ˆâ–ˆâ–ˆâ–ˆâ–ˆâ–ˆâ–  | 292/390 [00:01<00:00, 211.93it/s]
Predictor_2 Epoch 3/12:  81%|â–ˆâ–ˆâ–ˆâ–ˆâ–ˆâ–ˆâ–ˆâ–ˆ  | 314/390 [00:01<00:00, 211.23it/s]
Predictor_2 Epoch 3/12:  86%|â–ˆâ–ˆâ–ˆâ–ˆâ–ˆâ–ˆâ–ˆâ–ˆâ–Œ | 336/390 [00:01<00:00, 211.36it/s]
Predictor_2 Epoch 3/12:  92%|â–ˆâ–ˆâ–ˆâ–ˆâ–ˆâ–ˆâ–ˆâ–ˆâ–ˆâ–| 358/390 [00:01<00:00, 212.05it/s]
Predictor_2 Epoch 3/12:  97%|â–ˆâ–ˆâ–ˆâ–ˆâ–ˆâ–ˆâ–ˆâ–ˆâ–ˆâ–‹| 380/390 [00:01<00:00, 211.31it/s]
Predictor_2 Epoch 3/12:  97%|â–ˆâ–ˆâ–ˆâ–ˆâ–ˆâ–ˆâ–ˆâ–ˆâ–ˆâ–‹| 380/390 [00:01<00:00, 211.31it/s, acc=99.22%, loss=0.0408]
                                                                                                   
[codecarbon INFO @ 01:01:36] Energy consumed for RAM : 0.000470 kWh. RAM Power : 38.0 W

Predictor_2 Epoch 4/12:   0%|          | 0/390 [00:00<?, ?it/s]
Predictor_2 Epoch 4/12:   4%|â–         | 17/390 [00:00<00:02, 160.11it/s]
Predictor_2 Epoch 4/12:  11%|â–ˆ         | 41/390 [00:00<00:01, 191.03it/s][codecarbon INFO @ 01:01:36] Delta energy consumed for CPU with cpu_load : 0.000214 kWh, power : 53.043749999999996 W
[codecarbon INFO @ 01:01:36] Energy consumed for All CPU : 0.000665 kWh
[codecarbon INFO @ 01:01:36] Energy consumed for all GPUs : 0.000954 kWh. Total GPU Power : 59.5878657453208 W
[codecarbon INFO @ 01:01:36] 0.002089 kWh of electricity used since the beginning.

Predictor_2 Epoch 4/12:  17%|â–ˆâ–‹        | 65/390 [00:00<00:01, 200.18it/s]
Predictor_2 Epoch 4/12:  23%|â–ˆâ–ˆâ–Ž       | 89/390 [00:00<00:01, 204.69it/s]
Predictor_2 Epoch 4/12:  28%|â–ˆâ–ˆâ–Š       | 110/390 [00:00<00:01, 205.62it/s]
Predictor_2 Epoch 4/12:  34%|â–ˆâ–ˆâ–ˆâ–      | 133/390 [00:00<00:01, 208.35it/s]
Predictor_2 Epoch 4/12:  40%|â–ˆâ–ˆâ–ˆâ–ˆ      | 156/390 [00:00<00:01, 214.90it/s]
Predictor_2 Epoch 4/12:  46%|â–ˆâ–ˆâ–ˆâ–ˆâ–Œ     | 178/390 [00:00<00:01, 209.84it/s]
Predictor_2 Epoch 4/12:  52%|â–ˆâ–ˆâ–ˆâ–ˆâ–ˆâ–    | 201/390 [00:00<00:00, 208.22it/s]
Predictor_2 Epoch 4/12:  57%|â–ˆâ–ˆâ–ˆâ–ˆâ–ˆâ–‹    | 224/390 [00:01<00:00, 214.40it/s]
Predictor_2 Epoch 4/12:  63%|â–ˆâ–ˆâ–ˆâ–ˆâ–ˆâ–ˆâ–Ž   | 246/390 [00:01<00:00, 209.19it/s]
Predictor_2 Epoch 4/12:  69%|â–ˆâ–ˆâ–ˆâ–ˆâ–ˆâ–ˆâ–‰   | 269/390 [00:01<00:00, 207.57it/s]
Predictor_2 Epoch 4/12:  75%|â–ˆâ–ˆâ–ˆâ–ˆâ–ˆâ–ˆâ–ˆâ–Œ  | 293/390 [00:01<00:00, 208.38it/s]
Predictor_2 Epoch 4/12:  81%|â–ˆâ–ˆâ–ˆâ–ˆâ–ˆâ–ˆâ–ˆâ–ˆâ– | 317/390 [00:01<00:00, 209.49it/s]
Predictor_2 Epoch 4/12:  87%|â–ˆâ–ˆâ–ˆâ–ˆâ–ˆâ–ˆâ–ˆâ–ˆâ–‹ | 341/390 [00:01<00:00, 209.73it/s]
Predictor_2 Epoch 4/12:  93%|â–ˆâ–ˆâ–ˆâ–ˆâ–ˆâ–ˆâ–ˆâ–ˆâ–ˆâ–Ž| 364/390 [00:01<00:00, 215.26it/s]
Predictor_2 Epoch 4/12:  99%|â–ˆâ–ˆâ–ˆâ–ˆâ–ˆâ–ˆâ–ˆâ–ˆâ–ˆâ–‰| 386/390 [00:01<00:00, 207.64it/s]
Predictor_2 Epoch 4/12:  99%|â–ˆâ–ˆâ–ˆâ–ˆâ–ˆâ–ˆâ–ˆâ–ˆâ–ˆâ–‰| 386/390 [00:01<00:00, 207.64it/s, acc=96.88%, loss=0.0815]
                                                                                                   

Predictor_2 Epoch 5/12:   0%|          | 0/390 [00:00<?, ?it/s]
Predictor_2 Epoch 5/12:   4%|â–         | 17/390 [00:00<00:02, 154.47it/s]
Predictor_2 Epoch 5/12:  11%|â–ˆ         | 41/390 [00:00<00:01, 188.51it/s]
Predictor_2 Epoch 5/12:  17%|â–ˆâ–‹        | 65/390 [00:00<00:01, 199.03it/s]
Predictor_2 Epoch 5/12:  23%|â–ˆâ–ˆâ–Ž       | 89/390 [00:00<00:01, 203.88it/s]
Predictor_2 Epoch 5/12:  29%|â–ˆâ–ˆâ–‰       | 113/390 [00:00<00:01, 206.53it/s]
Predictor_2 Epoch 5/12:  35%|â–ˆâ–ˆâ–ˆâ–Œ      | 137/390 [00:00<00:01, 208.55it/s]
Predictor_2 Epoch 5/12:  41%|â–ˆâ–ˆâ–ˆâ–ˆâ–     | 161/390 [00:00<00:01, 209.30it/s]
Predictor_2 Epoch 5/12:  47%|â–ˆâ–ˆâ–ˆâ–ˆâ–‹     | 184/390 [00:00<00:00, 213.98it/s]
Predictor_2 Epoch 5/12:  53%|â–ˆâ–ˆâ–ˆâ–ˆâ–ˆâ–Ž    | 206/390 [00:01<00:00, 210.76it/s]
Predictor_2 Epoch 5/12:  59%|â–ˆâ–ˆâ–ˆâ–ˆâ–ˆâ–Š    | 229/390 [00:01<00:00, 208.54it/s]
Predictor_2 Epoch 5/12:  65%|â–ˆâ–ˆâ–ˆâ–ˆâ–ˆâ–ˆâ–   | 253/390 [00:01<00:00, 209.40it/s]
Predictor_2 Epoch 5/12:  71%|â–ˆâ–ˆâ–ˆâ–ˆâ–ˆâ–ˆâ–ˆ   | 276/390 [00:01<00:00, 214.42it/s]
Predictor_2 Epoch 5/12:  76%|â–ˆâ–ˆâ–ˆâ–ˆâ–ˆâ–ˆâ–ˆâ–‹  | 298/390 [00:01<00:00, 210.53it/s]
Predictor_2 Epoch 5/12:  82%|â–ˆâ–ˆâ–ˆâ–ˆâ–ˆâ–ˆâ–ˆâ–ˆâ– | 321/390 [00:01<00:00, 208.51it/s]
Predictor_2 Epoch 5/12:  88%|â–ˆâ–ˆâ–ˆâ–ˆâ–ˆâ–ˆâ–ˆâ–ˆâ–Š | 345/390 [00:01<00:00, 209.67it/s]
Predictor_2 Epoch 5/12:  95%|â–ˆâ–ˆâ–ˆâ–ˆâ–ˆâ–ˆâ–ˆâ–ˆâ–ˆâ–| 369/390 [00:01<00:00, 209.97it/s]
Predictor_2 Epoch 5/12:  95%|â–ˆâ–ˆâ–ˆâ–ˆâ–ˆâ–ˆâ–ˆâ–ˆâ–ˆâ–| 369/390 [00:01<00:00, 209.97it/s, acc=98.44%, loss=0.0613]
                                                                                                   

Predictor_2 Epoch 6/12:   0%|          | 0/390 [00:00<?, ?it/s]
Predictor_2 Epoch 6/12:   4%|â–         | 17/390 [00:00<00:02, 160.59it/s]
Predictor_2 Epoch 6/12:  10%|â–ˆ         | 39/390 [00:00<00:01, 194.11it/s]
Predictor_2 Epoch 6/12:  16%|â–ˆâ–Œ        | 61/390 [00:00<00:01, 199.27it/s]
Predictor_2 Epoch 6/12:  22%|â–ˆâ–ˆâ–       | 84/390 [00:00<00:01, 210.06it/s]
Predictor_2 Epoch 6/12:  27%|â–ˆâ–ˆâ–‹       | 106/390 [00:00<00:01, 205.54it/s]
Predictor_2 Epoch 6/12:  33%|â–ˆâ–ˆâ–ˆâ–Ž      | 129/390 [00:00<00:01, 206.80it/s]
Predictor_2 Epoch 6/12:  39%|â–ˆâ–ˆâ–ˆâ–‰      | 152/390 [00:00<00:01, 213.17it/s]
Predictor_2 Epoch 6/12:  45%|â–ˆâ–ˆâ–ˆâ–ˆâ–     | 174/390 [00:00<00:01, 207.82it/s]
Predictor_2 Epoch 6/12:  51%|â–ˆâ–ˆâ–ˆâ–ˆâ–ˆ     | 197/390 [00:00<00:00, 208.60it/s]
Predictor_2 Epoch 6/12:  56%|â–ˆâ–ˆâ–ˆâ–ˆâ–ˆâ–‹    | 220/390 [00:01<00:00, 214.18it/s]
Predictor_2 Epoch 6/12:  62%|â–ˆâ–ˆâ–ˆâ–ˆâ–ˆâ–ˆâ–   | 242/390 [00:01<00:00, 209.46it/s]
Predictor_2 Epoch 6/12:  68%|â–ˆâ–ˆâ–ˆâ–ˆâ–ˆâ–ˆâ–Š   | 265/390 [00:01<00:00, 208.74it/s]
Predictor_2 Epoch 6/12:  74%|â–ˆâ–ˆâ–ˆâ–ˆâ–ˆâ–ˆâ–ˆâ–  | 288/390 [00:01<00:00, 214.41it/s]
Predictor_2 Epoch 6/12:  79%|â–ˆâ–ˆâ–ˆâ–ˆâ–ˆâ–ˆâ–ˆâ–‰  | 310/390 [00:01<00:00, 209.59it/s]
Predictor_2 Epoch 6/12:  85%|â–ˆâ–ˆâ–ˆâ–ˆâ–ˆâ–ˆâ–ˆâ–ˆâ–Œ | 333/390 [00:01<00:00, 207.60it/s]
Predictor_2 Epoch 6/12:  92%|â–ˆâ–ˆâ–ˆâ–ˆâ–ˆâ–ˆâ–ˆâ–ˆâ–ˆâ–| 357/390 [00:01<00:00, 208.72it/s]
Predictor_2 Epoch 6/12:  97%|â–ˆâ–ˆâ–ˆâ–ˆâ–ˆâ–ˆâ–ˆâ–ˆâ–ˆâ–‹| 380/390 [00:01<00:00, 214.21it/s]
Predictor_2 Epoch 6/12:  97%|â–ˆâ–ˆâ–ˆâ–ˆâ–ˆâ–ˆâ–ˆâ–ˆâ–ˆâ–‹| 380/390 [00:01<00:00, 214.21it/s, acc=100.00%, loss=0.0082]
                                                                                                    

Predictor_2 Epoch 7/12:   0%|          | 0/390 [00:00<?, ?it/s]
Predictor_2 Epoch 7/12:   4%|â–         | 17/390 [00:00<00:02, 152.00it/s]
Predictor_2 Epoch 7/12:  11%|â–ˆ         | 41/390 [00:00<00:01, 187.88it/s]
Predictor_2 Epoch 7/12:  17%|â–ˆâ–‹        | 65/390 [00:00<00:01, 198.37it/s]
Predictor_2 Epoch 7/12:  23%|â–ˆâ–ˆâ–Ž       | 89/390 [00:00<00:01, 203.56it/s]
Predictor_2 Epoch 7/12:  29%|â–ˆâ–ˆâ–‰       | 113/390 [00:00<00:01, 206.23it/s]
Predictor_2 Epoch 7/12:  35%|â–ˆâ–ˆâ–ˆâ–Œ      | 137/390 [00:00<00:01, 207.62it/s]
Predictor_2 Epoch 7/12:  41%|â–ˆâ–ˆâ–ˆâ–ˆâ–     | 161/390 [00:00<00:01, 208.65it/s]
Predictor_2 Epoch 7/12:  47%|â–ˆâ–ˆâ–ˆâ–ˆâ–‹     | 185/390 [00:00<00:00, 209.33it/s]
Predictor_2 Epoch 7/12:  53%|â–ˆâ–ˆâ–ˆâ–ˆâ–ˆâ–Ž    | 208/390 [00:01<00:00, 215.00it/s]
Predictor_2 Epoch 7/12:  59%|â–ˆâ–ˆâ–ˆâ–ˆâ–ˆâ–‰    | 230/390 [00:01<00:00, 209.91it/s]
Predictor_2 Epoch 7/12:  65%|â–ˆâ–ˆâ–ˆâ–ˆâ–ˆâ–ˆâ–   | 253/390 [00:01<00:00, 207.90it/s]
Predictor_2 Epoch 7/12:  71%|â–ˆâ–ˆâ–ˆâ–ˆâ–ˆâ–ˆâ–ˆ   | 277/390 [00:01<00:00, 208.74it/s]
Predictor_2 Epoch 7/12:  77%|â–ˆâ–ˆâ–ˆâ–ˆâ–ˆâ–ˆâ–ˆâ–‹  | 301/390 [00:01<00:00, 209.24it/s]
Predictor_2 Epoch 7/12:  83%|â–ˆâ–ˆâ–ˆâ–ˆâ–ˆâ–ˆâ–ˆâ–ˆâ–Ž | 325/390 [00:01<00:00, 209.65it/s]
Predictor_2 Epoch 7/12:  89%|â–ˆâ–ˆâ–ˆâ–ˆâ–ˆâ–ˆâ–ˆâ–ˆâ–‰ | 349/390 [00:01<00:00, 209.95it/s]
Predictor_2 Epoch 7/12:  96%|â–ˆâ–ˆâ–ˆâ–ˆâ–ˆâ–ˆâ–ˆâ–ˆâ–ˆâ–Œ| 373/390 [00:01<00:00, 210.24it/s]
Predictor_2 Epoch 7/12:  96%|â–ˆâ–ˆâ–ˆâ–ˆâ–ˆâ–ˆâ–ˆâ–ˆâ–ˆâ–Œ| 373/390 [00:01<00:00, 210.24it/s, acc=99.22%, loss=0.0294]
                                                                                                   

Predictor_2 Epoch 8/12:   0%|          | 0/390 [00:00<?, ?it/s]
Predictor_2 Epoch 8/12:   4%|â–         | 17/390 [00:00<00:02, 160.49it/s]
Predictor_2 Epoch 8/12:  10%|â–ˆ         | 39/390 [00:00<00:01, 193.13it/s]
Predictor_2 Epoch 8/12:  16%|â–ˆâ–Œ        | 61/390 [00:00<00:01, 201.07it/s]
Predictor_2 Epoch 8/12:  21%|â–ˆâ–ˆ        | 82/390 [00:00<00:01, 202.59it/s]
Predictor_2 Epoch 8/12:  27%|â–ˆâ–ˆâ–‹       | 105/390 [00:00<00:01, 208.30it/s]
Predictor_2 Epoch 8/12:  32%|â–ˆâ–ˆâ–ˆâ–      | 126/390 [00:00<00:01, 206.60it/s]
Predictor_2 Epoch 8/12:  38%|â–ˆâ–ˆâ–ˆâ–Š      | 149/390 [00:00<00:01, 211.30it/s]
Predictor_2 Epoch 8/12:  44%|â–ˆâ–ˆâ–ˆâ–ˆâ–     | 171/390 [00:00<00:01, 209.22it/s]
Predictor_2 Epoch 8/12:  49%|â–ˆâ–ˆâ–ˆâ–ˆâ–‰     | 193/390 [00:00<00:00, 211.07it/s]
Predictor_2 Epoch 8/12:  55%|â–ˆâ–ˆâ–ˆâ–ˆâ–ˆâ–Œ    | 215/390 [00:01<00:00, 209.28it/s]
Predictor_2 Epoch 8/12:  61%|â–ˆâ–ˆâ–ˆâ–ˆâ–ˆâ–ˆ    | 238/390 [00:01<00:00, 207.49it/s]
Predictor_2 Epoch 8/12:  67%|â–ˆâ–ˆâ–ˆâ–ˆâ–ˆâ–ˆâ–‹   | 261/390 [00:01<00:00, 213.81it/s]
Predictor_2 Epoch 8/12:  73%|â–ˆâ–ˆâ–ˆâ–ˆâ–ˆâ–ˆâ–ˆâ–Ž  | 283/390 [00:01<00:00, 208.64it/s]
Predictor_2 Epoch 8/12:  78%|â–ˆâ–ˆâ–ˆâ–ˆâ–ˆâ–ˆâ–ˆâ–Š  | 306/390 [00:01<00:00, 207.29it/s]
Predictor_2 Epoch 8/12:  84%|â–ˆâ–ˆâ–ˆâ–ˆâ–ˆâ–ˆâ–ˆâ–ˆâ– | 329/390 [00:01<00:00, 213.38it/s]
Predictor_2 Epoch 8/12:  90%|â–ˆâ–ˆâ–ˆâ–ˆâ–ˆâ–ˆâ–ˆâ–ˆâ–ˆ | 351/390 [00:01<00:00, 208.47it/s]
Predictor_2 Epoch 8/12:  96%|â–ˆâ–ˆâ–ˆâ–ˆâ–ˆâ–ˆâ–ˆâ–ˆâ–ˆâ–Œ| 374/390 [00:01<00:00, 207.16it/s]
Predictor_2 Epoch 8/12:  96%|â–ˆâ–ˆâ–ˆâ–ˆâ–ˆâ–ˆâ–ˆâ–ˆâ–ˆâ–Œ| 374/390 [00:01<00:00, 207.16it/s, acc=99.22%, loss=0.0471]
                                                                                                   

Predictor_2 Epoch 9/12:   0%|          | 0/390 [00:00<?, ?it/s]
Predictor_2 Epoch 9/12:   4%|â–         | 17/390 [00:00<00:02, 160.20it/s]
Predictor_2 Epoch 9/12:  10%|â–ˆ         | 40/390 [00:00<00:01, 199.31it/s]
Predictor_2 Epoch 9/12:  16%|â–ˆâ–Œ        | 61/390 [00:00<00:01, 198.84it/s]
Predictor_2 Epoch 9/12:  22%|â–ˆâ–ˆâ–       | 84/390 [00:00<00:01, 210.49it/s]
Predictor_2 Epoch 9/12:  27%|â–ˆâ–ˆâ–‹       | 106/390 [00:00<00:01, 206.42it/s]
Predictor_2 Epoch 9/12:  33%|â–ˆâ–ˆâ–ˆâ–Ž      | 129/390 [00:00<00:01, 208.28it/s]
Predictor_2 Epoch 9/12:  39%|â–ˆâ–ˆâ–ˆâ–‰      | 153/390 [00:00<00:01, 209.92it/s]
Predictor_2 Epoch 9/12:  45%|â–ˆâ–ˆâ–ˆâ–ˆâ–Œ     | 177/390 [00:00<00:01, 210.44it/s]
Predictor_2 Epoch 9/12:  52%|â–ˆâ–ˆâ–ˆâ–ˆâ–ˆâ–    | 201/390 [00:00<00:00, 210.83it/s]
Predictor_2 Epoch 9/12:  58%|â–ˆâ–ˆâ–ˆâ–ˆâ–ˆâ–Š    | 225/390 [00:01<00:00, 211.81it/s]
Predictor_2 Epoch 9/12:  64%|â–ˆâ–ˆâ–ˆâ–ˆâ–ˆâ–ˆâ–   | 249/390 [00:01<00:00, 212.29it/s]
Predictor_2 Epoch 9/12:  70%|â–ˆâ–ˆâ–ˆâ–ˆâ–ˆâ–ˆâ–ˆ   | 273/390 [00:01<00:00, 212.49it/s]
Predictor_2 Epoch 9/12:  76%|â–ˆâ–ˆâ–ˆâ–ˆâ–ˆâ–ˆâ–ˆâ–Œ  | 297/390 [00:01<00:00, 212.73it/s]
Predictor_2 Epoch 9/12:  82%|â–ˆâ–ˆâ–ˆâ–ˆâ–ˆâ–ˆâ–ˆâ–ˆâ– | 321/390 [00:01<00:00, 212.48it/s]
Predictor_2 Epoch 9/12:  88%|â–ˆâ–ˆâ–ˆâ–ˆâ–ˆâ–ˆâ–ˆâ–ˆâ–Š | 345/390 [00:01<00:00, 212.29it/s]
Predictor_2 Epoch 9/12:  95%|â–ˆâ–ˆâ–ˆâ–ˆâ–ˆâ–ˆâ–ˆâ–ˆâ–ˆâ–| 369/390 [00:01<00:00, 212.53it/s]
Predictor_2 Epoch 9/12:  95%|â–ˆâ–ˆâ–ˆâ–ˆâ–ˆâ–ˆâ–ˆâ–ˆâ–ˆâ–| 369/390 [00:01<00:00, 212.53it/s, acc=100.00%, loss=0.0116]
                                                                                                    

Predictor_2 Epoch 10/12:   0%|          | 0/390 [00:00<?, ?it/s]
Predictor_2 Epoch 10/12:   4%|â–         | 17/390 [00:00<00:02, 159.67it/s]
Predictor_2 Epoch 10/12:  11%|â–ˆ         | 41/390 [00:00<00:01, 192.77it/s]
Predictor_2 Epoch 10/12:  17%|â–ˆâ–‹        | 65/390 [00:00<00:01, 201.39it/s]
Predictor_2 Epoch 10/12:  23%|â–ˆâ–ˆâ–Ž       | 89/390 [00:00<00:01, 206.78it/s]
Predictor_2 Epoch 10/12:  29%|â–ˆâ–ˆâ–‰       | 113/390 [00:00<00:01, 208.69it/s]
Predictor_2 Epoch 10/12:  34%|â–ˆâ–ˆâ–ˆâ–      | 134/390 [00:00<00:01, 208.67it/s]
Predictor_2 Epoch 10/12:  40%|â–ˆâ–ˆâ–ˆâ–ˆ      | 157/390 [00:00<00:01, 211.96it/s]
Predictor_2 Epoch 10/12:  46%|â–ˆâ–ˆâ–ˆâ–ˆâ–‹     | 181/390 [00:00<00:00, 212.13it/s]
Predictor_2 Epoch 10/12:  53%|â–ˆâ–ˆâ–ˆâ–ˆâ–ˆâ–Ž    | 205/390 [00:00<00:00, 212.41it/s]
Predictor_2 Epoch 10/12:  59%|â–ˆâ–ˆâ–ˆâ–ˆâ–ˆâ–Š    | 229/390 [00:01<00:00, 212.85it/s]
Predictor_2 Epoch 10/12:  65%|â–ˆâ–ˆâ–ˆâ–ˆâ–ˆâ–ˆâ–   | 253/390 [00:01<00:00, 213.27it/s][codecarbon INFO @ 01:01:51] Energy consumed for RAM : 0.000623 kWh. RAM Power : 38.0 W

Predictor_2 Epoch 10/12:  71%|â–ˆâ–ˆâ–ˆâ–ˆâ–ˆâ–ˆâ–ˆ   | 277/390 [00:01<00:00, 213.50it/s]
Predictor_2 Epoch 10/12:  77%|â–ˆâ–ˆâ–ˆâ–ˆâ–ˆâ–ˆâ–ˆâ–‹  | 301/390 [00:01<00:00, 213.41it/s]
Predictor_2 Epoch 10/12:  83%|â–ˆâ–ˆâ–ˆâ–ˆâ–ˆâ–ˆâ–ˆâ–ˆâ–Ž | 325/390 [00:01<00:00, 213.69it/s]
Predictor_2 Epoch 10/12:  89%|â–ˆâ–ˆâ–ˆâ–ˆâ–ˆâ–ˆâ–ˆâ–ˆâ–‰ | 349/390 [00:01<00:00, 213.91it/s]
Predictor_2 Epoch 10/12:  96%|â–ˆâ–ˆâ–ˆâ–ˆâ–ˆâ–ˆâ–ˆâ–ˆâ–ˆâ–Œ| 373/390 [00:01<00:00, 214.29it/s][codecarbon INFO @ 01:01:51] Delta energy consumed for CPU with cpu_load : 0.000215 kWh, power : 53.465624999999996 W
[codecarbon INFO @ 01:01:51] Energy consumed for All CPU : 0.000881 kWh
[codecarbon INFO @ 01:01:51] Energy consumed for all GPUs : 0.001206 kWh. Total GPU Power : 60.62790629176583 W
[codecarbon INFO @ 01:01:51] 0.002710 kWh of electricity used since the beginning.

Predictor_2 Epoch 10/12:  96%|â–ˆâ–ˆâ–ˆâ–ˆâ–ˆâ–ˆâ–ˆâ–ˆâ–ˆâ–Œ| 373/390 [00:01<00:00, 214.29it/s, acc=100.00%, loss=0.0085]
                                                                                                     

Predictor_2 Epoch 11/12:   0%|          | 0/390 [00:00<?, ?it/s]
Predictor_2 Epoch 11/12:   4%|â–         | 17/390 [00:00<00:02, 158.27it/s]
Predictor_2 Epoch 11/12:  11%|â–ˆ         | 41/390 [00:00<00:01, 192.82it/s]
Predictor_2 Epoch 11/12:  17%|â–ˆâ–‹        | 65/390 [00:00<00:01, 205.63it/s]
Predictor_2 Epoch 11/12:  23%|â–ˆâ–ˆâ–Ž       | 88/390 [00:00<00:01, 214.24it/s]
Predictor_2 Epoch 11/12:  28%|â–ˆâ–ˆâ–Š       | 110/390 [00:00<00:01, 208.87it/s]
Predictor_2 Epoch 11/12:  34%|â–ˆâ–ˆâ–ˆâ–      | 133/390 [00:00<00:01, 214.83it/s]
Predictor_2 Epoch 11/12:  40%|â–ˆâ–ˆâ–ˆâ–‰      | 155/390 [00:00<00:01, 211.99it/s]
Predictor_2 Epoch 11/12:  46%|â–ˆâ–ˆâ–ˆâ–ˆâ–Œ     | 178/390 [00:00<00:01, 210.04it/s]
Predictor_2 Epoch 11/12:  52%|â–ˆâ–ˆâ–ˆâ–ˆâ–ˆâ–    | 202/390 [00:00<00:00, 210.82it/s]
Predictor_2 Epoch 11/12:  58%|â–ˆâ–ˆâ–ˆâ–ˆâ–ˆâ–Š    | 226/390 [00:01<00:00, 211.71it/s]
Predictor_2 Epoch 11/12:  64%|â–ˆâ–ˆâ–ˆâ–ˆâ–ˆâ–ˆâ–   | 250/390 [00:01<00:00, 212.34it/s]
Predictor_2 Epoch 11/12:  70%|â–ˆâ–ˆâ–ˆâ–ˆâ–ˆâ–ˆâ–ˆ   | 274/390 [00:01<00:00, 212.58it/s]
Predictor_2 Epoch 11/12:  76%|â–ˆâ–ˆâ–ˆâ–ˆâ–ˆâ–ˆâ–ˆâ–‹  | 298/390 [00:01<00:00, 212.70it/s]
Predictor_2 Epoch 11/12:  83%|â–ˆâ–ˆâ–ˆâ–ˆâ–ˆâ–ˆâ–ˆâ–ˆâ–Ž | 322/390 [00:01<00:00, 212.51it/s]
Predictor_2 Epoch 11/12:  88%|â–ˆâ–ˆâ–ˆâ–ˆâ–ˆâ–ˆâ–ˆâ–ˆâ–Š | 344/390 [00:01<00:00, 213.58it/s]
Predictor_2 Epoch 11/12:  94%|â–ˆâ–ˆâ–ˆâ–ˆâ–ˆâ–ˆâ–ˆâ–ˆâ–ˆâ–| 366/390 [00:01<00:00, 212.06it/s]
Predictor_2 Epoch 11/12:  99%|â–ˆâ–ˆâ–ˆâ–ˆâ–ˆâ–ˆâ–ˆâ–ˆâ–ˆâ–‰| 388/390 [00:01<00:00, 214.28it/s]
Predictor_2 Epoch 11/12:  99%|â–ˆâ–ˆâ–ˆâ–ˆâ–ˆâ–ˆâ–ˆâ–ˆâ–ˆâ–‰| 388/390 [00:01<00:00, 214.28it/s, acc=100.00%, loss=0.0143]
                                                                                                     

Predictor_2 Epoch 12/12:   0%|          | 0/390 [00:00<?, ?it/s]
Predictor_2 Epoch 12/12:   4%|â–         | 17/390 [00:00<00:02, 153.86it/s]
Predictor_2 Epoch 12/12:  11%|â–ˆ         | 41/390 [00:00<00:01, 187.74it/s]
Predictor_2 Epoch 12/12:  17%|â–ˆâ–‹        | 65/390 [00:00<00:01, 198.12it/s]
Predictor_2 Epoch 12/12:  23%|â–ˆâ–ˆâ–Ž       | 89/390 [00:00<00:01, 203.39it/s]
Predictor_2 Epoch 12/12:  29%|â–ˆâ–ˆâ–‰       | 113/390 [00:00<00:01, 206.09it/s]
Predictor_2 Epoch 12/12:  35%|â–ˆâ–ˆâ–ˆâ–Œ      | 137/390 [00:00<00:01, 207.28it/s]
Predictor_2 Epoch 12/12:  41%|â–ˆâ–ˆâ–ˆâ–ˆâ–     | 161/390 [00:00<00:01, 208.72it/s]
Predictor_2 Epoch 12/12:  47%|â–ˆâ–ˆâ–ˆâ–ˆâ–‹     | 185/390 [00:00<00:00, 209.41it/s]
Predictor_2 Epoch 12/12:  53%|â–ˆâ–ˆâ–ˆâ–ˆâ–ˆâ–Ž    | 207/390 [00:01<00:00, 211.96it/s]
Predictor_2 Epoch 12/12:  59%|â–ˆâ–ˆâ–ˆâ–ˆâ–ˆâ–Š    | 229/390 [00:01<00:00, 210.05it/s]
Predictor_2 Epoch 12/12:  65%|â–ˆâ–ˆâ–ˆâ–ˆâ–ˆâ–ˆâ–   | 252/390 [00:01<00:00, 215.08it/s]
Predictor_2 Epoch 12/12:  70%|â–ˆâ–ˆâ–ˆâ–ˆâ–ˆâ–ˆâ–ˆ   | 274/390 [00:01<00:00, 211.40it/s]
Predictor_2 Epoch 12/12:  76%|â–ˆâ–ˆâ–ˆâ–ˆâ–ˆâ–ˆâ–ˆâ–Œ  | 296/390 [00:01<00:00, 213.26it/s]
Predictor_2 Epoch 12/12:  82%|â–ˆâ–ˆâ–ˆâ–ˆâ–ˆâ–ˆâ–ˆâ–ˆâ– | 318/390 [00:01<00:00, 210.28it/s]
Predictor_2 Epoch 12/12:  87%|â–ˆâ–ˆâ–ˆâ–ˆâ–ˆâ–ˆâ–ˆâ–ˆâ–‹ | 340/390 [00:01<00:00, 212.27it/s]
Predictor_2 Epoch 12/12:  93%|â–ˆâ–ˆâ–ˆâ–ˆâ–ˆâ–ˆâ–ˆâ–ˆâ–ˆâ–Ž| 362/390 [00:01<00:00, 209.94it/s]
Predictor_2 Epoch 12/12:  98%|â–ˆâ–ˆâ–ˆâ–ˆâ–ˆâ–ˆâ–ˆâ–ˆâ–ˆâ–Š| 384/390 [00:01<00:00, 205.28it/s]
Predictor_2 Epoch 12/12:  98%|â–ˆâ–ˆâ–ˆâ–ˆâ–ˆâ–ˆâ–ˆâ–ˆâ–ˆâ–Š| 384/390 [00:01<00:00, 205.28it/s, acc=100.00%, loss=0.0122]
                                                                                                     

Predictor_3 Epoch 1/12:   0%|          | 0/390 [00:00<?, ?it/s]
Predictor_3 Epoch 1/12:   4%|â–         | 16/390 [00:00<00:02, 158.12it/s]
Predictor_3 Epoch 1/12:   9%|â–‰         | 37/390 [00:00<00:01, 181.93it/s]
Predictor_3 Epoch 1/12:  16%|â–ˆâ–Œ        | 61/390 [00:00<00:01, 196.38it/s]
Predictor_3 Epoch 1/12:  22%|â–ˆâ–ˆâ–       | 85/390 [00:00<00:01, 202.52it/s]
Predictor_3 Epoch 1/12:  28%|â–ˆâ–ˆâ–Š       | 109/390 [00:00<00:01, 205.65it/s]
Predictor_3 Epoch 1/12:  34%|â–ˆâ–ˆâ–ˆâ–      | 133/390 [00:00<00:01, 208.04it/s]
Predictor_3 Epoch 1/12:  40%|â–ˆâ–ˆâ–ˆâ–‰      | 155/390 [00:00<00:01, 211.39it/s]
Predictor_3 Epoch 1/12:  45%|â–ˆâ–ˆâ–ˆâ–ˆâ–Œ     | 177/390 [00:00<00:01, 208.93it/s]
Predictor_3 Epoch 1/12:  51%|â–ˆâ–ˆâ–ˆâ–ˆâ–ˆ     | 199/390 [00:00<00:00, 211.52it/s]
Predictor_3 Epoch 1/12:  57%|â–ˆâ–ˆâ–ˆâ–ˆâ–ˆâ–‹    | 221/390 [00:01<00:00, 209.14it/s]
Predictor_3 Epoch 1/12:  62%|â–ˆâ–ˆâ–ˆâ–ˆâ–ˆâ–ˆâ–   | 242/390 [00:01<00:00, 208.85it/s]
Predictor_3 Epoch 1/12:  68%|â–ˆâ–ˆâ–ˆâ–ˆâ–ˆâ–ˆâ–Š   | 265/390 [00:01<00:00, 209.63it/s]
Predictor_3 Epoch 1/12:  73%|â–ˆâ–ˆâ–ˆâ–ˆâ–ˆâ–ˆâ–ˆâ–Ž  | 286/390 [00:01<00:00, 209.13it/s]
Predictor_3 Epoch 1/12:  79%|â–ˆâ–ˆâ–ˆâ–ˆâ–ˆâ–ˆâ–ˆâ–‰  | 309/390 [00:01<00:00, 210.40it/s]
Predictor_3 Epoch 1/12:  85%|â–ˆâ–ˆâ–ˆâ–ˆâ–ˆâ–ˆâ–ˆâ–ˆâ– | 331/390 [00:01<00:00, 211.18it/s]
Predictor_3 Epoch 1/12:  91%|â–ˆâ–ˆâ–ˆâ–ˆâ–ˆâ–ˆâ–ˆâ–ˆâ–ˆ | 353/390 [00:01<00:00, 210.30it/s]
Predictor_3 Epoch 1/12:  96%|â–ˆâ–ˆâ–ˆâ–ˆâ–ˆâ–ˆâ–ˆâ–ˆâ–ˆâ–Œ| 375/390 [00:01<00:00, 210.83it/s]
Predictor_3 Epoch 1/12:  96%|â–ˆâ–ˆâ–ˆâ–ˆâ–ˆâ–ˆâ–ˆâ–ˆâ–ˆâ–Œ| 375/390 [00:01<00:00, 210.83it/s, acc=100.00%, loss=0.0153]
                                                                                                    

Predictor_3 Epoch 2/12:   0%|          | 0/390 [00:00<?, ?it/s]
Predictor_3 Epoch 2/12:   4%|â–         | 17/390 [00:00<00:02, 158.26it/s]
Predictor_3 Epoch 2/12:  10%|â–ˆ         | 39/390 [00:00<00:01, 192.88it/s]
Predictor_3 Epoch 2/12:  16%|â–ˆâ–Œ        | 61/390 [00:00<00:01, 198.60it/s]
Predictor_3 Epoch 2/12:  21%|â–ˆâ–ˆâ–       | 83/390 [00:00<00:01, 206.69it/s]
Predictor_3 Epoch 2/12:  27%|â–ˆâ–ˆâ–‹       | 105/390 [00:00<00:01, 206.31it/s]
Predictor_3 Epoch 2/12:  33%|â–ˆâ–ˆâ–ˆâ–Ž      | 127/390 [00:00<00:01, 210.38it/s]
Predictor_3 Epoch 2/12:  38%|â–ˆâ–ˆâ–ˆâ–Š      | 149/390 [00:00<00:01, 208.89it/s]
Predictor_3 Epoch 2/12:  44%|â–ˆâ–ˆâ–ˆâ–ˆâ–     | 171/390 [00:00<00:01, 211.47it/s]
Predictor_3 Epoch 2/12:  49%|â–ˆâ–ˆâ–ˆâ–ˆâ–‰     | 193/390 [00:00<00:00, 209.93it/s]
Predictor_3 Epoch 2/12:  55%|â–ˆâ–ˆâ–ˆâ–ˆâ–ˆâ–Œ    | 215/390 [00:01<00:00, 211.88it/s]
Predictor_3 Epoch 2/12:  61%|â–ˆâ–ˆâ–ˆâ–ˆâ–ˆâ–ˆ    | 237/390 [00:01<00:00, 209.48it/s]
Predictor_3 Epoch 2/12:  67%|â–ˆâ–ˆâ–ˆâ–ˆâ–ˆâ–ˆâ–‹   | 260/390 [00:01<00:00, 207.41it/s]
Predictor_3 Epoch 2/12:  73%|â–ˆâ–ˆâ–ˆâ–ˆâ–ˆâ–ˆâ–ˆâ–Ž  | 283/390 [00:01<00:00, 213.69it/s]
Predictor_3 Epoch 2/12:  78%|â–ˆâ–ˆâ–ˆâ–ˆâ–ˆâ–ˆâ–ˆâ–Š  | 305/390 [00:01<00:00, 209.24it/s]
Predictor_3 Epoch 2/12:  84%|â–ˆâ–ˆâ–ˆâ–ˆâ–ˆâ–ˆâ–ˆâ–ˆâ– | 328/390 [00:01<00:00, 208.33it/s]
Predictor_3 Epoch 2/12:  90%|â–ˆâ–ˆâ–ˆâ–ˆâ–ˆâ–ˆâ–ˆâ–ˆâ–ˆ | 351/390 [00:01<00:00, 213.76it/s]
Predictor_3 Epoch 2/12:  96%|â–ˆâ–ˆâ–ˆâ–ˆâ–ˆâ–ˆâ–ˆâ–ˆâ–ˆâ–Œ| 373/390 [00:01<00:00, 210.32it/s]
Predictor_3 Epoch 2/12:  96%|â–ˆâ–ˆâ–ˆâ–ˆâ–ˆâ–ˆâ–ˆâ–ˆâ–ˆâ–Œ| 373/390 [00:01<00:00, 210.32it/s, acc=99.22%, loss=0.0220]
                                                                                                   

Predictor_3 Epoch 3/12:   0%|          | 0/390 [00:00<?, ?it/s]
Predictor_3 Epoch 3/12:   4%|â–         | 17/390 [00:00<00:02, 152.24it/s]
Predictor_3 Epoch 3/12:  11%|â–ˆ         | 41/390 [00:00<00:01, 189.31it/s]
Predictor_3 Epoch 3/12:  16%|â–ˆâ–‹        | 64/390 [00:00<00:01, 206.70it/s]
Predictor_3 Epoch 3/12:  22%|â–ˆâ–ˆâ–       | 85/390 [00:00<00:01, 205.04it/s]
Predictor_3 Epoch 3/12:  27%|â–ˆâ–ˆâ–‹       | 106/390 [00:00<00:01, 206.42it/s]
Predictor_3 Epoch 3/12:  33%|â–ˆâ–ˆâ–ˆâ–Ž      | 129/390 [00:00<00:01, 210.98it/s]
Predictor_3 Epoch 3/12:  39%|â–ˆâ–ˆâ–ˆâ–Š      | 151/390 [00:00<00:01, 210.37it/s]
Predictor_3 Epoch 3/12:  45%|â–ˆâ–ˆâ–ˆâ–ˆâ–     | 174/390 [00:00<00:01, 208.99it/s]
Predictor_3 Epoch 3/12:  51%|â–ˆâ–ˆâ–ˆâ–ˆâ–ˆ     | 197/390 [00:00<00:00, 214.95it/s]
Predictor_3 Epoch 3/12:  56%|â–ˆâ–ˆâ–ˆâ–ˆâ–ˆâ–Œ    | 219/390 [00:01<00:00, 210.92it/s]
Predictor_3 Epoch 3/12:  62%|â–ˆâ–ˆâ–ˆâ–ˆâ–ˆâ–ˆâ–   | 242/390 [00:01<00:00, 209.40it/s]
Predictor_3 Epoch 3/12:  68%|â–ˆâ–ˆâ–ˆâ–ˆâ–ˆâ–ˆâ–Š   | 265/390 [00:01<00:00, 215.06it/s]
Predictor_3 Epoch 3/12:  74%|â–ˆâ–ˆâ–ˆâ–ˆâ–ˆâ–ˆâ–ˆâ–Ž  | 287/390 [00:01<00:00, 210.25it/s]
Predictor_3 Epoch 3/12:  79%|â–ˆâ–ˆâ–ˆâ–ˆâ–ˆâ–ˆâ–ˆâ–‰  | 310/390 [00:01<00:00, 208.98it/s]
Predictor_3 Epoch 3/12:  86%|â–ˆâ–ˆâ–ˆâ–ˆâ–ˆâ–ˆâ–ˆâ–ˆâ–Œ | 334/390 [00:01<00:00, 209.86it/s]
Predictor_3 Epoch 3/12:  92%|â–ˆâ–ˆâ–ˆâ–ˆâ–ˆâ–ˆâ–ˆâ–ˆâ–ˆâ–| 358/390 [00:01<00:00, 210.23it/s]
Predictor_3 Epoch 3/12:  98%|â–ˆâ–ˆâ–ˆâ–ˆâ–ˆâ–ˆâ–ˆâ–ˆâ–ˆâ–Š| 382/390 [00:01<00:00, 210.53it/s]
Predictor_3 Epoch 3/12:  98%|â–ˆâ–ˆâ–ˆâ–ˆâ–ˆâ–ˆâ–ˆâ–ˆâ–ˆâ–Š| 382/390 [00:01<00:00, 210.53it/s, acc=99.22%, loss=0.0164]
                                                                                                   

Predictor_3 Epoch 4/12:   0%|          | 0/390 [00:00<?, ?it/s]
Predictor_3 Epoch 4/12:   4%|â–         | 17/390 [00:00<00:02, 155.29it/s]
Predictor_3 Epoch 4/12:  11%|â–ˆ         | 41/390 [00:00<00:01, 190.20it/s]
Predictor_3 Epoch 4/12:  17%|â–ˆâ–‹        | 65/390 [00:00<00:01, 201.35it/s]
Predictor_3 Epoch 4/12:  23%|â–ˆâ–ˆâ–Ž       | 89/390 [00:00<00:01, 206.89it/s]
Predictor_3 Epoch 4/12:  29%|â–ˆâ–ˆâ–‰       | 113/390 [00:00<00:01, 209.89it/s]
Predictor_3 Epoch 4/12:  35%|â–ˆâ–ˆâ–ˆâ–      | 136/390 [00:00<00:01, 215.96it/s]
Predictor_3 Epoch 4/12:  41%|â–ˆâ–ˆâ–ˆâ–ˆ      | 158/390 [00:00<00:01, 211.28it/s]
Predictor_3 Epoch 4/12:  46%|â–ˆâ–ˆâ–ˆâ–ˆâ–‹     | 181/390 [00:00<00:00, 212.91it/s]
Predictor_3 Epoch 4/12:  52%|â–ˆâ–ˆâ–ˆâ–ˆâ–ˆâ–    | 203/390 [00:00<00:00, 212.91it/s]
Predictor_3 Epoch 4/12:  58%|â–ˆâ–ˆâ–ˆâ–ˆâ–ˆâ–Š    | 225/390 [00:01<00:00, 213.93it/s]
Predictor_3 Epoch 4/12:  63%|â–ˆâ–ˆâ–ˆâ–ˆâ–ˆâ–ˆâ–Ž   | 247/390 [00:01<00:00, 210.89it/s]
Predictor_3 Epoch 4/12:  69%|â–ˆâ–ˆâ–ˆâ–ˆâ–ˆâ–ˆâ–‰   | 270/390 [00:01<00:00, 210.25it/s]
Predictor_3 Epoch 4/12:  75%|â–ˆâ–ˆâ–ˆâ–ˆâ–ˆâ–ˆâ–ˆâ–Œ  | 293/390 [00:01<00:00, 215.50it/s]
Predictor_3 Epoch 4/12:  81%|â–ˆâ–ˆâ–ˆâ–ˆâ–ˆâ–ˆâ–ˆâ–ˆ  | 315/390 [00:01<00:00, 210.92it/s]
Predictor_3 Epoch 4/12:  87%|â–ˆâ–ˆâ–ˆâ–ˆâ–ˆâ–ˆâ–ˆâ–ˆâ–‹ | 338/390 [00:01<00:00, 209.18it/s]
Predictor_3 Epoch 4/12:  93%|â–ˆâ–ˆâ–ˆâ–ˆâ–ˆâ–ˆâ–ˆâ–ˆâ–ˆâ–Ž| 361/390 [00:01<00:00, 214.87it/s]
Predictor_3 Epoch 4/12:  98%|â–ˆâ–ˆâ–ˆâ–ˆâ–ˆâ–ˆâ–ˆâ–ˆâ–ˆâ–Š| 383/390 [00:01<00:00, 205.54it/s]
Predictor_3 Epoch 4/12:  98%|â–ˆâ–ˆâ–ˆâ–ˆâ–ˆâ–ˆâ–ˆâ–ˆâ–ˆâ–Š| 383/390 [00:01<00:00, 205.54it/s, acc=100.00%, loss=0.0057]
                                                                                                    

Predictor_3 Epoch 5/12:   0%|          | 0/390 [00:00<?, ?it/s]
Predictor_3 Epoch 5/12:   4%|â–         | 17/390 [00:00<00:02, 160.38it/s]
Predictor_3 Epoch 5/12:  10%|â–ˆ         | 39/390 [00:00<00:01, 193.91it/s]
Predictor_3 Epoch 5/12:  16%|â–ˆâ–Œ        | 61/390 [00:00<00:01, 201.99it/s]
Predictor_3 Epoch 5/12:  21%|â–ˆâ–ˆ        | 82/390 [00:00<00:01, 202.92it/s]
Predictor_3 Epoch 5/12:  27%|â–ˆâ–ˆâ–‹       | 105/390 [00:00<00:01, 210.37it/s][codecarbon INFO @ 01:02:06] Energy consumed for RAM : 0.000776 kWh. RAM Power : 38.0 W

Predictor_3 Epoch 5/12:  33%|â–ˆâ–ˆâ–ˆâ–Ž      | 127/390 [00:00<00:01, 208.96it/s]
Predictor_3 Epoch 5/12:  38%|â–ˆâ–ˆâ–ˆâ–Š      | 150/390 [00:00<00:01, 207.78it/s]
Predictor_3 Epoch 5/12:  45%|â–ˆâ–ˆâ–ˆâ–ˆâ–     | 174/390 [00:00<00:01, 209.30it/s]
Predictor_3 Epoch 5/12:  51%|â–ˆâ–ˆâ–ˆâ–ˆâ–ˆ     | 197/390 [00:00<00:00, 215.09it/s]
Predictor_3 Epoch 5/12:  56%|â–ˆâ–ˆâ–ˆâ–ˆâ–ˆâ–Œ    | 219/390 [00:01<00:00, 210.68it/s][codecarbon INFO @ 01:02:06] Delta energy consumed for CPU with cpu_load : 0.000215 kWh, power : 53.465625 W
[codecarbon INFO @ 01:02:06] Energy consumed for All CPU : 0.001096 kWh
[codecarbon INFO @ 01:02:06] Energy consumed for all GPUs : 0.001471 kWh. Total GPU Power : 63.448413524504936 W
[codecarbon INFO @ 01:02:06] 0.003342 kWh of electricity used since the beginning.

Predictor_3 Epoch 5/12:  62%|â–ˆâ–ˆâ–ˆâ–ˆâ–ˆâ–ˆâ–   | 242/390 [00:01<00:00, 209.49it/s]
Predictor_3 Epoch 5/12:  68%|â–ˆâ–ˆâ–ˆâ–ˆâ–ˆâ–ˆâ–Š   | 266/390 [00:01<00:00, 210.46it/s]
Predictor_3 Epoch 5/12:  74%|â–ˆâ–ˆâ–ˆâ–ˆâ–ˆâ–ˆâ–ˆâ–  | 289/390 [00:01<00:00, 215.77it/s]
Predictor_3 Epoch 5/12:  80%|â–ˆâ–ˆâ–ˆâ–ˆâ–ˆâ–ˆâ–ˆâ–‰  | 311/390 [00:01<00:00, 210.88it/s]
Predictor_3 Epoch 5/12:  86%|â–ˆâ–ˆâ–ˆâ–ˆâ–ˆâ–ˆâ–ˆâ–ˆâ–Œ | 334/390 [00:01<00:00, 209.18it/s]
Predictor_3 Epoch 5/12:  92%|â–ˆâ–ˆâ–ˆâ–ˆâ–ˆâ–ˆâ–ˆâ–ˆâ–ˆâ–| 358/390 [00:01<00:00, 209.92it/s]
Predictor_3 Epoch 5/12:  98%|â–ˆâ–ˆâ–ˆâ–ˆâ–ˆâ–ˆâ–ˆâ–ˆâ–ˆâ–Š| 381/390 [00:01<00:00, 215.23it/s]
Predictor_3 Epoch 5/12:  98%|â–ˆâ–ˆâ–ˆâ–ˆâ–ˆâ–ˆâ–ˆâ–ˆâ–ˆâ–Š| 381/390 [00:01<00:00, 215.23it/s, acc=100.00%, loss=0.0018]
                                                                                                    

Predictor_3 Epoch 6/12:   0%|          | 0/390 [00:00<?, ?it/s]
Predictor_3 Epoch 6/12:   4%|â–         | 17/390 [00:00<00:02, 160.33it/s]
Predictor_3 Epoch 6/12:  11%|â–ˆ         | 41/390 [00:00<00:01, 192.58it/s]
Predictor_3 Epoch 6/12:  16%|â–ˆâ–‹        | 64/390 [00:00<00:01, 207.83it/s]
Predictor_3 Epoch 6/12:  22%|â–ˆâ–ˆâ–       | 85/390 [00:00<00:01, 205.63it/s]
Predictor_3 Epoch 6/12:  27%|â–ˆâ–ˆâ–‹       | 107/390 [00:00<00:01, 209.37it/s]
Predictor_3 Epoch 6/12:  33%|â–ˆâ–ˆâ–ˆâ–Ž      | 129/390 [00:00<00:01, 210.73it/s]
Predictor_3 Epoch 6/12:  39%|â–ˆâ–ˆâ–ˆâ–Š      | 151/390 [00:00<00:01, 210.71it/s]
Predictor_3 Epoch 6/12:  44%|â–ˆâ–ˆâ–ˆâ–ˆâ–     | 173/390 [00:00<00:01, 213.25it/s]
Predictor_3 Epoch 6/12:  50%|â–ˆâ–ˆâ–ˆâ–ˆâ–ˆ     | 195/390 [00:00<00:00, 210.97it/s]
Predictor_3 Epoch 6/12:  56%|â–ˆâ–ˆâ–ˆâ–ˆâ–ˆâ–Œ    | 218/390 [00:01<00:00, 209.29it/s]
Predictor_3 Epoch 6/12:  62%|â–ˆâ–ˆâ–ˆâ–ˆâ–ˆâ–ˆâ–   | 241/390 [00:01<00:00, 215.21it/s]
Predictor_3 Epoch 6/12:  67%|â–ˆâ–ˆâ–ˆâ–ˆâ–ˆâ–ˆâ–‹   | 263/390 [00:01<00:00, 210.86it/s]
Predictor_3 Epoch 6/12:  73%|â–ˆâ–ˆâ–ˆâ–ˆâ–ˆâ–ˆâ–ˆâ–Ž  | 286/390 [00:01<00:00, 209.38it/s]
Predictor_3 Epoch 6/12:  79%|â–ˆâ–ˆâ–ˆâ–ˆâ–ˆâ–ˆâ–ˆâ–‰  | 310/390 [00:01<00:00, 209.83it/s]
Predictor_3 Epoch 6/12:  86%|â–ˆâ–ˆâ–ˆâ–ˆâ–ˆâ–ˆâ–ˆâ–ˆâ–Œ | 334/390 [00:01<00:00, 210.32it/s]
Predictor_3 Epoch 6/12:  91%|â–ˆâ–ˆâ–ˆâ–ˆâ–ˆâ–ˆâ–ˆâ–ˆâ–ˆâ–| 356/390 [00:01<00:00, 212.34it/s]
Predictor_3 Epoch 6/12:  97%|â–ˆâ–ˆâ–ˆâ–ˆâ–ˆâ–ˆâ–ˆâ–ˆâ–ˆâ–‹| 378/390 [00:01<00:00, 211.16it/s]
Predictor_3 Epoch 6/12:  97%|â–ˆâ–ˆâ–ˆâ–ˆâ–ˆâ–ˆâ–ˆâ–ˆâ–ˆâ–‹| 378/390 [00:01<00:00, 211.16it/s, acc=100.00%, loss=0.0033]
                                                                                                    

Predictor_3 Epoch 7/12:   0%|          | 0/390 [00:00<?, ?it/s]
Predictor_3 Epoch 7/12:   4%|â–         | 17/390 [00:00<00:02, 162.75it/s]
Predictor_3 Epoch 7/12:  11%|â–ˆ         | 41/390 [00:00<00:01, 192.88it/s]
Predictor_3 Epoch 7/12:  17%|â–ˆâ–‹        | 65/390 [00:00<00:01, 201.96it/s]
Predictor_3 Epoch 7/12:  23%|â–ˆâ–ˆâ–Ž       | 89/390 [00:00<00:01, 206.12it/s]
Predictor_3 Epoch 7/12:  29%|â–ˆâ–ˆâ–Š       | 112/390 [00:00<00:01, 214.06it/s]
Predictor_3 Epoch 7/12:  34%|â–ˆâ–ˆâ–ˆâ–      | 134/390 [00:00<00:01, 208.52it/s]
Predictor_3 Epoch 7/12:  40%|â–ˆâ–ˆâ–ˆâ–ˆ      | 157/390 [00:00<00:01, 208.50it/s]
Predictor_3 Epoch 7/12:  46%|â–ˆâ–ˆâ–ˆâ–ˆâ–‹     | 181/390 [00:00<00:00, 209.74it/s]
Predictor_3 Epoch 7/12:  52%|â–ˆâ–ˆâ–ˆâ–ˆâ–ˆâ–    | 204/390 [00:00<00:00, 215.64it/s]
Predictor_3 Epoch 7/12:  58%|â–ˆâ–ˆâ–ˆâ–ˆâ–ˆâ–Š    | 226/390 [00:01<00:00, 210.60it/s]
Predictor_3 Epoch 7/12:  64%|â–ˆâ–ˆâ–ˆâ–ˆâ–ˆâ–ˆâ–   | 249/390 [00:01<00:00, 209.23it/s]
Predictor_3 Epoch 7/12:  70%|â–ˆâ–ˆâ–ˆâ–ˆâ–ˆâ–ˆâ–ˆ   | 273/390 [00:01<00:00, 209.90it/s]
Predictor_3 Epoch 7/12:  76%|â–ˆâ–ˆâ–ˆâ–ˆâ–ˆâ–ˆâ–ˆâ–Œ  | 297/390 [00:01<00:00, 210.25it/s]
Predictor_3 Epoch 7/12:  82%|â–ˆâ–ˆâ–ˆâ–ˆâ–ˆâ–ˆâ–ˆâ–ˆâ– | 320/390 [00:01<00:00, 215.76it/s]
Predictor_3 Epoch 7/12:  88%|â–ˆâ–ˆâ–ˆâ–ˆâ–ˆâ–ˆâ–ˆâ–ˆâ–Š | 342/390 [00:01<00:00, 210.57it/s]
Predictor_3 Epoch 7/12:  94%|â–ˆâ–ˆâ–ˆâ–ˆâ–ˆâ–ˆâ–ˆâ–ˆâ–ˆâ–Ž| 365/390 [00:01<00:00, 208.26it/s]
Predictor_3 Epoch 7/12:  99%|â–ˆâ–ˆâ–ˆâ–ˆâ–ˆâ–ˆâ–ˆâ–ˆâ–ˆâ–‰| 386/390 [00:01<00:00, 206.61it/s]
Predictor_3 Epoch 7/12:  99%|â–ˆâ–ˆâ–ˆâ–ˆâ–ˆâ–ˆâ–ˆâ–ˆâ–ˆâ–‰| 386/390 [00:01<00:00, 206.61it/s, acc=100.00%, loss=0.0011]
                                                                                                    

Predictor_3 Epoch 8/12:   0%|          | 0/390 [00:00<?, ?it/s]
Predictor_3 Epoch 8/12:   4%|â–         | 17/390 [00:00<00:02, 163.33it/s]
Predictor_3 Epoch 8/12:  11%|â–ˆ         | 41/390 [00:00<00:01, 193.83it/s]
Predictor_3 Epoch 8/12:  17%|â–ˆâ–‹        | 65/390 [00:00<00:01, 202.88it/s]
Predictor_3 Epoch 8/12:  23%|â–ˆâ–ˆâ–Ž       | 88/390 [00:00<00:01, 212.42it/s]
Predictor_3 Epoch 8/12:  28%|â–ˆâ–ˆâ–Š       | 110/390 [00:00<00:01, 210.59it/s]
Predictor_3 Epoch 8/12:  34%|â–ˆâ–ˆâ–ˆâ–      | 133/390 [00:00<00:01, 209.84it/s]
Predictor_3 Epoch 8/12:  40%|â–ˆâ–ˆâ–ˆâ–ˆ      | 156/390 [00:00<00:01, 215.02it/s]
Predictor_3 Epoch 8/12:  46%|â–ˆâ–ˆâ–ˆâ–ˆâ–Œ     | 178/390 [00:00<00:00, 213.33it/s]
Predictor_3 Epoch 8/12:  51%|â–ˆâ–ˆâ–ˆâ–ˆâ–ˆâ–    | 200/390 [00:00<00:00, 213.73it/s]
Predictor_3 Epoch 8/12:  57%|â–ˆâ–ˆâ–ˆâ–ˆâ–ˆâ–‹    | 222/390 [00:01<00:00, 214.12it/s]
Predictor_3 Epoch 8/12:  63%|â–ˆâ–ˆâ–ˆâ–ˆâ–ˆâ–ˆâ–Ž   | 244/390 [00:01<00:00, 213.23it/s]
Predictor_3 Epoch 8/12:  68%|â–ˆâ–ˆâ–ˆâ–ˆâ–ˆâ–ˆâ–Š   | 266/390 [00:01<00:00, 214.49it/s]
Predictor_3 Epoch 8/12:  74%|â–ˆâ–ˆâ–ˆâ–ˆâ–ˆâ–ˆâ–ˆâ–  | 288/390 [00:01<00:00, 212.44it/s]
Predictor_3 Epoch 8/12:  80%|â–ˆâ–ˆâ–ˆâ–ˆâ–ˆâ–ˆâ–ˆâ–‰  | 311/390 [00:01<00:00, 216.73it/s]
Predictor_3 Epoch 8/12:  85%|â–ˆâ–ˆâ–ˆâ–ˆâ–ˆâ–ˆâ–ˆâ–ˆâ–Œ | 333/390 [00:01<00:00, 208.20it/s]
Predictor_3 Epoch 8/12:  91%|â–ˆâ–ˆâ–ˆâ–ˆâ–ˆâ–ˆâ–ˆâ–ˆâ–ˆâ–| 356/390 [00:01<00:00, 212.74it/s]
Predictor_3 Epoch 8/12:  97%|â–ˆâ–ˆâ–ˆâ–ˆâ–ˆâ–ˆâ–ˆâ–ˆâ–ˆâ–‹| 380/390 [00:01<00:00, 212.68it/s]
Predictor_3 Epoch 8/12:  97%|â–ˆâ–ˆâ–ˆâ–ˆâ–ˆâ–ˆâ–ˆâ–ˆâ–ˆâ–‹| 380/390 [00:01<00:00, 212.68it/s, acc=100.00%, loss=0.0009]
                                                                                                    

Evaluating CaFo (sum):   0%|          | 0/40 [00:00<?, ?it/s]
Evaluating CaFo (sum):   2%|â–Ž         | 1/40 [00:00<00:05,  7.26it/s]
Evaluating CaFo (sum):  42%|â–ˆâ–ˆâ–ˆâ–ˆâ–Ž     | 17/40 [00:00<00:00, 76.94it/s]
Evaluating CaFo (sum):  72%|â–ˆâ–ˆâ–ˆâ–ˆâ–ˆâ–ˆâ–ˆâ–Ž  | 29/40 [00:00<00:00, 91.10it/s]
                                                                      
[codecarbon INFO @ 01:02:15] Energy consumed for RAM : 0.000864 kWh. RAM Power : 38.0 W
[codecarbon INFO @ 01:02:15] Delta energy consumed for CPU with cpu_load : 0.000121 kWh, power : 52.425 W
[codecarbon INFO @ 01:02:15] Energy consumed for All CPU : 0.001217 kWh
[codecarbon INFO @ 01:02:15] Energy consumed for all GPUs : 0.001629 kWh. Total GPU Power : 64.56253808819827 W
[codecarbon INFO @ 01:02:15] 0.003710 kWh of electricity used since the beginning.
wandb:                                                                                
wandb: 
wandb: Run history:
wandb:              CaFo_DFA/BlockTrain_Acc_Batch â–â–‡â–ˆâ–ˆâ–‡
wandb:           CaFo_DFA/BlockTrain_Acc_EpochAvg â–â–†â–‡â–ˆâ–ˆ
wandb:      CaFo_DFA/BlockTrain_GPU_Mem_MiB_Batch â–â–â–â–â–
wandb:             CaFo_DFA/BlockTrain_Loss_Batch â–ˆâ–‚â–â–â–
wandb:          CaFo_DFA/BlockTrain_Loss_EpochAvg â–ˆâ–ƒâ–‚â–â–
wandb: CaFo_DFA/BlockTrain_Peak_GPU_Mem_Epoch_MiB â–â–â–â–â–
wandb:                 Predictor_1/Epochs_Trained â–
wandb:         Predictor_1/GPU_Mem_Used_MiB_Batch â–â–ˆâ–ˆâ–ˆâ–ˆâ–ˆâ–ˆâ–ˆâ–ˆâ–ˆâ–ˆâ–ˆ
wandb:         Predictor_1/Peak_GPU_Mem_Epoch_MiB â–â–ˆâ–ˆâ–ˆâ–ˆâ–ˆâ–ˆâ–ˆâ–ˆâ–ˆâ–ˆâ–ˆ
wandb:         Predictor_1/Peak_GPU_Mem_Layer_MiB â–
wandb:                Predictor_1/Train_Acc_Batch â–â–‚â–‚â–„â–‡â–‡â–ˆâ–ˆâ–…â–ˆâ–ˆâ–‡
wandb:             Predictor_1/Train_Acc_EpochAvg â–â–…â–†â–‡â–‡â–‡â–ˆâ–ˆâ–ˆâ–ˆâ–ˆâ–ˆ
wandb:             Predictor_1/Train_Acc_LayerAvg â–
wandb:               Predictor_1/Train_Loss_Batch â–ˆâ–…â–‡â–„â–…â–‚â–ƒâ–â–ƒâ–‚â–â–‚
wandb:            Predictor_1/Train_Loss_EpochAvg â–ˆâ–„â–ƒâ–‚â–‚â–‚â–‚â–â–â–â–â–
wandb:            Predictor_1/Train_Loss_LayerAvg â–
wandb:                  Predictor_1/Val_Acc_Epoch â–â–„â–…â–†â–†â–†â–‡â–ˆâ–ˆâ–ˆâ–ˆâ–ˆ
wandb:                 Predictor_1/Val_Loss_Epoch â–ˆâ–„â–ƒâ–‚â–‚â–‚â–â–â–â–â–â–
wandb:                 Predictor_2/Epochs_Trained â–
wandb:         Predictor_2/GPU_Mem_Used_MiB_Batch â–â–â–â–â–â–â–â–â–â–â–â–
wandb:         Predictor_2/Peak_GPU_Mem_Epoch_MiB â–â–â–â–â–â–â–â–â–â–â–â–
wandb:         Predictor_2/Peak_GPU_Mem_Layer_MiB â–
wandb:                Predictor_2/Train_Acc_Batch â–â–ˆâ–‡â–ƒâ–†â–ˆâ–‡â–‡â–ˆâ–ˆâ–ˆâ–ˆ
wandb:             Predictor_2/Train_Acc_EpochAvg â–â–†â–†â–‡â–‡â–‡â–ˆâ–ˆâ–ˆâ–ˆâ–ˆâ–ˆ
wandb:             Predictor_2/Train_Acc_LayerAvg â–
wandb:               Predictor_2/Train_Loss_Batch â–ˆâ–‚â–ƒâ–…â–„â–â–‚â–ƒâ–â–â–â–
wandb:            Predictor_2/Train_Loss_EpochAvg â–ˆâ–ƒâ–ƒâ–‚â–‚â–‚â–â–â–â–â–â–
wandb:            Predictor_2/Train_Loss_LayerAvg â–
wandb:                  Predictor_2/Val_Acc_Epoch â–â–…â–†â–†â–†â–‡â–‡â–ˆâ–‡â–ˆâ–ˆâ–ˆ
wandb:                 Predictor_2/Val_Loss_Epoch â–ˆâ–„â–ƒâ–ƒâ–‚â–â–â–‚â–â–â–â–
wandb:                 Predictor_3/Epochs_Trained â–
wandb:         Predictor_3/GPU_Mem_Used_MiB_Batch â–â–â–â–â–â–â–â–
wandb:         Predictor_3/Peak_GPU_Mem_Epoch_MiB â–â–â–â–â–â–â–â–
wandb:         Predictor_3/Peak_GPU_Mem_Layer_MiB â–
wandb:                Predictor_3/Train_Acc_Batch â–ˆâ–â–â–ˆâ–ˆâ–ˆâ–ˆâ–ˆ
wandb:             Predictor_3/Train_Acc_EpochAvg â–â–‡â–ˆâ–ˆâ–ˆâ–ˆâ–ˆâ–ˆ
wandb:             Predictor_3/Train_Acc_LayerAvg â–
wandb:               Predictor_3/Train_Loss_Batch â–†â–ˆâ–†â–ƒâ–â–‚â–â–
wandb:            Predictor_3/Train_Loss_EpochAvg â–ˆâ–‚â–‚â–â–â–â–â–
wandb:            Predictor_3/Train_Loss_LayerAvg â–
wandb:                  Predictor_3/Val_Acc_Epoch â–â–†â–„â–…â–‡â–ˆâ–†â–†
wandb:                 Predictor_3/Val_Loss_Epoch â–ˆâ–ƒâ–â–‚â–â–â–‚â–‚
wandb:                       estimated_fwd_gflops â–
wandb:                        final/Test_Accuracy â–
wandb:                            final/Test_Loss â–
wandb:           final/codecarbon_emissions_gCO2e â–
wandb:                 final/estimated_fwd_gflops â–
wandb:                final/peak_gpu_mem_used_mib â–
wandb:              final/total_gpu_energy_joules â–
wandb:                  final/total_gpu_energy_wh â–
wandb:               final/total_run_duration_sec â–
wandb:                final/training_duration_sec â–
wandb:                                global_step â–â–â–‚â–‚â–‚â–‚â–‚â–‚â–‚â–‚â–ƒâ–ƒâ–ƒâ–„â–„â–„â–„â–„â–„â–„â–…â–…â–…â–…â–…â–…â–†â–†â–†â–†â–†â–‡â–‡â–‡â–‡â–‡â–‡â–ˆâ–ˆâ–ˆ
wandb:                   initial_gpu_mem_used_mib â–
wandb:                     model_parameters_total â–
wandb:                 model_parameters_trainable â–
wandb: 
wandb: Run summary:
wandb:              CaFo_DFA/BlockTrain_Acc_Batch 99.21875
wandb:           CaFo_DFA/BlockTrain_Acc_EpochAvg 99.7496
wandb:      CaFo_DFA/BlockTrain_GPU_Mem_MiB_Batch 1066
wandb:             CaFo_DFA/BlockTrain_Loss_Batch 0.0092
wandb:          CaFo_DFA/BlockTrain_Loss_EpochAvg 0.008
wandb: CaFo_DFA/BlockTrain_Peak_GPU_Mem_Epoch_MiB 1066
wandb:                 Predictor_1/Epochs_Trained 12
wandb:         Predictor_1/GPU_Mem_Used_MiB_Batch 1092
wandb:         Predictor_1/Peak_GPU_Mem_Epoch_MiB 1092
wandb:         Predictor_1/Peak_GPU_Mem_Layer_MiB 1092
wandb:                Predictor_1/Train_Acc_Batch 99.21875
wandb:             Predictor_1/Train_Acc_EpochAvg 99.09054
wandb:             Predictor_1/Train_Acc_LayerAvg 99.09054
wandb:               Predictor_1/Train_Loss_Batch 0.0304
wandb:            Predictor_1/Train_Loss_EpochAvg 0.03403
wandb:            Predictor_1/Train_Loss_LayerAvg 0.03403
wandb:                  Predictor_1/Val_Acc_Epoch 98.07
wandb:                 Predictor_1/Val_Loss_Epoch 0.06887
wandb:                 Predictor_2/Epochs_Trained 12
wandb:         Predictor_2/GPU_Mem_Used_MiB_Batch 1092
wandb:         Predictor_2/Peak_GPU_Mem_Epoch_MiB 1092
wandb:         Predictor_2/Peak_GPU_Mem_Layer_MiB 1092
wandb:                Predictor_2/Train_Acc_Batch 100
wandb:             Predictor_2/Train_Acc_EpochAvg 99.88582
wandb:             Predictor_2/Train_Acc_LayerAvg 99.88582
wandb:               Predictor_2/Train_Loss_Batch 0.01224
wandb:            Predictor_2/Train_Loss_EpochAvg 0.00857
wandb:            Predictor_2/Train_Loss_LayerAvg 0.00857
wandb:                  Predictor_2/Val_Acc_Epoch 98.62
wandb:                 Predictor_2/Val_Loss_Epoch 0.04564
wandb:                 Predictor_3/Epochs_Trained 8
wandb:         Predictor_3/GPU_Mem_Used_MiB_Batch 1092
wandb:         Predictor_3/Peak_GPU_Mem_Epoch_MiB 1092
wandb:         Predictor_3/Peak_GPU_Mem_Layer_MiB 1092
wandb:                Predictor_3/Train_Acc_Batch 100
wandb:             Predictor_3/Train_Acc_EpochAvg 100
wandb:             Predictor_3/Train_Acc_LayerAvg 100
wandb:               Predictor_3/Train_Loss_Batch 0.00094
wandb:            Predictor_3/Train_Loss_EpochAvg 0.00127
wandb:            Predictor_3/Train_Loss_LayerAvg 0.00127
wandb:                  Predictor_3/Val_Acc_Epoch 99.05
wandb:                 Predictor_3/Val_Loss_Epoch 0.03269
wandb:                     codecarbon_country_iso POL
wandb:                         codecarbon_enabled True
wandb:                            codecarbon_mode offline
wandb:                 estimated_bp_update_gflops nan
wandb:                       estimated_fwd_gflops 0.07271
wandb:                        final/Test_Accuracy 98.96
wandb:                            final/Test_Loss 0.06506
wandb:           final/codecarbon_emissions_gCO2e 3.3581
wandb:           final/estimated_bp_update_gflops nan
wandb:                 final/estimated_fwd_gflops 0.07271
wandb:                final/peak_gpu_mem_used_mib 1092
wandb:              final/total_gpu_energy_joules 5713.24471
wandb:                  final/total_gpu_energy_wh 1.58701
wandb:               final/total_run_duration_sec 86.11583
wandb:                final/training_duration_sec 81.84951
wandb:                   initial_gpu_mem_used_mib 336.625
wandb:                     model_parameters_total 628320
wandb:                 model_parameters_trainable 628320
wandb: 
wandb: ðŸš€ View run cafodfa_mnist_cnn_3block at: https://wandb.ai/przspyra11/BeyondBackpropagation/runs/l1jifw4f
wandb: â­ï¸ View project at: https://wandb.ai/przspyra11/BeyondBackpropagation
wandb: Synced 5 W&B file(s), 0 media file(s), 0 artifact file(s) and 0 other file(s)
wandb: Find logs at: ./wandb/run-20250508_010049-l1jifw4f/logs
