 binutils/2.38 loaded.
 bzip2/1.0.8 loaded.
 zlib/1.2.12 loaded.
 ncurses/6.3 loaded.
 libreadline/8.1.2 loaded.
 Tcl/8.6.12 loaded.
 SQLite/3.38.3 loaded.
 XZ/5.2.5 loaded.
 GMP/6.2.1 loaded.
 libffi/3.4.2 loaded.
 OpenSSL/1.1 loaded.
 Python/3.10.4 loaded.
 CUDA/12.4.0 loaded.

Currently Loaded Modules:
  1) binutils/2.38   5) libreadline/8.1.2   9) GMP/6.2.1      13) CUDA/12.4.0
  2) bzip2/1.0.8     6) Tcl/8.6.12         10) libffi/3.4.2
  3) zlib/1.2.12     7) SQLite/3.38.3      11) OpenSSL/1.1
  4) ncurses/6.3     8) XZ/5.2.5           12) Python/3.10.4

 

2025-05-08 03:17:49,556 - src.utils.config_parser - INFO - Successfully merged configuration from configs/cafo/cafodfa_mnist_cnn_3block.yaml and configs/base.yaml
wandb: Using wandb-core as the SDK backend.  Please refer to https://wandb.me/wandb-core for more information.
wandb: Currently logged in as: przspyra11 (agh_racing) to https://api.wandb.ai. Use `wandb login --relogin` to force relogin
wandb: Tracking run with wandb version 0.19.8
wandb: Run data is saved locally in /net/tscratch/people/plgspyra/BeyondBackpropagation/wandb/run-20250508_031750-v21d8ynv
wandb: Run `wandb offline` to turn off syncing.
wandb: Syncing run cafodfa_mnist_cnn_3block
wandb: â­ï¸ View project at https://wandb.ai/przspyra11/BeyondBackpropagation
wandb: ðŸš€ View run at https://wandb.ai/przspyra11/BeyondBackpropagation/runs/v21d8ynv
[codecarbon INFO @ 03:17:50] offline tracker init
[codecarbon INFO @ 03:17:50] [setup] RAM Tracking...
[codecarbon INFO @ 03:17:50] [setup] CPU Tracking...
 Linux OS detected: Please ensure RAPL files exist at /sys/class/powercap/intel-rapl/subsystem to measure CPU

[codecarbon INFO @ 03:17:51] CPU Model on constant consumption mode: AMD EPYC 7742 64-Core Processor
[codecarbon INFO @ 03:17:51] [setup] GPU Tracking...
[codecarbon INFO @ 03:17:51] Tracking Nvidia GPU via pynvml
[codecarbon INFO @ 03:17:51] The below tracking methods have been set up:
                RAM Tracking Method: RAM power estimation model
                CPU Tracking Method: cpu_load
                GPU Tracking Method: pynvml
            
[codecarbon INFO @ 03:17:51] >>> Tracker's metadata:
[codecarbon INFO @ 03:17:51]   Platform system: Linux-5.14.0-503.26.1.el9_5.x86_64-x86_64-with-glibc2.34
[codecarbon INFO @ 03:17:51]   Python version: 3.10.4
[codecarbon INFO @ 03:17:51]   CodeCarbon version: 3.0.1
[codecarbon INFO @ 03:17:51]   Available RAM : 125.000 GB
[codecarbon INFO @ 03:17:51]   CPU count: 16 thread(s) in 2 physical CPU(s)
[codecarbon INFO @ 03:17:51]   CPU model: AMD EPYC 7742 64-Core Processor
[codecarbon INFO @ 03:17:51]   GPU count: 1
[codecarbon INFO @ 03:17:51]   GPU model: 1 x NVIDIA A100-SXM4-40GB BUT only tracking these GPU ids : [0]
[codecarbon INFO @ 03:17:51] Emissions data (if any) will be saved to file /net/tscratch/people/plgspyra/BeyondBackpropagation/results/carbon/cafodfa_mnist_cnn_3block_carbon.csv

DFA Block Epoch 1/5:   0%|          | 0/390 [00:00<?, ?it/s]
DFA Block Epoch 1/5:   0%|          | 1/390 [00:00<01:02,  6.27it/s]
DFA Block Epoch 1/5:   6%|â–Œ         | 23/390 [00:00<00:03, 105.40it/s]
DFA Block Epoch 1/5:  12%|â–ˆâ–        | 45/390 [00:00<00:02, 150.04it/s]
DFA Block Epoch 1/5:  17%|â–ˆâ–‹        | 67/390 [00:00<00:01, 174.35it/s]
DFA Block Epoch 1/5:  23%|â–ˆâ–ˆâ–Ž       | 89/390 [00:00<00:01, 188.09it/s]
DFA Block Epoch 1/5:  28%|â–ˆâ–ˆâ–Š       | 110/390 [00:00<00:01, 194.99it/s]
DFA Block Epoch 1/5:  34%|â–ˆâ–ˆâ–ˆâ–Ž      | 131/390 [00:00<00:01, 199.66it/s]
DFA Block Epoch 1/5:  39%|â–ˆâ–ˆâ–ˆâ–‰      | 152/390 [00:00<00:01, 202.19it/s]
DFA Block Epoch 1/5:  44%|â–ˆâ–ˆâ–ˆâ–ˆâ–     | 173/390 [00:00<00:01, 202.45it/s]
DFA Block Epoch 1/5:  50%|â–ˆâ–ˆâ–ˆâ–ˆâ–‰     | 194/390 [00:01<00:00, 204.46it/s]
DFA Block Epoch 1/5:  55%|â–ˆâ–ˆâ–ˆâ–ˆâ–ˆâ–Œ    | 215/390 [00:01<00:00, 205.24it/s]
DFA Block Epoch 1/5:  61%|â–ˆâ–ˆâ–ˆâ–ˆâ–ˆâ–ˆ    | 236/390 [00:01<00:00, 205.95it/s]
DFA Block Epoch 1/5:  66%|â–ˆâ–ˆâ–ˆâ–ˆâ–ˆâ–ˆâ–Œ   | 257/390 [00:01<00:00, 206.12it/s]
DFA Block Epoch 1/5:  71%|â–ˆâ–ˆâ–ˆâ–ˆâ–ˆâ–ˆâ–ˆâ–  | 278/390 [00:01<00:00, 205.83it/s]
DFA Block Epoch 1/5:  77%|â–ˆâ–ˆâ–ˆâ–ˆâ–ˆâ–ˆâ–ˆâ–‹  | 299/390 [00:01<00:00, 206.10it/s]
DFA Block Epoch 1/5:  82%|â–ˆâ–ˆâ–ˆâ–ˆâ–ˆâ–ˆâ–ˆâ–ˆâ– | 320/390 [00:01<00:00, 206.54it/s]
DFA Block Epoch 1/5:  87%|â–ˆâ–ˆâ–ˆâ–ˆâ–ˆâ–ˆâ–ˆâ–ˆâ–‹ | 341/390 [00:01<00:00, 206.95it/s]
DFA Block Epoch 1/5:  93%|â–ˆâ–ˆâ–ˆâ–ˆâ–ˆâ–ˆâ–ˆâ–ˆâ–ˆâ–Ž| 362/390 [00:01<00:00, 206.30it/s]
DFA Block Epoch 1/5:  98%|â–ˆâ–ˆâ–ˆâ–ˆâ–ˆâ–ˆâ–ˆâ–ˆâ–ˆâ–Š| 383/390 [00:02<00:00, 198.09it/s]
DFA Block Epoch 1/5:  98%|â–ˆâ–ˆâ–ˆâ–ˆâ–ˆâ–ˆâ–ˆâ–ˆâ–ˆâ–Š| 383/390 [00:02<00:00, 198.09it/s, acc=98.44%, loss=0.0699]
                                                                                                

DFA Block Epoch 2/5:   0%|          | 0/390 [00:00<?, ?it/s]
DFA Block Epoch 2/5:   4%|â–         | 16/390 [00:00<00:02, 158.12it/s]
DFA Block Epoch 2/5:   9%|â–‰         | 37/390 [00:00<00:01, 186.06it/s]
DFA Block Epoch 2/5:  15%|â–ˆâ–Œ        | 59/390 [00:00<00:01, 198.19it/s]
DFA Block Epoch 2/5:  21%|â–ˆâ–ˆ        | 80/390 [00:00<00:01, 199.43it/s]
DFA Block Epoch 2/5:  26%|â–ˆâ–ˆâ–Œ       | 101/390 [00:00<00:01, 202.65it/s]
DFA Block Epoch 2/5:  31%|â–ˆâ–ˆâ–ˆâ–      | 122/390 [00:00<00:01, 202.45it/s]
DFA Block Epoch 2/5:  37%|â–ˆâ–ˆâ–ˆâ–‹      | 144/390 [00:00<00:01, 207.95it/s]
DFA Block Epoch 2/5:  42%|â–ˆâ–ˆâ–ˆâ–ˆâ–     | 165/390 [00:00<00:01, 206.33it/s]
DFA Block Epoch 2/5:  48%|â–ˆâ–ˆâ–ˆâ–ˆâ–Š     | 187/390 [00:00<00:00, 209.38it/s]
DFA Block Epoch 2/5:  54%|â–ˆâ–ˆâ–ˆâ–ˆâ–ˆâ–Ž    | 209/390 [00:01<00:00, 208.56it/s]
DFA Block Epoch 2/5:  59%|â–ˆâ–ˆâ–ˆâ–ˆâ–ˆâ–‰    | 230/390 [00:01<00:00, 207.80it/s]
DFA Block Epoch 2/5:  65%|â–ˆâ–ˆâ–ˆâ–ˆâ–ˆâ–ˆâ–   | 252/390 [00:01<00:00, 210.22it/s]
DFA Block Epoch 2/5:  70%|â–ˆâ–ˆâ–ˆâ–ˆâ–ˆâ–ˆâ–ˆ   | 274/390 [00:01<00:00, 207.58it/s]
DFA Block Epoch 2/5:  76%|â–ˆâ–ˆâ–ˆâ–ˆâ–ˆâ–ˆâ–ˆâ–Œ  | 296/390 [00:01<00:00, 208.65it/s]
DFA Block Epoch 2/5:  81%|â–ˆâ–ˆâ–ˆâ–ˆâ–ˆâ–ˆâ–ˆâ–ˆâ– | 317/390 [00:01<00:00, 206.61it/s]
DFA Block Epoch 2/5:  87%|â–ˆâ–ˆâ–ˆâ–ˆâ–ˆâ–ˆâ–ˆâ–ˆâ–‹ | 339/390 [00:01<00:00, 208.80it/s]
DFA Block Epoch 2/5:  92%|â–ˆâ–ˆâ–ˆâ–ˆâ–ˆâ–ˆâ–ˆâ–ˆâ–ˆâ–| 360/390 [00:01<00:00, 208.42it/s]
DFA Block Epoch 2/5:  98%|â–ˆâ–ˆâ–ˆâ–ˆâ–ˆâ–ˆâ–ˆâ–ˆâ–ˆâ–Š| 382/390 [00:01<00:00, 209.31it/s]
DFA Block Epoch 2/5:  98%|â–ˆâ–ˆâ–ˆâ–ˆâ–ˆâ–ˆâ–ˆâ–ˆâ–ˆâ–Š| 382/390 [00:01<00:00, 209.31it/s, acc=100.00%, loss=0.0167]
                                                                                                 

DFA Block Epoch 3/5:   0%|          | 0/390 [00:00<?, ?it/s]
DFA Block Epoch 3/5:   4%|â–         | 16/390 [00:00<00:02, 152.49it/s]
DFA Block Epoch 3/5:   9%|â–‰         | 37/390 [00:00<00:01, 185.14it/s]
DFA Block Epoch 3/5:  15%|â–ˆâ–        | 58/390 [00:00<00:01, 195.45it/s]
DFA Block Epoch 3/5:  21%|â–ˆâ–ˆ        | 80/390 [00:00<00:01, 203.05it/s]
DFA Block Epoch 3/5:  26%|â–ˆâ–ˆâ–Œ       | 101/390 [00:00<00:01, 203.28it/s]
DFA Block Epoch 3/5:  31%|â–ˆâ–ˆâ–ˆâ–      | 122/390 [00:00<00:01, 205.42it/s]
DFA Block Epoch 3/5:  37%|â–ˆâ–ˆâ–ˆâ–‹      | 143/390 [00:00<00:01, 205.76it/s]
DFA Block Epoch 3/5:  42%|â–ˆâ–ˆâ–ˆâ–ˆâ–     | 164/390 [00:00<00:01, 206.29it/s]
DFA Block Epoch 3/5:  47%|â–ˆâ–ˆâ–ˆâ–ˆâ–‹     | 185/390 [00:00<00:00, 206.97it/s]
DFA Block Epoch 3/5:  53%|â–ˆâ–ˆâ–ˆâ–ˆâ–ˆâ–Ž    | 207/390 [00:01<00:00, 208.82it/s]
DFA Block Epoch 3/5:  58%|â–ˆâ–ˆâ–ˆâ–ˆâ–ˆâ–Š    | 228/390 [00:01<00:00, 208.40it/s]
DFA Block Epoch 3/5:  64%|â–ˆâ–ˆâ–ˆâ–ˆâ–ˆâ–ˆâ–   | 249/390 [00:01<00:00, 206.91it/s]
DFA Block Epoch 3/5:  69%|â–ˆâ–ˆâ–ˆâ–ˆâ–ˆâ–ˆâ–‰   | 271/390 [00:01<00:00, 208.52it/s]
DFA Block Epoch 3/5:  75%|â–ˆâ–ˆâ–ˆâ–ˆâ–ˆâ–ˆâ–ˆâ–  | 292/390 [00:01<00:00, 206.77it/s]
DFA Block Epoch 3/5:  80%|â–ˆâ–ˆâ–ˆâ–ˆâ–ˆâ–ˆâ–ˆâ–ˆ  | 313/390 [00:01<00:00, 207.04it/s]
DFA Block Epoch 3/5:  86%|â–ˆâ–ˆâ–ˆâ–ˆâ–ˆâ–ˆâ–ˆâ–ˆâ–Œ | 334/390 [00:01<00:00, 207.18it/s]
DFA Block Epoch 3/5:  91%|â–ˆâ–ˆâ–ˆâ–ˆâ–ˆâ–ˆâ–ˆâ–ˆâ–ˆ | 355/390 [00:01<00:00, 206.92it/s]
DFA Block Epoch 3/5:  96%|â–ˆâ–ˆâ–ˆâ–ˆâ–ˆâ–ˆâ–ˆâ–ˆâ–ˆâ–‹| 376/390 [00:01<00:00, 206.17it/s]
DFA Block Epoch 3/5:  96%|â–ˆâ–ˆâ–ˆâ–ˆâ–ˆâ–ˆâ–ˆâ–ˆâ–ˆâ–‹| 376/390 [00:01<00:00, 206.17it/s, acc=100.00%, loss=0.0109]
                                                                                                 

DFA Block Epoch 4/5:   0%|          | 0/390 [00:00<?, ?it/s]
DFA Block Epoch 4/5:   4%|â–         | 17/390 [00:00<00:02, 165.20it/s]
DFA Block Epoch 4/5:  10%|â–‰         | 38/390 [00:00<00:01, 189.10it/s]
DFA Block Epoch 4/5:  15%|â–ˆâ–Œ        | 59/390 [00:00<00:01, 198.21it/s]
DFA Block Epoch 4/5:  21%|â–ˆâ–ˆ        | 80/390 [00:00<00:01, 201.28it/s]
DFA Block Epoch 4/5:  26%|â–ˆâ–ˆâ–Œ       | 101/390 [00:00<00:01, 201.63it/s]
DFA Block Epoch 4/5:  32%|â–ˆâ–ˆâ–ˆâ–      | 123/390 [00:00<00:01, 205.10it/s]
DFA Block Epoch 4/5:  37%|â–ˆâ–ˆâ–ˆâ–‹      | 144/390 [00:00<00:01, 206.15it/s]
DFA Block Epoch 4/5:  43%|â–ˆâ–ˆâ–ˆâ–ˆâ–Ž     | 166/390 [00:00<00:01, 207.19it/s]
DFA Block Epoch 4/5:  48%|â–ˆâ–ˆâ–ˆâ–ˆâ–Š     | 187/390 [00:00<00:00, 206.79it/s]
DFA Block Epoch 4/5:  54%|â–ˆâ–ˆâ–ˆâ–ˆâ–ˆâ–Ž    | 209/390 [00:01<00:00, 208.74it/s]
DFA Block Epoch 4/5:  59%|â–ˆâ–ˆâ–ˆâ–ˆâ–ˆâ–‰    | 230/390 [00:01<00:00, 205.95it/s]
DFA Block Epoch 4/5:  64%|â–ˆâ–ˆâ–ˆâ–ˆâ–ˆâ–ˆâ–   | 251/390 [00:01<00:00, 206.78it/s]
DFA Block Epoch 4/5:  70%|â–ˆâ–ˆâ–ˆâ–ˆâ–ˆâ–ˆâ–‰   | 272/390 [00:01<00:00, 207.14it/s]
DFA Block Epoch 4/5:  75%|â–ˆâ–ˆâ–ˆâ–ˆâ–ˆâ–ˆâ–ˆâ–Œ  | 294/390 [00:01<00:00, 209.32it/s]
DFA Block Epoch 4/5:  81%|â–ˆâ–ˆâ–ˆâ–ˆâ–ˆâ–ˆâ–ˆâ–ˆ  | 315/390 [00:01<00:00, 206.22it/s]
DFA Block Epoch 4/5:  86%|â–ˆâ–ˆâ–ˆâ–ˆâ–ˆâ–ˆâ–ˆâ–ˆâ–‹ | 337/390 [00:01<00:00, 208.11it/s]
DFA Block Epoch 4/5:  92%|â–ˆâ–ˆâ–ˆâ–ˆâ–ˆâ–ˆâ–ˆâ–ˆâ–ˆâ–| 359/390 [00:01<00:00, 208.45it/s]
DFA Block Epoch 4/5:  98%|â–ˆâ–ˆâ–ˆâ–ˆâ–ˆâ–ˆâ–ˆâ–ˆâ–ˆâ–Š| 381/390 [00:01<00:00, 209.29it/s]
DFA Block Epoch 4/5:  98%|â–ˆâ–ˆâ–ˆâ–ˆâ–ˆâ–ˆâ–ˆâ–ˆâ–ˆâ–Š| 381/390 [00:01<00:00, 209.29it/s, acc=100.00%, loss=0.0048]
                                                                                                 

DFA Block Epoch 5/5:   0%|          | 0/390 [00:00<?, ?it/s]
DFA Block Epoch 5/5:   4%|â–         | 15/390 [00:00<00:02, 149.45it/s]
DFA Block Epoch 5/5:   9%|â–‰         | 35/390 [00:00<00:02, 177.38it/s]
DFA Block Epoch 5/5:  14%|â–ˆâ–        | 55/390 [00:00<00:01, 186.75it/s]
DFA Block Epoch 5/5:  19%|â–ˆâ–‰        | 75/390 [00:00<00:01, 189.55it/s]
DFA Block Epoch 5/5:  24%|â–ˆâ–ˆâ–       | 95/390 [00:00<00:01, 191.24it/s]
DFA Block Epoch 5/5:  29%|â–ˆâ–ˆâ–‰       | 115/390 [00:00<00:01, 192.55it/s]
DFA Block Epoch 5/5:  35%|â–ˆâ–ˆâ–ˆâ–      | 135/390 [00:00<00:01, 193.70it/s]
DFA Block Epoch 5/5:  40%|â–ˆâ–ˆâ–ˆâ–‰      | 155/390 [00:00<00:01, 193.90it/s]
DFA Block Epoch 5/5:  45%|â–ˆâ–ˆâ–ˆâ–ˆâ–     | 175/390 [00:00<00:01, 194.76it/s]
DFA Block Epoch 5/5:  50%|â–ˆâ–ˆâ–ˆâ–ˆâ–ˆ     | 195/390 [00:01<00:01, 194.55it/s]
DFA Block Epoch 5/5:  55%|â–ˆâ–ˆâ–ˆâ–ˆâ–ˆâ–Œ    | 215/390 [00:01<00:00, 195.16it/s]
DFA Block Epoch 5/5:  60%|â–ˆâ–ˆâ–ˆâ–ˆâ–ˆâ–ˆ    | 235/390 [00:01<00:00, 194.83it/s]
DFA Block Epoch 5/5:  65%|â–ˆâ–ˆâ–ˆâ–ˆâ–ˆâ–ˆâ–Œ   | 255/390 [00:01<00:00, 195.07it/s]
DFA Block Epoch 5/5:  71%|â–ˆâ–ˆâ–ˆâ–ˆâ–ˆâ–ˆâ–ˆ   | 276/390 [00:01<00:00, 198.21it/s]
DFA Block Epoch 5/5:  77%|â–ˆâ–ˆâ–ˆâ–ˆâ–ˆâ–ˆâ–ˆâ–‹  | 299/390 [00:01<00:00, 206.47it/s]
DFA Block Epoch 5/5:  83%|â–ˆâ–ˆâ–ˆâ–ˆâ–ˆâ–ˆâ–ˆâ–ˆâ–Ž | 322/390 [00:01<00:00, 211.19it/s]
DFA Block Epoch 5/5:  88%|â–ˆâ–ˆâ–ˆâ–ˆâ–ˆâ–ˆâ–ˆâ–ˆâ–Š | 344/390 [00:01<00:00, 209.64it/s]
DFA Block Epoch 5/5:  94%|â–ˆâ–ˆâ–ˆâ–ˆâ–ˆâ–ˆâ–ˆâ–ˆâ–ˆâ–Ž| 365/390 [00:01<00:00, 209.53it/s]
DFA Block Epoch 5/5:  99%|â–ˆâ–ˆâ–ˆâ–ˆâ–ˆâ–ˆâ–ˆâ–ˆâ–ˆâ–‰| 386/390 [00:01<00:00, 200.31it/s]
DFA Block Epoch 5/5:  99%|â–ˆâ–ˆâ–ˆâ–ˆâ–ˆâ–ˆâ–ˆâ–ˆâ–ˆâ–‰| 386/390 [00:01<00:00, 200.31it/s, acc=100.00%, loss=0.0010]
                                                                                                 

Predictor_1 Epoch 1/12:   0%|          | 0/390 [00:00<?, ?it/s]
Predictor_1 Epoch 1/12:   4%|â–         | 17/390 [00:00<00:02, 161.43it/s]
Predictor_1 Epoch 1/12:  10%|â–ˆ         | 39/390 [00:00<00:01, 192.60it/s]
Predictor_1 Epoch 1/12:  16%|â–ˆâ–Œ        | 61/390 [00:00<00:01, 196.86it/s]
Predictor_1 Epoch 1/12:  21%|â–ˆâ–ˆâ–       | 83/390 [00:00<00:01, 203.38it/s]
Predictor_1 Epoch 1/12:  27%|â–ˆâ–ˆâ–‹       | 105/390 [00:00<00:01, 202.57it/s]
Predictor_1 Epoch 1/12:  33%|â–ˆâ–ˆâ–ˆâ–Ž      | 127/390 [00:00<00:01, 205.46it/s]
Predictor_1 Epoch 1/12:  38%|â–ˆâ–ˆâ–ˆâ–Š      | 149/390 [00:00<00:01, 205.11it/s]
Predictor_1 Epoch 1/12:  44%|â–ˆâ–ˆâ–ˆâ–ˆâ–     | 171/390 [00:00<00:01, 205.91it/s]
Predictor_1 Epoch 1/12:  49%|â–ˆâ–ˆâ–ˆâ–ˆâ–‰     | 193/390 [00:00<00:00, 206.52it/s]
Predictor_1 Epoch 1/12:  55%|â–ˆâ–ˆâ–ˆâ–ˆâ–ˆâ–Œ    | 215/390 [00:01<00:00, 206.12it/s]
Predictor_1 Epoch 1/12:  61%|â–ˆâ–ˆâ–ˆâ–ˆâ–ˆâ–ˆ    | 237/390 [00:01<00:00, 207.21it/s]
Predictor_1 Epoch 1/12:  66%|â–ˆâ–ˆâ–ˆâ–ˆâ–ˆâ–ˆâ–‹   | 259/390 [00:01<00:00, 206.32it/s]
Predictor_1 Epoch 1/12:  72%|â–ˆâ–ˆâ–ˆâ–ˆâ–ˆâ–ˆâ–ˆâ–  | 281/390 [00:01<00:00, 207.62it/s]
Predictor_1 Epoch 1/12:  78%|â–ˆâ–ˆâ–ˆâ–ˆâ–ˆâ–ˆâ–ˆâ–Š  | 303/390 [00:01<00:00, 206.48it/s]
Predictor_1 Epoch 1/12:  83%|â–ˆâ–ˆâ–ˆâ–ˆâ–ˆâ–ˆâ–ˆâ–ˆâ–Ž | 325/390 [00:01<00:00, 208.01it/s]
Predictor_1 Epoch 1/12:  89%|â–ˆâ–ˆâ–ˆâ–ˆâ–ˆâ–ˆâ–ˆâ–ˆâ–‰ | 347/390 [00:01<00:00, 206.43it/s]
Predictor_1 Epoch 1/12:  95%|â–ˆâ–ˆâ–ˆâ–ˆâ–ˆâ–ˆâ–ˆâ–ˆâ–ˆâ–| 369/390 [00:01<00:00, 207.81it/s]
Predictor_1 Epoch 1/12:  95%|â–ˆâ–ˆâ–ˆâ–ˆâ–ˆâ–ˆâ–ˆâ–ˆâ–ˆâ–| 369/390 [00:01<00:00, 207.81it/s, acc=92.97%, loss=0.2213]
Predictor_1 Epoch 1/12: 100%|â–ˆâ–ˆâ–ˆâ–ˆâ–ˆâ–ˆâ–ˆâ–ˆâ–ˆâ–ˆ| 390/390 [00:01<00:00, 207.29it/s, acc=92.97%, loss=0.2213]
                                                                                                   

Predictor_1 Epoch 2/12:   0%|          | 0/390 [00:00<?, ?it/s]
Predictor_1 Epoch 2/12:   4%|â–         | 17/390 [00:00<00:02, 147.56it/s]
Predictor_1 Epoch 2/12:  10%|â–ˆ         | 40/390 [00:00<00:01, 193.19it/s]
Predictor_1 Epoch 2/12:  16%|â–ˆâ–Œ        | 61/390 [00:00<00:01, 191.10it/s]
Predictor_1 Epoch 2/12:  21%|â–ˆâ–ˆâ–       | 83/390 [00:00<00:01, 201.36it/s]
Predictor_1 Epoch 2/12:  27%|â–ˆâ–ˆâ–‹       | 105/390 [00:00<00:01, 200.39it/s]
Predictor_1 Epoch 2/12:  32%|â–ˆâ–ˆâ–ˆâ–      | 126/390 [00:00<00:01, 203.32it/s]
Predictor_1 Epoch 2/12:  38%|â–ˆâ–ˆâ–ˆâ–Š      | 147/390 [00:00<00:01, 204.87it/s]
Predictor_1 Epoch 2/12:  43%|â–ˆâ–ˆâ–ˆâ–ˆâ–Ž     | 169/390 [00:00<00:01, 205.45it/s]
Predictor_1 Epoch 2/12:  49%|â–ˆâ–ˆâ–ˆâ–ˆâ–Š     | 190/390 [00:00<00:00, 205.38it/s]
Predictor_1 Epoch 2/12:  54%|â–ˆâ–ˆâ–ˆâ–ˆâ–ˆâ–    | 211/390 [00:01<00:00, 205.97it/s]
Predictor_1 Epoch 2/12:  60%|â–ˆâ–ˆâ–ˆâ–ˆâ–ˆâ–‰    | 233/390 [00:01<00:00, 208.33it/s]
Predictor_1 Epoch 2/12:  65%|â–ˆâ–ˆâ–ˆâ–ˆâ–ˆâ–ˆâ–Œ   | 254/390 [00:01<00:00, 205.65it/s]
Predictor_1 Epoch 2/12:  71%|â–ˆâ–ˆâ–ˆâ–ˆâ–ˆâ–ˆâ–ˆ   | 275/390 [00:01<00:00, 206.25it/s]
Predictor_1 Epoch 2/12:  76%|â–ˆâ–ˆâ–ˆâ–ˆâ–ˆâ–ˆâ–ˆâ–Œ  | 297/390 [00:01<00:00, 210.17it/s]
Predictor_1 Epoch 2/12:  82%|â–ˆâ–ˆâ–ˆâ–ˆâ–ˆâ–ˆâ–ˆâ–ˆâ– | 319/390 [00:01<00:00, 205.39it/s]
Predictor_1 Epoch 2/12:  87%|â–ˆâ–ˆâ–ˆâ–ˆâ–ˆâ–ˆâ–ˆâ–ˆâ–‹ | 341/390 [00:01<00:00, 209.19it/s]
Predictor_1 Epoch 2/12:  93%|â–ˆâ–ˆâ–ˆâ–ˆâ–ˆâ–ˆâ–ˆâ–ˆâ–ˆâ–Ž| 362/390 [00:01<00:00, 205.93it/s][codecarbon INFO @ 03:18:06] Energy consumed for RAM : 0.000164 kWh. RAM Power : 38.0 W

Predictor_1 Epoch 2/12:  98%|â–ˆâ–ˆâ–ˆâ–ˆâ–ˆâ–ˆâ–ˆâ–ˆâ–ˆâ–Š| 383/390 [00:01<00:00, 196.74it/s]
Predictor_1 Epoch 2/12:  98%|â–ˆâ–ˆâ–ˆâ–ˆâ–ˆâ–ˆâ–ˆâ–ˆâ–ˆâ–Š| 383/390 [00:01<00:00, 196.74it/s, acc=97.66%, loss=0.0760]
                                                                                                   

Predictor_1 Epoch 3/12:   0%|          | 0/390 [00:00<?, ?it/s][codecarbon INFO @ 03:18:07] Delta energy consumed for CPU with cpu_load : 0.000194 kWh, power : 45.0 W
[codecarbon INFO @ 03:18:07] Energy consumed for All CPU : 0.000194 kWh
[codecarbon INFO @ 03:18:07] Energy consumed for all GPUs : 0.000462 kWh. Total GPU Power : 103.89128380964395 W
[codecarbon INFO @ 03:18:07] 0.000820 kWh of electricity used since the beginning.

Predictor_1 Epoch 3/12:   4%|â–         | 17/390 [00:00<00:02, 147.63it/s]
Predictor_1 Epoch 3/12:  11%|â–ˆ         | 41/390 [00:00<00:01, 184.56it/s]
Predictor_1 Epoch 3/12:  16%|â–ˆâ–Œ        | 63/390 [00:00<00:01, 199.07it/s]
Predictor_1 Epoch 3/12:  22%|â–ˆâ–ˆâ–       | 85/390 [00:00<00:01, 200.20it/s]
Predictor_1 Epoch 3/12:  27%|â–ˆâ–ˆâ–‹       | 107/390 [00:00<00:01, 204.00it/s]
Predictor_1 Epoch 3/12:  33%|â–ˆâ–ˆâ–ˆâ–Ž      | 129/390 [00:00<00:01, 206.66it/s]
Predictor_1 Epoch 3/12:  39%|â–ˆâ–ˆâ–ˆâ–Š      | 151/390 [00:00<00:01, 204.84it/s]
Predictor_1 Epoch 3/12:  45%|â–ˆâ–ˆâ–ˆâ–ˆâ–     | 174/390 [00:00<00:01, 210.33it/s]
Predictor_1 Epoch 3/12:  50%|â–ˆâ–ˆâ–ˆâ–ˆâ–ˆ     | 196/390 [00:00<00:00, 207.72it/s]
Predictor_1 Epoch 3/12:  56%|â–ˆâ–ˆâ–ˆâ–ˆâ–ˆâ–Œ    | 219/390 [00:01<00:00, 206.05it/s]
Predictor_1 Epoch 3/12:  62%|â–ˆâ–ˆâ–ˆâ–ˆâ–ˆâ–ˆâ–   | 242/390 [00:01<00:00, 212.68it/s]
Predictor_1 Epoch 3/12:  68%|â–ˆâ–ˆâ–ˆâ–ˆâ–ˆâ–ˆâ–Š   | 264/390 [00:01<00:00, 207.85it/s]
Predictor_1 Epoch 3/12:  74%|â–ˆâ–ˆâ–ˆâ–ˆâ–ˆâ–ˆâ–ˆâ–Ž  | 287/390 [00:01<00:00, 206.37it/s]
Predictor_1 Epoch 3/12:  79%|â–ˆâ–ˆâ–ˆâ–ˆâ–ˆâ–ˆâ–ˆâ–‰  | 310/390 [00:01<00:00, 212.70it/s]
Predictor_1 Epoch 3/12:  85%|â–ˆâ–ˆâ–ˆâ–ˆâ–ˆâ–ˆâ–ˆâ–ˆâ–Œ | 332/390 [00:01<00:00, 207.50it/s]
Predictor_1 Epoch 3/12:  91%|â–ˆâ–ˆâ–ˆâ–ˆâ–ˆâ–ˆâ–ˆâ–ˆâ–ˆ | 355/390 [00:01<00:00, 206.33it/s]
Predictor_1 Epoch 3/12:  97%|â–ˆâ–ˆâ–ˆâ–ˆâ–ˆâ–ˆâ–ˆâ–ˆâ–ˆâ–‹| 378/390 [00:01<00:00, 212.84it/s]
Predictor_1 Epoch 3/12:  97%|â–ˆâ–ˆâ–ˆâ–ˆâ–ˆâ–ˆâ–ˆâ–ˆâ–ˆâ–‹| 378/390 [00:01<00:00, 212.84it/s, acc=94.53%, loss=0.1901]
                                                                                                   

Predictor_1 Epoch 4/12:   0%|          | 0/390 [00:00<?, ?it/s]
Predictor_1 Epoch 4/12:   4%|â–         | 17/390 [00:00<00:02, 157.52it/s]
Predictor_1 Epoch 4/12:  10%|â–ˆ         | 39/390 [00:00<00:01, 191.98it/s]
Predictor_1 Epoch 4/12:  16%|â–ˆâ–Œ        | 61/390 [00:00<00:01, 196.11it/s]
Predictor_1 Epoch 4/12:  22%|â–ˆâ–ˆâ–       | 84/390 [00:00<00:01, 208.41it/s]
Predictor_1 Epoch 4/12:  27%|â–ˆâ–ˆâ–‹       | 105/390 [00:00<00:01, 202.82it/s]
Predictor_1 Epoch 4/12:  33%|â–ˆâ–ˆâ–ˆâ–Ž      | 127/390 [00:00<00:01, 206.25it/s]
Predictor_1 Epoch 4/12:  38%|â–ˆâ–ˆâ–ˆâ–Š      | 149/390 [00:00<00:01, 206.44it/s]
Predictor_1 Epoch 4/12:  44%|â–ˆâ–ˆâ–ˆâ–ˆâ–     | 171/390 [00:00<00:01, 206.58it/s]
Predictor_1 Epoch 4/12:  49%|â–ˆâ–ˆâ–ˆâ–ˆâ–‰     | 193/390 [00:00<00:00, 208.50it/s]
Predictor_1 Epoch 4/12:  55%|â–ˆâ–ˆâ–ˆâ–ˆâ–ˆâ–Œ    | 215/390 [00:01<00:00, 206.58it/s]
Predictor_1 Epoch 4/12:  61%|â–ˆâ–ˆâ–ˆâ–ˆâ–ˆâ–ˆ    | 237/390 [00:01<00:00, 210.06it/s]
Predictor_1 Epoch 4/12:  66%|â–ˆâ–ˆâ–ˆâ–ˆâ–ˆâ–ˆâ–‹   | 259/390 [00:01<00:00, 205.18it/s]
Predictor_1 Epoch 4/12:  72%|â–ˆâ–ˆâ–ˆâ–ˆâ–ˆâ–ˆâ–ˆâ–  | 281/390 [00:01<00:00, 209.27it/s]
Predictor_1 Epoch 4/12:  78%|â–ˆâ–ˆâ–ˆâ–ˆâ–ˆâ–ˆâ–ˆâ–Š  | 303/390 [00:01<00:00, 204.02it/s]
Predictor_1 Epoch 4/12:  84%|â–ˆâ–ˆâ–ˆâ–ˆâ–ˆâ–ˆâ–ˆâ–ˆâ– | 327/390 [00:01<00:00, 206.00it/s]
Predictor_1 Epoch 4/12:  90%|â–ˆâ–ˆâ–ˆâ–ˆâ–ˆâ–ˆâ–ˆâ–ˆâ–‰ | 350/390 [00:01<00:00, 212.55it/s]
Predictor_1 Epoch 4/12:  95%|â–ˆâ–ˆâ–ˆâ–ˆâ–ˆâ–ˆâ–ˆâ–ˆâ–ˆâ–Œ| 372/390 [00:01<00:00, 206.90it/s]
Predictor_1 Epoch 4/12:  95%|â–ˆâ–ˆâ–ˆâ–ˆâ–ˆâ–ˆâ–ˆâ–ˆâ–ˆâ–Œ| 372/390 [00:01<00:00, 206.90it/s, acc=96.09%, loss=0.0822]
                                                                                                   

Predictor_1 Epoch 5/12:   0%|          | 0/390 [00:00<?, ?it/s]
Predictor_1 Epoch 5/12:   4%|â–         | 17/390 [00:00<00:02, 157.06it/s]
Predictor_1 Epoch 5/12:  10%|â–ˆ         | 39/390 [00:00<00:01, 191.59it/s]
Predictor_1 Epoch 5/12:  16%|â–ˆâ–Œ        | 61/390 [00:00<00:01, 194.00it/s]
Predictor_1 Epoch 5/12:  22%|â–ˆâ–ˆâ–       | 84/390 [00:00<00:01, 206.93it/s]
Predictor_1 Epoch 5/12:  27%|â–ˆâ–ˆâ–‹       | 105/390 [00:00<00:01, 200.87it/s]
Predictor_1 Epoch 5/12:  33%|â–ˆâ–ˆâ–ˆâ–Ž      | 128/390 [00:00<00:01, 210.30it/s]
Predictor_1 Epoch 5/12:  38%|â–ˆâ–ˆâ–ˆâ–Š      | 150/390 [00:00<00:01, 205.67it/s]
Predictor_1 Epoch 5/12:  44%|â–ˆâ–ˆâ–ˆâ–ˆâ–     | 173/390 [00:00<00:01, 204.73it/s]
Predictor_1 Epoch 5/12:  51%|â–ˆâ–ˆâ–ˆâ–ˆâ–ˆ     | 197/390 [00:00<00:00, 206.91it/s]
Predictor_1 Epoch 5/12:  56%|â–ˆâ–ˆâ–ˆâ–ˆâ–ˆâ–Œ    | 219/390 [00:01<00:00, 209.87it/s]
Predictor_1 Epoch 5/12:  62%|â–ˆâ–ˆâ–ˆâ–ˆâ–ˆâ–ˆâ–   | 241/390 [00:01<00:00, 207.67it/s]
Predictor_1 Epoch 5/12:  67%|â–ˆâ–ˆâ–ˆâ–ˆâ–ˆâ–ˆâ–‹   | 263/390 [00:01<00:00, 209.21it/s]
Predictor_1 Epoch 5/12:  73%|â–ˆâ–ˆâ–ˆâ–ˆâ–ˆâ–ˆâ–ˆâ–Ž  | 285/390 [00:01<00:00, 207.81it/s]
Predictor_1 Epoch 5/12:  79%|â–ˆâ–ˆâ–ˆâ–ˆâ–ˆâ–ˆâ–ˆâ–Š  | 307/390 [00:01<00:00, 208.26it/s]
Predictor_1 Epoch 5/12:  84%|â–ˆâ–ˆâ–ˆâ–ˆâ–ˆâ–ˆâ–ˆâ–ˆâ– | 329/390 [00:01<00:00, 209.28it/s]
Predictor_1 Epoch 5/12:  90%|â–ˆâ–ˆâ–ˆâ–ˆâ–ˆâ–ˆâ–ˆâ–ˆâ–ˆ | 351/390 [00:01<00:00, 206.02it/s]
Predictor_1 Epoch 5/12:  96%|â–ˆâ–ˆâ–ˆâ–ˆâ–ˆâ–ˆâ–ˆâ–ˆâ–ˆâ–Œ| 373/390 [00:01<00:00, 209.35it/s]
Predictor_1 Epoch 5/12:  96%|â–ˆâ–ˆâ–ˆâ–ˆâ–ˆâ–ˆâ–ˆâ–ˆâ–ˆâ–Œ| 373/390 [00:01<00:00, 209.35it/s, acc=98.44%, loss=0.0330]
                                                                                                   

Predictor_1 Epoch 6/12:   0%|          | 0/390 [00:00<?, ?it/s]
Predictor_1 Epoch 6/12:   4%|â–         | 17/390 [00:00<00:02, 158.08it/s]
Predictor_1 Epoch 6/12:  10%|â–ˆ         | 39/390 [00:00<00:01, 192.56it/s]
Predictor_1 Epoch 6/12:  16%|â–ˆâ–Œ        | 61/390 [00:00<00:01, 197.18it/s]
Predictor_1 Epoch 6/12:  21%|â–ˆâ–ˆâ–       | 83/390 [00:00<00:01, 205.67it/s]
Predictor_1 Epoch 6/12:  27%|â–ˆâ–ˆâ–‹       | 105/390 [00:00<00:01, 203.55it/s]
Predictor_1 Epoch 6/12:  33%|â–ˆâ–ˆâ–ˆâ–Ž      | 127/390 [00:00<00:01, 208.02it/s]
Predictor_1 Epoch 6/12:  38%|â–ˆâ–ˆâ–ˆâ–Š      | 149/390 [00:00<00:01, 205.58it/s]
Predictor_1 Epoch 6/12:  44%|â–ˆâ–ˆâ–ˆâ–ˆâ–     | 171/390 [00:00<00:01, 209.93it/s]
Predictor_1 Epoch 6/12:  49%|â–ˆâ–ˆâ–ˆâ–ˆâ–‰     | 193/390 [00:00<00:00, 205.66it/s]
Predictor_1 Epoch 6/12:  56%|â–ˆâ–ˆâ–ˆâ–ˆâ–ˆâ–Œ    | 217/390 [00:01<00:00, 206.73it/s]
Predictor_1 Epoch 6/12:  62%|â–ˆâ–ˆâ–ˆâ–ˆâ–ˆâ–ˆâ–   | 240/390 [00:01<00:00, 213.09it/s]
Predictor_1 Epoch 6/12:  67%|â–ˆâ–ˆâ–ˆâ–ˆâ–ˆâ–ˆâ–‹   | 262/390 [00:01<00:00, 207.40it/s]
Predictor_1 Epoch 6/12:  73%|â–ˆâ–ˆâ–ˆâ–ˆâ–ˆâ–ˆâ–ˆâ–Ž  | 285/390 [00:01<00:00, 205.69it/s]
Predictor_1 Epoch 6/12:  79%|â–ˆâ–ˆâ–ˆâ–ˆâ–ˆâ–ˆâ–ˆâ–‰  | 308/390 [00:01<00:00, 212.28it/s]
Predictor_1 Epoch 6/12:  85%|â–ˆâ–ˆâ–ˆâ–ˆâ–ˆâ–ˆâ–ˆâ–ˆâ– | 330/390 [00:01<00:00, 207.67it/s]
Predictor_1 Epoch 6/12:  91%|â–ˆâ–ˆâ–ˆâ–ˆâ–ˆâ–ˆâ–ˆâ–ˆâ–ˆ | 353/390 [00:01<00:00, 206.09it/s]
Predictor_1 Epoch 6/12:  97%|â–ˆâ–ˆâ–ˆâ–ˆâ–ˆâ–ˆâ–ˆâ–ˆâ–ˆâ–‹| 377/390 [00:01<00:00, 207.02it/s]
Predictor_1 Epoch 6/12:  97%|â–ˆâ–ˆâ–ˆâ–ˆâ–ˆâ–ˆâ–ˆâ–ˆâ–ˆâ–‹| 377/390 [00:01<00:00, 207.02it/s, acc=99.22%, loss=0.0436]
                                                                                                   

Predictor_1 Epoch 7/12:   0%|          | 0/390 [00:00<?, ?it/s]
Predictor_1 Epoch 7/12:   4%|â–         | 17/390 [00:00<00:02, 153.04it/s]
Predictor_1 Epoch 7/12:  11%|â–ˆ         | 41/390 [00:00<00:01, 186.29it/s]
Predictor_1 Epoch 7/12:  17%|â–ˆâ–‹        | 65/390 [00:00<00:01, 197.23it/s]
Predictor_1 Epoch 7/12:  23%|â–ˆâ–ˆâ–Ž       | 89/390 [00:00<00:01, 202.37it/s]
Predictor_1 Epoch 7/12:  29%|â–ˆâ–ˆâ–‰       | 113/390 [00:00<00:01, 205.06it/s]
Predictor_1 Epoch 7/12:  35%|â–ˆâ–ˆâ–ˆâ–Œ      | 137/390 [00:00<00:01, 206.66it/s]
Predictor_1 Epoch 7/12:  41%|â–ˆâ–ˆâ–ˆâ–ˆâ–     | 161/390 [00:00<00:01, 207.79it/s]
Predictor_1 Epoch 7/12:  47%|â–ˆâ–ˆâ–ˆâ–ˆâ–‹     | 185/390 [00:00<00:00, 208.63it/s]
Predictor_1 Epoch 7/12:  54%|â–ˆâ–ˆâ–ˆâ–ˆâ–ˆâ–Ž    | 209/390 [00:01<00:00, 208.82it/s]
Predictor_1 Epoch 7/12:  60%|â–ˆâ–ˆâ–ˆâ–ˆâ–ˆâ–‰    | 233/390 [00:01<00:00, 209.54it/s]
Predictor_1 Epoch 7/12:  66%|â–ˆâ–ˆâ–ˆâ–ˆâ–ˆâ–ˆâ–Œ   | 257/390 [00:01<00:00, 209.94it/s]
Predictor_1 Epoch 7/12:  72%|â–ˆâ–ˆâ–ˆâ–ˆâ–ˆâ–ˆâ–ˆâ–  | 280/390 [00:01<00:00, 215.41it/s]
Predictor_1 Epoch 7/12:  77%|â–ˆâ–ˆâ–ˆâ–ˆâ–ˆâ–ˆâ–ˆâ–‹  | 302/390 [00:01<00:00, 210.18it/s]
Predictor_1 Epoch 7/12:  83%|â–ˆâ–ˆâ–ˆâ–ˆâ–ˆâ–ˆâ–ˆâ–ˆâ–Ž | 325/390 [00:01<00:00, 208.15it/s]
Predictor_1 Epoch 7/12:  89%|â–ˆâ–ˆâ–ˆâ–ˆâ–ˆâ–ˆâ–ˆâ–ˆâ–‰ | 349/390 [00:01<00:00, 209.05it/s]
Predictor_1 Epoch 7/12:  96%|â–ˆâ–ˆâ–ˆâ–ˆâ–ˆâ–ˆâ–ˆâ–ˆâ–ˆâ–Œ| 373/390 [00:01<00:00, 209.48it/s]
Predictor_1 Epoch 7/12:  96%|â–ˆâ–ˆâ–ˆâ–ˆâ–ˆâ–ˆâ–ˆâ–ˆâ–ˆâ–Œ| 373/390 [00:01<00:00, 209.48it/s, acc=98.44%, loss=0.0437]
                                                                                                   

Predictor_1 Epoch 8/12:   0%|          | 0/390 [00:00<?, ?it/s]
Predictor_1 Epoch 8/12:   4%|â–         | 17/390 [00:00<00:02, 157.42it/s]
Predictor_1 Epoch 8/12:  10%|â–ˆ         | 40/390 [00:00<00:01, 198.06it/s]
Predictor_1 Epoch 8/12:  16%|â–ˆâ–Œ        | 61/390 [00:00<00:01, 195.06it/s]
Predictor_1 Epoch 8/12:  22%|â–ˆâ–ˆâ–       | 85/390 [00:00<00:01, 200.95it/s]
Predictor_1 Epoch 8/12:  28%|â–ˆâ–ˆâ–Š       | 109/390 [00:00<00:01, 204.24it/s]
Predictor_1 Epoch 8/12:  34%|â–ˆâ–ˆâ–ˆâ–      | 133/390 [00:00<00:01, 206.47it/s]
Predictor_1 Epoch 8/12:  40%|â–ˆâ–ˆâ–ˆâ–ˆ      | 157/390 [00:00<00:01, 207.20it/s]
Predictor_1 Epoch 8/12:  46%|â–ˆâ–ˆâ–ˆâ–ˆâ–‹     | 181/390 [00:00<00:01, 208.00it/s]
Predictor_1 Epoch 8/12:  53%|â–ˆâ–ˆâ–ˆâ–ˆâ–ˆâ–Ž    | 205/390 [00:01<00:00, 208.45it/s]
Predictor_1 Epoch 8/12:  58%|â–ˆâ–ˆâ–ˆâ–ˆâ–ˆâ–Š    | 228/390 [00:01<00:00, 214.51it/s]
Predictor_1 Epoch 8/12:  64%|â–ˆâ–ˆâ–ˆâ–ˆâ–ˆâ–ˆâ–   | 250/390 [00:01<00:00, 208.86it/s]
Predictor_1 Epoch 8/12:  70%|â–ˆâ–ˆâ–ˆâ–ˆâ–ˆâ–ˆâ–ˆ   | 273/390 [00:01<00:00, 207.52it/s]
Predictor_1 Epoch 8/12:  76%|â–ˆâ–ˆâ–ˆâ–ˆâ–ˆâ–ˆâ–ˆâ–Œ  | 296/390 [00:01<00:00, 213.79it/s]
Predictor_1 Epoch 8/12:  82%|â–ˆâ–ˆâ–ˆâ–ˆâ–ˆâ–ˆâ–ˆâ–ˆâ– | 318/390 [00:01<00:00, 208.20it/s]
Predictor_1 Epoch 8/12:  87%|â–ˆâ–ˆâ–ˆâ–ˆâ–ˆâ–ˆâ–ˆâ–ˆâ–‹ | 341/390 [00:01<00:00, 207.87it/s]
Predictor_1 Epoch 8/12:  93%|â–ˆâ–ˆâ–ˆâ–ˆâ–ˆâ–ˆâ–ˆâ–ˆâ–ˆâ–Ž| 364/390 [00:01<00:00, 213.44it/s]
Predictor_1 Epoch 8/12:  99%|â–ˆâ–ˆâ–ˆâ–ˆâ–ˆâ–ˆâ–ˆâ–ˆâ–ˆâ–‰| 386/390 [00:01<00:00, 203.53it/s]
Predictor_1 Epoch 8/12:  99%|â–ˆâ–ˆâ–ˆâ–ˆâ–ˆâ–ˆâ–ˆâ–ˆâ–ˆâ–‰| 386/390 [00:01<00:00, 203.53it/s, acc=97.66%, loss=0.0451]
                                                                                                   

Predictor_1 Epoch 9/12:   0%|          | 0/390 [00:00<?, ?it/s]
Predictor_1 Epoch 9/12:   4%|â–         | 17/390 [00:00<00:02, 151.58it/s]
Predictor_1 Epoch 9/12:  11%|â–ˆ         | 41/390 [00:00<00:01, 185.70it/s]
Predictor_1 Epoch 9/12:  17%|â–ˆâ–‹        | 65/390 [00:00<00:01, 197.32it/s]
Predictor_1 Epoch 9/12:  23%|â–ˆâ–ˆâ–Ž       | 88/390 [00:00<00:01, 209.10it/s]
Predictor_1 Epoch 9/12:  28%|â–ˆâ–ˆâ–Š       | 109/390 [00:00<00:01, 202.58it/s]
Predictor_1 Epoch 9/12:  34%|â–ˆâ–ˆâ–ˆâ–      | 132/390 [00:00<00:01, 210.71it/s]
Predictor_1 Epoch 9/12:  39%|â–ˆâ–ˆâ–ˆâ–‰      | 154/390 [00:00<00:01, 207.13it/s]
Predictor_1 Epoch 9/12:  45%|â–ˆâ–ˆâ–ˆâ–ˆâ–Œ     | 176/390 [00:00<00:01, 210.25it/s][codecarbon INFO @ 03:18:21] Energy consumed for RAM : 0.000317 kWh. RAM Power : 38.0 W

Predictor_1 Epoch 9/12:  51%|â–ˆâ–ˆâ–ˆâ–ˆâ–ˆ     | 198/390 [00:00<00:00, 207.51it/s]
Predictor_1 Epoch 9/12:  56%|â–ˆâ–ˆâ–ˆâ–ˆâ–ˆâ–Œ    | 219/390 [00:01<00:00, 207.83it/s]
Predictor_1 Epoch 9/12:  62%|â–ˆâ–ˆâ–ˆâ–ˆâ–ˆâ–ˆâ–   | 241/390 [00:01<00:00, 206.58it/s]
Predictor_1 Epoch 9/12:  67%|â–ˆâ–ˆâ–ˆâ–ˆâ–ˆâ–ˆâ–‹   | 263/390 [00:01<00:00, 208.60it/s]
Predictor_1 Epoch 9/12:  73%|â–ˆâ–ˆâ–ˆâ–ˆâ–ˆâ–ˆâ–ˆâ–Ž  | 285/390 [00:01<00:00, 207.57it/s][codecarbon INFO @ 03:18:22] Delta energy consumed for CPU with cpu_load : 0.000181 kWh, power : 45.0 W
[codecarbon INFO @ 03:18:22] Energy consumed for All CPU : 0.000375 kWh
[codecarbon INFO @ 03:18:22] Energy consumed for all GPUs : 0.000709 kWh. Total GPU Power : 59.32388581101285 W
[codecarbon INFO @ 03:18:22] 0.001401 kWh of electricity used since the beginning.

Predictor_1 Epoch 9/12:  79%|â–ˆâ–ˆâ–ˆâ–ˆâ–ˆâ–ˆâ–ˆâ–Š  | 307/390 [00:01<00:00, 209.00it/s]
Predictor_1 Epoch 9/12:  84%|â–ˆâ–ˆâ–ˆâ–ˆâ–ˆâ–ˆâ–ˆâ–ˆâ– | 329/390 [00:01<00:00, 208.59it/s]
Predictor_1 Epoch 9/12:  90%|â–ˆâ–ˆâ–ˆâ–ˆâ–ˆâ–ˆâ–ˆâ–ˆâ–ˆ | 351/390 [00:01<00:00, 208.96it/s]
Predictor_1 Epoch 9/12:  96%|â–ˆâ–ˆâ–ˆâ–ˆâ–ˆâ–ˆâ–ˆâ–ˆâ–ˆâ–Œ| 373/390 [00:01<00:00, 209.33it/s]
Predictor_1 Epoch 9/12:  96%|â–ˆâ–ˆâ–ˆâ–ˆâ–ˆâ–ˆâ–ˆâ–ˆâ–ˆâ–Œ| 373/390 [00:01<00:00, 209.33it/s, acc=99.22%, loss=0.0374]
                                                                                                   

Predictor_1 Epoch 10/12:   0%|          | 0/390 [00:00<?, ?it/s]
Predictor_1 Epoch 10/12:   4%|â–         | 17/390 [00:00<00:02, 159.79it/s]
Predictor_1 Epoch 10/12:  10%|â–ˆ         | 39/390 [00:00<00:01, 192.14it/s]
Predictor_1 Epoch 10/12:  16%|â–ˆâ–Œ        | 61/390 [00:00<00:01, 197.72it/s]
Predictor_1 Epoch 10/12:  21%|â–ˆâ–ˆâ–       | 83/390 [00:00<00:01, 204.43it/s]
Predictor_1 Epoch 10/12:  27%|â–ˆâ–ˆâ–‹       | 105/390 [00:00<00:01, 204.08it/s]
Predictor_1 Epoch 10/12:  33%|â–ˆâ–ˆâ–ˆâ–Ž      | 127/390 [00:00<00:01, 208.02it/s]
Predictor_1 Epoch 10/12:  38%|â–ˆâ–ˆâ–ˆâ–Š      | 149/390 [00:00<00:01, 206.21it/s]
Predictor_1 Epoch 10/12:  44%|â–ˆâ–ˆâ–ˆâ–ˆâ–     | 171/390 [00:00<00:01, 208.75it/s]
Predictor_1 Epoch 10/12:  49%|â–ˆâ–ˆâ–ˆâ–ˆâ–‰     | 193/390 [00:00<00:00, 208.39it/s]
Predictor_1 Epoch 10/12:  55%|â–ˆâ–ˆâ–ˆâ–ˆâ–ˆâ–    | 214/390 [00:01<00:00, 207.82it/s]
Predictor_1 Epoch 10/12:  61%|â–ˆâ–ˆâ–ˆâ–ˆâ–ˆâ–ˆ    | 237/390 [00:01<00:00, 210.08it/s]
Predictor_1 Epoch 10/12:  66%|â–ˆâ–ˆâ–ˆâ–ˆâ–ˆâ–ˆâ–‹   | 259/390 [00:01<00:00, 208.88it/s]
Predictor_1 Epoch 10/12:  72%|â–ˆâ–ˆâ–ˆâ–ˆâ–ˆâ–ˆâ–ˆâ–  | 281/390 [00:01<00:00, 211.17it/s]
Predictor_1 Epoch 10/12:  78%|â–ˆâ–ˆâ–ˆâ–ˆâ–ˆâ–ˆâ–ˆâ–Š  | 303/390 [00:01<00:00, 208.16it/s]
Predictor_1 Epoch 10/12:  84%|â–ˆâ–ˆâ–ˆâ–ˆâ–ˆâ–ˆâ–ˆâ–ˆâ–Ž | 326/390 [00:01<00:00, 208.32it/s]
Predictor_1 Epoch 10/12:  89%|â–ˆâ–ˆâ–ˆâ–ˆâ–ˆâ–ˆâ–ˆâ–ˆâ–‰ | 347/390 [00:01<00:00, 207.99it/s]
Predictor_1 Epoch 10/12:  95%|â–ˆâ–ˆâ–ˆâ–ˆâ–ˆâ–ˆâ–ˆâ–ˆâ–ˆâ–| 370/390 [00:01<00:00, 208.04it/s]
Predictor_1 Epoch 10/12:  95%|â–ˆâ–ˆâ–ˆâ–ˆâ–ˆâ–ˆâ–ˆâ–ˆâ–ˆâ–| 370/390 [00:01<00:00, 208.04it/s, acc=100.00%, loss=0.0169]
                                                                                                     

Predictor_1 Epoch 11/12:   0%|          | 0/390 [00:00<?, ?it/s]
Predictor_1 Epoch 11/12:   4%|â–         | 17/390 [00:00<00:02, 161.13it/s]
Predictor_1 Epoch 11/12:  10%|â–ˆ         | 40/390 [00:00<00:01, 200.65it/s]
Predictor_1 Epoch 11/12:  16%|â–ˆâ–Œ        | 61/390 [00:00<00:01, 195.28it/s]
Predictor_1 Epoch 11/12:  22%|â–ˆâ–ˆâ–       | 85/390 [00:00<00:01, 201.76it/s]
Predictor_1 Epoch 11/12:  27%|â–ˆâ–ˆâ–‹       | 107/390 [00:00<00:01, 207.70it/s]
Predictor_1 Epoch 11/12:  33%|â–ˆâ–ˆâ–ˆâ–Ž      | 129/390 [00:00<00:01, 205.13it/s]
Predictor_1 Epoch 11/12:  38%|â–ˆâ–ˆâ–ˆâ–Š      | 150/390 [00:00<00:01, 206.56it/s]
Predictor_1 Epoch 11/12:  44%|â–ˆâ–ˆâ–ˆâ–ˆâ–     | 173/390 [00:00<00:01, 208.61it/s]
Predictor_1 Epoch 11/12:  50%|â–ˆâ–ˆâ–ˆâ–ˆâ–‰     | 194/390 [00:00<00:00, 207.21it/s]
Predictor_1 Epoch 11/12:  56%|â–ˆâ–ˆâ–ˆâ–ˆâ–ˆâ–Œ    | 217/390 [00:01<00:00, 210.31it/s]
Predictor_1 Epoch 11/12:  61%|â–ˆâ–ˆâ–ˆâ–ˆâ–ˆâ–ˆâ–   | 239/390 [00:01<00:00, 210.30it/s]
Predictor_1 Epoch 11/12:  67%|â–ˆâ–ˆâ–ˆâ–ˆâ–ˆâ–ˆâ–‹   | 261/390 [00:01<00:00, 210.23it/s]
Predictor_1 Epoch 11/12:  73%|â–ˆâ–ˆâ–ˆâ–ˆâ–ˆâ–ˆâ–ˆâ–Ž  | 283/390 [00:01<00:00, 209.76it/s]
Predictor_1 Epoch 11/12:  78%|â–ˆâ–ˆâ–ˆâ–ˆâ–ˆâ–ˆâ–ˆâ–Š  | 305/390 [00:01<00:00, 210.08it/s]
Predictor_1 Epoch 11/12:  84%|â–ˆâ–ˆâ–ˆâ–ˆâ–ˆâ–ˆâ–ˆâ–ˆâ– | 327/390 [00:01<00:00, 209.72it/s]
Predictor_1 Epoch 11/12:  89%|â–ˆâ–ˆâ–ˆâ–ˆâ–ˆâ–ˆâ–ˆâ–ˆâ–‰ | 349/390 [00:01<00:00, 210.26it/s]
Predictor_1 Epoch 11/12:  95%|â–ˆâ–ˆâ–ˆâ–ˆâ–ˆâ–ˆâ–ˆâ–ˆâ–ˆâ–Œ| 371/390 [00:01<00:00, 209.50it/s]
Predictor_1 Epoch 11/12:  95%|â–ˆâ–ˆâ–ˆâ–ˆâ–ˆâ–ˆâ–ˆâ–ˆâ–ˆâ–Œ| 371/390 [00:01<00:00, 209.50it/s, acc=99.22%, loss=0.0281]
                                                                                                    

Predictor_1 Epoch 12/12:   0%|          | 0/390 [00:00<?, ?it/s]
Predictor_1 Epoch 12/12:   4%|â–         | 17/390 [00:00<00:02, 156.28it/s]
Predictor_1 Epoch 12/12:  11%|â–ˆ         | 41/390 [00:00<00:01, 190.12it/s]
Predictor_1 Epoch 12/12:  17%|â–ˆâ–‹        | 65/390 [00:00<00:01, 199.24it/s]
Predictor_1 Epoch 12/12:  23%|â–ˆâ–ˆâ–Ž       | 89/390 [00:00<00:01, 203.57it/s]
Predictor_1 Epoch 12/12:  29%|â–ˆâ–ˆâ–‰       | 113/390 [00:00<00:01, 206.03it/s]
Predictor_1 Epoch 12/12:  35%|â–ˆâ–ˆâ–ˆâ–Œ      | 137/390 [00:00<00:01, 207.26it/s]
Predictor_1 Epoch 12/12:  41%|â–ˆâ–ˆâ–ˆâ–ˆâ–     | 161/390 [00:00<00:01, 207.96it/s]
Predictor_1 Epoch 12/12:  47%|â–ˆâ–ˆâ–ˆâ–ˆâ–‹     | 184/390 [00:00<00:00, 213.93it/s]
Predictor_1 Epoch 12/12:  53%|â–ˆâ–ˆâ–ˆâ–ˆâ–ˆâ–Ž    | 206/390 [00:01<00:00, 208.70it/s]
Predictor_1 Epoch 12/12:  59%|â–ˆâ–ˆâ–ˆâ–ˆâ–ˆâ–Š    | 229/390 [00:01<00:00, 207.02it/s]
Predictor_1 Epoch 12/12:  65%|â–ˆâ–ˆâ–ˆâ–ˆâ–ˆâ–ˆâ–   | 252/390 [00:01<00:00, 212.75it/s]
Predictor_1 Epoch 12/12:  70%|â–ˆâ–ˆâ–ˆâ–ˆâ–ˆâ–ˆâ–ˆ   | 274/390 [00:01<00:00, 207.77it/s]
Predictor_1 Epoch 12/12:  76%|â–ˆâ–ˆâ–ˆâ–ˆâ–ˆâ–ˆâ–ˆâ–Œ  | 297/390 [00:01<00:00, 206.41it/s]
Predictor_1 Epoch 12/12:  82%|â–ˆâ–ˆâ–ˆâ–ˆâ–ˆâ–ˆâ–ˆâ–ˆâ– | 320/390 [00:01<00:00, 212.76it/s]
Predictor_1 Epoch 12/12:  88%|â–ˆâ–ˆâ–ˆâ–ˆâ–ˆâ–ˆâ–ˆâ–ˆâ–Š | 342/390 [00:01<00:00, 207.79it/s]
Predictor_1 Epoch 12/12:  94%|â–ˆâ–ˆâ–ˆâ–ˆâ–ˆâ–ˆâ–ˆâ–ˆâ–ˆâ–Ž| 365/390 [00:01<00:00, 206.59it/s]
Predictor_1 Epoch 12/12:  99%|â–ˆâ–ˆâ–ˆâ–ˆâ–ˆâ–ˆâ–ˆâ–ˆâ–ˆâ–‰| 386/390 [00:01<00:00, 205.32it/s]
Predictor_1 Epoch 12/12:  99%|â–ˆâ–ˆâ–ˆâ–ˆâ–ˆâ–ˆâ–ˆâ–ˆâ–ˆâ–‰| 386/390 [00:01<00:00, 205.32it/s, acc=99.22%, loss=0.0542]
                                                                                                    

Predictor_2 Epoch 1/12:   0%|          | 0/390 [00:00<?, ?it/s]
Predictor_2 Epoch 1/12:   4%|â–         | 17/390 [00:00<00:02, 157.54it/s]
Predictor_2 Epoch 1/12:  10%|â–ˆ         | 40/390 [00:00<00:01, 198.81it/s]
Predictor_2 Epoch 1/12:  16%|â–ˆâ–Œ        | 61/390 [00:00<00:01, 195.15it/s]
Predictor_2 Epoch 1/12:  21%|â–ˆâ–ˆâ–       | 83/390 [00:00<00:01, 204.59it/s]
Predictor_2 Epoch 1/12:  27%|â–ˆâ–ˆâ–‹       | 105/390 [00:00<00:01, 202.91it/s]
Predictor_2 Epoch 1/12:  32%|â–ˆâ–ˆâ–ˆâ–      | 126/390 [00:00<00:01, 204.92it/s]
Predictor_2 Epoch 1/12:  38%|â–ˆâ–ˆâ–ˆâ–Š      | 149/390 [00:00<00:01, 206.55it/s]
Predictor_2 Epoch 1/12:  44%|â–ˆâ–ˆâ–ˆâ–ˆâ–Ž     | 170/390 [00:00<00:01, 206.14it/s]
Predictor_2 Epoch 1/12:  49%|â–ˆâ–ˆâ–ˆâ–ˆâ–‰     | 193/390 [00:00<00:00, 206.47it/s]
Predictor_2 Epoch 1/12:  55%|â–ˆâ–ˆâ–ˆâ–ˆâ–ˆâ–    | 214/390 [00:01<00:00, 206.90it/s]
Predictor_2 Epoch 1/12:  61%|â–ˆâ–ˆâ–ˆâ–ˆâ–ˆâ–ˆ    | 236/390 [00:01<00:00, 210.59it/s]
Predictor_2 Epoch 1/12:  66%|â–ˆâ–ˆâ–ˆâ–ˆâ–ˆâ–ˆâ–Œ   | 258/390 [00:01<00:00, 206.31it/s]
Predictor_2 Epoch 1/12:  72%|â–ˆâ–ˆâ–ˆâ–ˆâ–ˆâ–ˆâ–ˆâ–  | 281/390 [00:01<00:00, 210.97it/s]
Predictor_2 Epoch 1/12:  78%|â–ˆâ–ˆâ–ˆâ–ˆâ–ˆâ–ˆâ–ˆâ–Š  | 303/390 [00:01<00:00, 207.65it/s]
Predictor_2 Epoch 1/12:  84%|â–ˆâ–ˆâ–ˆâ–ˆâ–ˆâ–ˆâ–ˆâ–ˆâ–Ž | 326/390 [00:01<00:00, 205.59it/s]
Predictor_2 Epoch 1/12:  89%|â–ˆâ–ˆâ–ˆâ–ˆâ–ˆâ–ˆâ–ˆâ–ˆâ–‰ | 349/390 [00:01<00:00, 211.67it/s]
Predictor_2 Epoch 1/12:  95%|â–ˆâ–ˆâ–ˆâ–ˆâ–ˆâ–ˆâ–ˆâ–ˆâ–ˆâ–Œ| 371/390 [00:01<00:00, 206.58it/s]
Predictor_2 Epoch 1/12:  95%|â–ˆâ–ˆâ–ˆâ–ˆâ–ˆâ–ˆâ–ˆâ–ˆâ–ˆâ–Œ| 371/390 [00:01<00:00, 206.58it/s, acc=96.09%, loss=0.1415]
                                                                                                   

Predictor_2 Epoch 2/12:   0%|          | 0/390 [00:00<?, ?it/s]
Predictor_2 Epoch 2/12:   4%|â–         | 17/390 [00:00<00:02, 155.43it/s]
Predictor_2 Epoch 2/12:  10%|â–ˆ         | 40/390 [00:00<00:01, 194.33it/s]
Predictor_2 Epoch 2/12:  16%|â–ˆâ–Œ        | 61/390 [00:00<00:01, 194.06it/s]
Predictor_2 Epoch 2/12:  22%|â–ˆâ–ˆâ–       | 84/390 [00:00<00:01, 204.95it/s]
Predictor_2 Epoch 2/12:  27%|â–ˆâ–ˆâ–‹       | 105/390 [00:00<00:01, 201.36it/s]
Predictor_2 Epoch 2/12:  33%|â–ˆâ–ˆâ–ˆâ–Ž      | 128/390 [00:00<00:01, 208.65it/s]
Predictor_2 Epoch 2/12:  38%|â–ˆâ–ˆâ–ˆâ–Š      | 149/390 [00:00<00:01, 204.06it/s]
Predictor_2 Epoch 2/12:  44%|â–ˆâ–ˆâ–ˆâ–ˆâ–     | 172/390 [00:00<00:01, 209.92it/s]
Predictor_2 Epoch 2/12:  50%|â–ˆâ–ˆâ–ˆâ–ˆâ–‰     | 194/390 [00:00<00:00, 207.17it/s]
Predictor_2 Epoch 2/12:  55%|â–ˆâ–ˆâ–ˆâ–ˆâ–ˆâ–Œ    | 216/390 [00:01<00:00, 209.61it/s]
Predictor_2 Epoch 2/12:  61%|â–ˆâ–ˆâ–ˆâ–ˆâ–ˆâ–ˆ    | 237/390 [00:01<00:00, 205.28it/s]
Predictor_2 Epoch 2/12:  66%|â–ˆâ–ˆâ–ˆâ–ˆâ–ˆâ–ˆâ–‹   | 259/390 [00:01<00:00, 209.07it/s]
Predictor_2 Epoch 2/12:  72%|â–ˆâ–ˆâ–ˆâ–ˆâ–ˆâ–ˆâ–ˆâ–  | 281/390 [00:01<00:00, 206.23it/s]
Predictor_2 Epoch 2/12:  78%|â–ˆâ–ˆâ–ˆâ–ˆâ–ˆâ–ˆâ–ˆâ–Š  | 304/390 [00:01<00:00, 210.52it/s]
Predictor_2 Epoch 2/12:  84%|â–ˆâ–ˆâ–ˆâ–ˆâ–ˆâ–ˆâ–ˆâ–ˆâ–Ž | 326/390 [00:01<00:00, 208.46it/s]
Predictor_2 Epoch 2/12:  89%|â–ˆâ–ˆâ–ˆâ–ˆâ–ˆâ–ˆâ–ˆâ–ˆâ–‰ | 348/390 [00:01<00:00, 209.93it/s]
Predictor_2 Epoch 2/12:  95%|â–ˆâ–ˆâ–ˆâ–ˆâ–ˆâ–ˆâ–ˆâ–ˆâ–ˆâ–| 370/390 [00:01<00:00, 207.68it/s]
Predictor_2 Epoch 2/12:  95%|â–ˆâ–ˆâ–ˆâ–ˆâ–ˆâ–ˆâ–ˆâ–ˆâ–ˆâ–| 370/390 [00:01<00:00, 207.68it/s, acc=99.22%, loss=0.0507]
                                                                                                   

Predictor_2 Epoch 3/12:   0%|          | 0/390 [00:00<?, ?it/s]
Predictor_2 Epoch 3/12:   4%|â–         | 16/390 [00:00<00:02, 158.70it/s]
Predictor_2 Epoch 3/12:   9%|â–‰         | 37/390 [00:00<00:01, 180.11it/s]
Predictor_2 Epoch 3/12:  15%|â–ˆâ–Œ        | 60/390 [00:00<00:01, 201.21it/s]
Predictor_2 Epoch 3/12:  21%|â–ˆâ–ˆ        | 81/390 [00:00<00:01, 197.41it/s]
Predictor_2 Epoch 3/12:  26%|â–ˆâ–ˆâ–‹       | 103/390 [00:00<00:01, 205.16it/s]
Predictor_2 Epoch 3/12:  32%|â–ˆâ–ˆâ–ˆâ–      | 125/390 [00:00<00:01, 202.89it/s]
Predictor_2 Epoch 3/12:  38%|â–ˆâ–ˆâ–ˆâ–Š      | 148/390 [00:00<00:01, 210.59it/s]
Predictor_2 Epoch 3/12:  44%|â–ˆâ–ˆâ–ˆâ–ˆâ–Ž     | 170/390 [00:00<00:01, 205.85it/s]
Predictor_2 Epoch 3/12:  49%|â–ˆâ–ˆâ–ˆâ–ˆâ–‰     | 193/390 [00:00<00:00, 205.20it/s]
Predictor_2 Epoch 3/12:  55%|â–ˆâ–ˆâ–ˆâ–ˆâ–ˆâ–Œ    | 216/390 [00:01<00:00, 211.68it/s]
Predictor_2 Epoch 3/12:  61%|â–ˆâ–ˆâ–ˆâ–ˆâ–ˆâ–ˆ    | 238/390 [00:01<00:00, 206.83it/s]
Predictor_2 Epoch 3/12:  67%|â–ˆâ–ˆâ–ˆâ–ˆâ–ˆâ–ˆâ–‹   | 261/390 [00:01<00:00, 205.81it/s]
Predictor_2 Epoch 3/12:  73%|â–ˆâ–ˆâ–ˆâ–ˆâ–ˆâ–ˆâ–ˆâ–Ž  | 284/390 [00:01<00:00, 212.05it/s]
Predictor_2 Epoch 3/12:  78%|â–ˆâ–ˆâ–ˆâ–ˆâ–ˆâ–ˆâ–ˆâ–Š  | 306/390 [00:01<00:00, 206.79it/s]
Predictor_2 Epoch 3/12:  84%|â–ˆâ–ˆâ–ˆâ–ˆâ–ˆâ–ˆâ–ˆâ–ˆâ– | 329/390 [00:01<00:00, 205.91it/s]
Predictor_2 Epoch 3/12:  90%|â–ˆâ–ˆâ–ˆâ–ˆâ–ˆâ–ˆâ–ˆâ–ˆâ–ˆ | 352/390 [00:01<00:00, 212.22it/s]
Predictor_2 Epoch 3/12:  96%|â–ˆâ–ˆâ–ˆâ–ˆâ–ˆâ–ˆâ–ˆâ–ˆâ–ˆâ–Œ| 374/390 [00:01<00:00, 207.13it/s]
Predictor_2 Epoch 3/12:  96%|â–ˆâ–ˆâ–ˆâ–ˆâ–ˆâ–ˆâ–ˆâ–ˆâ–ˆâ–Œ| 374/390 [00:01<00:00, 207.13it/s, acc=99.22%, loss=0.0345]
                                                                                                   
[codecarbon INFO @ 03:18:36] Energy consumed for RAM : 0.000470 kWh. RAM Power : 38.0 W

Predictor_2 Epoch 4/12:   0%|          | 0/390 [00:00<?, ?it/s]
Predictor_2 Epoch 4/12:   4%|â–         | 17/390 [00:00<00:02, 152.60it/s]
Predictor_2 Epoch 4/12:  10%|â–ˆ         | 39/390 [00:00<00:01, 189.56it/s]
Predictor_2 Epoch 4/12:  16%|â–ˆâ–Œ        | 61/390 [00:00<00:01, 194.40it/s]
Predictor_2 Epoch 4/12:  21%|â–ˆâ–ˆ        | 82/390 [00:00<00:01, 199.11it/s][codecarbon INFO @ 03:18:37] Delta energy consumed for CPU with cpu_load : 0.000181 kWh, power : 45.0 W
[codecarbon INFO @ 03:18:37] Energy consumed for All CPU : 0.000556 kWh
[codecarbon INFO @ 03:18:37] Energy consumed for all GPUs : 0.000959 kWh. Total GPU Power : 59.86559020085867 W
[codecarbon INFO @ 03:18:37] 0.001985 kWh of electricity used since the beginning.

Predictor_2 Epoch 4/12:  27%|â–ˆâ–ˆâ–‹       | 105/390 [00:00<00:01, 202.88it/s]
Predictor_2 Epoch 4/12:  32%|â–ˆâ–ˆâ–ˆâ–      | 126/390 [00:00<00:01, 203.82it/s]
Predictor_2 Epoch 4/12:  38%|â–ˆâ–ˆâ–ˆâ–Š      | 149/390 [00:00<00:01, 205.47it/s]
Predictor_2 Epoch 4/12:  44%|â–ˆâ–ˆâ–ˆâ–ˆâ–Ž     | 170/390 [00:00<00:01, 205.29it/s]
Predictor_2 Epoch 4/12:  49%|â–ˆâ–ˆâ–ˆâ–ˆâ–‰     | 193/390 [00:00<00:00, 206.54it/s]
Predictor_2 Epoch 4/12:  55%|â–ˆâ–ˆâ–ˆâ–ˆâ–ˆâ–    | 214/390 [00:01<00:00, 206.12it/s]
Predictor_2 Epoch 4/12:  61%|â–ˆâ–ˆâ–ˆâ–ˆâ–ˆâ–ˆ    | 237/390 [00:01<00:00, 208.41it/s]
Predictor_2 Epoch 4/12:  66%|â–ˆâ–ˆâ–ˆâ–ˆâ–ˆâ–ˆâ–Œ   | 258/390 [00:01<00:00, 205.90it/s]
Predictor_2 Epoch 4/12:  72%|â–ˆâ–ˆâ–ˆâ–ˆâ–ˆâ–ˆâ–ˆâ–  | 281/390 [00:01<00:00, 209.45it/s]
Predictor_2 Epoch 4/12:  77%|â–ˆâ–ˆâ–ˆâ–ˆâ–ˆâ–ˆâ–ˆâ–‹  | 302/390 [00:01<00:00, 205.48it/s]
Predictor_2 Epoch 4/12:  83%|â–ˆâ–ˆâ–ˆâ–ˆâ–ˆâ–ˆâ–ˆâ–ˆâ–Ž | 324/390 [00:01<00:00, 209.57it/s]
Predictor_2 Epoch 4/12:  89%|â–ˆâ–ˆâ–ˆâ–ˆâ–ˆâ–ˆâ–ˆâ–ˆâ–Š | 346/390 [00:01<00:00, 205.07it/s]
Predictor_2 Epoch 4/12:  94%|â–ˆâ–ˆâ–ˆâ–ˆâ–ˆâ–ˆâ–ˆâ–ˆâ–ˆâ–| 368/390 [00:01<00:00, 209.05it/s]
Predictor_2 Epoch 4/12: 100%|â–ˆâ–ˆâ–ˆâ–ˆâ–ˆâ–ˆâ–ˆâ–ˆâ–ˆâ–‰| 389/390 [00:01<00:00, 207.31it/s]
Predictor_2 Epoch 4/12: 100%|â–ˆâ–ˆâ–ˆâ–ˆâ–ˆâ–ˆâ–ˆâ–ˆâ–ˆâ–‰| 389/390 [00:01<00:00, 207.31it/s, acc=99.22%, loss=0.0253]
                                                                                                   

Predictor_2 Epoch 5/12:   0%|          | 0/390 [00:00<?, ?it/s]
Predictor_2 Epoch 5/12:   4%|â–         | 17/390 [00:00<00:02, 152.62it/s]
Predictor_2 Epoch 5/12:  11%|â–ˆ         | 41/390 [00:00<00:01, 186.53it/s]
Predictor_2 Epoch 5/12:  16%|â–ˆâ–‹        | 64/390 [00:00<00:01, 204.81it/s]
Predictor_2 Epoch 5/12:  22%|â–ˆâ–ˆâ–       | 85/390 [00:00<00:01, 198.23it/s]
Predictor_2 Epoch 5/12:  28%|â–ˆâ–ˆâ–Š       | 109/390 [00:00<00:01, 202.26it/s]
Predictor_2 Epoch 5/12:  34%|â–ˆâ–ˆâ–ˆâ–      | 132/390 [00:00<00:01, 210.54it/s]
Predictor_2 Epoch 5/12:  39%|â–ˆâ–ˆâ–ˆâ–‰      | 154/390 [00:00<00:01, 205.44it/s]
Predictor_2 Epoch 5/12:  45%|â–ˆâ–ˆâ–ˆâ–ˆâ–Œ     | 177/390 [00:00<00:01, 205.74it/s]
Predictor_2 Epoch 5/12:  51%|â–ˆâ–ˆâ–ˆâ–ˆâ–ˆ     | 198/390 [00:00<00:00, 206.22it/s]
Predictor_2 Epoch 5/12:  56%|â–ˆâ–ˆâ–ˆâ–ˆâ–ˆâ–‹    | 220/390 [00:01<00:00, 210.02it/s]
Predictor_2 Epoch 5/12:  62%|â–ˆâ–ˆâ–ˆâ–ˆâ–ˆâ–ˆâ–   | 242/390 [00:01<00:00, 205.11it/s]
Predictor_2 Epoch 5/12:  68%|â–ˆâ–ˆâ–ˆâ–ˆâ–ˆâ–ˆâ–Š   | 265/390 [00:01<00:00, 207.83it/s]
Predictor_2 Epoch 5/12:  73%|â–ˆâ–ˆâ–ˆâ–ˆâ–ˆâ–ˆâ–ˆâ–Ž  | 286/390 [00:01<00:00, 205.23it/s]
Predictor_2 Epoch 5/12:  79%|â–ˆâ–ˆâ–ˆâ–ˆâ–ˆâ–ˆâ–ˆâ–‰  | 309/390 [00:01<00:00, 209.20it/s]
Predictor_2 Epoch 5/12:  85%|â–ˆâ–ˆâ–ˆâ–ˆâ–ˆâ–ˆâ–ˆâ–ˆâ– | 330/390 [00:01<00:00, 204.88it/s]
Predictor_2 Epoch 5/12:  91%|â–ˆâ–ˆâ–ˆâ–ˆâ–ˆâ–ˆâ–ˆâ–ˆâ–ˆ | 353/390 [00:01<00:00, 210.52it/s]
Predictor_2 Epoch 5/12:  96%|â–ˆâ–ˆâ–ˆâ–ˆâ–ˆâ–ˆâ–ˆâ–ˆâ–ˆâ–Œ| 375/390 [00:01<00:00, 206.36it/s]
Predictor_2 Epoch 5/12:  96%|â–ˆâ–ˆâ–ˆâ–ˆâ–ˆâ–ˆâ–ˆâ–ˆâ–ˆâ–Œ| 375/390 [00:01<00:00, 206.36it/s, acc=100.00%, loss=0.0195]
                                                                                                    

Predictor_2 Epoch 6/12:   0%|          | 0/390 [00:00<?, ?it/s]
Predictor_2 Epoch 6/12:   4%|â–         | 17/390 [00:00<00:02, 157.44it/s]
Predictor_2 Epoch 6/12:  10%|â–ˆ         | 40/390 [00:00<00:01, 198.43it/s]
Predictor_2 Epoch 6/12:  16%|â–ˆâ–Œ        | 61/390 [00:00<00:01, 195.27it/s]
Predictor_2 Epoch 6/12:  21%|â–ˆâ–ˆ        | 82/390 [00:00<00:01, 200.47it/s]
Predictor_2 Epoch 6/12:  27%|â–ˆâ–ˆâ–‹       | 105/390 [00:00<00:01, 203.92it/s]
Predictor_2 Epoch 6/12:  32%|â–ˆâ–ˆâ–ˆâ–      | 126/390 [00:00<00:01, 203.83it/s]
Predictor_2 Epoch 6/12:  38%|â–ˆâ–ˆâ–ˆâ–Š      | 149/390 [00:00<00:01, 206.87it/s]
Predictor_2 Epoch 6/12:  44%|â–ˆâ–ˆâ–ˆâ–ˆâ–Ž     | 170/390 [00:00<00:01, 204.71it/s]
Predictor_2 Epoch 6/12:  49%|â–ˆâ–ˆâ–ˆâ–ˆâ–‰     | 193/390 [00:00<00:00, 208.44it/s]
Predictor_2 Epoch 6/12:  55%|â–ˆâ–ˆâ–ˆâ–ˆâ–ˆâ–    | 214/390 [00:01<00:00, 205.26it/s]
Predictor_2 Epoch 6/12:  61%|â–ˆâ–ˆâ–ˆâ–ˆâ–ˆâ–ˆ    | 237/390 [00:01<00:00, 209.96it/s]
Predictor_2 Epoch 6/12:  66%|â–ˆâ–ˆâ–ˆâ–ˆâ–ˆâ–ˆâ–‹   | 259/390 [00:01<00:00, 207.36it/s]
Predictor_2 Epoch 6/12:  72%|â–ˆâ–ˆâ–ˆâ–ˆâ–ˆâ–ˆâ–ˆâ–  | 281/390 [00:01<00:00, 209.89it/s]
Predictor_2 Epoch 6/12:  78%|â–ˆâ–ˆâ–ˆâ–ˆâ–ˆâ–ˆâ–ˆâ–Š  | 303/390 [00:01<00:00, 206.64it/s]
Predictor_2 Epoch 6/12:  83%|â–ˆâ–ˆâ–ˆâ–ˆâ–ˆâ–ˆâ–ˆâ–ˆâ–Ž | 325/390 [00:01<00:00, 210.17it/s]
Predictor_2 Epoch 6/12:  89%|â–ˆâ–ˆâ–ˆâ–ˆâ–ˆâ–ˆâ–ˆâ–ˆâ–‰ | 347/390 [00:01<00:00, 205.59it/s]
Predictor_2 Epoch 6/12:  95%|â–ˆâ–ˆâ–ˆâ–ˆâ–ˆâ–ˆâ–ˆâ–ˆâ–ˆâ–| 369/390 [00:01<00:00, 209.33it/s]
Predictor_2 Epoch 6/12:  95%|â–ˆâ–ˆâ–ˆâ–ˆâ–ˆâ–ˆâ–ˆâ–ˆâ–ˆâ–| 369/390 [00:01<00:00, 209.33it/s, acc=99.22%, loss=0.0171]
Predictor_2 Epoch 6/12: 100%|â–ˆâ–ˆâ–ˆâ–ˆâ–ˆâ–ˆâ–ˆâ–ˆâ–ˆâ–ˆ| 390/390 [00:01<00:00, 201.94it/s, acc=99.22%, loss=0.0171]
                                                                                                   

Predictor_2 Epoch 7/12:   0%|          | 0/390 [00:00<?, ?it/s]
Predictor_2 Epoch 7/12:   4%|â–         | 17/390 [00:00<00:02, 158.64it/s]
Predictor_2 Epoch 7/12:  10%|â–ˆ         | 39/390 [00:00<00:01, 193.38it/s]
Predictor_2 Epoch 7/12:  16%|â–ˆâ–Œ        | 61/390 [00:00<00:01, 196.89it/s]
Predictor_2 Epoch 7/12:  21%|â–ˆâ–ˆ        | 82/390 [00:00<00:01, 201.53it/s]
Predictor_2 Epoch 7/12:  27%|â–ˆâ–ˆâ–‹       | 105/390 [00:00<00:01, 204.92it/s]
Predictor_2 Epoch 7/12:  32%|â–ˆâ–ˆâ–ˆâ–      | 126/390 [00:00<00:01, 204.38it/s]
Predictor_2 Epoch 7/12:  38%|â–ˆâ–ˆâ–ˆâ–Š      | 149/390 [00:00<00:01, 207.82it/s]
Predictor_2 Epoch 7/12:  44%|â–ˆâ–ˆâ–ˆâ–ˆâ–Ž     | 170/390 [00:00<00:01, 205.44it/s]
Predictor_2 Epoch 7/12:  49%|â–ˆâ–ˆâ–ˆâ–ˆâ–‰     | 193/390 [00:00<00:00, 206.16it/s]
Predictor_2 Epoch 7/12:  55%|â–ˆâ–ˆâ–ˆâ–ˆâ–ˆâ–    | 214/390 [00:01<00:00, 206.07it/s]
Predictor_2 Epoch 7/12:  61%|â–ˆâ–ˆâ–ˆâ–ˆâ–ˆâ–ˆ    | 237/390 [00:01<00:00, 207.23it/s]
Predictor_2 Epoch 7/12:  66%|â–ˆâ–ˆâ–ˆâ–ˆâ–ˆâ–ˆâ–Œ   | 258/390 [00:01<00:00, 206.25it/s]
Predictor_2 Epoch 7/12:  72%|â–ˆâ–ˆâ–ˆâ–ˆâ–ˆâ–ˆâ–ˆâ–  | 281/390 [00:01<00:00, 208.49it/s]
Predictor_2 Epoch 7/12:  77%|â–ˆâ–ˆâ–ˆâ–ˆâ–ˆâ–ˆâ–ˆâ–‹  | 302/390 [00:01<00:00, 206.00it/s]
Predictor_2 Epoch 7/12:  83%|â–ˆâ–ˆâ–ˆâ–ˆâ–ˆâ–ˆâ–ˆâ–ˆâ–Ž | 325/390 [00:01<00:00, 209.97it/s]
Predictor_2 Epoch 7/12:  89%|â–ˆâ–ˆâ–ˆâ–ˆâ–ˆâ–ˆâ–ˆâ–ˆâ–Š | 346/390 [00:01<00:00, 205.48it/s]
Predictor_2 Epoch 7/12:  95%|â–ˆâ–ˆâ–ˆâ–ˆâ–ˆâ–ˆâ–ˆâ–ˆâ–ˆâ–| 369/390 [00:01<00:00, 210.69it/s]
Predictor_2 Epoch 7/12:  95%|â–ˆâ–ˆâ–ˆâ–ˆâ–ˆâ–ˆâ–ˆâ–ˆâ–ˆâ–| 369/390 [00:01<00:00, 210.69it/s, acc=99.22%, loss=0.0138]
                                                                                                   

Predictor_2 Epoch 8/12:   0%|          | 0/390 [00:00<?, ?it/s]
Predictor_2 Epoch 8/12:   4%|â–         | 17/390 [00:00<00:02, 151.55it/s]
Predictor_2 Epoch 8/12:  11%|â–ˆ         | 41/390 [00:00<00:01, 185.57it/s]
Predictor_2 Epoch 8/12:  16%|â–ˆâ–‹        | 64/390 [00:00<00:01, 203.63it/s]
Predictor_2 Epoch 8/12:  22%|â–ˆâ–ˆâ–       | 85/390 [00:00<00:01, 197.81it/s]
Predictor_2 Epoch 8/12:  28%|â–ˆâ–ˆâ–Š       | 108/390 [00:00<00:01, 208.43it/s]
Predictor_2 Epoch 8/12:  33%|â–ˆâ–ˆâ–ˆâ–Ž      | 129/390 [00:00<00:01, 201.46it/s]
Predictor_2 Epoch 8/12:  39%|â–ˆâ–ˆâ–ˆâ–‰      | 152/390 [00:00<00:01, 209.81it/s]
Predictor_2 Epoch 8/12:  45%|â–ˆâ–ˆâ–ˆâ–ˆâ–     | 174/390 [00:00<00:01, 204.69it/s]
Predictor_2 Epoch 8/12:  51%|â–ˆâ–ˆâ–ˆâ–ˆâ–ˆ     | 197/390 [00:00<00:00, 203.71it/s]
Predictor_2 Epoch 8/12:  56%|â–ˆâ–ˆâ–ˆâ–ˆâ–ˆâ–‹    | 220/390 [00:01<00:00, 210.47it/s]
Predictor_2 Epoch 8/12:  62%|â–ˆâ–ˆâ–ˆâ–ˆâ–ˆâ–ˆâ–   | 242/390 [00:01<00:00, 206.31it/s]
Predictor_2 Epoch 8/12:  68%|â–ˆâ–ˆâ–ˆâ–ˆâ–ˆâ–ˆâ–Š   | 265/390 [00:01<00:00, 204.89it/s]
Predictor_2 Epoch 8/12:  74%|â–ˆâ–ˆâ–ˆâ–ˆâ–ˆâ–ˆâ–ˆâ–  | 289/390 [00:01<00:00, 206.43it/s]
Predictor_2 Epoch 8/12:  80%|â–ˆâ–ˆâ–ˆâ–ˆâ–ˆâ–ˆâ–ˆâ–ˆ  | 312/390 [00:01<00:00, 212.56it/s]
Predictor_2 Epoch 8/12:  86%|â–ˆâ–ˆâ–ˆâ–ˆâ–ˆâ–ˆâ–ˆâ–ˆâ–Œ | 334/390 [00:01<00:00, 207.14it/s]
Predictor_2 Epoch 8/12:  92%|â–ˆâ–ˆâ–ˆâ–ˆâ–ˆâ–ˆâ–ˆâ–ˆâ–ˆâ–| 357/390 [00:01<00:00, 206.11it/s]
Predictor_2 Epoch 8/12:  97%|â–ˆâ–ˆâ–ˆâ–ˆâ–ˆâ–ˆâ–ˆâ–ˆâ–ˆâ–‹| 378/390 [00:01<00:00, 207.17it/s]
Predictor_2 Epoch 8/12:  97%|â–ˆâ–ˆâ–ˆâ–ˆâ–ˆâ–ˆâ–ˆâ–ˆâ–ˆâ–‹| 378/390 [00:01<00:00, 207.17it/s, acc=99.22%, loss=0.0223]
                                                                                                   

Predictor_2 Epoch 9/12:   0%|          | 0/390 [00:00<?, ?it/s]
Predictor_2 Epoch 9/12:   4%|â–         | 17/390 [00:00<00:02, 158.36it/s]
Predictor_2 Epoch 9/12:  10%|â–ˆ         | 40/390 [00:00<00:01, 197.81it/s]
Predictor_2 Epoch 9/12:  16%|â–ˆâ–Œ        | 61/390 [00:00<00:01, 197.64it/s]
Predictor_2 Epoch 9/12:  21%|â–ˆâ–ˆ        | 82/390 [00:00<00:01, 198.95it/s]
Predictor_2 Epoch 9/12:  27%|â–ˆâ–ˆâ–‹       | 104/390 [00:00<00:01, 206.12it/s]
Predictor_2 Epoch 9/12:  32%|â–ˆâ–ˆâ–ˆâ–      | 126/390 [00:00<00:01, 202.25it/s]
Predictor_2 Epoch 9/12:  38%|â–ˆâ–ˆâ–ˆâ–Š      | 148/390 [00:00<00:01, 207.59it/s]
Predictor_2 Epoch 9/12:  44%|â–ˆâ–ˆâ–ˆâ–ˆâ–Ž     | 170/390 [00:00<00:01, 203.04it/s]
Predictor_2 Epoch 9/12:  49%|â–ˆâ–ˆâ–ˆâ–ˆâ–‰     | 192/390 [00:00<00:00, 207.62it/s]
Predictor_2 Epoch 9/12:  55%|â–ˆâ–ˆâ–ˆâ–ˆâ–ˆâ–    | 214/390 [00:01<00:00, 203.54it/s]
Predictor_2 Epoch 9/12:  61%|â–ˆâ–ˆâ–ˆâ–ˆâ–ˆâ–ˆ    | 237/390 [00:01<00:00, 210.50it/s]
Predictor_2 Epoch 9/12:  66%|â–ˆâ–ˆâ–ˆâ–ˆâ–ˆâ–ˆâ–‹   | 259/390 [00:01<00:00, 205.43it/s]
Predictor_2 Epoch 9/12:  72%|â–ˆâ–ˆâ–ˆâ–ˆâ–ˆâ–ˆâ–ˆâ–  | 282/390 [00:01<00:00, 203.90it/s]
Predictor_2 Epoch 9/12:  78%|â–ˆâ–ˆâ–ˆâ–ˆâ–ˆâ–ˆâ–ˆâ–Š  | 304/390 [00:01<00:00, 208.16it/s]
Predictor_2 Epoch 9/12:  84%|â–ˆâ–ˆâ–ˆâ–ˆâ–ˆâ–ˆâ–ˆâ–ˆâ–Ž | 326/390 [00:01<00:00, 203.86it/s]
Predictor_2 Epoch 9/12:  89%|â–ˆâ–ˆâ–ˆâ–ˆâ–ˆâ–ˆâ–ˆâ–ˆâ–‰ | 348/390 [00:01<00:00, 207.40it/s]
Predictor_2 Epoch 9/12:  95%|â–ˆâ–ˆâ–ˆâ–ˆâ–ˆâ–ˆâ–ˆâ–ˆâ–ˆâ–| 370/390 [00:01<00:00, 203.95it/s]
Predictor_2 Epoch 9/12:  95%|â–ˆâ–ˆâ–ˆâ–ˆâ–ˆâ–ˆâ–ˆâ–ˆâ–ˆâ–| 370/390 [00:01<00:00, 203.95it/s, acc=100.00%, loss=0.0156]
                                                                                                    

Predictor_2 Epoch 10/12:   0%|          | 0/390 [00:00<?, ?it/s]
Predictor_2 Epoch 10/12:   4%|â–         | 17/390 [00:00<00:02, 158.49it/s]
Predictor_2 Epoch 10/12:  10%|â–ˆ         | 39/390 [00:00<00:01, 193.56it/s]
Predictor_2 Epoch 10/12:  16%|â–ˆâ–Œ        | 61/390 [00:00<00:01, 197.91it/s]
Predictor_2 Epoch 10/12:  21%|â–ˆâ–ˆ        | 82/390 [00:00<00:01, 199.13it/s]
Predictor_2 Epoch 10/12:  27%|â–ˆâ–ˆâ–‹       | 105/390 [00:00<00:01, 206.70it/s]
Predictor_2 Epoch 10/12:  32%|â–ˆâ–ˆâ–ˆâ–      | 126/390 [00:00<00:01, 201.73it/s]
Predictor_2 Epoch 10/12:  38%|â–ˆâ–ˆâ–ˆâ–Š      | 148/390 [00:00<00:01, 206.70it/s]
Predictor_2 Epoch 10/12:  44%|â–ˆâ–ˆâ–ˆâ–ˆâ–Ž     | 170/390 [00:00<00:01, 202.54it/s]
Predictor_2 Epoch 10/12:  49%|â–ˆâ–ˆâ–ˆâ–ˆâ–‰     | 193/390 [00:00<00:00, 209.93it/s]
Predictor_2 Epoch 10/12:  55%|â–ˆâ–ˆâ–ˆâ–ˆâ–ˆâ–Œ    | 215/390 [00:01<00:00, 204.31it/s]
Predictor_2 Epoch 10/12:  61%|â–ˆâ–ˆâ–ˆâ–ˆâ–ˆâ–ˆ    | 238/390 [00:01<00:00, 203.10it/s][codecarbon INFO @ 03:18:51] Energy consumed for RAM : 0.000623 kWh. RAM Power : 38.0 W

Predictor_2 Epoch 10/12:  67%|â–ˆâ–ˆâ–ˆâ–ˆâ–ˆâ–ˆâ–‹   | 260/390 [00:01<00:00, 207.54it/s]
Predictor_2 Epoch 10/12:  72%|â–ˆâ–ˆâ–ˆâ–ˆâ–ˆâ–ˆâ–ˆâ–  | 282/390 [00:01<00:00, 203.75it/s]
Predictor_2 Epoch 10/12:  78%|â–ˆâ–ˆâ–ˆâ–ˆâ–ˆâ–ˆâ–ˆâ–Š  | 304/390 [00:01<00:00, 207.66it/s]
Predictor_2 Epoch 10/12:  84%|â–ˆâ–ˆâ–ˆâ–ˆâ–ˆâ–ˆâ–ˆâ–ˆâ–Ž | 326/390 [00:01<00:00, 203.61it/s][codecarbon INFO @ 03:18:52] Delta energy consumed for CPU with cpu_load : 0.000181 kWh, power : 45.0 W
[codecarbon INFO @ 03:18:52] Energy consumed for All CPU : 0.000738 kWh
[codecarbon INFO @ 03:18:52] Energy consumed for all GPUs : 0.001213 kWh. Total GPU Power : 60.984603207254594 W
[codecarbon INFO @ 03:18:52] 0.002573 kWh of electricity used since the beginning.

Predictor_2 Epoch 10/12:  89%|â–ˆâ–ˆâ–ˆâ–ˆâ–ˆâ–ˆâ–ˆâ–ˆâ–‰ | 348/390 [00:01<00:00, 208.06it/s]
Predictor_2 Epoch 10/12:  95%|â–ˆâ–ˆâ–ˆâ–ˆâ–ˆâ–ˆâ–ˆâ–ˆâ–ˆâ–| 370/390 [00:01<00:00, 204.00it/s]
Predictor_2 Epoch 10/12:  95%|â–ˆâ–ˆâ–ˆâ–ˆâ–ˆâ–ˆâ–ˆâ–ˆâ–ˆâ–| 370/390 [00:01<00:00, 204.00it/s, acc=98.44%, loss=0.0212]
                                                                                                    

Predictor_2 Epoch 11/12:   0%|          | 0/390 [00:00<?, ?it/s]
Predictor_2 Epoch 11/12:   4%|â–         | 17/390 [00:00<00:02, 158.74it/s]
Predictor_2 Epoch 11/12:  10%|â–‰         | 38/390 [00:00<00:01, 184.26it/s]
Predictor_2 Epoch 11/12:  16%|â–ˆâ–Œ        | 61/390 [00:00<00:01, 200.09it/s]
Predictor_2 Epoch 11/12:  21%|â–ˆâ–ˆ        | 82/390 [00:00<00:01, 197.61it/s]
Predictor_2 Epoch 11/12:  27%|â–ˆâ–ˆâ–‹       | 104/390 [00:00<00:01, 205.26it/s]
Predictor_2 Epoch 11/12:  32%|â–ˆâ–ˆâ–ˆâ–      | 126/390 [00:00<00:01, 201.06it/s]
Predictor_2 Epoch 11/12:  38%|â–ˆâ–ˆâ–ˆâ–Š      | 148/390 [00:00<00:01, 206.67it/s]
Predictor_2 Epoch 11/12:  44%|â–ˆâ–ˆâ–ˆâ–ˆâ–Ž     | 170/390 [00:00<00:01, 202.52it/s]
Predictor_2 Epoch 11/12:  49%|â–ˆâ–ˆâ–ˆâ–ˆâ–‰     | 193/390 [00:00<00:00, 210.11it/s]
Predictor_2 Epoch 11/12:  55%|â–ˆâ–ˆâ–ˆâ–ˆâ–ˆâ–Œ    | 215/390 [00:01<00:00, 204.68it/s]
Predictor_2 Epoch 11/12:  61%|â–ˆâ–ˆâ–ˆâ–ˆâ–ˆâ–ˆ    | 237/390 [00:01<00:00, 208.86it/s]
Predictor_2 Epoch 11/12:  66%|â–ˆâ–ˆâ–ˆâ–ˆâ–ˆâ–ˆâ–Œ   | 258/390 [00:01<00:00, 201.54it/s]
Predictor_2 Epoch 11/12:  72%|â–ˆâ–ˆâ–ˆâ–ˆâ–ˆâ–ˆâ–ˆâ–  | 281/390 [00:01<00:00, 209.38it/s]
Predictor_2 Epoch 11/12:  78%|â–ˆâ–ˆâ–ˆâ–ˆâ–ˆâ–ˆâ–ˆâ–Š  | 303/390 [00:01<00:00, 204.26it/s]
Predictor_2 Epoch 11/12:  84%|â–ˆâ–ˆâ–ˆâ–ˆâ–ˆâ–ˆâ–ˆâ–ˆâ–Ž | 326/390 [00:01<00:00, 203.20it/s]
Predictor_2 Epoch 11/12:  89%|â–ˆâ–ˆâ–ˆâ–ˆâ–ˆâ–ˆâ–ˆâ–ˆâ–‰ | 349/390 [00:01<00:00, 209.75it/s]
Predictor_2 Epoch 11/12:  95%|â–ˆâ–ˆâ–ˆâ–ˆâ–ˆâ–ˆâ–ˆâ–ˆâ–ˆâ–Œ| 371/390 [00:01<00:00, 205.19it/s]
Predictor_2 Epoch 11/12:  95%|â–ˆâ–ˆâ–ˆâ–ˆâ–ˆâ–ˆâ–ˆâ–ˆâ–ˆâ–Œ| 371/390 [00:01<00:00, 205.19it/s, acc=100.00%, loss=0.0026]
                                                                                                     

Predictor_2 Epoch 12/12:   0%|          | 0/390 [00:00<?, ?it/s]
Predictor_2 Epoch 12/12:   4%|â–         | 17/390 [00:00<00:02, 157.83it/s]
Predictor_2 Epoch 12/12:  10%|â–‰         | 38/390 [00:00<00:01, 185.08it/s]
Predictor_2 Epoch 12/12:  15%|â–ˆâ–Œ        | 60/390 [00:00<00:01, 200.48it/s]
Predictor_2 Epoch 12/12:  21%|â–ˆâ–ˆ        | 81/390 [00:00<00:01, 201.53it/s]
Predictor_2 Epoch 12/12:  26%|â–ˆâ–ˆâ–Œ       | 102/390 [00:00<00:01, 199.09it/s]
Predictor_2 Epoch 12/12:  32%|â–ˆâ–ˆâ–ˆâ–      | 124/390 [00:00<00:01, 205.12it/s]
Predictor_2 Epoch 12/12:  37%|â–ˆâ–ˆâ–ˆâ–‹      | 146/390 [00:00<00:01, 201.48it/s]
Predictor_2 Epoch 12/12:  43%|â–ˆâ–ˆâ–ˆâ–ˆâ–Ž     | 168/390 [00:00<00:01, 206.79it/s]
Predictor_2 Epoch 12/12:  49%|â–ˆâ–ˆâ–ˆâ–ˆâ–Š     | 190/390 [00:00<00:00, 202.90it/s]
Predictor_2 Epoch 12/12:  55%|â–ˆâ–ˆâ–ˆâ–ˆâ–ˆâ–    | 213/390 [00:01<00:00, 210.10it/s]
Predictor_2 Epoch 12/12:  60%|â–ˆâ–ˆâ–ˆâ–ˆâ–ˆâ–ˆ    | 235/390 [00:01<00:00, 205.03it/s]
Predictor_2 Epoch 12/12:  66%|â–ˆâ–ˆâ–ˆâ–ˆâ–ˆâ–ˆâ–Œ   | 258/390 [00:01<00:00, 203.77it/s]
Predictor_2 Epoch 12/12:  72%|â–ˆâ–ˆâ–ˆâ–ˆâ–ˆâ–ˆâ–ˆâ–  | 280/390 [00:01<00:00, 208.11it/s]
Predictor_2 Epoch 12/12:  77%|â–ˆâ–ˆâ–ˆâ–ˆâ–ˆâ–ˆâ–ˆâ–‹  | 302/390 [00:01<00:00, 203.73it/s]
Predictor_2 Epoch 12/12:  83%|â–ˆâ–ˆâ–ˆâ–ˆâ–ˆâ–ˆâ–ˆâ–ˆâ–Ž | 324/390 [00:01<00:00, 208.23it/s]
Predictor_2 Epoch 12/12:  89%|â–ˆâ–ˆâ–ˆâ–ˆâ–ˆâ–ˆâ–ˆâ–ˆâ–Š | 346/390 [00:01<00:00, 203.79it/s]
Predictor_2 Epoch 12/12:  94%|â–ˆâ–ˆâ–ˆâ–ˆâ–ˆâ–ˆâ–ˆâ–ˆâ–ˆâ–| 368/390 [00:01<00:00, 208.17it/s]
Predictor_2 Epoch 12/12:  94%|â–ˆâ–ˆâ–ˆâ–ˆâ–ˆâ–ˆâ–ˆâ–ˆâ–ˆâ–| 368/390 [00:01<00:00, 208.17it/s, acc=100.00%, loss=0.0109]
Predictor_2 Epoch 12/12: 100%|â–ˆâ–ˆâ–ˆâ–ˆâ–ˆâ–ˆâ–ˆâ–ˆâ–ˆâ–ˆ| 390/390 [00:01<00:00, 202.40it/s, acc=100.00%, loss=0.0109]
                                                                                                     

Predictor_3 Epoch 1/12:   0%|          | 0/390 [00:00<?, ?it/s]
Predictor_3 Epoch 1/12:   4%|â–         | 17/390 [00:00<00:02, 157.83it/s]
Predictor_3 Epoch 1/12:  10%|â–ˆ         | 39/390 [00:00<00:01, 191.51it/s]
Predictor_3 Epoch 1/12:  16%|â–ˆâ–Œ        | 61/390 [00:00<00:01, 197.83it/s]
Predictor_3 Epoch 1/12:  21%|â–ˆâ–ˆ        | 82/390 [00:00<00:01, 197.42it/s]
Predictor_3 Epoch 1/12:  27%|â–ˆâ–ˆâ–‹       | 104/390 [00:00<00:01, 204.30it/s]
Predictor_3 Epoch 1/12:  32%|â–ˆâ–ˆâ–ˆâ–      | 126/390 [00:00<00:01, 200.10it/s]
Predictor_3 Epoch 1/12:  38%|â–ˆâ–ˆâ–ˆâ–Š      | 147/390 [00:00<00:01, 202.92it/s]
Predictor_3 Epoch 1/12:  43%|â–ˆâ–ˆâ–ˆâ–ˆâ–Ž     | 169/390 [00:00<00:01, 207.52it/s]
Predictor_3 Epoch 1/12:  49%|â–ˆâ–ˆâ–ˆâ–ˆâ–Š     | 190/390 [00:00<00:00, 201.13it/s]
Predictor_3 Epoch 1/12:  54%|â–ˆâ–ˆâ–ˆâ–ˆâ–ˆâ–    | 211/390 [00:01<00:00, 203.73it/s]
Predictor_3 Epoch 1/12:  59%|â–ˆâ–ˆâ–ˆâ–ˆâ–ˆâ–‰    | 232/390 [00:01<00:00, 205.53it/s]
Predictor_3 Epoch 1/12:  65%|â–ˆâ–ˆâ–ˆâ–ˆâ–ˆâ–ˆâ–Œ   | 254/390 [00:01<00:00, 201.74it/s]
Predictor_3 Epoch 1/12:  71%|â–ˆâ–ˆâ–ˆâ–ˆâ–ˆâ–ˆâ–ˆ   | 277/390 [00:01<00:00, 208.96it/s]
Predictor_3 Epoch 1/12:  76%|â–ˆâ–ˆâ–ˆâ–ˆâ–ˆâ–ˆâ–ˆâ–‹  | 298/390 [00:01<00:00, 202.21it/s]
Predictor_3 Epoch 1/12:  82%|â–ˆâ–ˆâ–ˆâ–ˆâ–ˆâ–ˆâ–ˆâ–ˆâ– | 320/390 [00:01<00:00, 206.88it/s]
Predictor_3 Epoch 1/12:  88%|â–ˆâ–ˆâ–ˆâ–ˆâ–ˆâ–ˆâ–ˆâ–ˆâ–Š | 342/390 [00:01<00:00, 203.26it/s]
Predictor_3 Epoch 1/12:  93%|â–ˆâ–ˆâ–ˆâ–ˆâ–ˆâ–ˆâ–ˆâ–ˆâ–ˆâ–Ž| 364/390 [00:01<00:00, 207.74it/s]
Predictor_3 Epoch 1/12:  99%|â–ˆâ–ˆâ–ˆâ–ˆâ–ˆâ–ˆâ–ˆâ–ˆâ–ˆâ–Š| 385/390 [00:01<00:00, 200.04it/s]
Predictor_3 Epoch 1/12:  99%|â–ˆâ–ˆâ–ˆâ–ˆâ–ˆâ–ˆâ–ˆâ–ˆâ–ˆâ–Š| 385/390 [00:01<00:00, 200.04it/s, acc=100.00%, loss=0.0211]
                                                                                                    

Predictor_3 Epoch 2/12:   0%|          | 0/390 [00:00<?, ?it/s]
Predictor_3 Epoch 2/12:   4%|â–         | 17/390 [00:00<00:02, 157.99it/s]
Predictor_3 Epoch 2/12:  10%|â–‰         | 38/390 [00:00<00:01, 185.28it/s]
Predictor_3 Epoch 2/12:  15%|â–ˆâ–Œ        | 60/390 [00:00<00:01, 200.14it/s]
Predictor_3 Epoch 2/12:  21%|â–ˆâ–ˆ        | 81/390 [00:00<00:01, 200.98it/s]
Predictor_3 Epoch 2/12:  26%|â–ˆâ–ˆâ–Œ       | 102/390 [00:00<00:01, 199.45it/s]
Predictor_3 Epoch 2/12:  32%|â–ˆâ–ˆâ–ˆâ–      | 124/390 [00:00<00:01, 205.95it/s]
Predictor_3 Epoch 2/12:  37%|â–ˆâ–ˆâ–ˆâ–‹      | 146/390 [00:00<00:01, 202.44it/s]
Predictor_3 Epoch 2/12:  43%|â–ˆâ–ˆâ–ˆâ–ˆâ–Ž     | 168/390 [00:00<00:01, 207.01it/s]
Predictor_3 Epoch 2/12:  49%|â–ˆâ–ˆâ–ˆâ–ˆâ–Š     | 190/390 [00:00<00:00, 203.31it/s]
Predictor_3 Epoch 2/12:  54%|â–ˆâ–ˆâ–ˆâ–ˆâ–ˆâ–    | 212/390 [00:01<00:00, 207.70it/s]
Predictor_3 Epoch 2/12:  60%|â–ˆâ–ˆâ–ˆâ–ˆâ–ˆâ–ˆ    | 234/390 [00:01<00:00, 203.62it/s]
Predictor_3 Epoch 2/12:  66%|â–ˆâ–ˆâ–ˆâ–ˆâ–ˆâ–ˆâ–Œ   | 256/390 [00:01<00:00, 208.04it/s]
Predictor_3 Epoch 2/12:  71%|â–ˆâ–ˆâ–ˆâ–ˆâ–ˆâ–ˆâ–ˆâ–  | 278/390 [00:01<00:00, 203.68it/s]
Predictor_3 Epoch 2/12:  77%|â–ˆâ–ˆâ–ˆâ–ˆâ–ˆâ–ˆâ–ˆâ–‹  | 301/390 [00:01<00:00, 210.23it/s]
Predictor_3 Epoch 2/12:  83%|â–ˆâ–ˆâ–ˆâ–ˆâ–ˆâ–ˆâ–ˆâ–ˆâ–Ž | 323/390 [00:01<00:00, 205.33it/s]
Predictor_3 Epoch 2/12:  88%|â–ˆâ–ˆâ–ˆâ–ˆâ–ˆâ–ˆâ–ˆâ–ˆâ–Š | 345/390 [00:01<00:00, 209.45it/s]
Predictor_3 Epoch 2/12:  94%|â–ˆâ–ˆâ–ˆâ–ˆâ–ˆâ–ˆâ–ˆâ–ˆâ–ˆâ–| 367/390 [00:01<00:00, 205.26it/s]
Predictor_3 Epoch 2/12: 100%|â–ˆâ–ˆâ–ˆâ–ˆâ–ˆâ–ˆâ–ˆâ–ˆâ–ˆâ–‰| 389/390 [00:01<00:00, 209.30it/s]
Predictor_3 Epoch 2/12: 100%|â–ˆâ–ˆâ–ˆâ–ˆâ–ˆâ–ˆâ–ˆâ–ˆâ–ˆâ–‰| 389/390 [00:01<00:00, 209.30it/s, acc=99.22%, loss=0.0109]
                                                                                                   

Predictor_3 Epoch 3/12:   0%|          | 0/390 [00:00<?, ?it/s]
Predictor_3 Epoch 3/12:   4%|â–         | 17/390 [00:00<00:02, 159.10it/s]
Predictor_3 Epoch 3/12:  10%|â–‰         | 38/390 [00:00<00:01, 185.07it/s]
Predictor_3 Epoch 3/12:  15%|â–ˆâ–Œ        | 60/390 [00:00<00:01, 200.57it/s]
Predictor_3 Epoch 3/12:  21%|â–ˆâ–ˆ        | 81/390 [00:00<00:01, 203.45it/s]
Predictor_3 Epoch 3/12:  26%|â–ˆâ–ˆâ–Œ       | 102/390 [00:00<00:01, 198.95it/s]
Predictor_3 Epoch 3/12:  32%|â–ˆâ–ˆâ–ˆâ–      | 124/390 [00:00<00:01, 205.72it/s]
Predictor_3 Epoch 3/12:  37%|â–ˆâ–ˆâ–ˆâ–‹      | 145/390 [00:00<00:01, 206.77it/s]
Predictor_3 Epoch 3/12:  43%|â–ˆâ–ˆâ–ˆâ–ˆâ–Ž     | 166/390 [00:00<00:01, 199.86it/s]
Predictor_3 Epoch 3/12:  48%|â–ˆâ–ˆâ–ˆâ–ˆâ–Š     | 189/390 [00:00<00:00, 208.38it/s]
Predictor_3 Epoch 3/12:  54%|â–ˆâ–ˆâ–ˆâ–ˆâ–ˆâ–    | 210/390 [00:01<00:00, 201.88it/s]
Predictor_3 Epoch 3/12:  60%|â–ˆâ–ˆâ–ˆâ–ˆâ–ˆâ–‰    | 233/390 [00:01<00:00, 209.16it/s]
Predictor_3 Epoch 3/12:  65%|â–ˆâ–ˆâ–ˆâ–ˆâ–ˆâ–ˆâ–Œ   | 254/390 [00:01<00:00, 202.48it/s]
Predictor_3 Epoch 3/12:  71%|â–ˆâ–ˆâ–ˆâ–ˆâ–ˆâ–ˆâ–ˆ   | 276/390 [00:01<00:00, 207.44it/s]
Predictor_3 Epoch 3/12:  76%|â–ˆâ–ˆâ–ˆâ–ˆâ–ˆâ–ˆâ–ˆâ–‹  | 298/390 [00:01<00:00, 203.78it/s]
Predictor_3 Epoch 3/12:  82%|â–ˆâ–ˆâ–ˆâ–ˆâ–ˆâ–ˆâ–ˆâ–ˆâ– | 320/390 [00:01<00:00, 207.78it/s]
Predictor_3 Epoch 3/12:  88%|â–ˆâ–ˆâ–ˆâ–ˆâ–ˆâ–ˆâ–ˆâ–ˆâ–Š | 342/390 [00:01<00:00, 203.68it/s]
Predictor_3 Epoch 3/12:  93%|â–ˆâ–ˆâ–ˆâ–ˆâ–ˆâ–ˆâ–ˆâ–ˆâ–ˆâ–Ž| 364/390 [00:01<00:00, 207.95it/s]
Predictor_3 Epoch 3/12:  99%|â–ˆâ–ˆâ–ˆâ–ˆâ–ˆâ–ˆâ–ˆâ–ˆâ–ˆâ–Š| 385/390 [00:01<00:00, 200.46it/s]
Predictor_3 Epoch 3/12:  99%|â–ˆâ–ˆâ–ˆâ–ˆâ–ˆâ–ˆâ–ˆâ–ˆâ–ˆâ–Š| 385/390 [00:01<00:00, 200.46it/s, acc=100.00%, loss=0.0084]
                                                                                                    

Predictor_3 Epoch 4/12:   0%|          | 0/390 [00:00<?, ?it/s]
Predictor_3 Epoch 4/12:   4%|â–         | 17/390 [00:00<00:02, 160.01it/s]
Predictor_3 Epoch 4/12:  10%|â–‰         | 38/390 [00:00<00:01, 187.16it/s]
Predictor_3 Epoch 4/12:  15%|â–ˆâ–Œ        | 60/390 [00:00<00:01, 200.77it/s]
Predictor_3 Epoch 4/12:  21%|â–ˆâ–ˆ        | 81/390 [00:00<00:01, 201.03it/s]
Predictor_3 Epoch 4/12:  26%|â–ˆâ–ˆâ–Œ       | 102/390 [00:00<00:01, 198.87it/s]
Predictor_3 Epoch 4/12:  32%|â–ˆâ–ˆâ–ˆâ–      | 125/390 [00:00<00:01, 206.52it/s]
Predictor_3 Epoch 4/12:  37%|â–ˆâ–ˆâ–ˆâ–‹      | 146/390 [00:00<00:01, 202.04it/s]
Predictor_3 Epoch 4/12:  43%|â–ˆâ–ˆâ–ˆâ–ˆâ–Ž     | 168/390 [00:00<00:01, 206.43it/s]
Predictor_3 Epoch 4/12:  49%|â–ˆâ–ˆâ–ˆâ–ˆâ–Š     | 190/390 [00:00<00:00, 202.55it/s]
Predictor_3 Epoch 4/12:  54%|â–ˆâ–ˆâ–ˆâ–ˆâ–ˆâ–    | 212/390 [00:01<00:00, 206.74it/s]
Predictor_3 Epoch 4/12:  60%|â–ˆâ–ˆâ–ˆâ–ˆâ–ˆâ–ˆ    | 234/390 [00:01<00:00, 203.41it/s]
Predictor_3 Epoch 4/12:  66%|â–ˆâ–ˆâ–ˆâ–ˆâ–ˆâ–ˆâ–Œ   | 256/390 [00:01<00:00, 207.49it/s]
Predictor_3 Epoch 4/12:  71%|â–ˆâ–ˆâ–ˆâ–ˆâ–ˆâ–ˆâ–ˆâ–  | 278/390 [00:01<00:00, 203.22it/s]
Predictor_3 Epoch 4/12:  77%|â–ˆâ–ˆâ–ˆâ–ˆâ–ˆâ–ˆâ–ˆâ–‹  | 300/390 [00:01<00:00, 207.09it/s]
Predictor_3 Epoch 4/12:  82%|â–ˆâ–ˆâ–ˆâ–ˆâ–ˆâ–ˆâ–ˆâ–ˆâ– | 321/390 [00:01<00:00, 207.92it/s]
Predictor_3 Epoch 4/12:  88%|â–ˆâ–ˆâ–ˆâ–ˆâ–ˆâ–ˆâ–ˆâ–ˆâ–Š | 342/390 [00:01<00:00, 202.59it/s]
Predictor_3 Epoch 4/12:  93%|â–ˆâ–ˆâ–ˆâ–ˆâ–ˆâ–ˆâ–ˆâ–ˆâ–ˆâ–Ž| 364/390 [00:01<00:00, 207.02it/s]
Predictor_3 Epoch 4/12:  99%|â–ˆâ–ˆâ–ˆâ–ˆâ–ˆâ–ˆâ–ˆâ–ˆâ–ˆâ–Š| 385/390 [00:01<00:00, 201.10it/s]
Predictor_3 Epoch 4/12:  99%|â–ˆâ–ˆâ–ˆâ–ˆâ–ˆâ–ˆâ–ˆâ–ˆâ–ˆâ–Š| 385/390 [00:01<00:00, 201.10it/s, acc=100.00%, loss=0.0011]
                                                                                                    

Predictor_3 Epoch 5/12:   0%|          | 0/390 [00:00<?, ?it/s][codecarbon INFO @ 03:19:06] Energy consumed for RAM : 0.000776 kWh. RAM Power : 38.0 W

Predictor_3 Epoch 5/12:   4%|â–         | 17/390 [00:00<00:02, 158.02it/s]
Predictor_3 Epoch 5/12:  10%|â–ˆ         | 39/390 [00:00<00:01, 190.38it/s]
Predictor_3 Epoch 5/12:  16%|â–ˆâ–Œ        | 61/390 [00:00<00:01, 198.38it/s]
Predictor_3 Epoch 5/12:  21%|â–ˆâ–ˆ        | 82/390 [00:00<00:01, 198.57it/s]
Predictor_3 Epoch 5/12:  26%|â–ˆâ–ˆâ–‹       | 103/390 [00:00<00:01, 202.38it/s][codecarbon INFO @ 03:19:07] Delta energy consumed for CPU with cpu_load : 0.000181 kWh, power : 45.0 W
[codecarbon INFO @ 03:19:07] Energy consumed for All CPU : 0.000919 kWh
[codecarbon INFO @ 03:19:07] Energy consumed for all GPUs : 0.001480 kWh. Total GPU Power : 64.18726924440514 W
[codecarbon INFO @ 03:19:07] 0.003175 kWh of electricity used since the beginning.

Predictor_3 Epoch 5/12:  32%|â–ˆâ–ˆâ–ˆâ–      | 125/390 [00:00<00:01, 207.50it/s]
Predictor_3 Epoch 5/12:  37%|â–ˆâ–ˆâ–ˆâ–‹      | 146/390 [00:00<00:01, 200.61it/s]
Predictor_3 Epoch 5/12:  43%|â–ˆâ–ˆâ–ˆâ–ˆâ–Ž     | 168/390 [00:00<00:01, 206.27it/s]
Predictor_3 Epoch 5/12:  49%|â–ˆâ–ˆâ–ˆâ–ˆâ–Š     | 190/390 [00:00<00:00, 202.22it/s]
Predictor_3 Epoch 5/12:  54%|â–ˆâ–ˆâ–ˆâ–ˆâ–ˆâ–    | 212/390 [00:01<00:00, 206.71it/s]
Predictor_3 Epoch 5/12:  60%|â–ˆâ–ˆâ–ˆâ–ˆâ–ˆâ–ˆ    | 234/390 [00:01<00:00, 203.03it/s]
Predictor_3 Epoch 5/12:  66%|â–ˆâ–ˆâ–ˆâ–ˆâ–ˆâ–ˆâ–Œ   | 256/390 [00:01<00:00, 207.00it/s]
Predictor_3 Epoch 5/12:  71%|â–ˆâ–ˆâ–ˆâ–ˆâ–ˆâ–ˆâ–ˆâ–  | 278/390 [00:01<00:00, 203.35it/s]
Predictor_3 Epoch 5/12:  77%|â–ˆâ–ˆâ–ˆâ–ˆâ–ˆâ–ˆâ–ˆâ–‹  | 300/390 [00:01<00:00, 207.20it/s]
Predictor_3 Epoch 5/12:  83%|â–ˆâ–ˆâ–ˆâ–ˆâ–ˆâ–ˆâ–ˆâ–ˆâ–Ž | 322/390 [00:01<00:00, 203.44it/s]
Predictor_3 Epoch 5/12:  88%|â–ˆâ–ˆâ–ˆâ–ˆâ–ˆâ–ˆâ–ˆâ–ˆâ–Š | 344/390 [00:01<00:00, 207.61it/s]
Predictor_3 Epoch 5/12:  94%|â–ˆâ–ˆâ–ˆâ–ˆâ–ˆâ–ˆâ–ˆâ–ˆâ–ˆâ–| 366/390 [00:01<00:00, 203.45it/s]
Predictor_3 Epoch 5/12:  99%|â–ˆâ–ˆâ–ˆâ–ˆâ–ˆâ–ˆâ–ˆâ–ˆâ–ˆâ–‰| 388/390 [00:01<00:00, 207.43it/s]
Predictor_3 Epoch 5/12:  99%|â–ˆâ–ˆâ–ˆâ–ˆâ–ˆâ–ˆâ–ˆâ–ˆâ–ˆâ–‰| 388/390 [00:01<00:00, 207.43it/s, acc=100.00%, loss=0.0026]
                                                                                                    

Predictor_3 Epoch 6/12:   0%|          | 0/390 [00:00<?, ?it/s]
Predictor_3 Epoch 6/12:   4%|â–         | 16/390 [00:00<00:02, 156.47it/s]
Predictor_3 Epoch 6/12:   9%|â–‰         | 37/390 [00:00<00:01, 180.19it/s]
Predictor_3 Epoch 6/12:  15%|â–ˆâ–        | 58/390 [00:00<00:01, 191.60it/s]
Predictor_3 Epoch 6/12:  21%|â–ˆâ–ˆ        | 80/390 [00:00<00:01, 201.58it/s]
Predictor_3 Epoch 6/12:  26%|â–ˆâ–ˆâ–Œ       | 101/390 [00:00<00:01, 203.92it/s]
Predictor_3 Epoch 6/12:  31%|â–ˆâ–ˆâ–ˆâ–      | 122/390 [00:00<00:01, 198.58it/s]
Predictor_3 Epoch 6/12:  37%|â–ˆâ–ˆâ–ˆâ–‹      | 143/390 [00:00<00:01, 201.67it/s]
Predictor_3 Epoch 6/12:  42%|â–ˆâ–ˆâ–ˆâ–ˆâ–     | 165/390 [00:00<00:01, 206.88it/s]
Predictor_3 Epoch 6/12:  48%|â–ˆâ–ˆâ–ˆâ–ˆâ–Š     | 186/390 [00:00<00:01, 201.29it/s]
Predictor_3 Epoch 6/12:  53%|â–ˆâ–ˆâ–ˆâ–ˆâ–ˆâ–Ž    | 208/390 [00:01<00:00, 205.99it/s]
Predictor_3 Epoch 6/12:  59%|â–ˆâ–ˆâ–ˆâ–ˆâ–ˆâ–‰    | 230/390 [00:01<00:00, 202.32it/s]
Predictor_3 Epoch 6/12:  65%|â–ˆâ–ˆâ–ˆâ–ˆâ–ˆâ–ˆâ–   | 252/390 [00:01<00:00, 206.68it/s]
Predictor_3 Epoch 6/12:  70%|â–ˆâ–ˆâ–ˆâ–ˆâ–ˆâ–ˆâ–ˆ   | 274/390 [00:01<00:00, 202.32it/s]
Predictor_3 Epoch 6/12:  76%|â–ˆâ–ˆâ–ˆâ–ˆâ–ˆâ–ˆâ–ˆâ–Œ  | 296/390 [00:01<00:00, 206.39it/s]
Predictor_3 Epoch 6/12:  82%|â–ˆâ–ˆâ–ˆâ–ˆâ–ˆâ–ˆâ–ˆâ–ˆâ– | 318/390 [00:01<00:00, 203.03it/s]
Predictor_3 Epoch 6/12:  87%|â–ˆâ–ˆâ–ˆâ–ˆâ–ˆâ–ˆâ–ˆâ–ˆâ–‹ | 340/390 [00:01<00:00, 207.00it/s]
Predictor_3 Epoch 6/12:  93%|â–ˆâ–ˆâ–ˆâ–ˆâ–ˆâ–ˆâ–ˆâ–ˆâ–ˆâ–Ž| 362/390 [00:01<00:00, 203.19it/s]
Predictor_3 Epoch 6/12:  98%|â–ˆâ–ˆâ–ˆâ–ˆâ–ˆâ–ˆâ–ˆâ–ˆâ–ˆâ–Š| 383/390 [00:01<00:00, 196.77it/s]
Predictor_3 Epoch 6/12:  98%|â–ˆâ–ˆâ–ˆâ–ˆâ–ˆâ–ˆâ–ˆâ–ˆâ–ˆâ–Š| 383/390 [00:01<00:00, 196.77it/s, acc=100.00%, loss=0.0023]
                                                                                                    

Predictor_3 Epoch 7/12:   0%|          | 0/390 [00:00<?, ?it/s]
Predictor_3 Epoch 7/12:   4%|â–         | 17/390 [00:00<00:02, 157.88it/s]
Predictor_3 Epoch 7/12:  10%|â–‰         | 38/390 [00:00<00:01, 184.86it/s]
Predictor_3 Epoch 7/12:  15%|â–ˆâ–Œ        | 60/390 [00:00<00:01, 199.95it/s]
Predictor_3 Epoch 7/12:  21%|â–ˆâ–ˆ        | 81/390 [00:00<00:01, 202.68it/s]
Predictor_3 Epoch 7/12:  26%|â–ˆâ–ˆâ–Œ       | 102/390 [00:00<00:01, 197.35it/s]
Predictor_3 Epoch 7/12:  32%|â–ˆâ–ˆâ–ˆâ–      | 124/390 [00:00<00:01, 203.66it/s]
Predictor_3 Epoch 7/12:  37%|â–ˆâ–ˆâ–ˆâ–‹      | 146/390 [00:00<00:01, 200.77it/s]
Predictor_3 Epoch 7/12:  43%|â–ˆâ–ˆâ–ˆâ–ˆâ–Ž     | 168/390 [00:00<00:01, 206.03it/s]
Predictor_3 Epoch 7/12:  49%|â–ˆâ–ˆâ–ˆâ–ˆâ–Š     | 190/390 [00:00<00:00, 202.49it/s]
Predictor_3 Epoch 7/12:  54%|â–ˆâ–ˆâ–ˆâ–ˆâ–ˆâ–    | 212/390 [00:01<00:00, 206.92it/s]
Predictor_3 Epoch 7/12:  60%|â–ˆâ–ˆâ–ˆâ–ˆâ–ˆâ–ˆ    | 234/390 [00:01<00:00, 203.25it/s]
Predictor_3 Epoch 7/12:  66%|â–ˆâ–ˆâ–ˆâ–ˆâ–ˆâ–ˆâ–Œ   | 256/390 [00:01<00:00, 207.52it/s]
Predictor_3 Epoch 7/12:  71%|â–ˆâ–ˆâ–ˆâ–ˆâ–ˆâ–ˆâ–ˆâ–  | 278/390 [00:01<00:00, 203.69it/s]
Predictor_3 Epoch 7/12:  77%|â–ˆâ–ˆâ–ˆâ–ˆâ–ˆâ–ˆâ–ˆâ–‹  | 300/390 [00:01<00:00, 207.88it/s]
Predictor_3 Epoch 7/12:  83%|â–ˆâ–ˆâ–ˆâ–ˆâ–ˆâ–ˆâ–ˆâ–ˆâ–Ž | 322/390 [00:01<00:00, 203.75it/s]
Predictor_3 Epoch 7/12:  88%|â–ˆâ–ˆâ–ˆâ–ˆâ–ˆâ–ˆâ–ˆâ–ˆâ–Š | 344/390 [00:01<00:00, 207.96it/s]
Predictor_3 Epoch 7/12:  94%|â–ˆâ–ˆâ–ˆâ–ˆâ–ˆâ–ˆâ–ˆâ–ˆâ–ˆâ–Ž| 365/390 [00:01<00:00, 208.46it/s]
Predictor_3 Epoch 7/12:  99%|â–ˆâ–ˆâ–ˆâ–ˆâ–ˆâ–ˆâ–ˆâ–ˆâ–ˆâ–‰| 386/390 [00:01<00:00, 196.45it/s]
Predictor_3 Epoch 7/12:  99%|â–ˆâ–ˆâ–ˆâ–ˆâ–ˆâ–ˆâ–ˆâ–ˆâ–ˆâ–‰| 386/390 [00:01<00:00, 196.45it/s, acc=100.00%, loss=0.0014]
                                                                                                    

Predictor_3 Epoch 8/12:   0%|          | 0/390 [00:00<?, ?it/s]
Predictor_3 Epoch 8/12:   4%|â–         | 17/390 [00:00<00:02, 160.99it/s]
Predictor_3 Epoch 8/12:  10%|â–ˆ         | 40/390 [00:00<00:01, 200.16it/s]
Predictor_3 Epoch 8/12:  16%|â–ˆâ–Œ        | 61/390 [00:00<00:01, 196.99it/s]
Predictor_3 Epoch 8/12:  21%|â–ˆâ–ˆ        | 82/390 [00:00<00:01, 201.79it/s]
Predictor_3 Epoch 8/12:  27%|â–ˆâ–ˆâ–‹       | 105/390 [00:00<00:01, 204.61it/s]
Predictor_3 Epoch 8/12:  32%|â–ˆâ–ˆâ–ˆâ–      | 126/390 [00:00<00:01, 204.98it/s]
Predictor_3 Epoch 8/12:  38%|â–ˆâ–ˆâ–ˆâ–Š      | 148/390 [00:00<00:01, 209.73it/s]
Predictor_3 Epoch 8/12:  43%|â–ˆâ–ˆâ–ˆâ–ˆâ–Ž     | 169/390 [00:00<00:01, 208.34it/s]
Predictor_3 Epoch 8/12:  49%|â–ˆâ–ˆâ–ˆâ–ˆâ–Š     | 190/390 [00:00<00:00, 205.47it/s]
Predictor_3 Epoch 8/12:  55%|â–ˆâ–ˆâ–ˆâ–ˆâ–ˆâ–    | 213/390 [00:01<00:00, 209.76it/s]
Predictor_3 Epoch 8/12:  60%|â–ˆâ–ˆâ–ˆâ–ˆâ–ˆâ–ˆ    | 234/390 [00:01<00:00, 205.41it/s]
Predictor_3 Epoch 8/12:  66%|â–ˆâ–ˆâ–ˆâ–ˆâ–ˆâ–ˆâ–Œ   | 256/390 [00:01<00:00, 209.56it/s]
Predictor_3 Epoch 8/12:  71%|â–ˆâ–ˆâ–ˆâ–ˆâ–ˆâ–ˆâ–ˆâ–  | 278/390 [00:01<00:00, 205.27it/s]
Predictor_3 Epoch 8/12:  77%|â–ˆâ–ˆâ–ˆâ–ˆâ–ˆâ–ˆâ–ˆâ–‹  | 300/390 [00:01<00:00, 209.15it/s]
Predictor_3 Epoch 8/12:  83%|â–ˆâ–ˆâ–ˆâ–ˆâ–ˆâ–ˆâ–ˆâ–ˆâ–Ž | 322/390 [00:01<00:00, 205.13it/s]
Predictor_3 Epoch 8/12:  88%|â–ˆâ–ˆâ–ˆâ–ˆâ–ˆâ–ˆâ–ˆâ–ˆâ–Š | 344/390 [00:01<00:00, 208.73it/s]
Predictor_3 Epoch 8/12:  94%|â–ˆâ–ˆâ–ˆâ–ˆâ–ˆâ–ˆâ–ˆâ–ˆâ–ˆâ–| 366/390 [00:01<00:00, 205.06it/s]
Predictor_3 Epoch 8/12:  99%|â–ˆâ–ˆâ–ˆâ–ˆâ–ˆâ–ˆâ–ˆâ–ˆâ–ˆâ–‰| 387/390 [00:01<00:00, 204.50it/s]
Predictor_3 Epoch 8/12:  99%|â–ˆâ–ˆâ–ˆâ–ˆâ–ˆâ–ˆâ–ˆâ–ˆâ–ˆâ–‰| 387/390 [00:01<00:00, 204.50it/s, acc=100.00%, loss=0.0012]
                                                                                                    

Predictor_3 Epoch 9/12:   0%|          | 0/390 [00:00<?, ?it/s]
Predictor_3 Epoch 9/12:   4%|â–         | 17/390 [00:00<00:02, 162.30it/s]
Predictor_3 Epoch 9/12:  10%|â–ˆ         | 39/390 [00:00<00:01, 194.10it/s]
Predictor_3 Epoch 9/12:  16%|â–ˆâ–Œ        | 61/390 [00:00<00:01, 199.15it/s]
Predictor_3 Epoch 9/12:  21%|â–ˆâ–ˆ        | 82/390 [00:00<00:01, 199.96it/s]
Predictor_3 Epoch 9/12:  27%|â–ˆâ–ˆâ–‹       | 105/390 [00:00<00:01, 206.23it/s]
Predictor_3 Epoch 9/12:  32%|â–ˆâ–ˆâ–ˆâ–      | 126/390 [00:00<00:01, 202.85it/s]
Predictor_3 Epoch 9/12:  38%|â–ˆâ–ˆâ–ˆâ–Š      | 148/390 [00:00<00:01, 207.61it/s]
Predictor_3 Epoch 9/12:  44%|â–ˆâ–ˆâ–ˆâ–ˆâ–Ž     | 170/390 [00:00<00:01, 203.01it/s]
Predictor_3 Epoch 9/12:  49%|â–ˆâ–ˆâ–ˆâ–ˆâ–‰     | 192/390 [00:00<00:00, 207.97it/s]
Predictor_3 Epoch 9/12:  55%|â–ˆâ–ˆâ–ˆâ–ˆâ–ˆâ–    | 214/390 [00:01<00:00, 204.84it/s]
Predictor_3 Epoch 9/12:  61%|â–ˆâ–ˆâ–ˆâ–ˆâ–ˆâ–ˆ    | 236/390 [00:01<00:00, 208.72it/s]
Predictor_3 Epoch 9/12:  66%|â–ˆâ–ˆâ–ˆâ–ˆâ–ˆâ–ˆâ–Œ   | 258/390 [00:01<00:00, 204.94it/s]
Predictor_3 Epoch 9/12:  72%|â–ˆâ–ˆâ–ˆâ–ˆâ–ˆâ–ˆâ–ˆâ–  | 280/390 [00:01<00:00, 208.37it/s]
Predictor_3 Epoch 9/12:  77%|â–ˆâ–ˆâ–ˆâ–ˆâ–ˆâ–ˆâ–ˆâ–‹  | 302/390 [00:01<00:00, 205.32it/s]
Predictor_3 Epoch 9/12:  83%|â–ˆâ–ˆâ–ˆâ–ˆâ–ˆâ–ˆâ–ˆâ–ˆâ–Ž | 324/390 [00:01<00:00, 207.30it/s]
Predictor_3 Epoch 9/12:  89%|â–ˆâ–ˆâ–ˆâ–ˆâ–ˆâ–ˆâ–ˆâ–ˆâ–Š | 346/390 [00:01<00:00, 205.74it/s]
Predictor_3 Epoch 9/12:  94%|â–ˆâ–ˆâ–ˆâ–ˆâ–ˆâ–ˆâ–ˆâ–ˆâ–ˆâ–| 368/390 [00:01<00:00, 209.37it/s]
Predictor_3 Epoch 9/12: 100%|â–ˆâ–ˆâ–ˆâ–ˆâ–ˆâ–ˆâ–ˆâ–ˆâ–ˆâ–‰| 389/390 [00:01<00:00, 208.53it/s]
Predictor_3 Epoch 9/12: 100%|â–ˆâ–ˆâ–ˆâ–ˆâ–ˆâ–ˆâ–ˆâ–ˆâ–ˆâ–‰| 389/390 [00:01<00:00, 208.53it/s, acc=100.00%, loss=0.0008]
                                                                                                    

Evaluating CaFo (sum):   0%|          | 0/40 [00:00<?, ?it/s]
Evaluating CaFo (sum):   2%|â–Ž         | 1/40 [00:00<00:05,  7.22it/s]
Evaluating CaFo (sum):  32%|â–ˆâ–ˆâ–ˆâ–Ž      | 13/40 [00:00<00:00, 62.35it/s]
Evaluating CaFo (sum):  62%|â–ˆâ–ˆâ–ˆâ–ˆâ–ˆâ–ˆâ–Ž   | 25/40 [00:00<00:00, 82.19it/s]
Evaluating CaFo (sum):  92%|â–ˆâ–ˆâ–ˆâ–ˆâ–ˆâ–ˆâ–ˆâ–ˆâ–ˆâ–Ž| 37/40 [00:00<00:00, 92.25it/s]
                                                                      
[codecarbon INFO @ 03:19:18] Energy consumed for RAM : 0.000897 kWh. RAM Power : 38.0 W
[codecarbon INFO @ 03:19:19] Delta energy consumed for CPU with cpu_load : 0.000143 kWh, power : 45.0 W
[codecarbon INFO @ 03:19:19] Energy consumed for All CPU : 0.001062 kWh
[codecarbon INFO @ 03:19:19] Energy consumed for all GPUs : 0.001696 kWh. Total GPU Power : 64.91171554203878 W
[codecarbon INFO @ 03:19:19] 0.003654 kWh of electricity used since the beginning.
wandb: uploading output.log
wandb:                                                                                
wandb: 
wandb: Run history:
wandb:              CaFo_DFA/BlockTrain_Acc_Batch â–â–ˆâ–ˆâ–ˆâ–ˆ
wandb:           CaFo_DFA/BlockTrain_Acc_EpochAvg â–â–†â–‡â–ˆâ–ˆ
wandb:      CaFo_DFA/BlockTrain_GPU_Mem_MiB_Batch â–â–â–â–â–
wandb:             CaFo_DFA/BlockTrain_Loss_Batch â–ˆâ–ƒâ–‚â–â–
wandb:          CaFo_DFA/BlockTrain_Loss_EpochAvg â–ˆâ–ƒâ–‚â–â–
wandb: CaFo_DFA/BlockTrain_Peak_GPU_Mem_Epoch_MiB â–â–â–â–â–
wandb:                 Predictor_1/Epochs_Trained â–
wandb:         Predictor_1/GPU_Mem_Used_MiB_Batch â–â–ˆâ–ˆâ–ˆâ–ˆâ–ˆâ–ˆâ–ˆâ–ˆâ–ˆâ–ˆâ–ˆ
wandb:         Predictor_1/Peak_GPU_Mem_Epoch_MiB â–â–ˆâ–ˆâ–ˆâ–ˆâ–ˆâ–ˆâ–ˆâ–ˆâ–ˆâ–ˆâ–ˆ
wandb:         Predictor_1/Peak_GPU_Mem_Layer_MiB â–
wandb:                Predictor_1/Train_Acc_Batch â–â–†â–ƒâ–„â–†â–‡â–†â–†â–‡â–ˆâ–‡â–‡
wandb:             Predictor_1/Train_Acc_EpochAvg â–â–…â–†â–‡â–‡â–‡â–‡â–‡â–ˆâ–ˆâ–ˆâ–ˆ
wandb:             Predictor_1/Train_Acc_LayerAvg â–
wandb:               Predictor_1/Train_Loss_Batch â–ˆâ–ƒâ–‡â–ƒâ–‚â–‚â–‚â–‚â–‚â–â–â–‚
wandb:            Predictor_1/Train_Loss_EpochAvg â–ˆâ–„â–ƒâ–‚â–‚â–‚â–‚â–â–â–â–â–
wandb:            Predictor_1/Train_Loss_LayerAvg â–
wandb:                  Predictor_1/Val_Acc_Epoch â–â–„â–…â–‡â–‡â–‡â–ˆâ–‡â–‡â–‡â–ˆâ–ˆ
wandb:                 Predictor_1/Val_Loss_Epoch â–ˆâ–…â–„â–ƒâ–‚â–‚â–â–â–‚â–‚â–â–
wandb:                 Predictor_2/Epochs_Trained â–
wandb:         Predictor_2/GPU_Mem_Used_MiB_Batch â–â–â–â–â–â–â–â–â–â–â–â–
wandb:         Predictor_2/Peak_GPU_Mem_Epoch_MiB â–â–â–â–â–â–â–â–â–â–â–â–
wandb:         Predictor_2/Peak_GPU_Mem_Layer_MiB â–
wandb:                Predictor_2/Train_Acc_Batch â–â–‡â–‡â–‡â–ˆâ–‡â–‡â–‡â–ˆâ–…â–ˆâ–ˆ
wandb:             Predictor_2/Train_Acc_EpochAvg â–â–†â–†â–‡â–‡â–‡â–‡â–ˆâ–ˆâ–ˆâ–ˆâ–ˆ
wandb:             Predictor_2/Train_Acc_LayerAvg â–
wandb:               Predictor_2/Train_Loss_Batch â–ˆâ–ƒâ–ƒâ–‚â–‚â–‚â–‚â–‚â–‚â–‚â–â–
wandb:            Predictor_2/Train_Loss_EpochAvg â–ˆâ–ƒâ–ƒâ–‚â–‚â–‚â–â–â–â–â–â–
wandb:            Predictor_2/Train_Loss_LayerAvg â–
wandb:                  Predictor_2/Val_Acc_Epoch â–â–„â–†â–†â–‡â–‡â–ˆâ–†â–ˆâ–‡â–‡â–ˆ
wandb:                 Predictor_2/Val_Loss_Epoch â–ˆâ–„â–‚â–‚â–â–â–â–‚â–â–â–‚â–
wandb:                 Predictor_3/Epochs_Trained â–
wandb:         Predictor_3/GPU_Mem_Used_MiB_Batch â–â–â–â–â–â–â–â–â–
wandb:         Predictor_3/Peak_GPU_Mem_Epoch_MiB â–â–â–â–â–â–â–â–â–
wandb:         Predictor_3/Peak_GPU_Mem_Layer_MiB â–
wandb:                Predictor_3/Train_Acc_Batch â–ˆâ–â–ˆâ–ˆâ–ˆâ–ˆâ–ˆâ–ˆâ–ˆ
wandb:             Predictor_3/Train_Acc_EpochAvg â–â–‡â–ˆâ–ˆâ–ˆâ–ˆâ–ˆâ–ˆâ–ˆ
wandb:             Predictor_3/Train_Acc_LayerAvg â–
wandb:               Predictor_3/Train_Loss_Batch â–ˆâ–„â–„â–â–‚â–‚â–â–â–
wandb:            Predictor_3/Train_Loss_EpochAvg â–ˆâ–‚â–‚â–â–â–â–â–â–
wandb:            Predictor_3/Train_Loss_LayerAvg â–
wandb:                  Predictor_3/Val_Acc_Epoch â–â–ƒâ–†â–†â–†â–†â–†â–‡â–ˆ
wandb:                 Predictor_3/Val_Loss_Epoch â–ˆâ–„â–ƒâ–â–‚â–‚â–ƒâ–‚â–‚
wandb:                       estimated_fwd_gflops â–
wandb:                        final/Test_Accuracy â–
wandb:                            final/Test_Loss â–
wandb:           final/codecarbon_emissions_gCO2e â–
wandb:                 final/estimated_fwd_gflops â–
wandb:                final/peak_gpu_mem_used_mib â–
wandb:              final/total_gpu_energy_joules â–
wandb:                  final/total_gpu_energy_wh â–
wandb:               final/total_run_duration_sec â–
wandb:                final/training_duration_sec â–
wandb:                                global_step â–â–â–‚â–‚â–‚â–‚â–‚â–‚â–ƒâ–ƒâ–ƒâ–ƒâ–„â–„â–„â–„â–„â–„â–„â–…â–…â–…â–…â–…â–…â–†â–†â–†â–†â–†â–‡â–‡â–‡â–‡â–‡â–ˆâ–ˆâ–ˆâ–ˆâ–ˆ
wandb:                   initial_gpu_mem_used_mib â–
wandb:                     model_parameters_total â–
wandb:                 model_parameters_trainable â–
wandb: 
wandb: Run summary:
wandb:              CaFo_DFA/BlockTrain_Acc_Batch 100
wandb:           CaFo_DFA/BlockTrain_Acc_EpochAvg 99.86178
wandb:      CaFo_DFA/BlockTrain_GPU_Mem_MiB_Batch 1066
wandb:             CaFo_DFA/BlockTrain_Loss_Batch 0.00101
wandb:          CaFo_DFA/BlockTrain_Loss_EpochAvg 0.00566
wandb: CaFo_DFA/BlockTrain_Peak_GPU_Mem_Epoch_MiB 1066
wandb:                 Predictor_1/Epochs_Trained 12
wandb:         Predictor_1/GPU_Mem_Used_MiB_Batch 1092
wandb:         Predictor_1/Peak_GPU_Mem_Epoch_MiB 1092
wandb:         Predictor_1/Peak_GPU_Mem_Layer_MiB 1092
wandb:                Predictor_1/Train_Acc_Batch 99.21875
wandb:             Predictor_1/Train_Acc_EpochAvg 99.22276
wandb:             Predictor_1/Train_Acc_LayerAvg 99.22276
wandb:               Predictor_1/Train_Loss_Batch 0.05417
wandb:            Predictor_1/Train_Loss_EpochAvg 0.03161
wandb:            Predictor_1/Train_Loss_LayerAvg 0.03161
wandb:                  Predictor_1/Val_Acc_Epoch 97.99
wandb:                 Predictor_1/Val_Loss_Epoch 0.07266
wandb:                 Predictor_2/Epochs_Trained 12
wandb:         Predictor_2/GPU_Mem_Used_MiB_Batch 1092
wandb:         Predictor_2/Peak_GPU_Mem_Epoch_MiB 1092
wandb:         Predictor_2/Peak_GPU_Mem_Layer_MiB 1092
wandb:                Predictor_2/Train_Acc_Batch 100
wandb:             Predictor_2/Train_Acc_EpochAvg 99.85978
wandb:             Predictor_2/Train_Acc_LayerAvg 99.85978
wandb:               Predictor_2/Train_Loss_Batch 0.01091
wandb:            Predictor_2/Train_Loss_EpochAvg 0.00925
wandb:            Predictor_2/Train_Loss_LayerAvg 0.00925
wandb:                  Predictor_2/Val_Acc_Epoch 98.64
wandb:                 Predictor_2/Val_Loss_Epoch 0.04743
wandb:                 Predictor_3/Epochs_Trained 9
wandb:         Predictor_3/GPU_Mem_Used_MiB_Batch 1092
wandb:         Predictor_3/Peak_GPU_Mem_Epoch_MiB 1092
wandb:         Predictor_3/Peak_GPU_Mem_Layer_MiB 1092
wandb:                Predictor_3/Train_Acc_Batch 100
wandb:             Predictor_3/Train_Acc_EpochAvg 100
wandb:             Predictor_3/Train_Acc_LayerAvg 100
wandb:               Predictor_3/Train_Loss_Batch 0.00077
wandb:            Predictor_3/Train_Loss_EpochAvg 0.00097
wandb:            Predictor_3/Train_Loss_LayerAvg 0.00097
wandb:                  Predictor_3/Val_Acc_Epoch 99.13
wandb:                 Predictor_3/Val_Loss_Epoch 0.03123
wandb:                     codecarbon_country_iso POL
wandb:                         codecarbon_enabled True
wandb:                            codecarbon_mode offline
wandb:                 estimated_bp_update_gflops nan
wandb:                       estimated_fwd_gflops 0.07271
wandb:                        final/Test_Accuracy 99.05
wandb:                            final/Test_Loss 0.06292
wandb:           final/codecarbon_emissions_gCO2e 2.4189
wandb:           final/estimated_bp_update_gflops nan
wandb:                 final/estimated_fwd_gflops 0.07271
wandb:                final/peak_gpu_mem_used_mib 1092
wandb:              final/total_gpu_energy_joules 5981.89778
wandb:                  final/total_gpu_energy_wh 1.66164
wandb:               final/total_run_duration_sec 88.95886
wandb:                final/training_duration_sec 85.53359
wandb:                   initial_gpu_mem_used_mib 336.625
wandb:                     model_parameters_total 628320
wandb:                 model_parameters_trainable 628320
wandb: 
wandb: ðŸš€ View run cafodfa_mnist_cnn_3block at: https://wandb.ai/przspyra11/BeyondBackpropagation/runs/v21d8ynv
wandb: â­ï¸ View project at: https://wandb.ai/przspyra11/BeyondBackpropagation
wandb: Synced 5 W&B file(s), 0 media file(s), 0 artifact file(s) and 0 other file(s)
wandb: Find logs at: ./wandb/run-20250508_031750-v21d8ynv/logs
