 Python/3.10.4 unloaded.
 OpenSSL/1.1 unloaded.
 libffi/3.4.2 unloaded.
 GMP/6.2.1 unloaded.
 XZ/5.2.5 unloaded.
 SQLite/3.38.3 unloaded.
 Tcl/8.6.12 unloaded.
 libreadline/8.1.2 unloaded.
 ncurses/6.3 unloaded.
 zlib/1.2.12 unloaded.
 bzip2/1.0.8 unloaded.
 binutils/2.38 unloaded.
 binutils/2.38 loaded.
 bzip2/1.0.8 loaded.
 zlib/1.2.12 loaded.
 ncurses/6.3 loaded.
 libreadline/8.1.2 loaded.
 Tcl/8.6.12 loaded.
 SQLite/3.38.3 loaded.
 XZ/5.2.5 loaded.
 GMP/6.2.1 loaded.
 libffi/3.4.2 loaded.
 OpenSSL/1.1 loaded.
 Python/3.10.4 loaded.
 CUDA/12.4.0 loaded.

Currently Loaded Modules:
  1) binutils/2.38   5) libreadline/8.1.2   9) GMP/6.2.1      13) CUDA/12.4.0
  2) bzip2/1.0.8     6) Tcl/8.6.12         10) libffi/3.4.2
  3) zlib/1.2.12     7) SQLite/3.38.3      11) OpenSSL/1.1
  4) ncurses/6.3     8) XZ/5.2.5           12) Python/3.10.4

 

2025-05-05 05:35:57,658 - src.utils.config_parser - INFO - Successfully merged configuration from configs/bp_baselines/fashion_mnist_cnn_3block_bp.yaml and configs/base.yaml
wandb: Using wandb-core as the SDK backend.  Please refer to https://wandb.me/wandb-core for more information.
wandb: Currently logged in as: przspyra11 (agh_racing) to https://api.wandb.ai. Use `wandb login --relogin` to force relogin
wandb: Tracking run with wandb version 0.19.8
wandb: Run data is saved locally in /net/tscratch/people/plgspyra/BeyondBackpropagation/wandb/run-20250505_053558-vpp520tp
wandb: Run `wandb offline` to turn off syncing.
wandb: Syncing run bp_baseline_fashion_mnist_cnn_3block
wandb: â­ï¸ View project at https://wandb.ai/przspyra11/BeyondBackpropagation
wandb: ðŸš€ View run at https://wandb.ai/przspyra11/BeyondBackpropagation/runs/vpp520tp
[codecarbon INFO @ 05:35:58] offline tracker init
[codecarbon INFO @ 05:35:59] [setup] RAM Tracking...
[codecarbon INFO @ 05:35:59] [setup] CPU Tracking...
 Linux OS detected: Please ensure RAPL files exist at /sys/class/powercap/intel-rapl/subsystem to measure CPU

[codecarbon INFO @ 05:35:59] CPU Model on constant consumption mode: AMD EPYC 7742 64-Core Processor
[codecarbon INFO @ 05:35:59] [setup] GPU Tracking...
[codecarbon INFO @ 05:35:59] Tracking Nvidia GPU via pynvml
[codecarbon INFO @ 05:35:59] The below tracking methods have been set up:
                RAM Tracking Method: RAM power estimation model
                CPU Tracking Method: cpu_load
                GPU Tracking Method: pynvml
            
[codecarbon INFO @ 05:35:59] >>> Tracker's metadata:
[codecarbon INFO @ 05:35:59]   Platform system: Linux-5.14.0-503.26.1.el9_5.x86_64-x86_64-with-glibc2.34
[codecarbon INFO @ 05:35:59]   Python version: 3.10.4
[codecarbon INFO @ 05:35:59]   CodeCarbon version: 3.0.1
[codecarbon INFO @ 05:35:59]   Available RAM : 125.000 GB
[codecarbon INFO @ 05:35:59]   CPU count: 16 thread(s) in 2 physical CPU(s)
[codecarbon INFO @ 05:35:59]   CPU model: AMD EPYC 7742 64-Core Processor
[codecarbon INFO @ 05:35:59]   GPU count: 1
[codecarbon INFO @ 05:35:59]   GPU model: 1 x NVIDIA A100-SXM4-40GB BUT only tracking these GPU ids : [0]
[codecarbon INFO @ 05:35:59] Emissions data (if any) will be saved to file /net/tscratch/people/plgspyra/BeyondBackpropagation/results/carbon/bp_baseline_fashion_mnist_cnn_3block_carbon.csv

BP Epoch 1/100:   0%|          | 0/421 [00:00<?, ?it/s]
BP Epoch 1/100:   0%|          | 1/421 [00:00<01:07,  6.26it/s]
BP Epoch 1/100:   6%|â–Œ         | 26/421 [00:00<00:03, 118.61it/s]
BP Epoch 1/100:  11%|â–ˆâ–        | 48/421 [00:00<00:02, 156.40it/s]
BP Epoch 1/100:  17%|â–ˆâ–‹        | 70/421 [00:00<00:02, 174.79it/s]
BP Epoch 1/100:  22%|â–ˆâ–ˆâ–       | 92/421 [00:00<00:01, 188.47it/s]
BP Epoch 1/100:  22%|â–ˆâ–ˆâ–       | 92/421 [00:00<00:01, 188.47it/s, acc=88.28%, loss=0.3379]
BP Epoch 1/100:  27%|â–ˆâ–ˆâ–‹       | 113/421 [00:00<00:01, 195.24it/s, acc=88.28%, loss=0.3379]
BP Epoch 1/100:  32%|â–ˆâ–ˆâ–ˆâ–      | 134/421 [00:00<00:01, 197.09it/s, acc=88.28%, loss=0.3379]
BP Epoch 1/100:  37%|â–ˆâ–ˆâ–ˆâ–‹      | 156/421 [00:00<00:01, 202.88it/s, acc=88.28%, loss=0.3379]
BP Epoch 1/100:  42%|â–ˆâ–ˆâ–ˆâ–ˆâ–     | 177/421 [00:00<00:01, 204.73it/s, acc=88.28%, loss=0.3379]
BP Epoch 1/100:  47%|â–ˆâ–ˆâ–ˆâ–ˆâ–‹     | 198/421 [00:01<00:01, 204.07it/s, acc=88.28%, loss=0.3379]
BP Epoch 1/100:  47%|â–ˆâ–ˆâ–ˆâ–ˆâ–‹     | 198/421 [00:01<00:01, 204.07it/s, acc=88.28%, loss=0.3191]
BP Epoch 1/100:  52%|â–ˆâ–ˆâ–ˆâ–ˆâ–ˆâ–    | 219/421 [00:01<00:00, 205.77it/s, acc=88.28%, loss=0.3191]
BP Epoch 1/100:  57%|â–ˆâ–ˆâ–ˆâ–ˆâ–ˆâ–‹    | 241/421 [00:01<00:00, 205.22it/s, acc=88.28%, loss=0.3191]
BP Epoch 1/100:  62%|â–ˆâ–ˆâ–ˆâ–ˆâ–ˆâ–ˆâ–   | 263/421 [00:01<00:00, 207.76it/s, acc=88.28%, loss=0.3191]
BP Epoch 1/100:  68%|â–ˆâ–ˆâ–ˆâ–ˆâ–ˆâ–ˆâ–Š   | 285/421 [00:01<00:00, 206.01it/s, acc=88.28%, loss=0.3191]
BP Epoch 1/100:  68%|â–ˆâ–ˆâ–ˆâ–ˆâ–ˆâ–ˆâ–Š   | 285/421 [00:01<00:00, 206.01it/s, acc=92.97%, loss=0.2940]
BP Epoch 1/100:  73%|â–ˆâ–ˆâ–ˆâ–ˆâ–ˆâ–ˆâ–ˆâ–Ž  | 307/421 [00:01<00:00, 208.60it/s, acc=92.97%, loss=0.2940]
BP Epoch 1/100:  78%|â–ˆâ–ˆâ–ˆâ–ˆâ–ˆâ–ˆâ–ˆâ–Š  | 329/421 [00:01<00:00, 206.89it/s, acc=92.97%, loss=0.2940]
BP Epoch 1/100:  83%|â–ˆâ–ˆâ–ˆâ–ˆâ–ˆâ–ˆâ–ˆâ–ˆâ–Ž | 351/421 [00:01<00:00, 209.04it/s, acc=92.97%, loss=0.2940]
BP Epoch 1/100:  89%|â–ˆâ–ˆâ–ˆâ–ˆâ–ˆâ–ˆâ–ˆâ–ˆâ–Š | 373/421 [00:01<00:00, 206.91it/s, acc=92.97%, loss=0.2940]
BP Epoch 1/100:  94%|â–ˆâ–ˆâ–ˆâ–ˆâ–ˆâ–ˆâ–ˆâ–ˆâ–ˆâ–| 395/421 [00:02<00:00, 208.98it/s, acc=92.97%, loss=0.2940]
BP Epoch 1/100:  94%|â–ˆâ–ˆâ–ˆâ–ˆâ–ˆâ–ˆâ–ˆâ–ˆâ–ˆâ–| 395/421 [00:02<00:00, 208.98it/s, acc=91.41%, loss=0.2228]
BP Epoch 1/100:  99%|â–ˆâ–ˆâ–ˆâ–ˆâ–ˆâ–ˆâ–ˆâ–ˆâ–ˆâ–‰| 416/421 [00:02<00:00, 202.40it/s, acc=91.41%, loss=0.2228]
BP Epoch 1/100:  99%|â–ˆâ–ˆâ–ˆâ–ˆâ–ˆâ–ˆâ–ˆâ–ˆâ–ˆâ–‰| 416/421 [00:02<00:00, 202.40it/s, acc=87.50%, loss=0.4015]
                                                                                           

Evaluating BP Model:   0%|          | 0/24 [00:00<?, ?it/s]
Evaluating BP Model:   4%|â–         | 1/24 [00:00<00:03,  6.99it/s]
Evaluating BP Model:  54%|â–ˆâ–ˆâ–ˆâ–ˆâ–ˆâ–    | 13/24 [00:00<00:00, 62.77it/s]
                                                                    

BP Epoch 2/100:   0%|          | 0/421 [00:00<?, ?it/s]
BP Epoch 2/100:   4%|â–         | 16/421 [00:00<00:02, 159.34it/s]
BP Epoch 2/100:   9%|â–‰         | 37/421 [00:00<00:02, 181.37it/s]
BP Epoch 2/100:  14%|â–ˆâ–        | 58/421 [00:00<00:01, 193.63it/s]
BP Epoch 2/100:  19%|â–ˆâ–‰        | 79/421 [00:00<00:01, 199.45it/s]
BP Epoch 2/100:  19%|â–ˆâ–‰        | 79/421 [00:00<00:01, 199.45it/s, acc=92.19%, loss=0.1868]
BP Epoch 2/100:  24%|â–ˆâ–ˆâ–       | 100/421 [00:00<00:01, 201.68it/s, acc=92.19%, loss=0.1868]
BP Epoch 2/100:  29%|â–ˆâ–ˆâ–Š       | 121/421 [00:00<00:01, 201.27it/s, acc=92.19%, loss=0.1868]
BP Epoch 2/100:  34%|â–ˆâ–ˆâ–ˆâ–Ž      | 142/421 [00:00<00:01, 203.65it/s, acc=92.19%, loss=0.1868]
BP Epoch 2/100:  39%|â–ˆâ–ˆâ–ˆâ–Š      | 163/421 [00:00<00:01, 205.05it/s, acc=92.19%, loss=0.1868]
BP Epoch 2/100:  44%|â–ˆâ–ˆâ–ˆâ–ˆâ–Ž     | 184/421 [00:00<00:01, 205.87it/s, acc=92.19%, loss=0.1868]
BP Epoch 2/100:  44%|â–ˆâ–ˆâ–ˆâ–ˆâ–Ž     | 184/421 [00:00<00:01, 205.87it/s, acc=89.06%, loss=0.3652]
BP Epoch 2/100:  49%|â–ˆâ–ˆâ–ˆâ–ˆâ–Š     | 205/421 [00:01<00:01, 202.83it/s, acc=89.06%, loss=0.3652]
BP Epoch 2/100:  54%|â–ˆâ–ˆâ–ˆâ–ˆâ–ˆâ–Ž    | 226/421 [00:01<00:00, 204.80it/s, acc=89.06%, loss=0.3652]
BP Epoch 2/100:  59%|â–ˆâ–ˆâ–ˆâ–ˆâ–ˆâ–Š    | 247/421 [00:01<00:00, 205.81it/s, acc=89.06%, loss=0.3652]
BP Epoch 2/100:  64%|â–ˆâ–ˆâ–ˆâ–ˆâ–ˆâ–ˆâ–Ž   | 268/421 [00:01<00:00, 206.37it/s, acc=89.06%, loss=0.3652]
BP Epoch 2/100:  69%|â–ˆâ–ˆâ–ˆâ–ˆâ–ˆâ–ˆâ–Š   | 289/421 [00:01<00:00, 203.69it/s, acc=89.06%, loss=0.3652]
BP Epoch 2/100:  69%|â–ˆâ–ˆâ–ˆâ–ˆâ–ˆâ–ˆâ–Š   | 289/421 [00:01<00:00, 203.69it/s, acc=92.97%, loss=0.2649]
BP Epoch 2/100:  74%|â–ˆâ–ˆâ–ˆâ–ˆâ–ˆâ–ˆâ–ˆâ–Ž  | 310/421 [00:01<00:00, 205.03it/s, acc=92.97%, loss=0.2649]
BP Epoch 2/100:  79%|â–ˆâ–ˆâ–ˆâ–ˆâ–ˆâ–ˆâ–ˆâ–Š  | 331/421 [00:01<00:00, 206.11it/s, acc=92.97%, loss=0.2649]
BP Epoch 2/100:  84%|â–ˆâ–ˆâ–ˆâ–ˆâ–ˆâ–ˆâ–ˆâ–ˆâ–Ž | 352/421 [00:01<00:00, 206.62it/s, acc=92.97%, loss=0.2649]
BP Epoch 2/100:  89%|â–ˆâ–ˆâ–ˆâ–ˆâ–ˆâ–ˆâ–ˆâ–ˆâ–Š | 373/421 [00:01<00:00, 203.81it/s, acc=92.97%, loss=0.2649]
BP Epoch 2/100:  94%|â–ˆâ–ˆâ–ˆâ–ˆâ–ˆâ–ˆâ–ˆâ–ˆâ–ˆâ–Ž| 394/421 [00:01<00:00, 205.26it/s, acc=92.97%, loss=0.2649]
BP Epoch 2/100:  94%|â–ˆâ–ˆâ–ˆâ–ˆâ–ˆâ–ˆâ–ˆâ–ˆâ–ˆâ–Ž| 394/421 [00:01<00:00, 205.26it/s, acc=92.97%, loss=0.1975]
BP Epoch 2/100:  99%|â–ˆâ–ˆâ–ˆâ–ˆâ–ˆâ–ˆâ–ˆâ–ˆâ–ˆâ–Š| 415/421 [00:02<00:00, 200.25it/s, acc=92.97%, loss=0.1975]
BP Epoch 2/100:  99%|â–ˆâ–ˆâ–ˆâ–ˆâ–ˆâ–ˆâ–ˆâ–ˆâ–ˆâ–Š| 415/421 [00:02<00:00, 200.25it/s, acc=90.62%, loss=0.3017]
                                                                                           

Evaluating BP Model:   0%|          | 0/24 [00:00<?, ?it/s]
Evaluating BP Model:  38%|â–ˆâ–ˆâ–ˆâ–Š      | 9/24 [00:00<00:00, 75.89it/s]
Evaluating BP Model:  88%|â–ˆâ–ˆâ–ˆâ–ˆâ–ˆâ–ˆâ–ˆâ–ˆâ–Š | 21/24 [00:00<00:00, 94.85it/s]
                                                                    

BP Epoch 3/100:   0%|          | 0/421 [00:00<?, ?it/s]
BP Epoch 3/100:   4%|â–         | 17/421 [00:00<00:02, 154.77it/s]
BP Epoch 3/100:   9%|â–‰         | 39/421 [00:00<00:02, 189.88it/s]
BP Epoch 3/100:  14%|â–ˆâ–        | 61/421 [00:00<00:01, 195.83it/s]
BP Epoch 3/100:  20%|â–ˆâ–‰        | 83/421 [00:00<00:01, 203.38it/s]
BP Epoch 3/100:  20%|â–ˆâ–‰        | 83/421 [00:00<00:01, 203.38it/s, acc=96.09%, loss=0.0966]
BP Epoch 3/100:  25%|â–ˆâ–ˆâ–       | 105/421 [00:00<00:01, 203.23it/s, acc=96.09%, loss=0.0966]
BP Epoch 3/100:  30%|â–ˆâ–ˆâ–ˆ       | 127/421 [00:00<00:01, 208.17it/s, acc=96.09%, loss=0.0966]
BP Epoch 3/100:  35%|â–ˆâ–ˆâ–ˆâ–Œ      | 149/421 [00:00<00:01, 205.92it/s, acc=96.09%, loss=0.0966]
BP Epoch 3/100:  41%|â–ˆâ–ˆâ–ˆâ–ˆ      | 171/421 [00:00<00:01, 208.65it/s, acc=96.09%, loss=0.0966]
BP Epoch 3/100:  46%|â–ˆâ–ˆâ–ˆâ–ˆâ–Œ     | 193/421 [00:00<00:01, 206.90it/s, acc=96.09%, loss=0.0966]
BP Epoch 3/100:  46%|â–ˆâ–ˆâ–ˆâ–ˆâ–Œ     | 193/421 [00:00<00:01, 206.90it/s, acc=92.97%, loss=0.1541]
BP Epoch 3/100:  51%|â–ˆâ–ˆâ–ˆâ–ˆâ–ˆ     | 215/421 [00:01<00:00, 209.80it/s, acc=92.97%, loss=0.1541]
BP Epoch 3/100:  56%|â–ˆâ–ˆâ–ˆâ–ˆâ–ˆâ–‹    | 237/421 [00:01<00:00, 207.97it/s, acc=92.97%, loss=0.1541]
BP Epoch 3/100:  62%|â–ˆâ–ˆâ–ˆâ–ˆâ–ˆâ–ˆâ–   | 259/421 [00:01<00:00, 210.41it/s, acc=92.97%, loss=0.1541]
BP Epoch 3/100:  67%|â–ˆâ–ˆâ–ˆâ–ˆâ–ˆâ–ˆâ–‹   | 281/421 [00:01<00:00, 208.41it/s, acc=92.97%, loss=0.1541]
BP Epoch 3/100:  67%|â–ˆâ–ˆâ–ˆâ–ˆâ–ˆâ–ˆâ–‹   | 281/421 [00:01<00:00, 208.41it/s, acc=92.19%, loss=0.2036]
BP Epoch 3/100:  72%|â–ˆâ–ˆâ–ˆâ–ˆâ–ˆâ–ˆâ–ˆâ–  | 303/421 [00:01<00:00, 210.86it/s, acc=92.19%, loss=0.2036]
BP Epoch 3/100:  77%|â–ˆâ–ˆâ–ˆâ–ˆâ–ˆâ–ˆâ–ˆâ–‹  | 325/421 [00:01<00:00, 208.43it/s, acc=92.19%, loss=0.2036]
BP Epoch 3/100:  82%|â–ˆâ–ˆâ–ˆâ–ˆâ–ˆâ–ˆâ–ˆâ–ˆâ– | 347/421 [00:01<00:00, 211.02it/s, acc=92.19%, loss=0.2036]
BP Epoch 3/100:  88%|â–ˆâ–ˆâ–ˆâ–ˆâ–ˆâ–ˆâ–ˆâ–ˆâ–Š | 369/421 [00:01<00:00, 208.54it/s, acc=92.19%, loss=0.2036]
BP Epoch 3/100:  93%|â–ˆâ–ˆâ–ˆâ–ˆâ–ˆâ–ˆâ–ˆâ–ˆâ–ˆâ–Ž| 391/421 [00:01<00:00, 210.79it/s, acc=92.19%, loss=0.2036]
BP Epoch 3/100:  93%|â–ˆâ–ˆâ–ˆâ–ˆâ–ˆâ–ˆâ–ˆâ–ˆâ–ˆâ–Ž| 391/421 [00:01<00:00, 210.79it/s, acc=92.19%, loss=0.2045]
BP Epoch 3/100:  98%|â–ˆâ–ˆâ–ˆâ–ˆâ–ˆâ–ˆâ–ˆâ–ˆâ–ˆâ–Š| 413/421 [00:01<00:00, 208.49it/s, acc=92.19%, loss=0.2045]
BP Epoch 3/100:  98%|â–ˆâ–ˆâ–ˆâ–ˆâ–ˆâ–ˆâ–ˆâ–ˆâ–ˆâ–Š| 413/421 [00:02<00:00, 208.49it/s, acc=93.75%, loss=0.1867]
                                                                                           

Evaluating BP Model:   0%|          | 0/24 [00:00<?, ?it/s]
Evaluating BP Model:  38%|â–ˆâ–ˆâ–ˆâ–Š      | 9/24 [00:00<00:00, 76.20it/s]
Evaluating BP Model:  88%|â–ˆâ–ˆâ–ˆâ–ˆâ–ˆâ–ˆâ–ˆâ–ˆâ–Š | 21/24 [00:00<00:00, 95.51it/s]
                                                                    

BP Epoch 4/100:   0%|          | 0/421 [00:00<?, ?it/s]
BP Epoch 4/100:   4%|â–         | 17/421 [00:00<00:02, 161.25it/s]
BP Epoch 4/100:   9%|â–‰         | 39/421 [00:00<00:01, 192.56it/s]
BP Epoch 4/100:  14%|â–ˆâ–        | 61/421 [00:00<00:01, 195.79it/s]
BP Epoch 4/100:  20%|â–ˆâ–‰        | 83/421 [00:00<00:01, 203.56it/s]
BP Epoch 4/100:  20%|â–ˆâ–‰        | 83/421 [00:00<00:01, 203.56it/s, acc=96.09%, loss=0.0985]
BP Epoch 4/100:  25%|â–ˆâ–ˆâ–       | 104/421 [00:00<00:01, 205.63it/s, acc=96.09%, loss=0.0985]
BP Epoch 4/100:  30%|â–ˆâ–ˆâ–‰       | 125/421 [00:00<00:01, 202.69it/s, acc=96.09%, loss=0.0985]
BP Epoch 4/100:  35%|â–ˆâ–ˆâ–ˆâ–      | 146/421 [00:00<00:01, 204.98it/s, acc=96.09%, loss=0.0985]
BP Epoch 4/100:  40%|â–ˆâ–ˆâ–ˆâ–‰      | 168/421 [00:00<00:01, 207.09it/s, acc=96.09%, loss=0.0985]
BP Epoch 4/100:  45%|â–ˆâ–ˆâ–ˆâ–ˆâ–     | 189/421 [00:00<00:01, 204.82it/s, acc=96.09%, loss=0.0985]
BP Epoch 4/100:  45%|â–ˆâ–ˆâ–ˆâ–ˆâ–     | 189/421 [00:00<00:01, 204.82it/s, acc=94.53%, loss=0.1453]
BP Epoch 4/100:  50%|â–ˆâ–ˆâ–ˆâ–ˆâ–‰     | 210/421 [00:01<00:01, 206.25it/s, acc=94.53%, loss=0.1453]
BP Epoch 4/100:  55%|â–ˆâ–ˆâ–ˆâ–ˆâ–ˆâ–    | 231/421 [00:01<00:00, 207.23it/s, acc=94.53%, loss=0.1453]
BP Epoch 4/100:  60%|â–ˆâ–ˆâ–ˆâ–ˆâ–ˆâ–ˆ    | 253/421 [00:01<00:00, 205.54it/s, acc=94.53%, loss=0.1453]
BP Epoch 4/100:  65%|â–ˆâ–ˆâ–ˆâ–ˆâ–ˆâ–ˆâ–Œ   | 274/421 [00:01<00:00, 206.69it/s, acc=94.53%, loss=0.1453]
BP Epoch 4/100:  70%|â–ˆâ–ˆâ–ˆâ–ˆâ–ˆâ–ˆâ–ˆ   | 296/421 [00:01<00:00, 209.22it/s, acc=94.53%, loss=0.1453]
BP Epoch 4/100:  70%|â–ˆâ–ˆâ–ˆâ–ˆâ–ˆâ–ˆâ–ˆ   | 296/421 [00:01<00:00, 209.22it/s, acc=97.66%, loss=0.0710]
BP Epoch 4/100:  75%|â–ˆâ–ˆâ–ˆâ–ˆâ–ˆâ–ˆâ–ˆâ–Œ  | 317/421 [00:01<00:00, 206.62it/s, acc=97.66%, loss=0.0710]
BP Epoch 4/100:  81%|â–ˆâ–ˆâ–ˆâ–ˆâ–ˆâ–ˆâ–ˆâ–ˆ  | 339/421 [00:01<00:00, 209.36it/s, acc=97.66%, loss=0.0710]
BP Epoch 4/100:  86%|â–ˆâ–ˆâ–ˆâ–ˆâ–ˆâ–ˆâ–ˆâ–ˆâ–Œ | 361/421 [00:01<00:00, 208.01it/s, acc=97.66%, loss=0.0710]
BP Epoch 4/100:  91%|â–ˆâ–ˆâ–ˆâ–ˆâ–ˆâ–ˆâ–ˆâ–ˆâ–ˆ | 383/421 [00:01<00:00, 210.32it/s, acc=97.66%, loss=0.0710]
BP Epoch 4/100:  91%|â–ˆâ–ˆâ–ˆâ–ˆâ–ˆâ–ˆâ–ˆâ–ˆâ–ˆ | 383/421 [00:01<00:00, 210.32it/s, acc=96.88%, loss=0.0901]
BP Epoch 4/100:  96%|â–ˆâ–ˆâ–ˆâ–ˆâ–ˆâ–ˆâ–ˆâ–ˆâ–ˆâ–Œ| 405/421 [00:01<00:00, 208.56it/s, acc=96.88%, loss=0.0901]
BP Epoch 4/100:  96%|â–ˆâ–ˆâ–ˆâ–ˆâ–ˆâ–ˆâ–ˆâ–ˆâ–ˆâ–Œ| 405/421 [00:02<00:00, 208.56it/s, acc=96.09%, loss=0.1052]
                                                                                           

Evaluating BP Model:   0%|          | 0/24 [00:00<?, ?it/s]
Evaluating BP Model:  38%|â–ˆâ–ˆâ–ˆâ–Š      | 9/24 [00:00<00:00, 76.05it/s]
Evaluating BP Model:  88%|â–ˆâ–ˆâ–ˆâ–ˆâ–ˆâ–ˆâ–ˆâ–ˆâ–Š | 21/24 [00:00<00:00, 95.32it/s]
                                                                    

BP Epoch 5/100:   0%|          | 0/421 [00:00<?, ?it/s]
BP Epoch 5/100:   4%|â–         | 17/421 [00:00<00:02, 163.50it/s]
BP Epoch 5/100:   9%|â–‰         | 38/421 [00:00<00:02, 189.79it/s]
BP Epoch 5/100:  14%|â–ˆâ–        | 60/421 [00:00<00:01, 202.28it/s]
BP Epoch 5/100:  19%|â–ˆâ–‰        | 81/421 [00:00<00:01, 200.73it/s]
BP Epoch 5/100:  19%|â–ˆâ–‰        | 81/421 [00:00<00:01, 200.73it/s, acc=99.22%, loss=0.0574]
BP Epoch 5/100:  24%|â–ˆâ–ˆâ–       | 103/421 [00:00<00:01, 205.28it/s, acc=99.22%, loss=0.0574]
BP Epoch 5/100:  30%|â–ˆâ–ˆâ–‰       | 125/421 [00:00<00:01, 203.97it/s, acc=99.22%, loss=0.0574]
BP Epoch 5/100:  35%|â–ˆâ–ˆâ–ˆâ–      | 147/421 [00:00<00:01, 207.26it/s, acc=99.22%, loss=0.0574]
BP Epoch 5/100:  40%|â–ˆâ–ˆâ–ˆâ–ˆ      | 169/421 [00:00<00:01, 204.86it/s, acc=99.22%, loss=0.0574]
BP Epoch 5/100:  45%|â–ˆâ–ˆâ–ˆâ–ˆâ–Œ     | 191/421 [00:00<00:01, 207.82it/s, acc=99.22%, loss=0.0574]
BP Epoch 5/100:  45%|â–ˆâ–ˆâ–ˆâ–ˆâ–Œ     | 191/421 [00:00<00:01, 207.82it/s, acc=96.88%, loss=0.0886]
BP Epoch 5/100:  51%|â–ˆâ–ˆâ–ˆâ–ˆâ–ˆ     | 213/421 [00:01<00:01, 205.31it/s, acc=96.88%, loss=0.0886]
BP Epoch 5/100:  56%|â–ˆâ–ˆâ–ˆâ–ˆâ–ˆâ–Œ    | 235/421 [00:01<00:00, 208.10it/s, acc=96.88%, loss=0.0886]
BP Epoch 5/100:  61%|â–ˆâ–ˆâ–ˆâ–ˆâ–ˆâ–ˆ    | 257/421 [00:01<00:00, 205.29it/s, acc=96.88%, loss=0.0886]
BP Epoch 5/100:  66%|â–ˆâ–ˆâ–ˆâ–ˆâ–ˆâ–ˆâ–‹   | 279/421 [00:01<00:00, 207.78it/s, acc=96.88%, loss=0.0886]
BP Epoch 5/100:  66%|â–ˆâ–ˆâ–ˆâ–ˆâ–ˆâ–ˆâ–‹   | 279/421 [00:01<00:00, 207.78it/s, acc=96.09%, loss=0.1052]
BP Epoch 5/100:  71%|â–ˆâ–ˆâ–ˆâ–ˆâ–ˆâ–ˆâ–ˆâ–  | 300/421 [00:01<00:00, 207.89it/s, acc=96.09%, loss=0.1052]
BP Epoch 5/100:  76%|â–ˆâ–ˆâ–ˆâ–ˆâ–ˆâ–ˆâ–ˆâ–Œ  | 321/421 [00:01<00:00, 205.44it/s, acc=96.09%, loss=0.1052]
BP Epoch 5/100:  81%|â–ˆâ–ˆâ–ˆâ–ˆâ–ˆâ–ˆâ–ˆâ–ˆâ– | 343/421 [00:01<00:00, 207.88it/s, acc=96.09%, loss=0.1052]
BP Epoch 5/100:  86%|â–ˆâ–ˆâ–ˆâ–ˆâ–ˆâ–ˆâ–ˆâ–ˆâ–‹ | 364/421 [00:01<00:00, 208.34it/s, acc=96.09%, loss=0.1052]
BP Epoch 5/100:  91%|â–ˆâ–ˆâ–ˆâ–ˆâ–ˆâ–ˆâ–ˆâ–ˆâ–ˆâ–| 385/421 [00:01<00:00, 204.85it/s, acc=96.09%, loss=0.1052]
BP Epoch 5/100:  91%|â–ˆâ–ˆâ–ˆâ–ˆâ–ˆâ–ˆâ–ˆâ–ˆâ–ˆâ–| 385/421 [00:01<00:00, 204.85it/s, acc=97.66%, loss=0.0572]
BP Epoch 5/100:  96%|â–ˆâ–ˆâ–ˆâ–ˆâ–ˆâ–ˆâ–ˆâ–ˆâ–ˆâ–‹| 406/421 [00:01<00:00, 206.24it/s, acc=97.66%, loss=0.0572]
BP Epoch 5/100:  96%|â–ˆâ–ˆâ–ˆâ–ˆâ–ˆâ–ˆâ–ˆâ–ˆâ–ˆâ–‹| 406/421 [00:02<00:00, 206.24it/s, acc=96.88%, loss=0.0876]
                                                                                           

Evaluating BP Model:   0%|          | 0/24 [00:00<?, ?it/s]
Evaluating BP Model:  38%|â–ˆâ–ˆâ–ˆâ–Š      | 9/24 [00:00<00:00, 77.73it/s]
Evaluating BP Model:  88%|â–ˆâ–ˆâ–ˆâ–ˆâ–ˆâ–ˆâ–ˆâ–ˆâ–Š | 21/24 [00:00<00:00, 96.51it/s]
                                                                    

BP Epoch 6/100:   0%|          | 0/421 [00:00<?, ?it/s]
BP Epoch 6/100:   4%|â–         | 17/421 [00:00<00:02, 155.79it/s]
BP Epoch 6/100:   9%|â–‰         | 39/421 [00:00<00:02, 189.67it/s]
BP Epoch 6/100:  14%|â–ˆâ–        | 61/421 [00:00<00:01, 195.12it/s]
BP Epoch 6/100:  20%|â–ˆâ–‰        | 83/421 [00:00<00:01, 202.77it/s]
BP Epoch 6/100:  20%|â–ˆâ–‰        | 83/421 [00:00<00:01, 202.77it/s, acc=96.88%, loss=0.0858]
BP Epoch 6/100:  25%|â–ˆâ–ˆâ–       | 105/421 [00:00<00:01, 202.23it/s, acc=96.88%, loss=0.0858]
BP Epoch 6/100:  30%|â–ˆâ–ˆâ–ˆ       | 127/421 [00:00<00:01, 206.74it/s, acc=96.88%, loss=0.0858]
BP Epoch 6/100:  35%|â–ˆâ–ˆâ–ˆâ–Œ      | 149/421 [00:00<00:01, 204.21it/s, acc=96.88%, loss=0.0858]
BP Epoch 6/100:  41%|â–ˆâ–ˆâ–ˆâ–ˆ      | 171/421 [00:00<00:01, 208.14it/s, acc=96.88%, loss=0.0858]
BP Epoch 6/100:  46%|â–ˆâ–ˆâ–ˆâ–ˆâ–Œ     | 193/421 [00:00<00:01, 205.54it/s, acc=96.88%, loss=0.0858]
BP Epoch 6/100:  46%|â–ˆâ–ˆâ–ˆâ–ˆâ–Œ     | 193/421 [00:00<00:01, 205.54it/s, acc=99.22%, loss=0.0251]
BP Epoch 6/100:  51%|â–ˆâ–ˆâ–ˆâ–ˆâ–ˆ     | 215/421 [00:01<00:00, 208.79it/s, acc=99.22%, loss=0.0251]
BP Epoch 6/100:  56%|â–ˆâ–ˆâ–ˆâ–ˆâ–ˆâ–‹    | 237/421 [00:01<00:00, 206.32it/s, acc=99.22%, loss=0.0251]
BP Epoch 6/100:  61%|â–ˆâ–ˆâ–ˆâ–ˆâ–ˆâ–ˆâ–   | 258/421 [00:01<00:00, 207.16it/s, acc=99.22%, loss=0.0251]
BP Epoch 6/100:  66%|â–ˆâ–ˆâ–ˆâ–ˆâ–ˆâ–ˆâ–‹   | 279/421 [00:01<00:00, 207.71it/s, acc=99.22%, loss=0.0251]
BP Epoch 6/100:  66%|â–ˆâ–ˆâ–ˆâ–ˆâ–ˆâ–ˆâ–‹   | 279/421 [00:01<00:00, 207.71it/s, acc=96.09%, loss=0.0814]
BP Epoch 6/100:  71%|â–ˆâ–ˆâ–ˆâ–ˆâ–ˆâ–ˆâ–ˆâ–  | 300/421 [00:01<00:00, 206.40it/s, acc=96.09%, loss=0.0814]
BP Epoch 6/100:  76%|â–ˆâ–ˆâ–ˆâ–ˆâ–ˆâ–ˆâ–ˆâ–‹  | 322/421 [00:01<00:00, 205.85it/s, acc=96.09%, loss=0.0814]
BP Epoch 6/100:  81%|â–ˆâ–ˆâ–ˆâ–ˆâ–ˆâ–ˆâ–ˆâ–ˆâ– | 343/421 [00:01<00:00, 206.86it/s, acc=96.09%, loss=0.0814]
BP Epoch 6/100:  86%|â–ˆâ–ˆâ–ˆâ–ˆâ–ˆâ–ˆâ–ˆâ–ˆâ–‹ | 364/421 [00:01<00:00, 207.30it/s, acc=96.09%, loss=0.0814]
BP Epoch 6/100:  92%|â–ˆâ–ˆâ–ˆâ–ˆâ–ˆâ–ˆâ–ˆâ–ˆâ–ˆâ–| 386/421 [00:01<00:00, 205.35it/s, acc=96.09%, loss=0.0814]
BP Epoch 6/100:  92%|â–ˆâ–ˆâ–ˆâ–ˆâ–ˆâ–ˆâ–ˆâ–ˆâ–ˆâ–| 386/421 [00:01<00:00, 205.35it/s, acc=94.53%, loss=0.0942]
BP Epoch 6/100:  97%|â–ˆâ–ˆâ–ˆâ–ˆâ–ˆâ–ˆâ–ˆâ–ˆâ–ˆâ–‹| 408/421 [00:01<00:00, 207.72it/s, acc=94.53%, loss=0.0942]
BP Epoch 6/100:  97%|â–ˆâ–ˆâ–ˆâ–ˆâ–ˆâ–ˆâ–ˆâ–ˆâ–ˆâ–‹| 408/421 [00:02<00:00, 207.72it/s, acc=96.88%, loss=0.0896]
                                                                                           

Evaluating BP Model:   0%|          | 0/24 [00:00<?, ?it/s]
Evaluating BP Model:  38%|â–ˆâ–ˆâ–ˆâ–Š      | 9/24 [00:00<00:00, 78.01it/s]
Evaluating BP Model:  88%|â–ˆâ–ˆâ–ˆâ–ˆâ–ˆâ–ˆâ–ˆâ–ˆâ–Š | 21/24 [00:00<00:00, 96.10it/s]
                                                                    

BP Epoch 7/100:   0%|          | 0/421 [00:00<?, ?it/s]
BP Epoch 7/100:   4%|â–         | 17/421 [00:00<00:02, 155.85it/s][codecarbon INFO @ 05:36:14] Energy consumed for RAM : 0.000164 kWh. RAM Power : 38.0 W

BP Epoch 7/100:   9%|â–‰         | 39/421 [00:00<00:01, 191.14it/s]
BP Epoch 7/100:  14%|â–ˆâ–        | 60/421 [00:00<00:01, 198.24it/s]
BP Epoch 7/100:  19%|â–ˆâ–‰        | 81/421 [00:00<00:01, 200.02it/s]
BP Epoch 7/100:  19%|â–ˆâ–‰        | 81/421 [00:00<00:01, 200.02it/s, acc=98.44%, loss=0.0495]
BP Epoch 7/100:  24%|â–ˆâ–ˆâ–       | 103/421 [00:00<00:01, 205.66it/s, acc=98.44%, loss=0.0495]
BP Epoch 7/100:  30%|â–ˆâ–ˆâ–‰       | 125/421 [00:00<00:01, 204.98it/s, acc=98.44%, loss=0.0495][codecarbon INFO @ 05:36:15] Delta energy consumed for CPU with cpu_load : 0.000255 kWh, power : 59.16 W
[codecarbon INFO @ 05:36:15] Energy consumed for All CPU : 0.000255 kWh
[codecarbon INFO @ 05:36:15] Energy consumed for all GPUs : 0.000354 kWh. Total GPU Power : 79.49790253245881 W
[codecarbon INFO @ 05:36:15] 0.000774 kWh of electricity used since the beginning.

BP Epoch 7/100:  35%|â–ˆâ–ˆâ–ˆâ–      | 147/421 [00:00<00:01, 208.14it/s, acc=98.44%, loss=0.0495]
BP Epoch 7/100:  40%|â–ˆâ–ˆâ–ˆâ–ˆ      | 169/421 [00:00<00:01, 206.86it/s, acc=98.44%, loss=0.0495]
BP Epoch 7/100:  45%|â–ˆâ–ˆâ–ˆâ–ˆâ–Œ     | 191/421 [00:00<00:01, 208.98it/s, acc=98.44%, loss=0.0495]
BP Epoch 7/100:  45%|â–ˆâ–ˆâ–ˆâ–ˆâ–Œ     | 191/421 [00:00<00:01, 208.98it/s, acc=99.22%, loss=0.0283]
BP Epoch 7/100:  51%|â–ˆâ–ˆâ–ˆâ–ˆâ–ˆ     | 213/421 [00:01<00:01, 207.86it/s, acc=99.22%, loss=0.0283]
BP Epoch 7/100:  56%|â–ˆâ–ˆâ–ˆâ–ˆâ–ˆâ–Œ    | 234/421 [00:01<00:00, 208.39it/s, acc=99.22%, loss=0.0283]
BP Epoch 7/100:  61%|â–ˆâ–ˆâ–ˆâ–ˆâ–ˆâ–ˆ    | 256/421 [00:01<00:00, 210.53it/s, acc=99.22%, loss=0.0283]
BP Epoch 7/100:  66%|â–ˆâ–ˆâ–ˆâ–ˆâ–ˆâ–ˆâ–Œ   | 278/421 [00:01<00:00, 208.10it/s, acc=99.22%, loss=0.0283]
BP Epoch 7/100:  66%|â–ˆâ–ˆâ–ˆâ–ˆâ–ˆâ–ˆâ–Œ   | 278/421 [00:01<00:00, 208.10it/s, acc=100.00%, loss=0.0233]
BP Epoch 7/100:  71%|â–ˆâ–ˆâ–ˆâ–ˆâ–ˆâ–ˆâ–ˆâ–  | 300/421 [00:01<00:00, 208.89it/s, acc=100.00%, loss=0.0233]
BP Epoch 7/100:  76%|â–ˆâ–ˆâ–ˆâ–ˆâ–ˆâ–ˆâ–ˆâ–Œ  | 321/421 [00:01<00:00, 208.19it/s, acc=100.00%, loss=0.0233]
BP Epoch 7/100:  81%|â–ˆâ–ˆâ–ˆâ–ˆâ–ˆâ–ˆâ–ˆâ–ˆ  | 342/421 [00:01<00:00, 207.83it/s, acc=100.00%, loss=0.0233]
BP Epoch 7/100:  86%|â–ˆâ–ˆâ–ˆâ–ˆâ–ˆâ–ˆâ–ˆâ–ˆâ–‹ | 364/421 [00:01<00:00, 209.62it/s, acc=100.00%, loss=0.0233]
BP Epoch 7/100:  91%|â–ˆâ–ˆâ–ˆâ–ˆâ–ˆâ–ˆâ–ˆâ–ˆâ–ˆâ–| 385/421 [00:01<00:00, 207.97it/s, acc=100.00%, loss=0.0233]
BP Epoch 7/100:  91%|â–ˆâ–ˆâ–ˆâ–ˆâ–ˆâ–ˆâ–ˆâ–ˆâ–ˆâ–| 385/421 [00:01<00:00, 207.97it/s, acc=96.88%, loss=0.0523] 
BP Epoch 7/100:  96%|â–ˆâ–ˆâ–ˆâ–ˆâ–ˆâ–ˆâ–ˆâ–ˆâ–ˆâ–‹| 406/421 [00:01<00:00, 207.22it/s, acc=96.88%, loss=0.0523]
BP Epoch 7/100:  96%|â–ˆâ–ˆâ–ˆâ–ˆâ–ˆâ–ˆâ–ˆâ–ˆâ–ˆâ–‹| 406/421 [00:02<00:00, 207.22it/s, acc=93.75%, loss=0.1579]
                                                                                           

Evaluating BP Model:   0%|          | 0/24 [00:00<?, ?it/s]
Evaluating BP Model:  38%|â–ˆâ–ˆâ–ˆâ–Š      | 9/24 [00:00<00:00, 76.89it/s]
Evaluating BP Model:  88%|â–ˆâ–ˆâ–ˆâ–ˆâ–ˆâ–ˆâ–ˆâ–ˆâ–Š | 21/24 [00:00<00:00, 96.17it/s]
                                                                    

BP Epoch 8/100:   0%|          | 0/421 [00:00<?, ?it/s]
BP Epoch 8/100:   4%|â–         | 17/421 [00:00<00:02, 164.48it/s]
BP Epoch 8/100:   9%|â–‰         | 39/421 [00:00<00:01, 194.72it/s]
BP Epoch 8/100:  14%|â–ˆâ–        | 61/421 [00:00<00:01, 198.12it/s]
BP Epoch 8/100:  20%|â–ˆâ–‰        | 83/421 [00:00<00:01, 204.74it/s]
BP Epoch 8/100:  20%|â–ˆâ–‰        | 83/421 [00:00<00:01, 204.74it/s, acc=100.00%, loss=0.0122]
BP Epoch 8/100:  25%|â–ˆâ–ˆâ–       | 105/421 [00:00<00:01, 203.80it/s, acc=100.00%, loss=0.0122]
BP Epoch 8/100:  30%|â–ˆâ–ˆâ–ˆ       | 127/421 [00:00<00:01, 207.92it/s, acc=100.00%, loss=0.0122]
BP Epoch 8/100:  35%|â–ˆâ–ˆâ–ˆâ–Œ      | 149/421 [00:00<00:01, 206.36it/s, acc=100.00%, loss=0.0122]
BP Epoch 8/100:  41%|â–ˆâ–ˆâ–ˆâ–ˆ      | 171/421 [00:00<00:01, 208.84it/s, acc=100.00%, loss=0.0122]
BP Epoch 8/100:  46%|â–ˆâ–ˆâ–ˆâ–ˆâ–Œ     | 193/421 [00:00<00:01, 207.74it/s, acc=100.00%, loss=0.0122]
BP Epoch 8/100:  46%|â–ˆâ–ˆâ–ˆâ–ˆâ–Œ     | 193/421 [00:00<00:01, 207.74it/s, acc=100.00%, loss=0.0180]
BP Epoch 8/100:  51%|â–ˆâ–ˆâ–ˆâ–ˆâ–ˆ     | 214/421 [00:01<00:00, 207.34it/s, acc=100.00%, loss=0.0180]
BP Epoch 8/100:  56%|â–ˆâ–ˆâ–ˆâ–ˆâ–ˆâ–Œ    | 236/421 [00:01<00:00, 209.41it/s, acc=100.00%, loss=0.0180]
BP Epoch 8/100:  61%|â–ˆâ–ˆâ–ˆâ–ˆâ–ˆâ–ˆ    | 257/421 [00:01<00:00, 208.76it/s, acc=100.00%, loss=0.0180]
BP Epoch 8/100:  66%|â–ˆâ–ˆâ–ˆâ–ˆâ–ˆâ–ˆâ–Œ   | 278/421 [00:01<00:00, 206.40it/s, acc=100.00%, loss=0.0180]
BP Epoch 8/100:  66%|â–ˆâ–ˆâ–ˆâ–ˆâ–ˆâ–ˆâ–Œ   | 278/421 [00:01<00:00, 206.40it/s, acc=98.44%, loss=0.0493] 
BP Epoch 8/100:  71%|â–ˆâ–ˆâ–ˆâ–ˆâ–ˆâ–ˆâ–ˆâ–  | 300/421 [00:01<00:00, 207.30it/s, acc=98.44%, loss=0.0493]
BP Epoch 8/100:  76%|â–ˆâ–ˆâ–ˆâ–ˆâ–ˆâ–ˆâ–ˆâ–‹  | 322/421 [00:01<00:00, 206.03it/s, acc=98.44%, loss=0.0493]
BP Epoch 8/100:  82%|â–ˆâ–ˆâ–ˆâ–ˆâ–ˆâ–ˆâ–ˆâ–ˆâ– | 344/421 [00:01<00:00, 208.30it/s, acc=98.44%, loss=0.0493]
BP Epoch 8/100:  87%|â–ˆâ–ˆâ–ˆâ–ˆâ–ˆâ–ˆâ–ˆâ–ˆâ–‹ | 366/421 [00:01<00:00, 206.05it/s, acc=98.44%, loss=0.0493]
BP Epoch 8/100:  92%|â–ˆâ–ˆâ–ˆâ–ˆâ–ˆâ–ˆâ–ˆâ–ˆâ–ˆâ–| 387/421 [00:01<00:00, 207.17it/s, acc=98.44%, loss=0.0493]
BP Epoch 8/100:  92%|â–ˆâ–ˆâ–ˆâ–ˆâ–ˆâ–ˆâ–ˆâ–ˆâ–ˆâ–| 387/421 [00:01<00:00, 207.17it/s, acc=100.00%, loss=0.0069]
BP Epoch 8/100:  97%|â–ˆâ–ˆâ–ˆâ–ˆâ–ˆâ–ˆâ–ˆâ–ˆâ–ˆâ–‹| 408/421 [00:01<00:00, 207.63it/s, acc=100.00%, loss=0.0069]
BP Epoch 8/100:  97%|â–ˆâ–ˆâ–ˆâ–ˆâ–ˆâ–ˆâ–ˆâ–ˆâ–ˆâ–‹| 408/421 [00:02<00:00, 207.63it/s, acc=99.22%, loss=0.0205] 
                                                                                           

Evaluating BP Model:   0%|          | 0/24 [00:00<?, ?it/s]
Evaluating BP Model:  38%|â–ˆâ–ˆâ–ˆâ–Š      | 9/24 [00:00<00:00, 77.02it/s]
Evaluating BP Model:  88%|â–ˆâ–ˆâ–ˆâ–ˆâ–ˆâ–ˆâ–ˆâ–ˆâ–Š | 21/24 [00:00<00:00, 96.02it/s]
                                                                    

BP Epoch 9/100:   0%|          | 0/421 [00:00<?, ?it/s]
BP Epoch 9/100:   4%|â–         | 16/421 [00:00<00:02, 144.61it/s]
BP Epoch 9/100:   9%|â–‰         | 38/421 [00:00<00:02, 184.64it/s]
BP Epoch 9/100:  14%|â–ˆâ–        | 60/421 [00:00<00:01, 192.54it/s]
BP Epoch 9/100:  19%|â–ˆâ–‰        | 82/421 [00:00<00:01, 201.05it/s]
BP Epoch 9/100:  19%|â–ˆâ–‰        | 82/421 [00:00<00:01, 201.05it/s, acc=100.00%, loss=0.0114]
BP Epoch 9/100:  24%|â–ˆâ–ˆâ–       | 103/421 [00:00<00:01, 202.93it/s, acc=100.00%, loss=0.0114]
BP Epoch 9/100:  29%|â–ˆâ–ˆâ–‰       | 124/421 [00:00<00:01, 202.78it/s, acc=100.00%, loss=0.0114]
BP Epoch 9/100:  35%|â–ˆâ–ˆâ–ˆâ–      | 146/421 [00:00<00:01, 206.65it/s, acc=100.00%, loss=0.0114]
BP Epoch 9/100:  40%|â–ˆâ–ˆâ–ˆâ–‰      | 168/421 [00:00<00:01, 204.98it/s, acc=100.00%, loss=0.0114]
BP Epoch 9/100:  45%|â–ˆâ–ˆâ–ˆâ–ˆâ–Œ     | 190/421 [00:00<00:01, 208.00it/s, acc=100.00%, loss=0.0114]
BP Epoch 9/100:  45%|â–ˆâ–ˆâ–ˆâ–ˆâ–Œ     | 190/421 [00:00<00:01, 208.00it/s, acc=97.66%, loss=0.0635] 
BP Epoch 9/100:  50%|â–ˆâ–ˆâ–ˆâ–ˆâ–ˆ     | 212/421 [00:01<00:01, 205.92it/s, acc=97.66%, loss=0.0635]
BP Epoch 9/100:  56%|â–ˆâ–ˆâ–ˆâ–ˆâ–ˆâ–Œ    | 234/421 [00:01<00:00, 208.31it/s, acc=97.66%, loss=0.0635]
BP Epoch 9/100:  61%|â–ˆâ–ˆâ–ˆâ–ˆâ–ˆâ–ˆ    | 256/421 [00:01<00:00, 206.39it/s, acc=97.66%, loss=0.0635]
BP Epoch 9/100:  66%|â–ˆâ–ˆâ–ˆâ–ˆâ–ˆâ–ˆâ–Œ   | 278/421 [00:01<00:00, 208.77it/s, acc=97.66%, loss=0.0635]
BP Epoch 9/100:  66%|â–ˆâ–ˆâ–ˆâ–ˆâ–ˆâ–ˆâ–Œ   | 278/421 [00:01<00:00, 208.77it/s, acc=99.22%, loss=0.0320]
BP Epoch 9/100:  71%|â–ˆâ–ˆâ–ˆâ–ˆâ–ˆâ–ˆâ–ˆâ–  | 300/421 [00:01<00:00, 205.57it/s, acc=99.22%, loss=0.0320]
BP Epoch 9/100:  76%|â–ˆâ–ˆâ–ˆâ–ˆâ–ˆâ–ˆâ–ˆâ–‹  | 322/421 [00:01<00:00, 209.24it/s, acc=99.22%, loss=0.0320]
BP Epoch 9/100:  82%|â–ˆâ–ˆâ–ˆâ–ˆâ–ˆâ–ˆâ–ˆâ–ˆâ– | 344/421 [00:01<00:00, 207.21it/s, acc=99.22%, loss=0.0320]
BP Epoch 9/100:  87%|â–ˆâ–ˆâ–ˆâ–ˆâ–ˆâ–ˆâ–ˆâ–ˆâ–‹ | 366/421 [00:01<00:00, 209.73it/s, acc=99.22%, loss=0.0320]
BP Epoch 9/100:  92%|â–ˆâ–ˆâ–ˆâ–ˆâ–ˆâ–ˆâ–ˆâ–ˆâ–ˆâ–| 388/421 [00:01<00:00, 207.76it/s, acc=99.22%, loss=0.0320]
BP Epoch 9/100:  92%|â–ˆâ–ˆâ–ˆâ–ˆâ–ˆâ–ˆâ–ˆâ–ˆâ–ˆâ–| 388/421 [00:01<00:00, 207.76it/s, acc=98.44%, loss=0.0586]
BP Epoch 9/100:  97%|â–ˆâ–ˆâ–ˆâ–ˆâ–ˆâ–ˆâ–ˆâ–ˆâ–ˆâ–‹| 410/421 [00:02<00:00, 209.57it/s, acc=98.44%, loss=0.0586]
BP Epoch 9/100:  97%|â–ˆâ–ˆâ–ˆâ–ˆâ–ˆâ–ˆâ–ˆâ–ˆâ–ˆâ–‹| 410/421 [00:02<00:00, 209.57it/s, acc=100.00%, loss=0.0242]
                                                                                            

Evaluating BP Model:   0%|          | 0/24 [00:00<?, ?it/s]
Evaluating BP Model:  38%|â–ˆâ–ˆâ–ˆâ–Š      | 9/24 [00:00<00:00, 77.11it/s]
Evaluating BP Model:  88%|â–ˆâ–ˆâ–ˆâ–ˆâ–ˆâ–ˆâ–ˆâ–ˆâ–Š | 21/24 [00:00<00:00, 96.07it/s]
                                                                    

BP Epoch 10/100:   0%|          | 0/421 [00:00<?, ?it/s]
BP Epoch 10/100:   4%|â–Ž         | 15/421 [00:00<00:02, 147.77it/s]
BP Epoch 10/100:   9%|â–‰         | 37/421 [00:00<00:02, 180.62it/s]
BP Epoch 10/100:  14%|â–ˆâ–        | 59/421 [00:00<00:01, 196.58it/s]
BP Epoch 10/100:  19%|â–ˆâ–‰        | 81/421 [00:00<00:01, 199.06it/s]
BP Epoch 10/100:  19%|â–ˆâ–‰        | 81/421 [00:00<00:01, 199.06it/s, acc=96.09%, loss=0.0791]
BP Epoch 10/100:  24%|â–ˆâ–ˆâ–       | 103/421 [00:00<00:01, 205.68it/s, acc=96.09%, loss=0.0791]
BP Epoch 10/100:  30%|â–ˆâ–ˆâ–‰       | 125/421 [00:00<00:01, 204.46it/s, acc=96.09%, loss=0.0791]
BP Epoch 10/100:  35%|â–ˆâ–ˆâ–ˆâ–      | 147/421 [00:00<00:01, 207.90it/s, acc=96.09%, loss=0.0791]
BP Epoch 10/100:  40%|â–ˆâ–ˆâ–ˆâ–ˆ      | 169/421 [00:00<00:01, 206.72it/s, acc=96.09%, loss=0.0791]
BP Epoch 10/100:  45%|â–ˆâ–ˆâ–ˆâ–ˆâ–Œ     | 190/421 [00:00<00:01, 207.07it/s, acc=96.09%, loss=0.0791]
BP Epoch 10/100:  45%|â–ˆâ–ˆâ–ˆâ–ˆâ–Œ     | 190/421 [00:00<00:01, 207.07it/s, acc=98.44%, loss=0.0424]
BP Epoch 10/100:  50%|â–ˆâ–ˆâ–ˆâ–ˆâ–ˆ     | 212/421 [00:01<00:00, 209.09it/s, acc=98.44%, loss=0.0424]
BP Epoch 10/100:  55%|â–ˆâ–ˆâ–ˆâ–ˆâ–ˆâ–Œ    | 233/421 [00:01<00:00, 207.68it/s, acc=98.44%, loss=0.0424]
BP Epoch 10/100:  60%|â–ˆâ–ˆâ–ˆâ–ˆâ–ˆâ–ˆ    | 254/421 [00:01<00:00, 207.35it/s, acc=98.44%, loss=0.0424]
BP Epoch 10/100:  66%|â–ˆâ–ˆâ–ˆâ–ˆâ–ˆâ–ˆâ–Œ   | 276/421 [00:01<00:00, 209.83it/s, acc=98.44%, loss=0.0424]
BP Epoch 10/100:  71%|â–ˆâ–ˆâ–ˆâ–ˆâ–ˆâ–ˆâ–ˆ   | 297/421 [00:01<00:00, 209.24it/s, acc=98.44%, loss=0.0424]
BP Epoch 10/100:  71%|â–ˆâ–ˆâ–ˆâ–ˆâ–ˆâ–ˆâ–ˆ   | 297/421 [00:01<00:00, 209.24it/s, acc=98.44%, loss=0.0690]
BP Epoch 10/100:  76%|â–ˆâ–ˆâ–ˆâ–ˆâ–ˆâ–ˆâ–ˆâ–Œ  | 318/421 [00:01<00:00, 206.75it/s, acc=98.44%, loss=0.0690]
BP Epoch 10/100:  81%|â–ˆâ–ˆâ–ˆâ–ˆâ–ˆâ–ˆâ–ˆâ–ˆ  | 340/421 [00:01<00:00, 209.20it/s, acc=98.44%, loss=0.0690]
BP Epoch 10/100:  86%|â–ˆâ–ˆâ–ˆâ–ˆâ–ˆâ–ˆâ–ˆâ–ˆâ–Œ | 362/421 [00:01<00:00, 207.18it/s, acc=98.44%, loss=0.0690]
BP Epoch 10/100:  91%|â–ˆâ–ˆâ–ˆâ–ˆâ–ˆâ–ˆâ–ˆâ–ˆâ–ˆ | 384/421 [00:01<00:00, 209.64it/s, acc=98.44%, loss=0.0690]
BP Epoch 10/100:  91%|â–ˆâ–ˆâ–ˆâ–ˆâ–ˆâ–ˆâ–ˆâ–ˆâ–ˆ | 384/421 [00:01<00:00, 209.64it/s, acc=98.44%, loss=0.0350]
BP Epoch 10/100:  96%|â–ˆâ–ˆâ–ˆâ–ˆâ–ˆâ–ˆâ–ˆâ–ˆâ–ˆâ–‹| 406/421 [00:01<00:00, 207.38it/s, acc=98.44%, loss=0.0350]
BP Epoch 10/100:  96%|â–ˆâ–ˆâ–ˆâ–ˆâ–ˆâ–ˆâ–ˆâ–ˆâ–ˆâ–‹| 406/421 [00:02<00:00, 207.38it/s, acc=98.44%, loss=0.0347]
                                                                                            

Evaluating BP Model:   0%|          | 0/24 [00:00<?, ?it/s]
Evaluating BP Model:  38%|â–ˆâ–ˆâ–ˆâ–Š      | 9/24 [00:00<00:00, 78.41it/s]
Evaluating BP Model:  88%|â–ˆâ–ˆâ–ˆâ–ˆâ–ˆâ–ˆâ–ˆâ–ˆâ–Š | 21/24 [00:00<00:00, 95.77it/s]
                                                                    

BP Epoch 11/100:   0%|          | 0/421 [00:00<?, ?it/s]
BP Epoch 11/100:   4%|â–         | 16/421 [00:00<00:02, 158.30it/s]
BP Epoch 11/100:   9%|â–‰         | 37/421 [00:00<00:02, 182.24it/s]
BP Epoch 11/100:  14%|â–ˆâ–        | 59/421 [00:00<00:01, 197.84it/s]
BP Epoch 11/100:  19%|â–ˆâ–‰        | 81/421 [00:00<00:01, 200.15it/s]
BP Epoch 11/100:  19%|â–ˆâ–‰        | 81/421 [00:00<00:01, 200.15it/s, acc=99.22%, loss=0.0199]
BP Epoch 11/100:  24%|â–ˆâ–ˆâ–       | 103/421 [00:00<00:01, 205.78it/s, acc=99.22%, loss=0.0199]
BP Epoch 11/100:  30%|â–ˆâ–ˆâ–‰       | 125/421 [00:00<00:01, 205.38it/s, acc=99.22%, loss=0.0199]
BP Epoch 11/100:  35%|â–ˆâ–ˆâ–ˆâ–      | 146/421 [00:00<00:01, 206.30it/s, acc=99.22%, loss=0.0199]
BP Epoch 11/100:  40%|â–ˆâ–ˆâ–ˆâ–‰      | 168/421 [00:00<00:01, 209.04it/s, acc=99.22%, loss=0.0199]
BP Epoch 11/100:  45%|â–ˆâ–ˆâ–ˆâ–ˆâ–     | 189/421 [00:00<00:01, 207.43it/s, acc=99.22%, loss=0.0199]
BP Epoch 11/100:  45%|â–ˆâ–ˆâ–ˆâ–ˆâ–     | 189/421 [00:00<00:01, 207.43it/s, acc=96.88%, loss=0.0421]
BP Epoch 11/100:  50%|â–ˆâ–ˆâ–ˆâ–ˆâ–‰     | 210/421 [00:01<00:01, 206.46it/s, acc=96.88%, loss=0.0421]
BP Epoch 11/100:  55%|â–ˆâ–ˆâ–ˆâ–ˆâ–ˆâ–Œ    | 232/421 [00:01<00:00, 209.26it/s, acc=96.88%, loss=0.0421]
BP Epoch 11/100:  60%|â–ˆâ–ˆâ–ˆâ–ˆâ–ˆâ–ˆ    | 253/421 [00:01<00:00, 209.22it/s, acc=96.88%, loss=0.0421]
BP Epoch 11/100:  65%|â–ˆâ–ˆâ–ˆâ–ˆâ–ˆâ–ˆâ–Œ   | 274/421 [00:01<00:00, 206.65it/s, acc=96.88%, loss=0.0421]
BP Epoch 11/100:  70%|â–ˆâ–ˆâ–ˆâ–ˆâ–ˆâ–ˆâ–ˆ   | 296/421 [00:01<00:00, 209.34it/s, acc=96.88%, loss=0.0421]
BP Epoch 11/100:  70%|â–ˆâ–ˆâ–ˆâ–ˆâ–ˆâ–ˆâ–ˆ   | 296/421 [00:01<00:00, 209.34it/s, acc=97.66%, loss=0.0774]
BP Epoch 11/100:  76%|â–ˆâ–ˆâ–ˆâ–ˆâ–ˆâ–ˆâ–ˆâ–Œ  | 318/421 [00:01<00:00, 206.84it/s, acc=97.66%, loss=0.0774]
BP Epoch 11/100:  81%|â–ˆâ–ˆâ–ˆâ–ˆâ–ˆâ–ˆâ–ˆâ–ˆ  | 340/421 [00:01<00:00, 209.10it/s, acc=97.66%, loss=0.0774]
BP Epoch 11/100:  86%|â–ˆâ–ˆâ–ˆâ–ˆâ–ˆâ–ˆâ–ˆâ–ˆâ–Œ | 362/421 [00:01<00:00, 206.86it/s, acc=97.66%, loss=0.0774]
BP Epoch 11/100:  91%|â–ˆâ–ˆâ–ˆâ–ˆâ–ˆâ–ˆâ–ˆâ–ˆâ–ˆ | 384/421 [00:01<00:00, 208.99it/s, acc=97.66%, loss=0.0774]
BP Epoch 11/100:  91%|â–ˆâ–ˆâ–ˆâ–ˆâ–ˆâ–ˆâ–ˆâ–ˆâ–ˆ | 384/421 [00:01<00:00, 208.99it/s, acc=97.66%, loss=0.0546]
BP Epoch 11/100:  96%|â–ˆâ–ˆâ–ˆâ–ˆâ–ˆâ–ˆâ–ˆâ–ˆâ–ˆâ–‹| 406/421 [00:01<00:00, 206.91it/s, acc=97.66%, loss=0.0546]
BP Epoch 11/100:  96%|â–ˆâ–ˆâ–ˆâ–ˆâ–ˆâ–ˆâ–ˆâ–ˆâ–ˆâ–‹| 406/421 [00:02<00:00, 206.91it/s, acc=97.66%, loss=0.0728]
                                                                                            

Evaluating BP Model:   0%|          | 0/24 [00:00<?, ?it/s]
Evaluating BP Model:  38%|â–ˆâ–ˆâ–ˆâ–Š      | 9/24 [00:00<00:00, 76.38it/s]
Evaluating BP Model:  88%|â–ˆâ–ˆâ–ˆâ–ˆâ–ˆâ–ˆâ–ˆâ–ˆâ–Š | 21/24 [00:00<00:00, 96.43it/s]
                                                                    

BP Epoch 12/100:   0%|          | 0/421 [00:00<?, ?it/s]
BP Epoch 12/100:   4%|â–         | 16/421 [00:00<00:02, 156.20it/s]
BP Epoch 12/100:   9%|â–‰         | 37/421 [00:00<00:02, 182.48it/s]
BP Epoch 12/100:  14%|â–ˆâ–        | 59/421 [00:00<00:01, 198.25it/s]
BP Epoch 12/100:  19%|â–ˆâ–‰        | 81/421 [00:00<00:01, 200.37it/s]
BP Epoch 12/100:  19%|â–ˆâ–‰        | 81/421 [00:00<00:01, 200.37it/s, acc=100.00%, loss=0.0077]
BP Epoch 12/100:  24%|â–ˆâ–ˆâ–       | 103/421 [00:00<00:01, 205.80it/s, acc=100.00%, loss=0.0077]
BP Epoch 12/100:  30%|â–ˆâ–ˆâ–‰       | 125/421 [00:00<00:01, 204.92it/s, acc=100.00%, loss=0.0077]
BP Epoch 12/100:  35%|â–ˆâ–ˆâ–ˆâ–      | 147/421 [00:00<00:01, 208.77it/s, acc=100.00%, loss=0.0077]
BP Epoch 12/100:  40%|â–ˆâ–ˆâ–ˆâ–ˆ      | 169/421 [00:00<00:01, 207.40it/s, acc=100.00%, loss=0.0077]
BP Epoch 12/100:  45%|â–ˆâ–ˆâ–ˆâ–ˆâ–Œ     | 191/421 [00:00<00:01, 210.00it/s, acc=100.00%, loss=0.0077]
BP Epoch 12/100:  45%|â–ˆâ–ˆâ–ˆâ–ˆâ–Œ     | 191/421 [00:00<00:01, 210.00it/s, acc=99.22%, loss=0.0165] 
BP Epoch 12/100:  51%|â–ˆâ–ˆâ–ˆâ–ˆâ–ˆ     | 213/421 [00:01<00:01, 207.14it/s, acc=99.22%, loss=0.0165]
BP Epoch 12/100:  56%|â–ˆâ–ˆâ–ˆâ–ˆâ–ˆâ–Œ    | 235/421 [00:01<00:00, 209.87it/s, acc=99.22%, loss=0.0165]
BP Epoch 12/100:  61%|â–ˆâ–ˆâ–ˆâ–ˆâ–ˆâ–ˆ    | 257/421 [00:01<00:00, 207.17it/s, acc=99.22%, loss=0.0165]
BP Epoch 12/100:  66%|â–ˆâ–ˆâ–ˆâ–ˆâ–ˆâ–ˆâ–‹   | 279/421 [00:01<00:00, 209.36it/s, acc=99.22%, loss=0.0165]
BP Epoch 12/100:  66%|â–ˆâ–ˆâ–ˆâ–ˆâ–ˆâ–ˆâ–‹   | 279/421 [00:01<00:00, 209.36it/s, acc=98.44%, loss=0.0276]
BP Epoch 12/100:  71%|â–ˆâ–ˆâ–ˆâ–ˆâ–ˆâ–ˆâ–ˆâ–  | 301/421 [00:01<00:00, 207.83it/s, acc=98.44%, loss=0.0276]
BP Epoch 12/100:  77%|â–ˆâ–ˆâ–ˆâ–ˆâ–ˆâ–ˆâ–ˆâ–‹  | 323/421 [00:01<00:00, 210.30it/s, acc=98.44%, loss=0.0276]
BP Epoch 12/100:  82%|â–ˆâ–ˆâ–ˆâ–ˆâ–ˆâ–ˆâ–ˆâ–ˆâ– | 345/421 [00:01<00:00, 207.71it/s, acc=98.44%, loss=0.0276]
BP Epoch 12/100:  87%|â–ˆâ–ˆâ–ˆâ–ˆâ–ˆâ–ˆâ–ˆâ–ˆâ–‹ | 367/421 [00:01<00:00, 209.83it/s, acc=98.44%, loss=0.0276]
BP Epoch 12/100:  92%|â–ˆâ–ˆâ–ˆâ–ˆâ–ˆâ–ˆâ–ˆâ–ˆâ–ˆâ–| 389/421 [00:01<00:00, 207.34it/s, acc=98.44%, loss=0.0276]
BP Epoch 12/100:  92%|â–ˆâ–ˆâ–ˆâ–ˆâ–ˆâ–ˆâ–ˆâ–ˆâ–ˆâ–| 389/421 [00:01<00:00, 207.34it/s, acc=96.88%, loss=0.0741]
BP Epoch 12/100:  98%|â–ˆâ–ˆâ–ˆâ–ˆâ–ˆâ–ˆâ–ˆâ–ˆâ–ˆâ–Š| 411/421 [00:01<00:00, 209.66it/s, acc=96.88%, loss=0.0741]
BP Epoch 12/100:  98%|â–ˆâ–ˆâ–ˆâ–ˆâ–ˆâ–ˆâ–ˆâ–ˆâ–ˆâ–Š| 411/421 [00:02<00:00, 209.66it/s, acc=100.00%, loss=0.0162]
                                                                                             

Evaluating BP Model:   0%|          | 0/24 [00:00<?, ?it/s]
Evaluating BP Model:  38%|â–ˆâ–ˆâ–ˆâ–Š      | 9/24 [00:00<00:00, 75.85it/s]
Evaluating BP Model:  88%|â–ˆâ–ˆâ–ˆâ–ˆâ–ˆâ–ˆâ–ˆâ–ˆâ–Š | 21/24 [00:00<00:00, 95.52it/s]
                                                                    

BP Epoch 13/100:   0%|          | 0/421 [00:00<?, ?it/s]
BP Epoch 13/100:   4%|â–         | 17/421 [00:00<00:02, 155.27it/s]
BP Epoch 13/100:   9%|â–‰         | 39/421 [00:00<00:02, 190.60it/s]
BP Epoch 13/100:  14%|â–ˆâ–        | 61/421 [00:00<00:01, 195.10it/s]
BP Epoch 13/100:  20%|â–ˆâ–‰        | 83/421 [00:00<00:01, 203.51it/s]
BP Epoch 13/100:  20%|â–ˆâ–‰        | 83/421 [00:00<00:01, 203.51it/s, acc=100.00%, loss=0.0122]
BP Epoch 13/100:  25%|â–ˆâ–ˆâ–       | 104/421 [00:00<00:01, 205.71it/s, acc=100.00%, loss=0.0122]
BP Epoch 13/100:  30%|â–ˆâ–ˆâ–‰       | 125/421 [00:00<00:01, 203.19it/s, acc=100.00%, loss=0.0122]
BP Epoch 13/100:  35%|â–ˆâ–ˆâ–ˆâ–      | 147/421 [00:00<00:01, 207.41it/s, acc=100.00%, loss=0.0122]
BP Epoch 13/100:  40%|â–ˆâ–ˆâ–ˆâ–ˆ      | 169/421 [00:00<00:01, 205.13it/s, acc=100.00%, loss=0.0122]
BP Epoch 13/100:  45%|â–ˆâ–ˆâ–ˆâ–ˆâ–Œ     | 191/421 [00:00<00:01, 208.07it/s, acc=100.00%, loss=0.0122]
BP Epoch 13/100:  45%|â–ˆâ–ˆâ–ˆâ–ˆâ–Œ     | 191/421 [00:00<00:01, 208.07it/s, acc=98.44%, loss=0.0385] 
BP Epoch 13/100:  51%|â–ˆâ–ˆâ–ˆâ–ˆâ–ˆ     | 213/421 [00:01<00:01, 205.65it/s, acc=98.44%, loss=0.0385]
BP Epoch 13/100:  56%|â–ˆâ–ˆâ–ˆâ–ˆâ–ˆâ–Œ    | 235/421 [00:01<00:00, 208.27it/s, acc=98.44%, loss=0.0385]
BP Epoch 13/100:  61%|â–ˆâ–ˆâ–ˆâ–ˆâ–ˆâ–ˆ    | 257/421 [00:01<00:00, 205.99it/s, acc=98.44%, loss=0.0385]
BP Epoch 13/100:  66%|â–ˆâ–ˆâ–ˆâ–ˆâ–ˆâ–ˆâ–Œ   | 278/421 [00:01<00:00, 207.05it/s, acc=98.44%, loss=0.0385][codecarbon INFO @ 05:36:29] Energy consumed for RAM : 0.000317 kWh. RAM Power : 38.0 W

BP Epoch 13/100:  66%|â–ˆâ–ˆâ–ˆâ–ˆâ–ˆâ–ˆâ–Œ   | 278/421 [00:01<00:00, 207.05it/s, acc=99.22%, loss=0.0247]
BP Epoch 13/100:  71%|â–ˆâ–ˆâ–ˆâ–ˆâ–ˆâ–ˆâ–ˆâ–  | 300/421 [00:01<00:00, 209.01it/s, acc=99.22%, loss=0.0247]
BP Epoch 13/100:  76%|â–ˆâ–ˆâ–ˆâ–ˆâ–ˆâ–ˆâ–ˆâ–Œ  | 321/421 [00:01<00:00, 206.53it/s, acc=99.22%, loss=0.0247]
BP Epoch 13/100:  81%|â–ˆâ–ˆâ–ˆâ–ˆâ–ˆâ–ˆâ–ˆâ–ˆâ– | 343/421 [00:01<00:00, 209.16it/s, acc=99.22%, loss=0.0247]
BP Epoch 13/100:  87%|â–ˆâ–ˆâ–ˆâ–ˆâ–ˆâ–ˆâ–ˆâ–ˆâ–‹ | 365/421 [00:01<00:00, 207.03it/s, acc=99.22%, loss=0.0247][codecarbon INFO @ 05:36:30] Delta energy consumed for CPU with cpu_load : 0.000225 kWh, power : 55.77187500000001 W
[codecarbon INFO @ 05:36:30] Energy consumed for All CPU : 0.000480 kWh
[codecarbon INFO @ 05:36:30] Energy consumed for all GPUs : 0.000708 kWh. Total GPU Power : 84.96570285294484 W
[codecarbon INFO @ 05:36:30] 0.001505 kWh of electricity used since the beginning.

BP Epoch 13/100:  92%|â–ˆâ–ˆâ–ˆâ–ˆâ–ˆâ–ˆâ–ˆâ–ˆâ–ˆâ–| 387/421 [00:01<00:00, 209.46it/s, acc=99.22%, loss=0.0247]
BP Epoch 13/100:  92%|â–ˆâ–ˆâ–ˆâ–ˆâ–ˆâ–ˆâ–ˆâ–ˆâ–ˆâ–| 387/421 [00:01<00:00, 209.46it/s, acc=100.00%, loss=0.0072]
BP Epoch 13/100:  97%|â–ˆâ–ˆâ–ˆâ–ˆâ–ˆâ–ˆâ–ˆâ–ˆâ–ˆâ–‹| 409/421 [00:01<00:00, 207.70it/s, acc=100.00%, loss=0.0072]
BP Epoch 13/100:  97%|â–ˆâ–ˆâ–ˆâ–ˆâ–ˆâ–ˆâ–ˆâ–ˆâ–ˆâ–‹| 409/421 [00:02<00:00, 207.70it/s, acc=100.00%, loss=0.0090]
                                                                                             

Evaluating BP Model:   0%|          | 0/24 [00:00<?, ?it/s]
Evaluating BP Model:  38%|â–ˆâ–ˆâ–ˆâ–Š      | 9/24 [00:00<00:00, 77.52it/s]
Evaluating BP Model:  88%|â–ˆâ–ˆâ–ˆâ–ˆâ–ˆâ–ˆâ–ˆâ–ˆâ–Š | 21/24 [00:00<00:00, 96.40it/s]
                                                                    

BP Epoch 14/100:   0%|          | 0/421 [00:00<?, ?it/s]
BP Epoch 14/100:   4%|â–         | 16/421 [00:00<00:02, 159.38it/s]
BP Epoch 14/100:   9%|â–‰         | 37/421 [00:00<00:02, 185.08it/s]
BP Epoch 14/100:  14%|â–ˆâ–        | 59/421 [00:00<00:01, 199.44it/s]
BP Epoch 14/100:  19%|â–ˆâ–‰        | 81/421 [00:00<00:01, 200.84it/s]
BP Epoch 14/100:  19%|â–ˆâ–‰        | 81/421 [00:00<00:01, 200.84it/s, acc=96.88%, loss=0.0738]
BP Epoch 14/100:  24%|â–ˆâ–ˆâ–       | 103/421 [00:00<00:01, 205.49it/s, acc=96.88%, loss=0.0738]
BP Epoch 14/100:  30%|â–ˆâ–ˆâ–‰       | 125/421 [00:00<00:01, 204.80it/s, acc=96.88%, loss=0.0738]
BP Epoch 14/100:  35%|â–ˆâ–ˆâ–ˆâ–      | 147/421 [00:00<00:01, 208.55it/s, acc=96.88%, loss=0.0738]
BP Epoch 14/100:  40%|â–ˆâ–ˆâ–ˆâ–ˆ      | 169/421 [00:00<00:01, 206.76it/s, acc=96.88%, loss=0.0738]
BP Epoch 14/100:  45%|â–ˆâ–ˆâ–ˆâ–ˆâ–Œ     | 191/421 [00:00<00:01, 208.78it/s, acc=96.88%, loss=0.0738]
BP Epoch 14/100:  45%|â–ˆâ–ˆâ–ˆâ–ˆâ–Œ     | 191/421 [00:00<00:01, 208.78it/s, acc=100.00%, loss=0.0104]
BP Epoch 14/100:  51%|â–ˆâ–ˆâ–ˆâ–ˆâ–ˆ     | 213/421 [00:01<00:00, 208.02it/s, acc=100.00%, loss=0.0104]
BP Epoch 14/100:  56%|â–ˆâ–ˆâ–ˆâ–ˆâ–ˆâ–Œ    | 234/421 [00:01<00:00, 207.85it/s, acc=100.00%, loss=0.0104]
BP Epoch 14/100:  61%|â–ˆâ–ˆâ–ˆâ–ˆâ–ˆâ–ˆ    | 255/421 [00:01<00:00, 208.09it/s, acc=100.00%, loss=0.0104]
BP Epoch 14/100:  66%|â–ˆâ–ˆâ–ˆâ–ˆâ–ˆâ–ˆâ–Œ   | 277/421 [00:01<00:00, 209.44it/s, acc=100.00%, loss=0.0104]
BP Epoch 14/100:  71%|â–ˆâ–ˆâ–ˆâ–ˆâ–ˆâ–ˆâ–ˆ   | 298/421 [00:01<00:00, 207.85it/s, acc=100.00%, loss=0.0104]
BP Epoch 14/100:  71%|â–ˆâ–ˆâ–ˆâ–ˆâ–ˆâ–ˆâ–ˆ   | 298/421 [00:01<00:00, 207.85it/s, acc=99.22%, loss=0.0284] 
BP Epoch 14/100:  76%|â–ˆâ–ˆâ–ˆâ–ˆâ–ˆâ–ˆâ–ˆâ–Œ  | 319/421 [00:01<00:00, 206.90it/s, acc=99.22%, loss=0.0284]
BP Epoch 14/100:  81%|â–ˆâ–ˆâ–ˆâ–ˆâ–ˆâ–ˆâ–ˆâ–ˆ  | 341/421 [00:01<00:00, 209.09it/s, acc=99.22%, loss=0.0284]
BP Epoch 14/100:  86%|â–ˆâ–ˆâ–ˆâ–ˆâ–ˆâ–ˆâ–ˆâ–ˆâ–Œ | 362/421 [00:01<00:00, 207.20it/s, acc=99.22%, loss=0.0284]
BP Epoch 14/100:  91%|â–ˆâ–ˆâ–ˆâ–ˆâ–ˆâ–ˆâ–ˆâ–ˆâ–ˆ | 383/421 [00:01<00:00, 205.57it/s, acc=99.22%, loss=0.0284]
BP Epoch 14/100:  91%|â–ˆâ–ˆâ–ˆâ–ˆâ–ˆâ–ˆâ–ˆâ–ˆâ–ˆ | 383/421 [00:01<00:00, 205.57it/s, acc=99.22%, loss=0.0570]
BP Epoch 14/100:  96%|â–ˆâ–ˆâ–ˆâ–ˆâ–ˆâ–ˆâ–ˆâ–ˆâ–ˆâ–Œ| 405/421 [00:01<00:00, 208.25it/s, acc=99.22%, loss=0.0570]
BP Epoch 14/100:  96%|â–ˆâ–ˆâ–ˆâ–ˆâ–ˆâ–ˆâ–ˆâ–ˆâ–ˆâ–Œ| 405/421 [00:02<00:00, 208.25it/s, acc=97.66%, loss=0.0744]
                                                                                            

Evaluating BP Model:   0%|          | 0/24 [00:00<?, ?it/s]
Evaluating BP Model:  38%|â–ˆâ–ˆâ–ˆâ–Š      | 9/24 [00:00<00:00, 79.08it/s]
Evaluating BP Model:  88%|â–ˆâ–ˆâ–ˆâ–ˆâ–ˆâ–ˆâ–ˆâ–ˆâ–Š | 21/24 [00:00<00:00, 96.47it/s]
                                                                    

Evaluating BP Model:   0%|          | 0/40 [00:00<?, ?it/s]
Evaluating BP Model:   2%|â–Ž         | 1/40 [00:00<00:04,  8.09it/s]
Evaluating BP Model:  32%|â–ˆâ–ˆâ–ˆâ–Ž      | 13/40 [00:00<00:00, 64.84it/s]
Evaluating BP Model:  62%|â–ˆâ–ˆâ–ˆâ–ˆâ–ˆâ–ˆâ–Ž   | 25/40 [00:00<00:00, 84.17it/s]
Evaluating BP Model:  92%|â–ˆâ–ˆâ–ˆâ–ˆâ–ˆâ–ˆâ–ˆâ–ˆâ–ˆâ–Ž| 37/40 [00:00<00:00, 93.90it/s]
                                                                    
[codecarbon INFO @ 05:36:33] Energy consumed for RAM : 0.000351 kWh. RAM Power : 38.0 W
[codecarbon INFO @ 05:36:33] Delta energy consumed for CPU with cpu_load : 0.000067 kWh, power : 75.42 W
[codecarbon INFO @ 05:36:33] Energy consumed for All CPU : 0.000547 kWh
[codecarbon INFO @ 05:36:33] Energy consumed for all GPUs : 0.000789 kWh. Total GPU Power : 78.43670130178148 W
[codecarbon INFO @ 05:36:33] 0.001686 kWh of electricity used since the beginning.
wandb: uploading output.log
wandb:                                                                                
wandb: 
wandb: Run history:
wandb:                  BP_Baseline/Epoch â–â–‚â–‚â–ƒâ–ƒâ–„â–…â–…â–†â–†â–‡â–‡â–ˆ
wandb:     BP_Baseline/Epoch_Duration_Sec â–ˆâ–‚â–â–â–â–â–â–â–‚â–â–â–â–
wandb: BP_Baseline/GPU_Mem_Used_MiB_Batch â–â–â–â–â–ˆâ–ˆâ–ˆâ–ˆâ–ˆâ–ˆâ–ˆâ–ˆâ–ˆâ–ˆâ–ˆâ–ˆâ–ˆâ–ˆâ–ˆâ–ˆâ–ˆâ–ˆâ–ˆâ–ˆâ–ˆâ–ˆâ–ˆâ–ˆâ–ˆâ–ˆâ–ˆâ–ˆâ–ˆâ–ˆâ–ˆâ–ˆâ–ˆâ–ˆâ–ˆâ–ˆ
wandb:          BP_Baseline/Learning_Rate â–â–â–â–â–â–â–â–â–â–â–â–â–
wandb: BP_Baseline/Peak_GPU_Mem_Epoch_MiB â–â–ˆâ–ˆâ–ˆâ–ˆâ–ˆâ–ˆâ–ˆâ–ˆâ–ˆâ–ˆâ–ˆâ–ˆ
wandb:        BP_Baseline/Train_Acc_Batch â–â–â–„â–ƒâ–â–„â–ƒâ–†â–„â–†â–‡â–†â–†â–ˆâ–†â–‡â–ˆâ–†â–†â–ˆâ–†â–…â–ˆâ–ˆâ–‡â–ˆâ–ˆâ–‡â–ˆâ–‡â–‡â–‡â–ˆâ–‡â–†â–ˆâ–ˆâ–ˆâ–†â–‡
wandb:        BP_Baseline/Train_Acc_Epoch â–â–„â–…â–†â–†â–‡â–‡â–ˆâ–ˆâ–‡â–ˆâ–ˆâ–ˆ
wandb:       BP_Baseline/Train_Loss_Batch â–‡â–…â–ˆâ–‡â–„â–„â–„â–…â–„â–ƒâ–‚â–ƒâ–‚â–‚â–ƒâ–‚â–‚â–ƒâ–‚â–‚â–â–â–‚â–â–â–â–‚â–â–â–‚â–‚â–â–â–‚â–â–â–â–‚â–â–‚
wandb:       BP_Baseline/Train_Loss_Epoch â–ˆâ–…â–„â–ƒâ–ƒâ–‚â–‚â–â–â–‚â–â–â–
wandb:          BP_Baseline/Val_Acc_Epoch â–â–…â–…â–ˆâ–‡â–‡â–†â–†â–ˆâ–‡â–†â–ˆâ–ˆ
wandb:         BP_Baseline/Val_Loss_Epoch â–†â–‚â–‚â–â–‚â–ƒâ–„â–…â–…â–ˆâ–ˆâ–…â–ˆ
wandb:         estimated_bp_update_gflops â–
wandb:               estimated_fwd_gflops â–
wandb:                final/Test_Accuracy â–
wandb:                    final/Test_Loss â–
wandb:   final/codecarbon_emissions_gCO2e â–
wandb:   final/estimated_bp_update_gflops â–
wandb:         final/estimated_fwd_gflops â–
wandb:        final/peak_gpu_mem_used_mib â–
wandb:      final/total_gpu_energy_joules â–
wandb:          final/total_gpu_energy_wh â–
wandb:       final/total_run_duration_sec â–
wandb:        final/training_duration_sec â–
wandb:                        global_step â–â–â–â–â–‚â–‚â–‚â–‚â–‚â–‚â–ƒâ–ƒâ–ƒâ–ƒâ–ƒâ–ƒâ–„â–„â–„â–„â–…â–…â–…â–…â–…â–…â–†â–†â–†â–‡â–‡â–‡â–‡â–‡â–‡â–ˆâ–ˆâ–ˆâ–ˆâ–ˆ
wandb:           initial_gpu_mem_used_mib â–
wandb:             model_parameters_total â–
wandb:         model_parameters_trainable â–
wandb: 
wandb: Run summary:
wandb:                  BP_Baseline/Epoch 13
wandb:     BP_Baseline/Epoch_Duration_Sec 2.29534
wandb: BP_Baseline/GPU_Mem_Used_MiB_Batch 1080
wandb:          BP_Baseline/Learning_Rate 0.00056
wandb: BP_Baseline/Peak_GPU_Mem_Epoch_MiB 1080
wandb:        BP_Baseline/Train_Acc_Batch 97.65625
wandb:        BP_Baseline/Train_Acc_Epoch 99.51566
wandb:       BP_Baseline/Train_Loss_Batch 0.07439
wandb:       BP_Baseline/Train_Loss_Epoch 0.01404
wandb:          BP_Baseline/Val_Acc_Epoch 91.6
wandb:         BP_Baseline/Val_Loss_Epoch 0.39166
wandb:             codecarbon_country_iso POL
wandb:                 codecarbon_enabled True
wandb:                    codecarbon_mode offline
wandb:         estimated_bp_update_gflops 0.21839
wandb:               estimated_fwd_gflops 0.0728
wandb:                final/Test_Accuracy 89.04
wandb:                    final/Test_Loss 0.30125
wandb:   final/codecarbon_emissions_gCO2e 1.11583
wandb:   final/estimated_bp_update_gflops 0.21839
wandb:         final/estimated_fwd_gflops 0.0728
wandb:        final/peak_gpu_mem_used_mib 1080
wandb:      final/total_gpu_energy_joules 2753.17475
wandb:          final/total_gpu_energy_wh 0.76477
wandb:       final/total_run_duration_sec 35.78373
wandb:        final/training_duration_sec 32.49245
wandb:           initial_gpu_mem_used_mib 336.625
wandb:             model_parameters_total 674410
wandb:         model_parameters_trainable 674410
wandb: 
wandb: ðŸš€ View run bp_baseline_fashion_mnist_cnn_3block at: https://wandb.ai/przspyra11/BeyondBackpropagation/runs/vpp520tp
wandb: â­ï¸ View project at: https://wandb.ai/przspyra11/BeyondBackpropagation
wandb: Synced 5 W&B file(s), 0 media file(s), 0 artifact file(s) and 0 other file(s)
wandb: Find logs at: ./wandb/run-20250505_053558-vpp520tp/logs
