#####################################################################
Job ID: 1391694
Job Name: BP_CaFo_FMNIST_s1
Running on host: t0011
Executing command in: /net/tscratch/people/plgspyra/BeyondBackpropagation
Using config file: configs/bp_baselines/fashion_mnist_cnn_3block_bp.yaml
Allocated GPU: 0
#####################################################################
Derived Experiment Name: fashion_mnist_cnn_3block_bp
Loading modules...
Modules loaded:
Activating virtual environment...
Checking PyTorch CUDA...
PyTorch version: 2.4.0+cu121
CUDA available: True
CUDA version: 12.1
cuDNN version: 90100
Running the experiment script...
Loading and merging configuration from: configs/bp_baselines/fashion_mnist_cnn_3block_bp.yaml
Configuration loaded and merged successfully:
{'algorithm': {'name': 'BP'},
 'algorithm_params': {'mf_early_stopping_enabled': False,
                      'mf_early_stopping_min_delta': 0.0001,
                      'mf_early_stopping_patience': 10},
 'carbon_tracker': {'country_iso_code': 'POL',
                    'enabled': True,
                    'mode': 'offline',
                    'output_dir': 'results/carbon'},
 'checkpointing': {'checkpoint_dir': 'checkpoints/bp_baseline_fashion_mnist_cnn_3block',
                   'save_best_metric': 'bp_val_accuracy'},
 'data': {'download': True,
          'image_size': 28,
          'input_channels': 1,
          'name': 'FashionMNIST',
          'num_classes': 10,
          'root': './data',
          'val_split': 0.1},
 'data_loader': {'batch_size': 128, 'num_workers': 4, 'pin_memory': True},
 'experiment_name': 'bp_baseline_fashion_mnist_cnn_3block',
 'general': {'device': 'auto', 'seed': 42},
 'logging': {'level': 'INFO',
             'wandb': {'entity': 'przspyra11',
                       'project': 'BeyondBackpropagation',
                       'use_wandb': True}},
 'model': {'name': 'CaFo_CNN',
           'params': {'activation': 'ReLU',
                      'block_channels': [32, 128, 512],
                      'kernel_size': 3,
                      'pool_kernel_size': 2,
                      'pool_stride': 2,
                      'use_batchnorm': True}},
 'monitoring': {'enabled': True,
                'energy_enabled': True,
                'energy_interval_sec': 0.2},
 'optimizer': {'lr': 0.000564093098959669,
               'type': 'AdamW',
               'weight_decay': 8.597071465954117e-06},
 'profiling': {'enabled': True, 'verbose': False},
 'training': {'criterion': 'CrossEntropyLoss',
              'early_stopping_enabled': True,
              'early_stopping_metric': 'bp_val_loss',
              'early_stopping_min_delta': 0.0,
              'early_stopping_mode': 'min',
              'early_stopping_patience': 10,
              'epochs': 100,
              'log_interval': 100},
 'tuning': {'direction': 'maximize',
            'enabled': True,
            'lr_range': [1e-05, 0.01],
            'metric': 'val_accuracy',
            'n_trials': 10,
            'num_epochs': 15,
            'pruner': 'Median',
            'sampler': 'TPE',
            'wd_range': [1e-06, 0.001]}}
2025-05-05 05:35:57,660 - root - INFO - Logging to file: results/bp_baseline_fashion_mnist_cnn_3block/bp_baseline_fashion_mnist_cnn_3block_run.log
2025-05-05 05:35:57,660 - root - INFO - Root logger setup complete. Level: INFO
2025-05-05 05:35:57,660 - src.utils.logging_utils - INFO - 
--- Starting Experiment ---
2025-05-05 05:35:57,660 - src.utils.logging_utils - INFO - Found EXPERIMENT_SEED environment variable: 42. Overriding config seed (42).
2025-05-05 05:35:57,737 - src.utils.helpers - INFO - Set random seed to 42 (including CUDA)
2025-05-05 05:35:57,738 - src.utils.logging_utils - INFO - Using random seed: 42
2025-05-05 05:35:57,738 - src.utils.logging_utils - INFO - Using device: cuda (Preference: 'auto')
2025-05-05 05:35:58,920 - src.utils.logging_utils - INFO - Weights & Biases run initialized: https://wandb.ai/przspyra11/BeyondBackpropagation/runs/vpp520tp
2025-05-05 05:35:58,925 - src.utils.monitoring - INFO - NVML initialized successfully.
2025-05-05 05:35:58,925 - src.utils.monitoring - INFO - NVIDIA Driver Version: 570.86.15
2025-05-05 05:35:58,926 - src.utils.monitoring - INFO - NVML version query (nvmlSystemGetNvmlVersion) not available in this pynvml library version.
2025-05-05 05:35:58,933 - src.utils.logging_utils - INFO - NVML active for GPU 0.
2025-05-05 05:35:58,933 - src.utils.logging_utils - INFO - Initial GPU Mem: 336.62 MiB Used / 40960.00 MiB Total
2025-05-05 05:35:58,933 - src.utils.logging_utils - INFO - GPU Energy monitor initialized (Interval: 0.2s).
2025-05-05 05:35:58,933 - src.utils.codecarbon_utils - INFO - Initializing CodeCarbon OfflineEmissionsTracker. Outputting to results/carbon/bp_baseline_fashion_mnist_cnn_3block_carbon.csv
2025-05-05 05:35:59,753 - src.utils.codecarbon_utils - INFO - CodeCarbon tracker started.
2025-05-05 05:35:59,753 - src.data_utils.datasets - INFO - Loading dataset: FASHIONMNIST from ./data
2025-05-05 05:35:59,817 - src.data_utils.datasets - INFO - Splitting training data randomly: 54000 train / 6000 validation samples.
2025-05-05 05:35:59,820 - src.data_utils.datasets - INFO - Applied training transforms to train subset and test transforms to validation subset.
2025-05-05 05:35:59,820 - src.data_utils.datasets - INFO - DataLoaders created: Train (421 batches, 54000 samples), Validation (24 batches, 6000 samples), Test (40 batches, 10000 samples)
2025-05-05 05:35:59,821 - src.utils.logging_utils - INFO - Dataloaders created.
2025-05-05 05:35:59,821 - src.utils.logging_utils - INFO - Getting architecture: cafo_cnn (Algo: BP)
2025-05-05 05:35:59,834 - src.architectures.cafo_cnn - INFO - Initialized CaFo_CNN base with 3 blocks.
2025-05-05 05:35:59,834 - src.architectures.cafo_cnn - INFO - Block channels: 1 -> 32 -> 128 -> 512
2025-05-05 05:35:59,835 - src.architectures.cafo_cnn - INFO - Block output shapes (C, H, W): [torch.Size([32, 14, 14]), torch.Size([128, 7, 7]), torch.Size([512, 3, 3])]
2025-05-05 05:35:59,835 - src.architectures.cafo_cnn - INFO - Block output flattened dims: [6272, 6272, 4608]
2025-05-05 05:35:59,835 - src.utils.logging_utils - INFO - Creating BP baseline model from CAFO_CNN blocks + final Linear layer.
2025-05-05 05:36:00,085 - src.utils.logging_utils - INFO - Model 'CAFO_CNN' (Algo: BP) created.
2025-05-05 05:36:00,086 - src.utils.logging_utils - INFO - Model 'CaFo_CNN' on cuda.
2025-05-05 05:36:00,087 - src.utils.logging_utils - INFO - Model trainable parameters: 674,410
2025-05-05 05:36:00,087 - src.utils.logging_utils - INFO - Model total parameters: 674,410
2025-05-05 05:36:00,443 - src.utils.logging_utils - INFO - Profiling FLOPs...
2025-05-05 05:36:00,486 - src.utils.profiling - INFO - Estimated Total Forward Pass FLOPs (via torch.profiler): 0.0728 GFLOPs
2025-05-05 05:36:00,486 - src.utils.logging_utils - INFO - Estimated Forward Pass GFLOPs: 0.0728 G
2025-05-05 05:36:00,486 - src.utils.logging_utils - INFO - Estimated BP Update Cycle GFLOPs (Fwd+Bwd ~3x Fwd): 0.2184 G
2025-05-05 05:36:00,487 - src.utils.logging_utils - INFO - 
2025-05-05 05:36:00,487 - src.utils.logging_utils - INFO - --- Metrics Log (Step: 0) ---
2025-05-05 05:36:00,487 - src.utils.logging_utils - INFO -   initial_gpu_mem_used_mib: 336.6250
2025-05-05 05:36:00,487 - src.utils.logging_utils - INFO -   codecarbon_enabled: True
2025-05-05 05:36:00,487 - src.utils.logging_utils - INFO -   codecarbon_mode: offline
2025-05-05 05:36:00,487 - src.utils.logging_utils - INFO -   codecarbon_country_iso: POL
2025-05-05 05:36:00,488 - src.utils.logging_utils - INFO -   model_parameters_trainable: 674410
2025-05-05 05:36:00,488 - src.utils.logging_utils - INFO -   model_parameters_total: 674410
2025-05-05 05:36:00,488 - src.utils.logging_utils - INFO -   estimated_fwd_gflops: 0.0728
2025-05-05 05:36:00,488 - src.utils.logging_utils - INFO -   estimated_bp_update_gflops: 0.2184
2025-05-05 05:36:00,488 - src.utils.logging_utils - INFO - --- End Metrics Log ---
2025-05-05 05:36:00,488 - src.utils.logging_utils - INFO - 
2025-05-05 05:36:00,489 - src.utils.logging_utils - INFO - Starting training phase...
2025-05-05 05:36:00,489 - src.utils.monitoring - INFO - Started energy monitoring for GPU 0 (interval: 0.2s).
2025-05-05 05:36:00,490 - src.baselines.bp - INFO - Starting standard Backpropagation training.
2025-05-05 05:36:00,490 - src.baselines.bp - INFO - BP Training using optimizer config: {'type': 'AdamW', 'lr': 0.000564093098959669, 'weight_decay': 8.597071465954117e-06}
2025-05-05 05:36:00,490 - src.baselines.bp - INFO - Early stopping enabled: Metric='bp_val_loss', Patience=10, Mode='min', MinDelta=0.0
2025-05-05 05:36:00,491 - src.baselines.bp - INFO - Using optimizer: AdamW with params: {'lr': 0.000564093098959669, 'weight_decay': 8.597071465954117e-06}
2025-05-05 05:36:01,110 - src.utils.logging_utils - INFO - 
2025-05-05 05:36:01,110 - src.utils.logging_utils - INFO - --- Metrics Log (Step: 100) ---
2025-05-05 05:36:01,110 - src.utils.logging_utils - INFO -   BP_Baseline/Train_Loss_Batch: 0.3379
2025-05-05 05:36:01,110 - src.utils.logging_utils - INFO -   BP_Baseline/Train_Acc_Batch: 88.2812
2025-05-05 05:36:01,111 - src.utils.logging_utils - INFO -   BP_Baseline/GPU_Mem_Used_MiB_Batch: 1052.0000
2025-05-05 05:36:01,111 - src.utils.logging_utils - INFO - --- End Metrics Log ---
2025-05-05 05:36:01,111 - src.utils.logging_utils - INFO - 
2025-05-05 05:36:01,589 - src.utils.logging_utils - INFO - 
2025-05-05 05:36:01,589 - src.utils.logging_utils - INFO - --- Metrics Log (Step: 200) ---
2025-05-05 05:36:01,589 - src.utils.logging_utils - INFO -   BP_Baseline/Train_Loss_Batch: 0.3191
2025-05-05 05:36:01,589 - src.utils.logging_utils - INFO -   BP_Baseline/Train_Acc_Batch: 88.2812
2025-05-05 05:36:01,590 - src.utils.logging_utils - INFO -   BP_Baseline/GPU_Mem_Used_MiB_Batch: 1052.0000
2025-05-05 05:36:01,590 - src.utils.logging_utils - INFO - --- End Metrics Log ---
2025-05-05 05:36:01,590 - src.utils.logging_utils - INFO - 
2025-05-05 05:36:02,068 - src.utils.logging_utils - INFO - 
2025-05-05 05:36:02,069 - src.utils.logging_utils - INFO - --- Metrics Log (Step: 300) ---
2025-05-05 05:36:02,069 - src.utils.logging_utils - INFO -   BP_Baseline/Train_Loss_Batch: 0.2940
2025-05-05 05:36:02,069 - src.utils.logging_utils - INFO -   BP_Baseline/Train_Acc_Batch: 92.9688
2025-05-05 05:36:02,069 - src.utils.logging_utils - INFO -   BP_Baseline/GPU_Mem_Used_MiB_Batch: 1052.0000
2025-05-05 05:36:02,069 - src.utils.logging_utils - INFO - --- End Metrics Log ---
2025-05-05 05:36:02,069 - src.utils.logging_utils - INFO - 
2025-05-05 05:36:02,550 - src.utils.logging_utils - INFO - 
2025-05-05 05:36:02,550 - src.utils.logging_utils - INFO - --- Metrics Log (Step: 400) ---
2025-05-05 05:36:02,550 - src.utils.logging_utils - INFO -   BP_Baseline/Train_Loss_Batch: 0.2228
2025-05-05 05:36:02,550 - src.utils.logging_utils - INFO -   BP_Baseline/Train_Acc_Batch: 91.4062
2025-05-05 05:36:02,550 - src.utils.logging_utils - INFO -   BP_Baseline/GPU_Mem_Used_MiB_Batch: 1052.0000
2025-05-05 05:36:02,550 - src.utils.logging_utils - INFO - --- End Metrics Log ---
2025-05-05 05:36:02,550 - src.utils.logging_utils - INFO - 
2025-05-05 05:36:02,655 - src.utils.logging_utils - INFO - 
2025-05-05 05:36:02,655 - src.utils.logging_utils - INFO - --- Metrics Log (Step: 421) ---
2025-05-05 05:36:02,655 - src.utils.logging_utils - INFO -   BP_Baseline/Train_Loss_Batch: 0.4015
2025-05-05 05:36:02,655 - src.utils.logging_utils - INFO -   BP_Baseline/Train_Acc_Batch: 87.5000
2025-05-05 05:36:02,655 - src.utils.logging_utils - INFO -   BP_Baseline/GPU_Mem_Used_MiB_Batch: 1052.0000
2025-05-05 05:36:02,656 - src.utils.logging_utils - INFO - --- End Metrics Log ---
2025-05-05 05:36:02,656 - src.utils.logging_utils - INFO - 
2025-05-05 05:36:02,983 - src.baselines.bp - INFO - Epoch 1: New best checkpoint metric (bp_val_accuracy): 88.0833
2025-05-05 05:36:03,006 - src.utils.helpers - INFO - Saved best model state_dict to checkpoints/bp_baseline_fashion_mnist_cnn_3block/bp_bp_baseline_fashion_mnist_cnn_3block_best.pth (Epoch 1, Metric: 88.0833)
2025-05-05 05:36:03,007 - src.utils.logging_utils - INFO - 
2025-05-05 05:36:03,007 - src.utils.logging_utils - INFO - --- Metrics Log (Step: 421) ---
2025-05-05 05:36:03,007 - src.utils.logging_utils - INFO -   BP_Baseline/Train_Loss_Epoch: 0.3659
2025-05-05 05:36:03,007 - src.utils.logging_utils - INFO -   BP_Baseline/Train_Acc_Epoch: 86.8171
2025-05-05 05:36:03,007 - src.utils.logging_utils - INFO -   BP_Baseline/Val_Loss_Epoch: 0.3518
2025-05-05 05:36:03,007 - src.utils.logging_utils - INFO -   BP_Baseline/Val_Acc_Epoch: 88.0833
2025-05-05 05:36:03,008 - src.utils.logging_utils - INFO -   BP_Baseline/Epoch_Duration_Sec: 2.5153
2025-05-05 05:36:03,008 - src.utils.logging_utils - INFO -   BP_Baseline/Learning_Rate: 0.000564
2025-05-05 05:36:03,008 - src.utils.logging_utils - INFO -   BP_Baseline/Epoch: 1
2025-05-05 05:36:03,008 - src.utils.logging_utils - INFO -   BP_Baseline/Peak_GPU_Mem_Epoch_MiB: 1052.0000
2025-05-05 05:36:03,008 - src.utils.logging_utils - INFO - --- End Metrics Log ---
2025-05-05 05:36:03,008 - src.utils.logging_utils - INFO - 
2025-05-05 05:36:03,008 - src.baselines.bp - INFO - BP Epoch 1/100 | LR: 0.000564 | Train Loss: 0.3659, Acc: 86.82% | Val Loss: 0.3518, Acc: 88.08% | Peak Mem: 1052.0 MiB | Duration: 00:00:02
2025-05-05 05:36:03,519 - src.utils.logging_utils - INFO - 
2025-05-05 05:36:03,519 - src.utils.logging_utils - INFO - --- Metrics Log (Step: 521) ---
2025-05-05 05:36:03,519 - src.utils.logging_utils - INFO -   BP_Baseline/Train_Loss_Batch: 0.1868
2025-05-05 05:36:03,519 - src.utils.logging_utils - INFO -   BP_Baseline/Train_Acc_Batch: 92.1875
2025-05-05 05:36:03,520 - src.utils.logging_utils - INFO -   BP_Baseline/GPU_Mem_Used_MiB_Batch: 1080.0000
2025-05-05 05:36:03,520 - src.utils.logging_utils - INFO - --- End Metrics Log ---
2025-05-05 05:36:03,520 - src.utils.logging_utils - INFO - 
2025-05-05 05:36:04,006 - src.utils.logging_utils - INFO - 
2025-05-05 05:36:04,006 - src.utils.logging_utils - INFO - --- Metrics Log (Step: 621) ---
2025-05-05 05:36:04,006 - src.utils.logging_utils - INFO -   BP_Baseline/Train_Loss_Batch: 0.3652
2025-05-05 05:36:04,007 - src.utils.logging_utils - INFO -   BP_Baseline/Train_Acc_Batch: 89.0625
2025-05-05 05:36:04,007 - src.utils.logging_utils - INFO -   BP_Baseline/GPU_Mem_Used_MiB_Batch: 1080.0000
2025-05-05 05:36:04,007 - src.utils.logging_utils - INFO - --- End Metrics Log ---
2025-05-05 05:36:04,007 - src.utils.logging_utils - INFO - 
2025-05-05 05:36:04,493 - src.utils.logging_utils - INFO - 
2025-05-05 05:36:04,493 - src.utils.logging_utils - INFO - --- Metrics Log (Step: 721) ---
2025-05-05 05:36:04,493 - src.utils.logging_utils - INFO -   BP_Baseline/Train_Loss_Batch: 0.2649
2025-05-05 05:36:04,493 - src.utils.logging_utils - INFO -   BP_Baseline/Train_Acc_Batch: 92.9688
2025-05-05 05:36:04,493 - src.utils.logging_utils - INFO -   BP_Baseline/GPU_Mem_Used_MiB_Batch: 1080.0000
2025-05-05 05:36:04,493 - src.utils.logging_utils - INFO - --- End Metrics Log ---
2025-05-05 05:36:04,494 - src.utils.logging_utils - INFO - 
2025-05-05 05:36:04,979 - src.utils.logging_utils - INFO - 
2025-05-05 05:36:04,979 - src.utils.logging_utils - INFO - --- Metrics Log (Step: 821) ---
2025-05-05 05:36:04,980 - src.utils.logging_utils - INFO -   BP_Baseline/Train_Loss_Batch: 0.1975
2025-05-05 05:36:04,980 - src.utils.logging_utils - INFO -   BP_Baseline/Train_Acc_Batch: 92.9688
2025-05-05 05:36:04,980 - src.utils.logging_utils - INFO -   BP_Baseline/GPU_Mem_Used_MiB_Batch: 1080.0000
2025-05-05 05:36:04,980 - src.utils.logging_utils - INFO - --- End Metrics Log ---
2025-05-05 05:36:04,980 - src.utils.logging_utils - INFO - 
2025-05-05 05:36:05,085 - src.utils.logging_utils - INFO - 
2025-05-05 05:36:05,085 - src.utils.logging_utils - INFO - --- Metrics Log (Step: 842) ---
2025-05-05 05:36:05,085 - src.utils.logging_utils - INFO -   BP_Baseline/Train_Loss_Batch: 0.3017
2025-05-05 05:36:05,085 - src.utils.logging_utils - INFO -   BP_Baseline/Train_Acc_Batch: 90.6250
2025-05-05 05:36:05,085 - src.utils.logging_utils - INFO -   BP_Baseline/GPU_Mem_Used_MiB_Batch: 1080.0000
2025-05-05 05:36:05,086 - src.utils.logging_utils - INFO - --- End Metrics Log ---
2025-05-05 05:36:05,086 - src.utils.logging_utils - INFO - 
2025-05-05 05:36:05,319 - src.baselines.bp - INFO - Epoch 2: New best checkpoint metric (bp_val_accuracy): 90.3000
2025-05-05 05:36:05,342 - src.utils.helpers - INFO - Saved best model state_dict to checkpoints/bp_baseline_fashion_mnist_cnn_3block/bp_bp_baseline_fashion_mnist_cnn_3block_best.pth (Epoch 2, Metric: 90.3000)
2025-05-05 05:36:05,342 - src.utils.logging_utils - INFO - 
2025-05-05 05:36:05,342 - src.utils.logging_utils - INFO - --- Metrics Log (Step: 842) ---
2025-05-05 05:36:05,342 - src.utils.logging_utils - INFO -   BP_Baseline/Train_Loss_Epoch: 0.2347
2025-05-05 05:36:05,342 - src.utils.logging_utils - INFO -   BP_Baseline/Train_Acc_Epoch: 91.5510
2025-05-05 05:36:05,343 - src.utils.logging_utils - INFO -   BP_Baseline/Val_Loss_Epoch: 0.2656
2025-05-05 05:36:05,343 - src.utils.logging_utils - INFO -   BP_Baseline/Val_Acc_Epoch: 90.3000
2025-05-05 05:36:05,343 - src.utils.logging_utils - INFO -   BP_Baseline/Epoch_Duration_Sec: 2.3335
2025-05-05 05:36:05,343 - src.utils.logging_utils - INFO -   BP_Baseline/Learning_Rate: 0.000564
2025-05-05 05:36:05,343 - src.utils.logging_utils - INFO -   BP_Baseline/Epoch: 2
2025-05-05 05:36:05,343 - src.utils.logging_utils - INFO -   BP_Baseline/Peak_GPU_Mem_Epoch_MiB: 1080.0000
2025-05-05 05:36:05,343 - src.utils.logging_utils - INFO - --- End Metrics Log ---
2025-05-05 05:36:05,343 - src.utils.logging_utils - INFO - 
2025-05-05 05:36:05,343 - src.baselines.bp - INFO - BP Epoch 2/100 | LR: 0.000564 | Train Loss: 0.2347, Acc: 91.55% | Val Loss: 0.2656, Acc: 90.30% | Peak Mem: 1080.0 MiB | Duration: 00:00:02
2025-05-05 05:36:05,846 - src.utils.logging_utils - INFO - 
2025-05-05 05:36:05,847 - src.utils.logging_utils - INFO - --- Metrics Log (Step: 942) ---
2025-05-05 05:36:05,847 - src.utils.logging_utils - INFO -   BP_Baseline/Train_Loss_Batch: 0.0966
2025-05-05 05:36:05,847 - src.utils.logging_utils - INFO -   BP_Baseline/Train_Acc_Batch: 96.0938
2025-05-05 05:36:05,847 - src.utils.logging_utils - INFO -   BP_Baseline/GPU_Mem_Used_MiB_Batch: 1080.0000
2025-05-05 05:36:05,847 - src.utils.logging_utils - INFO - --- End Metrics Log ---
2025-05-05 05:36:05,847 - src.utils.logging_utils - INFO - 
2025-05-05 05:36:06,324 - src.utils.logging_utils - INFO - 
2025-05-05 05:36:06,325 - src.utils.logging_utils - INFO - --- Metrics Log (Step: 1042) ---
2025-05-05 05:36:06,325 - src.utils.logging_utils - INFO -   BP_Baseline/Train_Loss_Batch: 0.1541
2025-05-05 05:36:06,325 - src.utils.logging_utils - INFO -   BP_Baseline/Train_Acc_Batch: 92.9688
2025-05-05 05:36:06,325 - src.utils.logging_utils - INFO -   BP_Baseline/GPU_Mem_Used_MiB_Batch: 1080.0000
2025-05-05 05:36:06,325 - src.utils.logging_utils - INFO - --- End Metrics Log ---
2025-05-05 05:36:06,325 - src.utils.logging_utils - INFO - 
2025-05-05 05:36:06,800 - src.utils.logging_utils - INFO - 
2025-05-05 05:36:06,800 - src.utils.logging_utils - INFO - --- Metrics Log (Step: 1142) ---
2025-05-05 05:36:06,801 - src.utils.logging_utils - INFO -   BP_Baseline/Train_Loss_Batch: 0.2036
2025-05-05 05:36:06,801 - src.utils.logging_utils - INFO -   BP_Baseline/Train_Acc_Batch: 92.1875
2025-05-05 05:36:06,801 - src.utils.logging_utils - INFO -   BP_Baseline/GPU_Mem_Used_MiB_Batch: 1080.0000
2025-05-05 05:36:06,801 - src.utils.logging_utils - INFO - --- End Metrics Log ---
2025-05-05 05:36:06,801 - src.utils.logging_utils - INFO - 
2025-05-05 05:36:07,278 - src.utils.logging_utils - INFO - 
2025-05-05 05:36:07,279 - src.utils.logging_utils - INFO - --- Metrics Log (Step: 1242) ---
2025-05-05 05:36:07,279 - src.utils.logging_utils - INFO -   BP_Baseline/Train_Loss_Batch: 0.2045
2025-05-05 05:36:07,279 - src.utils.logging_utils - INFO -   BP_Baseline/Train_Acc_Batch: 92.1875
2025-05-05 05:36:07,279 - src.utils.logging_utils - INFO -   BP_Baseline/GPU_Mem_Used_MiB_Batch: 1080.0000
2025-05-05 05:36:07,279 - src.utils.logging_utils - INFO - --- End Metrics Log ---
2025-05-05 05:36:07,279 - src.utils.logging_utils - INFO - 
2025-05-05 05:36:07,382 - src.utils.logging_utils - INFO - 
2025-05-05 05:36:07,383 - src.utils.logging_utils - INFO - --- Metrics Log (Step: 1263) ---
2025-05-05 05:36:07,383 - src.utils.logging_utils - INFO -   BP_Baseline/Train_Loss_Batch: 0.1867
2025-05-05 05:36:07,383 - src.utils.logging_utils - INFO -   BP_Baseline/Train_Acc_Batch: 93.7500
2025-05-05 05:36:07,383 - src.utils.logging_utils - INFO -   BP_Baseline/GPU_Mem_Used_MiB_Batch: 1080.0000
2025-05-05 05:36:07,383 - src.utils.logging_utils - INFO - --- End Metrics Log ---
2025-05-05 05:36:07,383 - src.utils.logging_utils - INFO - 
2025-05-05 05:36:07,615 - src.baselines.bp - INFO - Epoch 3: New best checkpoint metric (bp_val_accuracy): 90.4833
2025-05-05 05:36:07,637 - src.utils.helpers - INFO - Saved best model state_dict to checkpoints/bp_baseline_fashion_mnist_cnn_3block/bp_bp_baseline_fashion_mnist_cnn_3block_best.pth (Epoch 3, Metric: 90.4833)
2025-05-05 05:36:07,638 - src.utils.logging_utils - INFO - 
2025-05-05 05:36:07,638 - src.utils.logging_utils - INFO - --- Metrics Log (Step: 1263) ---
2025-05-05 05:36:07,638 - src.utils.logging_utils - INFO -   BP_Baseline/Train_Loss_Epoch: 0.1740
2025-05-05 05:36:07,638 - src.utils.logging_utils - INFO -   BP_Baseline/Train_Acc_Epoch: 93.7964
2025-05-05 05:36:07,638 - src.utils.logging_utils - INFO -   BP_Baseline/Val_Loss_Epoch: 0.2692
2025-05-05 05:36:07,638 - src.utils.logging_utils - INFO -   BP_Baseline/Val_Acc_Epoch: 90.4833
2025-05-05 05:36:07,638 - src.utils.logging_utils - INFO -   BP_Baseline/Epoch_Duration_Sec: 2.2943
2025-05-05 05:36:07,639 - src.utils.logging_utils - INFO -   BP_Baseline/Learning_Rate: 0.000564
2025-05-05 05:36:07,639 - src.utils.logging_utils - INFO -   BP_Baseline/Epoch: 3
2025-05-05 05:36:07,639 - src.utils.logging_utils - INFO -   BP_Baseline/Peak_GPU_Mem_Epoch_MiB: 1080.0000
2025-05-05 05:36:07,639 - src.utils.logging_utils - INFO - --- End Metrics Log ---
2025-05-05 05:36:07,639 - src.utils.logging_utils - INFO - 
2025-05-05 05:36:07,639 - src.baselines.bp - INFO - BP Epoch 3/100 | LR: 0.000564 | Train Loss: 0.1740, Acc: 93.80% | Val Loss: 0.2692, Acc: 90.48% | Peak Mem: 1080.0 MiB | Duration: 00:00:02
2025-05-05 05:36:08,141 - src.utils.logging_utils - INFO - 
2025-05-05 05:36:08,141 - src.utils.logging_utils - INFO - --- Metrics Log (Step: 1363) ---
2025-05-05 05:36:08,141 - src.utils.logging_utils - INFO -   BP_Baseline/Train_Loss_Batch: 0.0985
2025-05-05 05:36:08,142 - src.utils.logging_utils - INFO -   BP_Baseline/Train_Acc_Batch: 96.0938
2025-05-05 05:36:08,142 - src.utils.logging_utils - INFO -   BP_Baseline/GPU_Mem_Used_MiB_Batch: 1080.0000
2025-05-05 05:36:08,142 - src.utils.logging_utils - INFO - --- End Metrics Log ---
2025-05-05 05:36:08,142 - src.utils.logging_utils - INFO - 
2025-05-05 05:36:08,625 - src.utils.logging_utils - INFO - 
2025-05-05 05:36:08,625 - src.utils.logging_utils - INFO - --- Metrics Log (Step: 1463) ---
2025-05-05 05:36:08,625 - src.utils.logging_utils - INFO -   BP_Baseline/Train_Loss_Batch: 0.1453
2025-05-05 05:36:08,626 - src.utils.logging_utils - INFO -   BP_Baseline/Train_Acc_Batch: 94.5312
2025-05-05 05:36:08,626 - src.utils.logging_utils - INFO -   BP_Baseline/GPU_Mem_Used_MiB_Batch: 1080.0000
2025-05-05 05:36:08,626 - src.utils.logging_utils - INFO - --- End Metrics Log ---
2025-05-05 05:36:08,626 - src.utils.logging_utils - INFO - 
2025-05-05 05:36:09,107 - src.utils.logging_utils - INFO - 
2025-05-05 05:36:09,107 - src.utils.logging_utils - INFO - --- Metrics Log (Step: 1563) ---
2025-05-05 05:36:09,108 - src.utils.logging_utils - INFO -   BP_Baseline/Train_Loss_Batch: 0.0710
2025-05-05 05:36:09,108 - src.utils.logging_utils - INFO -   BP_Baseline/Train_Acc_Batch: 97.6562
2025-05-05 05:36:09,108 - src.utils.logging_utils - INFO -   BP_Baseline/GPU_Mem_Used_MiB_Batch: 1080.0000
2025-05-05 05:36:09,108 - src.utils.logging_utils - INFO - --- End Metrics Log ---
2025-05-05 05:36:09,108 - src.utils.logging_utils - INFO - 
2025-05-05 05:36:09,583 - src.utils.logging_utils - INFO - 
2025-05-05 05:36:09,583 - src.utils.logging_utils - INFO - --- Metrics Log (Step: 1663) ---
2025-05-05 05:36:09,583 - src.utils.logging_utils - INFO -   BP_Baseline/Train_Loss_Batch: 0.0901
2025-05-05 05:36:09,583 - src.utils.logging_utils - INFO -   BP_Baseline/Train_Acc_Batch: 96.8750
2025-05-05 05:36:09,583 - src.utils.logging_utils - INFO -   BP_Baseline/GPU_Mem_Used_MiB_Batch: 1080.0000
2025-05-05 05:36:09,583 - src.utils.logging_utils - INFO - --- End Metrics Log ---
2025-05-05 05:36:09,583 - src.utils.logging_utils - INFO - 
2025-05-05 05:36:09,687 - src.utils.logging_utils - INFO - 
2025-05-05 05:36:09,687 - src.utils.logging_utils - INFO - --- Metrics Log (Step: 1684) ---
2025-05-05 05:36:09,687 - src.utils.logging_utils - INFO -   BP_Baseline/Train_Loss_Batch: 0.1052
2025-05-05 05:36:09,688 - src.utils.logging_utils - INFO -   BP_Baseline/Train_Acc_Batch: 96.0938
2025-05-05 05:36:09,688 - src.utils.logging_utils - INFO -   BP_Baseline/GPU_Mem_Used_MiB_Batch: 1080.0000
2025-05-05 05:36:09,688 - src.utils.logging_utils - INFO - --- End Metrics Log ---
2025-05-05 05:36:09,688 - src.utils.logging_utils - INFO - 
2025-05-05 05:36:09,920 - src.baselines.bp - INFO - Epoch 4: New best checkpoint metric (bp_val_accuracy): 91.8167
2025-05-05 05:36:09,943 - src.utils.helpers - INFO - Saved best model state_dict to checkpoints/bp_baseline_fashion_mnist_cnn_3block/bp_bp_baseline_fashion_mnist_cnn_3block_best.pth (Epoch 4, Metric: 91.8167)
2025-05-05 05:36:09,944 - src.utils.logging_utils - INFO - 
2025-05-05 05:36:09,944 - src.utils.logging_utils - INFO - --- Metrics Log (Step: 1684) ---
2025-05-05 05:36:09,944 - src.utils.logging_utils - INFO -   BP_Baseline/Train_Loss_Epoch: 0.1234
2025-05-05 05:36:09,944 - src.utils.logging_utils - INFO -   BP_Baseline/Train_Acc_Epoch: 95.6113
2025-05-05 05:36:09,944 - src.utils.logging_utils - INFO -   BP_Baseline/Val_Loss_Epoch: 0.2447
2025-05-05 05:36:09,944 - src.utils.logging_utils - INFO -   BP_Baseline/Val_Acc_Epoch: 91.8167
2025-05-05 05:36:09,944 - src.utils.logging_utils - INFO -   BP_Baseline/Epoch_Duration_Sec: 2.3044
2025-05-05 05:36:09,944 - src.utils.logging_utils - INFO -   BP_Baseline/Learning_Rate: 0.000564
2025-05-05 05:36:09,945 - src.utils.logging_utils - INFO -   BP_Baseline/Epoch: 4
2025-05-05 05:36:09,945 - src.utils.logging_utils - INFO -   BP_Baseline/Peak_GPU_Mem_Epoch_MiB: 1080.0000
2025-05-05 05:36:09,945 - src.utils.logging_utils - INFO - --- End Metrics Log ---
2025-05-05 05:36:09,945 - src.utils.logging_utils - INFO - 
2025-05-05 05:36:09,945 - src.baselines.bp - INFO - BP Epoch 4/100 | LR: 0.000564 | Train Loss: 0.1234, Acc: 95.61% | Val Loss: 0.2447, Acc: 91.82% | Peak Mem: 1080.0 MiB | Duration: 00:00:02
2025-05-05 05:36:10,445 - src.utils.logging_utils - INFO - 
2025-05-05 05:36:10,445 - src.utils.logging_utils - INFO - --- Metrics Log (Step: 1784) ---
2025-05-05 05:36:10,445 - src.utils.logging_utils - INFO -   BP_Baseline/Train_Loss_Batch: 0.0574
2025-05-05 05:36:10,445 - src.utils.logging_utils - INFO -   BP_Baseline/Train_Acc_Batch: 99.2188
2025-05-05 05:36:10,445 - src.utils.logging_utils - INFO -   BP_Baseline/GPU_Mem_Used_MiB_Batch: 1080.0000
2025-05-05 05:36:10,445 - src.utils.logging_utils - INFO - --- End Metrics Log ---
2025-05-05 05:36:10,445 - src.utils.logging_utils - INFO - 
2025-05-05 05:36:10,927 - src.utils.logging_utils - INFO - 
2025-05-05 05:36:10,927 - src.utils.logging_utils - INFO - --- Metrics Log (Step: 1884) ---
2025-05-05 05:36:10,928 - src.utils.logging_utils - INFO -   BP_Baseline/Train_Loss_Batch: 0.0886
2025-05-05 05:36:10,928 - src.utils.logging_utils - INFO -   BP_Baseline/Train_Acc_Batch: 96.8750
2025-05-05 05:36:10,928 - src.utils.logging_utils - INFO -   BP_Baseline/GPU_Mem_Used_MiB_Batch: 1080.0000
2025-05-05 05:36:10,928 - src.utils.logging_utils - INFO - --- End Metrics Log ---
2025-05-05 05:36:10,928 - src.utils.logging_utils - INFO - 
2025-05-05 05:36:11,411 - src.utils.logging_utils - INFO - 
2025-05-05 05:36:11,411 - src.utils.logging_utils - INFO - --- Metrics Log (Step: 1984) ---
2025-05-05 05:36:11,411 - src.utils.logging_utils - INFO -   BP_Baseline/Train_Loss_Batch: 0.1052
2025-05-05 05:36:11,411 - src.utils.logging_utils - INFO -   BP_Baseline/Train_Acc_Batch: 96.0938
2025-05-05 05:36:11,411 - src.utils.logging_utils - INFO -   BP_Baseline/GPU_Mem_Used_MiB_Batch: 1080.0000
2025-05-05 05:36:11,411 - src.utils.logging_utils - INFO - --- End Metrics Log ---
2025-05-05 05:36:11,411 - src.utils.logging_utils - INFO - 
2025-05-05 05:36:11,895 - src.utils.logging_utils - INFO - 
2025-05-05 05:36:11,895 - src.utils.logging_utils - INFO - --- Metrics Log (Step: 2084) ---
2025-05-05 05:36:11,895 - src.utils.logging_utils - INFO -   BP_Baseline/Train_Loss_Batch: 0.0572
2025-05-05 05:36:11,895 - src.utils.logging_utils - INFO -   BP_Baseline/Train_Acc_Batch: 97.6562
2025-05-05 05:36:11,896 - src.utils.logging_utils - INFO -   BP_Baseline/GPU_Mem_Used_MiB_Batch: 1080.0000
2025-05-05 05:36:11,896 - src.utils.logging_utils - INFO - --- End Metrics Log ---
2025-05-05 05:36:11,896 - src.utils.logging_utils - INFO - 
2025-05-05 05:36:12,003 - src.utils.logging_utils - INFO - 
2025-05-05 05:36:12,003 - src.utils.logging_utils - INFO - --- Metrics Log (Step: 2105) ---
2025-05-05 05:36:12,003 - src.utils.logging_utils - INFO -   BP_Baseline/Train_Loss_Batch: 0.0876
2025-05-05 05:36:12,003 - src.utils.logging_utils - INFO -   BP_Baseline/Train_Acc_Batch: 96.8750
2025-05-05 05:36:12,003 - src.utils.logging_utils - INFO -   BP_Baseline/GPU_Mem_Used_MiB_Batch: 1080.0000
2025-05-05 05:36:12,003 - src.utils.logging_utils - INFO - --- End Metrics Log ---
2025-05-05 05:36:12,004 - src.utils.logging_utils - INFO - 
2025-05-05 05:36:12,250 - src.utils.logging_utils - INFO - 
2025-05-05 05:36:12,251 - src.utils.logging_utils - INFO - --- Metrics Log (Step: 2105) ---
2025-05-05 05:36:12,251 - src.utils.logging_utils - INFO -   BP_Baseline/Train_Loss_Epoch: 0.0954
2025-05-05 05:36:12,251 - src.utils.logging_utils - INFO -   BP_Baseline/Train_Acc_Epoch: 96.6022
2025-05-05 05:36:12,251 - src.utils.logging_utils - INFO -   BP_Baseline/Val_Loss_Epoch: 0.2566
2025-05-05 05:36:12,251 - src.utils.logging_utils - INFO -   BP_Baseline/Val_Acc_Epoch: 91.5333
2025-05-05 05:36:12,251 - src.utils.logging_utils - INFO -   BP_Baseline/Epoch_Duration_Sec: 2.3048
2025-05-05 05:36:12,251 - src.utils.logging_utils - INFO -   BP_Baseline/Learning_Rate: 0.000564
2025-05-05 05:36:12,251 - src.utils.logging_utils - INFO -   BP_Baseline/Epoch: 5
2025-05-05 05:36:12,251 - src.utils.logging_utils - INFO -   BP_Baseline/Peak_GPU_Mem_Epoch_MiB: 1080.0000
2025-05-05 05:36:12,251 - src.utils.logging_utils - INFO - --- End Metrics Log ---
2025-05-05 05:36:12,251 - src.utils.logging_utils - INFO - 
2025-05-05 05:36:12,252 - src.baselines.bp - INFO - BP Epoch 5/100 | LR: 0.000564 | Train Loss: 0.0954, Acc: 96.60% | Val Loss: 0.2566, Acc: 91.53% | Peak Mem: 1080.0 MiB | Duration: 00:00:02
2025-05-05 05:36:12,756 - src.utils.logging_utils - INFO - 
2025-05-05 05:36:12,756 - src.utils.logging_utils - INFO - --- Metrics Log (Step: 2205) ---
2025-05-05 05:36:12,756 - src.utils.logging_utils - INFO -   BP_Baseline/Train_Loss_Batch: 0.0858
2025-05-05 05:36:12,756 - src.utils.logging_utils - INFO -   BP_Baseline/Train_Acc_Batch: 96.8750
2025-05-05 05:36:12,756 - src.utils.logging_utils - INFO -   BP_Baseline/GPU_Mem_Used_MiB_Batch: 1080.0000
2025-05-05 05:36:12,756 - src.utils.logging_utils - INFO - --- End Metrics Log ---
2025-05-05 05:36:12,757 - src.utils.logging_utils - INFO - 
2025-05-05 05:36:13,237 - src.utils.logging_utils - INFO - 
2025-05-05 05:36:13,238 - src.utils.logging_utils - INFO - --- Metrics Log (Step: 2305) ---
2025-05-05 05:36:13,238 - src.utils.logging_utils - INFO -   BP_Baseline/Train_Loss_Batch: 0.0251
2025-05-05 05:36:13,238 - src.utils.logging_utils - INFO -   BP_Baseline/Train_Acc_Batch: 99.2188
2025-05-05 05:36:13,238 - src.utils.logging_utils - INFO -   BP_Baseline/GPU_Mem_Used_MiB_Batch: 1080.0000
2025-05-05 05:36:13,238 - src.utils.logging_utils - INFO - --- End Metrics Log ---
2025-05-05 05:36:13,238 - src.utils.logging_utils - INFO - 
2025-05-05 05:36:13,722 - src.utils.logging_utils - INFO - 
2025-05-05 05:36:13,722 - src.utils.logging_utils - INFO - --- Metrics Log (Step: 2405) ---
2025-05-05 05:36:13,722 - src.utils.logging_utils - INFO -   BP_Baseline/Train_Loss_Batch: 0.0814
2025-05-05 05:36:13,723 - src.utils.logging_utils - INFO -   BP_Baseline/Train_Acc_Batch: 96.0938
2025-05-05 05:36:13,723 - src.utils.logging_utils - INFO -   BP_Baseline/GPU_Mem_Used_MiB_Batch: 1080.0000
2025-05-05 05:36:13,723 - src.utils.logging_utils - INFO - --- End Metrics Log ---
2025-05-05 05:36:13,723 - src.utils.logging_utils - INFO - 
2025-05-05 05:36:14,207 - src.utils.logging_utils - INFO - 
2025-05-05 05:36:14,207 - src.utils.logging_utils - INFO - --- Metrics Log (Step: 2505) ---
2025-05-05 05:36:14,207 - src.utils.logging_utils - INFO -   BP_Baseline/Train_Loss_Batch: 0.0942
2025-05-05 05:36:14,207 - src.utils.logging_utils - INFO -   BP_Baseline/Train_Acc_Batch: 94.5312
2025-05-05 05:36:14,207 - src.utils.logging_utils - INFO -   BP_Baseline/GPU_Mem_Used_MiB_Batch: 1080.0000
2025-05-05 05:36:14,207 - src.utils.logging_utils - INFO - --- End Metrics Log ---
2025-05-05 05:36:14,207 - src.utils.logging_utils - INFO - 
2025-05-05 05:36:14,313 - src.utils.logging_utils - INFO - 
2025-05-05 05:36:14,313 - src.utils.logging_utils - INFO - --- Metrics Log (Step: 2526) ---
2025-05-05 05:36:14,313 - src.utils.logging_utils - INFO -   BP_Baseline/Train_Loss_Batch: 0.0896
2025-05-05 05:36:14,313 - src.utils.logging_utils - INFO -   BP_Baseline/Train_Acc_Batch: 96.8750
2025-05-05 05:36:14,313 - src.utils.logging_utils - INFO -   BP_Baseline/GPU_Mem_Used_MiB_Batch: 1080.0000
2025-05-05 05:36:14,314 - src.utils.logging_utils - INFO - --- End Metrics Log ---
2025-05-05 05:36:14,314 - src.utils.logging_utils - INFO - 
2025-05-05 05:36:14,560 - src.utils.logging_utils - INFO - 
2025-05-05 05:36:14,560 - src.utils.logging_utils - INFO - --- Metrics Log (Step: 2526) ---
2025-05-05 05:36:14,560 - src.utils.logging_utils - INFO -   BP_Baseline/Train_Loss_Epoch: 0.0658
2025-05-05 05:36:14,560 - src.utils.logging_utils - INFO -   BP_Baseline/Train_Acc_Epoch: 97.7435
2025-05-05 05:36:14,560 - src.utils.logging_utils - INFO -   BP_Baseline/Val_Loss_Epoch: 0.2782
2025-05-05 05:36:14,561 - src.utils.logging_utils - INFO -   BP_Baseline/Val_Acc_Epoch: 91.3500
2025-05-05 05:36:14,561 - src.utils.logging_utils - INFO -   BP_Baseline/Epoch_Duration_Sec: 2.3079
2025-05-05 05:36:14,561 - src.utils.logging_utils - INFO -   BP_Baseline/Learning_Rate: 0.000564
2025-05-05 05:36:14,561 - src.utils.logging_utils - INFO -   BP_Baseline/Epoch: 6
2025-05-05 05:36:14,561 - src.utils.logging_utils - INFO -   BP_Baseline/Peak_GPU_Mem_Epoch_MiB: 1080.0000
2025-05-05 05:36:14,561 - src.utils.logging_utils - INFO - --- End Metrics Log ---
2025-05-05 05:36:14,561 - src.utils.logging_utils - INFO - 
2025-05-05 05:36:14,561 - src.baselines.bp - INFO - BP Epoch 6/100 | LR: 0.000564 | Train Loss: 0.0658, Acc: 97.74% | Val Loss: 0.2782, Acc: 91.35% | Peak Mem: 1080.0 MiB | Duration: 00:00:02
2025-05-05 05:36:15,063 - src.utils.logging_utils - INFO - 
2025-05-05 05:36:15,064 - src.utils.logging_utils - INFO - --- Metrics Log (Step: 2626) ---
2025-05-05 05:36:15,064 - src.utils.logging_utils - INFO -   BP_Baseline/Train_Loss_Batch: 0.0495
2025-05-05 05:36:15,064 - src.utils.logging_utils - INFO -   BP_Baseline/Train_Acc_Batch: 98.4375
2025-05-05 05:36:15,064 - src.utils.logging_utils - INFO -   BP_Baseline/GPU_Mem_Used_MiB_Batch: 1080.0000
2025-05-05 05:36:15,064 - src.utils.logging_utils - INFO - --- End Metrics Log ---
2025-05-05 05:36:15,064 - src.utils.logging_utils - INFO - 
2025-05-05 05:36:15,542 - src.utils.logging_utils - INFO - 
2025-05-05 05:36:15,542 - src.utils.logging_utils - INFO - --- Metrics Log (Step: 2726) ---
2025-05-05 05:36:15,542 - src.utils.logging_utils - INFO -   BP_Baseline/Train_Loss_Batch: 0.0283
2025-05-05 05:36:15,542 - src.utils.logging_utils - INFO -   BP_Baseline/Train_Acc_Batch: 99.2188
2025-05-05 05:36:15,543 - src.utils.logging_utils - INFO -   BP_Baseline/GPU_Mem_Used_MiB_Batch: 1080.0000
2025-05-05 05:36:15,543 - src.utils.logging_utils - INFO - --- End Metrics Log ---
2025-05-05 05:36:15,543 - src.utils.logging_utils - INFO - 
2025-05-05 05:36:16,021 - src.utils.logging_utils - INFO - 
2025-05-05 05:36:16,022 - src.utils.logging_utils - INFO - --- Metrics Log (Step: 2826) ---
2025-05-05 05:36:16,022 - src.utils.logging_utils - INFO -   BP_Baseline/Train_Loss_Batch: 0.0233
2025-05-05 05:36:16,022 - src.utils.logging_utils - INFO -   BP_Baseline/Train_Acc_Batch: 100.0000
2025-05-05 05:36:16,022 - src.utils.logging_utils - INFO -   BP_Baseline/GPU_Mem_Used_MiB_Batch: 1080.0000
2025-05-05 05:36:16,022 - src.utils.logging_utils - INFO - --- End Metrics Log ---
2025-05-05 05:36:16,022 - src.utils.logging_utils - INFO - 
2025-05-05 05:36:16,502 - src.utils.logging_utils - INFO - 
2025-05-05 05:36:16,502 - src.utils.logging_utils - INFO - --- Metrics Log (Step: 2926) ---
2025-05-05 05:36:16,502 - src.utils.logging_utils - INFO -   BP_Baseline/Train_Loss_Batch: 0.0523
2025-05-05 05:36:16,502 - src.utils.logging_utils - INFO -   BP_Baseline/Train_Acc_Batch: 96.8750
2025-05-05 05:36:16,503 - src.utils.logging_utils - INFO -   BP_Baseline/GPU_Mem_Used_MiB_Batch: 1080.0000
2025-05-05 05:36:16,503 - src.utils.logging_utils - INFO - --- End Metrics Log ---
2025-05-05 05:36:16,503 - src.utils.logging_utils - INFO - 
2025-05-05 05:36:16,610 - src.utils.logging_utils - INFO - 
2025-05-05 05:36:16,611 - src.utils.logging_utils - INFO - --- Metrics Log (Step: 2947) ---
2025-05-05 05:36:16,611 - src.utils.logging_utils - INFO -   BP_Baseline/Train_Loss_Batch: 0.1579
2025-05-05 05:36:16,611 - src.utils.logging_utils - INFO -   BP_Baseline/Train_Acc_Batch: 93.7500
2025-05-05 05:36:16,611 - src.utils.logging_utils - INFO -   BP_Baseline/GPU_Mem_Used_MiB_Batch: 1080.0000
2025-05-05 05:36:16,611 - src.utils.logging_utils - INFO - --- End Metrics Log ---
2025-05-05 05:36:16,611 - src.utils.logging_utils - INFO - 
2025-05-05 05:36:16,857 - src.utils.logging_utils - INFO - 
2025-05-05 05:36:16,857 - src.utils.logging_utils - INFO - --- Metrics Log (Step: 2947) ---
2025-05-05 05:36:16,858 - src.utils.logging_utils - INFO -   BP_Baseline/Train_Loss_Epoch: 0.0472
2025-05-05 05:36:16,858 - src.utils.logging_utils - INFO -   BP_Baseline/Train_Acc_Epoch: 98.3076
2025-05-05 05:36:16,858 - src.utils.logging_utils - INFO -   BP_Baseline/Val_Loss_Epoch: 0.3155
2025-05-05 05:36:16,858 - src.utils.logging_utils - INFO -   BP_Baseline/Val_Acc_Epoch: 90.8833
2025-05-05 05:36:16,858 - src.utils.logging_utils - INFO -   BP_Baseline/Epoch_Duration_Sec: 2.2955
2025-05-05 05:36:16,858 - src.utils.logging_utils - INFO -   BP_Baseline/Learning_Rate: 0.000564
2025-05-05 05:36:16,858 - src.utils.logging_utils - INFO -   BP_Baseline/Epoch: 7
2025-05-05 05:36:16,858 - src.utils.logging_utils - INFO -   BP_Baseline/Peak_GPU_Mem_Epoch_MiB: 1080.0000
2025-05-05 05:36:16,858 - src.utils.logging_utils - INFO - --- End Metrics Log ---
2025-05-05 05:36:16,858 - src.utils.logging_utils - INFO - 
2025-05-05 05:36:16,859 - src.baselines.bp - INFO - BP Epoch 7/100 | LR: 0.000564 | Train Loss: 0.0472, Acc: 98.31% | Val Loss: 0.3155, Acc: 90.88% | Peak Mem: 1080.0 MiB | Duration: 00:00:02
2025-05-05 05:36:17,356 - src.utils.logging_utils - INFO - 
2025-05-05 05:36:17,357 - src.utils.logging_utils - INFO - --- Metrics Log (Step: 3047) ---
2025-05-05 05:36:17,357 - src.utils.logging_utils - INFO -   BP_Baseline/Train_Loss_Batch: 0.0122
2025-05-05 05:36:17,357 - src.utils.logging_utils - INFO -   BP_Baseline/Train_Acc_Batch: 100.0000
2025-05-05 05:36:17,357 - src.utils.logging_utils - INFO -   BP_Baseline/GPU_Mem_Used_MiB_Batch: 1080.0000
2025-05-05 05:36:17,357 - src.utils.logging_utils - INFO - --- End Metrics Log ---
2025-05-05 05:36:17,357 - src.utils.logging_utils - INFO - 
2025-05-05 05:36:17,835 - src.utils.logging_utils - INFO - 
2025-05-05 05:36:17,836 - src.utils.logging_utils - INFO - --- Metrics Log (Step: 3147) ---
2025-05-05 05:36:17,836 - src.utils.logging_utils - INFO -   BP_Baseline/Train_Loss_Batch: 0.0180
2025-05-05 05:36:17,836 - src.utils.logging_utils - INFO -   BP_Baseline/Train_Acc_Batch: 100.0000
2025-05-05 05:36:17,836 - src.utils.logging_utils - INFO -   BP_Baseline/GPU_Mem_Used_MiB_Batch: 1080.0000
2025-05-05 05:36:17,836 - src.utils.logging_utils - INFO - --- End Metrics Log ---
2025-05-05 05:36:17,836 - src.utils.logging_utils - INFO - 
2025-05-05 05:36:18,318 - src.utils.logging_utils - INFO - 
2025-05-05 05:36:18,319 - src.utils.logging_utils - INFO - --- Metrics Log (Step: 3247) ---
2025-05-05 05:36:18,319 - src.utils.logging_utils - INFO -   BP_Baseline/Train_Loss_Batch: 0.0493
2025-05-05 05:36:18,319 - src.utils.logging_utils - INFO -   BP_Baseline/Train_Acc_Batch: 98.4375
2025-05-05 05:36:18,319 - src.utils.logging_utils - INFO -   BP_Baseline/GPU_Mem_Used_MiB_Batch: 1080.0000
2025-05-05 05:36:18,319 - src.utils.logging_utils - INFO - --- End Metrics Log ---
2025-05-05 05:36:18,319 - src.utils.logging_utils - INFO - 
2025-05-05 05:36:18,803 - src.utils.logging_utils - INFO - 
2025-05-05 05:36:18,803 - src.utils.logging_utils - INFO - --- Metrics Log (Step: 3347) ---
2025-05-05 05:36:18,803 - src.utils.logging_utils - INFO -   BP_Baseline/Train_Loss_Batch: 0.0069
2025-05-05 05:36:18,803 - src.utils.logging_utils - INFO -   BP_Baseline/Train_Acc_Batch: 100.0000
2025-05-05 05:36:18,803 - src.utils.logging_utils - INFO -   BP_Baseline/GPU_Mem_Used_MiB_Batch: 1080.0000
2025-05-05 05:36:18,803 - src.utils.logging_utils - INFO - --- End Metrics Log ---
2025-05-05 05:36:18,803 - src.utils.logging_utils - INFO - 
2025-05-05 05:36:18,914 - src.utils.logging_utils - INFO - 
2025-05-05 05:36:18,914 - src.utils.logging_utils - INFO - --- Metrics Log (Step: 3368) ---
2025-05-05 05:36:18,914 - src.utils.logging_utils - INFO -   BP_Baseline/Train_Loss_Batch: 0.0205
2025-05-05 05:36:18,915 - src.utils.logging_utils - INFO -   BP_Baseline/Train_Acc_Batch: 99.2188
2025-05-05 05:36:18,915 - src.utils.logging_utils - INFO -   BP_Baseline/GPU_Mem_Used_MiB_Batch: 1080.0000
2025-05-05 05:36:18,915 - src.utils.logging_utils - INFO - --- End Metrics Log ---
2025-05-05 05:36:18,915 - src.utils.logging_utils - INFO - 
2025-05-05 05:36:19,163 - src.utils.logging_utils - INFO - 
2025-05-05 05:36:19,164 - src.utils.logging_utils - INFO - --- Metrics Log (Step: 3368) ---
2025-05-05 05:36:19,165 - src.utils.logging_utils - INFO -   BP_Baseline/Train_Loss_Epoch: 0.0364
2025-05-05 05:36:19,165 - src.utils.logging_utils - INFO -   BP_Baseline/Train_Acc_Epoch: 98.8309
2025-05-05 05:36:19,165 - src.utils.logging_utils - INFO -   BP_Baseline/Val_Loss_Epoch: 0.3327
2025-05-05 05:36:19,165 - src.utils.logging_utils - INFO -   BP_Baseline/Val_Acc_Epoch: 90.6833
2025-05-05 05:36:19,166 - src.utils.logging_utils - INFO -   BP_Baseline/Epoch_Duration_Sec: 2.3044
2025-05-05 05:36:19,166 - src.utils.logging_utils - INFO -   BP_Baseline/Learning_Rate: 0.000564
2025-05-05 05:36:19,166 - src.utils.logging_utils - INFO -   BP_Baseline/Epoch: 8
2025-05-05 05:36:19,166 - src.utils.logging_utils - INFO -   BP_Baseline/Peak_GPU_Mem_Epoch_MiB: 1080.0000
2025-05-05 05:36:19,166 - src.utils.logging_utils - INFO - --- End Metrics Log ---
2025-05-05 05:36:19,167 - src.utils.logging_utils - INFO - 
2025-05-05 05:36:19,167 - src.baselines.bp - INFO - BP Epoch 8/100 | LR: 0.000564 | Train Loss: 0.0364, Acc: 98.83% | Val Loss: 0.3327, Acc: 90.68% | Peak Mem: 1080.0 MiB | Duration: 00:00:02
2025-05-05 05:36:19,683 - src.utils.logging_utils - INFO - 
2025-05-05 05:36:19,684 - src.utils.logging_utils - INFO - --- Metrics Log (Step: 3468) ---
2025-05-05 05:36:19,684 - src.utils.logging_utils - INFO -   BP_Baseline/Train_Loss_Batch: 0.0114
2025-05-05 05:36:19,684 - src.utils.logging_utils - INFO -   BP_Baseline/Train_Acc_Batch: 100.0000
2025-05-05 05:36:19,684 - src.utils.logging_utils - INFO -   BP_Baseline/GPU_Mem_Used_MiB_Batch: 1080.0000
2025-05-05 05:36:19,684 - src.utils.logging_utils - INFO - --- End Metrics Log ---
2025-05-05 05:36:19,684 - src.utils.logging_utils - INFO - 
2025-05-05 05:36:20,164 - src.utils.logging_utils - INFO - 
2025-05-05 05:36:20,164 - src.utils.logging_utils - INFO - --- Metrics Log (Step: 3568) ---
2025-05-05 05:36:20,164 - src.utils.logging_utils - INFO -   BP_Baseline/Train_Loss_Batch: 0.0635
2025-05-05 05:36:20,165 - src.utils.logging_utils - INFO -   BP_Baseline/Train_Acc_Batch: 97.6562
2025-05-05 05:36:20,165 - src.utils.logging_utils - INFO -   BP_Baseline/GPU_Mem_Used_MiB_Batch: 1080.0000
2025-05-05 05:36:20,165 - src.utils.logging_utils - INFO - --- End Metrics Log ---
2025-05-05 05:36:20,165 - src.utils.logging_utils - INFO - 
2025-05-05 05:36:20,645 - src.utils.logging_utils - INFO - 
2025-05-05 05:36:20,645 - src.utils.logging_utils - INFO - --- Metrics Log (Step: 3668) ---
2025-05-05 05:36:20,646 - src.utils.logging_utils - INFO -   BP_Baseline/Train_Loss_Batch: 0.0320
2025-05-05 05:36:20,646 - src.utils.logging_utils - INFO -   BP_Baseline/Train_Acc_Batch: 99.2188
2025-05-05 05:36:20,646 - src.utils.logging_utils - INFO -   BP_Baseline/GPU_Mem_Used_MiB_Batch: 1080.0000
2025-05-05 05:36:20,646 - src.utils.logging_utils - INFO - --- End Metrics Log ---
2025-05-05 05:36:20,646 - src.utils.logging_utils - INFO - 
2025-05-05 05:36:21,125 - src.utils.logging_utils - INFO - 
2025-05-05 05:36:21,125 - src.utils.logging_utils - INFO - --- Metrics Log (Step: 3768) ---
2025-05-05 05:36:21,125 - src.utils.logging_utils - INFO -   BP_Baseline/Train_Loss_Batch: 0.0586
2025-05-05 05:36:21,125 - src.utils.logging_utils - INFO -   BP_Baseline/Train_Acc_Batch: 98.4375
2025-05-05 05:36:21,125 - src.utils.logging_utils - INFO -   BP_Baseline/GPU_Mem_Used_MiB_Batch: 1080.0000
2025-05-05 05:36:21,125 - src.utils.logging_utils - INFO - --- End Metrics Log ---
2025-05-05 05:36:21,125 - src.utils.logging_utils - INFO - 
2025-05-05 05:36:21,229 - src.utils.logging_utils - INFO - 
2025-05-05 05:36:21,229 - src.utils.logging_utils - INFO - --- Metrics Log (Step: 3789) ---
2025-05-05 05:36:21,229 - src.utils.logging_utils - INFO -   BP_Baseline/Train_Loss_Batch: 0.0242
2025-05-05 05:36:21,229 - src.utils.logging_utils - INFO -   BP_Baseline/Train_Acc_Batch: 100.0000
2025-05-05 05:36:21,229 - src.utils.logging_utils - INFO -   BP_Baseline/GPU_Mem_Used_MiB_Batch: 1080.0000
2025-05-05 05:36:21,230 - src.utils.logging_utils - INFO - --- End Metrics Log ---
2025-05-05 05:36:21,230 - src.utils.logging_utils - INFO - 
2025-05-05 05:36:21,477 - src.utils.logging_utils - INFO - 
2025-05-05 05:36:21,477 - src.utils.logging_utils - INFO - --- Metrics Log (Step: 3789) ---
2025-05-05 05:36:21,478 - src.utils.logging_utils - INFO -   BP_Baseline/Train_Loss_Epoch: 0.0319
2025-05-05 05:36:21,478 - src.utils.logging_utils - INFO -   BP_Baseline/Train_Acc_Epoch: 98.9404
2025-05-05 05:36:21,478 - src.utils.logging_utils - INFO -   BP_Baseline/Val_Loss_Epoch: 0.3310
2025-05-05 05:36:21,478 - src.utils.logging_utils - INFO -   BP_Baseline/Val_Acc_Epoch: 91.8000
2025-05-05 05:36:21,478 - src.utils.logging_utils - INFO -   BP_Baseline/Epoch_Duration_Sec: 2.3097
2025-05-05 05:36:21,478 - src.utils.logging_utils - INFO -   BP_Baseline/Learning_Rate: 0.000564
2025-05-05 05:36:21,478 - src.utils.logging_utils - INFO -   BP_Baseline/Epoch: 9
2025-05-05 05:36:21,478 - src.utils.logging_utils - INFO -   BP_Baseline/Peak_GPU_Mem_Epoch_MiB: 1080.0000
2025-05-05 05:36:21,478 - src.utils.logging_utils - INFO - --- End Metrics Log ---
2025-05-05 05:36:21,478 - src.utils.logging_utils - INFO - 
2025-05-05 05:36:21,479 - src.baselines.bp - INFO - BP Epoch 9/100 | LR: 0.000564 | Train Loss: 0.0319, Acc: 98.94% | Val Loss: 0.3310, Acc: 91.80% | Peak Mem: 1080.0 MiB | Duration: 00:00:02
2025-05-05 05:36:21,985 - src.utils.logging_utils - INFO - 
2025-05-05 05:36:21,985 - src.utils.logging_utils - INFO - --- Metrics Log (Step: 3889) ---
2025-05-05 05:36:21,985 - src.utils.logging_utils - INFO -   BP_Baseline/Train_Loss_Batch: 0.0791
2025-05-05 05:36:21,986 - src.utils.logging_utils - INFO -   BP_Baseline/Train_Acc_Batch: 96.0938
2025-05-05 05:36:21,986 - src.utils.logging_utils - INFO -   BP_Baseline/GPU_Mem_Used_MiB_Batch: 1080.0000
2025-05-05 05:36:21,986 - src.utils.logging_utils - INFO - --- End Metrics Log ---
2025-05-05 05:36:21,986 - src.utils.logging_utils - INFO - 
2025-05-05 05:36:22,465 - src.utils.logging_utils - INFO - 
2025-05-05 05:36:22,465 - src.utils.logging_utils - INFO - --- Metrics Log (Step: 3989) ---
2025-05-05 05:36:22,466 - src.utils.logging_utils - INFO -   BP_Baseline/Train_Loss_Batch: 0.0424
2025-05-05 05:36:22,466 - src.utils.logging_utils - INFO -   BP_Baseline/Train_Acc_Batch: 98.4375
2025-05-05 05:36:22,466 - src.utils.logging_utils - INFO -   BP_Baseline/GPU_Mem_Used_MiB_Batch: 1080.0000
2025-05-05 05:36:22,466 - src.utils.logging_utils - INFO - --- End Metrics Log ---
2025-05-05 05:36:22,466 - src.utils.logging_utils - INFO - 
2025-05-05 05:36:22,946 - src.utils.logging_utils - INFO - 
2025-05-05 05:36:22,946 - src.utils.logging_utils - INFO - --- Metrics Log (Step: 4089) ---
2025-05-05 05:36:22,946 - src.utils.logging_utils - INFO -   BP_Baseline/Train_Loss_Batch: 0.0690
2025-05-05 05:36:22,946 - src.utils.logging_utils - INFO -   BP_Baseline/Train_Acc_Batch: 98.4375
2025-05-05 05:36:22,946 - src.utils.logging_utils - INFO -   BP_Baseline/GPU_Mem_Used_MiB_Batch: 1080.0000
2025-05-05 05:36:22,946 - src.utils.logging_utils - INFO - --- End Metrics Log ---
2025-05-05 05:36:22,947 - src.utils.logging_utils - INFO - 
2025-05-05 05:36:23,428 - src.utils.logging_utils - INFO - 
2025-05-05 05:36:23,428 - src.utils.logging_utils - INFO - --- Metrics Log (Step: 4189) ---
2025-05-05 05:36:23,428 - src.utils.logging_utils - INFO -   BP_Baseline/Train_Loss_Batch: 0.0350
2025-05-05 05:36:23,428 - src.utils.logging_utils - INFO -   BP_Baseline/Train_Acc_Batch: 98.4375
2025-05-05 05:36:23,428 - src.utils.logging_utils - INFO -   BP_Baseline/GPU_Mem_Used_MiB_Batch: 1080.0000
2025-05-05 05:36:23,428 - src.utils.logging_utils - INFO - --- End Metrics Log ---
2025-05-05 05:36:23,428 - src.utils.logging_utils - INFO - 
2025-05-05 05:36:23,534 - src.utils.logging_utils - INFO - 
2025-05-05 05:36:23,534 - src.utils.logging_utils - INFO - --- Metrics Log (Step: 4210) ---
2025-05-05 05:36:23,534 - src.utils.logging_utils - INFO -   BP_Baseline/Train_Loss_Batch: 0.0347
2025-05-05 05:36:23,534 - src.utils.logging_utils - INFO -   BP_Baseline/Train_Acc_Batch: 98.4375
2025-05-05 05:36:23,535 - src.utils.logging_utils - INFO -   BP_Baseline/GPU_Mem_Used_MiB_Batch: 1080.0000
2025-05-05 05:36:23,535 - src.utils.logging_utils - INFO - --- End Metrics Log ---
2025-05-05 05:36:23,535 - src.utils.logging_utils - INFO - 
2025-05-05 05:36:23,782 - src.utils.logging_utils - INFO - 
2025-05-05 05:36:23,782 - src.utils.logging_utils - INFO - --- Metrics Log (Step: 4210) ---
2025-05-05 05:36:23,782 - src.utils.logging_utils - INFO -   BP_Baseline/Train_Loss_Epoch: 0.0448
2025-05-05 05:36:23,782 - src.utils.logging_utils - INFO -   BP_Baseline/Train_Acc_Epoch: 98.4486
2025-05-05 05:36:23,782 - src.utils.logging_utils - INFO -   BP_Baseline/Val_Loss_Epoch: 0.3831
2025-05-05 05:36:23,782 - src.utils.logging_utils - INFO -   BP_Baseline/Val_Acc_Epoch: 91.2667
2025-05-05 05:36:23,782 - src.utils.logging_utils - INFO -   BP_Baseline/Epoch_Duration_Sec: 2.3026
2025-05-05 05:36:23,783 - src.utils.logging_utils - INFO -   BP_Baseline/Learning_Rate: 0.000564
2025-05-05 05:36:23,783 - src.utils.logging_utils - INFO -   BP_Baseline/Epoch: 10
2025-05-05 05:36:23,783 - src.utils.logging_utils - INFO -   BP_Baseline/Peak_GPU_Mem_Epoch_MiB: 1080.0000
2025-05-05 05:36:23,783 - src.utils.logging_utils - INFO - --- End Metrics Log ---
2025-05-05 05:36:23,783 - src.utils.logging_utils - INFO - 
2025-05-05 05:36:23,783 - src.baselines.bp - INFO - BP Epoch 10/100 | LR: 0.000564 | Train Loss: 0.0448, Acc: 98.45% | Val Loss: 0.3831, Acc: 91.27% | Peak Mem: 1080.0 MiB | Duration: 00:00:02
2025-05-05 05:36:24,287 - src.utils.logging_utils - INFO - 
2025-05-05 05:36:24,287 - src.utils.logging_utils - INFO - --- Metrics Log (Step: 4310) ---
2025-05-05 05:36:24,287 - src.utils.logging_utils - INFO -   BP_Baseline/Train_Loss_Batch: 0.0199
2025-05-05 05:36:24,287 - src.utils.logging_utils - INFO -   BP_Baseline/Train_Acc_Batch: 99.2188
2025-05-05 05:36:24,288 - src.utils.logging_utils - INFO -   BP_Baseline/GPU_Mem_Used_MiB_Batch: 1080.0000
2025-05-05 05:36:24,288 - src.utils.logging_utils - INFO - --- End Metrics Log ---
2025-05-05 05:36:24,288 - src.utils.logging_utils - INFO - 
2025-05-05 05:36:24,769 - src.utils.logging_utils - INFO - 
2025-05-05 05:36:24,770 - src.utils.logging_utils - INFO - --- Metrics Log (Step: 4410) ---
2025-05-05 05:36:24,770 - src.utils.logging_utils - INFO -   BP_Baseline/Train_Loss_Batch: 0.0421
2025-05-05 05:36:24,770 - src.utils.logging_utils - INFO -   BP_Baseline/Train_Acc_Batch: 96.8750
2025-05-05 05:36:24,770 - src.utils.logging_utils - INFO -   BP_Baseline/GPU_Mem_Used_MiB_Batch: 1080.0000
2025-05-05 05:36:24,770 - src.utils.logging_utils - INFO - --- End Metrics Log ---
2025-05-05 05:36:24,770 - src.utils.logging_utils - INFO - 
2025-05-05 05:36:25,247 - src.utils.logging_utils - INFO - 
2025-05-05 05:36:25,248 - src.utils.logging_utils - INFO - --- Metrics Log (Step: 4510) ---
2025-05-05 05:36:25,248 - src.utils.logging_utils - INFO -   BP_Baseline/Train_Loss_Batch: 0.0774
2025-05-05 05:36:25,248 - src.utils.logging_utils - INFO -   BP_Baseline/Train_Acc_Batch: 97.6562
2025-05-05 05:36:25,248 - src.utils.logging_utils - INFO -   BP_Baseline/GPU_Mem_Used_MiB_Batch: 1080.0000
2025-05-05 05:36:25,248 - src.utils.logging_utils - INFO - --- End Metrics Log ---
2025-05-05 05:36:25,248 - src.utils.logging_utils - INFO - 
2025-05-05 05:36:25,728 - src.utils.logging_utils - INFO - 
2025-05-05 05:36:25,729 - src.utils.logging_utils - INFO - --- Metrics Log (Step: 4610) ---
2025-05-05 05:36:25,729 - src.utils.logging_utils - INFO -   BP_Baseline/Train_Loss_Batch: 0.0546
2025-05-05 05:36:25,729 - src.utils.logging_utils - INFO -   BP_Baseline/Train_Acc_Batch: 97.6562
2025-05-05 05:36:25,729 - src.utils.logging_utils - INFO -   BP_Baseline/GPU_Mem_Used_MiB_Batch: 1080.0000
2025-05-05 05:36:25,729 - src.utils.logging_utils - INFO - --- End Metrics Log ---
2025-05-05 05:36:25,729 - src.utils.logging_utils - INFO - 
2025-05-05 05:36:25,832 - src.utils.logging_utils - INFO - 
2025-05-05 05:36:25,833 - src.utils.logging_utils - INFO - --- Metrics Log (Step: 4631) ---
2025-05-05 05:36:25,833 - src.utils.logging_utils - INFO -   BP_Baseline/Train_Loss_Batch: 0.0728
2025-05-05 05:36:25,833 - src.utils.logging_utils - INFO -   BP_Baseline/Train_Acc_Batch: 97.6562
2025-05-05 05:36:25,833 - src.utils.logging_utils - INFO -   BP_Baseline/GPU_Mem_Used_MiB_Batch: 1080.0000
2025-05-05 05:36:25,833 - src.utils.logging_utils - INFO - --- End Metrics Log ---
2025-05-05 05:36:25,833 - src.utils.logging_utils - INFO - 
2025-05-05 05:36:26,080 - src.utils.logging_utils - INFO - 
2025-05-05 05:36:26,080 - src.utils.logging_utils - INFO - --- Metrics Log (Step: 4631) ---
2025-05-05 05:36:26,080 - src.utils.logging_utils - INFO -   BP_Baseline/Train_Loss_Epoch: 0.0309
2025-05-05 05:36:26,080 - src.utils.logging_utils - INFO -   BP_Baseline/Train_Acc_Epoch: 98.9107
2025-05-05 05:36:26,080 - src.utils.logging_utils - INFO -   BP_Baseline/Val_Loss_Epoch: 0.3873
2025-05-05 05:36:26,080 - src.utils.logging_utils - INFO -   BP_Baseline/Val_Acc_Epoch: 90.7500
2025-05-05 05:36:26,080 - src.utils.logging_utils - INFO -   BP_Baseline/Epoch_Duration_Sec: 2.2963
2025-05-05 05:36:26,081 - src.utils.logging_utils - INFO -   BP_Baseline/Learning_Rate: 0.000564
2025-05-05 05:36:26,081 - src.utils.logging_utils - INFO -   BP_Baseline/Epoch: 11
2025-05-05 05:36:26,081 - src.utils.logging_utils - INFO -   BP_Baseline/Peak_GPU_Mem_Epoch_MiB: 1080.0000
2025-05-05 05:36:26,081 - src.utils.logging_utils - INFO - --- End Metrics Log ---
2025-05-05 05:36:26,081 - src.utils.logging_utils - INFO - 
2025-05-05 05:36:26,081 - src.baselines.bp - INFO - BP Epoch 11/100 | LR: 0.000564 | Train Loss: 0.0309, Acc: 98.91% | Val Loss: 0.3873, Acc: 90.75% | Peak Mem: 1080.0 MiB | Duration: 00:00:02
2025-05-05 05:36:26,585 - src.utils.logging_utils - INFO - 
2025-05-05 05:36:26,585 - src.utils.logging_utils - INFO - --- Metrics Log (Step: 4731) ---
2025-05-05 05:36:26,585 - src.utils.logging_utils - INFO -   BP_Baseline/Train_Loss_Batch: 0.0077
2025-05-05 05:36:26,586 - src.utils.logging_utils - INFO -   BP_Baseline/Train_Acc_Batch: 100.0000
2025-05-05 05:36:26,586 - src.utils.logging_utils - INFO -   BP_Baseline/GPU_Mem_Used_MiB_Batch: 1080.0000
2025-05-05 05:36:26,586 - src.utils.logging_utils - INFO - --- End Metrics Log ---
2025-05-05 05:36:26,586 - src.utils.logging_utils - INFO - 
2025-05-05 05:36:27,061 - src.utils.logging_utils - INFO - 
2025-05-05 05:36:27,061 - src.utils.logging_utils - INFO - --- Metrics Log (Step: 4831) ---
2025-05-05 05:36:27,061 - src.utils.logging_utils - INFO -   BP_Baseline/Train_Loss_Batch: 0.0165
2025-05-05 05:36:27,061 - src.utils.logging_utils - INFO -   BP_Baseline/Train_Acc_Batch: 99.2188
2025-05-05 05:36:27,062 - src.utils.logging_utils - INFO -   BP_Baseline/GPU_Mem_Used_MiB_Batch: 1080.0000
2025-05-05 05:36:27,062 - src.utils.logging_utils - INFO - --- End Metrics Log ---
2025-05-05 05:36:27,062 - src.utils.logging_utils - INFO - 
2025-05-05 05:36:27,541 - src.utils.logging_utils - INFO - 
2025-05-05 05:36:27,541 - src.utils.logging_utils - INFO - --- Metrics Log (Step: 4931) ---
2025-05-05 05:36:27,541 - src.utils.logging_utils - INFO -   BP_Baseline/Train_Loss_Batch: 0.0276
2025-05-05 05:36:27,541 - src.utils.logging_utils - INFO -   BP_Baseline/Train_Acc_Batch: 98.4375
2025-05-05 05:36:27,541 - src.utils.logging_utils - INFO -   BP_Baseline/GPU_Mem_Used_MiB_Batch: 1080.0000
2025-05-05 05:36:27,541 - src.utils.logging_utils - INFO - --- End Metrics Log ---
2025-05-05 05:36:27,542 - src.utils.logging_utils - INFO - 
2025-05-05 05:36:28,020 - src.utils.logging_utils - INFO - 
2025-05-05 05:36:28,020 - src.utils.logging_utils - INFO - --- Metrics Log (Step: 5031) ---
2025-05-05 05:36:28,020 - src.utils.logging_utils - INFO -   BP_Baseline/Train_Loss_Batch: 0.0741
2025-05-05 05:36:28,020 - src.utils.logging_utils - INFO -   BP_Baseline/Train_Acc_Batch: 96.8750
2025-05-05 05:36:28,021 - src.utils.logging_utils - INFO -   BP_Baseline/GPU_Mem_Used_MiB_Batch: 1080.0000
2025-05-05 05:36:28,021 - src.utils.logging_utils - INFO - --- End Metrics Log ---
2025-05-05 05:36:28,021 - src.utils.logging_utils - INFO - 
2025-05-05 05:36:28,125 - src.utils.logging_utils - INFO - 
2025-05-05 05:36:28,126 - src.utils.logging_utils - INFO - --- Metrics Log (Step: 5052) ---
2025-05-05 05:36:28,126 - src.utils.logging_utils - INFO -   BP_Baseline/Train_Loss_Batch: 0.0162
2025-05-05 05:36:28,126 - src.utils.logging_utils - INFO -   BP_Baseline/Train_Acc_Batch: 100.0000
2025-05-05 05:36:28,126 - src.utils.logging_utils - INFO -   BP_Baseline/GPU_Mem_Used_MiB_Batch: 1080.0000
2025-05-05 05:36:28,126 - src.utils.logging_utils - INFO - --- End Metrics Log ---
2025-05-05 05:36:28,126 - src.utils.logging_utils - INFO - 
2025-05-05 05:36:28,374 - src.utils.logging_utils - INFO - 
2025-05-05 05:36:28,374 - src.utils.logging_utils - INFO - --- Metrics Log (Step: 5052) ---
2025-05-05 05:36:28,375 - src.utils.logging_utils - INFO -   BP_Baseline/Train_Loss_Epoch: 0.0173
2025-05-05 05:36:28,375 - src.utils.logging_utils - INFO -   BP_Baseline/Train_Acc_Epoch: 99.4433
2025-05-05 05:36:28,375 - src.utils.logging_utils - INFO -   BP_Baseline/Val_Loss_Epoch: 0.3350
2025-05-05 05:36:28,375 - src.utils.logging_utils - INFO -   BP_Baseline/Val_Acc_Epoch: 91.6167
2025-05-05 05:36:28,375 - src.utils.logging_utils - INFO -   BP_Baseline/Epoch_Duration_Sec: 2.2926
2025-05-05 05:36:28,375 - src.utils.logging_utils - INFO -   BP_Baseline/Learning_Rate: 0.000564
2025-05-05 05:36:28,375 - src.utils.logging_utils - INFO -   BP_Baseline/Epoch: 12
2025-05-05 05:36:28,375 - src.utils.logging_utils - INFO -   BP_Baseline/Peak_GPU_Mem_Epoch_MiB: 1080.0000
2025-05-05 05:36:28,375 - src.utils.logging_utils - INFO - --- End Metrics Log ---
2025-05-05 05:36:28,375 - src.utils.logging_utils - INFO - 
2025-05-05 05:36:28,376 - src.baselines.bp - INFO - BP Epoch 12/100 | LR: 0.000564 | Train Loss: 0.0173, Acc: 99.44% | Val Loss: 0.3350, Acc: 91.62% | Peak Mem: 1080.0 MiB | Duration: 00:00:02
2025-05-05 05:36:28,879 - src.utils.logging_utils - INFO - 
2025-05-05 05:36:28,879 - src.utils.logging_utils - INFO - --- Metrics Log (Step: 5152) ---
2025-05-05 05:36:28,880 - src.utils.logging_utils - INFO -   BP_Baseline/Train_Loss_Batch: 0.0122
2025-05-05 05:36:28,880 - src.utils.logging_utils - INFO -   BP_Baseline/Train_Acc_Batch: 100.0000
2025-05-05 05:36:28,880 - src.utils.logging_utils - INFO -   BP_Baseline/GPU_Mem_Used_MiB_Batch: 1080.0000
2025-05-05 05:36:28,880 - src.utils.logging_utils - INFO - --- End Metrics Log ---
2025-05-05 05:36:28,880 - src.utils.logging_utils - INFO - 
2025-05-05 05:36:29,360 - src.utils.logging_utils - INFO - 
2025-05-05 05:36:29,360 - src.utils.logging_utils - INFO - --- Metrics Log (Step: 5252) ---
2025-05-05 05:36:29,360 - src.utils.logging_utils - INFO -   BP_Baseline/Train_Loss_Batch: 0.0385
2025-05-05 05:36:29,360 - src.utils.logging_utils - INFO -   BP_Baseline/Train_Acc_Batch: 98.4375
2025-05-05 05:36:29,360 - src.utils.logging_utils - INFO -   BP_Baseline/GPU_Mem_Used_MiB_Batch: 1080.0000
2025-05-05 05:36:29,360 - src.utils.logging_utils - INFO - --- End Metrics Log ---
2025-05-05 05:36:29,360 - src.utils.logging_utils - INFO - 
2025-05-05 05:36:29,842 - src.utils.logging_utils - INFO - 
2025-05-05 05:36:29,842 - src.utils.logging_utils - INFO - --- Metrics Log (Step: 5352) ---
2025-05-05 05:36:29,842 - src.utils.logging_utils - INFO -   BP_Baseline/Train_Loss_Batch: 0.0247
2025-05-05 05:36:29,842 - src.utils.logging_utils - INFO -   BP_Baseline/Train_Acc_Batch: 99.2188
2025-05-05 05:36:29,843 - src.utils.logging_utils - INFO -   BP_Baseline/GPU_Mem_Used_MiB_Batch: 1080.0000
2025-05-05 05:36:29,843 - src.utils.logging_utils - INFO - --- End Metrics Log ---
2025-05-05 05:36:29,843 - src.utils.logging_utils - INFO - 
2025-05-05 05:36:30,321 - src.utils.logging_utils - INFO - 
2025-05-05 05:36:30,321 - src.utils.logging_utils - INFO - --- Metrics Log (Step: 5452) ---
2025-05-05 05:36:30,321 - src.utils.logging_utils - INFO -   BP_Baseline/Train_Loss_Batch: 0.0072
2025-05-05 05:36:30,321 - src.utils.logging_utils - INFO -   BP_Baseline/Train_Acc_Batch: 100.0000
2025-05-05 05:36:30,321 - src.utils.logging_utils - INFO -   BP_Baseline/GPU_Mem_Used_MiB_Batch: 1080.0000
2025-05-05 05:36:30,322 - src.utils.logging_utils - INFO - --- End Metrics Log ---
2025-05-05 05:36:30,322 - src.utils.logging_utils - INFO - 
2025-05-05 05:36:30,425 - src.utils.logging_utils - INFO - 
2025-05-05 05:36:30,425 - src.utils.logging_utils - INFO - --- Metrics Log (Step: 5473) ---
2025-05-05 05:36:30,426 - src.utils.logging_utils - INFO -   BP_Baseline/Train_Loss_Batch: 0.0090
2025-05-05 05:36:30,426 - src.utils.logging_utils - INFO -   BP_Baseline/Train_Acc_Batch: 100.0000
2025-05-05 05:36:30,426 - src.utils.logging_utils - INFO -   BP_Baseline/GPU_Mem_Used_MiB_Batch: 1080.0000
2025-05-05 05:36:30,426 - src.utils.logging_utils - INFO - --- End Metrics Log ---
2025-05-05 05:36:30,426 - src.utils.logging_utils - INFO - 
2025-05-05 05:36:30,671 - src.utils.logging_utils - INFO - 
2025-05-05 05:36:30,672 - src.utils.logging_utils - INFO - --- Metrics Log (Step: 5473) ---
2025-05-05 05:36:30,672 - src.utils.logging_utils - INFO -   BP_Baseline/Train_Loss_Epoch: 0.0140
2025-05-05 05:36:30,672 - src.utils.logging_utils - INFO -   BP_Baseline/Train_Acc_Epoch: 99.5157
2025-05-05 05:36:30,672 - src.utils.logging_utils - INFO -   BP_Baseline/Val_Loss_Epoch: 0.3917
2025-05-05 05:36:30,672 - src.utils.logging_utils - INFO -   BP_Baseline/Val_Acc_Epoch: 91.6000
2025-05-05 05:36:30,672 - src.utils.logging_utils - INFO -   BP_Baseline/Epoch_Duration_Sec: 2.2953
2025-05-05 05:36:30,672 - src.utils.logging_utils - INFO -   BP_Baseline/Learning_Rate: 0.000564
2025-05-05 05:36:30,672 - src.utils.logging_utils - INFO -   BP_Baseline/Epoch: 13
2025-05-05 05:36:30,672 - src.utils.logging_utils - INFO -   BP_Baseline/Peak_GPU_Mem_Epoch_MiB: 1080.0000
2025-05-05 05:36:30,672 - src.utils.logging_utils - INFO - --- End Metrics Log ---
2025-05-05 05:36:30,672 - src.utils.logging_utils - INFO - 
2025-05-05 05:36:30,673 - src.baselines.bp - INFO - BP Epoch 13/100 | LR: 0.000564 | Train Loss: 0.0140, Acc: 99.52% | Val Loss: 0.3917, Acc: 91.60% | Peak Mem: 1080.0 MiB | Duration: 00:00:02
2025-05-05 05:36:31,174 - src.utils.logging_utils - INFO - 
2025-05-05 05:36:31,174 - src.utils.logging_utils - INFO - --- Metrics Log (Step: 5573) ---
2025-05-05 05:36:31,175 - src.utils.logging_utils - INFO -   BP_Baseline/Train_Loss_Batch: 0.0738
2025-05-05 05:36:31,175 - src.utils.logging_utils - INFO -   BP_Baseline/Train_Acc_Batch: 96.8750
2025-05-05 05:36:31,175 - src.utils.logging_utils - INFO -   BP_Baseline/GPU_Mem_Used_MiB_Batch: 1080.0000
2025-05-05 05:36:31,175 - src.utils.logging_utils - INFO - --- End Metrics Log ---
2025-05-05 05:36:31,175 - src.utils.logging_utils - INFO - 
2025-05-05 05:36:31,653 - src.utils.logging_utils - INFO - 
2025-05-05 05:36:31,654 - src.utils.logging_utils - INFO - --- Metrics Log (Step: 5673) ---
2025-05-05 05:36:31,654 - src.utils.logging_utils - INFO -   BP_Baseline/Train_Loss_Batch: 0.0104
2025-05-05 05:36:31,654 - src.utils.logging_utils - INFO -   BP_Baseline/Train_Acc_Batch: 100.0000
2025-05-05 05:36:31,654 - src.utils.logging_utils - INFO -   BP_Baseline/GPU_Mem_Used_MiB_Batch: 1080.0000
2025-05-05 05:36:31,655 - src.utils.logging_utils - INFO - --- End Metrics Log ---
2025-05-05 05:36:31,655 - src.utils.logging_utils - INFO - 
2025-05-05 05:36:32,136 - src.utils.logging_utils - INFO - 
2025-05-05 05:36:32,136 - src.utils.logging_utils - INFO - --- Metrics Log (Step: 5773) ---
2025-05-05 05:36:32,136 - src.utils.logging_utils - INFO -   BP_Baseline/Train_Loss_Batch: 0.0284
2025-05-05 05:36:32,136 - src.utils.logging_utils - INFO -   BP_Baseline/Train_Acc_Batch: 99.2188
2025-05-05 05:36:32,136 - src.utils.logging_utils - INFO -   BP_Baseline/GPU_Mem_Used_MiB_Batch: 1080.0000
2025-05-05 05:36:32,136 - src.utils.logging_utils - INFO - --- End Metrics Log ---
2025-05-05 05:36:32,136 - src.utils.logging_utils - INFO - 
2025-05-05 05:36:32,620 - src.utils.logging_utils - INFO - 
2025-05-05 05:36:32,621 - src.utils.logging_utils - INFO - --- Metrics Log (Step: 5873) ---
2025-05-05 05:36:32,621 - src.utils.logging_utils - INFO -   BP_Baseline/Train_Loss_Batch: 0.0570
2025-05-05 05:36:32,621 - src.utils.logging_utils - INFO -   BP_Baseline/Train_Acc_Batch: 99.2188
2025-05-05 05:36:32,621 - src.utils.logging_utils - INFO -   BP_Baseline/GPU_Mem_Used_MiB_Batch: 1080.0000
2025-05-05 05:36:32,621 - src.utils.logging_utils - INFO - --- End Metrics Log ---
2025-05-05 05:36:32,621 - src.utils.logging_utils - INFO - 
2025-05-05 05:36:32,724 - src.utils.logging_utils - INFO - 
2025-05-05 05:36:32,725 - src.utils.logging_utils - INFO - --- Metrics Log (Step: 5894) ---
2025-05-05 05:36:32,725 - src.utils.logging_utils - INFO -   BP_Baseline/Train_Loss_Batch: 0.0744
2025-05-05 05:36:32,725 - src.utils.logging_utils - INFO -   BP_Baseline/Train_Acc_Batch: 97.6562
2025-05-05 05:36:32,725 - src.utils.logging_utils - INFO -   BP_Baseline/GPU_Mem_Used_MiB_Batch: 1080.0000
2025-05-05 05:36:32,725 - src.utils.logging_utils - INFO - --- End Metrics Log ---
2025-05-05 05:36:32,725 - src.utils.logging_utils - INFO - 
2025-05-05 05:36:32,971 - src.baselines.bp - INFO - --- Early Stopping Triggered ---
2025-05-05 05:36:32,971 - src.baselines.bp - INFO - Metric 'bp_val_loss' did not improve for 10 epochs.
2025-05-05 05:36:32,972 - src.baselines.bp - INFO - Stopping training at epoch 14.
2025-05-05 05:36:32,972 - src.baselines.bp - INFO - Finished standard Backpropagation training. Total time: 00:00:32
2025-05-05 05:36:32,972 - src.baselines.bp - INFO - Loading best model state from: checkpoints/bp_baseline_fashion_mnist_cnn_3block/bp_bp_baseline_fashion_mnist_cnn_3block_best.pth
2025-05-05 05:36:32,980 - src.baselines.bp - INFO - Successfully loaded best model weights for final evaluation.
2025-05-05 05:36:32,981 - src.utils.logging_utils - INFO - Received Peak GPU Memory (sampled during training): 1080.00 MiB
2025-05-05 05:36:32,981 - src.utils.monitoring - INFO - Stopped energy monitoring for GPU 0.
2025-05-05 05:36:32,981 - src.utils.logging_utils - INFO - Starting evaluation phase on test set...
2025-05-05 05:36:33,443 - src.utils.logging_utils - INFO - Test Set Results: Acc: 89.04%, Loss: 0.3013
2025-05-05 05:36:33,444 - src.utils.logging_utils - INFO - Stopping CodeCarbon tracker...
2025-05-05 05:36:33,961 - src.utils.logging_utils - INFO - CodeCarbon tracker stopped. Attempting to read from: results/carbon/bp_baseline_fashion_mnist_cnn_3block_carbon.csv
2025-05-05 05:36:34,465 - src.utils.logging_utils - INFO - Read emissions: 0.001116 kgCO2e (1.116 gCO2e) (attempt 1)
2025-05-05 05:36:34,465 - src.utils.monitoring - INFO - Energy monitor for GPU 0 is not running.
2025-05-05 05:36:34,465 - src.utils.logging_utils - INFO - Total GPU Energy (NVML Monitor): 2753.17 J (0.7648 Wh)
2025-05-05 05:36:34,465 - src.utils.logging_utils - INFO - GPU Mem (End): 1080.00 MiB Used / 40960.00 MiB Total
2025-05-05 05:36:34,465 - src.utils.logging_utils - INFO - 
2025-05-05 05:36:34,466 - src.utils.logging_utils - INFO - --- Final Summary Metrics (Step: 5895) ---
2025-05-05 05:36:34,466 - src.utils.logging_utils - INFO -   final/total_run_duration_sec: 35.7837
2025-05-05 05:36:34,466 - src.utils.logging_utils - INFO -   final/peak_gpu_mem_used_mib: 1080.0000
2025-05-05 05:36:34,466 - src.utils.logging_utils - INFO -   final/total_gpu_energy_joules: 2753.174753
2025-05-05 05:36:34,466 - src.utils.logging_utils - INFO -   final/total_gpu_energy_wh: 0.764771
2025-05-05 05:36:34,466 - src.utils.logging_utils - INFO -   final/training_duration_sec: 32.4924
2025-05-05 05:36:34,466 - src.utils.logging_utils - INFO -   final/Test_Accuracy: 89.0400
2025-05-05 05:36:34,466 - src.utils.logging_utils - INFO -   final/Test_Loss: 0.3013
2025-05-05 05:36:34,466 - src.utils.logging_utils - INFO -   final/estimated_fwd_gflops: 0.0728
2025-05-05 05:36:34,466 - src.utils.logging_utils - INFO -   final/estimated_bp_update_gflops: 0.2184
2025-05-05 05:36:34,466 - src.utils.logging_utils - INFO -   final/codecarbon_emissions_gCO2e: 1.115833
2025-05-05 05:36:34,467 - src.utils.logging_utils - INFO - --- End Final Summary ---
2025-05-05 05:36:34,467 - src.utils.logging_utils - INFO - 
2025-05-05 05:36:34,467 - src.utils.logging_utils - INFO - Total run duration: 00:00:35
2025-05-05 05:36:34,467 - src.utils.logging_utils - INFO - --> Final Calculated Emissions: 1.116 gCO2e
2025-05-05 05:36:35,854 - src.utils.logging_utils - INFO - W&B run finished.
2025-05-05 05:36:35,854 - src.utils.monitoring - INFO - NVML shut down successfully.
2025-05-05 05:36:35,942 - src.utils.logging_utils - INFO - 
--- Experiment Finished ---
2025-05-05 05:36:35,942 - src.utils.logging_utils - INFO - Results:
2025-05-05 05:36:35,943 - src.utils.logging_utils - INFO - {'codecarbon_country_iso': 'POL',
2025-05-05 05:36:35,943 - src.utils.logging_utils - INFO -  'codecarbon_csv_path': 'results/carbon/bp_baseline_fashion_mnist_cnn_3block_carbon.csv',
2025-05-05 05:36:35,943 - src.utils.logging_utils - INFO -  'codecarbon_emissions_gCO2e': 1.1158329705299,
2025-05-05 05:36:35,943 - src.utils.logging_utils - INFO -  'codecarbon_enabled': True,
2025-05-05 05:36:35,943 - src.utils.logging_utils - INFO -  'codecarbon_mode': 'offline',
2025-05-05 05:36:35,943 - src.utils.logging_utils - INFO -  'estimated_bp_update_gflops': 0.218391552,
2025-05-05 05:36:35,943 - src.utils.logging_utils - INFO -  'estimated_fwd_gflops': 0.072797184,
2025-05-05 05:36:35,943 - src.utils.logging_utils - INFO -  'peak_gpu_mem_used_mib': 1080.0,
2025-05-05 05:36:35,943 - src.utils.logging_utils - INFO -  'test_accuracy': 89.03999999999999,
2025-05-05 05:36:35,943 - src.utils.logging_utils - INFO -  'test_loss': 0.30125361905097964,
2025-05-05 05:36:35,943 - src.utils.logging_utils - INFO -  'total_gpu_energy_joules': 2753.1747533628163,
2025-05-05 05:36:35,943 - src.utils.logging_utils - INFO -  'total_gpu_energy_wh': 0.7647707648230045,
2025-05-05 05:36:35,943 - src.utils.logging_utils - INFO -  'total_run_duration_sec': 35.78373146057129,
2025-05-05 05:36:35,943 - src.utils.logging_utils - INFO -  'training_duration_sec': 32.492445945739746}
2025-05-05 05:36:35,943 - src.utils.logging_utils - INFO - 
--- Experiment Finished Successfully ---
Deactivating virtual environment...
#####################################################################
Job finished with exit code 0 at Mon May  5 05:36:37 CEST 2025
#####################################################################
