 binutils/2.38 loaded.
 bzip2/1.0.8 loaded.
 zlib/1.2.12 loaded.
 ncurses/6.3 loaded.
 libreadline/8.1.2 loaded.
 Tcl/8.6.12 loaded.
 SQLite/3.38.3 loaded.
 XZ/5.2.5 loaded.
 GMP/6.2.1 loaded.
 libffi/3.4.2 loaded.
 OpenSSL/1.1 loaded.
 Python/3.10.4 loaded.
 CUDA/12.4.0 loaded.

Currently Loaded Modules:
  1) binutils/2.38   5) libreadline/8.1.2   9) GMP/6.2.1      13) CUDA/12.4.0
  2) bzip2/1.0.8     6) Tcl/8.6.12         10) libffi/3.4.2
  3) zlib/1.2.12     7) SQLite/3.38.3      11) OpenSSL/1.1
  4) ncurses/6.3     8) XZ/5.2.5           12) Python/3.10.4

 

2025-05-05 16:45:56,493 - src.utils.config_parser - INFO - Successfully merged configuration from configs/bp_baselines/fashion_mnist_cnn_3block_bp.yaml and configs/base.yaml
wandb: Using wandb-core as the SDK backend.  Please refer to https://wandb.me/wandb-core for more information.
wandb: Currently logged in as: przspyra11 (agh_racing) to https://api.wandb.ai. Use `wandb login --relogin` to force relogin
wandb: Tracking run with wandb version 0.19.8
wandb: Run data is saved locally in /net/tscratch/people/plgspyra/BeyondBackpropagation/wandb/run-20250505_164557-ngjohv6v
wandb: Run `wandb offline` to turn off syncing.
wandb: Syncing run bp_baseline_fashion_mnist_cnn_3block
wandb: â­ï¸ View project at https://wandb.ai/przspyra11/BeyondBackpropagation
wandb: ðŸš€ View run at https://wandb.ai/przspyra11/BeyondBackpropagation/runs/ngjohv6v
[codecarbon INFO @ 16:45:57] offline tracker init
[codecarbon INFO @ 16:45:57] [setup] RAM Tracking...
[codecarbon INFO @ 16:45:57] [setup] CPU Tracking...
 Linux OS detected: Please ensure RAPL files exist at /sys/class/powercap/intel-rapl/subsystem to measure CPU

[codecarbon INFO @ 16:45:58] CPU Model on constant consumption mode: AMD EPYC 7742 64-Core Processor
[codecarbon INFO @ 16:45:58] [setup] GPU Tracking...
[codecarbon INFO @ 16:45:58] Tracking Nvidia GPU via pynvml
[codecarbon INFO @ 16:45:58] The below tracking methods have been set up:
                RAM Tracking Method: RAM power estimation model
                CPU Tracking Method: cpu_load
                GPU Tracking Method: pynvml
            
[codecarbon INFO @ 16:45:58] >>> Tracker's metadata:
[codecarbon INFO @ 16:45:58]   Platform system: Linux-5.14.0-503.26.1.el9_5.x86_64-x86_64-with-glibc2.34
[codecarbon INFO @ 16:45:58]   Python version: 3.10.4
[codecarbon INFO @ 16:45:58]   CodeCarbon version: 3.0.1
[codecarbon INFO @ 16:45:58]   Available RAM : 125.000 GB
[codecarbon INFO @ 16:45:58]   CPU count: 16 thread(s) in 2 physical CPU(s)
[codecarbon INFO @ 16:45:58]   CPU model: AMD EPYC 7742 64-Core Processor
[codecarbon INFO @ 16:45:58]   GPU count: 1
[codecarbon INFO @ 16:45:58]   GPU model: 1 x NVIDIA A100-SXM4-40GB BUT only tracking these GPU ids : [0]
[codecarbon INFO @ 16:45:58] Emissions data (if any) will be saved to file /net/tscratch/people/plgspyra/BeyondBackpropagation/results/carbon/bp_baseline_fashion_mnist_cnn_3block_carbon.csv

BP Epoch 1/100:   0%|          | 0/421 [00:00<?, ?it/s]
BP Epoch 1/100:   0%|          | 1/421 [00:00<01:09,  6.08it/s]
BP Epoch 1/100:   6%|â–Œ         | 24/421 [00:00<00:03, 109.87it/s]
BP Epoch 1/100:  10%|â–ˆ         | 44/421 [00:00<00:02, 145.63it/s]
BP Epoch 1/100:  15%|â–ˆâ–Œ        | 64/421 [00:00<00:02, 165.14it/s]
BP Epoch 1/100:  20%|â–ˆâ–‰        | 84/421 [00:00<00:01, 176.81it/s]
BP Epoch 1/100:  20%|â–ˆâ–‰        | 84/421 [00:00<00:01, 176.81it/s, acc=88.28%, loss=0.3379]
BP Epoch 1/100:  25%|â–ˆâ–ˆâ–       | 105/421 [00:00<00:01, 185.96it/s, acc=88.28%, loss=0.3379]
BP Epoch 1/100:  30%|â–ˆâ–ˆâ–‰       | 126/421 [00:00<00:01, 188.20it/s, acc=88.28%, loss=0.3379]
BP Epoch 1/100:  35%|â–ˆâ–ˆâ–ˆâ–      | 147/421 [00:00<00:01, 193.67it/s, acc=88.28%, loss=0.3379]
BP Epoch 1/100:  40%|â–ˆâ–ˆâ–ˆâ–‰      | 168/421 [00:00<00:01, 197.11it/s, acc=88.28%, loss=0.3379]
BP Epoch 1/100:  45%|â–ˆâ–ˆâ–ˆâ–ˆâ–     | 189/421 [00:01<00:01, 199.87it/s, acc=88.28%, loss=0.3379]
BP Epoch 1/100:  45%|â–ˆâ–ˆâ–ˆâ–ˆâ–     | 189/421 [00:01<00:01, 199.87it/s, acc=88.28%, loss=0.3191]
BP Epoch 1/100:  50%|â–ˆâ–ˆâ–ˆâ–ˆâ–‰     | 210/421 [00:01<00:01, 197.29it/s, acc=88.28%, loss=0.3191]
BP Epoch 1/100:  55%|â–ˆâ–ˆâ–ˆâ–ˆâ–ˆâ–    | 231/421 [00:01<00:00, 199.62it/s, acc=88.28%, loss=0.3191]
BP Epoch 1/100:  60%|â–ˆâ–ˆâ–ˆâ–ˆâ–ˆâ–‰    | 252/421 [00:01<00:00, 200.75it/s, acc=88.28%, loss=0.3191]
BP Epoch 1/100:  65%|â–ˆâ–ˆâ–ˆâ–ˆâ–ˆâ–ˆâ–   | 273/421 [00:01<00:00, 201.92it/s, acc=88.28%, loss=0.3191]
BP Epoch 1/100:  70%|â–ˆâ–ˆâ–ˆâ–ˆâ–ˆâ–ˆâ–‰   | 294/421 [00:01<00:00, 197.28it/s, acc=88.28%, loss=0.3191]
BP Epoch 1/100:  70%|â–ˆâ–ˆâ–ˆâ–ˆâ–ˆâ–ˆâ–‰   | 294/421 [00:01<00:00, 197.28it/s, acc=92.97%, loss=0.2940]
BP Epoch 1/100:  75%|â–ˆâ–ˆâ–ˆâ–ˆâ–ˆâ–ˆâ–ˆâ–  | 314/421 [00:01<00:00, 197.76it/s, acc=92.97%, loss=0.2940]
BP Epoch 1/100:  79%|â–ˆâ–ˆâ–ˆâ–ˆâ–ˆâ–ˆâ–ˆâ–‰  | 334/421 [00:01<00:00, 198.27it/s, acc=92.97%, loss=0.2940]
BP Epoch 1/100:  84%|â–ˆâ–ˆâ–ˆâ–ˆâ–ˆâ–ˆâ–ˆâ–ˆâ– | 354/421 [00:01<00:00, 198.39it/s, acc=92.97%, loss=0.2940]
BP Epoch 1/100:  89%|â–ˆâ–ˆâ–ˆâ–ˆâ–ˆâ–ˆâ–ˆâ–ˆâ–‰ | 374/421 [00:02<00:00, 198.53it/s, acc=92.97%, loss=0.2940]
BP Epoch 1/100:  94%|â–ˆâ–ˆâ–ˆâ–ˆâ–ˆâ–ˆâ–ˆâ–ˆâ–ˆâ–Ž| 394/421 [00:02<00:00, 198.66it/s, acc=92.97%, loss=0.2940]
BP Epoch 1/100:  94%|â–ˆâ–ˆâ–ˆâ–ˆâ–ˆâ–ˆâ–ˆâ–ˆâ–ˆâ–Ž| 394/421 [00:02<00:00, 198.66it/s, acc=91.41%, loss=0.2228]
BP Epoch 1/100:  98%|â–ˆâ–ˆâ–ˆâ–ˆâ–ˆâ–ˆâ–ˆâ–ˆâ–ˆâ–Š| 414/421 [00:02<00:00, 189.43it/s, acc=91.41%, loss=0.2228]
BP Epoch 1/100:  98%|â–ˆâ–ˆâ–ˆâ–ˆâ–ˆâ–ˆâ–ˆâ–ˆâ–ˆâ–Š| 414/421 [00:02<00:00, 189.43it/s, acc=87.50%, loss=0.4015]
                                                                                           

Evaluating BP Model:   0%|          | 0/24 [00:00<?, ?it/s]
Evaluating BP Model:   4%|â–         | 1/24 [00:00<00:02,  7.90it/s]
Evaluating BP Model:  54%|â–ˆâ–ˆâ–ˆâ–ˆâ–ˆâ–    | 13/24 [00:00<00:00, 65.80it/s]
                                                                    

BP Epoch 2/100:   0%|          | 0/421 [00:00<?, ?it/s]
BP Epoch 2/100:   4%|â–Ž         | 15/421 [00:00<00:02, 145.89it/s]
BP Epoch 2/100:   9%|â–‰         | 37/421 [00:00<00:02, 181.06it/s]
BP Epoch 2/100:  14%|â–ˆâ–        | 59/421 [00:00<00:01, 195.81it/s]
BP Epoch 2/100:  19%|â–ˆâ–‰        | 79/421 [00:00<00:01, 197.31it/s]
BP Epoch 2/100:  24%|â–ˆâ–ˆâ–Ž       | 99/421 [00:00<00:01, 196.92it/s]
BP Epoch 2/100:  24%|â–ˆâ–ˆâ–Ž       | 99/421 [00:00<00:01, 196.92it/s, acc=92.19%, loss=0.1868]
BP Epoch 2/100:  29%|â–ˆâ–ˆâ–Š       | 120/421 [00:00<00:01, 199.02it/s, acc=92.19%, loss=0.1868]
BP Epoch 2/100:  33%|â–ˆâ–ˆâ–ˆâ–Ž      | 140/421 [00:00<00:01, 198.51it/s, acc=92.19%, loss=0.1868]
BP Epoch 2/100:  38%|â–ˆâ–ˆâ–ˆâ–Š      | 160/421 [00:00<00:01, 198.60it/s, acc=92.19%, loss=0.1868]
BP Epoch 2/100:  43%|â–ˆâ–ˆâ–ˆâ–ˆâ–Ž     | 180/421 [00:00<00:01, 198.48it/s, acc=92.19%, loss=0.1868]
BP Epoch 2/100:  43%|â–ˆâ–ˆâ–ˆâ–ˆâ–Ž     | 180/421 [00:01<00:01, 198.48it/s, acc=89.06%, loss=0.3652]
BP Epoch 2/100:  48%|â–ˆâ–ˆâ–ˆâ–ˆâ–Š     | 200/421 [00:01<00:01, 197.62it/s, acc=89.06%, loss=0.3652]
BP Epoch 2/100:  52%|â–ˆâ–ˆâ–ˆâ–ˆâ–ˆâ–    | 221/421 [00:01<00:01, 199.70it/s, acc=89.06%, loss=0.3652]
BP Epoch 2/100:  57%|â–ˆâ–ˆâ–ˆâ–ˆâ–ˆâ–‹    | 241/421 [00:01<00:00, 199.27it/s, acc=89.06%, loss=0.3652]
BP Epoch 2/100:  62%|â–ˆâ–ˆâ–ˆâ–ˆâ–ˆâ–ˆâ–   | 262/421 [00:01<00:00, 196.87it/s, acc=89.06%, loss=0.3652]
BP Epoch 2/100:  67%|â–ˆâ–ˆâ–ˆâ–ˆâ–ˆâ–ˆâ–‹   | 283/421 [00:01<00:00, 199.27it/s, acc=89.06%, loss=0.3652]
BP Epoch 2/100:  67%|â–ˆâ–ˆâ–ˆâ–ˆâ–ˆâ–ˆâ–‹   | 283/421 [00:01<00:00, 199.27it/s, acc=92.97%, loss=0.2649]
BP Epoch 2/100:  72%|â–ˆâ–ˆâ–ˆâ–ˆâ–ˆâ–ˆâ–ˆâ–  | 304/421 [00:01<00:00, 200.92it/s, acc=92.97%, loss=0.2649]
BP Epoch 2/100:  77%|â–ˆâ–ˆâ–ˆâ–ˆâ–ˆâ–ˆâ–ˆâ–‹  | 325/421 [00:01<00:00, 201.69it/s, acc=92.97%, loss=0.2649]
BP Epoch 2/100:  82%|â–ˆâ–ˆâ–ˆâ–ˆâ–ˆâ–ˆâ–ˆâ–ˆâ– | 346/421 [00:01<00:00, 198.88it/s, acc=92.97%, loss=0.2649]
BP Epoch 2/100:  87%|â–ˆâ–ˆâ–ˆâ–ˆâ–ˆâ–ˆâ–ˆâ–ˆâ–‹ | 367/421 [00:01<00:00, 200.68it/s, acc=92.97%, loss=0.2649]
BP Epoch 2/100:  92%|â–ˆâ–ˆâ–ˆâ–ˆâ–ˆâ–ˆâ–ˆâ–ˆâ–ˆâ–| 388/421 [00:01<00:00, 201.55it/s, acc=92.97%, loss=0.2649]
BP Epoch 2/100:  92%|â–ˆâ–ˆâ–ˆâ–ˆâ–ˆâ–ˆâ–ˆâ–ˆâ–ˆâ–| 388/421 [00:02<00:00, 201.55it/s, acc=92.97%, loss=0.1975]
BP Epoch 2/100:  97%|â–ˆâ–ˆâ–ˆâ–ˆâ–ˆâ–ˆâ–ˆâ–ˆâ–ˆâ–‹| 409/421 [00:02<00:00, 201.50it/s, acc=92.97%, loss=0.1975]
BP Epoch 2/100:  97%|â–ˆâ–ˆâ–ˆâ–ˆâ–ˆâ–ˆâ–ˆâ–ˆâ–ˆâ–‹| 409/421 [00:02<00:00, 201.50it/s, acc=90.62%, loss=0.3017]
                                                                                           

Evaluating BP Model:   0%|          | 0/24 [00:00<?, ?it/s]
Evaluating BP Model:  38%|â–ˆâ–ˆâ–ˆâ–Š      | 9/24 [00:00<00:00, 78.53it/s]
Evaluating BP Model:  88%|â–ˆâ–ˆâ–ˆâ–ˆâ–ˆâ–ˆâ–ˆâ–ˆâ–Š | 21/24 [00:00<00:00, 95.89it/s]
                                                                    

BP Epoch 3/100:   0%|          | 0/421 [00:00<?, ?it/s]
BP Epoch 3/100:   4%|â–Ž         | 15/421 [00:00<00:02, 148.80it/s]
BP Epoch 3/100:   8%|â–Š         | 35/421 [00:00<00:02, 168.15it/s]
BP Epoch 3/100:  14%|â–ˆâ–        | 58/421 [00:00<00:01, 191.09it/s]
BP Epoch 3/100:  19%|â–ˆâ–‰        | 79/421 [00:00<00:01, 197.67it/s]
BP Epoch 3/100:  19%|â–ˆâ–‰        | 79/421 [00:00<00:01, 197.67it/s, acc=96.09%, loss=0.0966]
BP Epoch 3/100:  24%|â–ˆâ–ˆâ–       | 100/421 [00:00<00:01, 198.98it/s, acc=96.09%, loss=0.0966]
BP Epoch 3/100:  29%|â–ˆâ–ˆâ–‰       | 122/421 [00:00<00:01, 201.07it/s, acc=96.09%, loss=0.0966]
BP Epoch 3/100:  34%|â–ˆâ–ˆâ–ˆâ–      | 143/421 [00:00<00:01, 203.67it/s, acc=96.09%, loss=0.0966]
BP Epoch 3/100:  39%|â–ˆâ–ˆâ–ˆâ–‰      | 164/421 [00:00<00:01, 204.71it/s, acc=96.09%, loss=0.0966]
BP Epoch 3/100:  44%|â–ˆâ–ˆâ–ˆâ–ˆâ–     | 185/421 [00:00<00:01, 205.89it/s, acc=96.09%, loss=0.0966]
BP Epoch 3/100:  44%|â–ˆâ–ˆâ–ˆâ–ˆâ–     | 185/421 [00:01<00:01, 205.89it/s, acc=92.97%, loss=0.1541]
BP Epoch 3/100:  49%|â–ˆâ–ˆâ–ˆâ–ˆâ–‰     | 206/421 [00:01<00:01, 202.00it/s, acc=92.97%, loss=0.1541]
BP Epoch 3/100:  54%|â–ˆâ–ˆâ–ˆâ–ˆâ–ˆâ–    | 227/421 [00:01<00:00, 203.40it/s, acc=92.97%, loss=0.1541]
BP Epoch 3/100:  59%|â–ˆâ–ˆâ–ˆâ–ˆâ–ˆâ–‰    | 249/421 [00:01<00:00, 207.03it/s, acc=92.97%, loss=0.1541]
BP Epoch 3/100:  64%|â–ˆâ–ˆâ–ˆâ–ˆâ–ˆâ–ˆâ–   | 270/421 [00:01<00:00, 204.47it/s, acc=92.97%, loss=0.1541]
BP Epoch 3/100:  69%|â–ˆâ–ˆâ–ˆâ–ˆâ–ˆâ–ˆâ–‰   | 292/421 [00:01<00:00, 208.72it/s, acc=92.97%, loss=0.1541]
BP Epoch 3/100:  69%|â–ˆâ–ˆâ–ˆâ–ˆâ–ˆâ–ˆâ–‰   | 292/421 [00:01<00:00, 208.72it/s, acc=92.19%, loss=0.2036]
BP Epoch 3/100:  75%|â–ˆâ–ˆâ–ˆâ–ˆâ–ˆâ–ˆâ–ˆâ–  | 314/421 [00:01<00:00, 207.18it/s, acc=92.19%, loss=0.2036]
BP Epoch 3/100:  80%|â–ˆâ–ˆâ–ˆâ–ˆâ–ˆâ–ˆâ–ˆâ–‰  | 336/421 [00:01<00:00, 210.60it/s, acc=92.19%, loss=0.2036]
BP Epoch 3/100:  85%|â–ˆâ–ˆâ–ˆâ–ˆâ–ˆâ–ˆâ–ˆâ–ˆâ–Œ | 358/421 [00:01<00:00, 208.55it/s, acc=92.19%, loss=0.2036]
BP Epoch 3/100:  90%|â–ˆâ–ˆâ–ˆâ–ˆâ–ˆâ–ˆâ–ˆâ–ˆâ–ˆ | 380/421 [00:01<00:00, 211.69it/s, acc=92.19%, loss=0.2036]
BP Epoch 3/100:  90%|â–ˆâ–ˆâ–ˆâ–ˆâ–ˆâ–ˆâ–ˆâ–ˆâ–ˆ | 380/421 [00:01<00:00, 211.69it/s, acc=92.19%, loss=0.2045]
BP Epoch 3/100:  95%|â–ˆâ–ˆâ–ˆâ–ˆâ–ˆâ–ˆâ–ˆâ–ˆâ–ˆâ–Œ| 402/421 [00:01<00:00, 208.91it/s, acc=92.19%, loss=0.2045]
BP Epoch 3/100:  95%|â–ˆâ–ˆâ–ˆâ–ˆâ–ˆâ–ˆâ–ˆâ–ˆâ–ˆâ–Œ| 402/421 [00:02<00:00, 208.91it/s, acc=93.75%, loss=0.1867]
                                                                                           

Evaluating BP Model:   0%|          | 0/24 [00:00<?, ?it/s]
Evaluating BP Model:  38%|â–ˆâ–ˆâ–ˆâ–Š      | 9/24 [00:00<00:00, 78.24it/s]
Evaluating BP Model:  88%|â–ˆâ–ˆâ–ˆâ–ˆâ–ˆâ–ˆâ–ˆâ–ˆâ–Š | 21/24 [00:00<00:00, 95.47it/s]
                                                                    

BP Epoch 4/100:   0%|          | 0/421 [00:00<?, ?it/s]
BP Epoch 4/100:   4%|â–         | 16/421 [00:00<00:02, 158.91it/s]
BP Epoch 4/100:   9%|â–‰         | 37/421 [00:00<00:02, 184.05it/s]
BP Epoch 4/100:  14%|â–ˆâ–        | 59/421 [00:00<00:01, 197.60it/s]
BP Epoch 4/100:  19%|â–ˆâ–‰        | 81/421 [00:00<00:01, 200.23it/s]
BP Epoch 4/100:  19%|â–ˆâ–‰        | 81/421 [00:00<00:01, 200.23it/s, acc=96.09%, loss=0.0985]
BP Epoch 4/100:  24%|â–ˆâ–ˆâ–       | 103/421 [00:00<00:01, 203.66it/s, acc=96.09%, loss=0.0985]
BP Epoch 4/100:  30%|â–ˆâ–ˆâ–‰       | 125/421 [00:00<00:01, 205.42it/s, acc=96.09%, loss=0.0985]
BP Epoch 4/100:  35%|â–ˆâ–ˆâ–ˆâ–      | 147/421 [00:00<00:01, 205.73it/s, acc=96.09%, loss=0.0985]
BP Epoch 4/100:  40%|â–ˆâ–ˆâ–ˆâ–‰      | 168/421 [00:00<00:01, 207.00it/s, acc=96.09%, loss=0.0985]
BP Epoch 4/100:  45%|â–ˆâ–ˆâ–ˆâ–ˆâ–Œ     | 190/421 [00:00<00:01, 209.28it/s, acc=96.09%, loss=0.0985]
BP Epoch 4/100:  45%|â–ˆâ–ˆâ–ˆâ–ˆâ–Œ     | 190/421 [00:00<00:01, 209.28it/s, acc=94.53%, loss=0.1453]
BP Epoch 4/100:  50%|â–ˆâ–ˆâ–ˆâ–ˆâ–ˆ     | 211/421 [00:01<00:01, 205.43it/s, acc=94.53%, loss=0.1453]
BP Epoch 4/100:  55%|â–ˆâ–ˆâ–ˆâ–ˆâ–ˆâ–Œ    | 232/421 [00:01<00:00, 206.64it/s, acc=94.53%, loss=0.1453]
BP Epoch 4/100:  60%|â–ˆâ–ˆâ–ˆâ–ˆâ–ˆâ–ˆ    | 254/421 [00:01<00:00, 209.38it/s, acc=94.53%, loss=0.1453]
BP Epoch 4/100:  65%|â–ˆâ–ˆâ–ˆâ–ˆâ–ˆâ–ˆâ–Œ   | 275/421 [00:01<00:00, 205.25it/s, acc=94.53%, loss=0.1453]
BP Epoch 4/100:  71%|â–ˆâ–ˆâ–ˆâ–ˆâ–ˆâ–ˆâ–ˆ   | 297/421 [00:01<00:00, 207.75it/s, acc=94.53%, loss=0.1453]
BP Epoch 4/100:  71%|â–ˆâ–ˆâ–ˆâ–ˆâ–ˆâ–ˆâ–ˆ   | 297/421 [00:01<00:00, 207.75it/s, acc=97.66%, loss=0.0710]
BP Epoch 4/100:  76%|â–ˆâ–ˆâ–ˆâ–ˆâ–ˆâ–ˆâ–ˆâ–Œ  | 319/421 [00:01<00:00, 205.33it/s, acc=97.66%, loss=0.0710]
BP Epoch 4/100:  81%|â–ˆâ–ˆâ–ˆâ–ˆâ–ˆâ–ˆâ–ˆâ–ˆ  | 341/421 [00:01<00:00, 208.26it/s, acc=97.66%, loss=0.0710]
BP Epoch 4/100:  86%|â–ˆâ–ˆâ–ˆâ–ˆâ–ˆâ–ˆâ–ˆâ–ˆâ–Œ | 363/421 [00:01<00:00, 205.81it/s, acc=97.66%, loss=0.0710]
BP Epoch 4/100:  91%|â–ˆâ–ˆâ–ˆâ–ˆâ–ˆâ–ˆâ–ˆâ–ˆâ–ˆ | 384/421 [00:01<00:00, 206.70it/s, acc=97.66%, loss=0.0710]
BP Epoch 4/100:  91%|â–ˆâ–ˆâ–ˆâ–ˆâ–ˆâ–ˆâ–ˆâ–ˆâ–ˆ | 384/421 [00:01<00:00, 206.70it/s, acc=96.88%, loss=0.0901]
BP Epoch 4/100:  96%|â–ˆâ–ˆâ–ˆâ–ˆâ–ˆâ–ˆâ–ˆâ–ˆâ–ˆâ–‹| 406/421 [00:01<00:00, 209.38it/s, acc=96.88%, loss=0.0901]
BP Epoch 4/100:  96%|â–ˆâ–ˆâ–ˆâ–ˆâ–ˆâ–ˆâ–ˆâ–ˆâ–ˆâ–‹| 406/421 [00:02<00:00, 209.38it/s, acc=96.09%, loss=0.1052]
                                                                                           

Evaluating BP Model:   0%|          | 0/24 [00:00<?, ?it/s]
Evaluating BP Model:  38%|â–ˆâ–ˆâ–ˆâ–Š      | 9/24 [00:00<00:00, 78.21it/s]
Evaluating BP Model:  88%|â–ˆâ–ˆâ–ˆâ–ˆâ–ˆâ–ˆâ–ˆâ–ˆâ–Š | 21/24 [00:00<00:00, 95.96it/s]
                                                                    

BP Epoch 5/100:   0%|          | 0/421 [00:00<?, ?it/s]
BP Epoch 5/100:   4%|â–Ž         | 15/421 [00:00<00:02, 146.56it/s]
BP Epoch 5/100:   9%|â–‰         | 37/421 [00:00<00:02, 180.95it/s]
BP Epoch 5/100:  14%|â–ˆâ–        | 59/421 [00:00<00:01, 196.60it/s]
BP Epoch 5/100:  19%|â–ˆâ–‰        | 81/421 [00:00<00:01, 199.38it/s]
BP Epoch 5/100:  19%|â–ˆâ–‰        | 81/421 [00:00<00:01, 199.38it/s, acc=99.22%, loss=0.0574]
BP Epoch 5/100:  24%|â–ˆâ–ˆâ–       | 103/421 [00:00<00:01, 204.91it/s, acc=99.22%, loss=0.0574]
BP Epoch 5/100:  30%|â–ˆâ–ˆâ–‰       | 125/421 [00:00<00:01, 204.32it/s, acc=99.22%, loss=0.0574]
BP Epoch 5/100:  35%|â–ˆâ–ˆâ–ˆâ–      | 147/421 [00:00<00:01, 207.94it/s, acc=99.22%, loss=0.0574]
BP Epoch 5/100:  40%|â–ˆâ–ˆâ–ˆâ–ˆ      | 169/421 [00:00<00:01, 206.72it/s, acc=99.22%, loss=0.0574]
BP Epoch 5/100:  45%|â–ˆâ–ˆâ–ˆâ–ˆâ–Œ     | 191/421 [00:00<00:01, 208.31it/s, acc=99.22%, loss=0.0574]
BP Epoch 5/100:  45%|â–ˆâ–ˆâ–ˆâ–ˆâ–Œ     | 191/421 [00:00<00:01, 208.31it/s, acc=96.88%, loss=0.0886]
BP Epoch 5/100:  51%|â–ˆâ–ˆâ–ˆâ–ˆâ–ˆ     | 213/421 [00:01<00:01, 207.93it/s, acc=96.88%, loss=0.0886]
BP Epoch 5/100:  56%|â–ˆâ–ˆâ–ˆâ–ˆâ–ˆâ–Œ    | 234/421 [00:01<00:00, 208.11it/s, acc=96.88%, loss=0.0886]
BP Epoch 5/100:  61%|â–ˆâ–ˆâ–ˆâ–ˆâ–ˆâ–ˆ    | 255/421 [00:01<00:00, 207.30it/s, acc=96.88%, loss=0.0886]
BP Epoch 5/100:  66%|â–ˆâ–ˆâ–ˆâ–ˆâ–ˆâ–ˆâ–Œ   | 277/421 [00:01<00:00, 209.16it/s, acc=96.88%, loss=0.0886]
BP Epoch 5/100:  71%|â–ˆâ–ˆâ–ˆâ–ˆâ–ˆâ–ˆâ–ˆ   | 298/421 [00:01<00:00, 207.81it/s, acc=96.88%, loss=0.0886]
BP Epoch 5/100:  71%|â–ˆâ–ˆâ–ˆâ–ˆâ–ˆâ–ˆâ–ˆ   | 298/421 [00:01<00:00, 207.81it/s, acc=96.09%, loss=0.1052]
BP Epoch 5/100:  76%|â–ˆâ–ˆâ–ˆâ–ˆâ–ˆâ–ˆâ–ˆâ–Œ  | 319/421 [00:01<00:00, 206.27it/s, acc=96.09%, loss=0.1052]
BP Epoch 5/100:  81%|â–ˆâ–ˆâ–ˆâ–ˆâ–ˆâ–ˆâ–ˆâ–ˆ  | 340/421 [00:01<00:00, 207.10it/s, acc=96.09%, loss=0.1052]
BP Epoch 5/100:  86%|â–ˆâ–ˆâ–ˆâ–ˆâ–ˆâ–ˆâ–ˆâ–ˆâ–Œ | 361/421 [00:01<00:00, 207.95it/s, acc=96.09%, loss=0.1052]
BP Epoch 5/100:  91%|â–ˆâ–ˆâ–ˆâ–ˆâ–ˆâ–ˆâ–ˆâ–ˆâ–ˆ | 382/421 [00:01<00:00, 207.61it/s, acc=96.09%, loss=0.1052]
BP Epoch 5/100:  91%|â–ˆâ–ˆâ–ˆâ–ˆâ–ˆâ–ˆâ–ˆâ–ˆâ–ˆ | 382/421 [00:01<00:00, 207.61it/s, acc=97.66%, loss=0.0572]
BP Epoch 5/100:  96%|â–ˆâ–ˆâ–ˆâ–ˆâ–ˆâ–ˆâ–ˆâ–ˆâ–ˆâ–Œ| 403/421 [00:01<00:00, 205.33it/s, acc=97.66%, loss=0.0572]
BP Epoch 5/100:  96%|â–ˆâ–ˆâ–ˆâ–ˆâ–ˆâ–ˆâ–ˆâ–ˆâ–ˆâ–Œ| 403/421 [00:02<00:00, 205.33it/s, acc=96.88%, loss=0.0876]
                                                                                           

Evaluating BP Model:   0%|          | 0/24 [00:00<?, ?it/s]
Evaluating BP Model:  38%|â–ˆâ–ˆâ–ˆâ–Š      | 9/24 [00:00<00:00, 76.94it/s]
Evaluating BP Model:  88%|â–ˆâ–ˆâ–ˆâ–ˆâ–ˆâ–ˆâ–ˆâ–ˆâ–Š | 21/24 [00:00<00:00, 96.02it/s]
                                                                    

BP Epoch 6/100:   0%|          | 0/421 [00:00<?, ?it/s]
BP Epoch 6/100:   4%|â–         | 16/421 [00:00<00:02, 156.60it/s]
BP Epoch 6/100:   9%|â–‰         | 37/421 [00:00<00:02, 182.33it/s]
BP Epoch 6/100:  14%|â–ˆâ–        | 59/421 [00:00<00:01, 198.22it/s]
BP Epoch 6/100:  19%|â–ˆâ–‰        | 81/421 [00:00<00:01, 200.45it/s]
BP Epoch 6/100:  19%|â–ˆâ–‰        | 81/421 [00:00<00:01, 200.45it/s, acc=96.88%, loss=0.0858]
BP Epoch 6/100:  24%|â–ˆâ–ˆâ–       | 103/421 [00:00<00:01, 206.22it/s, acc=96.88%, loss=0.0858]
BP Epoch 6/100:  30%|â–ˆâ–ˆâ–‰       | 125/421 [00:00<00:01, 204.99it/s, acc=96.88%, loss=0.0858]
BP Epoch 6/100:  35%|â–ˆâ–ˆâ–ˆâ–      | 147/421 [00:00<00:01, 207.32it/s, acc=96.88%, loss=0.0858]
BP Epoch 6/100:  40%|â–ˆâ–ˆâ–ˆâ–ˆ      | 169/421 [00:00<00:01, 207.48it/s, acc=96.88%, loss=0.0858]
BP Epoch 6/100:  45%|â–ˆâ–ˆâ–ˆâ–ˆâ–Œ     | 191/421 [00:00<00:01, 207.27it/s, acc=96.88%, loss=0.0858]
BP Epoch 6/100:  45%|â–ˆâ–ˆâ–ˆâ–ˆâ–Œ     | 191/421 [00:00<00:01, 207.27it/s, acc=99.22%, loss=0.0251]
BP Epoch 6/100:  50%|â–ˆâ–ˆâ–ˆâ–ˆâ–ˆ     | 212/421 [00:01<00:01, 207.92it/s, acc=99.22%, loss=0.0251]
BP Epoch 6/100:  55%|â–ˆâ–ˆâ–ˆâ–ˆâ–ˆâ–Œ    | 233/421 [00:01<00:00, 208.30it/s, acc=99.22%, loss=0.0251]
BP Epoch 6/100:  61%|â–ˆâ–ˆâ–ˆâ–ˆâ–ˆâ–ˆ    | 255/421 [00:01<00:00, 206.39it/s, acc=99.22%, loss=0.0251]
BP Epoch 6/100:  66%|â–ˆâ–ˆâ–ˆâ–ˆâ–ˆâ–ˆâ–Œ   | 277/421 [00:01<00:00, 208.88it/s, acc=99.22%, loss=0.0251]
BP Epoch 6/100:  71%|â–ˆâ–ˆâ–ˆâ–ˆâ–ˆâ–ˆâ–ˆ   | 298/421 [00:01<00:00, 208.86it/s, acc=99.22%, loss=0.0251]
BP Epoch 6/100:  71%|â–ˆâ–ˆâ–ˆâ–ˆâ–ˆâ–ˆâ–ˆ   | 298/421 [00:01<00:00, 208.86it/s, acc=96.09%, loss=0.0814]
BP Epoch 6/100:  76%|â–ˆâ–ˆâ–ˆâ–ˆâ–ˆâ–ˆâ–ˆâ–Œ  | 319/421 [00:01<00:00, 205.68it/s, acc=96.09%, loss=0.0814]
BP Epoch 6/100:  81%|â–ˆâ–ˆâ–ˆâ–ˆâ–ˆâ–ˆâ–ˆâ–ˆ  | 340/421 [00:01<00:00, 203.33it/s, acc=96.09%, loss=0.0814]
BP Epoch 6/100:  86%|â–ˆâ–ˆâ–ˆâ–ˆâ–ˆâ–ˆâ–ˆâ–ˆâ–Œ | 361/421 [00:01<00:00, 203.05it/s, acc=96.09%, loss=0.0814]
BP Epoch 6/100:  91%|â–ˆâ–ˆâ–ˆâ–ˆâ–ˆâ–ˆâ–ˆâ–ˆâ–ˆ | 382/421 [00:01<00:00, 202.04it/s, acc=96.09%, loss=0.0814]
BP Epoch 6/100:  91%|â–ˆâ–ˆâ–ˆâ–ˆâ–ˆâ–ˆâ–ˆâ–ˆâ–ˆ | 382/421 [00:01<00:00, 202.04it/s, acc=94.53%, loss=0.0942]
BP Epoch 6/100:  96%|â–ˆâ–ˆâ–ˆâ–ˆâ–ˆâ–ˆâ–ˆâ–ˆâ–ˆâ–Œ| 403/421 [00:01<00:00, 200.21it/s, acc=94.53%, loss=0.0942][codecarbon INFO @ 16:46:13] Energy consumed for RAM : 0.000164 kWh. RAM Power : 38.0 W

BP Epoch 6/100:  96%|â–ˆâ–ˆâ–ˆâ–ˆâ–ˆâ–ˆâ–ˆâ–ˆâ–ˆâ–Œ| 403/421 [00:02<00:00, 200.21it/s, acc=96.88%, loss=0.0896]
                                                                                           

Evaluating BP Model:   0%|          | 0/24 [00:00<?, ?it/s]
Evaluating BP Model:  38%|â–ˆâ–ˆâ–ˆâ–Š      | 9/24 [00:00<00:00, 78.24it/s]
Evaluating BP Model:  88%|â–ˆâ–ˆâ–ˆâ–ˆâ–ˆâ–ˆâ–ˆâ–ˆâ–Š | 21/24 [00:00<00:00, 96.10it/s]
                                                                    

BP Epoch 7/100:   0%|          | 0/421 [00:00<?, ?it/s]
BP Epoch 7/100:   4%|â–         | 16/421 [00:00<00:02, 157.19it/s][codecarbon INFO @ 16:46:14] Delta energy consumed for CPU with cpu_load : 0.000194 kWh, power : 45.0 W
[codecarbon INFO @ 16:46:14] Energy consumed for All CPU : 0.000194 kWh
[codecarbon INFO @ 16:46:14] Energy consumed for all GPUs : 0.000376 kWh. Total GPU Power : 84.60646898021493 W
[codecarbon INFO @ 16:46:14] 0.000734 kWh of electricity used since the beginning.

BP Epoch 7/100:   9%|â–‰         | 37/421 [00:00<00:02, 180.50it/s]
BP Epoch 7/100:  14%|â–ˆâ–        | 59/421 [00:00<00:01, 195.75it/s]
BP Epoch 7/100:  19%|â–ˆâ–‰        | 80/421 [00:00<00:01, 198.29it/s]
BP Epoch 7/100:  19%|â–ˆâ–‰        | 80/421 [00:00<00:01, 198.29it/s, acc=98.44%, loss=0.0495]
BP Epoch 7/100:  24%|â–ˆâ–ˆâ–       | 100/421 [00:00<00:01, 197.66it/s, acc=98.44%, loss=0.0495]
BP Epoch 7/100:  29%|â–ˆâ–ˆâ–‰       | 122/421 [00:00<00:01, 203.55it/s, acc=98.44%, loss=0.0495]
BP Epoch 7/100:  34%|â–ˆâ–ˆâ–ˆâ–      | 143/421 [00:00<00:01, 203.89it/s, acc=98.44%, loss=0.0495]
BP Epoch 7/100:  39%|â–ˆâ–ˆâ–ˆâ–‰      | 164/421 [00:00<00:01, 200.46it/s, acc=98.44%, loss=0.0495]
BP Epoch 7/100:  44%|â–ˆâ–ˆâ–ˆâ–ˆâ–     | 185/421 [00:00<00:01, 200.96it/s, acc=98.44%, loss=0.0495]
BP Epoch 7/100:  44%|â–ˆâ–ˆâ–ˆâ–ˆâ–     | 185/421 [00:01<00:01, 200.96it/s, acc=99.22%, loss=0.0283]
BP Epoch 7/100:  49%|â–ˆâ–ˆâ–ˆâ–ˆâ–‰     | 206/421 [00:01<00:01, 201.47it/s, acc=99.22%, loss=0.0283]
BP Epoch 7/100:  54%|â–ˆâ–ˆâ–ˆâ–ˆâ–ˆâ–    | 227/421 [00:01<00:00, 201.70it/s, acc=99.22%, loss=0.0283]
BP Epoch 7/100:  59%|â–ˆâ–ˆâ–ˆâ–ˆâ–ˆâ–‰    | 248/421 [00:01<00:00, 197.78it/s, acc=99.22%, loss=0.0283]
BP Epoch 7/100:  64%|â–ˆâ–ˆâ–ˆâ–ˆâ–ˆâ–ˆâ–Ž   | 268/421 [00:01<00:00, 198.02it/s, acc=99.22%, loss=0.0283]
BP Epoch 7/100:  68%|â–ˆâ–ˆâ–ˆâ–ˆâ–ˆâ–ˆâ–Š   | 288/421 [00:01<00:00, 198.17it/s, acc=99.22%, loss=0.0283]
BP Epoch 7/100:  68%|â–ˆâ–ˆâ–ˆâ–ˆâ–ˆâ–ˆâ–Š   | 288/421 [00:01<00:00, 198.17it/s, acc=100.00%, loss=0.0233]
BP Epoch 7/100:  73%|â–ˆâ–ˆâ–ˆâ–ˆâ–ˆâ–ˆâ–ˆâ–Ž  | 308/421 [00:01<00:00, 198.57it/s, acc=100.00%, loss=0.0233]
BP Epoch 7/100:  78%|â–ˆâ–ˆâ–ˆâ–ˆâ–ˆâ–ˆâ–ˆâ–Š  | 329/421 [00:01<00:00, 200.32it/s, acc=100.00%, loss=0.0233]
BP Epoch 7/100:  83%|â–ˆâ–ˆâ–ˆâ–ˆâ–ˆâ–ˆâ–ˆâ–ˆâ–Ž | 350/421 [00:01<00:00, 201.94it/s, acc=100.00%, loss=0.0233]
BP Epoch 7/100:  88%|â–ˆâ–ˆâ–ˆâ–ˆâ–ˆâ–ˆâ–ˆâ–ˆâ–Š | 371/421 [00:01<00:00, 203.30it/s, acc=100.00%, loss=0.0233]
BP Epoch 7/100:  93%|â–ˆâ–ˆâ–ˆâ–ˆâ–ˆâ–ˆâ–ˆâ–ˆâ–ˆâ–Ž| 392/421 [00:01<00:00, 199.77it/s, acc=100.00%, loss=0.0233]
BP Epoch 7/100:  93%|â–ˆâ–ˆâ–ˆâ–ˆâ–ˆâ–ˆâ–ˆâ–ˆâ–ˆâ–Ž| 392/421 [00:02<00:00, 199.77it/s, acc=96.88%, loss=0.0523] 
BP Epoch 7/100:  98%|â–ˆâ–ˆâ–ˆâ–ˆâ–ˆâ–ˆâ–ˆâ–ˆâ–ˆâ–Š| 413/421 [00:02<00:00, 201.66it/s, acc=96.88%, loss=0.0523]
BP Epoch 7/100:  98%|â–ˆâ–ˆâ–ˆâ–ˆâ–ˆâ–ˆâ–ˆâ–ˆâ–ˆâ–Š| 413/421 [00:02<00:00, 201.66it/s, acc=93.75%, loss=0.1579]
                                                                                           

Evaluating BP Model:   0%|          | 0/24 [00:00<?, ?it/s]
Evaluating BP Model:  38%|â–ˆâ–ˆâ–ˆâ–Š      | 9/24 [00:00<00:00, 78.63it/s]
Evaluating BP Model:  88%|â–ˆâ–ˆâ–ˆâ–ˆâ–ˆâ–ˆâ–ˆâ–ˆâ–Š | 21/24 [00:00<00:00, 96.21it/s]
                                                                    

BP Epoch 8/100:   0%|          | 0/421 [00:00<?, ?it/s]
BP Epoch 8/100:   4%|â–         | 16/421 [00:00<00:02, 159.81it/s]
BP Epoch 8/100:   9%|â–‰         | 37/421 [00:00<00:02, 172.76it/s]
BP Epoch 8/100:  14%|â–ˆâ–        | 59/421 [00:00<00:01, 193.16it/s]
BP Epoch 8/100:  19%|â–ˆâ–‰        | 81/421 [00:00<00:01, 197.13it/s]
BP Epoch 8/100:  19%|â–ˆâ–‰        | 81/421 [00:00<00:01, 197.13it/s, acc=100.00%, loss=0.0122]
BP Epoch 8/100:  24%|â–ˆâ–ˆâ–       | 103/421 [00:00<00:01, 203.22it/s, acc=100.00%, loss=0.0122]
BP Epoch 8/100:  29%|â–ˆâ–ˆâ–‰       | 124/421 [00:00<00:01, 204.19it/s, acc=100.00%, loss=0.0122]
BP Epoch 8/100:  34%|â–ˆâ–ˆâ–ˆâ–      | 145/421 [00:00<00:01, 204.96it/s, acc=100.00%, loss=0.0122]
BP Epoch 8/100:  39%|â–ˆâ–ˆâ–ˆâ–‰      | 166/421 [00:00<00:01, 206.34it/s, acc=100.00%, loss=0.0122]
BP Epoch 8/100:  44%|â–ˆâ–ˆâ–ˆâ–ˆâ–     | 187/421 [00:00<00:01, 207.20it/s, acc=100.00%, loss=0.0122]
BP Epoch 8/100:  44%|â–ˆâ–ˆâ–ˆâ–ˆâ–     | 187/421 [00:00<00:01, 207.20it/s, acc=100.00%, loss=0.0180]
BP Epoch 8/100:  49%|â–ˆâ–ˆâ–ˆâ–ˆâ–‰     | 208/421 [00:01<00:01, 204.13it/s, acc=100.00%, loss=0.0180]
BP Epoch 8/100:  55%|â–ˆâ–ˆâ–ˆâ–ˆâ–ˆâ–    | 230/421 [00:01<00:00, 206.99it/s, acc=100.00%, loss=0.0180]
BP Epoch 8/100:  60%|â–ˆâ–ˆâ–ˆâ–ˆâ–ˆâ–‰    | 251/421 [00:01<00:00, 207.59it/s, acc=100.00%, loss=0.0180]
BP Epoch 8/100:  65%|â–ˆâ–ˆâ–ˆâ–ˆâ–ˆâ–ˆâ–   | 272/421 [00:01<00:00, 203.67it/s, acc=100.00%, loss=0.0180]
BP Epoch 8/100:  70%|â–ˆâ–ˆâ–ˆâ–ˆâ–ˆâ–ˆâ–‰   | 293/421 [00:01<00:00, 204.34it/s, acc=100.00%, loss=0.0180]
BP Epoch 8/100:  70%|â–ˆâ–ˆâ–ˆâ–ˆâ–ˆâ–ˆâ–‰   | 293/421 [00:01<00:00, 204.34it/s, acc=98.44%, loss=0.0493] 
BP Epoch 8/100:  75%|â–ˆâ–ˆâ–ˆâ–ˆâ–ˆâ–ˆâ–ˆâ–  | 314/421 [00:01<00:00, 205.40it/s, acc=98.44%, loss=0.0493]
BP Epoch 8/100:  80%|â–ˆâ–ˆâ–ˆâ–ˆâ–ˆâ–ˆâ–ˆâ–‰  | 335/421 [00:01<00:00, 206.00it/s, acc=98.44%, loss=0.0493]
BP Epoch 8/100:  85%|â–ˆâ–ˆâ–ˆâ–ˆâ–ˆâ–ˆâ–ˆâ–ˆâ– | 356/421 [00:01<00:00, 202.23it/s, acc=98.44%, loss=0.0493]
BP Epoch 8/100:  90%|â–ˆâ–ˆâ–ˆâ–ˆâ–ˆâ–ˆâ–ˆâ–ˆâ–‰ | 377/421 [00:01<00:00, 203.63it/s, acc=98.44%, loss=0.0493]
BP Epoch 8/100:  95%|â–ˆâ–ˆâ–ˆâ–ˆâ–ˆâ–ˆâ–ˆâ–ˆâ–ˆâ–| 398/421 [00:01<00:00, 204.47it/s, acc=98.44%, loss=0.0493]
BP Epoch 8/100:  95%|â–ˆâ–ˆâ–ˆâ–ˆâ–ˆâ–ˆâ–ˆâ–ˆâ–ˆâ–| 398/421 [00:01<00:00, 204.47it/s, acc=100.00%, loss=0.0069]
BP Epoch 8/100: 100%|â–ˆâ–ˆâ–ˆâ–ˆâ–ˆâ–ˆâ–ˆâ–ˆâ–ˆâ–‰| 419/421 [00:02<00:00, 203.17it/s, acc=100.00%, loss=0.0069]
BP Epoch 8/100: 100%|â–ˆâ–ˆâ–ˆâ–ˆâ–ˆâ–ˆâ–ˆâ–ˆâ–ˆâ–‰| 419/421 [00:02<00:00, 203.17it/s, acc=99.22%, loss=0.0205] 
                                                                                           

Evaluating BP Model:   0%|          | 0/24 [00:00<?, ?it/s]
Evaluating BP Model:  38%|â–ˆâ–ˆâ–ˆâ–Š      | 9/24 [00:00<00:00, 78.05it/s]
Evaluating BP Model:  88%|â–ˆâ–ˆâ–ˆâ–ˆâ–ˆâ–ˆâ–ˆâ–ˆâ–Š | 21/24 [00:00<00:00, 96.27it/s]
                                                                    

BP Epoch 9/100:   0%|          | 0/421 [00:00<?, ?it/s]
BP Epoch 9/100:   4%|â–         | 16/421 [00:00<00:02, 157.64it/s]
BP Epoch 9/100:   9%|â–‰         | 37/421 [00:00<00:02, 183.15it/s]
BP Epoch 9/100:  14%|â–ˆâ–        | 59/421 [00:00<00:01, 198.22it/s]
BP Epoch 9/100:  19%|â–ˆâ–‰        | 81/421 [00:00<00:01, 199.68it/s]
BP Epoch 9/100:  19%|â–ˆâ–‰        | 81/421 [00:00<00:01, 199.68it/s, acc=100.00%, loss=0.0114]
BP Epoch 9/100:  24%|â–ˆâ–ˆâ–       | 103/421 [00:00<00:01, 204.99it/s, acc=100.00%, loss=0.0114]
BP Epoch 9/100:  30%|â–ˆâ–ˆâ–‰       | 125/421 [00:00<00:01, 204.80it/s, acc=100.00%, loss=0.0114]
BP Epoch 9/100:  35%|â–ˆâ–ˆâ–ˆâ–      | 147/421 [00:00<00:01, 208.25it/s, acc=100.00%, loss=0.0114]
BP Epoch 9/100:  40%|â–ˆâ–ˆâ–ˆâ–‰      | 168/421 [00:00<00:01, 207.54it/s, acc=100.00%, loss=0.0114]
BP Epoch 9/100:  45%|â–ˆâ–ˆâ–ˆâ–ˆâ–     | 189/421 [00:00<00:01, 206.63it/s, acc=100.00%, loss=0.0114]
BP Epoch 9/100:  45%|â–ˆâ–ˆâ–ˆâ–ˆâ–     | 189/421 [00:00<00:01, 206.63it/s, acc=97.66%, loss=0.0635] 
BP Epoch 9/100:  50%|â–ˆâ–ˆâ–ˆâ–ˆâ–ˆ     | 211/421 [00:01<00:01, 209.49it/s, acc=97.66%, loss=0.0635]
BP Epoch 9/100:  55%|â–ˆâ–ˆâ–ˆâ–ˆâ–ˆâ–Œ    | 232/421 [00:01<00:00, 207.47it/s, acc=97.66%, loss=0.0635]
BP Epoch 9/100:  60%|â–ˆâ–ˆâ–ˆâ–ˆâ–ˆâ–ˆ    | 253/421 [00:01<00:00, 207.61it/s, acc=97.66%, loss=0.0635]
BP Epoch 9/100:  65%|â–ˆâ–ˆâ–ˆâ–ˆâ–ˆâ–ˆâ–Œ   | 275/421 [00:01<00:00, 210.06it/s, acc=97.66%, loss=0.0635]
BP Epoch 9/100:  71%|â–ˆâ–ˆâ–ˆâ–ˆâ–ˆâ–ˆâ–ˆ   | 297/421 [00:01<00:00, 206.29it/s, acc=97.66%, loss=0.0635]
BP Epoch 9/100:  71%|â–ˆâ–ˆâ–ˆâ–ˆâ–ˆâ–ˆâ–ˆ   | 297/421 [00:01<00:00, 206.29it/s, acc=99.22%, loss=0.0320]
BP Epoch 9/100:  76%|â–ˆâ–ˆâ–ˆâ–ˆâ–ˆâ–ˆâ–ˆâ–Œ  | 319/421 [00:01<00:00, 208.49it/s, acc=99.22%, loss=0.0320]
BP Epoch 9/100:  81%|â–ˆâ–ˆâ–ˆâ–ˆâ–ˆâ–ˆâ–ˆâ–ˆ  | 340/421 [00:01<00:00, 204.19it/s, acc=99.22%, loss=0.0320]
BP Epoch 9/100:  86%|â–ˆâ–ˆâ–ˆâ–ˆâ–ˆâ–ˆâ–ˆâ–ˆâ–Œ | 361/421 [00:01<00:00, 205.16it/s, acc=99.22%, loss=0.0320]
BP Epoch 9/100:  91%|â–ˆâ–ˆâ–ˆâ–ˆâ–ˆâ–ˆâ–ˆâ–ˆâ–ˆ | 382/421 [00:01<00:00, 205.24it/s, acc=99.22%, loss=0.0320]
BP Epoch 9/100:  91%|â–ˆâ–ˆâ–ˆâ–ˆâ–ˆâ–ˆâ–ˆâ–ˆâ–ˆ | 382/421 [00:01<00:00, 205.24it/s, acc=98.44%, loss=0.0586]
BP Epoch 9/100:  96%|â–ˆâ–ˆâ–ˆâ–ˆâ–ˆâ–ˆâ–ˆâ–ˆâ–ˆâ–Œ| 403/421 [00:01<00:00, 203.94it/s, acc=98.44%, loss=0.0586]
BP Epoch 9/100:  96%|â–ˆâ–ˆâ–ˆâ–ˆâ–ˆâ–ˆâ–ˆâ–ˆâ–ˆâ–Œ| 403/421 [00:02<00:00, 203.94it/s, acc=100.00%, loss=0.0242]
                                                                                            

Evaluating BP Model:   0%|          | 0/24 [00:00<?, ?it/s]
Evaluating BP Model:  38%|â–ˆâ–ˆâ–ˆâ–Š      | 9/24 [00:00<00:00, 78.24it/s]
Evaluating BP Model:  88%|â–ˆâ–ˆâ–ˆâ–ˆâ–ˆâ–ˆâ–ˆâ–ˆâ–Š | 21/24 [00:00<00:00, 96.58it/s]
                                                                    

BP Epoch 10/100:   0%|          | 0/421 [00:00<?, ?it/s]
BP Epoch 10/100:   4%|â–         | 16/421 [00:00<00:02, 159.48it/s]
BP Epoch 10/100:   9%|â–‰         | 37/421 [00:00<00:02, 182.80it/s]
BP Epoch 10/100:  14%|â–ˆâ–        | 59/421 [00:00<00:01, 197.60it/s]
BP Epoch 10/100:  19%|â–ˆâ–‰        | 80/421 [00:00<00:01, 201.89it/s]
BP Epoch 10/100:  19%|â–ˆâ–‰        | 80/421 [00:00<00:01, 201.89it/s, acc=96.09%, loss=0.0791]
BP Epoch 10/100:  24%|â–ˆâ–ˆâ–       | 101/421 [00:00<00:01, 203.47it/s, acc=96.09%, loss=0.0791]
BP Epoch 10/100:  29%|â–ˆâ–ˆâ–‰       | 123/421 [00:00<00:01, 207.04it/s, acc=96.09%, loss=0.0791]
BP Epoch 10/100:  34%|â–ˆâ–ˆâ–ˆâ–      | 144/421 [00:00<00:01, 203.36it/s, acc=96.09%, loss=0.0791]
BP Epoch 10/100:  39%|â–ˆâ–ˆâ–ˆâ–‰      | 165/421 [00:00<00:01, 204.53it/s, acc=96.09%, loss=0.0791]
BP Epoch 10/100:  44%|â–ˆâ–ˆâ–ˆâ–ˆâ–     | 186/421 [00:00<00:01, 205.03it/s, acc=96.09%, loss=0.0791]
BP Epoch 10/100:  44%|â–ˆâ–ˆâ–ˆâ–ˆâ–     | 186/421 [00:00<00:01, 205.03it/s, acc=98.44%, loss=0.0424]
BP Epoch 10/100:  49%|â–ˆâ–ˆâ–ˆâ–ˆâ–‰     | 207/421 [00:01<00:01, 206.23it/s, acc=98.44%, loss=0.0424]
BP Epoch 10/100:  54%|â–ˆâ–ˆâ–ˆâ–ˆâ–ˆâ–    | 228/421 [00:01<00:00, 202.09it/s, acc=98.44%, loss=0.0424]
BP Epoch 10/100:  59%|â–ˆâ–ˆâ–ˆâ–ˆâ–ˆâ–‰    | 249/421 [00:01<00:00, 203.77it/s, acc=98.44%, loss=0.0424]
BP Epoch 10/100:  64%|â–ˆâ–ˆâ–ˆâ–ˆâ–ˆâ–ˆâ–   | 270/421 [00:01<00:00, 204.73it/s, acc=98.44%, loss=0.0424]
BP Epoch 10/100:  69%|â–ˆâ–ˆâ–ˆâ–ˆâ–ˆâ–ˆâ–‰   | 291/421 [00:01<00:00, 205.13it/s, acc=98.44%, loss=0.0424]
BP Epoch 10/100:  69%|â–ˆâ–ˆâ–ˆâ–ˆâ–ˆâ–ˆâ–‰   | 291/421 [00:01<00:00, 205.13it/s, acc=98.44%, loss=0.0690]
BP Epoch 10/100:  74%|â–ˆâ–ˆâ–ˆâ–ˆâ–ˆâ–ˆâ–ˆâ–  | 312/421 [00:01<00:00, 200.95it/s, acc=98.44%, loss=0.0690]
BP Epoch 10/100:  79%|â–ˆâ–ˆâ–ˆâ–ˆâ–ˆâ–ˆâ–ˆâ–‰  | 333/421 [00:01<00:00, 200.27it/s, acc=98.44%, loss=0.0690]
BP Epoch 10/100:  84%|â–ˆâ–ˆâ–ˆâ–ˆâ–ˆâ–ˆâ–ˆâ–ˆâ– | 354/421 [00:01<00:00, 203.09it/s, acc=98.44%, loss=0.0690]
BP Epoch 10/100:  89%|â–ˆâ–ˆâ–ˆâ–ˆâ–ˆâ–ˆâ–ˆâ–ˆâ–‰ | 375/421 [00:01<00:00, 204.05it/s, acc=98.44%, loss=0.0690]
BP Epoch 10/100:  94%|â–ˆâ–ˆâ–ˆâ–ˆâ–ˆâ–ˆâ–ˆâ–ˆâ–ˆâ–| 396/421 [00:01<00:00, 201.46it/s, acc=98.44%, loss=0.0690]
BP Epoch 10/100:  94%|â–ˆâ–ˆâ–ˆâ–ˆâ–ˆâ–ˆâ–ˆâ–ˆâ–ˆâ–| 396/421 [00:01<00:00, 201.46it/s, acc=98.44%, loss=0.0350]
BP Epoch 10/100:  99%|â–ˆâ–ˆâ–ˆâ–ˆâ–ˆâ–ˆâ–ˆâ–ˆâ–ˆâ–‰| 417/421 [00:02<00:00, 195.48it/s, acc=98.44%, loss=0.0350]
BP Epoch 10/100:  99%|â–ˆâ–ˆâ–ˆâ–ˆâ–ˆâ–ˆâ–ˆâ–ˆâ–ˆâ–‰| 417/421 [00:02<00:00, 195.48it/s, acc=98.44%, loss=0.0347]
                                                                                            

Evaluating BP Model:   0%|          | 0/24 [00:00<?, ?it/s]
Evaluating BP Model:  38%|â–ˆâ–ˆâ–ˆâ–Š      | 9/24 [00:00<00:00, 76.95it/s]
Evaluating BP Model:  88%|â–ˆâ–ˆâ–ˆâ–ˆâ–ˆâ–ˆâ–ˆâ–ˆâ–Š | 21/24 [00:00<00:00, 95.90it/s]
                                                                    

BP Epoch 11/100:   0%|          | 0/421 [00:00<?, ?it/s]
BP Epoch 11/100:   4%|â–         | 16/421 [00:00<00:02, 156.26it/s]
BP Epoch 11/100:   9%|â–‰         | 37/421 [00:00<00:02, 182.10it/s]
BP Epoch 11/100:  14%|â–ˆâ–        | 59/421 [00:00<00:01, 197.14it/s]
BP Epoch 11/100:  19%|â–ˆâ–‰        | 81/421 [00:00<00:01, 199.24it/s]
BP Epoch 11/100:  19%|â–ˆâ–‰        | 81/421 [00:00<00:01, 199.24it/s, acc=99.22%, loss=0.0199]
BP Epoch 11/100:  24%|â–ˆâ–ˆâ–       | 103/421 [00:00<00:01, 204.52it/s, acc=99.22%, loss=0.0199]
BP Epoch 11/100:  30%|â–ˆâ–ˆâ–‰       | 125/421 [00:00<00:01, 203.68it/s, acc=99.22%, loss=0.0199]
BP Epoch 11/100:  35%|â–ˆâ–ˆâ–ˆâ–      | 147/421 [00:00<00:01, 207.28it/s, acc=99.22%, loss=0.0199]
BP Epoch 11/100:  40%|â–ˆâ–ˆâ–ˆâ–ˆ      | 169/421 [00:00<00:01, 205.77it/s, acc=99.22%, loss=0.0199]
BP Epoch 11/100:  45%|â–ˆâ–ˆâ–ˆâ–ˆâ–Œ     | 191/421 [00:00<00:01, 208.47it/s, acc=99.22%, loss=0.0199]
BP Epoch 11/100:  45%|â–ˆâ–ˆâ–ˆâ–ˆâ–Œ     | 191/421 [00:00<00:01, 208.47it/s, acc=96.88%, loss=0.0421]
BP Epoch 11/100:  50%|â–ˆâ–ˆâ–ˆâ–ˆâ–ˆ     | 212/421 [00:01<00:01, 208.02it/s, acc=96.88%, loss=0.0421]
BP Epoch 11/100:  55%|â–ˆâ–ˆâ–ˆâ–ˆâ–ˆâ–Œ    | 233/421 [00:01<00:00, 205.82it/s, acc=96.88%, loss=0.0421]
BP Epoch 11/100:  61%|â–ˆâ–ˆâ–ˆâ–ˆâ–ˆâ–ˆ    | 255/421 [00:01<00:00, 208.76it/s, acc=96.88%, loss=0.0421]
BP Epoch 11/100:  66%|â–ˆâ–ˆâ–ˆâ–ˆâ–ˆâ–ˆâ–Œ   | 276/421 [00:01<00:00, 207.03it/s, acc=96.88%, loss=0.0421]
BP Epoch 11/100:  71%|â–ˆâ–ˆâ–ˆâ–ˆâ–ˆâ–ˆâ–ˆ   | 297/421 [00:01<00:00, 207.84it/s, acc=96.88%, loss=0.0421]
BP Epoch 11/100:  71%|â–ˆâ–ˆâ–ˆâ–ˆâ–ˆâ–ˆâ–ˆ   | 297/421 [00:01<00:00, 207.84it/s, acc=97.66%, loss=0.0774]
BP Epoch 11/100:  76%|â–ˆâ–ˆâ–ˆâ–ˆâ–ˆâ–ˆâ–ˆâ–Œ  | 319/421 [00:01<00:00, 209.83it/s, acc=97.66%, loss=0.0774]
BP Epoch 11/100:  81%|â–ˆâ–ˆâ–ˆâ–ˆâ–ˆâ–ˆâ–ˆâ–ˆ  | 340/421 [00:01<00:00, 205.83it/s, acc=97.66%, loss=0.0774]
BP Epoch 11/100:  86%|â–ˆâ–ˆâ–ˆâ–ˆâ–ˆâ–ˆâ–ˆâ–ˆâ–Œ | 362/421 [00:01<00:00, 208.59it/s, acc=97.66%, loss=0.0774]
BP Epoch 11/100:  91%|â–ˆâ–ˆâ–ˆâ–ˆâ–ˆâ–ˆâ–ˆâ–ˆâ–ˆ | 384/421 [00:01<00:00, 206.30it/s, acc=97.66%, loss=0.0774]
BP Epoch 11/100:  91%|â–ˆâ–ˆâ–ˆâ–ˆâ–ˆâ–ˆâ–ˆâ–ˆâ–ˆ | 384/421 [00:01<00:00, 206.30it/s, acc=97.66%, loss=0.0546]
BP Epoch 11/100:  96%|â–ˆâ–ˆâ–ˆâ–ˆâ–ˆâ–ˆâ–ˆâ–ˆâ–ˆâ–Œ| 405/421 [00:01<00:00, 207.23it/s, acc=97.66%, loss=0.0546]
BP Epoch 11/100:  96%|â–ˆâ–ˆâ–ˆâ–ˆâ–ˆâ–ˆâ–ˆâ–ˆâ–ˆâ–Œ| 405/421 [00:02<00:00, 207.23it/s, acc=97.66%, loss=0.0728]
                                                                                            

Evaluating BP Model:   0%|          | 0/24 [00:00<?, ?it/s]
Evaluating BP Model:  38%|â–ˆâ–ˆâ–ˆâ–Š      | 9/24 [00:00<00:00, 76.28it/s]
Evaluating BP Model:  88%|â–ˆâ–ˆâ–ˆâ–ˆâ–ˆâ–ˆâ–ˆâ–ˆâ–Š | 21/24 [00:00<00:00, 94.85it/s]
                                                                    

BP Epoch 12/100:   0%|          | 0/421 [00:00<?, ?it/s]
BP Epoch 12/100:   4%|â–         | 17/421 [00:00<00:02, 156.96it/s]
BP Epoch 12/100:   9%|â–‰         | 39/421 [00:00<00:01, 191.59it/s]
BP Epoch 12/100:  14%|â–ˆâ–        | 61/421 [00:00<00:01, 198.01it/s]
BP Epoch 12/100:  19%|â–ˆâ–‰        | 82/421 [00:00<00:01, 201.81it/s]
BP Epoch 12/100:  19%|â–ˆâ–‰        | 82/421 [00:00<00:01, 201.81it/s, acc=100.00%, loss=0.0077]
BP Epoch 12/100:  25%|â–ˆâ–ˆâ–       | 104/421 [00:00<00:01, 206.49it/s, acc=100.00%, loss=0.0077]
BP Epoch 12/100:  30%|â–ˆâ–ˆâ–‰       | 125/421 [00:00<00:01, 207.28it/s, acc=100.00%, loss=0.0077]
BP Epoch 12/100:  35%|â–ˆâ–ˆâ–ˆâ–      | 146/421 [00:00<00:01, 204.85it/s, acc=100.00%, loss=0.0077]
BP Epoch 12/100:  40%|â–ˆâ–ˆâ–ˆâ–‰      | 168/421 [00:00<00:01, 208.66it/s, acc=100.00%, loss=0.0077]
BP Epoch 12/100:  45%|â–ˆâ–ˆâ–ˆâ–ˆâ–Œ     | 190/421 [00:00<00:01, 206.19it/s, acc=100.00%, loss=0.0077]
BP Epoch 12/100:  45%|â–ˆâ–ˆâ–ˆâ–ˆâ–Œ     | 190/421 [00:00<00:01, 206.19it/s, acc=99.22%, loss=0.0165] 
BP Epoch 12/100:  50%|â–ˆâ–ˆâ–ˆâ–ˆâ–ˆ     | 212/421 [00:01<00:01, 208.60it/s, acc=99.22%, loss=0.0165]
BP Epoch 12/100:  55%|â–ˆâ–ˆâ–ˆâ–ˆâ–ˆâ–Œ    | 233/421 [00:01<00:00, 208.11it/s, acc=99.22%, loss=0.0165]
BP Epoch 12/100:  60%|â–ˆâ–ˆâ–ˆâ–ˆâ–ˆâ–ˆ    | 254/421 [00:01<00:00, 206.23it/s, acc=99.22%, loss=0.0165]
BP Epoch 12/100:  66%|â–ˆâ–ˆâ–ˆâ–ˆâ–ˆâ–ˆâ–Œ   | 276/421 [00:01<00:00, 209.39it/s, acc=99.22%, loss=0.0165]
BP Epoch 12/100:  71%|â–ˆâ–ˆâ–ˆâ–ˆâ–ˆâ–ˆâ–ˆ   | 298/421 [00:01<00:00, 207.26it/s, acc=99.22%, loss=0.0165]
BP Epoch 12/100:  71%|â–ˆâ–ˆâ–ˆâ–ˆâ–ˆâ–ˆâ–ˆ   | 298/421 [00:01<00:00, 207.26it/s, acc=98.44%, loss=0.0276]
BP Epoch 12/100:  76%|â–ˆâ–ˆâ–ˆâ–ˆâ–ˆâ–ˆâ–ˆâ–Œ  | 320/421 [00:01<00:00, 209.97it/s, acc=98.44%, loss=0.0276]
BP Epoch 12/100:  81%|â–ˆâ–ˆâ–ˆâ–ˆâ–ˆâ–ˆâ–ˆâ–ˆ  | 342/421 [00:01<00:00, 207.39it/s, acc=98.44%, loss=0.0276]
BP Epoch 12/100:  86%|â–ˆâ–ˆâ–ˆâ–ˆâ–ˆâ–ˆâ–ˆâ–ˆâ–‹ | 364/421 [00:01<00:00, 209.98it/s, acc=98.44%, loss=0.0276]
BP Epoch 12/100:  92%|â–ˆâ–ˆâ–ˆâ–ˆâ–ˆâ–ˆâ–ˆâ–ˆâ–ˆâ–| 386/421 [00:01<00:00, 207.66it/s, acc=98.44%, loss=0.0276]
BP Epoch 12/100:  92%|â–ˆâ–ˆâ–ˆâ–ˆâ–ˆâ–ˆâ–ˆâ–ˆâ–ˆâ–| 386/421 [00:01<00:00, 207.66it/s, acc=96.88%, loss=0.0741]
BP Epoch 12/100:  97%|â–ˆâ–ˆâ–ˆâ–ˆâ–ˆâ–ˆâ–ˆâ–ˆâ–ˆâ–‹| 407/421 [00:01<00:00, 207.70it/s, acc=96.88%, loss=0.0741]
BP Epoch 12/100:  97%|â–ˆâ–ˆâ–ˆâ–ˆâ–ˆâ–ˆâ–ˆâ–ˆâ–ˆâ–‹| 407/421 [00:02<00:00, 207.70it/s, acc=100.00%, loss=0.0162]
                                                                                             

Evaluating BP Model:   0%|          | 0/24 [00:00<?, ?it/s]
Evaluating BP Model:  38%|â–ˆâ–ˆâ–ˆâ–Š      | 9/24 [00:00<00:00, 77.43it/s]
Evaluating BP Model:  88%|â–ˆâ–ˆâ–ˆâ–ˆâ–ˆâ–ˆâ–ˆâ–ˆâ–Š | 21/24 [00:00<00:00, 95.62it/s]
                                                                    

BP Epoch 13/100:   0%|          | 0/421 [00:00<?, ?it/s]
BP Epoch 13/100:   4%|â–         | 16/421 [00:00<00:02, 159.98it/s]
BP Epoch 13/100:   9%|â–‰         | 37/421 [00:00<00:02, 185.51it/s]
BP Epoch 13/100:  14%|â–ˆâ–        | 59/421 [00:00<00:01, 198.51it/s]
BP Epoch 13/100:  19%|â–ˆâ–‰        | 81/421 [00:00<00:01, 201.37it/s]
BP Epoch 13/100:  19%|â–ˆâ–‰        | 81/421 [00:00<00:01, 201.37it/s, acc=100.00%, loss=0.0122]
BP Epoch 13/100:  24%|â–ˆâ–ˆâ–       | 103/421 [00:00<00:01, 204.80it/s, acc=100.00%, loss=0.0122]
BP Epoch 13/100:  30%|â–ˆâ–ˆâ–‰       | 125/421 [00:00<00:01, 206.52it/s, acc=100.00%, loss=0.0122]
BP Epoch 13/100:  35%|â–ˆâ–ˆâ–ˆâ–      | 147/421 [00:00<00:01, 206.98it/s, acc=100.00%, loss=0.0122][codecarbon INFO @ 16:46:28] Energy consumed for RAM : 0.000317 kWh. RAM Power : 38.0 W

BP Epoch 13/100:  40%|â–ˆâ–ˆâ–ˆâ–ˆ      | 169/421 [00:00<00:01, 208.85it/s, acc=100.00%, loss=0.0122]
BP Epoch 13/100:  45%|â–ˆâ–ˆâ–ˆâ–ˆâ–Œ     | 191/421 [00:00<00:01, 207.09it/s, acc=100.00%, loss=0.0122]
BP Epoch 13/100:  45%|â–ˆâ–ˆâ–ˆâ–ˆâ–Œ     | 191/421 [00:00<00:01, 207.09it/s, acc=98.44%, loss=0.0385] 
BP Epoch 13/100:  50%|â–ˆâ–ˆâ–ˆâ–ˆâ–ˆ     | 212/421 [00:01<00:01, 207.77it/s, acc=98.44%, loss=0.0385]
BP Epoch 13/100:  56%|â–ˆâ–ˆâ–ˆâ–ˆâ–ˆâ–Œ    | 234/421 [00:01<00:00, 210.01it/s, acc=98.44%, loss=0.0385][codecarbon INFO @ 16:46:29] Delta energy consumed for CPU with cpu_load : 0.000183 kWh, power : 45.478125 W
[codecarbon INFO @ 16:46:29] Energy consumed for All CPU : 0.000377 kWh
[codecarbon INFO @ 16:46:29] Energy consumed for all GPUs : 0.000753 kWh. Total GPU Power : 90.46196677831743 W
[codecarbon INFO @ 16:46:29] 0.001447 kWh of electricity used since the beginning.

BP Epoch 13/100:  61%|â–ˆâ–ˆâ–ˆâ–ˆâ–ˆâ–ˆ    | 256/421 [00:01<00:00, 205.90it/s, acc=98.44%, loss=0.0385]
BP Epoch 13/100:  66%|â–ˆâ–ˆâ–ˆâ–ˆâ–ˆâ–ˆâ–Œ   | 278/421 [00:01<00:00, 209.14it/s, acc=98.44%, loss=0.0385]
BP Epoch 13/100:  71%|â–ˆâ–ˆâ–ˆâ–ˆâ–ˆâ–ˆâ–ˆ   | 299/421 [00:01<00:00, 206.78it/s, acc=98.44%, loss=0.0385]
BP Epoch 13/100:  71%|â–ˆâ–ˆâ–ˆâ–ˆâ–ˆâ–ˆâ–ˆ   | 299/421 [00:01<00:00, 206.78it/s, acc=99.22%, loss=0.0247]
BP Epoch 13/100:  76%|â–ˆâ–ˆâ–ˆâ–ˆâ–ˆâ–ˆâ–ˆâ–Œ  | 320/421 [00:01<00:00, 206.99it/s, acc=99.22%, loss=0.0247]
BP Epoch 13/100:  81%|â–ˆâ–ˆâ–ˆâ–ˆâ–ˆâ–ˆâ–ˆâ–ˆ  | 342/421 [00:01<00:00, 209.49it/s, acc=99.22%, loss=0.0247]
BP Epoch 13/100:  86%|â–ˆâ–ˆâ–ˆâ–ˆâ–ˆâ–ˆâ–ˆâ–ˆâ–Œ | 363/421 [00:01<00:00, 206.80it/s, acc=99.22%, loss=0.0247]
BP Epoch 13/100:  91%|â–ˆâ–ˆâ–ˆâ–ˆâ–ˆâ–ˆâ–ˆâ–ˆâ–ˆâ–| 385/421 [00:01<00:00, 209.72it/s, acc=99.22%, loss=0.0247]
BP Epoch 13/100:  91%|â–ˆâ–ˆâ–ˆâ–ˆâ–ˆâ–ˆâ–ˆâ–ˆâ–ˆâ–| 385/421 [00:01<00:00, 209.72it/s, acc=100.00%, loss=0.0072]
BP Epoch 13/100:  96%|â–ˆâ–ˆâ–ˆâ–ˆâ–ˆâ–ˆâ–ˆâ–ˆâ–ˆâ–‹| 406/421 [00:01<00:00, 207.43it/s, acc=100.00%, loss=0.0072]
BP Epoch 13/100:  96%|â–ˆâ–ˆâ–ˆâ–ˆâ–ˆâ–ˆâ–ˆâ–ˆâ–ˆâ–‹| 406/421 [00:02<00:00, 207.43it/s, acc=100.00%, loss=0.0090]
                                                                                             

Evaluating BP Model:   0%|          | 0/24 [00:00<?, ?it/s]
Evaluating BP Model:  38%|â–ˆâ–ˆâ–ˆâ–Š      | 9/24 [00:00<00:00, 76.30it/s]
Evaluating BP Model:  88%|â–ˆâ–ˆâ–ˆâ–ˆâ–ˆâ–ˆâ–ˆâ–ˆâ–Š | 21/24 [00:00<00:00, 95.79it/s]
                                                                    

BP Epoch 14/100:   0%|          | 0/421 [00:00<?, ?it/s]
BP Epoch 14/100:   4%|â–         | 17/421 [00:00<00:02, 157.28it/s]
BP Epoch 14/100:   9%|â–‰         | 39/421 [00:00<00:01, 191.42it/s]
BP Epoch 14/100:  14%|â–ˆâ–        | 61/421 [00:00<00:01, 198.20it/s]
BP Epoch 14/100:  20%|â–ˆâ–‰        | 83/421 [00:00<00:01, 204.59it/s]
BP Epoch 14/100:  20%|â–ˆâ–‰        | 83/421 [00:00<00:01, 204.59it/s, acc=96.88%, loss=0.0738]
BP Epoch 14/100:  25%|â–ˆâ–ˆâ–       | 105/421 [00:00<00:01, 205.71it/s, acc=96.88%, loss=0.0738]
BP Epoch 14/100:  30%|â–ˆâ–ˆâ–‰       | 126/421 [00:00<00:01, 206.75it/s, acc=96.88%, loss=0.0738]
BP Epoch 14/100:  35%|â–ˆâ–ˆâ–ˆâ–Œ      | 148/421 [00:00<00:01, 209.11it/s, acc=96.88%, loss=0.0738]
BP Epoch 14/100:  40%|â–ˆâ–ˆâ–ˆâ–ˆ      | 170/421 [00:00<00:01, 207.43it/s, acc=96.88%, loss=0.0738]
BP Epoch 14/100:  45%|â–ˆâ–ˆâ–ˆâ–ˆâ–Œ     | 191/421 [00:00<00:01, 207.91it/s, acc=96.88%, loss=0.0738]
BP Epoch 14/100:  45%|â–ˆâ–ˆâ–ˆâ–ˆâ–Œ     | 191/421 [00:00<00:01, 207.91it/s, acc=100.00%, loss=0.0104]
BP Epoch 14/100:  51%|â–ˆâ–ˆâ–ˆâ–ˆâ–ˆ     | 213/421 [00:01<00:00, 210.39it/s, acc=100.00%, loss=0.0104]
BP Epoch 14/100:  56%|â–ˆâ–ˆâ–ˆâ–ˆâ–ˆâ–Œ    | 235/421 [00:01<00:00, 207.62it/s, acc=100.00%, loss=0.0104]
BP Epoch 14/100:  61%|â–ˆâ–ˆâ–ˆâ–ˆâ–ˆâ–ˆ    | 257/421 [00:01<00:00, 210.29it/s, acc=100.00%, loss=0.0104]
BP Epoch 14/100:  66%|â–ˆâ–ˆâ–ˆâ–ˆâ–ˆâ–ˆâ–‹   | 279/421 [00:01<00:00, 207.33it/s, acc=100.00%, loss=0.0104]
BP Epoch 14/100:  66%|â–ˆâ–ˆâ–ˆâ–ˆâ–ˆâ–ˆâ–‹   | 279/421 [00:01<00:00, 207.33it/s, acc=99.22%, loss=0.0284] 
BP Epoch 14/100:  71%|â–ˆâ–ˆâ–ˆâ–ˆâ–ˆâ–ˆâ–ˆâ–  | 300/421 [00:01<00:00, 207.27it/s, acc=99.22%, loss=0.0284]
BP Epoch 14/100:  76%|â–ˆâ–ˆâ–ˆâ–ˆâ–ˆâ–ˆâ–ˆâ–‹  | 322/421 [00:01<00:00, 207.94it/s, acc=99.22%, loss=0.0284]
BP Epoch 14/100:  81%|â–ˆâ–ˆâ–ˆâ–ˆâ–ˆâ–ˆâ–ˆâ–ˆâ– | 343/421 [00:01<00:00, 208.46it/s, acc=99.22%, loss=0.0284]
BP Epoch 14/100:  87%|â–ˆâ–ˆâ–ˆâ–ˆâ–ˆâ–ˆâ–ˆâ–ˆâ–‹ | 365/421 [00:01<00:00, 210.63it/s, acc=99.22%, loss=0.0284]
BP Epoch 14/100:  92%|â–ˆâ–ˆâ–ˆâ–ˆâ–ˆâ–ˆâ–ˆâ–ˆâ–ˆâ–| 387/421 [00:01<00:00, 206.21it/s, acc=99.22%, loss=0.0284]
BP Epoch 14/100:  92%|â–ˆâ–ˆâ–ˆâ–ˆâ–ˆâ–ˆâ–ˆâ–ˆâ–ˆâ–| 387/421 [00:01<00:00, 206.21it/s, acc=99.22%, loss=0.0570]
BP Epoch 14/100:  97%|â–ˆâ–ˆâ–ˆâ–ˆâ–ˆâ–ˆâ–ˆâ–ˆâ–ˆâ–‹| 409/421 [00:01<00:00, 210.13it/s, acc=99.22%, loss=0.0570]
BP Epoch 14/100:  97%|â–ˆâ–ˆâ–ˆâ–ˆâ–ˆâ–ˆâ–ˆâ–ˆâ–ˆâ–‹| 409/421 [00:02<00:00, 210.13it/s, acc=97.66%, loss=0.0744]
                                                                                            

Evaluating BP Model:   0%|          | 0/24 [00:00<?, ?it/s]
Evaluating BP Model:  38%|â–ˆâ–ˆâ–ˆâ–Š      | 9/24 [00:00<00:00, 76.88it/s]
Evaluating BP Model:  88%|â–ˆâ–ˆâ–ˆâ–ˆâ–ˆâ–ˆâ–ˆâ–ˆâ–Š | 21/24 [00:00<00:00, 94.65it/s]
                                                                    

Evaluating BP Model:   0%|          | 0/40 [00:00<?, ?it/s]
Evaluating BP Model:   2%|â–Ž         | 1/40 [00:00<00:04,  8.38it/s]
Evaluating BP Model:  32%|â–ˆâ–ˆâ–ˆâ–Ž      | 13/40 [00:00<00:00, 66.18it/s]
Evaluating BP Model:  62%|â–ˆâ–ˆâ–ˆâ–ˆâ–ˆâ–ˆâ–Ž   | 25/40 [00:00<00:00, 85.88it/s]
Evaluating BP Model:  92%|â–ˆâ–ˆâ–ˆâ–ˆâ–ˆâ–ˆâ–ˆâ–ˆâ–ˆâ–Ž| 37/40 [00:00<00:00, 95.51it/s]
                                                                    
[codecarbon INFO @ 16:46:32] Energy consumed for RAM : 0.000357 kWh. RAM Power : 38.0 W
[codecarbon INFO @ 16:46:33] Delta energy consumed for CPU with cpu_load : 0.000048 kWh, power : 45.0 W
[codecarbon INFO @ 16:46:33] Energy consumed for All CPU : 0.000425 kWh
[codecarbon INFO @ 16:46:33] Energy consumed for all GPUs : 0.000854 kWh. Total GPU Power : 83.67457190730559 W
[codecarbon INFO @ 16:46:33] 0.001636 kWh of electricity used since the beginning.
wandb:                                                                                
wandb: 
wandb: Run history:
wandb:                  BP_Baseline/Epoch â–â–‚â–‚â–ƒâ–ƒâ–„â–…â–…â–†â–†â–‡â–‡â–ˆ
wandb:     BP_Baseline/Epoch_Duration_Sec â–ˆâ–ƒâ–‚â–â–â–‚â–ƒâ–‚â–â–‚â–â–â–
wandb: BP_Baseline/GPU_Mem_Used_MiB_Batch â–â–â–â–ˆâ–ˆâ–ˆâ–ˆâ–ˆâ–ˆâ–ˆâ–ˆâ–ˆâ–ˆâ–ˆâ–ˆâ–ˆâ–ˆâ–ˆâ–ˆâ–ˆâ–ˆâ–ˆâ–ˆâ–ˆâ–ˆâ–ˆâ–ˆâ–ˆâ–ˆâ–ˆâ–ˆâ–ˆâ–ˆâ–ˆâ–ˆâ–ˆâ–ˆâ–ˆâ–ˆâ–ˆ
wandb:          BP_Baseline/Learning_Rate â–â–â–â–â–â–â–â–â–â–â–â–â–
wandb: BP_Baseline/Peak_GPU_Mem_Epoch_MiB â–â–ˆâ–ˆâ–ˆâ–ˆâ–ˆâ–ˆâ–ˆâ–ˆâ–ˆâ–ˆâ–ˆâ–ˆ
wandb:        BP_Baseline/Train_Acc_Batch â–â–„â–ƒâ–â–‚â–„â–ƒâ–„â–„â–…â–…â–‡â–†â–ˆâ–†â–‡â–†â–…â–†â–‡â–†â–…â–ˆâ–ˆâ–‡â–‡â–ˆâ–‡â–‡â–‡â–ˆâ–‡â–‡â–ˆâ–‡â–‡â–ˆâ–†â–ˆâ–‡
wandb:        BP_Baseline/Train_Acc_Epoch â–â–„â–…â–†â–†â–‡â–‡â–ˆâ–ˆâ–‡â–ˆâ–ˆâ–ˆ
wandb:       BP_Baseline/Train_Loss_Batch â–‡â–†â–ˆâ–„â–‡â–…â–„â–ƒâ–ƒâ–‚â–ƒâ–‚â–ƒâ–‚â–‚â–‚â–ƒâ–‚â–‚â–â–‚â–„â–â–â–‚â–‚â–‚â–â–â–‚â–â–â–â–‚â–â–â–â–‚â–â–‚
wandb:       BP_Baseline/Train_Loss_Epoch â–ˆâ–…â–„â–ƒâ–ƒâ–‚â–‚â–â–â–‚â–â–â–
wandb:          BP_Baseline/Val_Acc_Epoch â–â–…â–…â–ˆâ–‡â–‡â–†â–†â–ˆâ–‡â–†â–ˆâ–ˆ
wandb:         BP_Baseline/Val_Loss_Epoch â–†â–‚â–‚â–â–‚â–ƒâ–„â–…â–…â–ˆâ–ˆâ–…â–ˆ
wandb:         estimated_bp_update_gflops â–
wandb:               estimated_fwd_gflops â–
wandb:                final/Test_Accuracy â–
wandb:                    final/Test_Loss â–
wandb:   final/codecarbon_emissions_gCO2e â–
wandb:   final/estimated_bp_update_gflops â–
wandb:         final/estimated_fwd_gflops â–
wandb:        final/peak_gpu_mem_used_mib â–
wandb:      final/total_gpu_energy_joules â–
wandb:          final/total_gpu_energy_wh â–
wandb:       final/total_run_duration_sec â–
wandb:        final/training_duration_sec â–
wandb:                        global_step â–â–â–â–â–‚â–‚â–‚â–‚â–‚â–ƒâ–ƒâ–ƒâ–ƒâ–ƒâ–ƒâ–„â–„â–„â–„â–„â–…â–…â–…â–…â–…â–†â–†â–†â–‡â–‡â–‡â–‡â–‡â–‡â–‡â–‡â–ˆâ–ˆâ–ˆâ–ˆ
wandb:           initial_gpu_mem_used_mib â–
wandb:             model_parameters_total â–
wandb:         model_parameters_trainable â–
wandb: 
wandb: Run summary:
wandb:                  BP_Baseline/Epoch 13
wandb:     BP_Baseline/Epoch_Duration_Sec 2.2937
wandb: BP_Baseline/GPU_Mem_Used_MiB_Batch 1080
wandb:          BP_Baseline/Learning_Rate 0.00056
wandb: BP_Baseline/Peak_GPU_Mem_Epoch_MiB 1080
wandb:        BP_Baseline/Train_Acc_Batch 97.65625
wandb:        BP_Baseline/Train_Acc_Epoch 99.51566
wandb:       BP_Baseline/Train_Loss_Batch 0.07439
wandb:       BP_Baseline/Train_Loss_Epoch 0.01404
wandb:          BP_Baseline/Val_Acc_Epoch 91.6
wandb:         BP_Baseline/Val_Loss_Epoch 0.39166
wandb:             codecarbon_country_iso POL
wandb:                 codecarbon_enabled True
wandb:                    codecarbon_mode offline
wandb:         estimated_bp_update_gflops 0.21839
wandb:               estimated_fwd_gflops 0.0728
wandb:                final/Test_Accuracy 89.68
wandb:                    final/Test_Loss 0.3147
wandb:   final/codecarbon_emissions_gCO2e 1.08267
wandb:   final/estimated_bp_update_gflops 0.21839
wandb:         final/estimated_fwd_gflops 0.0728
wandb:        final/peak_gpu_mem_used_mib 1080
wandb:      final/total_gpu_energy_joules 2970.58613
wandb:          final/total_gpu_energy_wh 0.82516
wandb:       final/total_run_duration_sec 36.37984
wandb:        final/training_duration_sec 32.84121
wandb:           initial_gpu_mem_used_mib 336.625
wandb:             model_parameters_total 674410
wandb:         model_parameters_trainable 674410
wandb: 
wandb: ðŸš€ View run bp_baseline_fashion_mnist_cnn_3block at: https://wandb.ai/przspyra11/BeyondBackpropagation/runs/ngjohv6v
wandb: â­ï¸ View project at: https://wandb.ai/przspyra11/BeyondBackpropagation
wandb: Synced 5 W&B file(s), 0 media file(s), 0 artifact file(s) and 0 other file(s)
wandb: Find logs at: ./wandb/run-20250505_164557-ngjohv6v/logs
