 Python/3.10.4 unloaded.
 OpenSSL/1.1 unloaded.
 libffi/3.4.2 unloaded.
 GMP/6.2.1 unloaded.
 XZ/5.2.5 unloaded.
 SQLite/3.38.3 unloaded.
 Tcl/8.6.12 unloaded.
 libreadline/8.1.2 unloaded.
 ncurses/6.3 unloaded.
 zlib/1.2.12 unloaded.
 bzip2/1.0.8 unloaded.
 binutils/2.38 unloaded.
 binutils/2.38 loaded.
 bzip2/1.0.8 loaded.
 zlib/1.2.12 loaded.
 ncurses/6.3 loaded.
 libreadline/8.1.2 loaded.
 Tcl/8.6.12 loaded.
 SQLite/3.38.3 loaded.
 XZ/5.2.5 loaded.
 GMP/6.2.1 loaded.
 libffi/3.4.2 loaded.
 OpenSSL/1.1 loaded.
 Python/3.10.4 loaded.
 CUDA/12.4.0 loaded.

Currently Loaded Modules:
  1) binutils/2.38   5) libreadline/8.1.2   9) GMP/6.2.1      13) CUDA/12.4.0
  2) bzip2/1.0.8     6) Tcl/8.6.12         10) libffi/3.4.2
  3) zlib/1.2.12     7) SQLite/3.38.3      11) OpenSSL/1.1
  4) ncurses/6.3     8) XZ/5.2.5           12) Python/3.10.4

 

2025-05-05 05:35:57,542 - src.utils.config_parser - INFO - Successfully merged configuration from configs/bp_baselines/fashion_mnist_cnn_3block_bp.yaml and configs/base.yaml
wandb: Using wandb-core as the SDK backend.  Please refer to https://wandb.me/wandb-core for more information.
wandb: Currently logged in as: przspyra11 (agh_racing) to https://api.wandb.ai. Use `wandb login --relogin` to force relogin
wandb: Tracking run with wandb version 0.19.8
wandb: Run data is saved locally in /net/tscratch/people/plgspyra/BeyondBackpropagation/wandb/run-20250505_053558-9ct9xi50
wandb: Run `wandb offline` to turn off syncing.
wandb: Syncing run bp_baseline_fashion_mnist_cnn_3block
wandb: â­ï¸ View project at https://wandb.ai/przspyra11/BeyondBackpropagation
wandb: ðŸš€ View run at https://wandb.ai/przspyra11/BeyondBackpropagation/runs/9ct9xi50
[codecarbon INFO @ 05:35:58] offline tracker init
[codecarbon INFO @ 05:35:58] [setup] RAM Tracking...
[codecarbon INFO @ 05:35:58] [setup] CPU Tracking...
 Linux OS detected: Please ensure RAPL files exist at /sys/class/powercap/intel-rapl/subsystem to measure CPU

[codecarbon INFO @ 05:35:59] CPU Model on constant consumption mode: AMD EPYC 7742 64-Core Processor
[codecarbon INFO @ 05:35:59] [setup] GPU Tracking...
[codecarbon INFO @ 05:35:59] Tracking Nvidia GPU via pynvml
[codecarbon INFO @ 05:35:59] The below tracking methods have been set up:
                RAM Tracking Method: RAM power estimation model
                CPU Tracking Method: cpu_load
                GPU Tracking Method: pynvml
            
[codecarbon INFO @ 05:35:59] >>> Tracker's metadata:
[codecarbon INFO @ 05:35:59]   Platform system: Linux-5.14.0-503.26.1.el9_5.x86_64-x86_64-with-glibc2.34
[codecarbon INFO @ 05:35:59]   Python version: 3.10.4
[codecarbon INFO @ 05:35:59]   CodeCarbon version: 3.0.1
[codecarbon INFO @ 05:35:59]   Available RAM : 125.000 GB
[codecarbon INFO @ 05:35:59]   CPU count: 16 thread(s) in 2 physical CPU(s)
[codecarbon INFO @ 05:35:59]   CPU model: AMD EPYC 7742 64-Core Processor
[codecarbon INFO @ 05:35:59]   GPU count: 1
[codecarbon INFO @ 05:35:59]   GPU model: 1 x NVIDIA A100-SXM4-40GB BUT only tracking these GPU ids : [0]
[codecarbon INFO @ 05:35:59] Emissions data (if any) will be saved to file /net/tscratch/people/plgspyra/BeyondBackpropagation/results/carbon/bp_baseline_fashion_mnist_cnn_3block_carbon.csv

BP Epoch 1/100:   0%|          | 0/421 [00:00<?, ?it/s]
BP Epoch 1/100:   0%|          | 1/421 [00:00<01:08,  6.15it/s]
BP Epoch 1/100:   6%|â–Œ         | 26/421 [00:00<00:03, 119.60it/s]
BP Epoch 1/100:  11%|â–ˆ         | 47/421 [00:00<00:02, 154.63it/s]
BP Epoch 1/100:  16%|â–ˆâ–‹        | 69/421 [00:00<00:01, 178.21it/s]
BP Epoch 1/100:  22%|â–ˆâ–ˆâ–       | 91/421 [00:00<00:01, 187.59it/s]
BP Epoch 1/100:  22%|â–ˆâ–ˆâ–       | 91/421 [00:00<00:01, 187.59it/s, acc=85.16%, loss=0.4224]
BP Epoch 1/100:  27%|â–ˆâ–ˆâ–‹       | 113/421 [00:00<00:01, 196.63it/s, acc=85.16%, loss=0.4224]
BP Epoch 1/100:  32%|â–ˆâ–ˆâ–ˆâ–      | 135/421 [00:00<00:01, 199.84it/s, acc=85.16%, loss=0.4224]
BP Epoch 1/100:  37%|â–ˆâ–ˆâ–ˆâ–‹      | 157/421 [00:00<00:01, 204.86it/s, acc=85.16%, loss=0.4224]
BP Epoch 1/100:  43%|â–ˆâ–ˆâ–ˆâ–ˆâ–Ž     | 179/421 [00:00<00:01, 205.75it/s, acc=85.16%, loss=0.4224]
BP Epoch 1/100:  43%|â–ˆâ–ˆâ–ˆâ–ˆâ–Ž     | 179/421 [00:01<00:01, 205.75it/s, acc=88.28%, loss=0.3617]
BP Epoch 1/100:  48%|â–ˆâ–ˆâ–ˆâ–ˆâ–Š     | 201/421 [00:01<00:01, 206.80it/s, acc=88.28%, loss=0.3617]
BP Epoch 1/100:  53%|â–ˆâ–ˆâ–ˆâ–ˆâ–ˆâ–Ž    | 223/421 [00:01<00:00, 209.01it/s, acc=88.28%, loss=0.3617]
BP Epoch 1/100:  58%|â–ˆâ–ˆâ–ˆâ–ˆâ–ˆâ–Š    | 245/421 [00:01<00:00, 208.70it/s, acc=88.28%, loss=0.3617]
BP Epoch 1/100:  63%|â–ˆâ–ˆâ–ˆâ–ˆâ–ˆâ–ˆâ–Ž   | 267/421 [00:01<00:00, 210.91it/s, acc=88.28%, loss=0.3617]
BP Epoch 1/100:  69%|â–ˆâ–ˆâ–ˆâ–ˆâ–ˆâ–ˆâ–Š   | 289/421 [00:01<00:00, 209.80it/s, acc=88.28%, loss=0.3617]
BP Epoch 1/100:  69%|â–ˆâ–ˆâ–ˆâ–ˆâ–ˆâ–ˆâ–Š   | 289/421 [00:01<00:00, 209.80it/s, acc=89.84%, loss=0.2975]
BP Epoch 1/100:  74%|â–ˆâ–ˆâ–ˆâ–ˆâ–ˆâ–ˆâ–ˆâ–  | 311/421 [00:01<00:00, 211.13it/s, acc=89.84%, loss=0.2975]
BP Epoch 1/100:  79%|â–ˆâ–ˆâ–ˆâ–ˆâ–ˆâ–ˆâ–ˆâ–‰  | 333/421 [00:01<00:00, 210.71it/s, acc=89.84%, loss=0.2975]
BP Epoch 1/100:  84%|â–ˆâ–ˆâ–ˆâ–ˆâ–ˆâ–ˆâ–ˆâ–ˆâ– | 355/421 [00:01<00:00, 211.78it/s, acc=89.84%, loss=0.2975]
BP Epoch 1/100:  90%|â–ˆâ–ˆâ–ˆâ–ˆâ–ˆâ–ˆâ–ˆâ–ˆâ–‰ | 377/421 [00:01<00:00, 211.03it/s, acc=89.84%, loss=0.2975]
BP Epoch 1/100:  95%|â–ˆâ–ˆâ–ˆâ–ˆâ–ˆâ–ˆâ–ˆâ–ˆâ–ˆâ–| 399/421 [00:02<00:00, 212.63it/s, acc=89.84%, loss=0.2975]
BP Epoch 1/100:  95%|â–ˆâ–ˆâ–ˆâ–ˆâ–ˆâ–ˆâ–ˆâ–ˆâ–ˆâ–| 399/421 [00:02<00:00, 212.63it/s, acc=91.41%, loss=0.2511]
BP Epoch 1/100:  95%|â–ˆâ–ˆâ–ˆâ–ˆâ–ˆâ–ˆâ–ˆâ–ˆâ–ˆâ–| 399/421 [00:02<00:00, 212.63it/s, acc=91.41%, loss=0.2766]
BP Epoch 1/100: 100%|â–ˆâ–ˆâ–ˆâ–ˆâ–ˆâ–ˆâ–ˆâ–ˆâ–ˆâ–ˆ| 421/421 [00:02<00:00, 208.83it/s, acc=91.41%, loss=0.2766]
                                                                                           

Evaluating BP Model:   0%|          | 0/24 [00:00<?, ?it/s]
Evaluating BP Model:   4%|â–         | 1/24 [00:00<00:02,  8.24it/s]
Evaluating BP Model:  54%|â–ˆâ–ˆâ–ˆâ–ˆâ–ˆâ–    | 13/24 [00:00<00:00, 67.05it/s]
                                                                    

BP Epoch 2/100:   0%|          | 0/421 [00:00<?, ?it/s]
BP Epoch 2/100:   4%|â–         | 16/421 [00:00<00:02, 156.69it/s]
BP Epoch 2/100:   9%|â–‰         | 37/421 [00:00<00:02, 184.02it/s]
BP Epoch 2/100:  14%|â–ˆâ–        | 59/421 [00:00<00:01, 199.57it/s]
BP Epoch 2/100:  19%|â–ˆâ–‰        | 81/421 [00:00<00:01, 202.99it/s]
BP Epoch 2/100:  19%|â–ˆâ–‰        | 81/421 [00:00<00:01, 202.99it/s, acc=96.09%, loss=0.1099]
BP Epoch 2/100:  24%|â–ˆâ–ˆâ–       | 103/421 [00:00<00:01, 208.59it/s, acc=96.09%, loss=0.1099]
BP Epoch 2/100:  30%|â–ˆâ–ˆâ–‰       | 125/421 [00:00<00:01, 209.20it/s, acc=96.09%, loss=0.1099]
BP Epoch 2/100:  35%|â–ˆâ–ˆâ–ˆâ–      | 147/421 [00:00<00:01, 211.31it/s, acc=96.09%, loss=0.1099]
BP Epoch 2/100:  40%|â–ˆâ–ˆâ–ˆâ–ˆ      | 169/421 [00:00<00:01, 211.57it/s, acc=96.09%, loss=0.1099]
BP Epoch 2/100:  45%|â–ˆâ–ˆâ–ˆâ–ˆâ–Œ     | 191/421 [00:00<00:01, 211.80it/s, acc=96.09%, loss=0.1099]
BP Epoch 2/100:  45%|â–ˆâ–ˆâ–ˆâ–ˆâ–Œ     | 191/421 [00:00<00:01, 211.80it/s, acc=93.75%, loss=0.1384]
BP Epoch 2/100:  51%|â–ˆâ–ˆâ–ˆâ–ˆâ–ˆ     | 213/421 [00:01<00:00, 212.74it/s, acc=93.75%, loss=0.1384]
BP Epoch 2/100:  56%|â–ˆâ–ˆâ–ˆâ–ˆâ–ˆâ–Œ    | 235/421 [00:01<00:00, 211.61it/s, acc=93.75%, loss=0.1384]
BP Epoch 2/100:  61%|â–ˆâ–ˆâ–ˆâ–ˆâ–ˆâ–ˆ    | 257/421 [00:01<00:00, 213.56it/s, acc=93.75%, loss=0.1384]
BP Epoch 2/100:  66%|â–ˆâ–ˆâ–ˆâ–ˆâ–ˆâ–ˆâ–‹   | 279/421 [00:01<00:00, 211.22it/s, acc=93.75%, loss=0.1384]
BP Epoch 2/100:  66%|â–ˆâ–ˆâ–ˆâ–ˆâ–ˆâ–ˆâ–‹   | 279/421 [00:01<00:00, 211.22it/s, acc=93.75%, loss=0.1614]
BP Epoch 2/100:  71%|â–ˆâ–ˆâ–ˆâ–ˆâ–ˆâ–ˆâ–ˆâ–  | 301/421 [00:01<00:00, 212.14it/s, acc=93.75%, loss=0.1614]
BP Epoch 2/100:  77%|â–ˆâ–ˆâ–ˆâ–ˆâ–ˆâ–ˆâ–ˆâ–‹  | 323/421 [00:01<00:00, 211.47it/s, acc=93.75%, loss=0.1614]
BP Epoch 2/100:  82%|â–ˆâ–ˆâ–ˆâ–ˆâ–ˆâ–ˆâ–ˆâ–ˆâ– | 345/421 [00:01<00:00, 213.19it/s, acc=93.75%, loss=0.1614]
BP Epoch 2/100:  87%|â–ˆâ–ˆâ–ˆâ–ˆâ–ˆâ–ˆâ–ˆâ–ˆâ–‹ | 367/421 [00:01<00:00, 211.26it/s, acc=93.75%, loss=0.1614]
BP Epoch 2/100:  92%|â–ˆâ–ˆâ–ˆâ–ˆâ–ˆâ–ˆâ–ˆâ–ˆâ–ˆâ–| 389/421 [00:01<00:00, 213.71it/s, acc=93.75%, loss=0.1614]
BP Epoch 2/100:  92%|â–ˆâ–ˆâ–ˆâ–ˆâ–ˆâ–ˆâ–ˆâ–ˆâ–ˆâ–| 389/421 [00:01<00:00, 213.71it/s, acc=93.75%, loss=0.2315]
BP Epoch 2/100:  98%|â–ˆâ–ˆâ–ˆâ–ˆâ–ˆâ–ˆâ–ˆâ–ˆâ–ˆâ–Š| 411/421 [00:01<00:00, 210.78it/s, acc=93.75%, loss=0.2315]
BP Epoch 2/100:  98%|â–ˆâ–ˆâ–ˆâ–ˆâ–ˆâ–ˆâ–ˆâ–ˆâ–ˆâ–Š| 411/421 [00:02<00:00, 210.78it/s, acc=92.19%, loss=0.2199]
                                                                                           

Evaluating BP Model:   0%|          | 0/24 [00:00<?, ?it/s]
Evaluating BP Model:  38%|â–ˆâ–ˆâ–ˆâ–Š      | 9/24 [00:00<00:00, 77.78it/s]
Evaluating BP Model:  88%|â–ˆâ–ˆâ–ˆâ–ˆâ–ˆâ–ˆâ–ˆâ–ˆâ–Š | 21/24 [00:00<00:00, 95.49it/s]
                                                                    

BP Epoch 3/100:   0%|          | 0/421 [00:00<?, ?it/s]
BP Epoch 3/100:   4%|â–Ž         | 15/421 [00:00<00:02, 148.51it/s]
BP Epoch 3/100:   9%|â–‰         | 37/421 [00:00<00:02, 182.81it/s]
BP Epoch 3/100:  14%|â–ˆâ–        | 60/421 [00:00<00:01, 201.18it/s]
BP Epoch 3/100:  19%|â–ˆâ–‰        | 81/421 [00:00<00:01, 201.90it/s]
BP Epoch 3/100:  19%|â–ˆâ–‰        | 81/421 [00:00<00:01, 201.90it/s, acc=89.84%, loss=0.2160]
BP Epoch 3/100:  24%|â–ˆâ–ˆâ–       | 103/421 [00:00<00:01, 208.04it/s, acc=89.84%, loss=0.2160]
BP Epoch 3/100:  30%|â–ˆâ–ˆâ–‰       | 125/421 [00:00<00:01, 206.81it/s, acc=89.84%, loss=0.2160]
BP Epoch 3/100:  35%|â–ˆâ–ˆâ–ˆâ–Œ      | 148/421 [00:00<00:01, 213.11it/s, acc=89.84%, loss=0.2160]
BP Epoch 3/100:  40%|â–ˆâ–ˆâ–ˆâ–ˆ      | 170/421 [00:00<00:01, 211.50it/s, acc=89.84%, loss=0.2160]
BP Epoch 3/100:  46%|â–ˆâ–ˆâ–ˆâ–ˆâ–Œ     | 193/421 [00:00<00:01, 211.97it/s, acc=89.84%, loss=0.2160]
BP Epoch 3/100:  46%|â–ˆâ–ˆâ–ˆâ–ˆâ–Œ     | 193/421 [00:00<00:01, 211.97it/s, acc=95.31%, loss=0.2270]
BP Epoch 3/100:  51%|â–ˆâ–ˆâ–ˆâ–ˆâ–ˆ     | 215/421 [00:01<00:00, 213.46it/s, acc=95.31%, loss=0.2270]
BP Epoch 3/100:  56%|â–ˆâ–ˆâ–ˆâ–ˆâ–ˆâ–‹    | 237/421 [00:01<00:00, 212.94it/s, acc=95.31%, loss=0.2270]
BP Epoch 3/100:  62%|â–ˆâ–ˆâ–ˆâ–ˆâ–ˆâ–ˆâ–   | 259/421 [00:01<00:00, 211.85it/s, acc=95.31%, loss=0.2270]
BP Epoch 3/100:  67%|â–ˆâ–ˆâ–ˆâ–ˆâ–ˆâ–ˆâ–‹   | 281/421 [00:01<00:00, 214.06it/s, acc=95.31%, loss=0.2270]
BP Epoch 3/100:  67%|â–ˆâ–ˆâ–ˆâ–ˆâ–ˆâ–ˆâ–‹   | 281/421 [00:01<00:00, 214.06it/s, acc=92.97%, loss=0.1949]
BP Epoch 3/100:  72%|â–ˆâ–ˆâ–ˆâ–ˆâ–ˆâ–ˆâ–ˆâ–  | 303/421 [00:01<00:00, 211.18it/s, acc=92.97%, loss=0.1949]
BP Epoch 3/100:  77%|â–ˆâ–ˆâ–ˆâ–ˆâ–ˆâ–ˆâ–ˆâ–‹  | 325/421 [00:01<00:00, 213.53it/s, acc=92.97%, loss=0.1949]
BP Epoch 3/100:  82%|â–ˆâ–ˆâ–ˆâ–ˆâ–ˆâ–ˆâ–ˆâ–ˆâ– | 347/421 [00:01<00:00, 210.47it/s, acc=92.97%, loss=0.1949]
BP Epoch 3/100:  88%|â–ˆâ–ˆâ–ˆâ–ˆâ–ˆâ–ˆâ–ˆâ–ˆâ–Š | 369/421 [00:01<00:00, 213.14it/s, acc=92.97%, loss=0.1949]
BP Epoch 3/100:  93%|â–ˆâ–ˆâ–ˆâ–ˆâ–ˆâ–ˆâ–ˆâ–ˆâ–ˆâ–Ž| 391/421 [00:01<00:00, 210.95it/s, acc=92.97%, loss=0.1949]
BP Epoch 3/100:  93%|â–ˆâ–ˆâ–ˆâ–ˆâ–ˆâ–ˆâ–ˆâ–ˆâ–ˆâ–Ž| 391/421 [00:01<00:00, 210.95it/s, acc=95.31%, loss=0.1299]
BP Epoch 3/100:  98%|â–ˆâ–ˆâ–ˆâ–ˆâ–ˆâ–ˆâ–ˆâ–ˆâ–ˆâ–Š| 413/421 [00:01<00:00, 213.48it/s, acc=95.31%, loss=0.1299]
BP Epoch 3/100:  98%|â–ˆâ–ˆâ–ˆâ–ˆâ–ˆâ–ˆâ–ˆâ–ˆâ–ˆâ–Š| 413/421 [00:02<00:00, 213.48it/s, acc=91.41%, loss=0.2997]
                                                                                           

Evaluating BP Model:   0%|          | 0/24 [00:00<?, ?it/s]
Evaluating BP Model:  38%|â–ˆâ–ˆâ–ˆâ–Š      | 9/24 [00:00<00:00, 77.70it/s]
Evaluating BP Model:  88%|â–ˆâ–ˆâ–ˆâ–ˆâ–ˆâ–ˆâ–ˆâ–ˆâ–Š | 21/24 [00:00<00:00, 96.95it/s]
                                                                    

BP Epoch 4/100:   0%|          | 0/421 [00:00<?, ?it/s]
BP Epoch 4/100:   4%|â–         | 17/421 [00:00<00:02, 156.83it/s]
BP Epoch 4/100:  10%|â–‰         | 40/421 [00:00<00:01, 195.50it/s]
BP Epoch 4/100:  14%|â–ˆâ–        | 61/421 [00:00<00:01, 200.83it/s]
BP Epoch 4/100:  20%|â–ˆâ–‰        | 83/421 [00:00<00:01, 205.92it/s]
BP Epoch 4/100:  20%|â–ˆâ–‰        | 83/421 [00:00<00:01, 205.92it/s, acc=94.53%, loss=0.1360]
BP Epoch 4/100:  25%|â–ˆâ–ˆâ–       | 105/421 [00:00<00:01, 209.52it/s, acc=94.53%, loss=0.1360]
BP Epoch 4/100:  30%|â–ˆâ–ˆâ–‰       | 126/421 [00:00<00:01, 207.92it/s, acc=94.53%, loss=0.1360]
BP Epoch 4/100:  35%|â–ˆâ–ˆâ–ˆâ–Œ      | 148/421 [00:00<00:01, 210.59it/s, acc=94.53%, loss=0.1360]
BP Epoch 4/100:  40%|â–ˆâ–ˆâ–ˆâ–ˆ      | 170/421 [00:00<00:01, 209.73it/s, acc=94.53%, loss=0.1360]
BP Epoch 4/100:  46%|â–ˆâ–ˆâ–ˆâ–ˆâ–Œ     | 192/421 [00:00<00:01, 212.28it/s, acc=94.53%, loss=0.1360]
BP Epoch 4/100:  46%|â–ˆâ–ˆâ–ˆâ–ˆâ–Œ     | 192/421 [00:00<00:01, 212.28it/s, acc=95.31%, loss=0.1514]
BP Epoch 4/100:  51%|â–ˆâ–ˆâ–ˆâ–ˆâ–ˆ     | 214/421 [00:01<00:00, 209.98it/s, acc=95.31%, loss=0.1514]
BP Epoch 4/100:  56%|â–ˆâ–ˆâ–ˆâ–ˆâ–ˆâ–Œ    | 236/421 [00:01<00:00, 212.47it/s, acc=95.31%, loss=0.1514]
BP Epoch 4/100:  61%|â–ˆâ–ˆâ–ˆâ–ˆâ–ˆâ–ˆâ–   | 258/421 [00:01<00:00, 210.11it/s, acc=95.31%, loss=0.1514]
BP Epoch 4/100:  67%|â–ˆâ–ˆâ–ˆâ–ˆâ–ˆâ–ˆâ–‹   | 280/421 [00:01<00:00, 211.88it/s, acc=95.31%, loss=0.1514]
BP Epoch 4/100:  67%|â–ˆâ–ˆâ–ˆâ–ˆâ–ˆâ–ˆâ–‹   | 280/421 [00:01<00:00, 211.88it/s, acc=92.19%, loss=0.1693]
BP Epoch 4/100:  72%|â–ˆâ–ˆâ–ˆâ–ˆâ–ˆâ–ˆâ–ˆâ–  | 302/421 [00:01<00:00, 210.02it/s, acc=92.19%, loss=0.1693]
BP Epoch 4/100:  77%|â–ˆâ–ˆâ–ˆâ–ˆâ–ˆâ–ˆâ–ˆâ–‹  | 324/421 [00:01<00:00, 211.94it/s, acc=92.19%, loss=0.1693]
BP Epoch 4/100:  82%|â–ˆâ–ˆâ–ˆâ–ˆâ–ˆâ–ˆâ–ˆâ–ˆâ– | 346/421 [00:01<00:00, 210.02it/s, acc=92.19%, loss=0.1693]
BP Epoch 4/100:  87%|â–ˆâ–ˆâ–ˆâ–ˆâ–ˆâ–ˆâ–ˆâ–ˆâ–‹ | 368/421 [00:01<00:00, 212.13it/s, acc=92.19%, loss=0.1693]
BP Epoch 4/100:  93%|â–ˆâ–ˆâ–ˆâ–ˆâ–ˆâ–ˆâ–ˆâ–ˆâ–ˆâ–Ž| 390/421 [00:01<00:00, 208.66it/s, acc=92.19%, loss=0.1693]
BP Epoch 4/100:  93%|â–ˆâ–ˆâ–ˆâ–ˆâ–ˆâ–ˆâ–ˆâ–ˆâ–ˆâ–Ž| 390/421 [00:01<00:00, 208.66it/s, acc=95.31%, loss=0.1461]
BP Epoch 4/100:  98%|â–ˆâ–ˆâ–ˆâ–ˆâ–ˆâ–ˆâ–ˆâ–ˆâ–ˆâ–Š| 412/421 [00:01<00:00, 210.18it/s, acc=95.31%, loss=0.1461]
BP Epoch 4/100:  98%|â–ˆâ–ˆâ–ˆâ–ˆâ–ˆâ–ˆâ–ˆâ–ˆâ–ˆâ–Š| 412/421 [00:02<00:00, 210.18it/s, acc=93.75%, loss=0.1397]
                                                                                           

Evaluating BP Model:   0%|          | 0/24 [00:00<?, ?it/s]
Evaluating BP Model:  38%|â–ˆâ–ˆâ–ˆâ–Š      | 9/24 [00:00<00:00, 77.84it/s]
Evaluating BP Model:  88%|â–ˆâ–ˆâ–ˆâ–ˆâ–ˆâ–ˆâ–ˆâ–ˆâ–Š | 21/24 [00:00<00:00, 96.54it/s]
                                                                    

BP Epoch 5/100:   0%|          | 0/421 [00:00<?, ?it/s]
BP Epoch 5/100:   4%|â–         | 17/421 [00:00<00:02, 157.70it/s]
BP Epoch 5/100:  10%|â–‰         | 40/421 [00:00<00:01, 195.58it/s]
BP Epoch 5/100:  14%|â–ˆâ–        | 61/421 [00:00<00:01, 199.94it/s]
BP Epoch 5/100:  20%|â–ˆâ–‰        | 83/421 [00:00<00:01, 207.25it/s]
BP Epoch 5/100:  20%|â–ˆâ–‰        | 83/421 [00:00<00:01, 207.25it/s, acc=98.44%, loss=0.0570]
BP Epoch 5/100:  25%|â–ˆâ–ˆâ–       | 105/421 [00:00<00:01, 208.40it/s, acc=98.44%, loss=0.0570]
BP Epoch 5/100:  30%|â–ˆâ–ˆâ–‰       | 126/421 [00:00<00:01, 207.92it/s, acc=98.44%, loss=0.0570]
BP Epoch 5/100:  35%|â–ˆâ–ˆâ–ˆâ–Œ      | 148/421 [00:00<00:01, 211.14it/s, acc=98.44%, loss=0.0570]
BP Epoch 5/100:  40%|â–ˆâ–ˆâ–ˆâ–ˆ      | 170/421 [00:00<00:01, 209.26it/s, acc=98.44%, loss=0.0570]
BP Epoch 5/100:  46%|â–ˆâ–ˆâ–ˆâ–ˆâ–Œ     | 192/421 [00:00<00:01, 211.56it/s, acc=98.44%, loss=0.0570]
BP Epoch 5/100:  46%|â–ˆâ–ˆâ–ˆâ–ˆâ–Œ     | 192/421 [00:00<00:01, 211.56it/s, acc=96.88%, loss=0.0919]
BP Epoch 5/100:  51%|â–ˆâ–ˆâ–ˆâ–ˆâ–ˆ     | 214/421 [00:01<00:00, 209.42it/s, acc=96.88%, loss=0.0919]
BP Epoch 5/100:  56%|â–ˆâ–ˆâ–ˆâ–ˆâ–ˆâ–Œ    | 236/421 [00:01<00:00, 212.15it/s, acc=96.88%, loss=0.0919]
BP Epoch 5/100:  61%|â–ˆâ–ˆâ–ˆâ–ˆâ–ˆâ–ˆâ–   | 258/421 [00:01<00:00, 209.54it/s, acc=96.88%, loss=0.0919]
BP Epoch 5/100:  67%|â–ˆâ–ˆâ–ˆâ–ˆâ–ˆâ–ˆâ–‹   | 280/421 [00:01<00:00, 212.09it/s, acc=96.88%, loss=0.0919]
BP Epoch 5/100:  67%|â–ˆâ–ˆâ–ˆâ–ˆâ–ˆâ–ˆâ–‹   | 280/421 [00:01<00:00, 212.09it/s, acc=96.88%, loss=0.0975]
BP Epoch 5/100:  72%|â–ˆâ–ˆâ–ˆâ–ˆâ–ˆâ–ˆâ–ˆâ–  | 302/421 [00:01<00:00, 209.97it/s, acc=96.88%, loss=0.0975]
BP Epoch 5/100:  77%|â–ˆâ–ˆâ–ˆâ–ˆâ–ˆâ–ˆâ–ˆâ–‹  | 324/421 [00:01<00:00, 212.19it/s, acc=96.88%, loss=0.0975]
BP Epoch 5/100:  82%|â–ˆâ–ˆâ–ˆâ–ˆâ–ˆâ–ˆâ–ˆâ–ˆâ– | 346/421 [00:01<00:00, 209.88it/s, acc=96.88%, loss=0.0975]
BP Epoch 5/100:  87%|â–ˆâ–ˆâ–ˆâ–ˆâ–ˆâ–ˆâ–ˆâ–ˆâ–‹ | 368/421 [00:01<00:00, 211.63it/s, acc=96.88%, loss=0.0975]
BP Epoch 5/100:  93%|â–ˆâ–ˆâ–ˆâ–ˆâ–ˆâ–ˆâ–ˆâ–ˆâ–ˆâ–Ž| 390/421 [00:01<00:00, 209.52it/s, acc=96.88%, loss=0.0975]
BP Epoch 5/100:  93%|â–ˆâ–ˆâ–ˆâ–ˆâ–ˆâ–ˆâ–ˆâ–ˆâ–ˆâ–Ž| 390/421 [00:01<00:00, 209.52it/s, acc=96.88%, loss=0.1117]
BP Epoch 5/100:  98%|â–ˆâ–ˆâ–ˆâ–ˆâ–ˆâ–ˆâ–ˆâ–ˆâ–ˆâ–Š| 412/421 [00:01<00:00, 211.45it/s, acc=96.88%, loss=0.1117]
BP Epoch 5/100:  98%|â–ˆâ–ˆâ–ˆâ–ˆâ–ˆâ–ˆâ–ˆâ–ˆâ–ˆâ–Š| 412/421 [00:02<00:00, 211.45it/s, acc=94.53%, loss=0.0995]
                                                                                           

Evaluating BP Model:   0%|          | 0/24 [00:00<?, ?it/s]
Evaluating BP Model:  38%|â–ˆâ–ˆâ–ˆâ–Š      | 9/24 [00:00<00:00, 78.50it/s]
Evaluating BP Model:  88%|â–ˆâ–ˆâ–ˆâ–ˆâ–ˆâ–ˆâ–ˆâ–ˆâ–Š | 21/24 [00:00<00:00, 96.61it/s]
                                                                    

BP Epoch 6/100:   0%|          | 0/421 [00:00<?, ?it/s]
BP Epoch 6/100:   4%|â–Ž         | 15/421 [00:00<00:02, 147.60it/s]
BP Epoch 6/100:   9%|â–‰         | 37/421 [00:00<00:02, 189.18it/s]
BP Epoch 6/100:  14%|â–ˆâ–        | 59/421 [00:00<00:01, 197.45it/s]
BP Epoch 6/100:  19%|â–ˆâ–‰        | 81/421 [00:00<00:01, 205.75it/s]
BP Epoch 6/100:  19%|â–ˆâ–‰        | 81/421 [00:00<00:01, 205.75it/s, acc=99.22%, loss=0.0412]
BP Epoch 6/100:  24%|â–ˆâ–ˆâ–       | 102/421 [00:00<00:01, 206.80it/s, acc=99.22%, loss=0.0412]
BP Epoch 6/100:  29%|â–ˆâ–ˆâ–‰       | 123/421 [00:00<00:01, 207.76it/s, acc=99.22%, loss=0.0412]
BP Epoch 6/100:  34%|â–ˆâ–ˆâ–ˆâ–      | 145/421 [00:00<00:01, 210.93it/s, acc=99.22%, loss=0.0412]
BP Epoch 6/100:  40%|â–ˆâ–ˆâ–ˆâ–‰      | 167/421 [00:00<00:01, 209.99it/s, acc=99.22%, loss=0.0412]
BP Epoch 6/100:  45%|â–ˆâ–ˆâ–ˆâ–ˆâ–     | 189/421 [00:00<00:01, 211.88it/s, acc=99.22%, loss=0.0412]
BP Epoch 6/100:  45%|â–ˆâ–ˆâ–ˆâ–ˆâ–     | 189/421 [00:00<00:01, 211.88it/s, acc=100.00%, loss=0.0222]
BP Epoch 6/100:  50%|â–ˆâ–ˆâ–ˆâ–ˆâ–ˆ     | 211/421 [00:01<00:01, 209.60it/s, acc=100.00%, loss=0.0222]
BP Epoch 6/100:  55%|â–ˆâ–ˆâ–ˆâ–ˆâ–ˆâ–Œ    | 233/421 [00:01<00:00, 212.35it/s, acc=100.00%, loss=0.0222]
BP Epoch 6/100:  61%|â–ˆâ–ˆâ–ˆâ–ˆâ–ˆâ–ˆ    | 255/421 [00:01<00:00, 209.71it/s, acc=100.00%, loss=0.0222]
BP Epoch 6/100:  66%|â–ˆâ–ˆâ–ˆâ–ˆâ–ˆâ–ˆâ–Œ   | 277/421 [00:01<00:00, 212.56it/s, acc=100.00%, loss=0.0222]
BP Epoch 6/100:  71%|â–ˆâ–ˆâ–ˆâ–ˆâ–ˆâ–ˆâ–ˆ   | 299/421 [00:01<00:00, 210.40it/s, acc=100.00%, loss=0.0222]
BP Epoch 6/100:  71%|â–ˆâ–ˆâ–ˆâ–ˆâ–ˆâ–ˆâ–ˆ   | 299/421 [00:01<00:00, 210.40it/s, acc=96.09%, loss=0.1465] 
BP Epoch 6/100:  76%|â–ˆâ–ˆâ–ˆâ–ˆâ–ˆâ–ˆâ–ˆâ–Œ  | 321/421 [00:01<00:00, 210.05it/s, acc=96.09%, loss=0.1465]
BP Epoch 6/100:  81%|â–ˆâ–ˆâ–ˆâ–ˆâ–ˆâ–ˆâ–ˆâ–ˆâ– | 343/421 [00:01<00:00, 210.80it/s, acc=96.09%, loss=0.1465]
BP Epoch 6/100:  87%|â–ˆâ–ˆâ–ˆâ–ˆâ–ˆâ–ˆâ–ˆâ–ˆâ–‹ | 365/421 [00:01<00:00, 208.65it/s, acc=96.09%, loss=0.1465]
BP Epoch 6/100:  92%|â–ˆâ–ˆâ–ˆâ–ˆâ–ˆâ–ˆâ–ˆâ–ˆâ–ˆâ–| 387/421 [00:01<00:00, 210.29it/s, acc=96.09%, loss=0.1465]
BP Epoch 6/100:  92%|â–ˆâ–ˆâ–ˆâ–ˆâ–ˆâ–ˆâ–ˆâ–ˆâ–ˆâ–| 387/421 [00:01<00:00, 210.29it/s, acc=97.66%, loss=0.0508]
BP Epoch 6/100:  97%|â–ˆâ–ˆâ–ˆâ–ˆâ–ˆâ–ˆâ–ˆâ–ˆâ–ˆâ–‹| 409/421 [00:01<00:00, 209.73it/s, acc=97.66%, loss=0.0508]
BP Epoch 6/100:  97%|â–ˆâ–ˆâ–ˆâ–ˆâ–ˆâ–ˆâ–ˆâ–ˆâ–ˆâ–‹| 409/421 [00:02<00:00, 209.73it/s, acc=96.88%, loss=0.0712]
                                                                                           

Evaluating BP Model:   0%|          | 0/24 [00:00<?, ?it/s]
Evaluating BP Model:  38%|â–ˆâ–ˆâ–ˆâ–Š      | 9/24 [00:00<00:00, 78.87it/s]
Evaluating BP Model:  88%|â–ˆâ–ˆâ–ˆâ–ˆâ–ˆâ–ˆâ–ˆâ–ˆâ–Š | 21/24 [00:00<00:00, 96.67it/s]
                                                                    

BP Epoch 7/100:   0%|          | 0/421 [00:00<?, ?it/s]
BP Epoch 7/100:   4%|â–         | 17/421 [00:00<00:02, 155.98it/s]
BP Epoch 7/100:   9%|â–‰         | 39/421 [00:00<00:02, 189.94it/s]
BP Epoch 7/100:  14%|â–ˆâ–        | 61/421 [00:00<00:01, 197.29it/s]
BP Epoch 7/100:  20%|â–ˆâ–‰        | 83/421 [00:00<00:01, 204.93it/s][codecarbon INFO @ 05:36:14] Energy consumed for RAM : 0.000164 kWh. RAM Power : 38.0 W

BP Epoch 7/100:  20%|â–ˆâ–‰        | 83/421 [00:00<00:01, 204.93it/s, acc=97.66%, loss=0.0744]
BP Epoch 7/100:  25%|â–ˆâ–ˆâ–       | 105/421 [00:00<00:01, 205.38it/s, acc=97.66%, loss=0.0744]
BP Epoch 7/100:  30%|â–ˆâ–ˆâ–ˆ       | 127/421 [00:00<00:01, 209.70it/s, acc=97.66%, loss=0.0744]
BP Epoch 7/100:  35%|â–ˆâ–ˆâ–ˆâ–Œ      | 149/421 [00:00<00:01, 207.97it/s, acc=97.66%, loss=0.0744]
BP Epoch 7/100:  41%|â–ˆâ–ˆâ–ˆâ–ˆ      | 171/421 [00:00<00:01, 211.27it/s, acc=97.66%, loss=0.0744]
BP Epoch 7/100:  46%|â–ˆâ–ˆâ–ˆâ–ˆâ–Œ     | 193/421 [00:00<00:01, 209.28it/s, acc=97.66%, loss=0.0744][codecarbon INFO @ 05:36:15] Delta energy consumed for CPU with cpu_load : 0.000256 kWh, power : 59.370000000000005 W
[codecarbon INFO @ 05:36:15] Energy consumed for All CPU : 0.000256 kWh
[codecarbon INFO @ 05:36:15] Energy consumed for all GPUs : 0.000375 kWh. Total GPU Power : 84.37905573098469 W
[codecarbon INFO @ 05:36:15] 0.000795 kWh of electricity used since the beginning.

BP Epoch 7/100:  46%|â–ˆâ–ˆâ–ˆâ–ˆâ–Œ     | 193/421 [00:00<00:01, 209.28it/s, acc=96.88%, loss=0.0683]
BP Epoch 7/100:  51%|â–ˆâ–ˆâ–ˆâ–ˆâ–ˆ     | 215/421 [00:01<00:00, 211.87it/s, acc=96.88%, loss=0.0683]
BP Epoch 7/100:  56%|â–ˆâ–ˆâ–ˆâ–ˆâ–ˆâ–‹    | 237/421 [00:01<00:00, 209.53it/s, acc=96.88%, loss=0.0683]
BP Epoch 7/100:  62%|â–ˆâ–ˆâ–ˆâ–ˆâ–ˆâ–ˆâ–   | 259/421 [00:01<00:00, 211.93it/s, acc=96.88%, loss=0.0683]
BP Epoch 7/100:  67%|â–ˆâ–ˆâ–ˆâ–ˆâ–ˆâ–ˆâ–‹   | 281/421 [00:01<00:00, 209.50it/s, acc=96.88%, loss=0.0683]
BP Epoch 7/100:  67%|â–ˆâ–ˆâ–ˆâ–ˆâ–ˆâ–ˆâ–‹   | 281/421 [00:01<00:00, 209.50it/s, acc=98.44%, loss=0.0230]
BP Epoch 7/100:  72%|â–ˆâ–ˆâ–ˆâ–ˆâ–ˆâ–ˆâ–ˆâ–  | 303/421 [00:01<00:00, 211.99it/s, acc=98.44%, loss=0.0230]
BP Epoch 7/100:  77%|â–ˆâ–ˆâ–ˆâ–ˆâ–ˆâ–ˆâ–ˆâ–‹  | 325/421 [00:01<00:00, 209.86it/s, acc=98.44%, loss=0.0230]
BP Epoch 7/100:  82%|â–ˆâ–ˆâ–ˆâ–ˆâ–ˆâ–ˆâ–ˆâ–ˆâ– | 347/421 [00:01<00:00, 211.92it/s, acc=98.44%, loss=0.0230]
BP Epoch 7/100:  88%|â–ˆâ–ˆâ–ˆâ–ˆâ–ˆâ–ˆâ–ˆâ–ˆâ–Š | 369/421 [00:01<00:00, 209.73it/s, acc=98.44%, loss=0.0230]
BP Epoch 7/100:  93%|â–ˆâ–ˆâ–ˆâ–ˆâ–ˆâ–ˆâ–ˆâ–ˆâ–ˆâ–Ž| 391/421 [00:01<00:00, 212.67it/s, acc=98.44%, loss=0.0230]
BP Epoch 7/100:  93%|â–ˆâ–ˆâ–ˆâ–ˆâ–ˆâ–ˆâ–ˆâ–ˆâ–ˆâ–Ž| 391/421 [00:01<00:00, 212.67it/s, acc=98.44%, loss=0.0415]
BP Epoch 7/100:  98%|â–ˆâ–ˆâ–ˆâ–ˆâ–ˆâ–ˆâ–ˆâ–ˆâ–ˆâ–Š| 413/421 [00:01<00:00, 209.72it/s, acc=98.44%, loss=0.0415]
BP Epoch 7/100:  98%|â–ˆâ–ˆâ–ˆâ–ˆâ–ˆâ–ˆâ–ˆâ–ˆâ–ˆâ–Š| 413/421 [00:02<00:00, 209.72it/s, acc=96.88%, loss=0.0940]
                                                                                           

Evaluating BP Model:   0%|          | 0/24 [00:00<?, ?it/s]
Evaluating BP Model:  38%|â–ˆâ–ˆâ–ˆâ–Š      | 9/24 [00:00<00:00, 78.43it/s]
Evaluating BP Model:  88%|â–ˆâ–ˆâ–ˆâ–ˆâ–ˆâ–ˆâ–ˆâ–ˆâ–Š | 21/24 [00:00<00:00, 96.79it/s]
                                                                    

BP Epoch 8/100:   0%|          | 0/421 [00:00<?, ?it/s]
BP Epoch 8/100:   4%|â–         | 17/421 [00:00<00:02, 156.96it/s]
BP Epoch 8/100:   9%|â–‰         | 39/421 [00:00<00:01, 192.69it/s]
BP Epoch 8/100:  14%|â–ˆâ–        | 61/421 [00:00<00:01, 199.67it/s]
BP Epoch 8/100:  20%|â–ˆâ–‰        | 83/421 [00:00<00:01, 206.68it/s]
BP Epoch 8/100:  20%|â–ˆâ–‰        | 83/421 [00:00<00:01, 206.68it/s, acc=100.00%, loss=0.0089]
BP Epoch 8/100:  25%|â–ˆâ–ˆâ–       | 105/421 [00:00<00:01, 208.13it/s, acc=100.00%, loss=0.0089]
BP Epoch 8/100:  30%|â–ˆâ–ˆâ–ˆ       | 127/421 [00:00<00:01, 209.30it/s, acc=100.00%, loss=0.0089]
BP Epoch 8/100:  35%|â–ˆâ–ˆâ–ˆâ–Œ      | 149/421 [00:00<00:01, 211.52it/s, acc=100.00%, loss=0.0089]
BP Epoch 8/100:  41%|â–ˆâ–ˆâ–ˆâ–ˆ      | 171/421 [00:00<00:01, 210.68it/s, acc=100.00%, loss=0.0089]
BP Epoch 8/100:  46%|â–ˆâ–ˆâ–ˆâ–ˆâ–Œ     | 193/421 [00:00<00:01, 213.06it/s, acc=100.00%, loss=0.0089]
BP Epoch 8/100:  46%|â–ˆâ–ˆâ–ˆâ–ˆâ–Œ     | 193/421 [00:00<00:01, 213.06it/s, acc=99.22%, loss=0.0633] 
BP Epoch 8/100:  51%|â–ˆâ–ˆâ–ˆâ–ˆâ–ˆ     | 215/421 [00:01<00:00, 211.26it/s, acc=99.22%, loss=0.0633]
BP Epoch 8/100:  56%|â–ˆâ–ˆâ–ˆâ–ˆâ–ˆâ–‹    | 237/421 [00:01<00:00, 213.19it/s, acc=99.22%, loss=0.0633]
BP Epoch 8/100:  62%|â–ˆâ–ˆâ–ˆâ–ˆâ–ˆâ–ˆâ–   | 259/421 [00:01<00:00, 211.78it/s, acc=99.22%, loss=0.0633]
BP Epoch 8/100:  67%|â–ˆâ–ˆâ–ˆâ–ˆâ–ˆâ–ˆâ–‹   | 281/421 [00:01<00:00, 213.41it/s, acc=99.22%, loss=0.0633]
BP Epoch 8/100:  67%|â–ˆâ–ˆâ–ˆâ–ˆâ–ˆâ–ˆâ–‹   | 281/421 [00:01<00:00, 213.41it/s, acc=97.66%, loss=0.0957]
BP Epoch 8/100:  72%|â–ˆâ–ˆâ–ˆâ–ˆâ–ˆâ–ˆâ–ˆâ–  | 303/421 [00:01<00:00, 211.75it/s, acc=97.66%, loss=0.0957]
BP Epoch 8/100:  77%|â–ˆâ–ˆâ–ˆâ–ˆâ–ˆâ–ˆâ–ˆâ–‹  | 325/421 [00:01<00:00, 213.72it/s, acc=97.66%, loss=0.0957]
BP Epoch 8/100:  82%|â–ˆâ–ˆâ–ˆâ–ˆâ–ˆâ–ˆâ–ˆâ–ˆâ– | 347/421 [00:01<00:00, 212.35it/s, acc=97.66%, loss=0.0957]
BP Epoch 8/100:  88%|â–ˆâ–ˆâ–ˆâ–ˆâ–ˆâ–ˆâ–ˆâ–ˆâ–Š | 370/421 [00:01<00:00, 216.03it/s, acc=97.66%, loss=0.0957]
BP Epoch 8/100:  93%|â–ˆâ–ˆâ–ˆâ–ˆâ–ˆâ–ˆâ–ˆâ–ˆâ–ˆâ–Ž| 392/421 [00:01<00:00, 213.68it/s, acc=97.66%, loss=0.0957]
BP Epoch 8/100:  93%|â–ˆâ–ˆâ–ˆâ–ˆâ–ˆâ–ˆâ–ˆâ–ˆâ–ˆâ–Ž| 392/421 [00:01<00:00, 213.68it/s, acc=100.00%, loss=0.0143]
BP Epoch 8/100:  98%|â–ˆâ–ˆâ–ˆâ–ˆâ–ˆâ–ˆâ–ˆâ–ˆâ–ˆâ–Š| 414/421 [00:01<00:00, 206.46it/s, acc=100.00%, loss=0.0143]
BP Epoch 8/100:  98%|â–ˆâ–ˆâ–ˆâ–ˆâ–ˆâ–ˆâ–ˆâ–ˆâ–ˆâ–Š| 414/421 [00:02<00:00, 206.46it/s, acc=98.44%, loss=0.0697] 
                                                                                           

Evaluating BP Model:   0%|          | 0/24 [00:00<?, ?it/s]
Evaluating BP Model:  38%|â–ˆâ–ˆâ–ˆâ–Š      | 9/24 [00:00<00:00, 78.53it/s]
Evaluating BP Model:  88%|â–ˆâ–ˆâ–ˆâ–ˆâ–ˆâ–ˆâ–ˆâ–ˆâ–Š | 21/24 [00:00<00:00, 96.29it/s]
                                                                    

BP Epoch 9/100:   0%|          | 0/421 [00:00<?, ?it/s]
BP Epoch 9/100:   4%|â–         | 16/421 [00:00<00:02, 157.45it/s]
BP Epoch 9/100:   9%|â–‰         | 37/421 [00:00<00:02, 184.76it/s]
BP Epoch 9/100:  14%|â–ˆâ–        | 60/421 [00:00<00:01, 203.05it/s]
BP Epoch 9/100:  19%|â–ˆâ–‰        | 81/421 [00:00<00:01, 203.17it/s]
BP Epoch 9/100:  19%|â–ˆâ–‰        | 81/421 [00:00<00:01, 203.17it/s, acc=99.22%, loss=0.0161]
BP Epoch 9/100:  24%|â–ˆâ–ˆâ–       | 103/421 [00:00<00:01, 209.09it/s, acc=99.22%, loss=0.0161]
BP Epoch 9/100:  30%|â–ˆâ–ˆâ–‰       | 125/421 [00:00<00:01, 207.57it/s, acc=99.22%, loss=0.0161]
BP Epoch 9/100:  35%|â–ˆâ–ˆâ–ˆâ–Œ      | 148/421 [00:00<00:01, 213.48it/s, acc=99.22%, loss=0.0161]
BP Epoch 9/100:  40%|â–ˆâ–ˆâ–ˆâ–ˆ      | 170/421 [00:00<00:01, 211.35it/s, acc=99.22%, loss=0.0161]
BP Epoch 9/100:  46%|â–ˆâ–ˆâ–ˆâ–ˆâ–Œ     | 193/421 [00:00<00:01, 210.97it/s, acc=99.22%, loss=0.0161]
BP Epoch 9/100:  46%|â–ˆâ–ˆâ–ˆâ–ˆâ–Œ     | 193/421 [00:00<00:01, 210.97it/s, acc=99.22%, loss=0.0199]
BP Epoch 9/100:  51%|â–ˆâ–ˆâ–ˆâ–ˆâ–ˆâ–    | 216/421 [00:01<00:00, 215.02it/s, acc=99.22%, loss=0.0199]
BP Epoch 9/100:  57%|â–ˆâ–ˆâ–ˆâ–ˆâ–ˆâ–‹    | 238/421 [00:01<00:00, 212.15it/s, acc=99.22%, loss=0.0199]
BP Epoch 9/100:  62%|â–ˆâ–ˆâ–ˆâ–ˆâ–ˆâ–ˆâ–   | 261/421 [00:01<00:00, 211.73it/s, acc=99.22%, loss=0.0199]
BP Epoch 9/100:  67%|â–ˆâ–ˆâ–ˆâ–ˆâ–ˆâ–ˆâ–‹   | 284/421 [00:01<00:00, 215.19it/s, acc=99.22%, loss=0.0199]
BP Epoch 9/100:  67%|â–ˆâ–ˆâ–ˆâ–ˆâ–ˆâ–ˆâ–‹   | 284/421 [00:01<00:00, 215.19it/s, acc=99.22%, loss=0.0238]
BP Epoch 9/100:  73%|â–ˆâ–ˆâ–ˆâ–ˆâ–ˆâ–ˆâ–ˆâ–Ž  | 306/421 [00:01<00:00, 212.43it/s, acc=99.22%, loss=0.0238]
BP Epoch 9/100:  78%|â–ˆâ–ˆâ–ˆâ–ˆâ–ˆâ–ˆâ–ˆâ–Š  | 329/421 [00:01<00:00, 212.41it/s, acc=99.22%, loss=0.0238]
BP Epoch 9/100:  83%|â–ˆâ–ˆâ–ˆâ–ˆâ–ˆâ–ˆâ–ˆâ–ˆâ–Ž | 351/421 [00:01<00:00, 213.91it/s, acc=99.22%, loss=0.0238]
BP Epoch 9/100:  89%|â–ˆâ–ˆâ–ˆâ–ˆâ–ˆâ–ˆâ–ˆâ–ˆâ–Š | 373/421 [00:01<00:00, 212.78it/s, acc=99.22%, loss=0.0238]
BP Epoch 9/100:  94%|â–ˆâ–ˆâ–ˆâ–ˆâ–ˆâ–ˆâ–ˆâ–ˆâ–ˆâ–| 395/421 [00:01<00:00, 213.57it/s, acc=99.22%, loss=0.0238]
BP Epoch 9/100:  94%|â–ˆâ–ˆâ–ˆâ–ˆâ–ˆâ–ˆâ–ˆâ–ˆâ–ˆâ–| 395/421 [00:01<00:00, 213.57it/s, acc=97.66%, loss=0.0592]
BP Epoch 9/100:  99%|â–ˆâ–ˆâ–ˆâ–ˆâ–ˆâ–ˆâ–ˆâ–ˆâ–ˆâ–‰| 417/421 [00:01<00:00, 209.47it/s, acc=97.66%, loss=0.0592]
BP Epoch 9/100:  99%|â–ˆâ–ˆâ–ˆâ–ˆâ–ˆâ–ˆâ–ˆâ–ˆâ–ˆâ–‰| 417/421 [00:02<00:00, 209.47it/s, acc=99.22%, loss=0.0670]
                                                                                           

Evaluating BP Model:   0%|          | 0/24 [00:00<?, ?it/s]
Evaluating BP Model:  38%|â–ˆâ–ˆâ–ˆâ–Š      | 9/24 [00:00<00:00, 77.71it/s]
Evaluating BP Model:  88%|â–ˆâ–ˆâ–ˆâ–ˆâ–ˆâ–ˆâ–ˆâ–ˆâ–Š | 21/24 [00:00<00:00, 96.77it/s]
                                                                    

BP Epoch 10/100:   0%|          | 0/421 [00:00<?, ?it/s]
BP Epoch 10/100:   4%|â–         | 16/421 [00:00<00:02, 158.95it/s]
BP Epoch 10/100:   9%|â–‰         | 37/421 [00:00<00:02, 185.34it/s]
BP Epoch 10/100:  14%|â–ˆâ–        | 60/421 [00:00<00:01, 203.61it/s]
BP Epoch 10/100:  19%|â–ˆâ–‰        | 81/421 [00:00<00:01, 202.96it/s]
BP Epoch 10/100:  19%|â–ˆâ–‰        | 81/421 [00:00<00:01, 202.96it/s, acc=98.44%, loss=0.0357]
BP Epoch 10/100:  24%|â–ˆâ–ˆâ–       | 103/421 [00:00<00:01, 208.89it/s, acc=98.44%, loss=0.0357]
BP Epoch 10/100:  30%|â–ˆâ–ˆâ–‰       | 125/421 [00:00<00:01, 209.12it/s, acc=98.44%, loss=0.0357]
BP Epoch 10/100:  35%|â–ˆâ–ˆâ–ˆâ–Œ      | 148/421 [00:00<00:01, 213.79it/s, acc=98.44%, loss=0.0357]
BP Epoch 10/100:  40%|â–ˆâ–ˆâ–ˆâ–ˆ      | 170/421 [00:00<00:01, 212.59it/s, acc=98.44%, loss=0.0357]
BP Epoch 10/100:  46%|â–ˆâ–ˆâ–ˆâ–ˆâ–Œ     | 193/421 [00:00<00:01, 212.40it/s, acc=98.44%, loss=0.0357]
BP Epoch 10/100:  46%|â–ˆâ–ˆâ–ˆâ–ˆâ–Œ     | 193/421 [00:00<00:01, 212.40it/s, acc=100.00%, loss=0.0100]
BP Epoch 10/100:  51%|â–ˆâ–ˆâ–ˆâ–ˆâ–ˆâ–    | 216/421 [00:01<00:00, 216.66it/s, acc=100.00%, loss=0.0100]
BP Epoch 10/100:  57%|â–ˆâ–ˆâ–ˆâ–ˆâ–ˆâ–‹    | 238/421 [00:01<00:00, 213.73it/s, acc=100.00%, loss=0.0100]
BP Epoch 10/100:  62%|â–ˆâ–ˆâ–ˆâ–ˆâ–ˆâ–ˆâ–   | 261/421 [00:01<00:00, 212.92it/s, acc=100.00%, loss=0.0100]
BP Epoch 10/100:  67%|â–ˆâ–ˆâ–ˆâ–ˆâ–ˆâ–ˆâ–‹   | 284/421 [00:01<00:00, 216.71it/s, acc=100.00%, loss=0.0100]
BP Epoch 10/100:  67%|â–ˆâ–ˆâ–ˆâ–ˆâ–ˆâ–ˆâ–‹   | 284/421 [00:01<00:00, 216.71it/s, acc=98.44%, loss=0.0371] 
BP Epoch 10/100:  73%|â–ˆâ–ˆâ–ˆâ–ˆâ–ˆâ–ˆâ–ˆâ–Ž  | 306/421 [00:01<00:00, 213.66it/s, acc=98.44%, loss=0.0371]
BP Epoch 10/100:  78%|â–ˆâ–ˆâ–ˆâ–ˆâ–ˆâ–ˆâ–ˆâ–Š  | 329/421 [00:01<00:00, 212.62it/s, acc=98.44%, loss=0.0371]
BP Epoch 10/100:  84%|â–ˆâ–ˆâ–ˆâ–ˆâ–ˆâ–ˆâ–ˆâ–ˆâ–Ž | 352/421 [00:01<00:00, 216.55it/s, acc=98.44%, loss=0.0371]
BP Epoch 10/100:  89%|â–ˆâ–ˆâ–ˆâ–ˆâ–ˆâ–ˆâ–ˆâ–ˆâ–‰ | 374/421 [00:01<00:00, 214.04it/s, acc=98.44%, loss=0.0371]
BP Epoch 10/100:  94%|â–ˆâ–ˆâ–ˆâ–ˆâ–ˆâ–ˆâ–ˆâ–ˆâ–ˆâ–| 397/421 [00:01<00:00, 212.84it/s, acc=98.44%, loss=0.0371]
BP Epoch 10/100:  94%|â–ˆâ–ˆâ–ˆâ–ˆâ–ˆâ–ˆâ–ˆâ–ˆâ–ˆâ–| 397/421 [00:01<00:00, 212.84it/s, acc=97.66%, loss=0.1082]
BP Epoch 10/100: 100%|â–ˆâ–ˆâ–ˆâ–ˆâ–ˆâ–ˆâ–ˆâ–ˆâ–ˆâ–‰| 419/421 [00:01<00:00, 209.91it/s, acc=97.66%, loss=0.1082]
BP Epoch 10/100: 100%|â–ˆâ–ˆâ–ˆâ–ˆâ–ˆâ–ˆâ–ˆâ–ˆâ–ˆâ–‰| 419/421 [00:01<00:00, 209.91it/s, acc=98.44%, loss=0.0352]
                                                                                            

Evaluating BP Model:   0%|          | 0/24 [00:00<?, ?it/s]
Evaluating BP Model:  38%|â–ˆâ–ˆâ–ˆâ–Š      | 9/24 [00:00<00:00, 78.20it/s]
Evaluating BP Model:  88%|â–ˆâ–ˆâ–ˆâ–ˆâ–ˆâ–ˆâ–ˆâ–ˆâ–Š | 21/24 [00:00<00:00, 96.29it/s]
                                                                    

BP Epoch 11/100:   0%|          | 0/421 [00:00<?, ?it/s]
BP Epoch 11/100:   4%|â–         | 17/421 [00:00<00:02, 158.58it/s]
BP Epoch 11/100:   9%|â–‰         | 39/421 [00:00<00:01, 191.53it/s]
BP Epoch 11/100:  14%|â–ˆâ–        | 61/421 [00:00<00:01, 199.19it/s]
BP Epoch 11/100:  20%|â–ˆâ–‰        | 83/421 [00:00<00:01, 205.76it/s]
BP Epoch 11/100:  20%|â–ˆâ–‰        | 83/421 [00:00<00:01, 205.76it/s, acc=100.00%, loss=0.0013]
BP Epoch 11/100:  25%|â–ˆâ–ˆâ–       | 105/421 [00:00<00:01, 207.65it/s, acc=100.00%, loss=0.0013]
BP Epoch 11/100:  30%|â–ˆâ–ˆâ–ˆ       | 127/421 [00:00<00:01, 210.73it/s, acc=100.00%, loss=0.0013]
BP Epoch 11/100:  35%|â–ˆâ–ˆâ–ˆâ–Œ      | 149/421 [00:00<00:01, 210.72it/s, acc=100.00%, loss=0.0013]
BP Epoch 11/100:  41%|â–ˆâ–ˆâ–ˆâ–ˆ      | 171/421 [00:00<00:01, 211.25it/s, acc=100.00%, loss=0.0013]
BP Epoch 11/100:  46%|â–ˆâ–ˆâ–ˆâ–ˆâ–Œ     | 193/421 [00:00<00:01, 211.47it/s, acc=100.00%, loss=0.0013]
BP Epoch 11/100:  46%|â–ˆâ–ˆâ–ˆâ–ˆâ–Œ     | 193/421 [00:00<00:01, 211.47it/s, acc=98.44%, loss=0.0573] 
BP Epoch 11/100:  51%|â–ˆâ–ˆâ–ˆâ–ˆâ–ˆ     | 215/421 [00:01<00:00, 211.94it/s, acc=98.44%, loss=0.0573]
BP Epoch 11/100:  56%|â–ˆâ–ˆâ–ˆâ–ˆâ–ˆâ–‹    | 237/421 [00:01<00:00, 210.08it/s, acc=98.44%, loss=0.0573]
BP Epoch 11/100:  62%|â–ˆâ–ˆâ–ˆâ–ˆâ–ˆâ–ˆâ–   | 260/421 [00:01<00:00, 211.60it/s, acc=98.44%, loss=0.0573]
BP Epoch 11/100:  67%|â–ˆâ–ˆâ–ˆâ–ˆâ–ˆâ–ˆâ–‹   | 282/421 [00:01<00:00, 212.44it/s, acc=98.44%, loss=0.0573]
BP Epoch 11/100:  67%|â–ˆâ–ˆâ–ˆâ–ˆâ–ˆâ–ˆâ–‹   | 282/421 [00:01<00:00, 212.44it/s, acc=100.00%, loss=0.0089]
BP Epoch 11/100:  72%|â–ˆâ–ˆâ–ˆâ–ˆâ–ˆâ–ˆâ–ˆâ–  | 304/421 [00:01<00:00, 211.95it/s, acc=100.00%, loss=0.0089]
BP Epoch 11/100:  77%|â–ˆâ–ˆâ–ˆâ–ˆâ–ˆâ–ˆâ–ˆâ–‹  | 326/421 [00:01<00:00, 211.56it/s, acc=100.00%, loss=0.0089]
BP Epoch 11/100:  83%|â–ˆâ–ˆâ–ˆâ–ˆâ–ˆâ–ˆâ–ˆâ–ˆâ–Ž | 348/421 [00:01<00:00, 210.26it/s, acc=100.00%, loss=0.0089]
BP Epoch 11/100:  88%|â–ˆâ–ˆâ–ˆâ–ˆâ–ˆâ–ˆâ–ˆâ–ˆâ–Š | 370/421 [00:01<00:00, 212.01it/s, acc=100.00%, loss=0.0089]
BP Epoch 11/100:  93%|â–ˆâ–ˆâ–ˆâ–ˆâ–ˆâ–ˆâ–ˆâ–ˆâ–ˆâ–Ž| 392/421 [00:01<00:00, 211.28it/s, acc=100.00%, loss=0.0089]
BP Epoch 11/100:  93%|â–ˆâ–ˆâ–ˆâ–ˆâ–ˆâ–ˆâ–ˆâ–ˆâ–ˆâ–Ž| 392/421 [00:01<00:00, 211.28it/s, acc=97.66%, loss=0.0688] 
BP Epoch 11/100:  98%|â–ˆâ–ˆâ–ˆâ–ˆâ–ˆâ–ˆâ–ˆâ–ˆâ–ˆâ–Š| 414/421 [00:01<00:00, 208.32it/s, acc=97.66%, loss=0.0688]
BP Epoch 11/100:  98%|â–ˆâ–ˆâ–ˆâ–ˆâ–ˆâ–ˆâ–ˆâ–ˆâ–ˆâ–Š| 414/421 [00:02<00:00, 208.32it/s, acc=99.22%, loss=0.0367]
                                                                                            

Evaluating BP Model:   0%|          | 0/24 [00:00<?, ?it/s]
Evaluating BP Model:  38%|â–ˆâ–ˆâ–ˆâ–Š      | 9/24 [00:00<00:00, 77.90it/s]
Evaluating BP Model:  88%|â–ˆâ–ˆâ–ˆâ–ˆâ–ˆâ–ˆâ–ˆâ–ˆâ–Š | 21/24 [00:00<00:00, 96.38it/s]
                                                                    

BP Epoch 12/100:   0%|          | 0/421 [00:00<?, ?it/s]
BP Epoch 12/100:   4%|â–         | 17/421 [00:00<00:02, 156.52it/s]
BP Epoch 12/100:  10%|â–‰         | 40/421 [00:00<00:01, 195.24it/s]
BP Epoch 12/100:  14%|â–ˆâ–        | 61/421 [00:00<00:01, 198.07it/s]
BP Epoch 12/100:  20%|â–ˆâ–‰        | 83/421 [00:00<00:01, 206.07it/s]
BP Epoch 12/100:  20%|â–ˆâ–‰        | 83/421 [00:00<00:01, 206.07it/s, acc=100.00%, loss=0.0047]
BP Epoch 12/100:  25%|â–ˆâ–ˆâ–       | 105/421 [00:00<00:01, 205.47it/s, acc=100.00%, loss=0.0047]
BP Epoch 12/100:  30%|â–ˆâ–ˆâ–ˆ       | 127/421 [00:00<00:01, 210.12it/s, acc=100.00%, loss=0.0047]
BP Epoch 12/100:  35%|â–ˆâ–ˆâ–ˆâ–Œ      | 149/421 [00:00<00:01, 208.31it/s, acc=100.00%, loss=0.0047]
BP Epoch 12/100:  41%|â–ˆâ–ˆâ–ˆâ–ˆ      | 171/421 [00:00<00:01, 211.34it/s, acc=100.00%, loss=0.0047]
BP Epoch 12/100:  46%|â–ˆâ–ˆâ–ˆâ–ˆâ–Œ     | 193/421 [00:00<00:01, 207.88it/s, acc=100.00%, loss=0.0047]
BP Epoch 12/100:  46%|â–ˆâ–ˆâ–ˆâ–ˆâ–Œ     | 193/421 [00:00<00:01, 207.88it/s, acc=99.22%, loss=0.0216] 
BP Epoch 12/100:  51%|â–ˆâ–ˆâ–ˆâ–ˆâ–ˆ     | 215/421 [00:01<00:00, 211.07it/s, acc=99.22%, loss=0.0216]
BP Epoch 12/100:  56%|â–ˆâ–ˆâ–ˆâ–ˆâ–ˆâ–‹    | 237/421 [00:01<00:00, 209.01it/s, acc=99.22%, loss=0.0216]
BP Epoch 12/100:  62%|â–ˆâ–ˆâ–ˆâ–ˆâ–ˆâ–ˆâ–   | 259/421 [00:01<00:00, 211.75it/s, acc=99.22%, loss=0.0216]
BP Epoch 12/100:  67%|â–ˆâ–ˆâ–ˆâ–ˆâ–ˆâ–ˆâ–‹   | 281/421 [00:01<00:00, 209.29it/s, acc=99.22%, loss=0.0216]
BP Epoch 12/100:  67%|â–ˆâ–ˆâ–ˆâ–ˆâ–ˆâ–ˆâ–‹   | 281/421 [00:01<00:00, 209.29it/s, acc=98.44%, loss=0.0626]
BP Epoch 12/100:  72%|â–ˆâ–ˆâ–ˆâ–ˆâ–ˆâ–ˆâ–ˆâ–  | 303/421 [00:01<00:00, 212.13it/s, acc=98.44%, loss=0.0626]
BP Epoch 12/100:  77%|â–ˆâ–ˆâ–ˆâ–ˆâ–ˆâ–ˆâ–ˆâ–‹  | 325/421 [00:01<00:00, 209.78it/s, acc=98.44%, loss=0.0626]
BP Epoch 12/100:  82%|â–ˆâ–ˆâ–ˆâ–ˆâ–ˆâ–ˆâ–ˆâ–ˆâ– | 347/421 [00:01<00:00, 212.42it/s, acc=98.44%, loss=0.0626]
BP Epoch 12/100:  88%|â–ˆâ–ˆâ–ˆâ–ˆâ–ˆâ–ˆâ–ˆâ–ˆâ–Š | 369/421 [00:01<00:00, 210.01it/s, acc=98.44%, loss=0.0626]
BP Epoch 12/100:  93%|â–ˆâ–ˆâ–ˆâ–ˆâ–ˆâ–ˆâ–ˆâ–ˆâ–ˆâ–Ž| 391/421 [00:01<00:00, 212.63it/s, acc=98.44%, loss=0.0626]
BP Epoch 12/100:  93%|â–ˆâ–ˆâ–ˆâ–ˆâ–ˆâ–ˆâ–ˆâ–ˆâ–ˆâ–Ž| 391/421 [00:01<00:00, 212.63it/s, acc=100.00%, loss=0.0101]
BP Epoch 12/100:  98%|â–ˆâ–ˆâ–ˆâ–ˆâ–ˆâ–ˆâ–ˆâ–ˆâ–ˆâ–Š| 413/421 [00:01<00:00, 210.41it/s, acc=100.00%, loss=0.0101]
BP Epoch 12/100:  98%|â–ˆâ–ˆâ–ˆâ–ˆâ–ˆâ–ˆâ–ˆâ–ˆâ–ˆâ–Š| 413/421 [00:02<00:00, 210.41it/s, acc=98.44%, loss=0.0260] 
                                                                                            

Evaluating BP Model:   0%|          | 0/24 [00:00<?, ?it/s]
Evaluating BP Model:  38%|â–ˆâ–ˆâ–ˆâ–Š      | 9/24 [00:00<00:00, 76.71it/s]
Evaluating BP Model:  88%|â–ˆâ–ˆâ–ˆâ–ˆâ–ˆâ–ˆâ–ˆâ–ˆâ–Š | 21/24 [00:00<00:00, 95.34it/s]
                                                                    

BP Epoch 13/100:   0%|          | 0/421 [00:00<?, ?it/s]
BP Epoch 13/100:   4%|â–         | 17/421 [00:00<00:02, 154.87it/s]
BP Epoch 13/100:  10%|â–‰         | 40/421 [00:00<00:01, 194.28it/s]
BP Epoch 13/100:  14%|â–ˆâ–        | 61/421 [00:00<00:01, 196.84it/s]
BP Epoch 13/100:  20%|â–ˆâ–‰        | 84/421 [00:00<00:01, 207.38it/s]
BP Epoch 13/100:  20%|â–ˆâ–‰        | 84/421 [00:00<00:01, 207.38it/s, acc=100.00%, loss=0.0093]
BP Epoch 13/100:  25%|â–ˆâ–ˆâ–       | 105/421 [00:00<00:01, 205.24it/s, acc=100.00%, loss=0.0093]
BP Epoch 13/100:  30%|â–ˆâ–ˆâ–ˆ       | 127/421 [00:00<00:01, 210.07it/s, acc=100.00%, loss=0.0093]
BP Epoch 13/100:  35%|â–ˆâ–ˆâ–ˆâ–Œ      | 149/421 [00:00<00:01, 208.03it/s, acc=100.00%, loss=0.0093]
BP Epoch 13/100:  41%|â–ˆâ–ˆâ–ˆâ–ˆ      | 171/421 [00:00<00:01, 211.21it/s, acc=100.00%, loss=0.0093]
BP Epoch 13/100:  46%|â–ˆâ–ˆâ–ˆâ–ˆâ–Œ     | 193/421 [00:00<00:01, 209.18it/s, acc=100.00%, loss=0.0093]
BP Epoch 13/100:  46%|â–ˆâ–ˆâ–ˆâ–ˆâ–Œ     | 193/421 [00:00<00:01, 209.18it/s, acc=100.00%, loss=0.0124]
BP Epoch 13/100:  51%|â–ˆâ–ˆâ–ˆâ–ˆâ–ˆ     | 215/421 [00:01<00:00, 212.09it/s, acc=100.00%, loss=0.0124]
BP Epoch 13/100:  56%|â–ˆâ–ˆâ–ˆâ–ˆâ–ˆâ–‹    | 237/421 [00:01<00:00, 210.14it/s, acc=100.00%, loss=0.0124]
BP Epoch 13/100:  62%|â–ˆâ–ˆâ–ˆâ–ˆâ–ˆâ–ˆâ–   | 259/421 [00:01<00:00, 212.35it/s, acc=100.00%, loss=0.0124]
BP Epoch 13/100:  67%|â–ˆâ–ˆâ–ˆâ–ˆâ–ˆâ–ˆâ–‹   | 281/421 [00:01<00:00, 209.29it/s, acc=100.00%, loss=0.0124]
BP Epoch 13/100:  67%|â–ˆâ–ˆâ–ˆâ–ˆâ–ˆâ–ˆâ–‹   | 281/421 [00:01<00:00, 209.29it/s, acc=97.66%, loss=0.0353] 
BP Epoch 13/100:  72%|â–ˆâ–ˆâ–ˆâ–ˆâ–ˆâ–ˆâ–ˆâ–  | 303/421 [00:01<00:00, 211.80it/s, acc=97.66%, loss=0.0353]
BP Epoch 13/100:  77%|â–ˆâ–ˆâ–ˆâ–ˆâ–ˆâ–ˆâ–ˆâ–‹  | 325/421 [00:01<00:00, 209.53it/s, acc=97.66%, loss=0.0353]
BP Epoch 13/100:  82%|â–ˆâ–ˆâ–ˆâ–ˆâ–ˆâ–ˆâ–ˆâ–ˆâ– | 347/421 [00:01<00:00, 212.01it/s, acc=97.66%, loss=0.0353]
BP Epoch 13/100:  88%|â–ˆâ–ˆâ–ˆâ–ˆâ–ˆâ–ˆâ–ˆâ–ˆâ–Š | 369/421 [00:01<00:00, 209.57it/s, acc=97.66%, loss=0.0353]
BP Epoch 13/100:  93%|â–ˆâ–ˆâ–ˆâ–ˆâ–ˆâ–ˆâ–ˆâ–ˆâ–ˆâ–Ž| 391/421 [00:01<00:00, 211.48it/s, acc=97.66%, loss=0.0353][codecarbon INFO @ 05:36:29] Energy consumed for RAM : 0.000317 kWh. RAM Power : 38.0 W

BP Epoch 13/100:  93%|â–ˆâ–ˆâ–ˆâ–ˆâ–ˆâ–ˆâ–ˆâ–ˆâ–ˆâ–Ž| 391/421 [00:01<00:00, 211.48it/s, acc=100.00%, loss=0.0086]
BP Epoch 13/100:  98%|â–ˆâ–ˆâ–ˆâ–ˆâ–ˆâ–ˆâ–ˆâ–ˆâ–ˆâ–Š| 413/421 [00:01<00:00, 209.78it/s, acc=100.00%, loss=0.0086]
BP Epoch 13/100:  98%|â–ˆâ–ˆâ–ˆâ–ˆâ–ˆâ–ˆâ–ˆâ–ˆâ–ˆâ–Š| 413/421 [00:02<00:00, 209.78it/s, acc=100.00%, loss=0.0085]
                                                                                             

Evaluating BP Model:   0%|          | 0/24 [00:00<?, ?it/s]
Evaluating BP Model:  38%|â–ˆâ–ˆâ–ˆâ–Š      | 9/24 [00:00<00:00, 76.67it/s]
Evaluating BP Model:  88%|â–ˆâ–ˆâ–ˆâ–ˆâ–ˆâ–ˆâ–ˆâ–ˆâ–Š | 21/24 [00:00<00:00, 96.14it/s]
                                                                    

BP Epoch 14/100:   0%|          | 0/421 [00:00<?, ?it/s]
BP Epoch 14/100:   4%|â–         | 17/421 [00:00<00:02, 156.15it/s][codecarbon INFO @ 05:36:30] Delta energy consumed for CPU with cpu_load : 0.000223 kWh, power : 55.434374999999996 W
[codecarbon INFO @ 05:36:30] Energy consumed for All CPU : 0.000479 kWh
[codecarbon INFO @ 05:36:30] Energy consumed for all GPUs : 0.000749 kWh. Total GPU Power : 89.81631202557082 W
[codecarbon INFO @ 05:36:30] 0.001545 kWh of electricity used since the beginning.

BP Epoch 14/100:   9%|â–‰         | 39/421 [00:00<00:01, 191.35it/s]
BP Epoch 14/100:  14%|â–ˆâ–        | 61/421 [00:00<00:01, 198.09it/s]
BP Epoch 14/100:  20%|â–ˆâ–‰        | 83/421 [00:00<00:01, 205.84it/s]
BP Epoch 14/100:  20%|â–ˆâ–‰        | 83/421 [00:00<00:01, 205.84it/s, acc=100.00%, loss=0.0060]
BP Epoch 14/100:  25%|â–ˆâ–ˆâ–       | 105/421 [00:00<00:01, 205.72it/s, acc=100.00%, loss=0.0060]
BP Epoch 14/100:  30%|â–ˆâ–ˆâ–ˆ       | 127/421 [00:00<00:01, 209.64it/s, acc=100.00%, loss=0.0060]
BP Epoch 14/100:  35%|â–ˆâ–ˆâ–ˆâ–Œ      | 149/421 [00:00<00:01, 208.61it/s, acc=100.00%, loss=0.0060]
BP Epoch 14/100:  41%|â–ˆâ–ˆâ–ˆâ–ˆ      | 171/421 [00:00<00:01, 211.72it/s, acc=100.00%, loss=0.0060]
BP Epoch 14/100:  46%|â–ˆâ–ˆâ–ˆâ–ˆâ–Œ     | 193/421 [00:00<00:01, 209.86it/s, acc=100.00%, loss=0.0060]
BP Epoch 14/100:  46%|â–ˆâ–ˆâ–ˆâ–ˆâ–Œ     | 193/421 [00:00<00:01, 209.86it/s, acc=99.22%, loss=0.0235] 
BP Epoch 14/100:  51%|â–ˆâ–ˆâ–ˆâ–ˆâ–ˆ     | 215/421 [00:01<00:00, 212.27it/s, acc=99.22%, loss=0.0235]
BP Epoch 14/100:  56%|â–ˆâ–ˆâ–ˆâ–ˆâ–ˆâ–‹    | 237/421 [00:01<00:00, 210.05it/s, acc=99.22%, loss=0.0235]
BP Epoch 14/100:  62%|â–ˆâ–ˆâ–ˆâ–ˆâ–ˆâ–ˆâ–   | 259/421 [00:01<00:00, 212.61it/s, acc=99.22%, loss=0.0235]
BP Epoch 14/100:  67%|â–ˆâ–ˆâ–ˆâ–ˆâ–ˆâ–ˆâ–‹   | 281/421 [00:01<00:00, 210.26it/s, acc=99.22%, loss=0.0235]
BP Epoch 14/100:  67%|â–ˆâ–ˆâ–ˆâ–ˆâ–ˆâ–ˆâ–‹   | 281/421 [00:01<00:00, 210.26it/s, acc=98.44%, loss=0.0145]
BP Epoch 14/100:  72%|â–ˆâ–ˆâ–ˆâ–ˆâ–ˆâ–ˆâ–ˆâ–  | 303/421 [00:01<00:00, 212.38it/s, acc=98.44%, loss=0.0145]
BP Epoch 14/100:  77%|â–ˆâ–ˆâ–ˆâ–ˆâ–ˆâ–ˆâ–ˆâ–‹  | 325/421 [00:01<00:00, 210.28it/s, acc=98.44%, loss=0.0145]
BP Epoch 14/100:  82%|â–ˆâ–ˆâ–ˆâ–ˆâ–ˆâ–ˆâ–ˆâ–ˆâ– | 347/421 [00:01<00:00, 212.80it/s, acc=98.44%, loss=0.0145]
BP Epoch 14/100:  88%|â–ˆâ–ˆâ–ˆâ–ˆâ–ˆâ–ˆâ–ˆâ–ˆâ–Š | 369/421 [00:01<00:00, 210.15it/s, acc=98.44%, loss=0.0145]
BP Epoch 14/100:  93%|â–ˆâ–ˆâ–ˆâ–ˆâ–ˆâ–ˆâ–ˆâ–ˆâ–ˆâ–Ž| 391/421 [00:01<00:00, 212.39it/s, acc=98.44%, loss=0.0145]
BP Epoch 14/100:  93%|â–ˆâ–ˆâ–ˆâ–ˆâ–ˆâ–ˆâ–ˆâ–ˆâ–ˆâ–Ž| 391/421 [00:01<00:00, 212.39it/s, acc=97.66%, loss=0.1084]
BP Epoch 14/100:  98%|â–ˆâ–ˆâ–ˆâ–ˆâ–ˆâ–ˆâ–ˆâ–ˆâ–ˆâ–Š| 413/421 [00:01<00:00, 209.93it/s, acc=97.66%, loss=0.1084]
BP Epoch 14/100:  98%|â–ˆâ–ˆâ–ˆâ–ˆâ–ˆâ–ˆâ–ˆâ–ˆâ–ˆâ–Š| 413/421 [00:02<00:00, 209.93it/s, acc=99.22%, loss=0.0159]
                                                                                            

Evaluating BP Model:   0%|          | 0/24 [00:00<?, ?it/s]
Evaluating BP Model:  38%|â–ˆâ–ˆâ–ˆâ–Š      | 9/24 [00:00<00:00, 76.35it/s]
Evaluating BP Model:  88%|â–ˆâ–ˆâ–ˆâ–ˆâ–ˆâ–ˆâ–ˆâ–ˆâ–Š | 21/24 [00:00<00:00, 95.89it/s]
                                                                    

BP Epoch 15/100:   0%|          | 0/421 [00:00<?, ?it/s]
BP Epoch 15/100:   4%|â–         | 17/421 [00:00<00:02, 157.40it/s]
BP Epoch 15/100:   9%|â–‰         | 39/421 [00:00<00:01, 192.50it/s]
BP Epoch 15/100:  14%|â–ˆâ–        | 61/421 [00:00<00:01, 198.43it/s]
BP Epoch 15/100:  20%|â–ˆâ–‰        | 83/421 [00:00<00:01, 205.89it/s]
BP Epoch 15/100:  20%|â–ˆâ–‰        | 83/421 [00:00<00:01, 205.89it/s, acc=100.00%, loss=0.0025]
BP Epoch 15/100:  25%|â–ˆâ–ˆâ–       | 105/421 [00:00<00:01, 205.26it/s, acc=100.00%, loss=0.0025]
BP Epoch 15/100:  30%|â–ˆâ–ˆâ–ˆ       | 127/421 [00:00<00:01, 209.63it/s, acc=100.00%, loss=0.0025]
BP Epoch 15/100:  35%|â–ˆâ–ˆâ–ˆâ–Œ      | 149/421 [00:00<00:01, 207.32it/s, acc=100.00%, loss=0.0025]
BP Epoch 15/100:  41%|â–ˆâ–ˆâ–ˆâ–ˆ      | 171/421 [00:00<00:01, 210.77it/s, acc=100.00%, loss=0.0025]
BP Epoch 15/100:  46%|â–ˆâ–ˆâ–ˆâ–ˆâ–Œ     | 193/421 [00:00<00:01, 208.61it/s, acc=100.00%, loss=0.0025]
BP Epoch 15/100:  46%|â–ˆâ–ˆâ–ˆâ–ˆâ–Œ     | 193/421 [00:00<00:01, 208.61it/s, acc=96.88%, loss=0.0524] 
BP Epoch 15/100:  51%|â–ˆâ–ˆâ–ˆâ–ˆâ–ˆ     | 215/421 [00:01<00:00, 210.65it/s, acc=96.88%, loss=0.0524]
BP Epoch 15/100:  56%|â–ˆâ–ˆâ–ˆâ–ˆâ–ˆâ–‹    | 237/421 [00:01<00:00, 208.56it/s, acc=96.88%, loss=0.0524]
BP Epoch 15/100:  62%|â–ˆâ–ˆâ–ˆâ–ˆâ–ˆâ–ˆâ–   | 259/421 [00:01<00:00, 211.19it/s, acc=96.88%, loss=0.0524]
BP Epoch 15/100:  67%|â–ˆâ–ˆâ–ˆâ–ˆâ–ˆâ–ˆâ–‹   | 281/421 [00:01<00:00, 208.96it/s, acc=96.88%, loss=0.0524]
BP Epoch 15/100:  67%|â–ˆâ–ˆâ–ˆâ–ˆâ–ˆâ–ˆâ–‹   | 281/421 [00:01<00:00, 208.96it/s, acc=99.22%, loss=0.0156]
BP Epoch 15/100:  72%|â–ˆâ–ˆâ–ˆâ–ˆâ–ˆâ–ˆâ–ˆâ–  | 303/421 [00:01<00:00, 211.39it/s, acc=99.22%, loss=0.0156]
BP Epoch 15/100:  77%|â–ˆâ–ˆâ–ˆâ–ˆâ–ˆâ–ˆâ–ˆâ–‹  | 325/421 [00:01<00:00, 209.12it/s, acc=99.22%, loss=0.0156]
BP Epoch 15/100:  82%|â–ˆâ–ˆâ–ˆâ–ˆâ–ˆâ–ˆâ–ˆâ–ˆâ– | 347/421 [00:01<00:00, 211.95it/s, acc=99.22%, loss=0.0156]
BP Epoch 15/100:  88%|â–ˆâ–ˆâ–ˆâ–ˆâ–ˆâ–ˆâ–ˆâ–ˆâ–Š | 369/421 [00:01<00:00, 209.57it/s, acc=99.22%, loss=0.0156]
BP Epoch 15/100:  93%|â–ˆâ–ˆâ–ˆâ–ˆâ–ˆâ–ˆâ–ˆâ–ˆâ–ˆâ–Ž| 391/421 [00:01<00:00, 212.18it/s, acc=99.22%, loss=0.0156]
BP Epoch 15/100:  93%|â–ˆâ–ˆâ–ˆâ–ˆâ–ˆâ–ˆâ–ˆâ–ˆâ–ˆâ–Ž| 391/421 [00:01<00:00, 212.18it/s, acc=100.00%, loss=0.0122]
BP Epoch 15/100:  98%|â–ˆâ–ˆâ–ˆâ–ˆâ–ˆâ–ˆâ–ˆâ–ˆâ–ˆâ–Š| 413/421 [00:01<00:00, 209.67it/s, acc=100.00%, loss=0.0122]
BP Epoch 15/100:  98%|â–ˆâ–ˆâ–ˆâ–ˆâ–ˆâ–ˆâ–ˆâ–ˆâ–ˆâ–Š| 413/421 [00:02<00:00, 209.67it/s, acc=99.22%, loss=0.0173] 
                                                                                            

Evaluating BP Model:   0%|          | 0/24 [00:00<?, ?it/s]
Evaluating BP Model:  38%|â–ˆâ–ˆâ–ˆâ–Š      | 9/24 [00:00<00:00, 76.61it/s]
Evaluating BP Model:  88%|â–ˆâ–ˆâ–ˆâ–ˆâ–ˆâ–ˆâ–ˆâ–ˆâ–Š | 21/24 [00:00<00:00, 95.66it/s]
                                                                    

Evaluating BP Model:   0%|          | 0/40 [00:00<?, ?it/s]
Evaluating BP Model:   2%|â–Ž         | 1/40 [00:00<00:04,  8.13it/s]
Evaluating BP Model:  32%|â–ˆâ–ˆâ–ˆâ–Ž      | 13/40 [00:00<00:00, 65.69it/s]
Evaluating BP Model:  62%|â–ˆâ–ˆâ–ˆâ–ˆâ–ˆâ–ˆâ–Ž   | 25/40 [00:00<00:00, 85.54it/s]
Evaluating BP Model:  92%|â–ˆâ–ˆâ–ˆâ–ˆâ–ˆâ–ˆâ–ˆâ–ˆâ–ˆâ–Ž| 37/40 [00:00<00:00, 95.62it/s]
                                                                    
[codecarbon INFO @ 05:36:34] Energy consumed for RAM : 0.000368 kWh. RAM Power : 38.0 W
[codecarbon INFO @ 05:36:35] Delta energy consumed for CPU with cpu_load : 0.000093 kWh, power : 68.4 W
[codecarbon INFO @ 05:36:35] Energy consumed for All CPU : 0.000572 kWh
[codecarbon INFO @ 05:36:35] Energy consumed for all GPUs : 0.000876 kWh. Total GPU Power : 84.39634471630335 W
[codecarbon INFO @ 05:36:35] 0.001815 kWh of electricity used since the beginning.
wandb: uploading history steps 75-90, summary, console lines 676-835
wandb:                                                                                
wandb: 
wandb: Run history:
wandb:                  BP_Baseline/Epoch â–â–‚â–‚â–ƒâ–ƒâ–„â–„â–…â–…â–†â–†â–‡â–‡â–ˆ
wandb:     BP_Baseline/Epoch_Duration_Sec â–ˆâ–‚â–â–‚â–‚â–‚â–‚â–â–â–â–â–‚â–‚â–‚
wandb: BP_Baseline/GPU_Mem_Used_MiB_Batch â–â–â–â–â–â–â–â–â–â–â–â–â–â–â–â–â–â–â–â–â–â–â–â–â–â–â–â–â–â–â–â–â–â–â–â–â–â–â–â–
wandb:          BP_Baseline/Learning_Rate â–â–â–â–â–â–â–â–â–â–â–â–â–â–
wandb: BP_Baseline/Peak_GPU_Mem_Epoch_MiB â–â–ˆâ–ˆâ–ˆâ–ˆâ–ˆâ–ˆâ–ˆâ–ˆâ–ˆâ–ˆâ–ˆâ–ˆâ–ˆ
wandb:        BP_Baseline/Train_Acc_Batch â–â–‚â–ƒâ–„â–…â–ƒâ–†â–†â–„â–†â–‡â–‡â–ˆâ–ˆâ–†â–‡â–‡â–‡â–‡â–ˆâ–ˆâ–ˆâ–‡â–ˆâ–‡â–‡â–ˆâ–ˆâ–‡â–ˆâ–ˆâ–ˆâ–ˆâ–‡â–ˆâ–ˆâ–‡â–‡â–ˆâ–ˆ
wandb:        BP_Baseline/Train_Acc_Epoch â–â–„â–…â–†â–‡â–‡â–ˆâ–ˆâ–ˆâ–ˆâ–ˆâ–ˆâ–ˆâ–ˆ
wandb:       BP_Baseline/Train_Loss_Batch â–ˆâ–‡â–†â–…â–†â–ƒâ–„â–…â–…â–…â–„â–‚â–ƒâ–ƒâ–‚â–‚â–‚â–‚â–‚â–ƒâ–‚â–‚â–â–â–â–‚â–‚â–â–‚â–â–‚â–â–‚â–â–â–â–â–‚â–â–
wandb:       BP_Baseline/Train_Loss_Epoch â–ˆâ–…â–„â–ƒâ–‚â–‚â–‚â–â–â–â–â–â–â–
wandb:          BP_Baseline/Val_Acc_Epoch â–â–„â–ƒâ–ˆâ–‡â–ˆâ–„â–‡â–‡â–„â–…â–ˆâ–ƒâ–ˆ
wandb:         BP_Baseline/Val_Loss_Epoch â–‚â–â–‚â–â–â–‚â–„â–ƒâ–„â–…â–…â–…â–ˆâ–†
wandb:         estimated_bp_update_gflops â–
wandb:               estimated_fwd_gflops â–
wandb:                final/Test_Accuracy â–
wandb:                    final/Test_Loss â–
wandb:   final/codecarbon_emissions_gCO2e â–
wandb:   final/estimated_bp_update_gflops â–
wandb:         final/estimated_fwd_gflops â–
wandb:        final/peak_gpu_mem_used_mib â–
wandb:      final/total_gpu_energy_joules â–
wandb:          final/total_gpu_energy_wh â–
wandb:       final/total_run_duration_sec â–
wandb:        final/training_duration_sec â–
wandb:                        global_step â–â–â–â–â–‚â–‚â–‚â–‚â–‚â–ƒâ–ƒâ–ƒâ–ƒâ–ƒâ–„â–„â–„â–„â–„â–„â–…â–…â–…â–†â–†â–†â–†â–†â–‡â–‡â–‡â–‡â–‡â–‡â–‡â–ˆâ–ˆâ–ˆâ–ˆâ–ˆ
wandb:           initial_gpu_mem_used_mib â–
wandb:             model_parameters_total â–
wandb:         model_parameters_trainable â–
wandb: 
wandb: Run summary:
wandb:                  BP_Baseline/Epoch 14
wandb:     BP_Baseline/Epoch_Duration_Sec 2.26679
wandb: BP_Baseline/GPU_Mem_Used_MiB_Batch 1080
wandb:          BP_Baseline/Learning_Rate 0.00056
wandb: BP_Baseline/Peak_GPU_Mem_Epoch_MiB 1080
wandb:        BP_Baseline/Train_Acc_Batch 99.21875
wandb:        BP_Baseline/Train_Acc_Epoch 99.27071
wandb:       BP_Baseline/Train_Loss_Batch 0.01726
wandb:       BP_Baseline/Train_Loss_Epoch 0.02102
wandb:          BP_Baseline/Val_Acc_Epoch 91.53333
wandb:         BP_Baseline/Val_Loss_Epoch 0.43013
wandb:             codecarbon_country_iso POL
wandb:                 codecarbon_enabled True
wandb:                    codecarbon_mode offline
wandb:         estimated_bp_update_gflops 0.21839
wandb:               estimated_fwd_gflops 0.0728
wandb:                final/Test_Accuracy 89.04
wandb:                    final/Test_Loss 0.30125
wandb:   final/codecarbon_emissions_gCO2e 1.2016
wandb:   final/estimated_bp_update_gflops 0.21839
wandb:         final/estimated_fwd_gflops 0.0728
wandb:        final/peak_gpu_mem_used_mib 1080
wandb:      final/total_gpu_energy_joules 3059.00067
wandb:          final/total_gpu_energy_wh 0.84972
wandb:       final/total_run_duration_sec 37.43517
wandb:        final/training_duration_sec 34.20296
wandb:           initial_gpu_mem_used_mib 336.625
wandb:             model_parameters_total 674410
wandb:         model_parameters_trainable 674410
wandb: 
wandb: ðŸš€ View run bp_baseline_fashion_mnist_cnn_3block at: https://wandb.ai/przspyra11/BeyondBackpropagation/runs/9ct9xi50
wandb: â­ï¸ View project at: https://wandb.ai/przspyra11/BeyondBackpropagation
wandb: Synced 5 W&B file(s), 0 media file(s), 0 artifact file(s) and 0 other file(s)
wandb: Find logs at: ./wandb/run-20250505_053558-9ct9xi50/logs
