 binutils/2.38 loaded.
 bzip2/1.0.8 loaded.
 zlib/1.2.12 loaded.
 ncurses/6.3 loaded.
 libreadline/8.1.2 loaded.
 Tcl/8.6.12 loaded.
 SQLite/3.38.3 loaded.
 XZ/5.2.5 loaded.
 GMP/6.2.1 loaded.
 libffi/3.4.2 loaded.
 OpenSSL/1.1 loaded.
 Python/3.10.4 loaded.
 CUDA/12.4.0 loaded.

Currently Loaded Modules:
  1) binutils/2.38   5) libreadline/8.1.2   9) GMP/6.2.1      13) CUDA/12.4.0
  2) bzip2/1.0.8     6) Tcl/8.6.12         10) libffi/3.4.2
  3) zlib/1.2.12     7) SQLite/3.38.3      11) OpenSSL/1.1
  4) ncurses/6.3     8) XZ/5.2.5           12) Python/3.10.4

 

2025-05-08 03:48:32,341 - src.utils.config_parser - INFO - Successfully merged configuration from configs/bp_baselines/mnist_cnn_3block_bp.yaml and configs/base.yaml
wandb: Using wandb-core as the SDK backend.  Please refer to https://wandb.me/wandb-core for more information.
wandb: Currently logged in as: przspyra11 (agh_racing) to https://api.wandb.ai. Use `wandb login --relogin` to force relogin
wandb: Tracking run with wandb version 0.19.8
wandb: Run data is saved locally in /net/tscratch/people/plgspyra/BeyondBackpropagation/wandb/run-20250508_034833-tddfr8zg
wandb: Run `wandb offline` to turn off syncing.
wandb: Syncing run bp_baseline_mnist_cnn_3block
wandb: â­ï¸ View project at https://wandb.ai/przspyra11/BeyondBackpropagation
wandb: ðŸš€ View run at https://wandb.ai/przspyra11/BeyondBackpropagation/runs/tddfr8zg
[codecarbon INFO @ 03:48:33] offline tracker init
[codecarbon INFO @ 03:48:33] [setup] RAM Tracking...
[codecarbon INFO @ 03:48:33] [setup] CPU Tracking...
 Linux OS detected: Please ensure RAPL files exist at /sys/class/powercap/intel-rapl/subsystem to measure CPU

[codecarbon INFO @ 03:48:33] CPU Model on constant consumption mode: AMD EPYC 7742 64-Core Processor
[codecarbon INFO @ 03:48:33] [setup] GPU Tracking...
[codecarbon INFO @ 03:48:33] Tracking Nvidia GPU via pynvml
[codecarbon INFO @ 03:48:33] The below tracking methods have been set up:
                RAM Tracking Method: RAM power estimation model
                CPU Tracking Method: cpu_load
                GPU Tracking Method: pynvml
            
[codecarbon INFO @ 03:48:33] >>> Tracker's metadata:
[codecarbon INFO @ 03:48:33]   Platform system: Linux-5.14.0-503.26.1.el9_5.x86_64-x86_64-with-glibc2.34
[codecarbon INFO @ 03:48:33]   Python version: 3.10.4
[codecarbon INFO @ 03:48:33]   CodeCarbon version: 3.0.1
[codecarbon INFO @ 03:48:33]   Available RAM : 125.000 GB
[codecarbon INFO @ 03:48:33]   CPU count: 16 thread(s) in 2 physical CPU(s)
[codecarbon INFO @ 03:48:33]   CPU model: AMD EPYC 7742 64-Core Processor
[codecarbon INFO @ 03:48:33]   GPU count: 1
[codecarbon INFO @ 03:48:33]   GPU model: 1 x NVIDIA A100-SXM4-40GB BUT only tracking these GPU ids : [0]
[codecarbon INFO @ 03:48:33] Emissions data (if any) will be saved to file /net/tscratch/people/plgspyra/BeyondBackpropagation/results/carbon/bp_baseline_mnist_cnn_3block_carbon.csv

BP Epoch 1/100:   0%|          | 0/390 [00:00<?, ?it/s]
BP Epoch 1/100:   0%|          | 1/390 [00:00<01:00,  6.39it/s]
BP Epoch 1/100:   7%|â–‹         | 26/390 [00:00<00:03, 120.46it/s]
BP Epoch 1/100:  12%|â–ˆâ–        | 47/390 [00:00<00:02, 156.33it/s]
BP Epoch 1/100:  17%|â–ˆâ–‹        | 68/390 [00:00<00:01, 174.06it/s]
BP Epoch 1/100:  23%|â–ˆâ–ˆâ–Ž       | 89/390 [00:00<00:01, 183.69it/s]
BP Epoch 1/100:  23%|â–ˆâ–ˆâ–Ž       | 89/390 [00:00<00:01, 183.69it/s, acc=98.44%, loss=0.0742]
BP Epoch 1/100:  28%|â–ˆâ–ˆâ–Š       | 110/390 [00:00<00:01, 191.20it/s, acc=98.44%, loss=0.0742]
BP Epoch 1/100:  34%|â–ˆâ–ˆâ–ˆâ–Ž      | 131/390 [00:00<00:01, 196.06it/s, acc=98.44%, loss=0.0742]
BP Epoch 1/100:  39%|â–ˆâ–ˆâ–ˆâ–‰      | 152/390 [00:00<00:01, 199.18it/s, acc=98.44%, loss=0.0742]
BP Epoch 1/100:  44%|â–ˆâ–ˆâ–ˆâ–ˆâ–     | 173/390 [00:00<00:01, 198.27it/s, acc=98.44%, loss=0.0742]
BP Epoch 1/100:  50%|â–ˆâ–ˆâ–ˆâ–ˆâ–‰     | 194/390 [00:01<00:00, 200.98it/s, acc=98.44%, loss=0.0742]
BP Epoch 1/100:  50%|â–ˆâ–ˆâ–ˆâ–ˆâ–‰     | 194/390 [00:01<00:00, 200.98it/s, acc=96.09%, loss=0.0975]
BP Epoch 1/100:  55%|â–ˆâ–ˆâ–ˆâ–ˆâ–ˆâ–Œ    | 215/390 [00:01<00:00, 203.11it/s, acc=96.09%, loss=0.0975]
BP Epoch 1/100:  61%|â–ˆâ–ˆâ–ˆâ–ˆâ–ˆâ–ˆ    | 236/390 [00:01<00:00, 204.76it/s, acc=96.09%, loss=0.0975]
BP Epoch 1/100:  66%|â–ˆâ–ˆâ–ˆâ–ˆâ–ˆâ–ˆâ–Œ   | 257/390 [00:01<00:00, 201.01it/s, acc=96.09%, loss=0.0975]
BP Epoch 1/100:  71%|â–ˆâ–ˆâ–ˆâ–ˆâ–ˆâ–ˆâ–ˆâ–  | 278/390 [00:01<00:00, 202.43it/s, acc=96.09%, loss=0.0975]
BP Epoch 1/100:  77%|â–ˆâ–ˆâ–ˆâ–ˆâ–ˆâ–ˆâ–ˆâ–‹  | 299/390 [00:01<00:00, 203.89it/s, acc=96.09%, loss=0.0975]
BP Epoch 1/100:  77%|â–ˆâ–ˆâ–ˆâ–ˆâ–ˆâ–ˆâ–ˆâ–‹  | 299/390 [00:01<00:00, 203.89it/s, acc=97.66%, loss=0.1827]
BP Epoch 1/100:  82%|â–ˆâ–ˆâ–ˆâ–ˆâ–ˆâ–ˆâ–ˆâ–ˆâ– | 320/390 [00:01<00:00, 204.98it/s, acc=97.66%, loss=0.1827]
BP Epoch 1/100:  87%|â–ˆâ–ˆâ–ˆâ–ˆâ–ˆâ–ˆâ–ˆâ–ˆâ–‹ | 341/390 [00:01<00:00, 202.05it/s, acc=97.66%, loss=0.1827]
BP Epoch 1/100:  93%|â–ˆâ–ˆâ–ˆâ–ˆâ–ˆâ–ˆâ–ˆâ–ˆâ–ˆâ–Ž| 362/390 [00:01<00:00, 203.99it/s, acc=97.66%, loss=0.1827]
BP Epoch 1/100:  98%|â–ˆâ–ˆâ–ˆâ–ˆâ–ˆâ–ˆâ–ˆâ–ˆâ–ˆâ–Š| 383/390 [00:02<00:00, 198.04it/s, acc=97.66%, loss=0.1827]
BP Epoch 1/100:  98%|â–ˆâ–ˆâ–ˆâ–ˆâ–ˆâ–ˆâ–ˆâ–ˆâ–ˆâ–Š| 383/390 [00:02<00:00, 198.04it/s, acc=97.66%, loss=0.0891]
                                                                                           

Evaluating BP Model:   0%|          | 0/40 [00:00<?, ?it/s]
Evaluating BP Model:   2%|â–Ž         | 1/40 [00:00<00:05,  7.47it/s]
Evaluating BP Model:  32%|â–ˆâ–ˆâ–ˆâ–Ž      | 13/40 [00:00<00:00, 63.60it/s]
Evaluating BP Model:  62%|â–ˆâ–ˆâ–ˆâ–ˆâ–ˆâ–ˆâ–Ž   | 25/40 [00:00<00:00, 82.19it/s]
Evaluating BP Model:  92%|â–ˆâ–ˆâ–ˆâ–ˆâ–ˆâ–ˆâ–ˆâ–ˆâ–ˆâ–Ž| 37/40 [00:00<00:00, 92.42it/s]
                                                                    

BP Epoch 2/100:   0%|          | 0/390 [00:00<?, ?it/s]
BP Epoch 2/100:   4%|â–         | 15/390 [00:00<00:02, 148.47it/s]
BP Epoch 2/100:   9%|â–‰         | 36/390 [00:00<00:01, 183.92it/s]
BP Epoch 2/100:  15%|â–ˆâ–        | 57/390 [00:00<00:01, 190.02it/s]
BP Epoch 2/100:  20%|â–ˆâ–ˆ        | 78/390 [00:00<00:01, 196.44it/s]
BP Epoch 2/100:  25%|â–ˆâ–ˆâ–Œ       | 99/390 [00:00<00:01, 200.83it/s]
BP Epoch 2/100:  25%|â–ˆâ–ˆâ–Œ       | 99/390 [00:00<00:01, 200.83it/s, acc=98.44%, loss=0.0449]
BP Epoch 2/100:  31%|â–ˆâ–ˆâ–ˆ       | 120/390 [00:00<00:01, 203.18it/s, acc=98.44%, loss=0.0449]
BP Epoch 2/100:  36%|â–ˆâ–ˆâ–ˆâ–Œ      | 141/390 [00:00<00:01, 200.67it/s, acc=98.44%, loss=0.0449]
BP Epoch 2/100:  42%|â–ˆâ–ˆâ–ˆâ–ˆâ–     | 162/390 [00:00<00:01, 202.02it/s, acc=98.44%, loss=0.0449]
BP Epoch 2/100:  47%|â–ˆâ–ˆâ–ˆâ–ˆâ–‹     | 183/390 [00:00<00:01, 204.08it/s, acc=98.44%, loss=0.0449]
BP Epoch 2/100:  47%|â–ˆâ–ˆâ–ˆâ–ˆâ–‹     | 183/390 [00:01<00:01, 204.08it/s, acc=98.44%, loss=0.0797]
BP Epoch 2/100:  52%|â–ˆâ–ˆâ–ˆâ–ˆâ–ˆâ–    | 204/390 [00:01<00:00, 205.58it/s, acc=98.44%, loss=0.0797]
BP Epoch 2/100:  58%|â–ˆâ–ˆâ–ˆâ–ˆâ–ˆâ–Š    | 225/390 [00:01<00:00, 203.64it/s, acc=98.44%, loss=0.0797]
BP Epoch 2/100:  63%|â–ˆâ–ˆâ–ˆâ–ˆâ–ˆâ–ˆâ–Ž   | 246/390 [00:01<00:00, 202.34it/s, acc=98.44%, loss=0.0797]
BP Epoch 2/100:  68%|â–ˆâ–ˆâ–ˆâ–ˆâ–ˆâ–ˆâ–Š   | 267/390 [00:01<00:00, 204.51it/s, acc=98.44%, loss=0.0797]
BP Epoch 2/100:  74%|â–ˆâ–ˆâ–ˆâ–ˆâ–ˆâ–ˆâ–ˆâ–  | 288/390 [00:01<00:00, 205.37it/s, acc=98.44%, loss=0.0797]
BP Epoch 2/100:  74%|â–ˆâ–ˆâ–ˆâ–ˆâ–ˆâ–ˆâ–ˆâ–  | 288/390 [00:01<00:00, 205.37it/s, acc=98.44%, loss=0.0872]
BP Epoch 2/100:  79%|â–ˆâ–ˆâ–ˆâ–ˆâ–ˆâ–ˆâ–ˆâ–‰  | 309/390 [00:01<00:00, 205.35it/s, acc=98.44%, loss=0.0872]
BP Epoch 2/100:  85%|â–ˆâ–ˆâ–ˆâ–ˆâ–ˆâ–ˆâ–ˆâ–ˆâ– | 330/390 [00:01<00:00, 203.34it/s, acc=98.44%, loss=0.0872]
BP Epoch 2/100:  90%|â–ˆâ–ˆâ–ˆâ–ˆâ–ˆâ–ˆâ–ˆâ–ˆâ–ˆ | 351/390 [00:01<00:00, 204.59it/s, acc=98.44%, loss=0.0872]
BP Epoch 2/100:  95%|â–ˆâ–ˆâ–ˆâ–ˆâ–ˆâ–ˆâ–ˆâ–ˆâ–ˆâ–Œ| 372/390 [00:01<00:00, 205.24it/s, acc=98.44%, loss=0.0872]
BP Epoch 2/100:  95%|â–ˆâ–ˆâ–ˆâ–ˆâ–ˆâ–ˆâ–ˆâ–ˆâ–ˆâ–Œ| 372/390 [00:01<00:00, 205.24it/s, acc=98.44%, loss=0.0807]
                                                                                           

Evaluating BP Model:   0%|          | 0/40 [00:00<?, ?it/s]
Evaluating BP Model:  22%|â–ˆâ–ˆâ–Ž       | 9/40 [00:00<00:00, 75.93it/s]
Evaluating BP Model:  52%|â–ˆâ–ˆâ–ˆâ–ˆâ–ˆâ–Ž    | 21/40 [00:00<00:00, 93.60it/s]
Evaluating BP Model:  82%|â–ˆâ–ˆâ–ˆâ–ˆâ–ˆâ–ˆâ–ˆâ–ˆâ–Ž | 33/40 [00:00<00:00, 99.47it/s]
                                                                    

BP Epoch 3/100:   0%|          | 0/390 [00:00<?, ?it/s]
BP Epoch 3/100:   4%|â–         | 16/390 [00:00<00:02, 158.35it/s]
BP Epoch 3/100:   9%|â–‰         | 37/390 [00:00<00:01, 181.83it/s]
BP Epoch 3/100:  15%|â–ˆâ–Œ        | 59/390 [00:00<00:01, 196.49it/s]
BP Epoch 3/100:  21%|â–ˆâ–ˆ        | 81/390 [00:00<00:01, 198.08it/s]
BP Epoch 3/100:  21%|â–ˆâ–ˆ        | 81/390 [00:00<00:01, 198.08it/s, acc=100.00%, loss=0.0008]
BP Epoch 3/100:  26%|â–ˆâ–ˆâ–Œ       | 102/390 [00:00<00:01, 201.99it/s, acc=100.00%, loss=0.0008]
BP Epoch 3/100:  32%|â–ˆâ–ˆâ–ˆâ–      | 123/390 [00:00<00:01, 201.51it/s, acc=100.00%, loss=0.0008]
BP Epoch 3/100:  37%|â–ˆâ–ˆâ–ˆâ–‹      | 145/390 [00:00<00:01, 204.36it/s, acc=100.00%, loss=0.0008]
BP Epoch 3/100:  43%|â–ˆâ–ˆâ–ˆâ–ˆâ–Ž     | 166/390 [00:00<00:01, 203.06it/s, acc=100.00%, loss=0.0008]
BP Epoch 3/100:  48%|â–ˆâ–ˆâ–ˆâ–ˆâ–Š     | 188/390 [00:00<00:00, 206.46it/s, acc=100.00%, loss=0.0008]
BP Epoch 3/100:  48%|â–ˆâ–ˆâ–ˆâ–ˆâ–Š     | 188/390 [00:00<00:00, 206.46it/s, acc=96.88%, loss=0.1078] 
BP Epoch 3/100:  54%|â–ˆâ–ˆâ–ˆâ–ˆâ–ˆâ–Ž    | 209/390 [00:01<00:00, 206.12it/s, acc=96.88%, loss=0.1078]
BP Epoch 3/100:  59%|â–ˆâ–ˆâ–ˆâ–ˆâ–ˆâ–‰    | 230/390 [00:01<00:00, 203.56it/s, acc=96.88%, loss=0.1078]
BP Epoch 3/100:  64%|â–ˆâ–ˆâ–ˆâ–ˆâ–ˆâ–ˆâ–   | 251/390 [00:01<00:00, 205.24it/s, acc=96.88%, loss=0.1078]
BP Epoch 3/100:  70%|â–ˆâ–ˆâ–ˆâ–ˆâ–ˆâ–ˆâ–‰   | 272/390 [00:01<00:00, 206.17it/s, acc=96.88%, loss=0.1078]
BP Epoch 3/100:  75%|â–ˆâ–ˆâ–ˆâ–ˆâ–ˆâ–ˆâ–ˆâ–Œ  | 294/390 [00:01<00:00, 204.33it/s, acc=96.88%, loss=0.1078]
BP Epoch 3/100:  75%|â–ˆâ–ˆâ–ˆâ–ˆâ–ˆâ–ˆâ–ˆâ–Œ  | 294/390 [00:01<00:00, 204.33it/s, acc=99.22%, loss=0.0129]
BP Epoch 3/100:  81%|â–ˆâ–ˆâ–ˆâ–ˆâ–ˆâ–ˆâ–ˆâ–ˆ  | 315/390 [00:01<00:00, 205.80it/s, acc=99.22%, loss=0.0129]
BP Epoch 3/100:  86%|â–ˆâ–ˆâ–ˆâ–ˆâ–ˆâ–ˆâ–ˆâ–ˆâ–Œ | 336/390 [00:01<00:00, 206.80it/s, acc=99.22%, loss=0.0129]
BP Epoch 3/100:  92%|â–ˆâ–ˆâ–ˆâ–ˆâ–ˆâ–ˆâ–ˆâ–ˆâ–ˆâ–| 357/390 [00:01<00:00, 207.55it/s, acc=99.22%, loss=0.0129]
BP Epoch 3/100:  97%|â–ˆâ–ˆâ–ˆâ–ˆâ–ˆâ–ˆâ–ˆâ–ˆâ–ˆâ–‹| 378/390 [00:01<00:00, 204.03it/s, acc=99.22%, loss=0.0129]
BP Epoch 3/100:  97%|â–ˆâ–ˆâ–ˆâ–ˆâ–ˆâ–ˆâ–ˆâ–ˆâ–ˆâ–‹| 378/390 [00:01<00:00, 204.03it/s, acc=98.44%, loss=0.1113]
                                                                                           

Evaluating BP Model:   0%|          | 0/40 [00:00<?, ?it/s]
Evaluating BP Model:  22%|â–ˆâ–ˆâ–Ž       | 9/40 [00:00<00:00, 75.31it/s]
Evaluating BP Model:  52%|â–ˆâ–ˆâ–ˆâ–ˆâ–ˆâ–Ž    | 21/40 [00:00<00:00, 93.89it/s]
Evaluating BP Model:  82%|â–ˆâ–ˆâ–ˆâ–ˆâ–ˆâ–ˆâ–ˆâ–ˆâ–Ž | 33/40 [00:00<00:00, 99.90it/s]
                                                                    

BP Epoch 4/100:   0%|          | 0/390 [00:00<?, ?it/s]
BP Epoch 4/100:   4%|â–Ž         | 14/390 [00:00<00:02, 136.18it/s]
BP Epoch 4/100:   9%|â–‰         | 36/390 [00:00<00:01, 182.82it/s]
BP Epoch 4/100:  15%|â–ˆâ–        | 57/390 [00:00<00:01, 190.41it/s]
BP Epoch 4/100:  20%|â–ˆâ–ˆ        | 79/390 [00:00<00:01, 199.66it/s]
BP Epoch 4/100:  20%|â–ˆâ–ˆ        | 79/390 [00:00<00:01, 199.66it/s, acc=98.44%, loss=0.0566]
BP Epoch 4/100:  26%|â–ˆâ–ˆâ–Œ       | 100/390 [00:00<00:01, 201.24it/s, acc=98.44%, loss=0.0566]
BP Epoch 4/100:  31%|â–ˆâ–ˆâ–ˆ       | 121/390 [00:00<00:01, 201.61it/s, acc=98.44%, loss=0.0566]
BP Epoch 4/100:  37%|â–ˆâ–ˆâ–ˆâ–‹      | 143/390 [00:00<00:01, 205.89it/s, acc=98.44%, loss=0.0566]
BP Epoch 4/100:  42%|â–ˆâ–ˆâ–ˆâ–ˆâ–     | 165/390 [00:00<00:01, 204.12it/s, acc=98.44%, loss=0.0566]
BP Epoch 4/100:  48%|â–ˆâ–ˆâ–ˆâ–ˆâ–Š     | 187/390 [00:00<00:00, 207.03it/s, acc=98.44%, loss=0.0566]
BP Epoch 4/100:  48%|â–ˆâ–ˆâ–ˆâ–ˆâ–Š     | 187/390 [00:00<00:00, 207.03it/s, acc=99.22%, loss=0.0639]
BP Epoch 4/100:  54%|â–ˆâ–ˆâ–ˆâ–ˆâ–ˆâ–Ž    | 209/390 [00:01<00:00, 205.51it/s, acc=99.22%, loss=0.0639]
BP Epoch 4/100:  59%|â–ˆâ–ˆâ–ˆâ–ˆâ–ˆâ–‰    | 230/390 [00:01<00:00, 206.10it/s, acc=99.22%, loss=0.0639]
BP Epoch 4/100:  65%|â–ˆâ–ˆâ–ˆâ–ˆâ–ˆâ–ˆâ–   | 252/390 [00:01<00:00, 208.34it/s, acc=99.22%, loss=0.0639]
BP Epoch 4/100:  70%|â–ˆâ–ˆâ–ˆâ–ˆâ–ˆâ–ˆâ–ˆ   | 273/390 [00:01<00:00, 205.67it/s, acc=99.22%, loss=0.0639]
BP Epoch 4/100:  75%|â–ˆâ–ˆâ–ˆâ–ˆâ–ˆâ–ˆâ–ˆâ–Œ  | 294/390 [00:01<00:00, 204.85it/s, acc=99.22%, loss=0.0639]
BP Epoch 4/100:  75%|â–ˆâ–ˆâ–ˆâ–ˆâ–ˆâ–ˆâ–ˆâ–Œ  | 294/390 [00:01<00:00, 204.85it/s, acc=100.00%, loss=0.0023]
BP Epoch 4/100:  81%|â–ˆâ–ˆâ–ˆâ–ˆâ–ˆâ–ˆâ–ˆâ–ˆ  | 315/390 [00:01<00:00, 206.05it/s, acc=100.00%, loss=0.0023]
BP Epoch 4/100:  86%|â–ˆâ–ˆâ–ˆâ–ˆâ–ˆâ–ˆâ–ˆâ–ˆâ–Œ | 336/390 [00:01<00:00, 206.82it/s, acc=100.00%, loss=0.0023]
BP Epoch 4/100:  92%|â–ˆâ–ˆâ–ˆâ–ˆâ–ˆâ–ˆâ–ˆâ–ˆâ–ˆâ–| 357/390 [00:01<00:00, 207.14it/s, acc=100.00%, loss=0.0023]
BP Epoch 4/100:  97%|â–ˆâ–ˆâ–ˆâ–ˆâ–ˆâ–ˆâ–ˆâ–ˆâ–ˆâ–‹| 378/390 [00:01<00:00, 203.50it/s, acc=100.00%, loss=0.0023]
BP Epoch 4/100:  97%|â–ˆâ–ˆâ–ˆâ–ˆâ–ˆâ–ˆâ–ˆâ–ˆâ–ˆâ–‹| 378/390 [00:01<00:00, 203.50it/s, acc=99.22%, loss=0.0135] 
                                                                                           

Evaluating BP Model:   0%|          | 0/40 [00:00<?, ?it/s]
Evaluating BP Model:  22%|â–ˆâ–ˆâ–Ž       | 9/40 [00:00<00:00, 75.57it/s]
Evaluating BP Model:  52%|â–ˆâ–ˆâ–ˆâ–ˆâ–ˆâ–Ž    | 21/40 [00:00<00:00, 93.36it/s]
Evaluating BP Model:  82%|â–ˆâ–ˆâ–ˆâ–ˆâ–ˆâ–ˆâ–ˆâ–ˆâ–Ž | 33/40 [00:00<00:00, 99.74it/s]
                                                                    

BP Epoch 5/100:   0%|          | 0/390 [00:00<?, ?it/s]
BP Epoch 5/100:   4%|â–         | 16/390 [00:00<00:02, 158.69it/s]
BP Epoch 5/100:   9%|â–‰         | 37/390 [00:00<00:01, 181.89it/s]
BP Epoch 5/100:  15%|â–ˆâ–        | 58/390 [00:00<00:01, 192.95it/s]
BP Epoch 5/100:  21%|â–ˆâ–ˆ        | 80/390 [00:00<00:01, 201.41it/s]
BP Epoch 5/100:  21%|â–ˆâ–ˆ        | 80/390 [00:00<00:01, 201.41it/s, acc=99.22%, loss=0.0211]
BP Epoch 5/100:  26%|â–ˆâ–ˆâ–Œ       | 101/390 [00:00<00:01, 199.90it/s, acc=99.22%, loss=0.0211]
BP Epoch 5/100:  31%|â–ˆâ–ˆâ–ˆâ–      | 122/390 [00:00<00:01, 202.11it/s, acc=99.22%, loss=0.0211]
BP Epoch 5/100:  37%|â–ˆâ–ˆâ–ˆâ–‹      | 143/390 [00:00<00:01, 204.61it/s, acc=99.22%, loss=0.0211]
BP Epoch 5/100:  42%|â–ˆâ–ˆâ–ˆâ–ˆâ–     | 165/390 [00:00<00:01, 204.43it/s, acc=99.22%, loss=0.0211]
BP Epoch 5/100:  48%|â–ˆâ–ˆâ–ˆâ–ˆâ–Š     | 186/390 [00:00<00:00, 204.04it/s, acc=99.22%, loss=0.0211]
BP Epoch 5/100:  48%|â–ˆâ–ˆâ–ˆâ–ˆâ–Š     | 186/390 [00:00<00:00, 204.04it/s, acc=100.00%, loss=0.0007]
BP Epoch 5/100:  53%|â–ˆâ–ˆâ–ˆâ–ˆâ–ˆâ–Ž    | 207/390 [00:01<00:00, 205.26it/s, acc=100.00%, loss=0.0007]
BP Epoch 5/100:  58%|â–ˆâ–ˆâ–ˆâ–ˆâ–ˆâ–Š    | 228/390 [00:01<00:00, 206.29it/s, acc=100.00%, loss=0.0007]
BP Epoch 5/100:  64%|â–ˆâ–ˆâ–ˆâ–ˆâ–ˆâ–ˆâ–   | 249/390 [00:01<00:00, 205.86it/s, acc=100.00%, loss=0.0007]
BP Epoch 5/100:  69%|â–ˆâ–ˆâ–ˆâ–ˆâ–ˆâ–ˆâ–‰   | 270/390 [00:01<00:00, 203.38it/s, acc=100.00%, loss=0.0007]
BP Epoch 5/100:  75%|â–ˆâ–ˆâ–ˆâ–ˆâ–ˆâ–ˆâ–ˆâ–  | 291/390 [00:01<00:00, 204.90it/s, acc=100.00%, loss=0.0007]
BP Epoch 5/100:  75%|â–ˆâ–ˆâ–ˆâ–ˆâ–ˆâ–ˆâ–ˆâ–  | 291/390 [00:01<00:00, 204.90it/s, acc=100.00%, loss=0.0002]
BP Epoch 5/100:  80%|â–ˆâ–ˆâ–ˆâ–ˆâ–ˆâ–ˆâ–ˆâ–ˆ  | 312/390 [00:01<00:00, 206.21it/s, acc=100.00%, loss=0.0002]
BP Epoch 5/100:  85%|â–ˆâ–ˆâ–ˆâ–ˆâ–ˆâ–ˆâ–ˆâ–ˆâ–Œ | 333/390 [00:01<00:00, 206.89it/s, acc=100.00%, loss=0.0002]
BP Epoch 5/100:  91%|â–ˆâ–ˆâ–ˆâ–ˆâ–ˆâ–ˆâ–ˆâ–ˆâ–ˆ | 354/390 [00:01<00:00, 202.91it/s, acc=100.00%, loss=0.0002]
BP Epoch 5/100:  96%|â–ˆâ–ˆâ–ˆâ–ˆâ–ˆâ–ˆâ–ˆâ–ˆâ–ˆâ–Œ| 375/390 [00:01<00:00, 204.66it/s, acc=100.00%, loss=0.0002]
BP Epoch 5/100:  96%|â–ˆâ–ˆâ–ˆâ–ˆâ–ˆâ–ˆâ–ˆâ–ˆâ–ˆâ–Œ| 375/390 [00:01<00:00, 204.66it/s, acc=97.66%, loss=0.0710] 
                                                                                           

Evaluating BP Model:   0%|          | 0/40 [00:00<?, ?it/s]
Evaluating BP Model:  22%|â–ˆâ–ˆâ–Ž       | 9/40 [00:00<00:00, 76.80it/s]
Evaluating BP Model:  52%|â–ˆâ–ˆâ–ˆâ–ˆâ–ˆâ–Ž    | 21/40 [00:00<00:00, 94.37it/s]
Evaluating BP Model:  82%|â–ˆâ–ˆâ–ˆâ–ˆâ–ˆâ–ˆâ–ˆâ–ˆâ–Ž | 33/40 [00:00<00:00, 100.19it/s]
                                                                     

BP Epoch 6/100:   0%|          | 0/390 [00:00<?, ?it/s]
BP Epoch 6/100:   4%|â–         | 16/390 [00:00<00:02, 158.01it/s]
BP Epoch 6/100:   9%|â–‰         | 37/390 [00:00<00:01, 180.87it/s]
BP Epoch 6/100:  15%|â–ˆâ–        | 58/390 [00:00<00:01, 193.70it/s]
BP Epoch 6/100:  20%|â–ˆâ–ˆ        | 79/390 [00:00<00:01, 199.41it/s]
BP Epoch 6/100:  20%|â–ˆâ–ˆ        | 79/390 [00:00<00:01, 199.41it/s, acc=100.00%, loss=0.0006]
BP Epoch 6/100:  26%|â–ˆâ–ˆâ–Œ       | 100/390 [00:00<00:01, 200.75it/s, acc=100.00%, loss=0.0006]
BP Epoch 6/100:  31%|â–ˆâ–ˆâ–ˆ       | 121/390 [00:00<00:01, 200.51it/s, acc=100.00%, loss=0.0006]
BP Epoch 6/100:  36%|â–ˆâ–ˆâ–ˆâ–‹      | 142/390 [00:00<00:01, 203.29it/s, acc=100.00%, loss=0.0006]
BP Epoch 6/100:  42%|â–ˆâ–ˆâ–ˆâ–ˆâ–     | 163/390 [00:00<00:01, 205.12it/s, acc=100.00%, loss=0.0006]
BP Epoch 6/100:  47%|â–ˆâ–ˆâ–ˆâ–ˆâ–‹     | 184/390 [00:00<00:00, 206.21it/s, acc=100.00%, loss=0.0006]
BP Epoch 6/100:  47%|â–ˆâ–ˆâ–ˆâ–ˆâ–‹     | 184/390 [00:00<00:00, 206.21it/s, acc=99.22%, loss=0.0160] 
BP Epoch 6/100:  53%|â–ˆâ–ˆâ–ˆâ–ˆâ–ˆâ–Ž    | 205/390 [00:01<00:00, 202.36it/s, acc=99.22%, loss=0.0160]
BP Epoch 6/100:  58%|â–ˆâ–ˆâ–ˆâ–ˆâ–ˆâ–Š    | 226/390 [00:01<00:00, 204.20it/s, acc=99.22%, loss=0.0160]
BP Epoch 6/100:  63%|â–ˆâ–ˆâ–ˆâ–ˆâ–ˆâ–ˆâ–Ž   | 247/390 [00:01<00:00, 205.40it/s, acc=99.22%, loss=0.0160]
BP Epoch 6/100:  69%|â–ˆâ–ˆâ–ˆâ–ˆâ–ˆâ–ˆâ–Š   | 268/390 [00:01<00:00, 206.12it/s, acc=99.22%, loss=0.0160]
BP Epoch 6/100:  74%|â–ˆâ–ˆâ–ˆâ–ˆâ–ˆâ–ˆâ–ˆâ–  | 289/390 [00:01<00:00, 202.88it/s, acc=99.22%, loss=0.0160]
BP Epoch 6/100:  74%|â–ˆâ–ˆâ–ˆâ–ˆâ–ˆâ–ˆâ–ˆâ–  | 289/390 [00:01<00:00, 202.88it/s, acc=99.22%, loss=0.0100]
BP Epoch 6/100:  79%|â–ˆâ–ˆâ–ˆâ–ˆâ–ˆâ–ˆâ–ˆâ–‰  | 310/390 [00:01<00:00, 204.66it/s, acc=99.22%, loss=0.0100]
BP Epoch 6/100:  85%|â–ˆâ–ˆâ–ˆâ–ˆâ–ˆâ–ˆâ–ˆâ–ˆâ– | 331/390 [00:01<00:00, 205.75it/s, acc=99.22%, loss=0.0100]
BP Epoch 6/100:  90%|â–ˆâ–ˆâ–ˆâ–ˆâ–ˆâ–ˆâ–ˆâ–ˆâ–ˆ | 352/390 [00:01<00:00, 205.58it/s, acc=99.22%, loss=0.0100]
BP Epoch 6/100:  96%|â–ˆâ–ˆâ–ˆâ–ˆâ–ˆâ–ˆâ–ˆâ–ˆâ–ˆâ–Œ| 373/390 [00:01<00:00, 202.54it/s, acc=99.22%, loss=0.0100]
BP Epoch 6/100:  96%|â–ˆâ–ˆâ–ˆâ–ˆâ–ˆâ–ˆâ–ˆâ–ˆâ–ˆâ–Œ| 373/390 [00:01<00:00, 202.54it/s, acc=100.00%, loss=0.0034]
                                                                                            

Evaluating BP Model:   0%|          | 0/40 [00:00<?, ?it/s]
Evaluating BP Model:  22%|â–ˆâ–ˆâ–Ž       | 9/40 [00:00<00:00, 76.81it/s]
Evaluating BP Model:  52%|â–ˆâ–ˆâ–ˆâ–ˆâ–ˆâ–Ž    | 21/40 [00:00<00:00, 94.19it/s][codecarbon INFO @ 03:48:49] Energy consumed for RAM : 0.000164 kWh. RAM Power : 38.0 W

Evaluating BP Model:  82%|â–ˆâ–ˆâ–ˆâ–ˆâ–ˆâ–ˆâ–ˆâ–ˆâ–Ž | 33/40 [00:00<00:00, 100.25it/s]
                                                                     

BP Epoch 7/100:   0%|          | 0/390 [00:00<?, ?it/s]
BP Epoch 7/100:   4%|â–         | 16/390 [00:00<00:02, 157.49it/s]
BP Epoch 7/100:   9%|â–‰         | 37/390 [00:00<00:01, 179.92it/s]
BP Epoch 7/100:  15%|â–ˆâ–        | 58/390 [00:00<00:01, 192.26it/s][codecarbon INFO @ 03:48:49] Delta energy consumed for CPU with cpu_load : 0.000272 kWh, power : 63.24 W
[codecarbon INFO @ 03:48:49] Energy consumed for All CPU : 0.000272 kWh
[codecarbon INFO @ 03:48:49] Energy consumed for all GPUs : 0.000357 kWh. Total GPU Power : 80.28510638439408 W
[codecarbon INFO @ 03:48:49] 0.000793 kWh of electricity used since the beginning.

BP Epoch 7/100:  20%|â–ˆâ–ˆ        | 79/390 [00:00<00:01, 198.50it/s]
BP Epoch 7/100:  20%|â–ˆâ–ˆ        | 79/390 [00:00<00:01, 198.50it/s, acc=100.00%, loss=0.0000]
BP Epoch 7/100:  26%|â–ˆâ–ˆâ–Œ       | 100/390 [00:00<00:01, 200.19it/s, acc=100.00%, loss=0.0000]
BP Epoch 7/100:  31%|â–ˆâ–ˆâ–ˆ       | 121/390 [00:00<00:01, 199.61it/s, acc=100.00%, loss=0.0000]
BP Epoch 7/100:  36%|â–ˆâ–ˆâ–ˆâ–‹      | 142/390 [00:00<00:01, 202.54it/s, acc=100.00%, loss=0.0000]
BP Epoch 7/100:  42%|â–ˆâ–ˆâ–ˆâ–ˆâ–     | 163/390 [00:00<00:01, 204.35it/s, acc=100.00%, loss=0.0000]
BP Epoch 7/100:  47%|â–ˆâ–ˆâ–ˆâ–ˆâ–‹     | 184/390 [00:00<00:01, 205.27it/s, acc=100.00%, loss=0.0000]
BP Epoch 7/100:  47%|â–ˆâ–ˆâ–ˆâ–ˆâ–‹     | 184/390 [00:01<00:01, 205.27it/s, acc=98.44%, loss=0.0525] 
BP Epoch 7/100:  53%|â–ˆâ–ˆâ–ˆâ–ˆâ–ˆâ–Ž    | 205/390 [00:01<00:00, 201.72it/s, acc=98.44%, loss=0.0525]
BP Epoch 7/100:  58%|â–ˆâ–ˆâ–ˆâ–ˆâ–ˆâ–Š    | 226/390 [00:01<00:00, 203.62it/s, acc=98.44%, loss=0.0525]
BP Epoch 7/100:  63%|â–ˆâ–ˆâ–ˆâ–ˆâ–ˆâ–ˆâ–Ž   | 247/390 [00:01<00:00, 205.30it/s, acc=98.44%, loss=0.0525]
BP Epoch 7/100:  69%|â–ˆâ–ˆâ–ˆâ–ˆâ–ˆâ–ˆâ–Š   | 268/390 [00:01<00:00, 206.51it/s, acc=98.44%, loss=0.0525]
BP Epoch 7/100:  74%|â–ˆâ–ˆâ–ˆâ–ˆâ–ˆâ–ˆâ–ˆâ–  | 289/390 [00:01<00:00, 202.86it/s, acc=98.44%, loss=0.0525]
BP Epoch 7/100:  74%|â–ˆâ–ˆâ–ˆâ–ˆâ–ˆâ–ˆâ–ˆâ–  | 289/390 [00:01<00:00, 202.86it/s, acc=100.00%, loss=0.0013]
BP Epoch 7/100:  79%|â–ˆâ–ˆâ–ˆâ–ˆâ–ˆâ–ˆâ–ˆâ–‰  | 310/390 [00:01<00:00, 204.58it/s, acc=100.00%, loss=0.0013]
BP Epoch 7/100:  85%|â–ˆâ–ˆâ–ˆâ–ˆâ–ˆâ–ˆâ–ˆâ–ˆâ– | 331/390 [00:01<00:00, 205.59it/s, acc=100.00%, loss=0.0013]
BP Epoch 7/100:  90%|â–ˆâ–ˆâ–ˆâ–ˆâ–ˆâ–ˆâ–ˆâ–ˆâ–ˆ | 352/390 [00:01<00:00, 206.61it/s, acc=100.00%, loss=0.0013]
BP Epoch 7/100:  96%|â–ˆâ–ˆâ–ˆâ–ˆâ–ˆâ–ˆâ–ˆâ–ˆâ–ˆâ–Œ| 373/390 [00:01<00:00, 202.65it/s, acc=100.00%, loss=0.0013]
BP Epoch 7/100:  96%|â–ˆâ–ˆâ–ˆâ–ˆâ–ˆâ–ˆâ–ˆâ–ˆâ–ˆâ–Œ| 373/390 [00:01<00:00, 202.65it/s, acc=100.00%, loss=0.0028]
                                                                                            

Evaluating BP Model:   0%|          | 0/40 [00:00<?, ?it/s]
Evaluating BP Model:  22%|â–ˆâ–ˆâ–Ž       | 9/40 [00:00<00:00, 76.99it/s]
Evaluating BP Model:  52%|â–ˆâ–ˆâ–ˆâ–ˆâ–ˆâ–Ž    | 21/40 [00:00<00:00, 94.83it/s]
Evaluating BP Model:  82%|â–ˆâ–ˆâ–ˆâ–ˆâ–ˆâ–ˆâ–ˆâ–ˆâ–Ž | 33/40 [00:00<00:00, 100.80it/s]
                                                                     

BP Epoch 8/100:   0%|          | 0/390 [00:00<?, ?it/s]
BP Epoch 8/100:   4%|â–         | 16/390 [00:00<00:02, 158.29it/s]
BP Epoch 8/100:   9%|â–‰         | 37/390 [00:00<00:01, 180.36it/s]
BP Epoch 8/100:  15%|â–ˆâ–        | 58/390 [00:00<00:01, 192.85it/s]
BP Epoch 8/100:  20%|â–ˆâ–ˆ        | 79/390 [00:00<00:01, 198.10it/s]
BP Epoch 8/100:  20%|â–ˆâ–ˆ        | 79/390 [00:00<00:01, 198.10it/s, acc=99.22%, loss=0.0224]
BP Epoch 8/100:  26%|â–ˆâ–ˆâ–Œ       | 100/390 [00:00<00:01, 200.38it/s, acc=99.22%, loss=0.0224]
BP Epoch 8/100:  31%|â–ˆâ–ˆâ–ˆ       | 121/390 [00:00<00:01, 199.07it/s, acc=99.22%, loss=0.0224]
BP Epoch 8/100:  36%|â–ˆâ–ˆâ–ˆâ–‹      | 142/390 [00:00<00:01, 202.08it/s, acc=99.22%, loss=0.0224]
BP Epoch 8/100:  42%|â–ˆâ–ˆâ–ˆâ–ˆâ–     | 163/390 [00:00<00:01, 203.84it/s, acc=99.22%, loss=0.0224]
BP Epoch 8/100:  47%|â–ˆâ–ˆâ–ˆâ–ˆâ–‹     | 184/390 [00:00<00:01, 204.83it/s, acc=99.22%, loss=0.0224]
BP Epoch 8/100:  47%|â–ˆâ–ˆâ–ˆâ–ˆâ–‹     | 184/390 [00:01<00:01, 204.83it/s, acc=99.22%, loss=0.0095]
BP Epoch 8/100:  53%|â–ˆâ–ˆâ–ˆâ–ˆâ–ˆâ–Ž    | 205/390 [00:01<00:00, 201.16it/s, acc=99.22%, loss=0.0095]
BP Epoch 8/100:  58%|â–ˆâ–ˆâ–ˆâ–ˆâ–ˆâ–Š    | 226/390 [00:01<00:00, 203.36it/s, acc=99.22%, loss=0.0095]
BP Epoch 8/100:  63%|â–ˆâ–ˆâ–ˆâ–ˆâ–ˆâ–ˆâ–Ž   | 247/390 [00:01<00:00, 204.46it/s, acc=99.22%, loss=0.0095]
BP Epoch 8/100:  69%|â–ˆâ–ˆâ–ˆâ–ˆâ–ˆâ–ˆâ–Š   | 268/390 [00:01<00:00, 205.42it/s, acc=99.22%, loss=0.0095]
BP Epoch 8/100:  74%|â–ˆâ–ˆâ–ˆâ–ˆâ–ˆâ–ˆâ–ˆâ–  | 289/390 [00:01<00:00, 201.80it/s, acc=99.22%, loss=0.0095]
BP Epoch 8/100:  74%|â–ˆâ–ˆâ–ˆâ–ˆâ–ˆâ–ˆâ–ˆâ–  | 289/390 [00:01<00:00, 201.80it/s, acc=100.00%, loss=0.0003]
BP Epoch 8/100:  79%|â–ˆâ–ˆâ–ˆâ–ˆâ–ˆâ–ˆâ–ˆâ–‰  | 310/390 [00:01<00:00, 203.65it/s, acc=100.00%, loss=0.0003]
BP Epoch 8/100:  85%|â–ˆâ–ˆâ–ˆâ–ˆâ–ˆâ–ˆâ–ˆâ–ˆâ– | 331/390 [00:01<00:00, 204.63it/s, acc=100.00%, loss=0.0003]
BP Epoch 8/100:  90%|â–ˆâ–ˆâ–ˆâ–ˆâ–ˆâ–ˆâ–ˆâ–ˆâ–ˆ | 352/390 [00:01<00:00, 205.61it/s, acc=100.00%, loss=0.0003]
BP Epoch 8/100:  96%|â–ˆâ–ˆâ–ˆâ–ˆâ–ˆâ–ˆâ–ˆâ–ˆâ–ˆâ–Œ| 373/390 [00:01<00:00, 201.91it/s, acc=100.00%, loss=0.0003]
BP Epoch 8/100:  96%|â–ˆâ–ˆâ–ˆâ–ˆâ–ˆâ–ˆâ–ˆâ–ˆâ–ˆâ–Œ| 373/390 [00:01<00:00, 201.91it/s, acc=99.22%, loss=0.0272] 
                                                                                           

Evaluating BP Model:   0%|          | 0/40 [00:00<?, ?it/s]
Evaluating BP Model:  22%|â–ˆâ–ˆâ–Ž       | 9/40 [00:00<00:00, 77.52it/s]
Evaluating BP Model:  52%|â–ˆâ–ˆâ–ˆâ–ˆâ–ˆâ–Ž    | 21/40 [00:00<00:00, 95.26it/s]
Evaluating BP Model:  82%|â–ˆâ–ˆâ–ˆâ–ˆâ–ˆâ–ˆâ–ˆâ–ˆâ–Ž | 33/40 [00:00<00:00, 100.92it/s]
                                                                     

BP Epoch 9/100:   0%|          | 0/390 [00:00<?, ?it/s]
BP Epoch 9/100:   4%|â–         | 15/390 [00:00<00:02, 147.31it/s]
BP Epoch 9/100:   9%|â–‰         | 36/390 [00:00<00:01, 183.42it/s]
BP Epoch 9/100:  15%|â–ˆâ–        | 57/390 [00:00<00:01, 187.89it/s]
BP Epoch 9/100:  20%|â–ˆâ–ˆ        | 78/390 [00:00<00:01, 195.73it/s]
BP Epoch 9/100:  25%|â–ˆâ–ˆâ–Œ       | 99/390 [00:00<00:01, 200.30it/s]
BP Epoch 9/100:  25%|â–ˆâ–ˆâ–Œ       | 99/390 [00:00<00:01, 200.30it/s, acc=99.22%, loss=0.0365]
BP Epoch 9/100:  31%|â–ˆâ–ˆâ–ˆ       | 120/390 [00:00<00:01, 202.85it/s, acc=99.22%, loss=0.0365]
BP Epoch 9/100:  36%|â–ˆâ–ˆâ–ˆâ–Œ      | 141/390 [00:00<00:01, 199.34it/s, acc=99.22%, loss=0.0365]
BP Epoch 9/100:  42%|â–ˆâ–ˆâ–ˆâ–ˆâ–     | 162/390 [00:00<00:01, 202.40it/s, acc=99.22%, loss=0.0365]
BP Epoch 9/100:  47%|â–ˆâ–ˆâ–ˆâ–ˆâ–‹     | 183/390 [00:00<00:01, 204.40it/s, acc=99.22%, loss=0.0365]
BP Epoch 9/100:  47%|â–ˆâ–ˆâ–ˆâ–ˆâ–‹     | 183/390 [00:01<00:01, 204.40it/s, acc=100.00%, loss=0.0003]
BP Epoch 9/100:  52%|â–ˆâ–ˆâ–ˆâ–ˆâ–ˆâ–    | 204/390 [00:01<00:00, 205.19it/s, acc=100.00%, loss=0.0003]
BP Epoch 9/100:  58%|â–ˆâ–ˆâ–ˆâ–ˆâ–ˆâ–Š    | 225/390 [00:01<00:00, 202.03it/s, acc=100.00%, loss=0.0003]
BP Epoch 9/100:  63%|â–ˆâ–ˆâ–ˆâ–ˆâ–ˆâ–ˆâ–Ž   | 246/390 [00:01<00:00, 204.22it/s, acc=100.00%, loss=0.0003]
BP Epoch 9/100:  68%|â–ˆâ–ˆâ–ˆâ–ˆâ–ˆâ–ˆâ–Š   | 267/390 [00:01<00:00, 205.53it/s, acc=100.00%, loss=0.0003]
BP Epoch 9/100:  74%|â–ˆâ–ˆâ–ˆâ–ˆâ–ˆâ–ˆâ–ˆâ–  | 288/390 [00:01<00:00, 205.92it/s, acc=100.00%, loss=0.0003]
BP Epoch 9/100:  74%|â–ˆâ–ˆâ–ˆâ–ˆâ–ˆâ–ˆâ–ˆâ–  | 288/390 [00:01<00:00, 205.92it/s, acc=99.22%, loss=0.0111] 
BP Epoch 9/100:  79%|â–ˆâ–ˆâ–ˆâ–ˆâ–ˆâ–ˆâ–ˆâ–‰  | 309/390 [00:01<00:00, 202.65it/s, acc=99.22%, loss=0.0111]
BP Epoch 9/100:  85%|â–ˆâ–ˆâ–ˆâ–ˆâ–ˆâ–ˆâ–ˆâ–ˆâ– | 330/390 [00:01<00:00, 204.10it/s, acc=99.22%, loss=0.0111]
BP Epoch 9/100:  90%|â–ˆâ–ˆâ–ˆâ–ˆâ–ˆâ–ˆâ–ˆâ–ˆâ–ˆ | 351/390 [00:01<00:00, 205.24it/s, acc=99.22%, loss=0.0111]
BP Epoch 9/100:  95%|â–ˆâ–ˆâ–ˆâ–ˆâ–ˆâ–ˆâ–ˆâ–ˆâ–ˆâ–Œ| 372/390 [00:01<00:00, 205.69it/s, acc=99.22%, loss=0.0111]
BP Epoch 9/100:  95%|â–ˆâ–ˆâ–ˆâ–ˆâ–ˆâ–ˆâ–ˆâ–ˆâ–ˆâ–Œ| 372/390 [00:01<00:00, 205.69it/s, acc=100.00%, loss=0.0007]
                                                                                            

Evaluating BP Model:   0%|          | 0/40 [00:00<?, ?it/s]
Evaluating BP Model:  22%|â–ˆâ–ˆâ–Ž       | 9/40 [00:00<00:00, 77.99it/s]
Evaluating BP Model:  52%|â–ˆâ–ˆâ–ˆâ–ˆâ–ˆâ–Ž    | 21/40 [00:00<00:00, 95.39it/s]
Evaluating BP Model:  82%|â–ˆâ–ˆâ–ˆâ–ˆâ–ˆâ–ˆâ–ˆâ–ˆâ–Ž | 33/40 [00:00<00:00, 100.98it/s]
                                                                     

BP Epoch 10/100:   0%|          | 0/390 [00:00<?, ?it/s]
BP Epoch 10/100:   4%|â–         | 15/390 [00:00<00:02, 147.95it/s]
BP Epoch 10/100:   9%|â–‰         | 36/390 [00:00<00:01, 183.78it/s]
BP Epoch 10/100:  15%|â–ˆâ–        | 57/390 [00:00<00:01, 188.00it/s]
BP Epoch 10/100:  20%|â–ˆâ–ˆ        | 78/390 [00:00<00:01, 195.71it/s]
BP Epoch 10/100:  25%|â–ˆâ–ˆâ–Œ       | 99/390 [00:00<00:01, 200.35it/s]
BP Epoch 10/100:  25%|â–ˆâ–ˆâ–Œ       | 99/390 [00:00<00:01, 200.35it/s, acc=98.44%, loss=0.0992]
BP Epoch 10/100:  31%|â–ˆâ–ˆâ–ˆ       | 120/390 [00:00<00:01, 203.07it/s, acc=98.44%, loss=0.0992]
BP Epoch 10/100:  36%|â–ˆâ–ˆâ–ˆâ–Œ      | 141/390 [00:00<00:01, 199.17it/s, acc=98.44%, loss=0.0992]
BP Epoch 10/100:  42%|â–ˆâ–ˆâ–ˆâ–ˆâ–     | 162/390 [00:00<00:01, 201.73it/s, acc=98.44%, loss=0.0992]
BP Epoch 10/100:  47%|â–ˆâ–ˆâ–ˆâ–ˆâ–‹     | 183/390 [00:00<00:01, 203.92it/s, acc=98.44%, loss=0.0992]
BP Epoch 10/100:  47%|â–ˆâ–ˆâ–ˆâ–ˆâ–‹     | 183/390 [00:01<00:01, 203.92it/s, acc=100.00%, loss=0.0031]
BP Epoch 10/100:  52%|â–ˆâ–ˆâ–ˆâ–ˆâ–ˆâ–    | 204/390 [00:01<00:00, 204.90it/s, acc=100.00%, loss=0.0031]
BP Epoch 10/100:  58%|â–ˆâ–ˆâ–ˆâ–ˆâ–ˆâ–Š    | 225/390 [00:01<00:00, 201.53it/s, acc=100.00%, loss=0.0031]
BP Epoch 10/100:  63%|â–ˆâ–ˆâ–ˆâ–ˆâ–ˆâ–ˆâ–Ž   | 246/390 [00:01<00:00, 203.87it/s, acc=100.00%, loss=0.0031]
BP Epoch 10/100:  68%|â–ˆâ–ˆâ–ˆâ–ˆâ–ˆâ–ˆâ–Š   | 267/390 [00:01<00:00, 205.28it/s, acc=100.00%, loss=0.0031]
BP Epoch 10/100:  74%|â–ˆâ–ˆâ–ˆâ–ˆâ–ˆâ–ˆâ–ˆâ–  | 288/390 [00:01<00:00, 205.89it/s, acc=100.00%, loss=0.0031]
BP Epoch 10/100:  74%|â–ˆâ–ˆâ–ˆâ–ˆâ–ˆâ–ˆâ–ˆâ–  | 288/390 [00:01<00:00, 205.89it/s, acc=100.00%, loss=0.0000]
BP Epoch 10/100:  79%|â–ˆâ–ˆâ–ˆâ–ˆâ–ˆâ–ˆâ–ˆâ–‰  | 309/390 [00:01<00:00, 201.89it/s, acc=100.00%, loss=0.0000]
BP Epoch 10/100:  85%|â–ˆâ–ˆâ–ˆâ–ˆâ–ˆâ–ˆâ–ˆâ–ˆâ– | 330/390 [00:01<00:00, 203.88it/s, acc=100.00%, loss=0.0000]
BP Epoch 10/100:  90%|â–ˆâ–ˆâ–ˆâ–ˆâ–ˆâ–ˆâ–ˆâ–ˆâ–ˆ | 351/390 [00:01<00:00, 204.81it/s, acc=100.00%, loss=0.0000]
BP Epoch 10/100:  95%|â–ˆâ–ˆâ–ˆâ–ˆâ–ˆâ–ˆâ–ˆâ–ˆâ–ˆâ–Œ| 372/390 [00:01<00:00, 206.08it/s, acc=100.00%, loss=0.0000]
BP Epoch 10/100:  95%|â–ˆâ–ˆâ–ˆâ–ˆâ–ˆâ–ˆâ–ˆâ–ˆâ–ˆâ–Œ| 372/390 [00:01<00:00, 206.08it/s, acc=99.22%, loss=0.0084] 
                                                                                            

Evaluating BP Model:   0%|          | 0/40 [00:00<?, ?it/s]
Evaluating BP Model:  22%|â–ˆâ–ˆâ–Ž       | 9/40 [00:00<00:00, 77.25it/s]
Evaluating BP Model:  52%|â–ˆâ–ˆâ–ˆâ–ˆâ–ˆâ–Ž    | 21/40 [00:00<00:00, 94.70it/s]
Evaluating BP Model:  82%|â–ˆâ–ˆâ–ˆâ–ˆâ–ˆâ–ˆâ–ˆâ–ˆâ–Ž | 33/40 [00:00<00:00, 100.44it/s]
                                                                     

BP Epoch 11/100:   0%|          | 0/390 [00:00<?, ?it/s]
BP Epoch 11/100:   4%|â–         | 15/390 [00:00<00:02, 147.60it/s]
BP Epoch 11/100:   9%|â–‰         | 36/390 [00:00<00:01, 183.53it/s]
BP Epoch 11/100:  15%|â–ˆâ–        | 57/390 [00:00<00:01, 187.92it/s]
BP Epoch 11/100:  20%|â–ˆâ–ˆ        | 78/390 [00:00<00:01, 195.98it/s]
BP Epoch 11/100:  25%|â–ˆâ–ˆâ–Œ       | 99/390 [00:00<00:01, 200.56it/s]
BP Epoch 11/100:  25%|â–ˆâ–ˆâ–Œ       | 99/390 [00:00<00:01, 200.56it/s, acc=100.00%, loss=0.0013]
BP Epoch 11/100:  31%|â–ˆâ–ˆâ–ˆ       | 120/390 [00:00<00:01, 202.56it/s, acc=100.00%, loss=0.0013]
BP Epoch 11/100:  36%|â–ˆâ–ˆâ–ˆâ–Œ      | 141/390 [00:00<00:01, 199.64it/s, acc=100.00%, loss=0.0013]
BP Epoch 11/100:  42%|â–ˆâ–ˆâ–ˆâ–ˆâ–     | 162/390 [00:00<00:01, 202.31it/s, acc=100.00%, loss=0.0013]
BP Epoch 11/100:  47%|â–ˆâ–ˆâ–ˆâ–ˆâ–‹     | 183/390 [00:00<00:01, 203.75it/s, acc=100.00%, loss=0.0013]
BP Epoch 11/100:  47%|â–ˆâ–ˆâ–ˆâ–ˆâ–‹     | 183/390 [00:01<00:01, 203.75it/s, acc=100.00%, loss=0.0034]
BP Epoch 11/100:  52%|â–ˆâ–ˆâ–ˆâ–ˆâ–ˆâ–    | 204/390 [00:01<00:00, 204.98it/s, acc=100.00%, loss=0.0034]
BP Epoch 11/100:  58%|â–ˆâ–ˆâ–ˆâ–ˆâ–ˆâ–Š    | 225/390 [00:01<00:00, 201.35it/s, acc=100.00%, loss=0.0034]
BP Epoch 11/100:  63%|â–ˆâ–ˆâ–ˆâ–ˆâ–ˆâ–ˆâ–Ž   | 246/390 [00:01<00:00, 203.20it/s, acc=100.00%, loss=0.0034]
BP Epoch 11/100:  68%|â–ˆâ–ˆâ–ˆâ–ˆâ–ˆâ–ˆâ–Š   | 267/390 [00:01<00:00, 204.66it/s, acc=100.00%, loss=0.0034]
BP Epoch 11/100:  74%|â–ˆâ–ˆâ–ˆâ–ˆâ–ˆâ–ˆâ–ˆâ–  | 288/390 [00:01<00:00, 205.76it/s, acc=100.00%, loss=0.0034]
BP Epoch 11/100:  74%|â–ˆâ–ˆâ–ˆâ–ˆâ–ˆâ–ˆâ–ˆâ–  | 288/390 [00:01<00:00, 205.76it/s, acc=100.00%, loss=0.0042]
BP Epoch 11/100:  79%|â–ˆâ–ˆâ–ˆâ–ˆâ–ˆâ–ˆâ–ˆâ–‰  | 309/390 [00:01<00:00, 201.85it/s, acc=100.00%, loss=0.0042]
BP Epoch 11/100:  85%|â–ˆâ–ˆâ–ˆâ–ˆâ–ˆâ–ˆâ–ˆâ–ˆâ– | 330/390 [00:01<00:00, 203.47it/s, acc=100.00%, loss=0.0042]
BP Epoch 11/100:  90%|â–ˆâ–ˆâ–ˆâ–ˆâ–ˆâ–ˆâ–ˆâ–ˆâ–ˆ | 351/390 [00:01<00:00, 204.70it/s, acc=100.00%, loss=0.0042]
BP Epoch 11/100:  95%|â–ˆâ–ˆâ–ˆâ–ˆâ–ˆâ–ˆâ–ˆâ–ˆâ–ˆâ–Œ| 372/390 [00:01<00:00, 205.75it/s, acc=100.00%, loss=0.0042]
BP Epoch 11/100:  95%|â–ˆâ–ˆâ–ˆâ–ˆâ–ˆâ–ˆâ–ˆâ–ˆâ–ˆâ–Œ| 372/390 [00:01<00:00, 205.75it/s, acc=100.00%, loss=0.0000]
                                                                                             

Evaluating BP Model:   0%|          | 0/40 [00:00<?, ?it/s]
Evaluating BP Model:  22%|â–ˆâ–ˆâ–Ž       | 9/40 [00:00<00:00, 76.24it/s]
Evaluating BP Model:  52%|â–ˆâ–ˆâ–ˆâ–ˆâ–ˆâ–Ž    | 21/40 [00:00<00:00, 94.37it/s]
Evaluating BP Model:  82%|â–ˆâ–ˆâ–ˆâ–ˆâ–ˆâ–ˆâ–ˆâ–ˆâ–Ž | 33/40 [00:00<00:00, 100.68it/s]
                                                                     

BP Epoch 12/100:   0%|          | 0/390 [00:00<?, ?it/s]
BP Epoch 12/100:   4%|â–         | 16/390 [00:00<00:02, 156.82it/s]
BP Epoch 12/100:   9%|â–‰         | 37/390 [00:00<00:01, 179.68it/s]
BP Epoch 12/100:  15%|â–ˆâ–        | 58/390 [00:00<00:01, 192.24it/s]
BP Epoch 12/100:  20%|â–ˆâ–ˆ        | 79/390 [00:00<00:01, 198.81it/s]
BP Epoch 12/100:  20%|â–ˆâ–ˆ        | 79/390 [00:00<00:01, 198.81it/s, acc=100.00%, loss=0.0002]
BP Epoch 12/100:  26%|â–ˆâ–ˆâ–Œ       | 100/390 [00:00<00:01, 199.56it/s, acc=100.00%, loss=0.0002]
BP Epoch 12/100:  31%|â–ˆâ–ˆâ–ˆ       | 121/390 [00:00<00:01, 199.80it/s, acc=100.00%, loss=0.0002]
BP Epoch 12/100:  36%|â–ˆâ–ˆâ–ˆâ–‹      | 142/390 [00:00<00:01, 202.57it/s, acc=100.00%, loss=0.0002]
BP Epoch 12/100:  42%|â–ˆâ–ˆâ–ˆâ–ˆâ–     | 163/390 [00:00<00:01, 204.38it/s, acc=100.00%, loss=0.0002]
BP Epoch 12/100:  47%|â–ˆâ–ˆâ–ˆâ–ˆâ–‹     | 185/390 [00:00<00:01, 202.74it/s, acc=100.00%, loss=0.0002]
BP Epoch 12/100:  47%|â–ˆâ–ˆâ–ˆâ–ˆâ–‹     | 185/390 [00:01<00:01, 202.74it/s, acc=100.00%, loss=0.0000]
BP Epoch 12/100:  53%|â–ˆâ–ˆâ–ˆâ–ˆâ–ˆâ–Ž    | 206/390 [00:01<00:00, 204.73it/s, acc=100.00%, loss=0.0000]
BP Epoch 12/100:  58%|â–ˆâ–ˆâ–ˆâ–ˆâ–ˆâ–Š    | 227/390 [00:01<00:00, 205.77it/s, acc=100.00%, loss=0.0000]
BP Epoch 12/100:  64%|â–ˆâ–ˆâ–ˆâ–ˆâ–ˆâ–ˆâ–Ž   | 248/390 [00:01<00:00, 206.40it/s, acc=100.00%, loss=0.0000]
BP Epoch 12/100:  69%|â–ˆâ–ˆâ–ˆâ–ˆâ–ˆâ–ˆâ–‰   | 269/390 [00:01<00:00, 202.77it/s, acc=100.00%, loss=0.0000]
BP Epoch 12/100:  74%|â–ˆâ–ˆâ–ˆâ–ˆâ–ˆâ–ˆâ–ˆâ–  | 290/390 [00:01<00:00, 204.28it/s, acc=100.00%, loss=0.0000]
BP Epoch 12/100:  74%|â–ˆâ–ˆâ–ˆâ–ˆâ–ˆâ–ˆâ–ˆâ–  | 290/390 [00:01<00:00, 204.28it/s, acc=100.00%, loss=0.0000]
BP Epoch 12/100:  80%|â–ˆâ–ˆâ–ˆâ–ˆâ–ˆâ–ˆâ–ˆâ–‰  | 311/390 [00:01<00:00, 205.72it/s, acc=100.00%, loss=0.0000]
BP Epoch 12/100:  85%|â–ˆâ–ˆâ–ˆâ–ˆâ–ˆâ–ˆâ–ˆâ–ˆâ–Œ | 332/390 [00:01<00:00, 206.78it/s, acc=100.00%, loss=0.0000]
BP Epoch 12/100:  91%|â–ˆâ–ˆâ–ˆâ–ˆâ–ˆâ–ˆâ–ˆâ–ˆâ–ˆ | 353/390 [00:01<00:00, 202.86it/s, acc=100.00%, loss=0.0000]
BP Epoch 12/100:  96%|â–ˆâ–ˆâ–ˆâ–ˆâ–ˆâ–ˆâ–ˆâ–ˆâ–ˆâ–Œ| 374/390 [00:01<00:00, 204.73it/s, acc=100.00%, loss=0.0000]
BP Epoch 12/100:  96%|â–ˆâ–ˆâ–ˆâ–ˆâ–ˆâ–ˆâ–ˆâ–ˆâ–ˆâ–Œ| 374/390 [00:01<00:00, 204.73it/s, acc=100.00%, loss=0.0000]
                                                                                             

Evaluating BP Model:   0%|          | 0/40 [00:00<?, ?it/s]
Evaluating BP Model:  22%|â–ˆâ–ˆâ–Ž       | 9/40 [00:00<00:00, 75.79it/s]
Evaluating BP Model:  52%|â–ˆâ–ˆâ–ˆâ–ˆâ–ˆâ–Ž    | 21/40 [00:00<00:00, 93.62it/s]
Evaluating BP Model:  82%|â–ˆâ–ˆâ–ˆâ–ˆâ–ˆâ–ˆâ–ˆâ–ˆâ–Ž | 33/40 [00:00<00:00, 99.58it/s]
                                                                    

BP Epoch 13/100:   0%|          | 0/390 [00:00<?, ?it/s]
BP Epoch 13/100:   4%|â–         | 16/390 [00:00<00:02, 158.57it/s]
BP Epoch 13/100:   9%|â–‰         | 37/390 [00:00<00:01, 180.27it/s]
BP Epoch 13/100:  15%|â–ˆâ–        | 58/390 [00:00<00:01, 192.70it/s]
BP Epoch 13/100:  20%|â–ˆâ–ˆ        | 79/390 [00:00<00:01, 198.90it/s]
BP Epoch 13/100:  20%|â–ˆâ–ˆ        | 79/390 [00:00<00:01, 198.90it/s, acc=100.00%, loss=0.0001]
BP Epoch 13/100:  26%|â–ˆâ–ˆâ–Œ       | 100/390 [00:00<00:01, 194.70it/s, acc=100.00%, loss=0.0001]
BP Epoch 13/100:  32%|â–ˆâ–ˆâ–ˆâ–      | 123/390 [00:00<00:01, 204.43it/s, acc=100.00%, loss=0.0001]
BP Epoch 13/100:  37%|â–ˆâ–ˆâ–ˆâ–‹      | 144/390 [00:00<00:01, 205.41it/s, acc=100.00%, loss=0.0001][codecarbon INFO @ 03:49:04] Energy consumed for RAM : 0.000317 kWh. RAM Power : 38.0 W

BP Epoch 13/100:  42%|â–ˆâ–ˆâ–ˆâ–ˆâ–     | 165/390 [00:00<00:01, 201.69it/s, acc=100.00%, loss=0.0001]
BP Epoch 13/100:  48%|â–ˆâ–ˆâ–ˆâ–ˆâ–Š     | 186/390 [00:00<00:01, 203.74it/s, acc=100.00%, loss=0.0001]
BP Epoch 13/100:  48%|â–ˆâ–ˆâ–ˆâ–ˆâ–Š     | 186/390 [00:01<00:01, 203.74it/s, acc=100.00%, loss=0.0006]
BP Epoch 13/100:  53%|â–ˆâ–ˆâ–ˆâ–ˆâ–ˆâ–Ž    | 207/390 [00:01<00:00, 204.86it/s, acc=100.00%, loss=0.0006]
BP Epoch 13/100:  58%|â–ˆâ–ˆâ–ˆâ–ˆâ–ˆâ–Š    | 228/390 [00:01<00:00, 205.73it/s, acc=100.00%, loss=0.0006]
BP Epoch 13/100:  64%|â–ˆâ–ˆâ–ˆâ–ˆâ–ˆâ–ˆâ–   | 249/390 [00:01<00:00, 201.99it/s, acc=100.00%, loss=0.0006][codecarbon INFO @ 03:49:04] Delta energy consumed for CPU with cpu_load : 0.000255 kWh, power : 63.281250000000014 W
[codecarbon INFO @ 03:49:04] Energy consumed for All CPU : 0.000527 kWh
[codecarbon INFO @ 03:49:04] Energy consumed for all GPUs : 0.000710 kWh. Total GPU Power : 84.79275595921912 W
[codecarbon INFO @ 03:49:04] 0.001554 kWh of electricity used since the beginning.

BP Epoch 13/100:  69%|â–ˆâ–ˆâ–ˆâ–ˆâ–ˆâ–ˆâ–‰   | 270/390 [00:01<00:00, 203.37it/s, acc=100.00%, loss=0.0006]
BP Epoch 13/100:  75%|â–ˆâ–ˆâ–ˆâ–ˆâ–ˆâ–ˆâ–ˆâ–  | 291/390 [00:01<00:00, 205.12it/s, acc=100.00%, loss=0.0006]
BP Epoch 13/100:  75%|â–ˆâ–ˆâ–ˆâ–ˆâ–ˆâ–ˆâ–ˆâ–  | 291/390 [00:01<00:00, 205.12it/s, acc=100.00%, loss=0.0000]
BP Epoch 13/100:  80%|â–ˆâ–ˆâ–ˆâ–ˆâ–ˆâ–ˆâ–ˆâ–ˆ  | 312/390 [00:01<00:00, 205.99it/s, acc=100.00%, loss=0.0000]
BP Epoch 13/100:  85%|â–ˆâ–ˆâ–ˆâ–ˆâ–ˆâ–ˆâ–ˆâ–ˆâ–Œ | 333/390 [00:01<00:00, 202.21it/s, acc=100.00%, loss=0.0000]
BP Epoch 13/100:  91%|â–ˆâ–ˆâ–ˆâ–ˆâ–ˆâ–ˆâ–ˆâ–ˆâ–ˆ | 354/390 [00:01<00:00, 204.00it/s, acc=100.00%, loss=0.0000]
BP Epoch 13/100:  96%|â–ˆâ–ˆâ–ˆâ–ˆâ–ˆâ–ˆâ–ˆâ–ˆâ–ˆâ–Œ| 375/390 [00:01<00:00, 205.20it/s, acc=100.00%, loss=0.0000]
BP Epoch 13/100:  96%|â–ˆâ–ˆâ–ˆâ–ˆâ–ˆâ–ˆâ–ˆâ–ˆâ–ˆâ–Œ| 375/390 [00:01<00:00, 205.20it/s, acc=100.00%, loss=0.0038]
                                                                                             

Evaluating BP Model:   0%|          | 0/40 [00:00<?, ?it/s]
Evaluating BP Model:  22%|â–ˆâ–ˆâ–Ž       | 9/40 [00:00<00:00, 77.02it/s]
Evaluating BP Model:  52%|â–ˆâ–ˆâ–ˆâ–ˆâ–ˆâ–Ž    | 21/40 [00:00<00:00, 94.88it/s]
Evaluating BP Model:  82%|â–ˆâ–ˆâ–ˆâ–ˆâ–ˆâ–ˆâ–ˆâ–ˆâ–Ž | 33/40 [00:00<00:00, 100.59it/s]
                                                                     

BP Epoch 14/100:   0%|          | 0/390 [00:00<?, ?it/s]
BP Epoch 14/100:   4%|â–         | 16/390 [00:00<00:02, 157.90it/s]
BP Epoch 14/100:   9%|â–‰         | 37/390 [00:00<00:01, 179.40it/s]
BP Epoch 14/100:  15%|â–ˆâ–        | 58/390 [00:00<00:01, 192.01it/s]
BP Epoch 14/100:  20%|â–ˆâ–ˆ        | 79/390 [00:00<00:01, 198.01it/s]
BP Epoch 14/100:  20%|â–ˆâ–ˆ        | 79/390 [00:00<00:01, 198.01it/s, acc=99.22%, loss=0.0139]
BP Epoch 14/100:  26%|â–ˆâ–ˆâ–Œ       | 100/390 [00:00<00:01, 199.46it/s, acc=99.22%, loss=0.0139]
BP Epoch 14/100:  31%|â–ˆâ–ˆâ–ˆ       | 121/390 [00:00<00:01, 198.24it/s, acc=99.22%, loss=0.0139]
BP Epoch 14/100:  36%|â–ˆâ–ˆâ–ˆâ–‹      | 142/390 [00:00<00:01, 201.40it/s, acc=99.22%, loss=0.0139]
BP Epoch 14/100:  42%|â–ˆâ–ˆâ–ˆâ–ˆâ–     | 163/390 [00:00<00:01, 203.60it/s, acc=99.22%, loss=0.0139]
BP Epoch 14/100:  47%|â–ˆâ–ˆâ–ˆâ–ˆâ–‹     | 184/390 [00:00<00:01, 205.03it/s, acc=99.22%, loss=0.0139]
BP Epoch 14/100:  47%|â–ˆâ–ˆâ–ˆâ–ˆâ–‹     | 184/390 [00:01<00:01, 205.03it/s, acc=100.00%, loss=0.0000]
BP Epoch 14/100:  53%|â–ˆâ–ˆâ–ˆâ–ˆâ–ˆâ–Ž    | 205/390 [00:01<00:00, 201.52it/s, acc=100.00%, loss=0.0000]
BP Epoch 14/100:  58%|â–ˆâ–ˆâ–ˆâ–ˆâ–ˆâ–Š    | 226/390 [00:01<00:00, 203.01it/s, acc=100.00%, loss=0.0000]
BP Epoch 14/100:  63%|â–ˆâ–ˆâ–ˆâ–ˆâ–ˆâ–ˆâ–Ž   | 247/390 [00:01<00:00, 204.19it/s, acc=100.00%, loss=0.0000]
BP Epoch 14/100:  69%|â–ˆâ–ˆâ–ˆâ–ˆâ–ˆâ–ˆâ–Š   | 268/390 [00:01<00:00, 204.98it/s, acc=100.00%, loss=0.0000]
BP Epoch 14/100:  74%|â–ˆâ–ˆâ–ˆâ–ˆâ–ˆâ–ˆâ–ˆâ–  | 289/390 [00:01<00:00, 201.57it/s, acc=100.00%, loss=0.0000]
BP Epoch 14/100:  74%|â–ˆâ–ˆâ–ˆâ–ˆâ–ˆâ–ˆâ–ˆâ–  | 289/390 [00:01<00:00, 201.57it/s, acc=99.22%, loss=0.0068] 
BP Epoch 14/100:  79%|â–ˆâ–ˆâ–ˆâ–ˆâ–ˆâ–ˆâ–ˆâ–‰  | 310/390 [00:01<00:00, 203.00it/s, acc=99.22%, loss=0.0068]
BP Epoch 14/100:  85%|â–ˆâ–ˆâ–ˆâ–ˆâ–ˆâ–ˆâ–ˆâ–ˆâ– | 331/390 [00:01<00:00, 204.47it/s, acc=99.22%, loss=0.0068]
BP Epoch 14/100:  90%|â–ˆâ–ˆâ–ˆâ–ˆâ–ˆâ–ˆâ–ˆâ–ˆâ–ˆ | 352/390 [00:01<00:00, 205.06it/s, acc=99.22%, loss=0.0068]
BP Epoch 14/100:  96%|â–ˆâ–ˆâ–ˆâ–ˆâ–ˆâ–ˆâ–ˆâ–ˆâ–ˆâ–Œ| 373/390 [00:01<00:00, 201.97it/s, acc=99.22%, loss=0.0068]
BP Epoch 14/100:  96%|â–ˆâ–ˆâ–ˆâ–ˆâ–ˆâ–ˆâ–ˆâ–ˆâ–ˆâ–Œ| 373/390 [00:01<00:00, 201.97it/s, acc=100.00%, loss=0.0021]
                                                                                             

Evaluating BP Model:   0%|          | 0/40 [00:00<?, ?it/s]
Evaluating BP Model:  22%|â–ˆâ–ˆâ–Ž       | 9/40 [00:00<00:00, 77.46it/s]
Evaluating BP Model:  52%|â–ˆâ–ˆâ–ˆâ–ˆâ–ˆâ–Ž    | 21/40 [00:00<00:00, 94.95it/s]
Evaluating BP Model:  82%|â–ˆâ–ˆâ–ˆâ–ˆâ–ˆâ–ˆâ–ˆâ–ˆâ–Ž | 33/40 [00:00<00:00, 100.49it/s]
                                                                     

BP Epoch 15/100:   0%|          | 0/390 [00:00<?, ?it/s]
BP Epoch 15/100:   4%|â–         | 16/390 [00:00<00:02, 158.37it/s]
BP Epoch 15/100:   9%|â–‰         | 37/390 [00:00<00:01, 180.88it/s]
BP Epoch 15/100:  15%|â–ˆâ–        | 58/390 [00:00<00:01, 193.41it/s]
BP Epoch 15/100:  20%|â–ˆâ–ˆ        | 79/390 [00:00<00:01, 199.06it/s]
BP Epoch 15/100:  20%|â–ˆâ–ˆ        | 79/390 [00:00<00:01, 199.06it/s, acc=100.00%, loss=0.0001]
BP Epoch 15/100:  26%|â–ˆâ–ˆâ–Œ       | 100/390 [00:00<00:01, 200.38it/s, acc=100.00%, loss=0.0001]
BP Epoch 15/100:  31%|â–ˆâ–ˆâ–ˆ       | 121/390 [00:00<00:01, 199.91it/s, acc=100.00%, loss=0.0001]
BP Epoch 15/100:  36%|â–ˆâ–ˆâ–ˆâ–‹      | 142/390 [00:00<00:01, 202.09it/s, acc=100.00%, loss=0.0001]
BP Epoch 15/100:  42%|â–ˆâ–ˆâ–ˆâ–ˆâ–     | 163/390 [00:00<00:01, 203.18it/s, acc=100.00%, loss=0.0001]
BP Epoch 15/100:  47%|â–ˆâ–ˆâ–ˆâ–ˆâ–‹     | 184/390 [00:00<00:01, 204.37it/s, acc=100.00%, loss=0.0001]
BP Epoch 15/100:  47%|â–ˆâ–ˆâ–ˆâ–ˆâ–‹     | 184/390 [00:01<00:01, 204.37it/s, acc=100.00%, loss=0.0000]
BP Epoch 15/100:  53%|â–ˆâ–ˆâ–ˆâ–ˆâ–ˆâ–Ž    | 205/390 [00:01<00:00, 202.52it/s, acc=100.00%, loss=0.0000]
BP Epoch 15/100:  58%|â–ˆâ–ˆâ–ˆâ–ˆâ–ˆâ–Š    | 226/390 [00:01<00:00, 204.08it/s, acc=100.00%, loss=0.0000]
BP Epoch 15/100:  63%|â–ˆâ–ˆâ–ˆâ–ˆâ–ˆâ–ˆâ–Ž   | 247/390 [00:01<00:00, 203.28it/s, acc=100.00%, loss=0.0000]
BP Epoch 15/100:  69%|â–ˆâ–ˆâ–ˆâ–ˆâ–ˆâ–ˆâ–Š   | 268/390 [00:01<00:00, 204.46it/s, acc=100.00%, loss=0.0000]
BP Epoch 15/100:  74%|â–ˆâ–ˆâ–ˆâ–ˆâ–ˆâ–ˆâ–ˆâ–  | 289/390 [00:01<00:00, 203.90it/s, acc=100.00%, loss=0.0000]
BP Epoch 15/100:  74%|â–ˆâ–ˆâ–ˆâ–ˆâ–ˆâ–ˆâ–ˆâ–  | 289/390 [00:01<00:00, 203.90it/s, acc=100.00%, loss=0.0003]
BP Epoch 15/100:  79%|â–ˆâ–ˆâ–ˆâ–ˆâ–ˆâ–ˆâ–ˆâ–‰  | 310/390 [00:01<00:00, 205.39it/s, acc=100.00%, loss=0.0003]
BP Epoch 15/100:  85%|â–ˆâ–ˆâ–ˆâ–ˆâ–ˆâ–ˆâ–ˆâ–ˆâ– | 331/390 [00:01<00:00, 202.92it/s, acc=100.00%, loss=0.0003]
BP Epoch 15/100:  90%|â–ˆâ–ˆâ–ˆâ–ˆâ–ˆâ–ˆâ–ˆâ–ˆâ–ˆ | 352/390 [00:01<00:00, 204.26it/s, acc=100.00%, loss=0.0003]
BP Epoch 15/100:  96%|â–ˆâ–ˆâ–ˆâ–ˆâ–ˆâ–ˆâ–ˆâ–ˆâ–ˆâ–Œ| 373/390 [00:01<00:00, 204.78it/s, acc=100.00%, loss=0.0003]
BP Epoch 15/100:  96%|â–ˆâ–ˆâ–ˆâ–ˆâ–ˆâ–ˆâ–ˆâ–ˆâ–ˆâ–Œ| 373/390 [00:01<00:00, 204.78it/s, acc=99.22%, loss=0.0111] 
                                                                                            

Evaluating BP Model:   0%|          | 0/40 [00:00<?, ?it/s]
Evaluating BP Model:  22%|â–ˆâ–ˆâ–Ž       | 9/40 [00:00<00:00, 77.97it/s]
Evaluating BP Model:  52%|â–ˆâ–ˆâ–ˆâ–ˆâ–ˆâ–Ž    | 21/40 [00:00<00:00, 94.06it/s]
Evaluating BP Model:  82%|â–ˆâ–ˆâ–ˆâ–ˆâ–ˆâ–ˆâ–ˆâ–ˆâ–Ž | 33/40 [00:00<00:00, 100.15it/s]
                                                                     

BP Epoch 16/100:   0%|          | 0/390 [00:00<?, ?it/s]
BP Epoch 16/100:   4%|â–Ž         | 14/390 [00:00<00:02, 139.84it/s]
BP Epoch 16/100:   9%|â–‰         | 35/390 [00:00<00:01, 180.95it/s]
BP Epoch 16/100:  15%|â–ˆâ–        | 57/390 [00:00<00:01, 190.17it/s]
BP Epoch 16/100:  20%|â–ˆâ–ˆ        | 78/390 [00:00<00:01, 197.62it/s]
BP Epoch 16/100:  25%|â–ˆâ–ˆâ–Œ       | 99/390 [00:00<00:01, 201.81it/s]
BP Epoch 16/100:  25%|â–ˆâ–ˆâ–Œ       | 99/390 [00:00<00:01, 201.81it/s, acc=100.00%, loss=0.0000]
BP Epoch 16/100:  31%|â–ˆâ–ˆâ–ˆ       | 121/390 [00:00<00:01, 201.70it/s, acc=100.00%, loss=0.0000]
BP Epoch 16/100:  36%|â–ˆâ–ˆâ–ˆâ–‹      | 142/390 [00:00<00:01, 204.00it/s, acc=100.00%, loss=0.0000]
BP Epoch 16/100:  42%|â–ˆâ–ˆâ–ˆâ–ˆâ–     | 163/390 [00:00<00:01, 205.79it/s, acc=100.00%, loss=0.0000]
BP Epoch 16/100:  47%|â–ˆâ–ˆâ–ˆâ–ˆâ–‹     | 184/390 [00:00<00:01, 204.20it/s, acc=100.00%, loss=0.0000]
BP Epoch 16/100:  47%|â–ˆâ–ˆâ–ˆâ–ˆâ–‹     | 184/390 [00:01<00:01, 204.20it/s, acc=100.00%, loss=0.0006]
BP Epoch 16/100:  53%|â–ˆâ–ˆâ–ˆâ–ˆâ–ˆâ–Ž    | 205/390 [00:01<00:00, 204.01it/s, acc=100.00%, loss=0.0006]
BP Epoch 16/100:  58%|â–ˆâ–ˆâ–ˆâ–ˆâ–ˆâ–Š    | 226/390 [00:01<00:00, 204.83it/s, acc=100.00%, loss=0.0006]
BP Epoch 16/100:  63%|â–ˆâ–ˆâ–ˆâ–ˆâ–ˆâ–ˆâ–Ž   | 247/390 [00:01<00:00, 205.50it/s, acc=100.00%, loss=0.0006]
BP Epoch 16/100:  69%|â–ˆâ–ˆâ–ˆâ–ˆâ–ˆâ–ˆâ–Š   | 268/390 [00:01<00:00, 201.95it/s, acc=100.00%, loss=0.0006]
BP Epoch 16/100:  74%|â–ˆâ–ˆâ–ˆâ–ˆâ–ˆâ–ˆâ–ˆâ–  | 289/390 [00:01<00:00, 203.18it/s, acc=100.00%, loss=0.0006]
BP Epoch 16/100:  74%|â–ˆâ–ˆâ–ˆâ–ˆâ–ˆâ–ˆâ–ˆâ–  | 289/390 [00:01<00:00, 203.18it/s, acc=100.00%, loss=0.0000]
BP Epoch 16/100:  79%|â–ˆâ–ˆâ–ˆâ–ˆâ–ˆâ–ˆâ–ˆâ–‰  | 310/390 [00:01<00:00, 204.10it/s, acc=100.00%, loss=0.0000]
BP Epoch 16/100:  85%|â–ˆâ–ˆâ–ˆâ–ˆâ–ˆâ–ˆâ–ˆâ–ˆâ– | 331/390 [00:01<00:00, 204.62it/s, acc=100.00%, loss=0.0000]
BP Epoch 16/100:  90%|â–ˆâ–ˆâ–ˆâ–ˆâ–ˆâ–ˆâ–ˆâ–ˆâ–ˆ | 352/390 [00:01<00:00, 200.80it/s, acc=100.00%, loss=0.0000]
BP Epoch 16/100:  96%|â–ˆâ–ˆâ–ˆâ–ˆâ–ˆâ–ˆâ–ˆâ–ˆâ–ˆâ–Œ| 373/390 [00:01<00:00, 202.69it/s, acc=100.00%, loss=0.0000]
BP Epoch 16/100:  96%|â–ˆâ–ˆâ–ˆâ–ˆâ–ˆâ–ˆâ–ˆâ–ˆâ–ˆâ–Œ| 373/390 [00:01<00:00, 202.69it/s, acc=100.00%, loss=0.0023]
                                                                                             

Evaluating BP Model:   0%|          | 0/40 [00:00<?, ?it/s]
Evaluating BP Model:  22%|â–ˆâ–ˆâ–Ž       | 9/40 [00:00<00:00, 77.50it/s]
Evaluating BP Model:  52%|â–ˆâ–ˆâ–ˆâ–ˆâ–ˆâ–Ž    | 21/40 [00:00<00:00, 94.80it/s]
Evaluating BP Model:  82%|â–ˆâ–ˆâ–ˆâ–ˆâ–ˆâ–ˆâ–ˆâ–ˆâ–Ž | 33/40 [00:00<00:00, 100.57it/s]
                                                                     

Evaluating BP Model:   0%|          | 0/40 [00:00<?, ?it/s]
Evaluating BP Model:   2%|â–Ž         | 1/40 [00:00<00:04,  8.15it/s]
Evaluating BP Model:  32%|â–ˆâ–ˆâ–ˆâ–Ž      | 13/40 [00:00<00:00, 65.01it/s]
Evaluating BP Model:  62%|â–ˆâ–ˆâ–ˆâ–ˆâ–ˆâ–ˆâ–Ž   | 25/40 [00:00<00:00, 84.08it/s]
Evaluating BP Model:  92%|â–ˆâ–ˆâ–ˆâ–ˆâ–ˆâ–ˆâ–ˆâ–ˆâ–ˆâ–Ž| 37/40 [00:00<00:00, 93.41it/s]
                                                                    
[codecarbon INFO @ 03:49:13] Energy consumed for RAM : 0.000408 kWh. RAM Power : 38.0 W
[codecarbon INFO @ 03:49:13] Delta energy consumed for CPU with cpu_load : 0.000145 kWh, power : 60.42272727272727 W
[codecarbon INFO @ 03:49:13] Energy consumed for All CPU : 0.000672 kWh
[codecarbon INFO @ 03:49:14] Energy consumed for all GPUs : 0.000918 kWh. Total GPU Power : 82.1525047121113 W
[codecarbon INFO @ 03:49:14] 0.001998 kWh of electricity used since the beginning.
wandb: uploading history steps 61-80, summary, console lines 580-775
wandb:                                                                                
wandb: 
wandb: Run history:
wandb:                  BP_Baseline/Epoch â–â–â–‚â–ƒâ–ƒâ–ƒâ–„â–…â–…â–…â–†â–‡â–‡â–‡â–ˆ
wandb:     BP_Baseline/Epoch_Duration_Sec â–ˆâ–‚â–â–â–‚â–â–â–‚â–â–‚â–â–â–â–‚â–‚
wandb: BP_Baseline/GPU_Mem_Used_MiB_Batch â–â–â–â–ˆâ–ˆâ–ˆâ–ˆâ–ˆâ–ˆâ–ˆâ–ˆâ–ˆâ–ˆâ–ˆâ–ˆâ–ˆâ–ˆâ–ˆâ–ˆâ–ˆâ–ˆâ–ˆâ–ˆâ–ˆâ–ˆâ–ˆâ–ˆâ–ˆâ–ˆâ–ˆâ–ˆâ–ˆâ–ˆâ–ˆâ–ˆâ–ˆâ–ˆâ–ˆâ–ˆâ–ˆ
wandb:          BP_Baseline/Learning_Rate â–â–â–â–â–â–â–â–â–â–â–â–â–â–â–
wandb: BP_Baseline/Peak_GPU_Mem_Epoch_MiB â–â–ˆâ–ˆâ–ˆâ–ˆâ–ˆâ–ˆâ–ˆâ–ˆâ–ˆâ–ˆâ–ˆâ–ˆâ–ˆâ–ˆ
wandb:        BP_Baseline/Train_Acc_Batch â–…â–â–„â–…â–…â–ˆâ–‚â–‡â–…â–ˆâ–‡â–ˆâ–ˆâ–„â–ˆâ–‡â–ˆâ–…â–ˆâ–‡â–‡â–‡â–‡â–ˆâ–…â–ˆâ–‡â–ˆâ–ˆâ–ˆâ–ˆâ–ˆâ–ˆâ–ˆâ–ˆâ–ˆâ–ˆâ–‡â–ˆâ–ˆ
wandb:        BP_Baseline/Train_Acc_Epoch â–â–…â–†â–‡â–‡â–‡â–‡â–ˆâ–ˆâ–ˆâ–ˆâ–ˆâ–ˆâ–ˆâ–ˆ
wandb:       BP_Baseline/Train_Loss_Batch â–…â–ˆâ–„â–„â–„â–â–â–‚â–â–„â–‚â–â–â–ƒâ–â–‚â–â–‚â–‚â–â–â–â–â–â–â–â–â–â–â–â–â–‚â–â–â–â–â–â–â–â–
wandb:       BP_Baseline/Train_Loss_Epoch â–ˆâ–„â–ƒâ–‚â–‚â–‚â–‚â–â–â–â–â–â–â–â–
wandb:          BP_Baseline/Val_Acc_Epoch â–â–„â–„â–…â–†â–‡â–†â–‡â–†â–„â–‡â–†â–†â–‡â–ˆ
wandb:         BP_Baseline/Val_Loss_Epoch â–‚â–ƒâ–ƒâ–‚â–â–â–„â–‚â–†â–†â–„â–†â–…â–ˆâ–„
wandb:         estimated_bp_update_gflops â–
wandb:               estimated_fwd_gflops â–
wandb:                final/Test_Accuracy â–
wandb:                    final/Test_Loss â–
wandb:   final/codecarbon_emissions_gCO2e â–
wandb:   final/estimated_bp_update_gflops â–
wandb:         final/estimated_fwd_gflops â–
wandb:        final/peak_gpu_mem_used_mib â–
wandb:      final/total_gpu_energy_joules â–
wandb:          final/total_gpu_energy_wh â–
wandb:       final/total_run_duration_sec â–
wandb:        final/training_duration_sec â–
wandb:                        global_step â–â–â–â–â–‚â–‚â–‚â–‚â–‚â–‚â–ƒâ–ƒâ–ƒâ–ƒâ–ƒâ–ƒâ–ƒâ–„â–„â–„â–„â–…â–…â–…â–…â–…â–…â–…â–†â–†â–†â–†â–†â–‡â–‡â–‡â–‡â–‡â–ˆâ–ˆ
wandb:           initial_gpu_mem_used_mib â–
wandb:             model_parameters_total â–
wandb:         model_parameters_trainable â–
wandb: 
wandb: Run summary:
wandb:                  BP_Baseline/Epoch 15
wandb:     BP_Baseline/Epoch_Duration_Sec 2.35639
wandb: BP_Baseline/GPU_Mem_Used_MiB_Batch 1080
wandb:          BP_Baseline/Learning_Rate 0.00157
wandb: BP_Baseline/Peak_GPU_Mem_Epoch_MiB 1080
wandb:        BP_Baseline/Train_Acc_Batch 100
wandb:        BP_Baseline/Train_Acc_Epoch 99.6895
wandb:       BP_Baseline/Train_Loss_Batch 0.00228
wandb:       BP_Baseline/Train_Loss_Epoch 0.0147
wandb:          BP_Baseline/Val_Acc_Epoch 99.1
wandb:         BP_Baseline/Val_Loss_Epoch 0.074
wandb:             codecarbon_country_iso POL
wandb:                 codecarbon_enabled True
wandb:                    codecarbon_mode offline
wandb:         estimated_bp_update_gflops 0.21839
wandb:               estimated_fwd_gflops 0.0728
wandb:                final/Test_Accuracy 98.8
wandb:                    final/Test_Loss 0.05709
wandb:   final/codecarbon_emissions_gCO2e 1.32261
wandb:   final/estimated_bp_update_gflops 0.21839
wandb:         final/estimated_fwd_gflops 0.0728
wandb:        final/peak_gpu_mem_used_mib 1080
wandb:      final/total_gpu_energy_joules 3167.08543
wandb:          final/total_gpu_energy_wh 0.87975
wandb:       final/total_run_duration_sec 41.15227
wandb:        final/training_duration_sec 37.78291
wandb:           initial_gpu_mem_used_mib 336.625
wandb:             model_parameters_total 674410
wandb:         model_parameters_trainable 674410
wandb: 
wandb: ðŸš€ View run bp_baseline_mnist_cnn_3block at: https://wandb.ai/przspyra11/BeyondBackpropagation/runs/tddfr8zg
wandb: â­ï¸ View project at: https://wandb.ai/przspyra11/BeyondBackpropagation
wandb: Synced 5 W&B file(s), 0 media file(s), 0 artifact file(s) and 0 other file(s)
wandb: Find logs at: ./wandb/run-20250508_034833-tddfr8zg/logs
