 binutils/2.38 loaded.
 bzip2/1.0.8 loaded.
 zlib/1.2.12 loaded.
 ncurses/6.3 loaded.
 libreadline/8.1.2 loaded.
 Tcl/8.6.12 loaded.
 SQLite/3.38.3 loaded.
 XZ/5.2.5 loaded.
 GMP/6.2.1 loaded.
 libffi/3.4.2 loaded.
 OpenSSL/1.1 loaded.
 Python/3.10.4 loaded.
 CUDA/12.4.0 loaded.

Currently Loaded Modules:
  1) binutils/2.38   5) libreadline/8.1.2   9) GMP/6.2.1      13) CUDA/12.4.0
  2) bzip2/1.0.8     6) Tcl/8.6.12         10) libffi/3.4.2
  3) zlib/1.2.12     7) SQLite/3.38.3      11) OpenSSL/1.1
  4) ncurses/6.3     8) XZ/5.2.5           12) Python/3.10.4

 

2025-05-08 03:49:01,954 - src.utils.config_parser - INFO - Successfully merged configuration from configs/bp_baselines/mnist_cnn_3block_bp.yaml and configs/base.yaml
wandb: Using wandb-core as the SDK backend.  Please refer to https://wandb.me/wandb-core for more information.
wandb: Currently logged in as: przspyra11 (agh_racing) to https://api.wandb.ai. Use `wandb login --relogin` to force relogin
wandb: Tracking run with wandb version 0.19.8
wandb: Run data is saved locally in /net/tscratch/people/plgspyra/BeyondBackpropagation/wandb/run-20250508_034902-9cdw5ha1
wandb: Run `wandb offline` to turn off syncing.
wandb: Syncing run bp_baseline_mnist_cnn_3block
wandb: â­ï¸ View project at https://wandb.ai/przspyra11/BeyondBackpropagation
wandb: ðŸš€ View run at https://wandb.ai/przspyra11/BeyondBackpropagation/runs/9cdw5ha1
[codecarbon INFO @ 03:49:03] offline tracker init
[codecarbon INFO @ 03:49:03] [setup] RAM Tracking...
[codecarbon INFO @ 03:49:03] [setup] CPU Tracking...
 Linux OS detected: Please ensure RAPL files exist at /sys/class/powercap/intel-rapl/subsystem to measure CPU

[codecarbon INFO @ 03:49:03] CPU Model on constant consumption mode: AMD EPYC 7742 64-Core Processor
[codecarbon INFO @ 03:49:03] [setup] GPU Tracking...
[codecarbon INFO @ 03:49:03] Tracking Nvidia GPU via pynvml
[codecarbon INFO @ 03:49:03] The below tracking methods have been set up:
                RAM Tracking Method: RAM power estimation model
                CPU Tracking Method: cpu_load
                GPU Tracking Method: pynvml
            
[codecarbon INFO @ 03:49:03] >>> Tracker's metadata:
[codecarbon INFO @ 03:49:03]   Platform system: Linux-5.14.0-503.26.1.el9_5.x86_64-x86_64-with-glibc2.34
[codecarbon INFO @ 03:49:03]   Python version: 3.10.4
[codecarbon INFO @ 03:49:03]   CodeCarbon version: 3.0.1
[codecarbon INFO @ 03:49:03]   Available RAM : 125.000 GB
[codecarbon INFO @ 03:49:03]   CPU count: 16 thread(s) in 2 physical CPU(s)
[codecarbon INFO @ 03:49:03]   CPU model: AMD EPYC 7742 64-Core Processor
[codecarbon INFO @ 03:49:03]   GPU count: 1
[codecarbon INFO @ 03:49:03]   GPU model: 1 x NVIDIA A100-SXM4-40GB BUT only tracking these GPU ids : [0]
[codecarbon INFO @ 03:49:03] Emissions data (if any) will be saved to file /net/tscratch/people/plgspyra/BeyondBackpropagation/results/carbon/bp_baseline_mnist_cnn_3block_carbon.csv

BP Epoch 1/100:   0%|          | 0/390 [00:00<?, ?it/s]
BP Epoch 1/100:   0%|          | 1/390 [00:00<00:58,  6.60it/s]
BP Epoch 1/100:   7%|â–‹         | 26/390 [00:00<00:02, 122.95it/s]
BP Epoch 1/100:  12%|â–ˆâ–        | 47/390 [00:00<00:02, 157.84it/s]
BP Epoch 1/100:  18%|â–ˆâ–Š        | 69/390 [00:00<00:01, 178.91it/s]
BP Epoch 1/100:  23%|â–ˆâ–ˆâ–Ž       | 90/390 [00:00<00:01, 186.61it/s]
BP Epoch 1/100:  23%|â–ˆâ–ˆâ–Ž       | 90/390 [00:00<00:01, 186.61it/s, acc=95.31%, loss=0.2091]
BP Epoch 1/100:  28%|â–ˆâ–ˆâ–Š       | 111/390 [00:00<00:01, 193.56it/s, acc=95.31%, loss=0.2091]
BP Epoch 1/100:  34%|â–ˆâ–ˆâ–ˆâ–      | 133/390 [00:00<00:01, 200.25it/s, acc=95.31%, loss=0.2091]
BP Epoch 1/100:  39%|â–ˆâ–ˆâ–ˆâ–‰      | 154/390 [00:00<00:01, 201.90it/s, acc=95.31%, loss=0.2091]
BP Epoch 1/100:  45%|â–ˆâ–ˆâ–ˆâ–ˆâ–     | 175/390 [00:00<00:01, 201.73it/s, acc=95.31%, loss=0.2091]
BP Epoch 1/100:  50%|â–ˆâ–ˆâ–ˆâ–ˆâ–ˆ     | 196/390 [00:01<00:00, 203.77it/s, acc=95.31%, loss=0.2091]
BP Epoch 1/100:  50%|â–ˆâ–ˆâ–ˆâ–ˆâ–ˆ     | 196/390 [00:01<00:00, 203.77it/s, acc=99.22%, loss=0.0151]
BP Epoch 1/100:  56%|â–ˆâ–ˆâ–ˆâ–ˆâ–ˆâ–Œ    | 217/390 [00:01<00:00, 205.42it/s, acc=99.22%, loss=0.0151]
BP Epoch 1/100:  61%|â–ˆâ–ˆâ–ˆâ–ˆâ–ˆâ–ˆâ–   | 239/390 [00:01<00:00, 203.91it/s, acc=99.22%, loss=0.0151]
BP Epoch 1/100:  67%|â–ˆâ–ˆâ–ˆâ–ˆâ–ˆâ–ˆâ–‹   | 260/390 [00:01<00:00, 205.30it/s, acc=99.22%, loss=0.0151]
BP Epoch 1/100:  72%|â–ˆâ–ˆâ–ˆâ–ˆâ–ˆâ–ˆâ–ˆâ–  | 282/390 [00:01<00:00, 208.08it/s, acc=99.22%, loss=0.0151]
BP Epoch 1/100:  72%|â–ˆâ–ˆâ–ˆâ–ˆâ–ˆâ–ˆâ–ˆâ–  | 282/390 [00:01<00:00, 208.08it/s, acc=96.09%, loss=0.0640]
BP Epoch 1/100:  78%|â–ˆâ–ˆâ–ˆâ–ˆâ–ˆâ–ˆâ–ˆâ–Š  | 303/390 [00:01<00:00, 204.44it/s, acc=96.09%, loss=0.0640]
BP Epoch 1/100:  83%|â–ˆâ–ˆâ–ˆâ–ˆâ–ˆâ–ˆâ–ˆâ–ˆâ–Ž | 325/390 [00:01<00:00, 207.29it/s, acc=96.09%, loss=0.0640]
BP Epoch 1/100:  89%|â–ˆâ–ˆâ–ˆâ–ˆâ–ˆâ–ˆâ–ˆâ–ˆâ–‰ | 347/390 [00:01<00:00, 205.38it/s, acc=96.09%, loss=0.0640]
BP Epoch 1/100:  94%|â–ˆâ–ˆâ–ˆâ–ˆâ–ˆâ–ˆâ–ˆâ–ˆâ–ˆâ–| 368/390 [00:01<00:00, 206.60it/s, acc=96.09%, loss=0.0640]
BP Epoch 1/100: 100%|â–ˆâ–ˆâ–ˆâ–ˆâ–ˆâ–ˆâ–ˆâ–ˆâ–ˆâ–‰| 389/390 [00:02<00:00, 200.87it/s, acc=96.09%, loss=0.0640]
BP Epoch 1/100: 100%|â–ˆâ–ˆâ–ˆâ–ˆâ–ˆâ–ˆâ–ˆâ–ˆâ–ˆâ–‰| 389/390 [00:02<00:00, 200.87it/s, acc=99.22%, loss=0.0718]
                                                                                           

Evaluating BP Model:   0%|          | 0/40 [00:00<?, ?it/s]
Evaluating BP Model:   2%|â–Ž         | 1/40 [00:00<00:04,  8.14it/s]
Evaluating BP Model:  32%|â–ˆâ–ˆâ–ˆâ–Ž      | 13/40 [00:00<00:00, 66.43it/s]
Evaluating BP Model:  62%|â–ˆâ–ˆâ–ˆâ–ˆâ–ˆâ–ˆâ–Ž   | 25/40 [00:00<00:00, 85.23it/s]
Evaluating BP Model:  92%|â–ˆâ–ˆâ–ˆâ–ˆâ–ˆâ–ˆâ–ˆâ–ˆâ–ˆâ–Ž| 37/40 [00:00<00:00, 94.49it/s]
                                                                    

BP Epoch 2/100:   0%|          | 0/390 [00:00<?, ?it/s]
BP Epoch 2/100:   4%|â–         | 17/390 [00:00<00:02, 156.49it/s]
BP Epoch 2/100:  10%|â–ˆ         | 39/390 [00:00<00:01, 190.18it/s]
BP Epoch 2/100:  16%|â–ˆâ–Œ        | 61/390 [00:00<00:01, 195.16it/s]
BP Epoch 2/100:  21%|â–ˆâ–ˆâ–       | 83/390 [00:00<00:01, 202.56it/s]
BP Epoch 2/100:  21%|â–ˆâ–ˆâ–       | 83/390 [00:00<00:01, 202.56it/s, acc=93.75%, loss=0.1464]
BP Epoch 2/100:  27%|â–ˆâ–ˆâ–‹       | 105/390 [00:00<00:01, 201.82it/s, acc=93.75%, loss=0.1464]
BP Epoch 2/100:  33%|â–ˆâ–ˆâ–ˆâ–Ž      | 127/390 [00:00<00:01, 205.70it/s, acc=93.75%, loss=0.1464]
BP Epoch 2/100:  38%|â–ˆâ–ˆâ–ˆâ–Š      | 149/390 [00:00<00:01, 204.70it/s, acc=93.75%, loss=0.1464]
BP Epoch 2/100:  44%|â–ˆâ–ˆâ–ˆâ–ˆâ–     | 171/390 [00:00<00:01, 207.58it/s, acc=93.75%, loss=0.1464]
BP Epoch 2/100:  49%|â–ˆâ–ˆâ–ˆâ–ˆâ–‰     | 193/390 [00:00<00:00, 205.42it/s, acc=93.75%, loss=0.1464]
BP Epoch 2/100:  49%|â–ˆâ–ˆâ–ˆâ–ˆâ–‰     | 193/390 [00:00<00:00, 205.42it/s, acc=99.22%, loss=0.0125]
BP Epoch 2/100:  55%|â–ˆâ–ˆâ–ˆâ–ˆâ–ˆâ–Œ    | 215/390 [00:01<00:00, 208.28it/s, acc=99.22%, loss=0.0125]
BP Epoch 2/100:  61%|â–ˆâ–ˆâ–ˆâ–ˆâ–ˆâ–ˆ    | 237/390 [00:01<00:00, 206.00it/s, acc=99.22%, loss=0.0125]
BP Epoch 2/100:  66%|â–ˆâ–ˆâ–ˆâ–ˆâ–ˆâ–ˆâ–Œ   | 258/390 [00:01<00:00, 207.10it/s, acc=99.22%, loss=0.0125]
BP Epoch 2/100:  72%|â–ˆâ–ˆâ–ˆâ–ˆâ–ˆâ–ˆâ–ˆâ–  | 279/390 [00:01<00:00, 207.89it/s, acc=99.22%, loss=0.0125]
BP Epoch 2/100:  72%|â–ˆâ–ˆâ–ˆâ–ˆâ–ˆâ–ˆâ–ˆâ–  | 279/390 [00:01<00:00, 207.89it/s, acc=97.66%, loss=0.2174]
BP Epoch 2/100:  77%|â–ˆâ–ˆâ–ˆâ–ˆâ–ˆâ–ˆâ–ˆâ–‹  | 300/390 [00:01<00:00, 206.95it/s, acc=97.66%, loss=0.2174]
BP Epoch 2/100:  82%|â–ˆâ–ˆâ–ˆâ–ˆâ–ˆâ–ˆâ–ˆâ–ˆâ– | 321/390 [00:01<00:00, 206.93it/s, acc=97.66%, loss=0.2174]
BP Epoch 2/100:  88%|â–ˆâ–ˆâ–ˆâ–ˆâ–ˆâ–ˆâ–ˆâ–ˆâ–Š | 342/390 [00:01<00:00, 206.49it/s, acc=97.66%, loss=0.2174]
BP Epoch 2/100:  93%|â–ˆâ–ˆâ–ˆâ–ˆâ–ˆâ–ˆâ–ˆâ–ˆâ–ˆâ–Ž| 364/390 [00:01<00:00, 208.73it/s, acc=97.66%, loss=0.2174]
BP Epoch 2/100:  99%|â–ˆâ–ˆâ–ˆâ–ˆâ–ˆâ–ˆâ–ˆâ–ˆâ–ˆâ–Š| 385/390 [00:01<00:00, 199.62it/s, acc=97.66%, loss=0.2174]
BP Epoch 2/100:  99%|â–ˆâ–ˆâ–ˆâ–ˆâ–ˆâ–ˆâ–ˆâ–ˆâ–ˆâ–Š| 385/390 [00:01<00:00, 199.62it/s, acc=100.00%, loss=0.0029]
                                                                                            

Evaluating BP Model:   0%|          | 0/40 [00:00<?, ?it/s]
Evaluating BP Model:  22%|â–ˆâ–ˆâ–Ž       | 9/40 [00:00<00:00, 75.49it/s]
Evaluating BP Model:  52%|â–ˆâ–ˆâ–ˆâ–ˆâ–ˆâ–Ž    | 21/40 [00:00<00:00, 94.06it/s]
Evaluating BP Model:  82%|â–ˆâ–ˆâ–ˆâ–ˆâ–ˆâ–ˆâ–ˆâ–ˆâ–Ž | 33/40 [00:00<00:00, 100.41it/s]
                                                                     

BP Epoch 3/100:   0%|          | 0/390 [00:00<?, ?it/s]
BP Epoch 3/100:   4%|â–         | 16/390 [00:00<00:02, 159.43it/s]
BP Epoch 3/100:   9%|â–‰         | 37/390 [00:00<00:01, 184.58it/s]
BP Epoch 3/100:  15%|â–ˆâ–Œ        | 59/390 [00:00<00:01, 197.30it/s]
BP Epoch 3/100:  21%|â–ˆâ–ˆ        | 81/390 [00:00<00:01, 201.84it/s]
BP Epoch 3/100:  21%|â–ˆâ–ˆ        | 81/390 [00:00<00:01, 201.84it/s, acc=99.22%, loss=0.0301]
BP Epoch 3/100:  26%|â–ˆâ–ˆâ–Œ       | 102/390 [00:00<00:01, 204.33it/s, acc=99.22%, loss=0.0301]
BP Epoch 3/100:  32%|â–ˆâ–ˆâ–ˆâ–      | 123/390 [00:00<00:01, 203.09it/s, acc=99.22%, loss=0.0301]
BP Epoch 3/100:  37%|â–ˆâ–ˆâ–ˆâ–‹      | 144/390 [00:00<00:01, 205.01it/s, acc=99.22%, loss=0.0301]
BP Epoch 3/100:  43%|â–ˆâ–ˆâ–ˆâ–ˆâ–Ž     | 166/390 [00:00<00:01, 207.79it/s, acc=99.22%, loss=0.0301]
BP Epoch 3/100:  48%|â–ˆâ–ˆâ–ˆâ–ˆâ–Š     | 187/390 [00:00<00:00, 203.78it/s, acc=99.22%, loss=0.0301]
BP Epoch 3/100:  48%|â–ˆâ–ˆâ–ˆâ–ˆâ–Š     | 187/390 [00:00<00:00, 203.78it/s, acc=99.22%, loss=0.0152]
BP Epoch 3/100:  53%|â–ˆâ–ˆâ–ˆâ–ˆâ–ˆâ–Ž    | 208/390 [00:01<00:00, 205.35it/s, acc=99.22%, loss=0.0152]
BP Epoch 3/100:  59%|â–ˆâ–ˆâ–ˆâ–ˆâ–ˆâ–Š    | 229/390 [00:01<00:00, 206.46it/s, acc=99.22%, loss=0.0152]
BP Epoch 3/100:  64%|â–ˆâ–ˆâ–ˆâ–ˆâ–ˆâ–ˆâ–   | 250/390 [00:01<00:00, 206.77it/s, acc=99.22%, loss=0.0152]
BP Epoch 3/100:  69%|â–ˆâ–ˆâ–ˆâ–ˆâ–ˆâ–ˆâ–‰   | 271/390 [00:01<00:00, 203.31it/s, acc=99.22%, loss=0.0152]
BP Epoch 3/100:  75%|â–ˆâ–ˆâ–ˆâ–ˆâ–ˆâ–ˆâ–ˆâ–Œ  | 293/390 [00:01<00:00, 206.48it/s, acc=99.22%, loss=0.0152]
BP Epoch 3/100:  75%|â–ˆâ–ˆâ–ˆâ–ˆâ–ˆâ–ˆâ–ˆâ–Œ  | 293/390 [00:01<00:00, 206.48it/s, acc=99.22%, loss=0.0367]
BP Epoch 3/100:  81%|â–ˆâ–ˆâ–ˆâ–ˆâ–ˆâ–ˆâ–ˆâ–ˆ  | 315/390 [00:01<00:00, 204.43it/s, acc=99.22%, loss=0.0367]
BP Epoch 3/100:  86%|â–ˆâ–ˆâ–ˆâ–ˆâ–ˆâ–ˆâ–ˆâ–ˆâ–‹ | 337/390 [00:01<00:00, 207.79it/s, acc=99.22%, loss=0.0367]
BP Epoch 3/100:  92%|â–ˆâ–ˆâ–ˆâ–ˆâ–ˆâ–ˆâ–ˆâ–ˆâ–ˆâ–| 359/390 [00:01<00:00, 205.68it/s, acc=99.22%, loss=0.0367]
BP Epoch 3/100:  98%|â–ˆâ–ˆâ–ˆâ–ˆâ–ˆâ–ˆâ–ˆâ–ˆâ–ˆâ–Š| 381/390 [00:01<00:00, 208.53it/s, acc=99.22%, loss=0.0367]
BP Epoch 3/100:  98%|â–ˆâ–ˆâ–ˆâ–ˆâ–ˆâ–ˆâ–ˆâ–ˆâ–ˆâ–Š| 381/390 [00:01<00:00, 208.53it/s, acc=97.66%, loss=0.0786]
                                                                                           

Evaluating BP Model:   0%|          | 0/40 [00:00<?, ?it/s]
Evaluating BP Model:  22%|â–ˆâ–ˆâ–Ž       | 9/40 [00:00<00:00, 76.46it/s]
Evaluating BP Model:  52%|â–ˆâ–ˆâ–ˆâ–ˆâ–ˆâ–Ž    | 21/40 [00:00<00:00, 94.49it/s]
Evaluating BP Model:  82%|â–ˆâ–ˆâ–ˆâ–ˆâ–ˆâ–ˆâ–ˆâ–ˆâ–Ž | 33/40 [00:00<00:00, 99.98it/s]
                                                                    

BP Epoch 4/100:   0%|          | 0/390 [00:00<?, ?it/s]
BP Epoch 4/100:   4%|â–         | 16/390 [00:00<00:02, 158.93it/s]
BP Epoch 4/100:   9%|â–‰         | 37/390 [00:00<00:01, 180.39it/s]
BP Epoch 4/100:  15%|â–ˆâ–Œ        | 59/390 [00:00<00:01, 195.72it/s]
BP Epoch 4/100:  21%|â–ˆâ–ˆ        | 80/390 [00:00<00:01, 201.17it/s]
BP Epoch 4/100:  21%|â–ˆâ–ˆ        | 80/390 [00:00<00:01, 201.17it/s, acc=99.22%, loss=0.0188]
BP Epoch 4/100:  26%|â–ˆâ–ˆâ–Œ       | 101/390 [00:00<00:01, 198.98it/s, acc=99.22%, loss=0.0188]
BP Epoch 4/100:  32%|â–ˆâ–ˆâ–ˆâ–      | 123/390 [00:00<00:01, 204.15it/s, acc=99.22%, loss=0.0188]
BP Epoch 4/100:  37%|â–ˆâ–ˆâ–ˆâ–‹      | 144/390 [00:00<00:01, 205.80it/s, acc=99.22%, loss=0.0188]
BP Epoch 4/100:  42%|â–ˆâ–ˆâ–ˆâ–ˆâ–     | 165/390 [00:00<00:01, 202.22it/s, acc=99.22%, loss=0.0188]
BP Epoch 4/100:  48%|â–ˆâ–ˆâ–ˆâ–ˆâ–Š     | 187/390 [00:00<00:00, 205.82it/s, acc=99.22%, loss=0.0188]
BP Epoch 4/100:  48%|â–ˆâ–ˆâ–ˆâ–ˆâ–Š     | 187/390 [00:00<00:00, 205.82it/s, acc=99.22%, loss=0.0378]
BP Epoch 4/100:  53%|â–ˆâ–ˆâ–ˆâ–ˆâ–ˆâ–Ž    | 208/390 [00:01<00:00, 207.06it/s, acc=99.22%, loss=0.0378]
BP Epoch 4/100:  59%|â–ˆâ–ˆâ–ˆâ–ˆâ–ˆâ–Š    | 229/390 [00:01<00:00, 203.47it/s, acc=99.22%, loss=0.0378]
BP Epoch 4/100:  64%|â–ˆâ–ˆâ–ˆâ–ˆâ–ˆâ–ˆâ–   | 251/390 [00:01<00:00, 206.50it/s, acc=99.22%, loss=0.0378]
BP Epoch 4/100:  70%|â–ˆâ–ˆâ–ˆâ–ˆâ–ˆâ–ˆâ–‰   | 272/390 [00:01<00:00, 206.93it/s, acc=99.22%, loss=0.0378]
BP Epoch 4/100:  75%|â–ˆâ–ˆâ–ˆâ–ˆâ–ˆâ–ˆâ–ˆâ–Œ  | 293/390 [00:01<00:00, 203.76it/s, acc=99.22%, loss=0.0378]
BP Epoch 4/100:  75%|â–ˆâ–ˆâ–ˆâ–ˆâ–ˆâ–ˆâ–ˆâ–Œ  | 293/390 [00:01<00:00, 203.76it/s, acc=100.00%, loss=0.0077]
BP Epoch 4/100:  81%|â–ˆâ–ˆâ–ˆâ–ˆâ–ˆâ–ˆâ–ˆâ–ˆ  | 314/390 [00:01<00:00, 205.23it/s, acc=100.00%, loss=0.0077]
BP Epoch 4/100:  86%|â–ˆâ–ˆâ–ˆâ–ˆâ–ˆâ–ˆâ–ˆâ–ˆâ–Œ | 335/390 [00:01<00:00, 206.19it/s, acc=100.00%, loss=0.0077]
BP Epoch 4/100:  91%|â–ˆâ–ˆâ–ˆâ–ˆâ–ˆâ–ˆâ–ˆâ–ˆâ–ˆâ–| 356/390 [00:01<00:00, 206.58it/s, acc=100.00%, loss=0.0077]
BP Epoch 4/100:  97%|â–ˆâ–ˆâ–ˆâ–ˆâ–ˆâ–ˆâ–ˆâ–ˆâ–ˆâ–‹| 377/390 [00:01<00:00, 203.55it/s, acc=100.00%, loss=0.0077]
BP Epoch 4/100:  97%|â–ˆâ–ˆâ–ˆâ–ˆâ–ˆâ–ˆâ–ˆâ–ˆâ–ˆâ–‹| 377/390 [00:01<00:00, 203.55it/s, acc=96.88%, loss=0.0978] 
                                                                                           

Evaluating BP Model:   0%|          | 0/40 [00:00<?, ?it/s]
Evaluating BP Model:  22%|â–ˆâ–ˆâ–Ž       | 9/40 [00:00<00:00, 76.88it/s]
Evaluating BP Model:  52%|â–ˆâ–ˆâ–ˆâ–ˆâ–ˆâ–Ž    | 21/40 [00:00<00:00, 94.65it/s]
Evaluating BP Model:  82%|â–ˆâ–ˆâ–ˆâ–ˆâ–ˆâ–ˆâ–ˆâ–ˆâ–Ž | 33/40 [00:00<00:00, 100.60it/s]
                                                                     

BP Epoch 5/100:   0%|          | 0/390 [00:00<?, ?it/s]
BP Epoch 5/100:   4%|â–         | 17/390 [00:00<00:02, 154.96it/s]
BP Epoch 5/100:  10%|â–ˆ         | 39/390 [00:00<00:01, 189.18it/s]
BP Epoch 5/100:  16%|â–ˆâ–Œ        | 61/390 [00:00<00:01, 195.27it/s]
BP Epoch 5/100:  21%|â–ˆâ–ˆâ–       | 83/390 [00:00<00:01, 202.91it/s]
BP Epoch 5/100:  21%|â–ˆâ–ˆâ–       | 83/390 [00:00<00:01, 202.91it/s, acc=99.22%, loss=0.0494]
BP Epoch 5/100:  27%|â–ˆâ–ˆâ–‹       | 105/390 [00:00<00:01, 202.01it/s, acc=99.22%, loss=0.0494]
BP Epoch 5/100:  33%|â–ˆâ–ˆâ–ˆâ–Ž      | 127/390 [00:00<00:01, 205.98it/s, acc=99.22%, loss=0.0494]
BP Epoch 5/100:  38%|â–ˆâ–ˆâ–ˆâ–Š      | 149/390 [00:00<00:01, 204.50it/s, acc=99.22%, loss=0.0494]
BP Epoch 5/100:  44%|â–ˆâ–ˆâ–ˆâ–ˆâ–     | 171/390 [00:00<00:01, 207.45it/s, acc=99.22%, loss=0.0494]
BP Epoch 5/100:  49%|â–ˆâ–ˆâ–ˆâ–ˆâ–‰     | 193/390 [00:00<00:00, 205.83it/s, acc=99.22%, loss=0.0494]
BP Epoch 5/100:  49%|â–ˆâ–ˆâ–ˆâ–ˆâ–‰     | 193/390 [00:00<00:00, 205.83it/s, acc=100.00%, loss=0.0101]
BP Epoch 5/100:  55%|â–ˆâ–ˆâ–ˆâ–ˆâ–ˆâ–    | 214/390 [00:01<00:00, 207.02it/s, acc=100.00%, loss=0.0101]
BP Epoch 5/100:  61%|â–ˆâ–ˆâ–ˆâ–ˆâ–ˆâ–ˆ    | 236/390 [00:01<00:00, 209.46it/s, acc=100.00%, loss=0.0101]
BP Epoch 5/100:  66%|â–ˆâ–ˆâ–ˆâ–ˆâ–ˆâ–ˆâ–Œ   | 257/390 [00:01<00:00, 205.65it/s, acc=100.00%, loss=0.0101]
BP Epoch 5/100:  72%|â–ˆâ–ˆâ–ˆâ–ˆâ–ˆâ–ˆâ–ˆâ–  | 279/390 [00:01<00:00, 207.85it/s, acc=100.00%, loss=0.0101]
BP Epoch 5/100:  72%|â–ˆâ–ˆâ–ˆâ–ˆâ–ˆâ–ˆâ–ˆâ–  | 279/390 [00:01<00:00, 207.85it/s, acc=99.22%, loss=0.0065] 
BP Epoch 5/100:  77%|â–ˆâ–ˆâ–ˆâ–ˆâ–ˆâ–ˆâ–ˆâ–‹  | 300/390 [00:01<00:00, 206.94it/s, acc=99.22%, loss=0.0065]
BP Epoch 5/100:  82%|â–ˆâ–ˆâ–ˆâ–ˆâ–ˆâ–ˆâ–ˆâ–ˆâ– | 321/390 [00:01<00:00, 205.96it/s, acc=99.22%, loss=0.0065]
BP Epoch 5/100:  88%|â–ˆâ–ˆâ–ˆâ–ˆâ–ˆâ–ˆâ–ˆâ–ˆâ–Š | 343/390 [00:01<00:00, 207.91it/s, acc=99.22%, loss=0.0065]
BP Epoch 5/100:  93%|â–ˆâ–ˆâ–ˆâ–ˆâ–ˆâ–ˆâ–ˆâ–ˆâ–ˆâ–Ž| 364/390 [00:01<00:00, 208.48it/s, acc=99.22%, loss=0.0065]
BP Epoch 5/100:  99%|â–ˆâ–ˆâ–ˆâ–ˆâ–ˆâ–ˆâ–ˆâ–ˆâ–ˆâ–Š| 385/390 [00:01<00:00, 202.48it/s, acc=99.22%, loss=0.0065]
BP Epoch 5/100:  99%|â–ˆâ–ˆâ–ˆâ–ˆâ–ˆâ–ˆâ–ˆâ–ˆâ–ˆâ–Š| 385/390 [00:01<00:00, 202.48it/s, acc=99.22%, loss=0.0118]
                                                                                           

Evaluating BP Model:   0%|          | 0/40 [00:00<?, ?it/s]
Evaluating BP Model:  22%|â–ˆâ–ˆâ–Ž       | 9/40 [00:00<00:00, 77.35it/s]
Evaluating BP Model:  52%|â–ˆâ–ˆâ–ˆâ–ˆâ–ˆâ–Ž    | 21/40 [00:00<00:00, 95.06it/s]
Evaluating BP Model:  82%|â–ˆâ–ˆâ–ˆâ–ˆâ–ˆâ–ˆâ–ˆâ–ˆâ–Ž | 33/40 [00:00<00:00, 100.14it/s]
                                                                     

BP Epoch 6/100:   0%|          | 0/390 [00:00<?, ?it/s]
BP Epoch 6/100:   4%|â–         | 17/390 [00:00<00:02, 155.76it/s]
BP Epoch 6/100:  10%|â–ˆ         | 39/390 [00:00<00:01, 189.08it/s]
BP Epoch 6/100:  16%|â–ˆâ–Œ        | 61/390 [00:00<00:01, 194.60it/s]
BP Epoch 6/100:  21%|â–ˆâ–ˆâ–       | 83/390 [00:00<00:01, 202.10it/s]
BP Epoch 6/100:  21%|â–ˆâ–ˆâ–       | 83/390 [00:00<00:01, 202.10it/s, acc=100.00%, loss=0.0000]
BP Epoch 6/100:  27%|â–ˆâ–ˆâ–‹       | 105/390 [00:00<00:01, 202.71it/s, acc=100.00%, loss=0.0000]
BP Epoch 6/100:  33%|â–ˆâ–ˆâ–ˆâ–Ž      | 127/390 [00:00<00:01, 204.99it/s, acc=100.00%, loss=0.0000]
BP Epoch 6/100:  38%|â–ˆâ–ˆâ–ˆâ–Š      | 149/390 [00:00<00:01, 205.73it/s, acc=100.00%, loss=0.0000]
BP Epoch 6/100:  44%|â–ˆâ–ˆâ–ˆâ–ˆâ–     | 171/390 [00:00<00:01, 206.03it/s, acc=100.00%, loss=0.0000]
BP Epoch 6/100:  49%|â–ˆâ–ˆâ–ˆâ–ˆâ–‰     | 193/390 [00:00<00:00, 207.18it/s, acc=100.00%, loss=0.0000]
BP Epoch 6/100:  49%|â–ˆâ–ˆâ–ˆâ–ˆâ–‰     | 193/390 [00:00<00:00, 207.18it/s, acc=99.22%, loss=0.0256] 
BP Epoch 6/100:  55%|â–ˆâ–ˆâ–ˆâ–ˆâ–ˆâ–Œ    | 215/390 [00:01<00:00, 206.21it/s, acc=99.22%, loss=0.0256]
BP Epoch 6/100:  61%|â–ˆâ–ˆâ–ˆâ–ˆâ–ˆâ–ˆ    | 237/390 [00:01<00:00, 208.00it/s, acc=99.22%, loss=0.0256]
BP Epoch 6/100:  66%|â–ˆâ–ˆâ–ˆâ–ˆâ–ˆâ–ˆâ–‹   | 259/390 [00:01<00:00, 206.06it/s, acc=99.22%, loss=0.0256]
BP Epoch 6/100:  72%|â–ˆâ–ˆâ–ˆâ–ˆâ–ˆâ–ˆâ–ˆâ–  | 281/390 [00:01<00:00, 207.99it/s, acc=99.22%, loss=0.0256]
BP Epoch 6/100:  72%|â–ˆâ–ˆâ–ˆâ–ˆâ–ˆâ–ˆâ–ˆâ–  | 281/390 [00:01<00:00, 207.99it/s, acc=100.00%, loss=0.0003]
BP Epoch 6/100:  77%|â–ˆâ–ˆâ–ˆâ–ˆâ–ˆâ–ˆâ–ˆâ–‹  | 302/390 [00:01<00:00, 207.37it/s, acc=100.00%, loss=0.0003]
BP Epoch 6/100:  83%|â–ˆâ–ˆâ–ˆâ–ˆâ–ˆâ–ˆâ–ˆâ–ˆâ–Ž | 323/390 [00:01<00:00, 205.91it/s, acc=100.00%, loss=0.0003]
BP Epoch 6/100:  88%|â–ˆâ–ˆâ–ˆâ–ˆâ–ˆâ–ˆâ–ˆâ–ˆâ–Š | 344/390 [00:01<00:00, 206.98it/s, acc=100.00%, loss=0.0003]
BP Epoch 6/100:  94%|â–ˆâ–ˆâ–ˆâ–ˆâ–ˆâ–ˆâ–ˆâ–ˆâ–ˆâ–| 366/390 [00:01<00:00, 209.24it/s, acc=100.00%, loss=0.0003]
BP Epoch 6/100:  99%|â–ˆâ–ˆâ–ˆâ–ˆâ–ˆâ–ˆâ–ˆâ–ˆâ–ˆâ–‰| 387/390 [00:01<00:00, 194.88it/s, acc=100.00%, loss=0.0003]
BP Epoch 6/100:  99%|â–ˆâ–ˆâ–ˆâ–ˆâ–ˆâ–ˆâ–ˆâ–ˆâ–ˆâ–‰| 387/390 [00:01<00:00, 194.88it/s, acc=99.22%, loss=0.0165] 
                                                                                           

Evaluating BP Model:   0%|          | 0/40 [00:00<?, ?it/s]
Evaluating BP Model:  22%|â–ˆâ–ˆâ–Ž       | 9/40 [00:00<00:00, 77.95it/s]
Evaluating BP Model:  52%|â–ˆâ–ˆâ–ˆâ–ˆâ–ˆâ–Ž    | 21/40 [00:00<00:00, 95.47it/s][codecarbon INFO @ 03:49:19] Energy consumed for RAM : 0.000164 kWh. RAM Power : 38.0 W

Evaluating BP Model:  82%|â–ˆâ–ˆâ–ˆâ–ˆâ–ˆâ–ˆâ–ˆâ–ˆâ–Ž | 33/40 [00:00<00:00, 101.17it/s]
                                                                     

BP Epoch 7/100:   0%|          | 0/390 [00:00<?, ?it/s]
BP Epoch 7/100:   4%|â–         | 15/390 [00:00<00:02, 149.30it/s]
BP Epoch 7/100:   9%|â–‰         | 37/390 [00:00<00:01, 182.38it/s]
BP Epoch 7/100:  15%|â–ˆâ–Œ        | 59/390 [00:00<00:01, 197.58it/s][codecarbon INFO @ 03:49:19] Delta energy consumed for CPU with cpu_load : 0.000280 kWh, power : 65.01000000000002 W
[codecarbon INFO @ 03:49:19] Energy consumed for All CPU : 0.000280 kWh
[codecarbon INFO @ 03:49:19] Energy consumed for all GPUs : 0.000363 kWh. Total GPU Power : 81.58086745543918 W
[codecarbon INFO @ 03:49:19] 0.000806 kWh of electricity used since the beginning.

BP Epoch 7/100:  21%|â–ˆâ–ˆ        | 81/390 [00:00<00:01, 200.30it/s]
BP Epoch 7/100:  21%|â–ˆâ–ˆ        | 81/390 [00:00<00:01, 200.30it/s, acc=98.44%, loss=0.0251]
BP Epoch 7/100:  26%|â–ˆâ–ˆâ–‹       | 103/390 [00:00<00:01, 206.10it/s, acc=98.44%, loss=0.0251]
BP Epoch 7/100:  32%|â–ˆâ–ˆâ–ˆâ–      | 125/390 [00:00<00:01, 205.24it/s, acc=98.44%, loss=0.0251]
BP Epoch 7/100:  37%|â–ˆâ–ˆâ–ˆâ–‹      | 146/390 [00:00<00:01, 206.55it/s, acc=98.44%, loss=0.0251]
BP Epoch 7/100:  43%|â–ˆâ–ˆâ–ˆâ–ˆâ–Ž     | 167/390 [00:00<00:01, 207.50it/s, acc=98.44%, loss=0.0251]
BP Epoch 7/100:  48%|â–ˆâ–ˆâ–ˆâ–ˆâ–Š     | 189/390 [00:00<00:00, 209.17it/s, acc=98.44%, loss=0.0251]
BP Epoch 7/100:  48%|â–ˆâ–ˆâ–ˆâ–ˆâ–Š     | 189/390 [00:00<00:00, 209.17it/s, acc=100.00%, loss=0.0004]
BP Epoch 7/100:  54%|â–ˆâ–ˆâ–ˆâ–ˆâ–ˆâ–    | 210/390 [00:01<00:00, 206.41it/s, acc=100.00%, loss=0.0004]
BP Epoch 7/100:  59%|â–ˆâ–ˆâ–ˆâ–ˆâ–ˆâ–‰    | 231/390 [00:01<00:00, 206.46it/s, acc=100.00%, loss=0.0004]
BP Epoch 7/100:  65%|â–ˆâ–ˆâ–ˆâ–ˆâ–ˆâ–ˆâ–   | 253/390 [00:01<00:00, 208.96it/s, acc=100.00%, loss=0.0004]
BP Epoch 7/100:  70%|â–ˆâ–ˆâ–ˆâ–ˆâ–ˆâ–ˆâ–ˆ   | 274/390 [00:01<00:00, 206.75it/s, acc=100.00%, loss=0.0004]
BP Epoch 7/100:  76%|â–ˆâ–ˆâ–ˆâ–ˆâ–ˆâ–ˆâ–ˆâ–Œ  | 295/390 [00:01<00:00, 206.48it/s, acc=100.00%, loss=0.0004]
BP Epoch 7/100:  76%|â–ˆâ–ˆâ–ˆâ–ˆâ–ˆâ–ˆâ–ˆâ–Œ  | 295/390 [00:01<00:00, 206.48it/s, acc=100.00%, loss=0.0034]
BP Epoch 7/100:  81%|â–ˆâ–ˆâ–ˆâ–ˆâ–ˆâ–ˆâ–ˆâ–ˆâ– | 317/390 [00:01<00:00, 208.92it/s, acc=100.00%, loss=0.0034]
BP Epoch 7/100:  87%|â–ˆâ–ˆâ–ˆâ–ˆâ–ˆâ–ˆâ–ˆâ–ˆâ–‹ | 338/390 [00:01<00:00, 206.01it/s, acc=100.00%, loss=0.0034]
BP Epoch 7/100:  92%|â–ˆâ–ˆâ–ˆâ–ˆâ–ˆâ–ˆâ–ˆâ–ˆâ–ˆâ–| 359/390 [00:01<00:00, 206.50it/s, acc=100.00%, loss=0.0034]
BP Epoch 7/100:  97%|â–ˆâ–ˆâ–ˆâ–ˆâ–ˆâ–ˆâ–ˆâ–ˆâ–ˆâ–‹| 380/390 [00:01<00:00, 207.39it/s, acc=100.00%, loss=0.0034]
BP Epoch 7/100:  97%|â–ˆâ–ˆâ–ˆâ–ˆâ–ˆâ–ˆâ–ˆâ–ˆâ–ˆâ–‹| 380/390 [00:01<00:00, 207.39it/s, acc=100.00%, loss=0.0001]
                                                                                            

Evaluating BP Model:   0%|          | 0/40 [00:00<?, ?it/s]
Evaluating BP Model:  22%|â–ˆâ–ˆâ–Ž       | 9/40 [00:00<00:00, 75.25it/s]
Evaluating BP Model:  52%|â–ˆâ–ˆâ–ˆâ–ˆâ–ˆâ–Ž    | 21/40 [00:00<00:00, 92.93it/s]
Evaluating BP Model:  82%|â–ˆâ–ˆâ–ˆâ–ˆâ–ˆâ–ˆâ–ˆâ–ˆâ–Ž | 33/40 [00:00<00:00, 99.07it/s]
                                                                    

BP Epoch 8/100:   0%|          | 0/390 [00:00<?, ?it/s]
BP Epoch 8/100:   4%|â–         | 17/390 [00:00<00:02, 156.26it/s]
BP Epoch 8/100:  10%|â–ˆ         | 39/390 [00:00<00:01, 191.11it/s]
BP Epoch 8/100:  16%|â–ˆâ–Œ        | 61/390 [00:00<00:01, 197.74it/s]
BP Epoch 8/100:  21%|â–ˆâ–ˆ        | 82/390 [00:00<00:01, 201.64it/s]
BP Epoch 8/100:  21%|â–ˆâ–ˆ        | 82/390 [00:00<00:01, 201.64it/s, acc=100.00%, loss=0.0009]
BP Epoch 8/100:  26%|â–ˆâ–ˆâ–‹       | 103/390 [00:00<00:01, 204.28it/s, acc=100.00%, loss=0.0009]
BP Epoch 8/100:  32%|â–ˆâ–ˆâ–ˆâ–      | 124/390 [00:00<00:01, 205.55it/s, acc=100.00%, loss=0.0009]
BP Epoch 8/100:  37%|â–ˆâ–ˆâ–ˆâ–‹      | 145/390 [00:00<00:01, 206.98it/s, acc=100.00%, loss=0.0009]
BP Epoch 8/100:  43%|â–ˆâ–ˆâ–ˆâ–ˆâ–Ž     | 166/390 [00:00<00:01, 206.05it/s, acc=100.00%, loss=0.0009]
BP Epoch 8/100:  48%|â–ˆâ–ˆâ–ˆâ–ˆâ–Š     | 187/390 [00:00<00:00, 204.29it/s, acc=100.00%, loss=0.0009]
BP Epoch 8/100:  48%|â–ˆâ–ˆâ–ˆâ–ˆâ–Š     | 187/390 [00:00<00:00, 204.29it/s, acc=100.00%, loss=0.0000]
BP Epoch 8/100:  53%|â–ˆâ–ˆâ–ˆâ–ˆâ–ˆâ–Ž    | 208/390 [00:01<00:00, 205.77it/s, acc=100.00%, loss=0.0000]
BP Epoch 8/100:  59%|â–ˆâ–ˆâ–ˆâ–ˆâ–ˆâ–Š    | 229/390 [00:01<00:00, 206.39it/s, acc=100.00%, loss=0.0000]
BP Epoch 8/100:  64%|â–ˆâ–ˆâ–ˆâ–ˆâ–ˆâ–ˆâ–   | 250/390 [00:01<00:00, 207.23it/s, acc=100.00%, loss=0.0000]
BP Epoch 8/100:  69%|â–ˆâ–ˆâ–ˆâ–ˆâ–ˆâ–ˆâ–‰   | 271/390 [00:01<00:00, 204.13it/s, acc=100.00%, loss=0.0000]
BP Epoch 8/100:  75%|â–ˆâ–ˆâ–ˆâ–ˆâ–ˆâ–ˆâ–ˆâ–  | 292/390 [00:01<00:00, 205.48it/s, acc=100.00%, loss=0.0000]
BP Epoch 8/100:  75%|â–ˆâ–ˆâ–ˆâ–ˆâ–ˆâ–ˆâ–ˆâ–  | 292/390 [00:01<00:00, 205.48it/s, acc=99.22%, loss=0.0220] 
BP Epoch 8/100:  80%|â–ˆâ–ˆâ–ˆâ–ˆâ–ˆâ–ˆâ–ˆâ–ˆ  | 313/390 [00:01<00:00, 206.16it/s, acc=99.22%, loss=0.0220]
BP Epoch 8/100:  86%|â–ˆâ–ˆâ–ˆâ–ˆâ–ˆâ–ˆâ–ˆâ–ˆâ–Œ | 334/390 [00:01<00:00, 206.85it/s, acc=99.22%, loss=0.0220]
BP Epoch 8/100:  91%|â–ˆâ–ˆâ–ˆâ–ˆâ–ˆâ–ˆâ–ˆâ–ˆâ–ˆ | 355/390 [00:01<00:00, 203.37it/s, acc=99.22%, loss=0.0220]
BP Epoch 8/100:  96%|â–ˆâ–ˆâ–ˆâ–ˆâ–ˆâ–ˆâ–ˆâ–ˆâ–ˆâ–‹| 376/390 [00:01<00:00, 204.85it/s, acc=99.22%, loss=0.0220]
BP Epoch 8/100:  96%|â–ˆâ–ˆâ–ˆâ–ˆâ–ˆâ–ˆâ–ˆâ–ˆâ–ˆâ–‹| 376/390 [00:01<00:00, 204.85it/s, acc=100.00%, loss=0.0001]
                                                                                            

Evaluating BP Model:   0%|          | 0/40 [00:00<?, ?it/s]
Evaluating BP Model:  22%|â–ˆâ–ˆâ–Ž       | 9/40 [00:00<00:00, 76.88it/s]
Evaluating BP Model:  52%|â–ˆâ–ˆâ–ˆâ–ˆâ–ˆâ–Ž    | 21/40 [00:00<00:00, 94.08it/s]
Evaluating BP Model:  82%|â–ˆâ–ˆâ–ˆâ–ˆâ–ˆâ–ˆâ–ˆâ–ˆâ–Ž | 33/40 [00:00<00:00, 100.13it/s]
                                                                     

BP Epoch 9/100:   0%|          | 0/390 [00:00<?, ?it/s]
BP Epoch 9/100:   4%|â–         | 16/390 [00:00<00:02, 156.23it/s]
BP Epoch 9/100:   9%|â–‰         | 37/390 [00:00<00:01, 179.90it/s]
BP Epoch 9/100:  15%|â–ˆâ–        | 58/390 [00:00<00:01, 193.25it/s]
BP Epoch 9/100:  20%|â–ˆâ–ˆ        | 79/390 [00:00<00:01, 199.33it/s]
BP Epoch 9/100:  20%|â–ˆâ–ˆ        | 79/390 [00:00<00:01, 199.33it/s, acc=100.00%, loss=0.0004]
BP Epoch 9/100:  26%|â–ˆâ–ˆâ–Œ       | 100/390 [00:00<00:01, 200.84it/s, acc=100.00%, loss=0.0004]
BP Epoch 9/100:  31%|â–ˆâ–ˆâ–ˆ       | 121/390 [00:00<00:01, 200.24it/s, acc=100.00%, loss=0.0004]
BP Epoch 9/100:  36%|â–ˆâ–ˆâ–ˆâ–‹      | 142/390 [00:00<00:01, 202.95it/s, acc=100.00%, loss=0.0004]
BP Epoch 9/100:  42%|â–ˆâ–ˆâ–ˆâ–ˆâ–     | 164/390 [00:00<00:01, 206.44it/s, acc=100.00%, loss=0.0004]
BP Epoch 9/100:  47%|â–ˆâ–ˆâ–ˆâ–ˆâ–‹     | 185/390 [00:00<00:01, 201.95it/s, acc=100.00%, loss=0.0004]
BP Epoch 9/100:  47%|â–ˆâ–ˆâ–ˆâ–ˆâ–‹     | 185/390 [00:00<00:01, 201.95it/s, acc=100.00%, loss=0.0015]
BP Epoch 9/100:  53%|â–ˆâ–ˆâ–ˆâ–ˆâ–ˆâ–Ž    | 206/390 [00:01<00:00, 203.96it/s, acc=100.00%, loss=0.0015]
BP Epoch 9/100:  58%|â–ˆâ–ˆâ–ˆâ–ˆâ–ˆâ–Š    | 227/390 [00:01<00:00, 205.24it/s, acc=100.00%, loss=0.0015]
BP Epoch 9/100:  64%|â–ˆâ–ˆâ–ˆâ–ˆâ–ˆâ–ˆâ–Ž   | 248/390 [00:01<00:00, 206.12it/s, acc=100.00%, loss=0.0015]
BP Epoch 9/100:  69%|â–ˆâ–ˆâ–ˆâ–ˆâ–ˆâ–ˆâ–‰   | 269/390 [00:01<00:00, 202.35it/s, acc=100.00%, loss=0.0015]
BP Epoch 9/100:  75%|â–ˆâ–ˆâ–ˆâ–ˆâ–ˆâ–ˆâ–ˆâ–  | 291/390 [00:01<00:00, 205.90it/s, acc=100.00%, loss=0.0015]
BP Epoch 9/100:  75%|â–ˆâ–ˆâ–ˆâ–ˆâ–ˆâ–ˆâ–ˆâ–  | 291/390 [00:01<00:00, 205.90it/s, acc=99.22%, loss=0.0519] 
BP Epoch 9/100:  80%|â–ˆâ–ˆâ–ˆâ–ˆâ–ˆâ–ˆâ–ˆâ–ˆ  | 312/390 [00:01<00:00, 206.70it/s, acc=99.22%, loss=0.0519]
BP Epoch 9/100:  85%|â–ˆâ–ˆâ–ˆâ–ˆâ–ˆâ–ˆâ–ˆâ–ˆâ–Œ | 333/390 [00:01<00:00, 203.35it/s, acc=99.22%, loss=0.0519]
BP Epoch 9/100:  91%|â–ˆâ–ˆâ–ˆâ–ˆâ–ˆâ–ˆâ–ˆâ–ˆâ–ˆ | 354/390 [00:01<00:00, 204.78it/s, acc=99.22%, loss=0.0519]
BP Epoch 9/100:  96%|â–ˆâ–ˆâ–ˆâ–ˆâ–ˆâ–ˆâ–ˆâ–ˆâ–ˆâ–Œ| 375/390 [00:01<00:00, 205.57it/s, acc=99.22%, loss=0.0519]
BP Epoch 9/100:  96%|â–ˆâ–ˆâ–ˆâ–ˆâ–ˆâ–ˆâ–ˆâ–ˆâ–ˆâ–Œ| 375/390 [00:01<00:00, 205.57it/s, acc=99.22%, loss=0.0243]
                                                                                           

Evaluating BP Model:   0%|          | 0/40 [00:00<?, ?it/s]
Evaluating BP Model:  22%|â–ˆâ–ˆâ–Ž       | 9/40 [00:00<00:00, 76.26it/s]
Evaluating BP Model:  52%|â–ˆâ–ˆâ–ˆâ–ˆâ–ˆâ–Ž    | 21/40 [00:00<00:00, 94.08it/s]
Evaluating BP Model:  82%|â–ˆâ–ˆâ–ˆâ–ˆâ–ˆâ–ˆâ–ˆâ–ˆâ–Ž | 33/40 [00:00<00:00, 99.64it/s]
                                                                    

BP Epoch 10/100:   0%|          | 0/390 [00:00<?, ?it/s]
BP Epoch 10/100:   4%|â–         | 17/390 [00:00<00:02, 154.80it/s]
BP Epoch 10/100:  10%|â–ˆ         | 39/390 [00:00<00:01, 190.04it/s]
BP Epoch 10/100:  16%|â–ˆâ–Œ        | 61/390 [00:00<00:01, 194.88it/s]
BP Epoch 10/100:  21%|â–ˆâ–ˆâ–       | 83/390 [00:00<00:01, 202.29it/s]
BP Epoch 10/100:  21%|â–ˆâ–ˆâ–       | 83/390 [00:00<00:01, 202.29it/s, acc=99.22%, loss=0.0135]
BP Epoch 10/100:  27%|â–ˆâ–ˆâ–‹       | 105/390 [00:00<00:01, 201.78it/s, acc=99.22%, loss=0.0135]
BP Epoch 10/100:  33%|â–ˆâ–ˆâ–ˆâ–Ž      | 127/390 [00:00<00:01, 206.51it/s, acc=99.22%, loss=0.0135]
BP Epoch 10/100:  38%|â–ˆâ–ˆâ–ˆâ–Š      | 149/390 [00:00<00:01, 204.77it/s, acc=99.22%, loss=0.0135]
BP Epoch 10/100:  44%|â–ˆâ–ˆâ–ˆâ–ˆâ–     | 171/390 [00:00<00:01, 207.95it/s, acc=99.22%, loss=0.0135]
BP Epoch 10/100:  49%|â–ˆâ–ˆâ–ˆâ–ˆâ–‰     | 193/390 [00:00<00:00, 205.65it/s, acc=99.22%, loss=0.0135]
BP Epoch 10/100:  49%|â–ˆâ–ˆâ–ˆâ–ˆâ–‰     | 193/390 [00:00<00:00, 205.65it/s, acc=100.00%, loss=0.0006]
BP Epoch 10/100:  55%|â–ˆâ–ˆâ–ˆâ–ˆâ–ˆâ–Œ    | 215/390 [00:01<00:00, 208.06it/s, acc=100.00%, loss=0.0006]
BP Epoch 10/100:  61%|â–ˆâ–ˆâ–ˆâ–ˆâ–ˆâ–ˆ    | 237/390 [00:01<00:00, 206.20it/s, acc=100.00%, loss=0.0006]
BP Epoch 10/100:  66%|â–ˆâ–ˆâ–ˆâ–ˆâ–ˆâ–ˆâ–‹   | 259/390 [00:01<00:00, 208.51it/s, acc=100.00%, loss=0.0006]
BP Epoch 10/100:  72%|â–ˆâ–ˆâ–ˆâ–ˆâ–ˆâ–ˆâ–ˆâ–  | 281/390 [00:01<00:00, 206.21it/s, acc=100.00%, loss=0.0006]
BP Epoch 10/100:  72%|â–ˆâ–ˆâ–ˆâ–ˆâ–ˆâ–ˆâ–ˆâ–  | 281/390 [00:01<00:00, 206.21it/s, acc=100.00%, loss=0.0000]
BP Epoch 10/100:  78%|â–ˆâ–ˆâ–ˆâ–ˆâ–ˆâ–ˆâ–ˆâ–Š  | 303/390 [00:01<00:00, 208.24it/s, acc=100.00%, loss=0.0000]
BP Epoch 10/100:  83%|â–ˆâ–ˆâ–ˆâ–ˆâ–ˆâ–ˆâ–ˆâ–ˆâ–Ž | 325/390 [00:01<00:00, 206.25it/s, acc=100.00%, loss=0.0000]
BP Epoch 10/100:  89%|â–ˆâ–ˆâ–ˆâ–ˆâ–ˆâ–ˆâ–ˆâ–ˆâ–‰ | 347/390 [00:01<00:00, 207.85it/s, acc=100.00%, loss=0.0000]
BP Epoch 10/100:  94%|â–ˆâ–ˆâ–ˆâ–ˆâ–ˆâ–ˆâ–ˆâ–ˆâ–ˆâ–| 368/390 [00:01<00:00, 208.22it/s, acc=100.00%, loss=0.0000]
BP Epoch 10/100: 100%|â–ˆâ–ˆâ–ˆâ–ˆâ–ˆâ–ˆâ–ˆâ–ˆâ–ˆâ–‰| 389/390 [00:01<00:00, 205.97it/s, acc=100.00%, loss=0.0000]
BP Epoch 10/100: 100%|â–ˆâ–ˆâ–ˆâ–ˆâ–ˆâ–ˆâ–ˆâ–ˆâ–ˆâ–‰| 389/390 [00:01<00:00, 205.97it/s, acc=100.00%, loss=0.0001]
                                                                                             

Evaluating BP Model:   0%|          | 0/40 [00:00<?, ?it/s]
Evaluating BP Model:  22%|â–ˆâ–ˆâ–Ž       | 9/40 [00:00<00:00, 76.24it/s]
Evaluating BP Model:  52%|â–ˆâ–ˆâ–ˆâ–ˆâ–ˆâ–Ž    | 21/40 [00:00<00:00, 93.93it/s]
Evaluating BP Model:  82%|â–ˆâ–ˆâ–ˆâ–ˆâ–ˆâ–ˆâ–ˆâ–ˆâ–Ž | 33/40 [00:00<00:00, 98.60it/s]
                                                                    

BP Epoch 11/100:   0%|          | 0/390 [00:00<?, ?it/s]
BP Epoch 11/100:   4%|â–         | 16/390 [00:00<00:02, 157.04it/s]
BP Epoch 11/100:   9%|â–‰         | 37/390 [00:00<00:01, 176.57it/s]
BP Epoch 11/100:  15%|â–ˆâ–Œ        | 59/390 [00:00<00:01, 193.18it/s]
BP Epoch 11/100:  21%|â–ˆâ–ˆ        | 81/390 [00:00<00:01, 195.52it/s]
BP Epoch 11/100:  21%|â–ˆâ–ˆ        | 81/390 [00:00<00:01, 195.52it/s, acc=100.00%, loss=0.0000]
BP Epoch 11/100:  26%|â–ˆâ–ˆâ–‹       | 103/390 [00:00<00:01, 201.94it/s, acc=100.00%, loss=0.0000]
BP Epoch 11/100:  32%|â–ˆâ–ˆâ–ˆâ–      | 125/390 [00:00<00:01, 201.20it/s, acc=100.00%, loss=0.0000]
BP Epoch 11/100:  37%|â–ˆâ–ˆâ–ˆâ–‹      | 146/390 [00:00<00:01, 203.76it/s, acc=100.00%, loss=0.0000]
BP Epoch 11/100:  43%|â–ˆâ–ˆâ–ˆâ–ˆâ–Ž     | 168/390 [00:00<00:01, 207.38it/s, acc=100.00%, loss=0.0000]
BP Epoch 11/100:  48%|â–ˆâ–ˆâ–ˆâ–ˆâ–Š     | 189/390 [00:00<00:00, 204.48it/s, acc=100.00%, loss=0.0000]
BP Epoch 11/100:  48%|â–ˆâ–ˆâ–ˆâ–ˆâ–Š     | 189/390 [00:00<00:00, 204.48it/s, acc=100.00%, loss=0.0001]
BP Epoch 11/100:  54%|â–ˆâ–ˆâ–ˆâ–ˆâ–ˆâ–    | 211/390 [00:01<00:00, 207.40it/s, acc=100.00%, loss=0.0001]
BP Epoch 11/100:  60%|â–ˆâ–ˆâ–ˆâ–ˆâ–ˆâ–‰    | 233/390 [00:01<00:00, 205.77it/s, acc=100.00%, loss=0.0001]
BP Epoch 11/100:  65%|â–ˆâ–ˆâ–ˆâ–ˆâ–ˆâ–ˆâ–Œ   | 255/390 [00:01<00:00, 209.05it/s, acc=100.00%, loss=0.0001]
BP Epoch 11/100:  71%|â–ˆâ–ˆâ–ˆâ–ˆâ–ˆâ–ˆâ–ˆ   | 276/390 [00:01<00:00, 208.99it/s, acc=100.00%, loss=0.0001]
BP Epoch 11/100:  76%|â–ˆâ–ˆâ–ˆâ–ˆâ–ˆâ–ˆâ–ˆâ–Œ  | 297/390 [00:01<00:00, 206.77it/s, acc=100.00%, loss=0.0001]
BP Epoch 11/100:  76%|â–ˆâ–ˆâ–ˆâ–ˆâ–ˆâ–ˆâ–ˆâ–Œ  | 297/390 [00:01<00:00, 206.77it/s, acc=98.44%, loss=0.0629] 
BP Epoch 11/100:  82%|â–ˆâ–ˆâ–ˆâ–ˆâ–ˆâ–ˆâ–ˆâ–ˆâ– | 319/390 [00:01<00:00, 208.13it/s, acc=98.44%, loss=0.0629]
BP Epoch 11/100:  87%|â–ˆâ–ˆâ–ˆâ–ˆâ–ˆâ–ˆâ–ˆâ–ˆâ–‹ | 340/390 [00:01<00:00, 205.58it/s, acc=98.44%, loss=0.0629]
BP Epoch 11/100:  93%|â–ˆâ–ˆâ–ˆâ–ˆâ–ˆâ–ˆâ–ˆâ–ˆâ–ˆâ–Ž| 361/390 [00:01<00:00, 206.48it/s, acc=98.44%, loss=0.0629]
BP Epoch 11/100:  98%|â–ˆâ–ˆâ–ˆâ–ˆâ–ˆâ–ˆâ–ˆâ–ˆâ–ˆâ–Š| 382/390 [00:01<00:00, 207.43it/s, acc=98.44%, loss=0.0629]
BP Epoch 11/100:  98%|â–ˆâ–ˆâ–ˆâ–ˆâ–ˆâ–ˆâ–ˆâ–ˆâ–ˆâ–Š| 382/390 [00:01<00:00, 207.43it/s, acc=98.44%, loss=0.0637]
                                                                                            

Evaluating BP Model:   0%|          | 0/40 [00:00<?, ?it/s]
Evaluating BP Model:  22%|â–ˆâ–ˆâ–Ž       | 9/40 [00:00<00:00, 76.41it/s]
Evaluating BP Model:  52%|â–ˆâ–ˆâ–ˆâ–ˆâ–ˆâ–Ž    | 21/40 [00:00<00:00, 94.02it/s]
Evaluating BP Model:  82%|â–ˆâ–ˆâ–ˆâ–ˆâ–ˆâ–ˆâ–ˆâ–ˆâ–Ž | 33/40 [00:00<00:00, 99.71it/s]
                                                                    

BP Epoch 12/100:   0%|          | 0/390 [00:00<?, ?it/s]
BP Epoch 12/100:   4%|â–         | 17/390 [00:00<00:02, 156.21it/s]
BP Epoch 12/100:  10%|â–ˆ         | 39/390 [00:00<00:01, 188.20it/s]
BP Epoch 12/100:  16%|â–ˆâ–Œ        | 61/390 [00:00<00:01, 195.81it/s]
BP Epoch 12/100:  21%|â–ˆâ–ˆâ–       | 83/390 [00:00<00:01, 200.68it/s]
BP Epoch 12/100:  21%|â–ˆâ–ˆâ–       | 83/390 [00:00<00:01, 200.68it/s, acc=99.22%, loss=0.0243]
BP Epoch 12/100:  27%|â–ˆâ–ˆâ–‹       | 105/390 [00:00<00:01, 204.93it/s, acc=99.22%, loss=0.0243]
BP Epoch 12/100:  32%|â–ˆâ–ˆâ–ˆâ–      | 126/390 [00:00<00:01, 204.74it/s, acc=99.22%, loss=0.0243]
BP Epoch 12/100:  38%|â–ˆâ–ˆâ–ˆâ–Š      | 147/390 [00:00<00:01, 204.80it/s, acc=99.22%, loss=0.0243]
BP Epoch 12/100:  43%|â–ˆâ–ˆâ–ˆâ–ˆâ–Ž     | 169/390 [00:00<00:01, 207.56it/s, acc=99.22%, loss=0.0243]
BP Epoch 12/100:  49%|â–ˆâ–ˆâ–ˆâ–ˆâ–Š     | 190/390 [00:00<00:00, 205.42it/s, acc=99.22%, loss=0.0243]
BP Epoch 12/100:  49%|â–ˆâ–ˆâ–ˆâ–ˆâ–Š     | 190/390 [00:00<00:00, 205.42it/s, acc=100.00%, loss=0.0001]
BP Epoch 12/100:  54%|â–ˆâ–ˆâ–ˆâ–ˆâ–ˆâ–    | 211/390 [00:01<00:00, 206.51it/s, acc=100.00%, loss=0.0001]
BP Epoch 12/100:  60%|â–ˆâ–ˆâ–ˆâ–ˆâ–ˆâ–‰    | 233/390 [00:01<00:00, 209.04it/s, acc=100.00%, loss=0.0001]
BP Epoch 12/100:  65%|â–ˆâ–ˆâ–ˆâ–ˆâ–ˆâ–ˆâ–Œ   | 254/390 [00:01<00:00, 205.64it/s, acc=100.00%, loss=0.0001]
BP Epoch 12/100:  71%|â–ˆâ–ˆâ–ˆâ–ˆâ–ˆâ–ˆâ–ˆ   | 276/390 [00:01<00:00, 208.47it/s, acc=100.00%, loss=0.0001]
BP Epoch 12/100:  76%|â–ˆâ–ˆâ–ˆâ–ˆâ–ˆâ–ˆâ–ˆâ–‹  | 298/390 [00:01<00:00, 206.68it/s, acc=100.00%, loss=0.0001]
BP Epoch 12/100:  76%|â–ˆâ–ˆâ–ˆâ–ˆâ–ˆâ–ˆâ–ˆâ–‹  | 298/390 [00:01<00:00, 206.68it/s, acc=100.00%, loss=0.0000]
BP Epoch 12/100:  82%|â–ˆâ–ˆâ–ˆâ–ˆâ–ˆâ–ˆâ–ˆâ–ˆâ– | 320/390 [00:01<00:00, 209.66it/s, acc=100.00%, loss=0.0000]
BP Epoch 12/100:  88%|â–ˆâ–ˆâ–ˆâ–ˆâ–ˆâ–ˆâ–ˆâ–ˆâ–Š | 342/390 [00:01<00:00, 207.77it/s, acc=100.00%, loss=0.0000]
BP Epoch 12/100:  93%|â–ˆâ–ˆâ–ˆâ–ˆâ–ˆâ–ˆâ–ˆâ–ˆâ–ˆâ–Ž| 364/390 [00:01<00:00, 209.98it/s, acc=100.00%, loss=0.0000]
BP Epoch 12/100:  99%|â–ˆâ–ˆâ–ˆâ–ˆâ–ˆâ–ˆâ–ˆâ–ˆâ–ˆâ–‰| 386/390 [00:01<00:00, 200.06it/s, acc=100.00%, loss=0.0000]
BP Epoch 12/100:  99%|â–ˆâ–ˆâ–ˆâ–ˆâ–ˆâ–ˆâ–ˆâ–ˆâ–ˆâ–‰| 386/390 [00:01<00:00, 200.06it/s, acc=100.00%, loss=0.0000]
                                                                                             

Evaluating BP Model:   0%|          | 0/40 [00:00<?, ?it/s]
Evaluating BP Model:  22%|â–ˆâ–ˆâ–Ž       | 9/40 [00:00<00:00, 74.15it/s]
Evaluating BP Model:  52%|â–ˆâ–ˆâ–ˆâ–ˆâ–ˆâ–Ž    | 21/40 [00:00<00:00, 93.42it/s]
Evaluating BP Model:  82%|â–ˆâ–ˆâ–ˆâ–ˆâ–ˆâ–ˆâ–ˆâ–ˆâ–Ž | 33/40 [00:00<00:00, 98.88it/s]
                                                                    

BP Epoch 13/100:   0%|          | 0/390 [00:00<?, ?it/s]
BP Epoch 13/100:   4%|â–         | 15/390 [00:00<00:02, 148.52it/s]
BP Epoch 13/100:   9%|â–‰         | 37/390 [00:00<00:01, 182.99it/s]
BP Epoch 13/100:  15%|â–ˆâ–Œ        | 59/390 [00:00<00:01, 197.84it/s]
BP Epoch 13/100:  21%|â–ˆâ–ˆ        | 81/390 [00:00<00:01, 200.59it/s]
BP Epoch 13/100:  21%|â–ˆâ–ˆ        | 81/390 [00:00<00:01, 200.59it/s, acc=100.00%, loss=0.0001]
BP Epoch 13/100:  26%|â–ˆâ–ˆâ–‹       | 103/390 [00:00<00:01, 205.55it/s, acc=100.00%, loss=0.0001]
BP Epoch 13/100:  32%|â–ˆâ–ˆâ–ˆâ–      | 125/390 [00:00<00:01, 204.16it/s, acc=100.00%, loss=0.0001]
BP Epoch 13/100:  38%|â–ˆâ–ˆâ–ˆâ–Š      | 147/390 [00:00<00:01, 208.09it/s, acc=100.00%, loss=0.0001]
BP Epoch 13/100:  43%|â–ˆâ–ˆâ–ˆâ–ˆâ–Ž     | 169/390 [00:00<00:01, 205.80it/s, acc=100.00%, loss=0.0001][codecarbon INFO @ 03:49:34] Energy consumed for RAM : 0.000317 kWh. RAM Power : 38.0 W

BP Epoch 13/100:  49%|â–ˆâ–ˆâ–ˆâ–ˆâ–‰     | 191/390 [00:00<00:00, 208.50it/s, acc=100.00%, loss=0.0001]
BP Epoch 13/100:  49%|â–ˆâ–ˆâ–ˆâ–ˆâ–‰     | 191/390 [00:00<00:00, 208.50it/s, acc=100.00%, loss=0.0005]
BP Epoch 13/100:  55%|â–ˆâ–ˆâ–ˆâ–ˆâ–ˆâ–    | 213/390 [00:01<00:00, 206.31it/s, acc=100.00%, loss=0.0005]
BP Epoch 13/100:  60%|â–ˆâ–ˆâ–ˆâ–ˆâ–ˆâ–ˆ    | 235/390 [00:01<00:00, 209.00it/s, acc=100.00%, loss=0.0005]
BP Epoch 13/100:  66%|â–ˆâ–ˆâ–ˆâ–ˆâ–ˆâ–ˆâ–Œ   | 257/390 [00:01<00:00, 207.87it/s, acc=100.00%, loss=0.0005]
BP Epoch 13/100:  72%|â–ˆâ–ˆâ–ˆâ–ˆâ–ˆâ–ˆâ–ˆâ–  | 279/390 [00:01<00:00, 210.77it/s, acc=100.00%, loss=0.0005][codecarbon INFO @ 03:49:34] Delta energy consumed for CPU with cpu_load : 0.000272 kWh, power : 67.44375000000001 W
[codecarbon INFO @ 03:49:34] Energy consumed for All CPU : 0.000552 kWh
[codecarbon INFO @ 03:49:34] Energy consumed for all GPUs : 0.000727 kWh. Total GPU Power : 87.38237805843613 W
[codecarbon INFO @ 03:49:34] 0.001595 kWh of electricity used since the beginning.

BP Epoch 13/100:  72%|â–ˆâ–ˆâ–ˆâ–ˆâ–ˆâ–ˆâ–ˆâ–  | 279/390 [00:01<00:00, 210.77it/s, acc=100.00%, loss=0.0000]
BP Epoch 13/100:  77%|â–ˆâ–ˆâ–ˆâ–ˆâ–ˆâ–ˆâ–ˆâ–‹  | 301/390 [00:01<00:00, 200.12it/s, acc=100.00%, loss=0.0000]
BP Epoch 13/100:  84%|â–ˆâ–ˆâ–ˆâ–ˆâ–ˆâ–ˆâ–ˆâ–ˆâ–Ž | 326/390 [00:01<00:00, 212.40it/s, acc=100.00%, loss=0.0000]
BP Epoch 13/100:  89%|â–ˆâ–ˆâ–ˆâ–ˆâ–ˆâ–ˆâ–ˆâ–ˆâ–‰ | 348/390 [00:01<00:00, 213.07it/s, acc=100.00%, loss=0.0000]
BP Epoch 13/100:  95%|â–ˆâ–ˆâ–ˆâ–ˆâ–ˆâ–ˆâ–ˆâ–ˆâ–ˆâ–| 370/390 [00:01<00:00, 211.14it/s, acc=100.00%, loss=0.0000]
BP Epoch 13/100:  95%|â–ˆâ–ˆâ–ˆâ–ˆâ–ˆâ–ˆâ–ˆâ–ˆâ–ˆâ–| 370/390 [00:01<00:00, 211.14it/s, acc=100.00%, loss=0.0013]
                                                                                             

Evaluating BP Model:   0%|          | 0/40 [00:00<?, ?it/s]
Evaluating BP Model:  22%|â–ˆâ–ˆâ–Ž       | 9/40 [00:00<00:00, 76.40it/s]
Evaluating BP Model:  52%|â–ˆâ–ˆâ–ˆâ–ˆâ–ˆâ–Ž    | 21/40 [00:00<00:00, 93.96it/s]
Evaluating BP Model:  82%|â–ˆâ–ˆâ–ˆâ–ˆâ–ˆâ–ˆâ–ˆâ–ˆâ–Ž | 33/40 [00:00<00:00, 99.82it/s]
                                                                    

BP Epoch 14/100:   0%|          | 0/390 [00:00<?, ?it/s]
BP Epoch 14/100:   4%|â–         | 17/390 [00:00<00:02, 155.63it/s]
BP Epoch 14/100:  10%|â–ˆ         | 39/390 [00:00<00:01, 189.46it/s]
BP Epoch 14/100:  16%|â–ˆâ–Œ        | 61/390 [00:00<00:01, 197.58it/s]
BP Epoch 14/100:  21%|â–ˆâ–ˆ        | 82/390 [00:00<00:01, 201.79it/s]
BP Epoch 14/100:  21%|â–ˆâ–ˆ        | 82/390 [00:00<00:01, 201.79it/s, acc=100.00%, loss=0.0005]
BP Epoch 14/100:  27%|â–ˆâ–ˆâ–‹       | 104/390 [00:00<00:01, 203.73it/s, acc=100.00%, loss=0.0005]
BP Epoch 14/100:  32%|â–ˆâ–ˆâ–ˆâ–      | 125/390 [00:00<00:01, 205.49it/s, acc=100.00%, loss=0.0005]
BP Epoch 14/100:  37%|â–ˆâ–ˆâ–ˆâ–‹      | 146/390 [00:00<00:01, 206.03it/s, acc=100.00%, loss=0.0005]
BP Epoch 14/100:  43%|â–ˆâ–ˆâ–ˆâ–ˆâ–Ž     | 168/390 [00:00<00:01, 204.93it/s, acc=100.00%, loss=0.0005]
BP Epoch 14/100:  49%|â–ˆâ–ˆâ–ˆâ–ˆâ–Š     | 190/390 [00:00<00:00, 206.74it/s, acc=100.00%, loss=0.0005]
BP Epoch 14/100:  49%|â–ˆâ–ˆâ–ˆâ–ˆâ–Š     | 190/390 [00:00<00:00, 206.74it/s, acc=100.00%, loss=0.0000]
BP Epoch 14/100:  54%|â–ˆâ–ˆâ–ˆâ–ˆâ–ˆâ–    | 212/390 [00:01<00:00, 205.76it/s, acc=100.00%, loss=0.0000]
BP Epoch 14/100:  60%|â–ˆâ–ˆâ–ˆâ–ˆâ–ˆâ–‰    | 233/390 [00:01<00:00, 206.84it/s, acc=100.00%, loss=0.0000]
BP Epoch 14/100:  65%|â–ˆâ–ˆâ–ˆâ–ˆâ–ˆâ–ˆâ–Œ   | 255/390 [00:01<00:00, 208.93it/s, acc=100.00%, loss=0.0000]
BP Epoch 14/100:  71%|â–ˆâ–ˆâ–ˆâ–ˆâ–ˆâ–ˆâ–ˆ   | 276/390 [00:01<00:00, 205.27it/s, acc=100.00%, loss=0.0000]
BP Epoch 14/100:  76%|â–ˆâ–ˆâ–ˆâ–ˆâ–ˆâ–ˆâ–ˆâ–Œ  | 297/390 [00:01<00:00, 206.62it/s, acc=100.00%, loss=0.0000]
BP Epoch 14/100:  76%|â–ˆâ–ˆâ–ˆâ–ˆâ–ˆâ–ˆâ–ˆâ–Œ  | 297/390 [00:01<00:00, 206.62it/s, acc=99.22%, loss=0.0351] 
BP Epoch 14/100:  82%|â–ˆâ–ˆâ–ˆâ–ˆâ–ˆâ–ˆâ–ˆâ–ˆâ– | 318/390 [00:01<00:00, 207.54it/s, acc=99.22%, loss=0.0351]
BP Epoch 14/100:  87%|â–ˆâ–ˆâ–ˆâ–ˆâ–ˆâ–ˆâ–ˆâ–ˆâ–‹ | 339/390 [00:01<00:00, 207.86it/s, acc=99.22%, loss=0.0351]
BP Epoch 14/100:  92%|â–ˆâ–ˆâ–ˆâ–ˆâ–ˆâ–ˆâ–ˆâ–ˆâ–ˆâ–| 360/390 [00:01<00:00, 204.92it/s, acc=99.22%, loss=0.0351]
BP Epoch 14/100:  98%|â–ˆâ–ˆâ–ˆâ–ˆâ–ˆâ–ˆâ–ˆâ–ˆâ–ˆâ–Š| 382/390 [00:01<00:00, 207.67it/s, acc=99.22%, loss=0.0351]
BP Epoch 14/100:  98%|â–ˆâ–ˆâ–ˆâ–ˆâ–ˆâ–ˆâ–ˆâ–ˆâ–ˆâ–Š| 382/390 [00:01<00:00, 207.67it/s, acc=100.00%, loss=0.0004]
                                                                                             

Evaluating BP Model:   0%|          | 0/40 [00:00<?, ?it/s]
Evaluating BP Model:  22%|â–ˆâ–ˆâ–Ž       | 9/40 [00:00<00:00, 75.21it/s]
Evaluating BP Model:  52%|â–ˆâ–ˆâ–ˆâ–ˆâ–ˆâ–Ž    | 21/40 [00:00<00:00, 92.82it/s]
Evaluating BP Model:  82%|â–ˆâ–ˆâ–ˆâ–ˆâ–ˆâ–ˆâ–ˆâ–ˆâ–Ž | 33/40 [00:00<00:00, 99.16it/s]
                                                                    

BP Epoch 15/100:   0%|          | 0/390 [00:00<?, ?it/s]
BP Epoch 15/100:   4%|â–Ž         | 14/390 [00:00<00:02, 139.25it/s]
BP Epoch 15/100:   9%|â–‰         | 36/390 [00:00<00:01, 184.32it/s]
BP Epoch 15/100:  15%|â–ˆâ–        | 57/390 [00:00<00:01, 190.62it/s]
BP Epoch 15/100:  20%|â–ˆâ–ˆ        | 79/390 [00:00<00:01, 199.71it/s]
BP Epoch 15/100:  20%|â–ˆâ–ˆ        | 79/390 [00:00<00:01, 199.71it/s, acc=100.00%, loss=0.0000]
BP Epoch 15/100:  26%|â–ˆâ–ˆâ–Œ       | 100/390 [00:00<00:01, 202.20it/s, acc=100.00%, loss=0.0000]
BP Epoch 15/100:  31%|â–ˆâ–ˆâ–ˆ       | 121/390 [00:00<00:01, 201.40it/s, acc=100.00%, loss=0.0000]
BP Epoch 15/100:  36%|â–ˆâ–ˆâ–ˆâ–‹      | 142/390 [00:00<00:01, 203.88it/s, acc=100.00%, loss=0.0000]
BP Epoch 15/100:  42%|â–ˆâ–ˆâ–ˆâ–ˆâ–     | 163/390 [00:00<00:01, 205.63it/s, acc=100.00%, loss=0.0000]
BP Epoch 15/100:  47%|â–ˆâ–ˆâ–ˆâ–ˆâ–‹     | 184/390 [00:00<00:00, 206.54it/s, acc=100.00%, loss=0.0000]
BP Epoch 15/100:  47%|â–ˆâ–ˆâ–ˆâ–ˆâ–‹     | 184/390 [00:00<00:00, 206.54it/s, acc=100.00%, loss=0.0017]
BP Epoch 15/100:  53%|â–ˆâ–ˆâ–ˆâ–ˆâ–ˆâ–Ž    | 205/390 [00:01<00:00, 203.24it/s, acc=100.00%, loss=0.0017]
BP Epoch 15/100:  58%|â–ˆâ–ˆâ–ˆâ–ˆâ–ˆâ–Š    | 226/390 [00:01<00:00, 205.15it/s, acc=100.00%, loss=0.0017]
BP Epoch 15/100:  63%|â–ˆâ–ˆâ–ˆâ–ˆâ–ˆâ–ˆâ–Ž   | 247/390 [00:01<00:00, 206.21it/s, acc=100.00%, loss=0.0017]
BP Epoch 15/100:  69%|â–ˆâ–ˆâ–ˆâ–ˆâ–ˆâ–ˆâ–Š   | 268/390 [00:01<00:00, 207.29it/s, acc=100.00%, loss=0.0017]
BP Epoch 15/100:  74%|â–ˆâ–ˆâ–ˆâ–ˆâ–ˆâ–ˆâ–ˆâ–  | 289/390 [00:01<00:00, 204.19it/s, acc=100.00%, loss=0.0017]
BP Epoch 15/100:  74%|â–ˆâ–ˆâ–ˆâ–ˆâ–ˆâ–ˆâ–ˆâ–  | 289/390 [00:01<00:00, 204.19it/s, acc=100.00%, loss=0.0000]
BP Epoch 15/100:  79%|â–ˆâ–ˆâ–ˆâ–ˆâ–ˆâ–ˆâ–ˆâ–‰  | 310/390 [00:01<00:00, 205.60it/s, acc=100.00%, loss=0.0000]
BP Epoch 15/100:  85%|â–ˆâ–ˆâ–ˆâ–ˆâ–ˆâ–ˆâ–ˆâ–ˆâ– | 331/390 [00:01<00:00, 206.57it/s, acc=100.00%, loss=0.0000]
BP Epoch 15/100:  90%|â–ˆâ–ˆâ–ˆâ–ˆâ–ˆâ–ˆâ–ˆâ–ˆâ–ˆ | 352/390 [00:01<00:00, 207.53it/s, acc=100.00%, loss=0.0000]
BP Epoch 15/100:  96%|â–ˆâ–ˆâ–ˆâ–ˆâ–ˆâ–ˆâ–ˆâ–ˆâ–ˆâ–Œ| 373/390 [00:01<00:00, 204.06it/s, acc=100.00%, loss=0.0000]
BP Epoch 15/100:  96%|â–ˆâ–ˆâ–ˆâ–ˆâ–ˆâ–ˆâ–ˆâ–ˆâ–ˆâ–Œ| 373/390 [00:01<00:00, 204.06it/s, acc=99.22%, loss=0.0189] 
                                                                                            

Evaluating BP Model:   0%|          | 0/40 [00:00<?, ?it/s]
Evaluating BP Model:  22%|â–ˆâ–ˆâ–Ž       | 9/40 [00:00<00:00, 75.46it/s]
Evaluating BP Model:  52%|â–ˆâ–ˆâ–ˆâ–ˆâ–ˆâ–Ž    | 21/40 [00:00<00:00, 91.55it/s]
Evaluating BP Model:  82%|â–ˆâ–ˆâ–ˆâ–ˆâ–ˆâ–ˆâ–ˆâ–ˆâ–Ž | 33/40 [00:00<00:00, 98.12it/s]
                                                                    

BP Epoch 16/100:   0%|          | 0/390 [00:00<?, ?it/s]
BP Epoch 16/100:   4%|â–         | 15/390 [00:00<00:02, 146.54it/s]
BP Epoch 16/100:   9%|â–‰         | 37/390 [00:00<00:01, 180.35it/s]
BP Epoch 16/100:  15%|â–ˆâ–Œ        | 59/390 [00:00<00:01, 195.84it/s]
BP Epoch 16/100:  21%|â–ˆâ–ˆ        | 81/390 [00:00<00:01, 198.16it/s]
BP Epoch 16/100:  21%|â–ˆâ–ˆ        | 81/390 [00:00<00:01, 198.16it/s, acc=100.00%, loss=0.0043]
BP Epoch 16/100:  26%|â–ˆâ–ˆâ–‹       | 103/390 [00:00<00:01, 203.62it/s, acc=100.00%, loss=0.0043]
BP Epoch 16/100:  32%|â–ˆâ–ˆâ–ˆâ–      | 124/390 [00:00<00:01, 205.40it/s, acc=100.00%, loss=0.0043]
BP Epoch 16/100:  37%|â–ˆâ–ˆâ–ˆâ–‹      | 145/390 [00:00<00:01, 204.25it/s, acc=100.00%, loss=0.0043]
BP Epoch 16/100:  43%|â–ˆâ–ˆâ–ˆâ–ˆâ–Ž     | 167/390 [00:00<00:01, 203.83it/s, acc=100.00%, loss=0.0043]
BP Epoch 16/100:  48%|â–ˆâ–ˆâ–ˆâ–ˆâ–Š     | 188/390 [00:00<00:00, 205.06it/s, acc=100.00%, loss=0.0043]
BP Epoch 16/100:  48%|â–ˆâ–ˆâ–ˆâ–ˆâ–Š     | 188/390 [00:00<00:00, 205.06it/s, acc=100.00%, loss=0.0001]
BP Epoch 16/100:  54%|â–ˆâ–ˆâ–ˆâ–ˆâ–ˆâ–Ž    | 209/390 [00:01<00:00, 206.01it/s, acc=100.00%, loss=0.0001]
BP Epoch 16/100:  59%|â–ˆâ–ˆâ–ˆâ–ˆâ–ˆâ–‰    | 230/390 [00:01<00:00, 206.61it/s, acc=100.00%, loss=0.0001]
BP Epoch 16/100:  64%|â–ˆâ–ˆâ–ˆâ–ˆâ–ˆâ–ˆâ–   | 251/390 [00:01<00:00, 202.65it/s, acc=100.00%, loss=0.0001]
BP Epoch 16/100:  70%|â–ˆâ–ˆâ–ˆâ–ˆâ–ˆâ–ˆâ–‰   | 272/390 [00:01<00:00, 203.87it/s, acc=100.00%, loss=0.0001]
BP Epoch 16/100:  75%|â–ˆâ–ˆâ–ˆâ–ˆâ–ˆâ–ˆâ–ˆâ–Œ  | 293/390 [00:01<00:00, 205.21it/s, acc=100.00%, loss=0.0001]
BP Epoch 16/100:  75%|â–ˆâ–ˆâ–ˆâ–ˆâ–ˆâ–ˆâ–ˆâ–Œ  | 293/390 [00:01<00:00, 205.21it/s, acc=100.00%, loss=0.0000]
BP Epoch 16/100:  81%|â–ˆâ–ˆâ–ˆâ–ˆâ–ˆâ–ˆâ–ˆâ–ˆ  | 314/390 [00:01<00:00, 205.75it/s, acc=100.00%, loss=0.0000]
BP Epoch 16/100:  86%|â–ˆâ–ˆâ–ˆâ–ˆâ–ˆâ–ˆâ–ˆâ–ˆâ–Œ | 335/390 [00:01<00:00, 201.23it/s, acc=100.00%, loss=0.0000]
BP Epoch 16/100:  91%|â–ˆâ–ˆâ–ˆâ–ˆâ–ˆâ–ˆâ–ˆâ–ˆâ–ˆâ–| 356/390 [00:01<00:00, 202.88it/s, acc=100.00%, loss=0.0000]
BP Epoch 16/100:  97%|â–ˆâ–ˆâ–ˆâ–ˆâ–ˆâ–ˆâ–ˆâ–ˆâ–ˆâ–‹| 377/390 [00:01<00:00, 204.34it/s, acc=100.00%, loss=0.0000]
BP Epoch 16/100:  97%|â–ˆâ–ˆâ–ˆâ–ˆâ–ˆâ–ˆâ–ˆâ–ˆâ–ˆâ–‹| 377/390 [00:01<00:00, 204.34it/s, acc=100.00%, loss=0.0021]
                                                                                             

Evaluating BP Model:   0%|          | 0/40 [00:00<?, ?it/s]
Evaluating BP Model:  22%|â–ˆâ–ˆâ–Ž       | 9/40 [00:00<00:00, 75.87it/s]
Evaluating BP Model:  52%|â–ˆâ–ˆâ–ˆâ–ˆâ–ˆâ–Ž    | 21/40 [00:00<00:00, 93.82it/s]
Evaluating BP Model:  82%|â–ˆâ–ˆâ–ˆâ–ˆâ–ˆâ–ˆâ–ˆâ–ˆâ–Ž | 33/40 [00:00<00:00, 99.73it/s]
                                                                    

Evaluating BP Model:   0%|          | 0/40 [00:00<?, ?it/s]
Evaluating BP Model:   2%|â–Ž         | 1/40 [00:00<00:04,  8.39it/s]
Evaluating BP Model:  32%|â–ˆâ–ˆâ–ˆâ–Ž      | 13/40 [00:00<00:00, 65.18it/s]
Evaluating BP Model:  62%|â–ˆâ–ˆâ–ˆâ–ˆâ–ˆâ–ˆâ–Ž   | 25/40 [00:00<00:00, 84.27it/s]
Evaluating BP Model:  92%|â–ˆâ–ˆâ–ˆâ–ˆâ–ˆâ–ˆâ–ˆâ–ˆâ–ˆâ–Ž| 37/40 [00:00<00:00, 93.70it/s]
                                                                    
[codecarbon INFO @ 03:49:42] Energy consumed for RAM : 0.000405 kWh. RAM Power : 38.0 W
[codecarbon INFO @ 03:49:43] Delta energy consumed for CPU with cpu_load : 0.000185 kWh, power : 79.38000000000001 W
[codecarbon INFO @ 03:49:43] Energy consumed for All CPU : 0.000737 kWh
[codecarbon INFO @ 03:49:43] Energy consumed for all GPUs : 0.000932 kWh. Total GPU Power : 83.14233141089821 W
[codecarbon INFO @ 03:49:43] 0.002075 kWh of electricity used since the beginning.
wandb:                                                                                
wandb: 
wandb: Run history:
wandb:                  BP_Baseline/Epoch â–â–â–‚â–ƒâ–ƒâ–ƒâ–„â–…â–…â–…â–†â–‡â–‡â–‡â–ˆ
wandb:     BP_Baseline/Epoch_Duration_Sec â–ˆâ–‚â–‚â–‚â–â–‚â–â–â–‚â–â–‚â–‚â–â–â–‚
wandb: BP_Baseline/GPU_Mem_Used_MiB_Batch â–â–â–â–ˆâ–ˆâ–ˆâ–ˆâ–ˆâ–ˆâ–ˆâ–ˆâ–ˆâ–ˆâ–ˆâ–ˆâ–ˆâ–ˆâ–ˆâ–ˆâ–ˆâ–ˆâ–ˆâ–ˆâ–ˆâ–ˆâ–ˆâ–ˆâ–ˆâ–ˆâ–ˆâ–ˆâ–ˆâ–ˆâ–ˆâ–ˆâ–ˆâ–ˆâ–ˆâ–ˆâ–ˆ
wandb:          BP_Baseline/Learning_Rate â–â–â–â–â–â–â–â–â–â–â–â–â–â–â–
wandb: BP_Baseline/Peak_GPU_Mem_Epoch_MiB â–â–ˆâ–ˆâ–ˆâ–ˆâ–ˆâ–ˆâ–ˆâ–ˆâ–ˆâ–ˆâ–ˆâ–ˆâ–ˆâ–ˆ
wandb:        BP_Baseline/Train_Acc_Batch â–‡â–„â–‡â–â–…â–‡â–‡â–‡â–ˆâ–…â–‡â–ˆâ–ˆâ–‡â–†â–ˆâ–ˆâ–‡â–ˆâ–ˆâ–‡â–‡â–ˆâ–ˆâ–ˆâ–†â–‡â–ˆâ–ˆâ–ˆâ–ˆâ–ˆâ–ˆâ–‡â–ˆâ–ˆâ–‡â–ˆâ–ˆâ–ˆ
wandb:        BP_Baseline/Train_Acc_Epoch â–â–…â–†â–‡â–‡â–‡â–‡â–‡â–ˆâ–ˆâ–‡â–ˆâ–ˆâ–ˆâ–ˆ
wandb:       BP_Baseline/Train_Loss_Batch â–ˆâ–ƒâ–†â–â–ˆâ–â–‚â–„â–‚â–â–ƒâ–â–â–â–‚â–‚â–‚â–â–â–â–â–â–â–‚â–â–â–â–ƒâ–‚â–â–â–â–â–‚â–â–â–‚â–â–â–
wandb:       BP_Baseline/Train_Loss_Epoch â–ˆâ–„â–ƒâ–‚â–‚â–‚â–‚â–‚â–â–â–‚â–â–â–â–
wandb:          BP_Baseline/Val_Acc_Epoch â–â–…â–…â–†â–†â–‡â–…â–‡â–ˆâ–ˆâ–‡â–ˆâ–ˆâ–ˆâ–†
wandb:         BP_Baseline/Val_Loss_Epoch â–…â–ƒâ–ƒâ–„â–‚â–â–‡â–ƒâ–ƒâ–ƒâ–ƒâ–„â–„â–…â–ˆ
wandb:         estimated_bp_update_gflops â–
wandb:               estimated_fwd_gflops â–
wandb:                final/Test_Accuracy â–
wandb:                    final/Test_Loss â–
wandb:   final/codecarbon_emissions_gCO2e â–
wandb:   final/estimated_bp_update_gflops â–
wandb:         final/estimated_fwd_gflops â–
wandb:        final/peak_gpu_mem_used_mib â–
wandb:      final/total_gpu_energy_joules â–
wandb:          final/total_gpu_energy_wh â–
wandb:       final/total_run_duration_sec â–
wandb:        final/training_duration_sec â–
wandb:                        global_step â–â–â–â–â–‚â–‚â–‚â–‚â–‚â–ƒâ–ƒâ–ƒâ–ƒâ–ƒâ–ƒâ–ƒâ–„â–„â–„â–„â–„â–„â–…â–…â–…â–…â–…â–†â–†â–†â–†â–†â–†â–†â–‡â–‡â–‡â–ˆâ–ˆâ–ˆ
wandb:           initial_gpu_mem_used_mib â–
wandb:             model_parameters_total â–
wandb:         model_parameters_trainable â–
wandb: 
wandb: Run summary:
wandb:                  BP_Baseline/Epoch 15
wandb:     BP_Baseline/Epoch_Duration_Sec 2.33463
wandb: BP_Baseline/GPU_Mem_Used_MiB_Batch 1080
wandb:          BP_Baseline/Learning_Rate 0.00157
wandb: BP_Baseline/Peak_GPU_Mem_Epoch_MiB 1080
wandb:        BP_Baseline/Train_Acc_Batch 100
wandb:        BP_Baseline/Train_Acc_Epoch 99.76162
wandb:       BP_Baseline/Train_Loss_Batch 0.00214
wandb:       BP_Baseline/Train_Loss_Epoch 0.00868
wandb:          BP_Baseline/Val_Acc_Epoch 98.83
wandb:         BP_Baseline/Val_Loss_Epoch 0.09848
wandb:             codecarbon_country_iso POL
wandb:                 codecarbon_enabled True
wandb:                    codecarbon_mode offline
wandb:         estimated_bp_update_gflops 0.21839
wandb:               estimated_fwd_gflops 0.0728
wandb:                final/Test_Accuracy 98.92
wandb:                    final/Test_Loss 0.0455
wandb:   final/codecarbon_emissions_gCO2e 1.37326
wandb:   final/estimated_bp_update_gflops 0.21839
wandb:         final/estimated_fwd_gflops 0.0728
wandb:        final/peak_gpu_mem_used_mib 1080
wandb:      final/total_gpu_energy_joules 3247.28616
wandb:          final/total_gpu_energy_wh 0.90202
wandb:       final/total_run_duration_sec 40.98171
wandb:        final/training_duration_sec 37.43116
wandb:           initial_gpu_mem_used_mib 336.625
wandb:             model_parameters_total 674410
wandb:         model_parameters_trainable 674410
wandb: 
wandb: ðŸš€ View run bp_baseline_mnist_cnn_3block at: https://wandb.ai/przspyra11/BeyondBackpropagation/runs/9cdw5ha1
wandb: â­ï¸ View project at: https://wandb.ai/przspyra11/BeyondBackpropagation
wandb: Synced 5 W&B file(s), 0 media file(s), 0 artifact file(s) and 0 other file(s)
wandb: Find logs at: ./wandb/run-20250508_034902-9cdw5ha1/logs
