#####################################################################
Job ID: 1391695
Job Name: BP_CaFo_FMNIST_s2
Running on host: t0011
Executing command in: /net/tscratch/people/plgspyra/BeyondBackpropagation
Using config file: configs/bp_baselines/fashion_mnist_cnn_3block_bp.yaml
Allocated GPU: 0
#####################################################################
Derived Experiment Name: fashion_mnist_cnn_3block_bp
Loading modules...
Modules loaded:
Activating virtual environment...
Checking PyTorch CUDA...
PyTorch version: 2.4.0+cu121
CUDA available: True
CUDA version: 12.1
cuDNN version: 90100
Running the experiment script...
Loading and merging configuration from: configs/bp_baselines/fashion_mnist_cnn_3block_bp.yaml
Configuration loaded and merged successfully:
{'algorithm': {'name': 'BP'},
 'algorithm_params': {'mf_early_stopping_enabled': False,
                      'mf_early_stopping_min_delta': 0.0001,
                      'mf_early_stopping_patience': 10},
 'carbon_tracker': {'country_iso_code': 'POL',
                    'enabled': True,
                    'mode': 'offline',
                    'output_dir': 'results/carbon'},
 'checkpointing': {'checkpoint_dir': 'checkpoints/bp_baseline_fashion_mnist_cnn_3block',
                   'save_best_metric': 'bp_val_accuracy'},
 'data': {'download': True,
          'image_size': 28,
          'input_channels': 1,
          'name': 'FashionMNIST',
          'num_classes': 10,
          'root': './data',
          'val_split': 0.1},
 'data_loader': {'batch_size': 128, 'num_workers': 4, 'pin_memory': True},
 'experiment_name': 'bp_baseline_fashion_mnist_cnn_3block',
 'general': {'device': 'auto', 'seed': 42},
 'logging': {'level': 'INFO',
             'wandb': {'entity': 'przspyra11',
                       'project': 'BeyondBackpropagation',
                       'use_wandb': True}},
 'model': {'name': 'CaFo_CNN',
           'params': {'activation': 'ReLU',
                      'block_channels': [32, 128, 512],
                      'kernel_size': 3,
                      'pool_kernel_size': 2,
                      'pool_stride': 2,
                      'use_batchnorm': True}},
 'monitoring': {'enabled': True,
                'energy_enabled': True,
                'energy_interval_sec': 0.2},
 'optimizer': {'lr': 0.000564093098959669,
               'type': 'AdamW',
               'weight_decay': 8.597071465954117e-06},
 'profiling': {'enabled': True, 'verbose': False},
 'training': {'criterion': 'CrossEntropyLoss',
              'early_stopping_enabled': True,
              'early_stopping_metric': 'bp_val_loss',
              'early_stopping_min_delta': 0.0,
              'early_stopping_mode': 'min',
              'early_stopping_patience': 10,
              'epochs': 100,
              'log_interval': 100},
 'tuning': {'direction': 'maximize',
            'enabled': True,
            'lr_range': [1e-05, 0.01],
            'metric': 'val_accuracy',
            'n_trials': 10,
            'num_epochs': 15,
            'pruner': 'Median',
            'sampler': 'TPE',
            'wd_range': [1e-06, 0.001]}}
2025-05-05 05:35:57,544 - root - INFO - Logging to file: results/bp_baseline_fashion_mnist_cnn_3block/bp_baseline_fashion_mnist_cnn_3block_run.log
2025-05-05 05:35:57,545 - root - INFO - Root logger setup complete. Level: INFO
2025-05-05 05:35:57,545 - src.utils.logging_utils - INFO - 
--- Starting Experiment ---
2025-05-05 05:35:57,545 - src.utils.logging_utils - INFO - Found EXPERIMENT_SEED environment variable: 43. Overriding config seed (42).
2025-05-05 05:35:57,614 - src.utils.helpers - INFO - Set random seed to 43 (including CUDA)
2025-05-05 05:35:57,614 - src.utils.logging_utils - INFO - Using random seed: 43
2025-05-05 05:35:57,615 - src.utils.logging_utils - INFO - Using device: cuda (Preference: 'auto')
2025-05-05 05:35:58,783 - src.utils.logging_utils - INFO - Weights & Biases run initialized: https://wandb.ai/przspyra11/BeyondBackpropagation/runs/9ct9xi50
2025-05-05 05:35:58,788 - src.utils.monitoring - INFO - NVML initialized successfully.
2025-05-05 05:35:58,789 - src.utils.monitoring - INFO - NVIDIA Driver Version: 570.86.15
2025-05-05 05:35:58,789 - src.utils.monitoring - INFO - NVML version query (nvmlSystemGetNvmlVersion) not available in this pynvml library version.
2025-05-05 05:35:58,796 - src.utils.logging_utils - INFO - NVML active for GPU 0.
2025-05-05 05:35:58,796 - src.utils.logging_utils - INFO - Initial GPU Mem: 336.62 MiB Used / 40960.00 MiB Total
2025-05-05 05:35:58,796 - src.utils.logging_utils - INFO - GPU Energy monitor initialized (Interval: 0.2s).
2025-05-05 05:35:58,796 - src.utils.codecarbon_utils - INFO - Initializing CodeCarbon OfflineEmissionsTracker. Outputting to results/carbon/bp_baseline_fashion_mnist_cnn_3block_carbon.csv
2025-05-05 05:35:59,595 - src.utils.codecarbon_utils - INFO - CodeCarbon tracker started.
2025-05-05 05:35:59,596 - src.data_utils.datasets - INFO - Loading dataset: FASHIONMNIST from ./data
2025-05-05 05:35:59,685 - src.data_utils.datasets - INFO - Splitting training data randomly: 54000 train / 6000 validation samples.
2025-05-05 05:35:59,694 - src.data_utils.datasets - INFO - Applied training transforms to train subset and test transforms to validation subset.
2025-05-05 05:35:59,695 - src.data_utils.datasets - INFO - DataLoaders created: Train (421 batches, 54000 samples), Validation (24 batches, 6000 samples), Test (40 batches, 10000 samples)
2025-05-05 05:35:59,695 - src.utils.logging_utils - INFO - Dataloaders created.
2025-05-05 05:35:59,695 - src.utils.logging_utils - INFO - Getting architecture: cafo_cnn (Algo: BP)
2025-05-05 05:35:59,708 - src.architectures.cafo_cnn - INFO - Initialized CaFo_CNN base with 3 blocks.
2025-05-05 05:35:59,709 - src.architectures.cafo_cnn - INFO - Block channels: 1 -> 32 -> 128 -> 512
2025-05-05 05:35:59,709 - src.architectures.cafo_cnn - INFO - Block output shapes (C, H, W): [torch.Size([32, 14, 14]), torch.Size([128, 7, 7]), torch.Size([512, 3, 3])]
2025-05-05 05:35:59,709 - src.architectures.cafo_cnn - INFO - Block output flattened dims: [6272, 6272, 4608]
2025-05-05 05:35:59,709 - src.utils.logging_utils - INFO - Creating BP baseline model from CAFO_CNN blocks + final Linear layer.
2025-05-05 05:35:59,963 - src.utils.logging_utils - INFO - Model 'CAFO_CNN' (Algo: BP) created.
2025-05-05 05:35:59,964 - src.utils.logging_utils - INFO - Model 'CaFo_CNN' on cuda.
2025-05-05 05:35:59,964 - src.utils.logging_utils - INFO - Model trainable parameters: 674,410
2025-05-05 05:35:59,964 - src.utils.logging_utils - INFO - Model total parameters: 674,410
2025-05-05 05:36:00,277 - src.utils.logging_utils - INFO - Profiling FLOPs...
2025-05-05 05:36:00,318 - src.utils.profiling - INFO - Estimated Total Forward Pass FLOPs (via torch.profiler): 0.0728 GFLOPs
2025-05-05 05:36:00,318 - src.utils.logging_utils - INFO - Estimated Forward Pass GFLOPs: 0.0728 G
2025-05-05 05:36:00,319 - src.utils.logging_utils - INFO - Estimated BP Update Cycle GFLOPs (Fwd+Bwd ~3x Fwd): 0.2184 G
2025-05-05 05:36:00,319 - src.utils.logging_utils - INFO - 
2025-05-05 05:36:00,319 - src.utils.logging_utils - INFO - --- Metrics Log (Step: 0) ---
2025-05-05 05:36:00,319 - src.utils.logging_utils - INFO -   initial_gpu_mem_used_mib: 336.6250
2025-05-05 05:36:00,320 - src.utils.logging_utils - INFO -   codecarbon_enabled: True
2025-05-05 05:36:00,320 - src.utils.logging_utils - INFO -   codecarbon_mode: offline
2025-05-05 05:36:00,320 - src.utils.logging_utils - INFO -   codecarbon_country_iso: POL
2025-05-05 05:36:00,320 - src.utils.logging_utils - INFO -   model_parameters_trainable: 674410
2025-05-05 05:36:00,320 - src.utils.logging_utils - INFO -   model_parameters_total: 674410
2025-05-05 05:36:00,320 - src.utils.logging_utils - INFO -   estimated_fwd_gflops: 0.0728
2025-05-05 05:36:00,320 - src.utils.logging_utils - INFO -   estimated_bp_update_gflops: 0.2184
2025-05-05 05:36:00,321 - src.utils.logging_utils - INFO - --- End Metrics Log ---
2025-05-05 05:36:00,321 - src.utils.logging_utils - INFO - 
2025-05-05 05:36:00,321 - src.utils.logging_utils - INFO - Starting training phase...
2025-05-05 05:36:00,322 - src.utils.monitoring - INFO - Started energy monitoring for GPU 0 (interval: 0.2s).
2025-05-05 05:36:00,323 - src.baselines.bp - INFO - Starting standard Backpropagation training.
2025-05-05 05:36:00,323 - src.baselines.bp - INFO - BP Training using optimizer config: {'type': 'AdamW', 'lr': 0.000564093098959669, 'weight_decay': 8.597071465954117e-06}
2025-05-05 05:36:00,323 - src.baselines.bp - INFO - Early stopping enabled: Metric='bp_val_loss', Patience=10, Mode='min', MinDelta=0.0
2025-05-05 05:36:00,324 - src.baselines.bp - INFO - Using optimizer: AdamW with params: {'lr': 0.000564093098959669, 'weight_decay': 8.597071465954117e-06}
2025-05-05 05:36:00,941 - src.utils.logging_utils - INFO - 
2025-05-05 05:36:00,942 - src.utils.logging_utils - INFO - --- Metrics Log (Step: 100) ---
2025-05-05 05:36:00,942 - src.utils.logging_utils - INFO -   BP_Baseline/Train_Loss_Batch: 0.4224
2025-05-05 05:36:00,942 - src.utils.logging_utils - INFO -   BP_Baseline/Train_Acc_Batch: 85.1562
2025-05-05 05:36:00,942 - src.utils.logging_utils - INFO -   BP_Baseline/GPU_Mem_Used_MiB_Batch: 1052.0000
2025-05-05 05:36:00,942 - src.utils.logging_utils - INFO - --- End Metrics Log ---
2025-05-05 05:36:00,942 - src.utils.logging_utils - INFO - 
2025-05-05 05:36:01,414 - src.utils.logging_utils - INFO - 
2025-05-05 05:36:01,414 - src.utils.logging_utils - INFO - --- Metrics Log (Step: 200) ---
2025-05-05 05:36:01,414 - src.utils.logging_utils - INFO -   BP_Baseline/Train_Loss_Batch: 0.3617
2025-05-05 05:36:01,415 - src.utils.logging_utils - INFO -   BP_Baseline/Train_Acc_Batch: 88.2812
2025-05-05 05:36:01,415 - src.utils.logging_utils - INFO -   BP_Baseline/GPU_Mem_Used_MiB_Batch: 1052.0000
2025-05-05 05:36:01,415 - src.utils.logging_utils - INFO - --- End Metrics Log ---
2025-05-05 05:36:01,415 - src.utils.logging_utils - INFO - 
2025-05-05 05:36:01,887 - src.utils.logging_utils - INFO - 
2025-05-05 05:36:01,887 - src.utils.logging_utils - INFO - --- Metrics Log (Step: 300) ---
2025-05-05 05:36:01,887 - src.utils.logging_utils - INFO -   BP_Baseline/Train_Loss_Batch: 0.2975
2025-05-05 05:36:01,887 - src.utils.logging_utils - INFO -   BP_Baseline/Train_Acc_Batch: 89.8438
2025-05-05 05:36:01,887 - src.utils.logging_utils - INFO -   BP_Baseline/GPU_Mem_Used_MiB_Batch: 1052.0000
2025-05-05 05:36:01,887 - src.utils.logging_utils - INFO - --- End Metrics Log ---
2025-05-05 05:36:01,887 - src.utils.logging_utils - INFO - 
2025-05-05 05:36:02,358 - src.utils.logging_utils - INFO - 
2025-05-05 05:36:02,358 - src.utils.logging_utils - INFO - --- Metrics Log (Step: 400) ---
2025-05-05 05:36:02,358 - src.utils.logging_utils - INFO -   BP_Baseline/Train_Loss_Batch: 0.2511
2025-05-05 05:36:02,359 - src.utils.logging_utils - INFO -   BP_Baseline/Train_Acc_Batch: 91.4062
2025-05-05 05:36:02,359 - src.utils.logging_utils - INFO -   BP_Baseline/GPU_Mem_Used_MiB_Batch: 1052.0000
2025-05-05 05:36:02,359 - src.utils.logging_utils - INFO - --- End Metrics Log ---
2025-05-05 05:36:02,359 - src.utils.logging_utils - INFO - 
2025-05-05 05:36:02,463 - src.utils.logging_utils - INFO - 
2025-05-05 05:36:02,464 - src.utils.logging_utils - INFO - --- Metrics Log (Step: 421) ---
2025-05-05 05:36:02,464 - src.utils.logging_utils - INFO -   BP_Baseline/Train_Loss_Batch: 0.2766
2025-05-05 05:36:02,464 - src.utils.logging_utils - INFO -   BP_Baseline/Train_Acc_Batch: 91.4062
2025-05-05 05:36:02,464 - src.utils.logging_utils - INFO -   BP_Baseline/GPU_Mem_Used_MiB_Batch: 1052.0000
2025-05-05 05:36:02,464 - src.utils.logging_utils - INFO - --- End Metrics Log ---
2025-05-05 05:36:02,464 - src.utils.logging_utils - INFO - 
2025-05-05 05:36:02,771 - src.baselines.bp - INFO - Epoch 1: New best checkpoint metric (bp_val_accuracy): 89.6500
2025-05-05 05:36:02,791 - src.utils.helpers - INFO - Saved best model state_dict to checkpoints/bp_baseline_fashion_mnist_cnn_3block/bp_bp_baseline_fashion_mnist_cnn_3block_best.pth (Epoch 1, Metric: 89.6500)
2025-05-05 05:36:02,792 - src.utils.logging_utils - INFO - 
2025-05-05 05:36:02,792 - src.utils.logging_utils - INFO - --- Metrics Log (Step: 421) ---
2025-05-05 05:36:02,792 - src.utils.logging_utils - INFO -   BP_Baseline/Train_Loss_Epoch: 0.3646
2025-05-05 05:36:02,792 - src.utils.logging_utils - INFO -   BP_Baseline/Train_Acc_Epoch: 87.0546
2025-05-05 05:36:02,792 - src.utils.logging_utils - INFO -   BP_Baseline/Val_Loss_Epoch: 0.2976
2025-05-05 05:36:02,793 - src.utils.logging_utils - INFO -   BP_Baseline/Val_Acc_Epoch: 89.6500
2025-05-05 05:36:02,793 - src.utils.logging_utils - INFO -   BP_Baseline/Epoch_Duration_Sec: 2.4676
2025-05-05 05:36:02,793 - src.utils.logging_utils - INFO -   BP_Baseline/Learning_Rate: 0.000564
2025-05-05 05:36:02,793 - src.utils.logging_utils - INFO -   BP_Baseline/Epoch: 1
2025-05-05 05:36:02,793 - src.utils.logging_utils - INFO -   BP_Baseline/Peak_GPU_Mem_Epoch_MiB: 1052.0000
2025-05-05 05:36:02,793 - src.utils.logging_utils - INFO - --- End Metrics Log ---
2025-05-05 05:36:02,793 - src.utils.logging_utils - INFO - 
2025-05-05 05:36:02,794 - src.baselines.bp - INFO - BP Epoch 1/100 | LR: 0.000564 | Train Loss: 0.3646, Acc: 87.05% | Val Loss: 0.2976, Acc: 89.65% | Peak Mem: 1052.0 MiB | Duration: 00:00:02
2025-05-05 05:36:03,292 - src.utils.logging_utils - INFO - 
2025-05-05 05:36:03,292 - src.utils.logging_utils - INFO - --- Metrics Log (Step: 521) ---
2025-05-05 05:36:03,292 - src.utils.logging_utils - INFO -   BP_Baseline/Train_Loss_Batch: 0.1099
2025-05-05 05:36:03,292 - src.utils.logging_utils - INFO -   BP_Baseline/Train_Acc_Batch: 96.0938
2025-05-05 05:36:03,292 - src.utils.logging_utils - INFO -   BP_Baseline/GPU_Mem_Used_MiB_Batch: 1080.0000
2025-05-05 05:36:03,292 - src.utils.logging_utils - INFO - --- End Metrics Log ---
2025-05-05 05:36:03,293 - src.utils.logging_utils - INFO - 
2025-05-05 05:36:03,762 - src.utils.logging_utils - INFO - 
2025-05-05 05:36:03,762 - src.utils.logging_utils - INFO - --- Metrics Log (Step: 621) ---
2025-05-05 05:36:03,762 - src.utils.logging_utils - INFO -   BP_Baseline/Train_Loss_Batch: 0.1384
2025-05-05 05:36:03,762 - src.utils.logging_utils - INFO -   BP_Baseline/Train_Acc_Batch: 93.7500
2025-05-05 05:36:03,762 - src.utils.logging_utils - INFO -   BP_Baseline/GPU_Mem_Used_MiB_Batch: 1080.0000
2025-05-05 05:36:03,762 - src.utils.logging_utils - INFO - --- End Metrics Log ---
2025-05-05 05:36:03,763 - src.utils.logging_utils - INFO - 
2025-05-05 05:36:04,234 - src.utils.logging_utils - INFO - 
2025-05-05 05:36:04,235 - src.utils.logging_utils - INFO - --- Metrics Log (Step: 721) ---
2025-05-05 05:36:04,235 - src.utils.logging_utils - INFO -   BP_Baseline/Train_Loss_Batch: 0.1614
2025-05-05 05:36:04,235 - src.utils.logging_utils - INFO -   BP_Baseline/Train_Acc_Batch: 93.7500
2025-05-05 05:36:04,235 - src.utils.logging_utils - INFO -   BP_Baseline/GPU_Mem_Used_MiB_Batch: 1080.0000
2025-05-05 05:36:04,235 - src.utils.logging_utils - INFO - --- End Metrics Log ---
2025-05-05 05:36:04,235 - src.utils.logging_utils - INFO - 
2025-05-05 05:36:04,705 - src.utils.logging_utils - INFO - 
2025-05-05 05:36:04,706 - src.utils.logging_utils - INFO - --- Metrics Log (Step: 821) ---
2025-05-05 05:36:04,706 - src.utils.logging_utils - INFO -   BP_Baseline/Train_Loss_Batch: 0.2315
2025-05-05 05:36:04,706 - src.utils.logging_utils - INFO -   BP_Baseline/Train_Acc_Batch: 93.7500
2025-05-05 05:36:04,706 - src.utils.logging_utils - INFO -   BP_Baseline/GPU_Mem_Used_MiB_Batch: 1080.0000
2025-05-05 05:36:04,706 - src.utils.logging_utils - INFO - --- End Metrics Log ---
2025-05-05 05:36:04,706 - src.utils.logging_utils - INFO - 
2025-05-05 05:36:04,811 - src.utils.logging_utils - INFO - 
2025-05-05 05:36:04,812 - src.utils.logging_utils - INFO - --- Metrics Log (Step: 842) ---
2025-05-05 05:36:04,812 - src.utils.logging_utils - INFO -   BP_Baseline/Train_Loss_Batch: 0.2199
2025-05-05 05:36:04,812 - src.utils.logging_utils - INFO -   BP_Baseline/Train_Acc_Batch: 92.1875
2025-05-05 05:36:04,812 - src.utils.logging_utils - INFO -   BP_Baseline/GPU_Mem_Used_MiB_Batch: 1080.0000
2025-05-05 05:36:04,812 - src.utils.logging_utils - INFO - --- End Metrics Log ---
2025-05-05 05:36:04,812 - src.utils.logging_utils - INFO - 
2025-05-05 05:36:05,043 - src.baselines.bp - INFO - Epoch 2: New best checkpoint metric (bp_val_accuracy): 90.5000
2025-05-05 05:36:05,063 - src.utils.helpers - INFO - Saved best model state_dict to checkpoints/bp_baseline_fashion_mnist_cnn_3block/bp_bp_baseline_fashion_mnist_cnn_3block_best.pth (Epoch 2, Metric: 90.5000)
2025-05-05 05:36:05,063 - src.utils.logging_utils - INFO - 
2025-05-05 05:36:05,063 - src.utils.logging_utils - INFO - --- Metrics Log (Step: 842) ---
2025-05-05 05:36:05,063 - src.utils.logging_utils - INFO -   BP_Baseline/Train_Loss_Epoch: 0.2245
2025-05-05 05:36:05,064 - src.utils.logging_utils - INFO -   BP_Baseline/Train_Acc_Epoch: 91.9908
2025-05-05 05:36:05,064 - src.utils.logging_utils - INFO -   BP_Baseline/Val_Loss_Epoch: 0.2747
2025-05-05 05:36:05,064 - src.utils.logging_utils - INFO -   BP_Baseline/Val_Acc_Epoch: 90.5000
2025-05-05 05:36:05,064 - src.utils.logging_utils - INFO -   BP_Baseline/Epoch_Duration_Sec: 2.2695
2025-05-05 05:36:05,064 - src.utils.logging_utils - INFO -   BP_Baseline/Learning_Rate: 0.000564
2025-05-05 05:36:05,064 - src.utils.logging_utils - INFO -   BP_Baseline/Epoch: 2
2025-05-05 05:36:05,064 - src.utils.logging_utils - INFO -   BP_Baseline/Peak_GPU_Mem_Epoch_MiB: 1080.0000
2025-05-05 05:36:05,064 - src.utils.logging_utils - INFO - --- End Metrics Log ---
2025-05-05 05:36:05,064 - src.utils.logging_utils - INFO - 
2025-05-05 05:36:05,065 - src.baselines.bp - INFO - BP Epoch 2/100 | LR: 0.000564 | Train Loss: 0.2245, Acc: 91.99% | Val Loss: 0.2747, Acc: 90.50% | Peak Mem: 1080.0 MiB | Duration: 00:00:02
2025-05-05 05:36:05,565 - src.utils.logging_utils - INFO - 
2025-05-05 05:36:05,565 - src.utils.logging_utils - INFO - --- Metrics Log (Step: 942) ---
2025-05-05 05:36:05,565 - src.utils.logging_utils - INFO -   BP_Baseline/Train_Loss_Batch: 0.2160
2025-05-05 05:36:05,565 - src.utils.logging_utils - INFO -   BP_Baseline/Train_Acc_Batch: 89.8438
2025-05-05 05:36:05,565 - src.utils.logging_utils - INFO -   BP_Baseline/GPU_Mem_Used_MiB_Batch: 1080.0000
2025-05-05 05:36:05,565 - src.utils.logging_utils - INFO - --- End Metrics Log ---
2025-05-05 05:36:05,565 - src.utils.logging_utils - INFO - 
2025-05-05 05:36:06,032 - src.utils.logging_utils - INFO - 
2025-05-05 05:36:06,033 - src.utils.logging_utils - INFO - --- Metrics Log (Step: 1042) ---
2025-05-05 05:36:06,033 - src.utils.logging_utils - INFO -   BP_Baseline/Train_Loss_Batch: 0.2270
2025-05-05 05:36:06,033 - src.utils.logging_utils - INFO -   BP_Baseline/Train_Acc_Batch: 95.3125
2025-05-05 05:36:06,033 - src.utils.logging_utils - INFO -   BP_Baseline/GPU_Mem_Used_MiB_Batch: 1080.0000
2025-05-05 05:36:06,033 - src.utils.logging_utils - INFO - --- End Metrics Log ---
2025-05-05 05:36:06,033 - src.utils.logging_utils - INFO - 
2025-05-05 05:36:06,506 - src.utils.logging_utils - INFO - 
2025-05-05 05:36:06,506 - src.utils.logging_utils - INFO - --- Metrics Log (Step: 1142) ---
2025-05-05 05:36:06,506 - src.utils.logging_utils - INFO -   BP_Baseline/Train_Loss_Batch: 0.1949
2025-05-05 05:36:06,506 - src.utils.logging_utils - INFO -   BP_Baseline/Train_Acc_Batch: 92.9688
2025-05-05 05:36:06,506 - src.utils.logging_utils - INFO -   BP_Baseline/GPU_Mem_Used_MiB_Batch: 1080.0000
2025-05-05 05:36:06,506 - src.utils.logging_utils - INFO - --- End Metrics Log ---
2025-05-05 05:36:06,506 - src.utils.logging_utils - INFO - 
2025-05-05 05:36:06,977 - src.utils.logging_utils - INFO - 
2025-05-05 05:36:06,978 - src.utils.logging_utils - INFO - --- Metrics Log (Step: 1242) ---
2025-05-05 05:36:06,978 - src.utils.logging_utils - INFO -   BP_Baseline/Train_Loss_Batch: 0.1299
2025-05-05 05:36:06,978 - src.utils.logging_utils - INFO -   BP_Baseline/Train_Acc_Batch: 95.3125
2025-05-05 05:36:06,978 - src.utils.logging_utils - INFO -   BP_Baseline/GPU_Mem_Used_MiB_Batch: 1080.0000
2025-05-05 05:36:06,978 - src.utils.logging_utils - INFO - --- End Metrics Log ---
2025-05-05 05:36:06,978 - src.utils.logging_utils - INFO - 
2025-05-05 05:36:07,078 - src.utils.logging_utils - INFO - 
2025-05-05 05:36:07,078 - src.utils.logging_utils - INFO - --- Metrics Log (Step: 1263) ---
2025-05-05 05:36:07,078 - src.utils.logging_utils - INFO -   BP_Baseline/Train_Loss_Batch: 0.2997
2025-05-05 05:36:07,078 - src.utils.logging_utils - INFO -   BP_Baseline/Train_Acc_Batch: 91.4062
2025-05-05 05:36:07,078 - src.utils.logging_utils - INFO -   BP_Baseline/GPU_Mem_Used_MiB_Batch: 1080.0000
2025-05-05 05:36:07,078 - src.utils.logging_utils - INFO - --- End Metrics Log ---
2025-05-05 05:36:07,078 - src.utils.logging_utils - INFO - 
2025-05-05 05:36:07,321 - src.utils.logging_utils - INFO - 
2025-05-05 05:36:07,322 - src.utils.logging_utils - INFO - --- Metrics Log (Step: 1263) ---
2025-05-05 05:36:07,322 - src.utils.logging_utils - INFO -   BP_Baseline/Train_Loss_Epoch: 0.1713
2025-05-05 05:36:07,322 - src.utils.logging_utils - INFO -   BP_Baseline/Train_Acc_Epoch: 93.8205
2025-05-05 05:36:07,322 - src.utils.logging_utils - INFO -   BP_Baseline/Val_Loss_Epoch: 0.2889
2025-05-05 05:36:07,322 - src.utils.logging_utils - INFO -   BP_Baseline/Val_Acc_Epoch: 90.1833
2025-05-05 05:36:07,322 - src.utils.logging_utils - INFO -   BP_Baseline/Epoch_Duration_Sec: 2.2564
2025-05-05 05:36:07,322 - src.utils.logging_utils - INFO -   BP_Baseline/Learning_Rate: 0.000564
2025-05-05 05:36:07,322 - src.utils.logging_utils - INFO -   BP_Baseline/Epoch: 3
2025-05-05 05:36:07,323 - src.utils.logging_utils - INFO -   BP_Baseline/Peak_GPU_Mem_Epoch_MiB: 1080.0000
2025-05-05 05:36:07,323 - src.utils.logging_utils - INFO - --- End Metrics Log ---
2025-05-05 05:36:07,323 - src.utils.logging_utils - INFO - 
2025-05-05 05:36:07,323 - src.baselines.bp - INFO - BP Epoch 3/100 | LR: 0.000564 | Train Loss: 0.1713, Acc: 93.82% | Val Loss: 0.2889, Acc: 90.18% | Peak Mem: 1080.0 MiB | Duration: 00:00:02
2025-05-05 05:36:07,817 - src.utils.logging_utils - INFO - 
2025-05-05 05:36:07,818 - src.utils.logging_utils - INFO - --- Metrics Log (Step: 1363) ---
2025-05-05 05:36:07,818 - src.utils.logging_utils - INFO -   BP_Baseline/Train_Loss_Batch: 0.1360
2025-05-05 05:36:07,818 - src.utils.logging_utils - INFO -   BP_Baseline/Train_Acc_Batch: 94.5312
2025-05-05 05:36:07,818 - src.utils.logging_utils - INFO -   BP_Baseline/GPU_Mem_Used_MiB_Batch: 1080.0000
2025-05-05 05:36:07,818 - src.utils.logging_utils - INFO - --- End Metrics Log ---
2025-05-05 05:36:07,818 - src.utils.logging_utils - INFO - 
2025-05-05 05:36:08,292 - src.utils.logging_utils - INFO - 
2025-05-05 05:36:08,293 - src.utils.logging_utils - INFO - --- Metrics Log (Step: 1463) ---
2025-05-05 05:36:08,293 - src.utils.logging_utils - INFO -   BP_Baseline/Train_Loss_Batch: 0.1514
2025-05-05 05:36:08,293 - src.utils.logging_utils - INFO -   BP_Baseline/Train_Acc_Batch: 95.3125
2025-05-05 05:36:08,293 - src.utils.logging_utils - INFO -   BP_Baseline/GPU_Mem_Used_MiB_Batch: 1080.0000
2025-05-05 05:36:08,293 - src.utils.logging_utils - INFO - --- End Metrics Log ---
2025-05-05 05:36:08,293 - src.utils.logging_utils - INFO - 
2025-05-05 05:36:08,764 - src.utils.logging_utils - INFO - 
2025-05-05 05:36:08,764 - src.utils.logging_utils - INFO - --- Metrics Log (Step: 1563) ---
2025-05-05 05:36:08,764 - src.utils.logging_utils - INFO -   BP_Baseline/Train_Loss_Batch: 0.1693
2025-05-05 05:36:08,764 - src.utils.logging_utils - INFO -   BP_Baseline/Train_Acc_Batch: 92.1875
2025-05-05 05:36:08,764 - src.utils.logging_utils - INFO -   BP_Baseline/GPU_Mem_Used_MiB_Batch: 1080.0000
2025-05-05 05:36:08,765 - src.utils.logging_utils - INFO - --- End Metrics Log ---
2025-05-05 05:36:08,765 - src.utils.logging_utils - INFO - 
2025-05-05 05:36:09,241 - src.utils.logging_utils - INFO - 
2025-05-05 05:36:09,241 - src.utils.logging_utils - INFO - --- Metrics Log (Step: 1663) ---
2025-05-05 05:36:09,242 - src.utils.logging_utils - INFO -   BP_Baseline/Train_Loss_Batch: 0.1461
2025-05-05 05:36:09,242 - src.utils.logging_utils - INFO -   BP_Baseline/Train_Acc_Batch: 95.3125
2025-05-05 05:36:09,242 - src.utils.logging_utils - INFO -   BP_Baseline/GPU_Mem_Used_MiB_Batch: 1080.0000
2025-05-05 05:36:09,242 - src.utils.logging_utils - INFO - --- End Metrics Log ---
2025-05-05 05:36:09,242 - src.utils.logging_utils - INFO - 
2025-05-05 05:36:09,346 - src.utils.logging_utils - INFO - 
2025-05-05 05:36:09,346 - src.utils.logging_utils - INFO - --- Metrics Log (Step: 1684) ---
2025-05-05 05:36:09,346 - src.utils.logging_utils - INFO -   BP_Baseline/Train_Loss_Batch: 0.1397
2025-05-05 05:36:09,346 - src.utils.logging_utils - INFO -   BP_Baseline/Train_Acc_Batch: 93.7500
2025-05-05 05:36:09,346 - src.utils.logging_utils - INFO -   BP_Baseline/GPU_Mem_Used_MiB_Batch: 1080.0000
2025-05-05 05:36:09,346 - src.utils.logging_utils - INFO - --- End Metrics Log ---
2025-05-05 05:36:09,346 - src.utils.logging_utils - INFO - 
2025-05-05 05:36:09,576 - src.baselines.bp - INFO - Epoch 4: New best checkpoint metric (bp_val_accuracy): 91.5333
2025-05-05 05:36:09,596 - src.utils.helpers - INFO - Saved best model state_dict to checkpoints/bp_baseline_fashion_mnist_cnn_3block/bp_bp_baseline_fashion_mnist_cnn_3block_best.pth (Epoch 4, Metric: 91.5333)
2025-05-05 05:36:09,597 - src.utils.logging_utils - INFO - 
2025-05-05 05:36:09,597 - src.utils.logging_utils - INFO - --- Metrics Log (Step: 1684) ---
2025-05-05 05:36:09,597 - src.utils.logging_utils - INFO -   BP_Baseline/Train_Loss_Epoch: 0.1187
2025-05-05 05:36:09,597 - src.utils.logging_utils - INFO -   BP_Baseline/Train_Acc_Epoch: 95.8544
2025-05-05 05:36:09,597 - src.utils.logging_utils - INFO -   BP_Baseline/Val_Loss_Epoch: 0.2699
2025-05-05 05:36:09,597 - src.utils.logging_utils - INFO -   BP_Baseline/Val_Acc_Epoch: 91.5333
2025-05-05 05:36:09,597 - src.utils.logging_utils - INFO -   BP_Baseline/Epoch_Duration_Sec: 2.2734
2025-05-05 05:36:09,597 - src.utils.logging_utils - INFO -   BP_Baseline/Learning_Rate: 0.000564
2025-05-05 05:36:09,597 - src.utils.logging_utils - INFO -   BP_Baseline/Epoch: 4
2025-05-05 05:36:09,598 - src.utils.logging_utils - INFO -   BP_Baseline/Peak_GPU_Mem_Epoch_MiB: 1080.0000
2025-05-05 05:36:09,598 - src.utils.logging_utils - INFO - --- End Metrics Log ---
2025-05-05 05:36:09,598 - src.utils.logging_utils - INFO - 
2025-05-05 05:36:09,598 - src.baselines.bp - INFO - BP Epoch 4/100 | LR: 0.000564 | Train Loss: 0.1187, Acc: 95.85% | Val Loss: 0.2699, Acc: 91.53% | Peak Mem: 1080.0 MiB | Duration: 00:00:02
2025-05-05 05:36:10,092 - src.utils.logging_utils - INFO - 
2025-05-05 05:36:10,092 - src.utils.logging_utils - INFO - --- Metrics Log (Step: 1784) ---
2025-05-05 05:36:10,092 - src.utils.logging_utils - INFO -   BP_Baseline/Train_Loss_Batch: 0.0570
2025-05-05 05:36:10,092 - src.utils.logging_utils - INFO -   BP_Baseline/Train_Acc_Batch: 98.4375
2025-05-05 05:36:10,092 - src.utils.logging_utils - INFO -   BP_Baseline/GPU_Mem_Used_MiB_Batch: 1080.0000
2025-05-05 05:36:10,093 - src.utils.logging_utils - INFO - --- End Metrics Log ---
2025-05-05 05:36:10,093 - src.utils.logging_utils - INFO - 
2025-05-05 05:36:10,567 - src.utils.logging_utils - INFO - 
2025-05-05 05:36:10,567 - src.utils.logging_utils - INFO - --- Metrics Log (Step: 1884) ---
2025-05-05 05:36:10,567 - src.utils.logging_utils - INFO -   BP_Baseline/Train_Loss_Batch: 0.0919
2025-05-05 05:36:10,567 - src.utils.logging_utils - INFO -   BP_Baseline/Train_Acc_Batch: 96.8750
2025-05-05 05:36:10,567 - src.utils.logging_utils - INFO -   BP_Baseline/GPU_Mem_Used_MiB_Batch: 1080.0000
2025-05-05 05:36:10,567 - src.utils.logging_utils - INFO - --- End Metrics Log ---
2025-05-05 05:36:10,567 - src.utils.logging_utils - INFO - 
2025-05-05 05:36:11,040 - src.utils.logging_utils - INFO - 
2025-05-05 05:36:11,040 - src.utils.logging_utils - INFO - --- Metrics Log (Step: 1984) ---
2025-05-05 05:36:11,040 - src.utils.logging_utils - INFO -   BP_Baseline/Train_Loss_Batch: 0.0975
2025-05-05 05:36:11,040 - src.utils.logging_utils - INFO -   BP_Baseline/Train_Acc_Batch: 96.8750
2025-05-05 05:36:11,040 - src.utils.logging_utils - INFO -   BP_Baseline/GPU_Mem_Used_MiB_Batch: 1080.0000
2025-05-05 05:36:11,040 - src.utils.logging_utils - INFO - --- End Metrics Log ---
2025-05-05 05:36:11,041 - src.utils.logging_utils - INFO - 
2025-05-05 05:36:11,515 - src.utils.logging_utils - INFO - 
2025-05-05 05:36:11,515 - src.utils.logging_utils - INFO - --- Metrics Log (Step: 2084) ---
2025-05-05 05:36:11,515 - src.utils.logging_utils - INFO -   BP_Baseline/Train_Loss_Batch: 0.1117
2025-05-05 05:36:11,515 - src.utils.logging_utils - INFO -   BP_Baseline/Train_Acc_Batch: 96.8750
2025-05-05 05:36:11,515 - src.utils.logging_utils - INFO -   BP_Baseline/GPU_Mem_Used_MiB_Batch: 1080.0000
2025-05-05 05:36:11,516 - src.utils.logging_utils - INFO - --- End Metrics Log ---
2025-05-05 05:36:11,516 - src.utils.logging_utils - INFO - 
2025-05-05 05:36:11,620 - src.utils.logging_utils - INFO - 
2025-05-05 05:36:11,620 - src.utils.logging_utils - INFO - --- Metrics Log (Step: 2105) ---
2025-05-05 05:36:11,621 - src.utils.logging_utils - INFO -   BP_Baseline/Train_Loss_Batch: 0.0995
2025-05-05 05:36:11,621 - src.utils.logging_utils - INFO -   BP_Baseline/Train_Acc_Batch: 94.5312
2025-05-05 05:36:11,621 - src.utils.logging_utils - INFO -   BP_Baseline/GPU_Mem_Used_MiB_Batch: 1080.0000
2025-05-05 05:36:11,621 - src.utils.logging_utils - INFO - --- End Metrics Log ---
2025-05-05 05:36:11,621 - src.utils.logging_utils - INFO - 
2025-05-05 05:36:11,865 - src.utils.logging_utils - INFO - 
2025-05-05 05:36:11,865 - src.utils.logging_utils - INFO - --- Metrics Log (Step: 2105) ---
2025-05-05 05:36:11,865 - src.utils.logging_utils - INFO -   BP_Baseline/Train_Loss_Epoch: 0.0870
2025-05-05 05:36:11,865 - src.utils.logging_utils - INFO -   BP_Baseline/Train_Acc_Epoch: 96.9901
2025-05-05 05:36:11,865 - src.utils.logging_utils - INFO -   BP_Baseline/Val_Loss_Epoch: 0.2626
2025-05-05 05:36:11,865 - src.utils.logging_utils - INFO -   BP_Baseline/Val_Acc_Epoch: 91.3833
2025-05-05 05:36:11,866 - src.utils.logging_utils - INFO -   BP_Baseline/Epoch_Duration_Sec: 2.2664
2025-05-05 05:36:11,866 - src.utils.logging_utils - INFO -   BP_Baseline/Learning_Rate: 0.000564
2025-05-05 05:36:11,866 - src.utils.logging_utils - INFO -   BP_Baseline/Epoch: 5
2025-05-05 05:36:11,866 - src.utils.logging_utils - INFO -   BP_Baseline/Peak_GPU_Mem_Epoch_MiB: 1080.0000
2025-05-05 05:36:11,866 - src.utils.logging_utils - INFO - --- End Metrics Log ---
2025-05-05 05:36:11,866 - src.utils.logging_utils - INFO - 
2025-05-05 05:36:11,866 - src.baselines.bp - INFO - BP Epoch 5/100 | LR: 0.000564 | Train Loss: 0.0870, Acc: 96.99% | Val Loss: 0.2626, Acc: 91.38% | Peak Mem: 1080.0 MiB | Duration: 00:00:02
2025-05-05 05:36:12,369 - src.utils.logging_utils - INFO - 
2025-05-05 05:36:12,369 - src.utils.logging_utils - INFO - --- Metrics Log (Step: 2205) ---
2025-05-05 05:36:12,370 - src.utils.logging_utils - INFO -   BP_Baseline/Train_Loss_Batch: 0.0412
2025-05-05 05:36:12,370 - src.utils.logging_utils - INFO -   BP_Baseline/Train_Acc_Batch: 99.2188
2025-05-05 05:36:12,370 - src.utils.logging_utils - INFO -   BP_Baseline/GPU_Mem_Used_MiB_Batch: 1080.0000
2025-05-05 05:36:12,370 - src.utils.logging_utils - INFO - --- End Metrics Log ---
2025-05-05 05:36:12,370 - src.utils.logging_utils - INFO - 
2025-05-05 05:36:12,840 - src.utils.logging_utils - INFO - 
2025-05-05 05:36:12,840 - src.utils.logging_utils - INFO - --- Metrics Log (Step: 2305) ---
2025-05-05 05:36:12,840 - src.utils.logging_utils - INFO -   BP_Baseline/Train_Loss_Batch: 0.0222
2025-05-05 05:36:12,840 - src.utils.logging_utils - INFO -   BP_Baseline/Train_Acc_Batch: 100.0000
2025-05-05 05:36:12,840 - src.utils.logging_utils - INFO -   BP_Baseline/GPU_Mem_Used_MiB_Batch: 1080.0000
2025-05-05 05:36:12,840 - src.utils.logging_utils - INFO - --- End Metrics Log ---
2025-05-05 05:36:12,840 - src.utils.logging_utils - INFO - 
2025-05-05 05:36:13,315 - src.utils.logging_utils - INFO - 
2025-05-05 05:36:13,315 - src.utils.logging_utils - INFO - --- Metrics Log (Step: 2405) ---
2025-05-05 05:36:13,315 - src.utils.logging_utils - INFO -   BP_Baseline/Train_Loss_Batch: 0.1465
2025-05-05 05:36:13,315 - src.utils.logging_utils - INFO -   BP_Baseline/Train_Acc_Batch: 96.0938
2025-05-05 05:36:13,315 - src.utils.logging_utils - INFO -   BP_Baseline/GPU_Mem_Used_MiB_Batch: 1080.0000
2025-05-05 05:36:13,315 - src.utils.logging_utils - INFO - --- End Metrics Log ---
2025-05-05 05:36:13,316 - src.utils.logging_utils - INFO - 
2025-05-05 05:36:13,794 - src.utils.logging_utils - INFO - 
2025-05-05 05:36:13,794 - src.utils.logging_utils - INFO - --- Metrics Log (Step: 2505) ---
2025-05-05 05:36:13,794 - src.utils.logging_utils - INFO -   BP_Baseline/Train_Loss_Batch: 0.0508
2025-05-05 05:36:13,794 - src.utils.logging_utils - INFO -   BP_Baseline/Train_Acc_Batch: 97.6562
2025-05-05 05:36:13,794 - src.utils.logging_utils - INFO -   BP_Baseline/GPU_Mem_Used_MiB_Batch: 1080.0000
2025-05-05 05:36:13,794 - src.utils.logging_utils - INFO - --- End Metrics Log ---
2025-05-05 05:36:13,794 - src.utils.logging_utils - INFO - 
2025-05-05 05:36:13,893 - src.utils.logging_utils - INFO - 
2025-05-05 05:36:13,893 - src.utils.logging_utils - INFO - --- Metrics Log (Step: 2526) ---
2025-05-05 05:36:13,893 - src.utils.logging_utils - INFO -   BP_Baseline/Train_Loss_Batch: 0.0712
2025-05-05 05:36:13,893 - src.utils.logging_utils - INFO -   BP_Baseline/Train_Acc_Batch: 96.8750
2025-05-05 05:36:13,893 - src.utils.logging_utils - INFO -   BP_Baseline/GPU_Mem_Used_MiB_Batch: 1080.0000
2025-05-05 05:36:13,894 - src.utils.logging_utils - INFO - --- End Metrics Log ---
2025-05-05 05:36:13,894 - src.utils.logging_utils - INFO - 
2025-05-05 05:36:14,122 - src.baselines.bp - INFO - Epoch 6: New best checkpoint metric (bp_val_accuracy): 91.6500
2025-05-05 05:36:14,143 - src.utils.helpers - INFO - Saved best model state_dict to checkpoints/bp_baseline_fashion_mnist_cnn_3block/bp_bp_baseline_fashion_mnist_cnn_3block_best.pth (Epoch 6, Metric: 91.6500)
2025-05-05 05:36:14,143 - src.utils.logging_utils - INFO - 
2025-05-05 05:36:14,143 - src.utils.logging_utils - INFO - --- Metrics Log (Step: 2526) ---
2025-05-05 05:36:14,144 - src.utils.logging_utils - INFO -   BP_Baseline/Train_Loss_Epoch: 0.0606
2025-05-05 05:36:14,144 - src.utils.logging_utils - INFO -   BP_Baseline/Train_Acc_Epoch: 97.9402
2025-05-05 05:36:14,144 - src.utils.logging_utils - INFO -   BP_Baseline/Val_Loss_Epoch: 0.3019
2025-05-05 05:36:14,144 - src.utils.logging_utils - INFO -   BP_Baseline/Val_Acc_Epoch: 91.6500
2025-05-05 05:36:14,144 - src.utils.logging_utils - INFO -   BP_Baseline/Epoch_Duration_Sec: 2.2768
2025-05-05 05:36:14,144 - src.utils.logging_utils - INFO -   BP_Baseline/Learning_Rate: 0.000564
2025-05-05 05:36:14,144 - src.utils.logging_utils - INFO -   BP_Baseline/Epoch: 6
2025-05-05 05:36:14,144 - src.utils.logging_utils - INFO -   BP_Baseline/Peak_GPU_Mem_Epoch_MiB: 1080.0000
2025-05-05 05:36:14,144 - src.utils.logging_utils - INFO - --- End Metrics Log ---
2025-05-05 05:36:14,144 - src.utils.logging_utils - INFO - 
2025-05-05 05:36:14,145 - src.baselines.bp - INFO - BP Epoch 6/100 | LR: 0.000564 | Train Loss: 0.0606, Acc: 97.94% | Val Loss: 0.3019, Acc: 91.65% | Peak Mem: 1080.0 MiB | Duration: 00:00:02
2025-05-05 05:36:14,644 - src.utils.logging_utils - INFO - 
2025-05-05 05:36:14,644 - src.utils.logging_utils - INFO - --- Metrics Log (Step: 2626) ---
2025-05-05 05:36:14,644 - src.utils.logging_utils - INFO -   BP_Baseline/Train_Loss_Batch: 0.0744
2025-05-05 05:36:14,644 - src.utils.logging_utils - INFO -   BP_Baseline/Train_Acc_Batch: 97.6562
2025-05-05 05:36:14,644 - src.utils.logging_utils - INFO -   BP_Baseline/GPU_Mem_Used_MiB_Batch: 1080.0000
2025-05-05 05:36:14,644 - src.utils.logging_utils - INFO - --- End Metrics Log ---
2025-05-05 05:36:14,644 - src.utils.logging_utils - INFO - 
2025-05-05 05:36:15,117 - src.utils.logging_utils - INFO - 
2025-05-05 05:36:15,117 - src.utils.logging_utils - INFO - --- Metrics Log (Step: 2726) ---
2025-05-05 05:36:15,117 - src.utils.logging_utils - INFO -   BP_Baseline/Train_Loss_Batch: 0.0683
2025-05-05 05:36:15,117 - src.utils.logging_utils - INFO -   BP_Baseline/Train_Acc_Batch: 96.8750
2025-05-05 05:36:15,117 - src.utils.logging_utils - INFO -   BP_Baseline/GPU_Mem_Used_MiB_Batch: 1080.0000
2025-05-05 05:36:15,117 - src.utils.logging_utils - INFO - --- End Metrics Log ---
2025-05-05 05:36:15,117 - src.utils.logging_utils - INFO - 
2025-05-05 05:36:15,591 - src.utils.logging_utils - INFO - 
2025-05-05 05:36:15,591 - src.utils.logging_utils - INFO - --- Metrics Log (Step: 2826) ---
2025-05-05 05:36:15,591 - src.utils.logging_utils - INFO -   BP_Baseline/Train_Loss_Batch: 0.0230
2025-05-05 05:36:15,591 - src.utils.logging_utils - INFO -   BP_Baseline/Train_Acc_Batch: 98.4375
2025-05-05 05:36:15,591 - src.utils.logging_utils - INFO -   BP_Baseline/GPU_Mem_Used_MiB_Batch: 1080.0000
2025-05-05 05:36:15,591 - src.utils.logging_utils - INFO - --- End Metrics Log ---
2025-05-05 05:36:15,591 - src.utils.logging_utils - INFO - 
2025-05-05 05:36:16,064 - src.utils.logging_utils - INFO - 
2025-05-05 05:36:16,064 - src.utils.logging_utils - INFO - --- Metrics Log (Step: 2926) ---
2025-05-05 05:36:16,064 - src.utils.logging_utils - INFO -   BP_Baseline/Train_Loss_Batch: 0.0415
2025-05-05 05:36:16,065 - src.utils.logging_utils - INFO -   BP_Baseline/Train_Acc_Batch: 98.4375
2025-05-05 05:36:16,065 - src.utils.logging_utils - INFO -   BP_Baseline/GPU_Mem_Used_MiB_Batch: 1080.0000
2025-05-05 05:36:16,065 - src.utils.logging_utils - INFO - --- End Metrics Log ---
2025-05-05 05:36:16,065 - src.utils.logging_utils - INFO - 
2025-05-05 05:36:16,170 - src.utils.logging_utils - INFO - 
2025-05-05 05:36:16,170 - src.utils.logging_utils - INFO - --- Metrics Log (Step: 2947) ---
2025-05-05 05:36:16,170 - src.utils.logging_utils - INFO -   BP_Baseline/Train_Loss_Batch: 0.0940
2025-05-05 05:36:16,170 - src.utils.logging_utils - INFO -   BP_Baseline/Train_Acc_Batch: 96.8750
2025-05-05 05:36:16,170 - src.utils.logging_utils - INFO -   BP_Baseline/GPU_Mem_Used_MiB_Batch: 1080.0000
2025-05-05 05:36:16,170 - src.utils.logging_utils - INFO - --- End Metrics Log ---
2025-05-05 05:36:16,170 - src.utils.logging_utils - INFO - 
2025-05-05 05:36:16,413 - src.utils.logging_utils - INFO - 
2025-05-05 05:36:16,414 - src.utils.logging_utils - INFO - --- Metrics Log (Step: 2947) ---
2025-05-05 05:36:16,414 - src.utils.logging_utils - INFO -   BP_Baseline/Train_Loss_Epoch: 0.0484
2025-05-05 05:36:16,414 - src.utils.logging_utils - INFO -   BP_Baseline/Train_Acc_Epoch: 98.4097
2025-05-05 05:36:16,414 - src.utils.logging_utils - INFO -   BP_Baseline/Val_Loss_Epoch: 0.3630
2025-05-05 05:36:16,414 - src.utils.logging_utils - INFO -   BP_Baseline/Val_Acc_Epoch: 90.5167
2025-05-05 05:36:16,414 - src.utils.logging_utils - INFO -   BP_Baseline/Epoch_Duration_Sec: 2.2683
2025-05-05 05:36:16,414 - src.utils.logging_utils - INFO -   BP_Baseline/Learning_Rate: 0.000564
2025-05-05 05:36:16,414 - src.utils.logging_utils - INFO -   BP_Baseline/Epoch: 7
2025-05-05 05:36:16,414 - src.utils.logging_utils - INFO -   BP_Baseline/Peak_GPU_Mem_Epoch_MiB: 1080.0000
2025-05-05 05:36:16,414 - src.utils.logging_utils - INFO - --- End Metrics Log ---
2025-05-05 05:36:16,414 - src.utils.logging_utils - INFO - 
2025-05-05 05:36:16,415 - src.baselines.bp - INFO - BP Epoch 7/100 | LR: 0.000564 | Train Loss: 0.0484, Acc: 98.41% | Val Loss: 0.3630, Acc: 90.52% | Peak Mem: 1080.0 MiB | Duration: 00:00:02
2025-05-05 05:36:16,910 - src.utils.logging_utils - INFO - 
2025-05-05 05:36:16,910 - src.utils.logging_utils - INFO - --- Metrics Log (Step: 3047) ---
2025-05-05 05:36:16,910 - src.utils.logging_utils - INFO -   BP_Baseline/Train_Loss_Batch: 0.0089
2025-05-05 05:36:16,910 - src.utils.logging_utils - INFO -   BP_Baseline/Train_Acc_Batch: 100.0000
2025-05-05 05:36:16,910 - src.utils.logging_utils - INFO -   BP_Baseline/GPU_Mem_Used_MiB_Batch: 1080.0000
2025-05-05 05:36:16,910 - src.utils.logging_utils - INFO - --- End Metrics Log ---
2025-05-05 05:36:16,910 - src.utils.logging_utils - INFO - 
2025-05-05 05:36:17,382 - src.utils.logging_utils - INFO - 
2025-05-05 05:36:17,382 - src.utils.logging_utils - INFO - --- Metrics Log (Step: 3147) ---
2025-05-05 05:36:17,383 - src.utils.logging_utils - INFO -   BP_Baseline/Train_Loss_Batch: 0.0633
2025-05-05 05:36:17,383 - src.utils.logging_utils - INFO -   BP_Baseline/Train_Acc_Batch: 99.2188
2025-05-05 05:36:17,383 - src.utils.logging_utils - INFO -   BP_Baseline/GPU_Mem_Used_MiB_Batch: 1080.0000
2025-05-05 05:36:17,383 - src.utils.logging_utils - INFO - --- End Metrics Log ---
2025-05-05 05:36:17,384 - src.utils.logging_utils - INFO - 
2025-05-05 05:36:17,852 - src.utils.logging_utils - INFO - 
2025-05-05 05:36:17,852 - src.utils.logging_utils - INFO - --- Metrics Log (Step: 3247) ---
2025-05-05 05:36:17,852 - src.utils.logging_utils - INFO -   BP_Baseline/Train_Loss_Batch: 0.0957
2025-05-05 05:36:17,852 - src.utils.logging_utils - INFO -   BP_Baseline/Train_Acc_Batch: 97.6562
2025-05-05 05:36:17,852 - src.utils.logging_utils - INFO -   BP_Baseline/GPU_Mem_Used_MiB_Batch: 1080.0000
2025-05-05 05:36:17,852 - src.utils.logging_utils - INFO - --- End Metrics Log ---
2025-05-05 05:36:17,852 - src.utils.logging_utils - INFO - 
2025-05-05 05:36:18,318 - src.utils.logging_utils - INFO - 
2025-05-05 05:36:18,319 - src.utils.logging_utils - INFO - --- Metrics Log (Step: 3347) ---
2025-05-05 05:36:18,319 - src.utils.logging_utils - INFO -   BP_Baseline/Train_Loss_Batch: 0.0143
2025-05-05 05:36:18,319 - src.utils.logging_utils - INFO -   BP_Baseline/Train_Acc_Batch: 100.0000
2025-05-05 05:36:18,319 - src.utils.logging_utils - INFO -   BP_Baseline/GPU_Mem_Used_MiB_Batch: 1080.0000
2025-05-05 05:36:18,319 - src.utils.logging_utils - INFO - --- End Metrics Log ---
2025-05-05 05:36:18,319 - src.utils.logging_utils - INFO - 
2025-05-05 05:36:18,416 - src.utils.logging_utils - INFO - 
2025-05-05 05:36:18,417 - src.utils.logging_utils - INFO - --- Metrics Log (Step: 3368) ---
2025-05-05 05:36:18,417 - src.utils.logging_utils - INFO -   BP_Baseline/Train_Loss_Batch: 0.0697
2025-05-05 05:36:18,417 - src.utils.logging_utils - INFO -   BP_Baseline/Train_Acc_Batch: 98.4375
2025-05-05 05:36:18,417 - src.utils.logging_utils - INFO -   BP_Baseline/GPU_Mem_Used_MiB_Batch: 1080.0000
2025-05-05 05:36:18,417 - src.utils.logging_utils - INFO - --- End Metrics Log ---
2025-05-05 05:36:18,417 - src.utils.logging_utils - INFO - 
2025-05-05 05:36:18,666 - src.utils.logging_utils - INFO - 
2025-05-05 05:36:18,666 - src.utils.logging_utils - INFO - --- Metrics Log (Step: 3368) ---
2025-05-05 05:36:18,666 - src.utils.logging_utils - INFO -   BP_Baseline/Train_Loss_Epoch: 0.0417
2025-05-05 05:36:18,666 - src.utils.logging_utils - INFO -   BP_Baseline/Train_Acc_Epoch: 98.5915
2025-05-05 05:36:18,666 - src.utils.logging_utils - INFO -   BP_Baseline/Val_Loss_Epoch: 0.3379
2025-05-05 05:36:18,666 - src.utils.logging_utils - INFO -   BP_Baseline/Val_Acc_Epoch: 91.4000
2025-05-05 05:36:18,667 - src.utils.logging_utils - INFO -   BP_Baseline/Epoch_Duration_Sec: 2.2507
2025-05-05 05:36:18,667 - src.utils.logging_utils - INFO -   BP_Baseline/Learning_Rate: 0.000564
2025-05-05 05:36:18,667 - src.utils.logging_utils - INFO -   BP_Baseline/Epoch: 8
2025-05-05 05:36:18,667 - src.utils.logging_utils - INFO -   BP_Baseline/Peak_GPU_Mem_Epoch_MiB: 1080.0000
2025-05-05 05:36:18,667 - src.utils.logging_utils - INFO - --- End Metrics Log ---
2025-05-05 05:36:18,667 - src.utils.logging_utils - INFO - 
2025-05-05 05:36:18,667 - src.baselines.bp - INFO - BP Epoch 8/100 | LR: 0.000564 | Train Loss: 0.0417, Acc: 98.59% | Val Loss: 0.3379, Acc: 91.40% | Peak Mem: 1080.0 MiB | Duration: 00:00:02
2025-05-05 05:36:19,163 - src.utils.logging_utils - INFO - 
2025-05-05 05:36:19,163 - src.utils.logging_utils - INFO - --- Metrics Log (Step: 3468) ---
2025-05-05 05:36:19,163 - src.utils.logging_utils - INFO -   BP_Baseline/Train_Loss_Batch: 0.0161
2025-05-05 05:36:19,164 - src.utils.logging_utils - INFO -   BP_Baseline/Train_Acc_Batch: 99.2188
2025-05-05 05:36:19,164 - src.utils.logging_utils - INFO -   BP_Baseline/GPU_Mem_Used_MiB_Batch: 1080.0000
2025-05-05 05:36:19,164 - src.utils.logging_utils - INFO - --- End Metrics Log ---
2025-05-05 05:36:19,164 - src.utils.logging_utils - INFO - 
2025-05-05 05:36:19,632 - src.utils.logging_utils - INFO - 
2025-05-05 05:36:19,632 - src.utils.logging_utils - INFO - --- Metrics Log (Step: 3568) ---
2025-05-05 05:36:19,632 - src.utils.logging_utils - INFO -   BP_Baseline/Train_Loss_Batch: 0.0199
2025-05-05 05:36:19,632 - src.utils.logging_utils - INFO -   BP_Baseline/Train_Acc_Batch: 99.2188
2025-05-05 05:36:19,632 - src.utils.logging_utils - INFO -   BP_Baseline/GPU_Mem_Used_MiB_Batch: 1080.0000
2025-05-05 05:36:19,632 - src.utils.logging_utils - INFO - --- End Metrics Log ---
2025-05-05 05:36:19,632 - src.utils.logging_utils - INFO - 
2025-05-05 05:36:20,101 - src.utils.logging_utils - INFO - 
2025-05-05 05:36:20,101 - src.utils.logging_utils - INFO - --- Metrics Log (Step: 3668) ---
2025-05-05 05:36:20,101 - src.utils.logging_utils - INFO -   BP_Baseline/Train_Loss_Batch: 0.0238
2025-05-05 05:36:20,101 - src.utils.logging_utils - INFO -   BP_Baseline/Train_Acc_Batch: 99.2188
2025-05-05 05:36:20,101 - src.utils.logging_utils - INFO -   BP_Baseline/GPU_Mem_Used_MiB_Batch: 1080.0000
2025-05-05 05:36:20,101 - src.utils.logging_utils - INFO - --- End Metrics Log ---
2025-05-05 05:36:20,101 - src.utils.logging_utils - INFO - 
2025-05-05 05:36:20,570 - src.utils.logging_utils - INFO - 
2025-05-05 05:36:20,571 - src.utils.logging_utils - INFO - --- Metrics Log (Step: 3768) ---
2025-05-05 05:36:20,571 - src.utils.logging_utils - INFO -   BP_Baseline/Train_Loss_Batch: 0.0592
2025-05-05 05:36:20,571 - src.utils.logging_utils - INFO -   BP_Baseline/Train_Acc_Batch: 97.6562
2025-05-05 05:36:20,571 - src.utils.logging_utils - INFO -   BP_Baseline/GPU_Mem_Used_MiB_Batch: 1080.0000
2025-05-05 05:36:20,571 - src.utils.logging_utils - INFO - --- End Metrics Log ---
2025-05-05 05:36:20,571 - src.utils.logging_utils - INFO - 
2025-05-05 05:36:20,671 - src.utils.logging_utils - INFO - 
2025-05-05 05:36:20,672 - src.utils.logging_utils - INFO - --- Metrics Log (Step: 3789) ---
2025-05-05 05:36:20,672 - src.utils.logging_utils - INFO -   BP_Baseline/Train_Loss_Batch: 0.0670
2025-05-05 05:36:20,672 - src.utils.logging_utils - INFO -   BP_Baseline/Train_Acc_Batch: 99.2188
2025-05-05 05:36:20,672 - src.utils.logging_utils - INFO -   BP_Baseline/GPU_Mem_Used_MiB_Batch: 1080.0000
2025-05-05 05:36:20,672 - src.utils.logging_utils - INFO - --- End Metrics Log ---
2025-05-05 05:36:20,672 - src.utils.logging_utils - INFO - 
2025-05-05 05:36:20,916 - src.utils.logging_utils - INFO - 
2025-05-05 05:36:20,916 - src.utils.logging_utils - INFO - --- Metrics Log (Step: 3789) ---
2025-05-05 05:36:20,917 - src.utils.logging_utils - INFO -   BP_Baseline/Train_Loss_Epoch: 0.0281
2025-05-05 05:36:20,917 - src.utils.logging_utils - INFO -   BP_Baseline/Train_Acc_Epoch: 99.0703
2025-05-05 05:36:20,917 - src.utils.logging_utils - INFO -   BP_Baseline/Val_Loss_Epoch: 0.3484
2025-05-05 05:36:20,917 - src.utils.logging_utils - INFO -   BP_Baseline/Val_Acc_Epoch: 91.5000
2025-05-05 05:36:20,917 - src.utils.logging_utils - INFO -   BP_Baseline/Epoch_Duration_Sec: 2.2485
2025-05-05 05:36:20,917 - src.utils.logging_utils - INFO -   BP_Baseline/Learning_Rate: 0.000564
2025-05-05 05:36:20,917 - src.utils.logging_utils - INFO -   BP_Baseline/Epoch: 9
2025-05-05 05:36:20,917 - src.utils.logging_utils - INFO -   BP_Baseline/Peak_GPU_Mem_Epoch_MiB: 1080.0000
2025-05-05 05:36:20,917 - src.utils.logging_utils - INFO - --- End Metrics Log ---
2025-05-05 05:36:20,918 - src.utils.logging_utils - INFO - 
2025-05-05 05:36:20,918 - src.baselines.bp - INFO - BP Epoch 9/100 | LR: 0.000564 | Train Loss: 0.0281, Acc: 99.07% | Val Loss: 0.3484, Acc: 91.50% | Peak Mem: 1080.0 MiB | Duration: 00:00:02
2025-05-05 05:36:21,413 - src.utils.logging_utils - INFO - 
2025-05-05 05:36:21,413 - src.utils.logging_utils - INFO - --- Metrics Log (Step: 3889) ---
2025-05-05 05:36:21,413 - src.utils.logging_utils - INFO -   BP_Baseline/Train_Loss_Batch: 0.0357
2025-05-05 05:36:21,413 - src.utils.logging_utils - INFO -   BP_Baseline/Train_Acc_Batch: 98.4375
2025-05-05 05:36:21,413 - src.utils.logging_utils - INFO -   BP_Baseline/GPU_Mem_Used_MiB_Batch: 1080.0000
2025-05-05 05:36:21,414 - src.utils.logging_utils - INFO - --- End Metrics Log ---
2025-05-05 05:36:21,414 - src.utils.logging_utils - INFO - 
2025-05-05 05:36:21,877 - src.utils.logging_utils - INFO - 
2025-05-05 05:36:21,878 - src.utils.logging_utils - INFO - --- Metrics Log (Step: 3989) ---
2025-05-05 05:36:21,878 - src.utils.logging_utils - INFO -   BP_Baseline/Train_Loss_Batch: 0.0100
2025-05-05 05:36:21,878 - src.utils.logging_utils - INFO -   BP_Baseline/Train_Acc_Batch: 100.0000
2025-05-05 05:36:21,878 - src.utils.logging_utils - INFO -   BP_Baseline/GPU_Mem_Used_MiB_Batch: 1080.0000
2025-05-05 05:36:21,878 - src.utils.logging_utils - INFO - --- End Metrics Log ---
2025-05-05 05:36:21,878 - src.utils.logging_utils - INFO - 
2025-05-05 05:36:22,344 - src.utils.logging_utils - INFO - 
2025-05-05 05:36:22,344 - src.utils.logging_utils - INFO - --- Metrics Log (Step: 4089) ---
2025-05-05 05:36:22,344 - src.utils.logging_utils - INFO -   BP_Baseline/Train_Loss_Batch: 0.0371
2025-05-05 05:36:22,345 - src.utils.logging_utils - INFO -   BP_Baseline/Train_Acc_Batch: 98.4375
2025-05-05 05:36:22,345 - src.utils.logging_utils - INFO -   BP_Baseline/GPU_Mem_Used_MiB_Batch: 1080.0000
2025-05-05 05:36:22,345 - src.utils.logging_utils - INFO - --- End Metrics Log ---
2025-05-05 05:36:22,345 - src.utils.logging_utils - INFO - 
2025-05-05 05:36:22,810 - src.utils.logging_utils - INFO - 
2025-05-05 05:36:22,810 - src.utils.logging_utils - INFO - --- Metrics Log (Step: 4189) ---
2025-05-05 05:36:22,810 - src.utils.logging_utils - INFO -   BP_Baseline/Train_Loss_Batch: 0.1082
2025-05-05 05:36:22,810 - src.utils.logging_utils - INFO -   BP_Baseline/Train_Acc_Batch: 97.6562
2025-05-05 05:36:22,810 - src.utils.logging_utils - INFO -   BP_Baseline/GPU_Mem_Used_MiB_Batch: 1080.0000
2025-05-05 05:36:22,811 - src.utils.logging_utils - INFO - --- End Metrics Log ---
2025-05-05 05:36:22,811 - src.utils.logging_utils - INFO - 
2025-05-05 05:36:22,916 - src.utils.logging_utils - INFO - 
2025-05-05 05:36:22,916 - src.utils.logging_utils - INFO - --- Metrics Log (Step: 4210) ---
2025-05-05 05:36:22,916 - src.utils.logging_utils - INFO -   BP_Baseline/Train_Loss_Batch: 0.0352
2025-05-05 05:36:22,916 - src.utils.logging_utils - INFO -   BP_Baseline/Train_Acc_Batch: 98.4375
2025-05-05 05:36:22,916 - src.utils.logging_utils - INFO -   BP_Baseline/GPU_Mem_Used_MiB_Batch: 1080.0000
2025-05-05 05:36:22,916 - src.utils.logging_utils - INFO - --- End Metrics Log ---
2025-05-05 05:36:22,917 - src.utils.logging_utils - INFO - 
2025-05-05 05:36:23,161 - src.utils.logging_utils - INFO - 
2025-05-05 05:36:23,162 - src.utils.logging_utils - INFO - --- Metrics Log (Step: 4210) ---
2025-05-05 05:36:23,162 - src.utils.logging_utils - INFO -   BP_Baseline/Train_Loss_Epoch: 0.0322
2025-05-05 05:36:23,162 - src.utils.logging_utils - INFO -   BP_Baseline/Train_Acc_Epoch: 98.9385
2025-05-05 05:36:23,162 - src.utils.logging_utils - INFO -   BP_Baseline/Val_Loss_Epoch: 0.3969
2025-05-05 05:36:23,162 - src.utils.logging_utils - INFO -   BP_Baseline/Val_Acc_Epoch: 90.3833
2025-05-05 05:36:23,162 - src.utils.logging_utils - INFO -   BP_Baseline/Epoch_Duration_Sec: 2.2433
2025-05-05 05:36:23,162 - src.utils.logging_utils - INFO -   BP_Baseline/Learning_Rate: 0.000564
2025-05-05 05:36:23,162 - src.utils.logging_utils - INFO -   BP_Baseline/Epoch: 10
2025-05-05 05:36:23,162 - src.utils.logging_utils - INFO -   BP_Baseline/Peak_GPU_Mem_Epoch_MiB: 1080.0000
2025-05-05 05:36:23,163 - src.utils.logging_utils - INFO - --- End Metrics Log ---
2025-05-05 05:36:23,163 - src.utils.logging_utils - INFO - 
2025-05-05 05:36:23,163 - src.baselines.bp - INFO - BP Epoch 10/100 | LR: 0.000564 | Train Loss: 0.0322, Acc: 98.94% | Val Loss: 0.3969, Acc: 90.38% | Peak Mem: 1080.0 MiB | Duration: 00:00:02
2025-05-05 05:36:23,659 - src.utils.logging_utils - INFO - 
2025-05-05 05:36:23,659 - src.utils.logging_utils - INFO - --- Metrics Log (Step: 4310) ---
2025-05-05 05:36:23,659 - src.utils.logging_utils - INFO -   BP_Baseline/Train_Loss_Batch: 0.0013
2025-05-05 05:36:23,659 - src.utils.logging_utils - INFO -   BP_Baseline/Train_Acc_Batch: 100.0000
2025-05-05 05:36:23,659 - src.utils.logging_utils - INFO -   BP_Baseline/GPU_Mem_Used_MiB_Batch: 1080.0000
2025-05-05 05:36:23,659 - src.utils.logging_utils - INFO - --- End Metrics Log ---
2025-05-05 05:36:23,659 - src.utils.logging_utils - INFO - 
2025-05-05 05:36:24,130 - src.utils.logging_utils - INFO - 
2025-05-05 05:36:24,131 - src.utils.logging_utils - INFO - --- Metrics Log (Step: 4410) ---
2025-05-05 05:36:24,131 - src.utils.logging_utils - INFO -   BP_Baseline/Train_Loss_Batch: 0.0573
2025-05-05 05:36:24,131 - src.utils.logging_utils - INFO -   BP_Baseline/Train_Acc_Batch: 98.4375
2025-05-05 05:36:24,131 - src.utils.logging_utils - INFO -   BP_Baseline/GPU_Mem_Used_MiB_Batch: 1080.0000
2025-05-05 05:36:24,131 - src.utils.logging_utils - INFO - --- End Metrics Log ---
2025-05-05 05:36:24,131 - src.utils.logging_utils - INFO - 
2025-05-05 05:36:24,603 - src.utils.logging_utils - INFO - 
2025-05-05 05:36:24,604 - src.utils.logging_utils - INFO - --- Metrics Log (Step: 4510) ---
2025-05-05 05:36:24,604 - src.utils.logging_utils - INFO -   BP_Baseline/Train_Loss_Batch: 0.0089
2025-05-05 05:36:24,604 - src.utils.logging_utils - INFO -   BP_Baseline/Train_Acc_Batch: 100.0000
2025-05-05 05:36:24,604 - src.utils.logging_utils - INFO -   BP_Baseline/GPU_Mem_Used_MiB_Batch: 1080.0000
2025-05-05 05:36:24,604 - src.utils.logging_utils - INFO - --- End Metrics Log ---
2025-05-05 05:36:24,604 - src.utils.logging_utils - INFO - 
2025-05-05 05:36:25,077 - src.utils.logging_utils - INFO - 
2025-05-05 05:36:25,078 - src.utils.logging_utils - INFO - --- Metrics Log (Step: 4610) ---
2025-05-05 05:36:25,078 - src.utils.logging_utils - INFO -   BP_Baseline/Train_Loss_Batch: 0.0688
2025-05-05 05:36:25,078 - src.utils.logging_utils - INFO -   BP_Baseline/Train_Acc_Batch: 97.6562
2025-05-05 05:36:25,078 - src.utils.logging_utils - INFO -   BP_Baseline/GPU_Mem_Used_MiB_Batch: 1080.0000
2025-05-05 05:36:25,078 - src.utils.logging_utils - INFO - --- End Metrics Log ---
2025-05-05 05:36:25,078 - src.utils.logging_utils - INFO - 
2025-05-05 05:36:25,175 - src.utils.logging_utils - INFO - 
2025-05-05 05:36:25,175 - src.utils.logging_utils - INFO - --- Metrics Log (Step: 4631) ---
2025-05-05 05:36:25,175 - src.utils.logging_utils - INFO -   BP_Baseline/Train_Loss_Batch: 0.0367
2025-05-05 05:36:25,175 - src.utils.logging_utils - INFO -   BP_Baseline/Train_Acc_Batch: 99.2188
2025-05-05 05:36:25,175 - src.utils.logging_utils - INFO -   BP_Baseline/GPU_Mem_Used_MiB_Batch: 1080.0000
2025-05-05 05:36:25,175 - src.utils.logging_utils - INFO - --- End Metrics Log ---
2025-05-05 05:36:25,175 - src.utils.logging_utils - INFO - 
2025-05-05 05:36:25,420 - src.utils.logging_utils - INFO - 
2025-05-05 05:36:25,420 - src.utils.logging_utils - INFO - --- Metrics Log (Step: 4631) ---
2025-05-05 05:36:25,420 - src.utils.logging_utils - INFO -   BP_Baseline/Train_Loss_Epoch: 0.0360
2025-05-05 05:36:25,420 - src.utils.logging_utils - INFO -   BP_Baseline/Train_Acc_Epoch: 98.7845
2025-05-05 05:36:25,421 - src.utils.logging_utils - INFO -   BP_Baseline/Val_Loss_Epoch: 0.3976
2025-05-05 05:36:25,421 - src.utils.logging_utils - INFO -   BP_Baseline/Val_Acc_Epoch: 90.7667
2025-05-05 05:36:25,421 - src.utils.logging_utils - INFO -   BP_Baseline/Epoch_Duration_Sec: 2.2566
2025-05-05 05:36:25,421 - src.utils.logging_utils - INFO -   BP_Baseline/Learning_Rate: 0.000564
2025-05-05 05:36:25,421 - src.utils.logging_utils - INFO -   BP_Baseline/Epoch: 11
2025-05-05 05:36:25,421 - src.utils.logging_utils - INFO -   BP_Baseline/Peak_GPU_Mem_Epoch_MiB: 1080.0000
2025-05-05 05:36:25,421 - src.utils.logging_utils - INFO - --- End Metrics Log ---
2025-05-05 05:36:25,421 - src.utils.logging_utils - INFO - 
2025-05-05 05:36:25,421 - src.baselines.bp - INFO - BP Epoch 11/100 | LR: 0.000564 | Train Loss: 0.0360, Acc: 98.78% | Val Loss: 0.3976, Acc: 90.77% | Peak Mem: 1080.0 MiB | Duration: 00:00:02
2025-05-05 05:36:25,918 - src.utils.logging_utils - INFO - 
2025-05-05 05:36:25,918 - src.utils.logging_utils - INFO - --- Metrics Log (Step: 4731) ---
2025-05-05 05:36:25,918 - src.utils.logging_utils - INFO -   BP_Baseline/Train_Loss_Batch: 0.0047
2025-05-05 05:36:25,918 - src.utils.logging_utils - INFO -   BP_Baseline/Train_Acc_Batch: 100.0000
2025-05-05 05:36:25,918 - src.utils.logging_utils - INFO -   BP_Baseline/GPU_Mem_Used_MiB_Batch: 1080.0000
2025-05-05 05:36:25,918 - src.utils.logging_utils - INFO - --- End Metrics Log ---
2025-05-05 05:36:25,918 - src.utils.logging_utils - INFO - 
2025-05-05 05:36:26,392 - src.utils.logging_utils - INFO - 
2025-05-05 05:36:26,392 - src.utils.logging_utils - INFO - --- Metrics Log (Step: 4831) ---
2025-05-05 05:36:26,392 - src.utils.logging_utils - INFO -   BP_Baseline/Train_Loss_Batch: 0.0216
2025-05-05 05:36:26,392 - src.utils.logging_utils - INFO -   BP_Baseline/Train_Acc_Batch: 99.2188
2025-05-05 05:36:26,393 - src.utils.logging_utils - INFO -   BP_Baseline/GPU_Mem_Used_MiB_Batch: 1080.0000
2025-05-05 05:36:26,393 - src.utils.logging_utils - INFO - --- End Metrics Log ---
2025-05-05 05:36:26,393 - src.utils.logging_utils - INFO - 
2025-05-05 05:36:26,866 - src.utils.logging_utils - INFO - 
2025-05-05 05:36:26,866 - src.utils.logging_utils - INFO - --- Metrics Log (Step: 4931) ---
2025-05-05 05:36:26,866 - src.utils.logging_utils - INFO -   BP_Baseline/Train_Loss_Batch: 0.0626
2025-05-05 05:36:26,866 - src.utils.logging_utils - INFO -   BP_Baseline/Train_Acc_Batch: 98.4375
2025-05-05 05:36:26,866 - src.utils.logging_utils - INFO -   BP_Baseline/GPU_Mem_Used_MiB_Batch: 1080.0000
2025-05-05 05:36:26,866 - src.utils.logging_utils - INFO - --- End Metrics Log ---
2025-05-05 05:36:26,866 - src.utils.logging_utils - INFO - 
2025-05-05 05:36:27,339 - src.utils.logging_utils - INFO - 
2025-05-05 05:36:27,339 - src.utils.logging_utils - INFO - --- Metrics Log (Step: 5031) ---
2025-05-05 05:36:27,339 - src.utils.logging_utils - INFO -   BP_Baseline/Train_Loss_Batch: 0.0101
2025-05-05 05:36:27,339 - src.utils.logging_utils - INFO -   BP_Baseline/Train_Acc_Batch: 100.0000
2025-05-05 05:36:27,340 - src.utils.logging_utils - INFO -   BP_Baseline/GPU_Mem_Used_MiB_Batch: 1080.0000
2025-05-05 05:36:27,340 - src.utils.logging_utils - INFO - --- End Metrics Log ---
2025-05-05 05:36:27,340 - src.utils.logging_utils - INFO - 
2025-05-05 05:36:27,448 - src.utils.logging_utils - INFO - 
2025-05-05 05:36:27,448 - src.utils.logging_utils - INFO - --- Metrics Log (Step: 5052) ---
2025-05-05 05:36:27,448 - src.utils.logging_utils - INFO -   BP_Baseline/Train_Loss_Batch: 0.0260
2025-05-05 05:36:27,448 - src.utils.logging_utils - INFO -   BP_Baseline/Train_Acc_Batch: 98.4375
2025-05-05 05:36:27,449 - src.utils.logging_utils - INFO -   BP_Baseline/GPU_Mem_Used_MiB_Batch: 1080.0000
2025-05-05 05:36:27,449 - src.utils.logging_utils - INFO - --- End Metrics Log ---
2025-05-05 05:36:27,449 - src.utils.logging_utils - INFO - 
2025-05-05 05:36:27,696 - src.utils.logging_utils - INFO - 
2025-05-05 05:36:27,697 - src.utils.logging_utils - INFO - --- Metrics Log (Step: 5052) ---
2025-05-05 05:36:27,697 - src.utils.logging_utils - INFO -   BP_Baseline/Train_Loss_Epoch: 0.0307
2025-05-05 05:36:27,697 - src.utils.logging_utils - INFO -   BP_Baseline/Train_Acc_Epoch: 99.0128
2025-05-05 05:36:27,697 - src.utils.logging_utils - INFO -   BP_Baseline/Val_Loss_Epoch: 0.3890
2025-05-05 05:36:27,697 - src.utils.logging_utils - INFO -   BP_Baseline/Val_Acc_Epoch: 91.6500
2025-05-05 05:36:27,697 - src.utils.logging_utils - INFO -   BP_Baseline/Epoch_Duration_Sec: 2.2746
2025-05-05 05:36:27,697 - src.utils.logging_utils - INFO -   BP_Baseline/Learning_Rate: 0.000564
2025-05-05 05:36:27,697 - src.utils.logging_utils - INFO -   BP_Baseline/Epoch: 12
2025-05-05 05:36:27,697 - src.utils.logging_utils - INFO -   BP_Baseline/Peak_GPU_Mem_Epoch_MiB: 1080.0000
2025-05-05 05:36:27,697 - src.utils.logging_utils - INFO - --- End Metrics Log ---
2025-05-05 05:36:27,698 - src.utils.logging_utils - INFO - 
2025-05-05 05:36:27,698 - src.baselines.bp - INFO - BP Epoch 12/100 | LR: 0.000564 | Train Loss: 0.0307, Acc: 99.01% | Val Loss: 0.3890, Acc: 91.65% | Peak Mem: 1080.0 MiB | Duration: 00:00:02
2025-05-05 05:36:28,195 - src.utils.logging_utils - INFO - 
2025-05-05 05:36:28,195 - src.utils.logging_utils - INFO - --- Metrics Log (Step: 5152) ---
2025-05-05 05:36:28,195 - src.utils.logging_utils - INFO -   BP_Baseline/Train_Loss_Batch: 0.0093
2025-05-05 05:36:28,195 - src.utils.logging_utils - INFO -   BP_Baseline/Train_Acc_Batch: 100.0000
2025-05-05 05:36:28,195 - src.utils.logging_utils - INFO -   BP_Baseline/GPU_Mem_Used_MiB_Batch: 1080.0000
2025-05-05 05:36:28,195 - src.utils.logging_utils - INFO - --- End Metrics Log ---
2025-05-05 05:36:28,196 - src.utils.logging_utils - INFO - 
2025-05-05 05:36:28,667 - src.utils.logging_utils - INFO - 
2025-05-05 05:36:28,667 - src.utils.logging_utils - INFO - --- Metrics Log (Step: 5252) ---
2025-05-05 05:36:28,667 - src.utils.logging_utils - INFO -   BP_Baseline/Train_Loss_Batch: 0.0124
2025-05-05 05:36:28,667 - src.utils.logging_utils - INFO -   BP_Baseline/Train_Acc_Batch: 100.0000
2025-05-05 05:36:28,667 - src.utils.logging_utils - INFO -   BP_Baseline/GPU_Mem_Used_MiB_Batch: 1080.0000
2025-05-05 05:36:28,667 - src.utils.logging_utils - INFO - --- End Metrics Log ---
2025-05-05 05:36:28,667 - src.utils.logging_utils - INFO - 
2025-05-05 05:36:29,142 - src.utils.logging_utils - INFO - 
2025-05-05 05:36:29,142 - src.utils.logging_utils - INFO - --- Metrics Log (Step: 5352) ---
2025-05-05 05:36:29,142 - src.utils.logging_utils - INFO -   BP_Baseline/Train_Loss_Batch: 0.0353
2025-05-05 05:36:29,142 - src.utils.logging_utils - INFO -   BP_Baseline/Train_Acc_Batch: 97.6562
2025-05-05 05:36:29,142 - src.utils.logging_utils - INFO -   BP_Baseline/GPU_Mem_Used_MiB_Batch: 1080.0000
2025-05-05 05:36:29,142 - src.utils.logging_utils - INFO - --- End Metrics Log ---
2025-05-05 05:36:29,142 - src.utils.logging_utils - INFO - 
2025-05-05 05:36:29,616 - src.utils.logging_utils - INFO - 
2025-05-05 05:36:29,617 - src.utils.logging_utils - INFO - --- Metrics Log (Step: 5452) ---
2025-05-05 05:36:29,617 - src.utils.logging_utils - INFO -   BP_Baseline/Train_Loss_Batch: 0.0086
2025-05-05 05:36:29,617 - src.utils.logging_utils - INFO -   BP_Baseline/Train_Acc_Batch: 100.0000
2025-05-05 05:36:29,617 - src.utils.logging_utils - INFO -   BP_Baseline/GPU_Mem_Used_MiB_Batch: 1080.0000
2025-05-05 05:36:29,617 - src.utils.logging_utils - INFO - --- End Metrics Log ---
2025-05-05 05:36:29,617 - src.utils.logging_utils - INFO - 
2025-05-05 05:36:29,720 - src.utils.logging_utils - INFO - 
2025-05-05 05:36:29,720 - src.utils.logging_utils - INFO - --- Metrics Log (Step: 5473) ---
2025-05-05 05:36:29,720 - src.utils.logging_utils - INFO -   BP_Baseline/Train_Loss_Batch: 0.0085
2025-05-05 05:36:29,720 - src.utils.logging_utils - INFO -   BP_Baseline/Train_Acc_Batch: 100.0000
2025-05-05 05:36:29,720 - src.utils.logging_utils - INFO -   BP_Baseline/GPU_Mem_Used_MiB_Batch: 1080.0000
2025-05-05 05:36:29,720 - src.utils.logging_utils - INFO - --- End Metrics Log ---
2025-05-05 05:36:29,720 - src.utils.logging_utils - INFO - 
2025-05-05 05:36:29,965 - src.utils.logging_utils - INFO - 
2025-05-05 05:36:29,965 - src.utils.logging_utils - INFO - --- Metrics Log (Step: 5473) ---
2025-05-05 05:36:29,966 - src.utils.logging_utils - INFO -   BP_Baseline/Train_Loss_Epoch: 0.0247
2025-05-05 05:36:29,966 - src.utils.logging_utils - INFO -   BP_Baseline/Train_Acc_Epoch: 99.1965
2025-05-05 05:36:29,966 - src.utils.logging_utils - INFO -   BP_Baseline/Val_Loss_Epoch: 0.4803
2025-05-05 05:36:29,966 - src.utils.logging_utils - INFO -   BP_Baseline/Val_Acc_Epoch: 90.1833
2025-05-05 05:36:29,966 - src.utils.logging_utils - INFO -   BP_Baseline/Epoch_Duration_Sec: 2.2670
2025-05-05 05:36:29,966 - src.utils.logging_utils - INFO -   BP_Baseline/Learning_Rate: 0.000564
2025-05-05 05:36:29,966 - src.utils.logging_utils - INFO -   BP_Baseline/Epoch: 13
2025-05-05 05:36:29,966 - src.utils.logging_utils - INFO -   BP_Baseline/Peak_GPU_Mem_Epoch_MiB: 1080.0000
2025-05-05 05:36:29,966 - src.utils.logging_utils - INFO - --- End Metrics Log ---
2025-05-05 05:36:29,966 - src.utils.logging_utils - INFO - 
2025-05-05 05:36:29,967 - src.baselines.bp - INFO - BP Epoch 13/100 | LR: 0.000564 | Train Loss: 0.0247, Acc: 99.20% | Val Loss: 0.4803, Acc: 90.18% | Peak Mem: 1080.0 MiB | Duration: 00:00:02
2025-05-05 05:36:30,464 - src.utils.logging_utils - INFO - 
2025-05-05 05:36:30,464 - src.utils.logging_utils - INFO - --- Metrics Log (Step: 5573) ---
2025-05-05 05:36:30,464 - src.utils.logging_utils - INFO -   BP_Baseline/Train_Loss_Batch: 0.0060
2025-05-05 05:36:30,465 - src.utils.logging_utils - INFO -   BP_Baseline/Train_Acc_Batch: 100.0000
2025-05-05 05:36:30,465 - src.utils.logging_utils - INFO -   BP_Baseline/GPU_Mem_Used_MiB_Batch: 1080.0000
2025-05-05 05:36:30,465 - src.utils.logging_utils - INFO - --- End Metrics Log ---
2025-05-05 05:36:30,465 - src.utils.logging_utils - INFO - 
2025-05-05 05:36:30,936 - src.utils.logging_utils - INFO - 
2025-05-05 05:36:30,936 - src.utils.logging_utils - INFO - --- Metrics Log (Step: 5673) ---
2025-05-05 05:36:30,936 - src.utils.logging_utils - INFO -   BP_Baseline/Train_Loss_Batch: 0.0235
2025-05-05 05:36:30,936 - src.utils.logging_utils - INFO -   BP_Baseline/Train_Acc_Batch: 99.2188
2025-05-05 05:36:30,937 - src.utils.logging_utils - INFO -   BP_Baseline/GPU_Mem_Used_MiB_Batch: 1080.0000
2025-05-05 05:36:30,937 - src.utils.logging_utils - INFO - --- End Metrics Log ---
2025-05-05 05:36:30,937 - src.utils.logging_utils - INFO - 
2025-05-05 05:36:31,409 - src.utils.logging_utils - INFO - 
2025-05-05 05:36:31,410 - src.utils.logging_utils - INFO - --- Metrics Log (Step: 5773) ---
2025-05-05 05:36:31,410 - src.utils.logging_utils - INFO -   BP_Baseline/Train_Loss_Batch: 0.0145
2025-05-05 05:36:31,410 - src.utils.logging_utils - INFO -   BP_Baseline/Train_Acc_Batch: 98.4375
2025-05-05 05:36:31,410 - src.utils.logging_utils - INFO -   BP_Baseline/GPU_Mem_Used_MiB_Batch: 1080.0000
2025-05-05 05:36:31,410 - src.utils.logging_utils - INFO - --- End Metrics Log ---
2025-05-05 05:36:31,410 - src.utils.logging_utils - INFO - 
2025-05-05 05:36:31,882 - src.utils.logging_utils - INFO - 
2025-05-05 05:36:31,883 - src.utils.logging_utils - INFO - --- Metrics Log (Step: 5873) ---
2025-05-05 05:36:31,883 - src.utils.logging_utils - INFO -   BP_Baseline/Train_Loss_Batch: 0.1084
2025-05-05 05:36:31,883 - src.utils.logging_utils - INFO -   BP_Baseline/Train_Acc_Batch: 97.6562
2025-05-05 05:36:31,883 - src.utils.logging_utils - INFO -   BP_Baseline/GPU_Mem_Used_MiB_Batch: 1080.0000
2025-05-05 05:36:31,883 - src.utils.logging_utils - INFO - --- End Metrics Log ---
2025-05-05 05:36:31,883 - src.utils.logging_utils - INFO - 
2025-05-05 05:36:31,986 - src.utils.logging_utils - INFO - 
2025-05-05 05:36:31,986 - src.utils.logging_utils - INFO - --- Metrics Log (Step: 5894) ---
2025-05-05 05:36:31,986 - src.utils.logging_utils - INFO -   BP_Baseline/Train_Loss_Batch: 0.0159
2025-05-05 05:36:31,986 - src.utils.logging_utils - INFO -   BP_Baseline/Train_Acc_Batch: 99.2188
2025-05-05 05:36:31,986 - src.utils.logging_utils - INFO -   BP_Baseline/GPU_Mem_Used_MiB_Batch: 1080.0000
2025-05-05 05:36:31,987 - src.utils.logging_utils - INFO - --- End Metrics Log ---
2025-05-05 05:36:31,987 - src.utils.logging_utils - INFO - 
2025-05-05 05:36:32,234 - src.utils.logging_utils - INFO - 
2025-05-05 05:36:32,234 - src.utils.logging_utils - INFO - --- Metrics Log (Step: 5894) ---
2025-05-05 05:36:32,234 - src.utils.logging_utils - INFO -   BP_Baseline/Train_Loss_Epoch: 0.0210
2025-05-05 05:36:32,234 - src.utils.logging_utils - INFO -   BP_Baseline/Train_Acc_Epoch: 99.2707
2025-05-05 05:36:32,235 - src.utils.logging_utils - INFO -   BP_Baseline/Val_Loss_Epoch: 0.4301
2025-05-05 05:36:32,235 - src.utils.logging_utils - INFO -   BP_Baseline/Val_Acc_Epoch: 91.5333
2025-05-05 05:36:32,235 - src.utils.logging_utils - INFO -   BP_Baseline/Epoch_Duration_Sec: 2.2668
2025-05-05 05:36:32,235 - src.utils.logging_utils - INFO -   BP_Baseline/Learning_Rate: 0.000564
2025-05-05 05:36:32,235 - src.utils.logging_utils - INFO -   BP_Baseline/Epoch: 14
2025-05-05 05:36:32,235 - src.utils.logging_utils - INFO -   BP_Baseline/Peak_GPU_Mem_Epoch_MiB: 1080.0000
2025-05-05 05:36:32,235 - src.utils.logging_utils - INFO - --- End Metrics Log ---
2025-05-05 05:36:32,235 - src.utils.logging_utils - INFO - 
2025-05-05 05:36:32,236 - src.baselines.bp - INFO - BP Epoch 14/100 | LR: 0.000564 | Train Loss: 0.0210, Acc: 99.27% | Val Loss: 0.4301, Acc: 91.53% | Peak Mem: 1080.0 MiB | Duration: 00:00:02
2025-05-05 05:36:32,732 - src.utils.logging_utils - INFO - 
2025-05-05 05:36:32,732 - src.utils.logging_utils - INFO - --- Metrics Log (Step: 5994) ---
2025-05-05 05:36:32,732 - src.utils.logging_utils - INFO -   BP_Baseline/Train_Loss_Batch: 0.0025
2025-05-05 05:36:32,732 - src.utils.logging_utils - INFO -   BP_Baseline/Train_Acc_Batch: 100.0000
2025-05-05 05:36:32,732 - src.utils.logging_utils - INFO -   BP_Baseline/GPU_Mem_Used_MiB_Batch: 1080.0000
2025-05-05 05:36:32,732 - src.utils.logging_utils - INFO - --- End Metrics Log ---
2025-05-05 05:36:32,733 - src.utils.logging_utils - INFO - 
2025-05-05 05:36:33,207 - src.utils.logging_utils - INFO - 
2025-05-05 05:36:33,207 - src.utils.logging_utils - INFO - --- Metrics Log (Step: 6094) ---
2025-05-05 05:36:33,207 - src.utils.logging_utils - INFO -   BP_Baseline/Train_Loss_Batch: 0.0524
2025-05-05 05:36:33,208 - src.utils.logging_utils - INFO -   BP_Baseline/Train_Acc_Batch: 96.8750
2025-05-05 05:36:33,208 - src.utils.logging_utils - INFO -   BP_Baseline/GPU_Mem_Used_MiB_Batch: 1080.0000
2025-05-05 05:36:33,208 - src.utils.logging_utils - INFO - --- End Metrics Log ---
2025-05-05 05:36:33,208 - src.utils.logging_utils - INFO - 
2025-05-05 05:36:33,683 - src.utils.logging_utils - INFO - 
2025-05-05 05:36:33,683 - src.utils.logging_utils - INFO - --- Metrics Log (Step: 6194) ---
2025-05-05 05:36:33,683 - src.utils.logging_utils - INFO -   BP_Baseline/Train_Loss_Batch: 0.0156
2025-05-05 05:36:33,683 - src.utils.logging_utils - INFO -   BP_Baseline/Train_Acc_Batch: 99.2188
2025-05-05 05:36:33,683 - src.utils.logging_utils - INFO -   BP_Baseline/GPU_Mem_Used_MiB_Batch: 1080.0000
2025-05-05 05:36:33,683 - src.utils.logging_utils - INFO - --- End Metrics Log ---
2025-05-05 05:36:33,683 - src.utils.logging_utils - INFO - 
2025-05-05 05:36:34,157 - src.utils.logging_utils - INFO - 
2025-05-05 05:36:34,157 - src.utils.logging_utils - INFO - --- Metrics Log (Step: 6294) ---
2025-05-05 05:36:34,157 - src.utils.logging_utils - INFO -   BP_Baseline/Train_Loss_Batch: 0.0122
2025-05-05 05:36:34,157 - src.utils.logging_utils - INFO -   BP_Baseline/Train_Acc_Batch: 100.0000
2025-05-05 05:36:34,157 - src.utils.logging_utils - INFO -   BP_Baseline/GPU_Mem_Used_MiB_Batch: 1080.0000
2025-05-05 05:36:34,157 - src.utils.logging_utils - INFO - --- End Metrics Log ---
2025-05-05 05:36:34,157 - src.utils.logging_utils - INFO - 
2025-05-05 05:36:34,268 - src.utils.logging_utils - INFO - 
2025-05-05 05:36:34,268 - src.utils.logging_utils - INFO - --- Metrics Log (Step: 6315) ---
2025-05-05 05:36:34,268 - src.utils.logging_utils - INFO -   BP_Baseline/Train_Loss_Batch: 0.0173
2025-05-05 05:36:34,269 - src.utils.logging_utils - INFO -   BP_Baseline/Train_Acc_Batch: 99.2188
2025-05-05 05:36:34,269 - src.utils.logging_utils - INFO -   BP_Baseline/GPU_Mem_Used_MiB_Batch: 1080.0000
2025-05-05 05:36:34,269 - src.utils.logging_utils - INFO - --- End Metrics Log ---
2025-05-05 05:36:34,269 - src.utils.logging_utils - INFO - 
2025-05-05 05:36:34,515 - src.baselines.bp - INFO - --- Early Stopping Triggered ---
2025-05-05 05:36:34,515 - src.baselines.bp - INFO - Metric 'bp_val_loss' did not improve for 10 epochs.
2025-05-05 05:36:34,515 - src.baselines.bp - INFO - Stopping training at epoch 15.
2025-05-05 05:36:34,515 - src.baselines.bp - INFO - Finished standard Backpropagation training. Total time: 00:00:34
2025-05-05 05:36:34,515 - src.baselines.bp - INFO - Loading best model state from: checkpoints/bp_baseline_fashion_mnist_cnn_3block/bp_bp_baseline_fashion_mnist_cnn_3block_best.pth
2025-05-05 05:36:34,522 - src.baselines.bp - INFO - Successfully loaded best model weights for final evaluation.
2025-05-05 05:36:34,523 - src.utils.logging_utils - INFO - Received Peak GPU Memory (sampled during training): 1080.00 MiB
2025-05-05 05:36:34,524 - src.utils.monitoring - INFO - Stopped energy monitoring for GPU 0.
2025-05-05 05:36:34,525 - src.utils.logging_utils - INFO - Starting evaluation phase on test set...
2025-05-05 05:36:34,980 - src.utils.logging_utils - INFO - Test Set Results: Acc: 89.04%, Loss: 0.3013
2025-05-05 05:36:34,980 - src.utils.logging_utils - INFO - Stopping CodeCarbon tracker...
2025-05-05 05:36:35,497 - src.utils.logging_utils - INFO - CodeCarbon tracker stopped. Attempting to read from: results/carbon/bp_baseline_fashion_mnist_cnn_3block_carbon.csv
2025-05-05 05:36:35,999 - src.utils.logging_utils - INFO - Read emissions: 0.001202 kgCO2e (1.202 gCO2e) (attempt 1)
2025-05-05 05:36:36,000 - src.utils.monitoring - INFO - Energy monitor for GPU 0 is not running.
2025-05-05 05:36:36,000 - src.utils.logging_utils - INFO - Total GPU Energy (NVML Monitor): 3059.00 J (0.8497 Wh)
2025-05-05 05:36:36,000 - src.utils.logging_utils - INFO - GPU Mem (End): 1080.00 MiB Used / 40960.00 MiB Total
2025-05-05 05:36:36,000 - src.utils.logging_utils - INFO - 
2025-05-05 05:36:36,000 - src.utils.logging_utils - INFO - --- Final Summary Metrics (Step: 6316) ---
2025-05-05 05:36:36,000 - src.utils.logging_utils - INFO -   final/total_run_duration_sec: 37.4352
2025-05-05 05:36:36,000 - src.utils.logging_utils - INFO -   final/peak_gpu_mem_used_mib: 1080.0000
2025-05-05 05:36:36,000 - src.utils.logging_utils - INFO -   final/total_gpu_energy_joules: 3059.000675
2025-05-05 05:36:36,001 - src.utils.logging_utils - INFO -   final/total_gpu_energy_wh: 0.849722
2025-05-05 05:36:36,001 - src.utils.logging_utils - INFO -   final/training_duration_sec: 34.2030
2025-05-05 05:36:36,001 - src.utils.logging_utils - INFO -   final/Test_Accuracy: 89.0400
2025-05-05 05:36:36,001 - src.utils.logging_utils - INFO -   final/Test_Loss: 0.3013
2025-05-05 05:36:36,001 - src.utils.logging_utils - INFO -   final/estimated_fwd_gflops: 0.0728
2025-05-05 05:36:36,001 - src.utils.logging_utils - INFO -   final/estimated_bp_update_gflops: 0.2184
2025-05-05 05:36:36,001 - src.utils.logging_utils - INFO -   final/codecarbon_emissions_gCO2e: 1.201601
2025-05-05 05:36:36,001 - src.utils.logging_utils - INFO - --- End Final Summary ---
2025-05-05 05:36:36,001 - src.utils.logging_utils - INFO - 
2025-05-05 05:36:36,002 - src.utils.logging_utils - INFO - Total run duration: 00:00:37
2025-05-05 05:36:36,002 - src.utils.logging_utils - INFO - --> Final Calculated Emissions: 1.202 gCO2e
2025-05-05 05:36:37,112 - src.utils.logging_utils - INFO - W&B run finished.
2025-05-05 05:36:37,112 - src.utils.monitoring - INFO - NVML shut down successfully.
2025-05-05 05:36:37,193 - src.utils.logging_utils - INFO - 
--- Experiment Finished ---
2025-05-05 05:36:37,193 - src.utils.logging_utils - INFO - Results:
2025-05-05 05:36:37,193 - src.utils.logging_utils - INFO - {'codecarbon_country_iso': 'POL',
2025-05-05 05:36:37,193 - src.utils.logging_utils - INFO -  'codecarbon_csv_path': 'results/carbon/bp_baseline_fashion_mnist_cnn_3block_carbon.csv',
2025-05-05 05:36:37,193 - src.utils.logging_utils - INFO -  'codecarbon_emissions_gCO2e': 1.2016009487342,
2025-05-05 05:36:37,194 - src.utils.logging_utils - INFO -  'codecarbon_enabled': True,
2025-05-05 05:36:37,194 - src.utils.logging_utils - INFO -  'codecarbon_mode': 'offline',
2025-05-05 05:36:37,194 - src.utils.logging_utils - INFO -  'estimated_bp_update_gflops': 0.218391552,
2025-05-05 05:36:37,194 - src.utils.logging_utils - INFO -  'estimated_fwd_gflops': 0.072797184,
2025-05-05 05:36:37,194 - src.utils.logging_utils - INFO -  'peak_gpu_mem_used_mib': 1080.0,
2025-05-05 05:36:37,194 - src.utils.logging_utils - INFO -  'test_accuracy': 89.03999999999999,
2025-05-05 05:36:37,194 - src.utils.logging_utils - INFO -  'test_loss': 0.30125361905097964,
2025-05-05 05:36:37,194 - src.utils.logging_utils - INFO -  'total_gpu_energy_joules': 3059.000674950294,
2025-05-05 05:36:37,194 - src.utils.logging_utils - INFO -  'total_gpu_energy_wh': 0.8497224097084151,
2025-05-05 05:36:37,194 - src.utils.logging_utils - INFO -  'total_run_duration_sec': 37.43517255783081,
2025-05-05 05:36:37,194 - src.utils.logging_utils - INFO -  'training_duration_sec': 34.20296382904053}
2025-05-05 05:36:37,194 - src.utils.logging_utils - INFO - 
--- Experiment Finished Successfully ---
Deactivating virtual environment...
#####################################################################
Job finished with exit code 0 at Mon May  5 05:36:39 CEST 2025
#####################################################################
