 Python/3.10.4 unloaded.
 OpenSSL/1.1 unloaded.
 libffi/3.4.2 unloaded.
 GMP/6.2.1 unloaded.
 XZ/5.2.5 unloaded.
 SQLite/3.38.3 unloaded.
 Tcl/8.6.12 unloaded.
 libreadline/8.1.2 unloaded.
 ncurses/6.3 unloaded.
 zlib/1.2.12 unloaded.
 bzip2/1.0.8 unloaded.
 binutils/2.38 unloaded.
 binutils/2.38 loaded.
 bzip2/1.0.8 loaded.
 zlib/1.2.12 loaded.
 ncurses/6.3 loaded.
 libreadline/8.1.2 loaded.
 Tcl/8.6.12 loaded.
 SQLite/3.38.3 loaded.
 XZ/5.2.5 loaded.
 GMP/6.2.1 loaded.
 libffi/3.4.2 loaded.
 OpenSSL/1.1 loaded.
 Python/3.10.4 loaded.
 CUDA/12.4.0 loaded.

Currently Loaded Modules:
  1) binutils/2.38   5) libreadline/8.1.2   9) GMP/6.2.1      13) CUDA/12.4.0
  2) bzip2/1.0.8     6) Tcl/8.6.12         10) libffi/3.4.2
  3) zlib/1.2.12     7) SQLite/3.38.3      11) OpenSSL/1.1
  4) ncurses/6.3     8) XZ/5.2.5           12) Python/3.10.4

 

2025-05-04 21:34:35,289 - src.utils.config_parser - INFO - Successfully merged configuration from configs/bp_baselines/fashion_mnist_mlp_4x2000_bp.yaml and configs/base.yaml
wandb: Using wandb-core as the SDK backend.  Please refer to https://wandb.me/wandb-core for more information.
wandb: Currently logged in as: przspyra11 (agh_racing) to https://api.wandb.ai. Use `wandb login --relogin` to force relogin
wandb: Tracking run with wandb version 0.19.8
wandb: Run data is saved locally in /net/tscratch/people/plgspyra/BeyondBackpropagation/wandb/run-20250504_213436-t8x2e590
wandb: Run `wandb offline` to turn off syncing.
wandb: Syncing run bp_fashion_mnist_mlp_4x2000
wandb: â­ï¸ View project at https://wandb.ai/przspyra11/BeyondBackpropagation
wandb: ðŸš€ View run at https://wandb.ai/przspyra11/BeyondBackpropagation/runs/t8x2e590
[codecarbon INFO @ 21:34:36] offline tracker init
[codecarbon INFO @ 21:34:36] [setup] RAM Tracking...
[codecarbon INFO @ 21:34:36] [setup] CPU Tracking... 
 Linux OS detected: Please ensure RAPL files exist at /sys/class/powercap/intel-rapl/subsystem to measure CPU

[codecarbon INFO @ 21:34:37] CPU Model on constant consumption mode: AMD EPYC 7742 64-Core Processor
[codecarbon INFO @ 21:34:37] [setup] GPU Tracking...
[codecarbon INFO @ 21:34:37] Tracking Nvidia GPU via pynvml
[codecarbon INFO @ 21:34:37] The below tracking methods have been set up:
                RAM Tracking Method: RAM power estimation model
                CPU Tracking Method: cpu_load
                GPU Tracking Method: pynvml
            
[codecarbon INFO @ 21:34:37] >>> Tracker's metadata:
[codecarbon INFO @ 21:34:37]   Platform system: Linux-5.14.0-503.26.1.el9_5.x86_64-x86_64-with-glibc2.34
[codecarbon INFO @ 21:34:37]   Python version: 3.10.4
[codecarbon INFO @ 21:34:37]   CodeCarbon version: 3.0.1
[codecarbon INFO @ 21:34:37]   Available RAM : 125.000 GB
[codecarbon INFO @ 21:34:37]   CPU count: 16 thread(s) in 2 physical CPU(s)
[codecarbon INFO @ 21:34:37]   CPU model: AMD EPYC 7742 64-Core Processor
[codecarbon INFO @ 21:34:37]   GPU count: 1
[codecarbon INFO @ 21:34:37]   GPU model: 1 x NVIDIA A100-SXM4-40GB BUT only tracking these GPU ids : [0]
[codecarbon INFO @ 21:34:37] Emissions data (if any) will be saved to file /net/tscratch/people/plgspyra/BeyondBackpropagation/results/carbon/bp_fashion_mnist_mlp_4x2000_carbon.csv

BP Epoch 1/100:   0%|          | 0/421 [00:00<?, ?it/s]
BP Epoch 1/100:   0%|          | 1/421 [00:00<01:46,  3.95it/s]
BP Epoch 1/100:   6%|â–Œ         | 26/421 [00:00<00:04, 92.27it/s]
BP Epoch 1/100:  11%|â–ˆâ–        | 48/421 [00:00<00:02, 135.48it/s]
BP Epoch 1/100:  17%|â–ˆâ–‹        | 70/421 [00:00<00:02, 159.76it/s]
BP Epoch 1/100:  22%|â–ˆâ–ˆâ–       | 92/421 [00:00<00:01, 178.58it/s]
BP Epoch 1/100:  22%|â–ˆâ–ˆâ–       | 92/421 [00:00<00:01, 178.58it/s, acc=80.47%, loss=0.4782]
BP Epoch 1/100:  27%|â–ˆâ–ˆâ–‹       | 114/421 [00:00<00:01, 187.92it/s, acc=80.47%, loss=0.4782]
BP Epoch 1/100:  32%|â–ˆâ–ˆâ–ˆâ–      | 136/421 [00:00<00:01, 197.31it/s, acc=80.47%, loss=0.4782]
BP Epoch 1/100:  38%|â–ˆâ–ˆâ–ˆâ–Š      | 158/421 [00:00<00:01, 200.49it/s, acc=80.47%, loss=0.4782]
BP Epoch 1/100:  43%|â–ˆâ–ˆâ–ˆâ–ˆâ–Ž     | 180/421 [00:01<00:01, 205.70it/s, acc=80.47%, loss=0.4782]
BP Epoch 1/100:  43%|â–ˆâ–ˆâ–ˆâ–ˆâ–Ž     | 180/421 [00:01<00:01, 205.70it/s, acc=82.81%, loss=0.5323]
BP Epoch 1/100:  48%|â–ˆâ–ˆâ–ˆâ–ˆâ–Š     | 202/421 [00:01<00:01, 206.98it/s, acc=82.81%, loss=0.5323]
BP Epoch 1/100:  53%|â–ˆâ–ˆâ–ˆâ–ˆâ–ˆâ–Ž    | 224/421 [00:01<00:00, 209.41it/s, acc=82.81%, loss=0.5323]
BP Epoch 1/100:  58%|â–ˆâ–ˆâ–ˆâ–ˆâ–ˆâ–Š    | 246/421 [00:01<00:00, 210.00it/s, acc=82.81%, loss=0.5323]
BP Epoch 1/100:  64%|â–ˆâ–ˆâ–ˆâ–ˆâ–ˆâ–ˆâ–Ž   | 268/421 [00:01<00:00, 211.87it/s, acc=82.81%, loss=0.5323]
BP Epoch 1/100:  69%|â–ˆâ–ˆâ–ˆâ–ˆâ–ˆâ–ˆâ–‰   | 290/421 [00:01<00:00, 211.20it/s, acc=82.81%, loss=0.5323]
BP Epoch 1/100:  69%|â–ˆâ–ˆâ–ˆâ–ˆâ–ˆâ–ˆâ–‰   | 290/421 [00:01<00:00, 211.20it/s, acc=89.84%, loss=0.3067]
BP Epoch 1/100:  74%|â–ˆâ–ˆâ–ˆâ–ˆâ–ˆâ–ˆâ–ˆâ–  | 312/421 [00:01<00:00, 213.03it/s, acc=89.84%, loss=0.3067]
BP Epoch 1/100:  79%|â–ˆâ–ˆâ–ˆâ–ˆâ–ˆâ–ˆâ–ˆâ–‰  | 334/421 [00:01<00:00, 211.64it/s, acc=89.84%, loss=0.3067]
BP Epoch 1/100:  85%|â–ˆâ–ˆâ–ˆâ–ˆâ–ˆâ–ˆâ–ˆâ–ˆâ– | 356/421 [00:01<00:00, 214.05it/s, acc=89.84%, loss=0.3067]
BP Epoch 1/100:  90%|â–ˆâ–ˆâ–ˆâ–ˆâ–ˆâ–ˆâ–ˆâ–ˆâ–‰ | 378/421 [00:02<00:00, 211.59it/s, acc=89.84%, loss=0.3067]
BP Epoch 1/100:  90%|â–ˆâ–ˆâ–ˆâ–ˆâ–ˆâ–ˆâ–ˆâ–ˆâ–‰ | 378/421 [00:02<00:00, 211.59it/s, acc=85.94%, loss=0.3518]
BP Epoch 1/100:  95%|â–ˆâ–ˆâ–ˆâ–ˆâ–ˆâ–ˆâ–ˆâ–ˆâ–ˆâ–Œ| 400/421 [00:02<00:00, 212.61it/s, acc=85.94%, loss=0.3518]
BP Epoch 1/100:  95%|â–ˆâ–ˆâ–ˆâ–ˆâ–ˆâ–ˆâ–ˆâ–ˆâ–ˆâ–Œ| 400/421 [00:02<00:00, 212.61it/s, acc=86.72%, loss=0.3060]
                                                                                           

Evaluating BP Model:   0%|          | 0/24 [00:00<?, ?it/s]
Evaluating BP Model:   4%|â–         | 1/24 [00:00<00:02,  8.16it/s]
Evaluating BP Model:  54%|â–ˆâ–ˆâ–ˆâ–ˆâ–ˆâ–    | 13/24 [00:00<00:00, 65.64it/s]
                                                                    

BP Epoch 2/100:   0%|          | 0/421 [00:00<?, ?it/s]
BP Epoch 2/100:   4%|â–         | 16/421 [00:00<00:02, 158.00it/s]
BP Epoch 2/100:   9%|â–‰         | 37/421 [00:00<00:02, 184.09it/s]
BP Epoch 2/100:  14%|â–ˆâ–        | 59/421 [00:00<00:01, 198.38it/s]
BP Epoch 2/100:  19%|â–ˆâ–‰        | 81/421 [00:00<00:01, 202.70it/s]
BP Epoch 2/100:  19%|â–ˆâ–‰        | 81/421 [00:00<00:01, 202.70it/s, acc=91.41%, loss=0.3239]
BP Epoch 2/100:  24%|â–ˆâ–ˆâ–       | 102/421 [00:00<00:01, 204.13it/s, acc=91.41%, loss=0.3239]
BP Epoch 2/100:  29%|â–ˆâ–ˆâ–‰       | 124/421 [00:00<00:01, 209.31it/s, acc=91.41%, loss=0.3239]
BP Epoch 2/100:  35%|â–ˆâ–ˆâ–ˆâ–      | 146/421 [00:00<00:01, 207.15it/s, acc=91.41%, loss=0.3239]
BP Epoch 2/100:  40%|â–ˆâ–ˆâ–ˆâ–‰      | 168/421 [00:00<00:01, 210.55it/s, acc=91.41%, loss=0.3239]
BP Epoch 2/100:  45%|â–ˆâ–ˆâ–ˆâ–ˆâ–Œ     | 190/421 [00:00<00:01, 208.37it/s, acc=91.41%, loss=0.3239]
BP Epoch 2/100:  45%|â–ˆâ–ˆâ–ˆâ–ˆâ–Œ     | 190/421 [00:00<00:01, 208.37it/s, acc=85.16%, loss=0.3778]
BP Epoch 2/100:  50%|â–ˆâ–ˆâ–ˆâ–ˆâ–ˆ     | 212/421 [00:01<00:00, 211.29it/s, acc=85.16%, loss=0.3778]
BP Epoch 2/100:  56%|â–ˆâ–ˆâ–ˆâ–ˆâ–ˆâ–Œ    | 234/421 [00:01<00:00, 208.69it/s, acc=85.16%, loss=0.3778]
BP Epoch 2/100:  61%|â–ˆâ–ˆâ–ˆâ–ˆâ–ˆâ–ˆ    | 256/421 [00:01<00:00, 211.66it/s, acc=85.16%, loss=0.3778]
BP Epoch 2/100:  66%|â–ˆâ–ˆâ–ˆâ–ˆâ–ˆâ–ˆâ–Œ   | 278/421 [00:01<00:00, 208.84it/s, acc=85.16%, loss=0.3778]
BP Epoch 2/100:  66%|â–ˆâ–ˆâ–ˆâ–ˆâ–ˆâ–ˆâ–Œ   | 278/421 [00:01<00:00, 208.84it/s, acc=91.41%, loss=0.2745]
BP Epoch 2/100:  71%|â–ˆâ–ˆâ–ˆâ–ˆâ–ˆâ–ˆâ–ˆâ–  | 300/421 [00:01<00:00, 210.19it/s, acc=91.41%, loss=0.2745]
BP Epoch 2/100:  76%|â–ˆâ–ˆâ–ˆâ–ˆâ–ˆâ–ˆâ–ˆâ–‹  | 322/421 [00:01<00:00, 209.47it/s, acc=91.41%, loss=0.2745]
BP Epoch 2/100:  82%|â–ˆâ–ˆâ–ˆâ–ˆâ–ˆâ–ˆâ–ˆâ–ˆâ– | 344/421 [00:01<00:00, 212.50it/s, acc=91.41%, loss=0.2745]
BP Epoch 2/100:  87%|â–ˆâ–ˆâ–ˆâ–ˆâ–ˆâ–ˆâ–ˆâ–ˆâ–‹ | 366/421 [00:01<00:00, 209.40it/s, acc=91.41%, loss=0.2745]
BP Epoch 2/100:  92%|â–ˆâ–ˆâ–ˆâ–ˆâ–ˆâ–ˆâ–ˆâ–ˆâ–ˆâ–| 388/421 [00:01<00:00, 212.30it/s, acc=91.41%, loss=0.2745]
BP Epoch 2/100:  92%|â–ˆâ–ˆâ–ˆâ–ˆâ–ˆâ–ˆâ–ˆâ–ˆâ–ˆâ–| 388/421 [00:01<00:00, 212.30it/s, acc=92.97%, loss=0.2441]
BP Epoch 2/100:  97%|â–ˆâ–ˆâ–ˆâ–ˆâ–ˆâ–ˆâ–ˆâ–ˆâ–ˆâ–‹| 410/421 [00:01<00:00, 209.38it/s, acc=92.97%, loss=0.2441]
BP Epoch 2/100:  97%|â–ˆâ–ˆâ–ˆâ–ˆâ–ˆâ–ˆâ–ˆâ–ˆâ–ˆâ–‹| 410/421 [00:02<00:00, 209.38it/s, acc=86.72%, loss=0.3867]
                                                                                           

Evaluating BP Model:   0%|          | 0/24 [00:00<?, ?it/s]
Evaluating BP Model:  38%|â–ˆâ–ˆâ–ˆâ–Š      | 9/24 [00:00<00:00, 73.34it/s]
Evaluating BP Model:  88%|â–ˆâ–ˆâ–ˆâ–ˆâ–ˆâ–ˆâ–ˆâ–ˆâ–Š | 21/24 [00:00<00:00, 92.65it/s]
                                                                    

BP Epoch 3/100:   0%|          | 0/421 [00:00<?, ?it/s]
BP Epoch 3/100:   4%|â–         | 16/421 [00:00<00:02, 158.43it/s]
BP Epoch 3/100:   9%|â–‰         | 37/421 [00:00<00:02, 181.81it/s]
BP Epoch 3/100:  14%|â–ˆâ–        | 60/421 [00:00<00:01, 201.05it/s]
BP Epoch 3/100:  19%|â–ˆâ–‰        | 81/421 [00:00<00:01, 199.48it/s]
BP Epoch 3/100:  19%|â–ˆâ–‰        | 81/421 [00:00<00:01, 199.48it/s, acc=86.72%, loss=0.2912]
BP Epoch 3/100:  24%|â–ˆâ–ˆâ–       | 103/421 [00:00<00:01, 206.49it/s, acc=86.72%, loss=0.2912]
BP Epoch 3/100:  30%|â–ˆâ–ˆâ–‰       | 125/421 [00:00<00:01, 205.14it/s, acc=86.72%, loss=0.2912]
BP Epoch 3/100:  35%|â–ˆâ–ˆâ–ˆâ–      | 147/421 [00:00<00:01, 209.73it/s, acc=86.72%, loss=0.2912]
BP Epoch 3/100:  40%|â–ˆâ–ˆâ–ˆâ–ˆ      | 169/421 [00:00<00:01, 207.07it/s, acc=86.72%, loss=0.2912]
BP Epoch 3/100:  45%|â–ˆâ–ˆâ–ˆâ–ˆâ–Œ     | 191/421 [00:00<00:01, 210.39it/s, acc=86.72%, loss=0.2912]
BP Epoch 3/100:  45%|â–ˆâ–ˆâ–ˆâ–ˆâ–Œ     | 191/421 [00:00<00:01, 210.39it/s, acc=92.97%, loss=0.2453]
BP Epoch 3/100:  51%|â–ˆâ–ˆâ–ˆâ–ˆâ–ˆ     | 213/421 [00:01<00:01, 207.63it/s, acc=92.97%, loss=0.2453]
BP Epoch 3/100:  56%|â–ˆâ–ˆâ–ˆâ–ˆâ–ˆâ–Œ    | 235/421 [00:01<00:00, 210.78it/s, acc=92.97%, loss=0.2453]
BP Epoch 3/100:  61%|â–ˆâ–ˆâ–ˆâ–ˆâ–ˆâ–ˆ    | 257/421 [00:01<00:00, 207.94it/s, acc=92.97%, loss=0.2453]
BP Epoch 3/100:  66%|â–ˆâ–ˆâ–ˆâ–ˆâ–ˆâ–ˆâ–‹   | 279/421 [00:01<00:00, 211.02it/s, acc=92.97%, loss=0.2453]
BP Epoch 3/100:  66%|â–ˆâ–ˆâ–ˆâ–ˆâ–ˆâ–ˆâ–‹   | 279/421 [00:01<00:00, 211.02it/s, acc=85.16%, loss=0.3873]
BP Epoch 3/100:  71%|â–ˆâ–ˆâ–ˆâ–ˆâ–ˆâ–ˆâ–ˆâ–  | 301/421 [00:01<00:00, 208.34it/s, acc=85.16%, loss=0.3873]
BP Epoch 3/100:  77%|â–ˆâ–ˆâ–ˆâ–ˆâ–ˆâ–ˆâ–ˆâ–‹  | 323/421 [00:01<00:00, 211.18it/s, acc=85.16%, loss=0.3873]
BP Epoch 3/100:  82%|â–ˆâ–ˆâ–ˆâ–ˆâ–ˆâ–ˆâ–ˆâ–ˆâ– | 345/421 [00:01<00:00, 207.86it/s, acc=85.16%, loss=0.3873]
BP Epoch 3/100:  87%|â–ˆâ–ˆâ–ˆâ–ˆâ–ˆâ–ˆâ–ˆâ–ˆâ–‹ | 367/421 [00:01<00:00, 210.27it/s, acc=85.16%, loss=0.3873]
BP Epoch 3/100:  92%|â–ˆâ–ˆâ–ˆâ–ˆâ–ˆâ–ˆâ–ˆâ–ˆâ–ˆâ–| 389/421 [00:01<00:00, 207.58it/s, acc=85.16%, loss=0.3873]
BP Epoch 3/100:  92%|â–ˆâ–ˆâ–ˆâ–ˆâ–ˆâ–ˆâ–ˆâ–ˆâ–ˆâ–| 389/421 [00:01<00:00, 207.58it/s, acc=87.50%, loss=0.3097]
BP Epoch 3/100:  98%|â–ˆâ–ˆâ–ˆâ–ˆâ–ˆâ–ˆâ–ˆâ–ˆâ–ˆâ–Š| 411/421 [00:01<00:00, 210.06it/s, acc=87.50%, loss=0.3097]
BP Epoch 3/100:  98%|â–ˆâ–ˆâ–ˆâ–ˆâ–ˆâ–ˆâ–ˆâ–ˆâ–ˆâ–Š| 411/421 [00:02<00:00, 210.06it/s, acc=92.19%, loss=0.2229]
                                                                                           

Evaluating BP Model:   0%|          | 0/24 [00:00<?, ?it/s]
Evaluating BP Model:  38%|â–ˆâ–ˆâ–ˆâ–Š      | 9/24 [00:00<00:00, 74.38it/s]
Evaluating BP Model:  88%|â–ˆâ–ˆâ–ˆâ–ˆâ–ˆâ–ˆâ–ˆâ–ˆâ–Š | 21/24 [00:00<00:00, 93.98it/s]
                                                                    

BP Epoch 4/100:   0%|          | 0/421 [00:00<?, ?it/s]
BP Epoch 4/100:   4%|â–         | 16/421 [00:00<00:02, 158.89it/s]
BP Epoch 4/100:   9%|â–‰         | 37/421 [00:00<00:02, 183.64it/s]
BP Epoch 4/100:  14%|â–ˆâ–        | 58/421 [00:00<00:01, 190.75it/s]
BP Epoch 4/100:  19%|â–ˆâ–‰        | 79/421 [00:00<00:01, 196.13it/s]
BP Epoch 4/100:  19%|â–ˆâ–‰        | 79/421 [00:00<00:01, 196.13it/s, acc=92.19%, loss=0.2101]
BP Epoch 4/100:  24%|â–ˆâ–ˆâ–       | 100/421 [00:00<00:01, 197.66it/s, acc=92.19%, loss=0.2101]
BP Epoch 4/100:  29%|â–ˆâ–ˆâ–Š       | 121/421 [00:00<00:01, 201.49it/s, acc=92.19%, loss=0.2101]
BP Epoch 4/100:  34%|â–ˆâ–ˆâ–ˆâ–Ž      | 142/421 [00:00<00:01, 196.92it/s, acc=92.19%, loss=0.2101]
BP Epoch 4/100:  39%|â–ˆâ–ˆâ–ˆâ–‰      | 164/421 [00:00<00:01, 202.93it/s, acc=92.19%, loss=0.2101]
BP Epoch 4/100:  44%|â–ˆâ–ˆâ–ˆâ–ˆâ–     | 186/421 [00:00<00:01, 202.19it/s, acc=92.19%, loss=0.2101]
BP Epoch 4/100:  44%|â–ˆâ–ˆâ–ˆâ–ˆâ–     | 186/421 [00:01<00:01, 202.19it/s, acc=92.97%, loss=0.1956]
BP Epoch 4/100:  49%|â–ˆâ–ˆâ–ˆâ–ˆâ–‰     | 208/421 [00:01<00:01, 206.81it/s, acc=92.97%, loss=0.1956]
BP Epoch 4/100:  55%|â–ˆâ–ˆâ–ˆâ–ˆâ–ˆâ–    | 230/421 [00:01<00:00, 204.60it/s, acc=92.97%, loss=0.1956]
BP Epoch 4/100:  60%|â–ˆâ–ˆâ–ˆâ–ˆâ–ˆâ–‰    | 252/421 [00:01<00:00, 208.72it/s, acc=92.97%, loss=0.1956]
BP Epoch 4/100:  65%|â–ˆâ–ˆâ–ˆâ–ˆâ–ˆâ–ˆâ–Œ   | 274/421 [00:01<00:00, 205.45it/s, acc=92.97%, loss=0.1956]
BP Epoch 4/100:  70%|â–ˆâ–ˆâ–ˆâ–ˆâ–ˆâ–ˆâ–ˆ   | 296/421 [00:01<00:00, 209.08it/s, acc=92.97%, loss=0.1956]
BP Epoch 4/100:  70%|â–ˆâ–ˆâ–ˆâ–ˆâ–ˆâ–ˆâ–ˆ   | 296/421 [00:01<00:00, 209.08it/s, acc=94.53%, loss=0.1741]
BP Epoch 4/100:  76%|â–ˆâ–ˆâ–ˆâ–ˆâ–ˆâ–ˆâ–ˆâ–Œ  | 318/421 [00:01<00:00, 205.78it/s, acc=94.53%, loss=0.1741]
BP Epoch 4/100:  81%|â–ˆâ–ˆâ–ˆâ–ˆâ–ˆâ–ˆâ–ˆâ–ˆ  | 340/421 [00:01<00:00, 209.11it/s, acc=94.53%, loss=0.1741]
BP Epoch 4/100:  86%|â–ˆâ–ˆâ–ˆâ–ˆâ–ˆâ–ˆâ–ˆâ–ˆâ–Œ | 362/421 [00:01<00:00, 206.74it/s, acc=94.53%, loss=0.1741]
BP Epoch 4/100:  91%|â–ˆâ–ˆâ–ˆâ–ˆâ–ˆâ–ˆâ–ˆâ–ˆâ–ˆ | 384/421 [00:01<00:00, 209.63it/s, acc=94.53%, loss=0.1741]
BP Epoch 4/100:  91%|â–ˆâ–ˆâ–ˆâ–ˆâ–ˆâ–ˆâ–ˆâ–ˆâ–ˆ | 384/421 [00:01<00:00, 209.63it/s, acc=93.75%, loss=0.2595]
BP Epoch 4/100:  96%|â–ˆâ–ˆâ–ˆâ–ˆâ–ˆâ–ˆâ–ˆâ–ˆâ–ˆâ–‹| 406/421 [00:01<00:00, 206.68it/s, acc=93.75%, loss=0.2595]
BP Epoch 4/100:  96%|â–ˆâ–ˆâ–ˆâ–ˆâ–ˆâ–ˆâ–ˆâ–ˆâ–ˆâ–‹| 406/421 [00:02<00:00, 206.68it/s, acc=92.97%, loss=0.2239]
                                                                                           

Evaluating BP Model:   0%|          | 0/24 [00:00<?, ?it/s]
Evaluating BP Model:  38%|â–ˆâ–ˆâ–ˆâ–Š      | 9/24 [00:00<00:00, 73.49it/s]
Evaluating BP Model:  88%|â–ˆâ–ˆâ–ˆâ–ˆâ–ˆâ–ˆâ–ˆâ–ˆâ–Š | 21/24 [00:00<00:00, 90.55it/s]
                                                                    

BP Epoch 5/100:   0%|          | 0/421 [00:00<?, ?it/s]
BP Epoch 5/100:   4%|â–         | 16/421 [00:00<00:02, 158.53it/s]
BP Epoch 5/100:   9%|â–‰         | 37/421 [00:00<00:02, 183.10it/s]
BP Epoch 5/100:  14%|â–ˆâ–        | 59/421 [00:00<00:01, 198.77it/s]
BP Epoch 5/100:  19%|â–ˆâ–‰        | 81/421 [00:00<00:01, 199.70it/s]
BP Epoch 5/100:  19%|â–ˆâ–‰        | 81/421 [00:00<00:01, 199.70it/s, acc=92.97%, loss=0.2723]
BP Epoch 5/100:  24%|â–ˆâ–ˆâ–       | 103/421 [00:00<00:01, 205.73it/s, acc=92.97%, loss=0.2723]
BP Epoch 5/100:  30%|â–ˆâ–ˆâ–‰       | 125/421 [00:00<00:01, 203.96it/s, acc=92.97%, loss=0.2723]
BP Epoch 5/100:  35%|â–ˆâ–ˆâ–ˆâ–      | 147/421 [00:00<00:01, 208.52it/s, acc=92.97%, loss=0.2723]
BP Epoch 5/100:  40%|â–ˆâ–ˆâ–ˆâ–ˆ      | 169/421 [00:00<00:01, 205.69it/s, acc=92.97%, loss=0.2723]
BP Epoch 5/100:  45%|â–ˆâ–ˆâ–ˆâ–ˆâ–Œ     | 191/421 [00:00<00:01, 209.50it/s, acc=92.97%, loss=0.2723]
BP Epoch 5/100:  45%|â–ˆâ–ˆâ–ˆâ–ˆâ–Œ     | 191/421 [00:00<00:01, 209.50it/s, acc=91.41%, loss=0.2258]
BP Epoch 5/100:  51%|â–ˆâ–ˆâ–ˆâ–ˆâ–ˆ     | 213/421 [00:01<00:01, 207.39it/s, acc=91.41%, loss=0.2258]
BP Epoch 5/100:  56%|â–ˆâ–ˆâ–ˆâ–ˆâ–ˆâ–Œ    | 235/421 [00:01<00:00, 210.56it/s, acc=91.41%, loss=0.2258]
BP Epoch 5/100:  61%|â–ˆâ–ˆâ–ˆâ–ˆâ–ˆâ–ˆ    | 257/421 [00:01<00:00, 207.48it/s, acc=91.41%, loss=0.2258]
BP Epoch 5/100:  66%|â–ˆâ–ˆâ–ˆâ–ˆâ–ˆâ–ˆâ–‹   | 279/421 [00:01<00:00, 211.10it/s, acc=91.41%, loss=0.2258]
BP Epoch 5/100:  66%|â–ˆâ–ˆâ–ˆâ–ˆâ–ˆâ–ˆâ–‹   | 279/421 [00:01<00:00, 211.10it/s, acc=91.41%, loss=0.2426]
BP Epoch 5/100:  71%|â–ˆâ–ˆâ–ˆâ–ˆâ–ˆâ–ˆâ–ˆâ–  | 301/421 [00:01<00:00, 207.66it/s, acc=91.41%, loss=0.2426]
BP Epoch 5/100:  77%|â–ˆâ–ˆâ–ˆâ–ˆâ–ˆâ–ˆâ–ˆâ–‹  | 323/421 [00:01<00:00, 210.67it/s, acc=91.41%, loss=0.2426]
BP Epoch 5/100:  82%|â–ˆâ–ˆâ–ˆâ–ˆâ–ˆâ–ˆâ–ˆâ–ˆâ– | 345/421 [00:01<00:00, 207.61it/s, acc=91.41%, loss=0.2426]
BP Epoch 5/100:  87%|â–ˆâ–ˆâ–ˆâ–ˆâ–ˆâ–ˆâ–ˆâ–ˆâ–‹ | 367/421 [00:01<00:00, 211.03it/s, acc=91.41%, loss=0.2426]
BP Epoch 5/100:  92%|â–ˆâ–ˆâ–ˆâ–ˆâ–ˆâ–ˆâ–ˆâ–ˆâ–ˆâ–| 389/421 [00:01<00:00, 208.33it/s, acc=91.41%, loss=0.2426]
BP Epoch 5/100:  92%|â–ˆâ–ˆâ–ˆâ–ˆâ–ˆâ–ˆâ–ˆâ–ˆâ–ˆâ–| 389/421 [00:01<00:00, 208.33it/s, acc=90.62%, loss=0.2101]
BP Epoch 5/100:  98%|â–ˆâ–ˆâ–ˆâ–ˆâ–ˆâ–ˆâ–ˆâ–ˆâ–ˆâ–Š| 411/421 [00:01<00:00, 211.64it/s, acc=90.62%, loss=0.2101]
BP Epoch 5/100:  98%|â–ˆâ–ˆâ–ˆâ–ˆâ–ˆâ–ˆâ–ˆâ–ˆâ–ˆâ–Š| 411/421 [00:02<00:00, 211.64it/s, acc=89.84%, loss=0.3009]
                                                                                           

Evaluating BP Model:   0%|          | 0/24 [00:00<?, ?it/s]
Evaluating BP Model:  38%|â–ˆâ–ˆâ–ˆâ–Š      | 9/24 [00:00<00:00, 75.34it/s]
Evaluating BP Model:  88%|â–ˆâ–ˆâ–ˆâ–ˆâ–ˆâ–ˆâ–ˆâ–ˆâ–Š | 21/24 [00:00<00:00, 94.32it/s]
                                                                    

BP Epoch 6/100:   0%|          | 0/421 [00:00<?, ?it/s]
BP Epoch 6/100:   4%|â–         | 17/421 [00:00<00:02, 155.42it/s]
BP Epoch 6/100:   9%|â–‰         | 39/421 [00:00<00:01, 191.79it/s]
BP Epoch 6/100:  14%|â–ˆâ–        | 61/421 [00:00<00:01, 195.83it/s]
BP Epoch 6/100:  20%|â–ˆâ–‰        | 83/421 [00:00<00:01, 204.98it/s]
BP Epoch 6/100:  20%|â–ˆâ–‰        | 83/421 [00:00<00:01, 204.98it/s, acc=92.97%, loss=0.1807]
BP Epoch 6/100:  25%|â–ˆâ–ˆâ–       | 105/421 [00:00<00:01, 203.71it/s, acc=92.97%, loss=0.1807]
BP Epoch 6/100:  30%|â–ˆâ–ˆâ–ˆ       | 127/421 [00:00<00:01, 208.89it/s, acc=92.97%, loss=0.1807][codecarbon INFO @ 21:34:52] Energy consumed for RAM : 0.000164 kWh. RAM Power : 38.0 W

BP Epoch 6/100:  35%|â–ˆâ–ˆâ–ˆâ–Œ      | 149/421 [00:00<00:01, 206.23it/s, acc=92.97%, loss=0.1807]
BP Epoch 6/100:  41%|â–ˆâ–ˆâ–ˆâ–ˆ      | 171/421 [00:00<00:01, 209.96it/s, acc=92.97%, loss=0.1807]
BP Epoch 6/100:  46%|â–ˆâ–ˆâ–ˆâ–ˆâ–Œ     | 193/421 [00:00<00:01, 206.44it/s, acc=92.97%, loss=0.1807]
BP Epoch 6/100:  46%|â–ˆâ–ˆâ–ˆâ–ˆâ–Œ     | 193/421 [00:00<00:01, 206.44it/s, acc=92.19%, loss=0.2530]
BP Epoch 6/100:  51%|â–ˆâ–ˆâ–ˆâ–ˆâ–ˆ     | 215/421 [00:01<00:00, 210.02it/s, acc=92.19%, loss=0.2530][codecarbon INFO @ 21:34:53] Delta energy consumed for CPU with cpu_load : 0.000194 kWh, power : 45.0 W
[codecarbon INFO @ 21:34:53] Energy consumed for All CPU : 0.000194 kWh
[codecarbon INFO @ 21:34:53] Energy consumed for all GPUs : 0.000530 kWh. Total GPU Power : 119.23883842872505 W
[codecarbon INFO @ 21:34:53] 0.000888 kWh of electricity used since the beginning.

BP Epoch 6/100:  56%|â–ˆâ–ˆâ–ˆâ–ˆâ–ˆâ–‹    | 237/421 [00:01<00:00, 207.12it/s, acc=92.19%, loss=0.2530]
BP Epoch 6/100:  62%|â–ˆâ–ˆâ–ˆâ–ˆâ–ˆâ–ˆâ–   | 259/421 [00:01<00:00, 210.23it/s, acc=92.19%, loss=0.2530]
BP Epoch 6/100:  67%|â–ˆâ–ˆâ–ˆâ–ˆâ–ˆâ–ˆâ–‹   | 281/421 [00:01<00:00, 207.27it/s, acc=92.19%, loss=0.2530]
BP Epoch 6/100:  67%|â–ˆâ–ˆâ–ˆâ–ˆâ–ˆâ–ˆâ–‹   | 281/421 [00:01<00:00, 207.27it/s, acc=89.06%, loss=0.2811]
BP Epoch 6/100:  72%|â–ˆâ–ˆâ–ˆâ–ˆâ–ˆâ–ˆâ–ˆâ–  | 303/421 [00:01<00:00, 209.70it/s, acc=89.06%, loss=0.2811]
BP Epoch 6/100:  77%|â–ˆâ–ˆâ–ˆâ–ˆâ–ˆâ–ˆâ–ˆâ–‹  | 325/421 [00:01<00:00, 207.55it/s, acc=89.06%, loss=0.2811]
BP Epoch 6/100:  82%|â–ˆâ–ˆâ–ˆâ–ˆâ–ˆâ–ˆâ–ˆâ–ˆâ– | 347/421 [00:01<00:00, 210.72it/s, acc=89.06%, loss=0.2811]
BP Epoch 6/100:  88%|â–ˆâ–ˆâ–ˆâ–ˆâ–ˆâ–ˆâ–ˆâ–ˆâ–Š | 369/421 [00:01<00:00, 207.86it/s, acc=89.06%, loss=0.2811]
BP Epoch 6/100:  93%|â–ˆâ–ˆâ–ˆâ–ˆâ–ˆâ–ˆâ–ˆâ–ˆâ–ˆâ–Ž| 391/421 [00:01<00:00, 209.96it/s, acc=89.06%, loss=0.2811]
BP Epoch 6/100:  93%|â–ˆâ–ˆâ–ˆâ–ˆâ–ˆâ–ˆâ–ˆâ–ˆâ–ˆâ–Ž| 391/421 [00:01<00:00, 209.96it/s, acc=91.41%, loss=0.2019]
BP Epoch 6/100:  98%|â–ˆâ–ˆâ–ˆâ–ˆâ–ˆâ–ˆâ–ˆâ–ˆâ–ˆâ–Š| 413/421 [00:02<00:00, 207.05it/s, acc=91.41%, loss=0.2019]
BP Epoch 6/100:  98%|â–ˆâ–ˆâ–ˆâ–ˆâ–ˆâ–ˆâ–ˆâ–ˆâ–ˆâ–Š| 413/421 [00:02<00:00, 207.05it/s, acc=95.31%, loss=0.1183]
                                                                                           

Evaluating BP Model:   0%|          | 0/24 [00:00<?, ?it/s]
Evaluating BP Model:  38%|â–ˆâ–ˆâ–ˆâ–Š      | 9/24 [00:00<00:00, 74.87it/s]
Evaluating BP Model:  88%|â–ˆâ–ˆâ–ˆâ–ˆâ–ˆâ–ˆâ–ˆâ–ˆâ–Š | 21/24 [00:00<00:00, 94.95it/s]
                                                                    

BP Epoch 7/100:   0%|          | 0/421 [00:00<?, ?it/s]
BP Epoch 7/100:   4%|â–Ž         | 15/421 [00:00<00:02, 147.01it/s]
BP Epoch 7/100:   9%|â–‰         | 37/421 [00:00<00:02, 179.69it/s]
BP Epoch 7/100:  14%|â–ˆâ–        | 59/421 [00:00<00:01, 195.60it/s]
BP Epoch 7/100:  19%|â–ˆâ–‰        | 81/421 [00:00<00:01, 198.33it/s]
BP Epoch 7/100:  19%|â–ˆâ–‰        | 81/421 [00:00<00:01, 198.33it/s, acc=93.75%, loss=0.1884]
BP Epoch 7/100:  24%|â–ˆâ–ˆâ–       | 102/421 [00:00<00:01, 201.50it/s, acc=93.75%, loss=0.1884]
BP Epoch 7/100:  29%|â–ˆâ–ˆâ–‰       | 124/421 [00:00<00:01, 206.73it/s, acc=93.75%, loss=0.1884]
BP Epoch 7/100:  34%|â–ˆâ–ˆâ–ˆâ–      | 145/421 [00:00<00:01, 205.38it/s, acc=93.75%, loss=0.1884]
BP Epoch 7/100:  39%|â–ˆâ–ˆâ–ˆâ–‰      | 166/421 [00:00<00:01, 204.34it/s, acc=93.75%, loss=0.1884]
BP Epoch 7/100:  45%|â–ˆâ–ˆâ–ˆâ–ˆâ–     | 188/421 [00:00<00:01, 208.04it/s, acc=93.75%, loss=0.1884]
BP Epoch 7/100:  45%|â–ˆâ–ˆâ–ˆâ–ˆâ–     | 188/421 [00:00<00:01, 208.04it/s, acc=92.19%, loss=0.1978]
BP Epoch 7/100:  50%|â–ˆâ–ˆâ–ˆâ–ˆâ–‰     | 209/421 [00:01<00:01, 208.07it/s, acc=92.19%, loss=0.1978]
BP Epoch 7/100:  55%|â–ˆâ–ˆâ–ˆâ–ˆâ–ˆâ–    | 230/421 [00:01<00:00, 204.85it/s, acc=92.19%, loss=0.1978]
BP Epoch 7/100:  60%|â–ˆâ–ˆâ–ˆâ–ˆâ–ˆâ–‰    | 252/421 [00:01<00:00, 208.54it/s, acc=92.19%, loss=0.1978]
BP Epoch 7/100:  65%|â–ˆâ–ˆâ–ˆâ–ˆâ–ˆâ–ˆâ–Œ   | 274/421 [00:01<00:00, 205.78it/s, acc=92.19%, loss=0.1978]
BP Epoch 7/100:  70%|â–ˆâ–ˆâ–ˆâ–ˆâ–ˆâ–ˆâ–ˆ   | 296/421 [00:01<00:00, 208.90it/s, acc=92.19%, loss=0.1978]
BP Epoch 7/100:  70%|â–ˆâ–ˆâ–ˆâ–ˆâ–ˆâ–ˆâ–ˆ   | 296/421 [00:01<00:00, 208.90it/s, acc=90.62%, loss=0.1732]
BP Epoch 7/100:  76%|â–ˆâ–ˆâ–ˆâ–ˆâ–ˆâ–ˆâ–ˆâ–Œ  | 318/421 [00:01<00:00, 205.33it/s, acc=90.62%, loss=0.1732]
BP Epoch 7/100:  81%|â–ˆâ–ˆâ–ˆâ–ˆâ–ˆâ–ˆâ–ˆâ–ˆ  | 339/421 [00:01<00:00, 206.48it/s, acc=90.62%, loss=0.1732]
BP Epoch 7/100:  86%|â–ˆâ–ˆâ–ˆâ–ˆâ–ˆâ–ˆâ–ˆâ–ˆâ–Œ | 361/421 [00:01<00:00, 208.93it/s, acc=90.62%, loss=0.1732]
BP Epoch 7/100:  91%|â–ˆâ–ˆâ–ˆâ–ˆâ–ˆâ–ˆâ–ˆâ–ˆâ–ˆ | 382/421 [00:01<00:00, 203.50it/s, acc=90.62%, loss=0.1732]
BP Epoch 7/100:  91%|â–ˆâ–ˆâ–ˆâ–ˆâ–ˆâ–ˆâ–ˆâ–ˆâ–ˆ | 382/421 [00:01<00:00, 203.50it/s, acc=96.09%, loss=0.2700]
BP Epoch 7/100:  96%|â–ˆâ–ˆâ–ˆâ–ˆâ–ˆâ–ˆâ–ˆâ–ˆâ–ˆâ–Œ| 404/421 [00:01<00:00, 206.70it/s, acc=96.09%, loss=0.2700]
BP Epoch 7/100:  96%|â–ˆâ–ˆâ–ˆâ–ˆâ–ˆâ–ˆâ–ˆâ–ˆâ–ˆâ–Œ| 404/421 [00:02<00:00, 206.70it/s, acc=92.97%, loss=0.1492]
                                                                                           

Evaluating BP Model:   0%|          | 0/24 [00:00<?, ?it/s]
Evaluating BP Model:  38%|â–ˆâ–ˆâ–ˆâ–Š      | 9/24 [00:00<00:00, 76.10it/s]
Evaluating BP Model:  88%|â–ˆâ–ˆâ–ˆâ–ˆâ–ˆâ–ˆâ–ˆâ–ˆâ–Š | 21/24 [00:00<00:00, 92.75it/s]
                                                                    

BP Epoch 8/100:   0%|          | 0/421 [00:00<?, ?it/s]
BP Epoch 8/100:   4%|â–Ž         | 15/421 [00:00<00:02, 147.96it/s]
BP Epoch 8/100:   9%|â–‰         | 37/421 [00:00<00:02, 181.57it/s]
BP Epoch 8/100:  14%|â–ˆâ–        | 59/421 [00:00<00:01, 197.97it/s]
BP Epoch 8/100:  19%|â–ˆâ–‰        | 80/421 [00:00<00:01, 202.46it/s]
BP Epoch 8/100:  19%|â–ˆâ–‰        | 80/421 [00:00<00:01, 202.46it/s, acc=92.97%, loss=0.1975]
BP Epoch 8/100:  24%|â–ˆâ–ˆâ–       | 101/421 [00:00<00:01, 200.94it/s, acc=92.97%, loss=0.1975]
BP Epoch 8/100:  29%|â–ˆâ–ˆâ–‰       | 123/421 [00:00<00:01, 202.70it/s, acc=92.97%, loss=0.1975]
BP Epoch 8/100:  34%|â–ˆâ–ˆâ–ˆâ–      | 144/421 [00:00<00:01, 203.00it/s, acc=92.97%, loss=0.1975]
BP Epoch 8/100:  39%|â–ˆâ–ˆâ–ˆâ–‰      | 165/421 [00:00<00:01, 204.98it/s, acc=92.97%, loss=0.1975]
BP Epoch 8/100:  44%|â–ˆâ–ˆâ–ˆâ–ˆâ–     | 186/421 [00:00<00:01, 205.55it/s, acc=92.97%, loss=0.1975]
BP Epoch 8/100:  44%|â–ˆâ–ˆâ–ˆâ–ˆâ–     | 186/421 [00:00<00:01, 205.55it/s, acc=89.06%, loss=0.2643]
BP Epoch 8/100:  49%|â–ˆâ–ˆâ–ˆâ–ˆâ–‰     | 207/421 [00:01<00:01, 201.68it/s, acc=89.06%, loss=0.2643]
BP Epoch 8/100:  54%|â–ˆâ–ˆâ–ˆâ–ˆâ–ˆâ–    | 228/421 [00:01<00:00, 202.59it/s, acc=89.06%, loss=0.2643]
BP Epoch 8/100:  59%|â–ˆâ–ˆâ–ˆâ–ˆâ–ˆâ–‰    | 249/421 [00:01<00:00, 203.26it/s, acc=89.06%, loss=0.2643]
BP Epoch 8/100:  64%|â–ˆâ–ˆâ–ˆâ–ˆâ–ˆâ–ˆâ–   | 270/421 [00:01<00:00, 205.21it/s, acc=89.06%, loss=0.2643]
BP Epoch 8/100:  69%|â–ˆâ–ˆâ–ˆâ–ˆâ–ˆâ–ˆâ–‰   | 291/421 [00:01<00:00, 202.94it/s, acc=89.06%, loss=0.2643]
BP Epoch 8/100:  69%|â–ˆâ–ˆâ–ˆâ–ˆâ–ˆâ–ˆâ–‰   | 291/421 [00:01<00:00, 202.94it/s, acc=91.41%, loss=0.2666]
BP Epoch 8/100:  74%|â–ˆâ–ˆâ–ˆâ–ˆâ–ˆâ–ˆâ–ˆâ–  | 313/421 [00:01<00:00, 207.44it/s, acc=91.41%, loss=0.2666]
BP Epoch 8/100:  80%|â–ˆâ–ˆâ–ˆâ–ˆâ–ˆâ–ˆâ–ˆâ–‰  | 335/421 [00:01<00:00, 206.54it/s, acc=91.41%, loss=0.2666]
BP Epoch 8/100:  85%|â–ˆâ–ˆâ–ˆâ–ˆâ–ˆâ–ˆâ–ˆâ–ˆâ– | 357/421 [00:01<00:00, 210.26it/s, acc=91.41%, loss=0.2666]
BP Epoch 8/100:  90%|â–ˆâ–ˆâ–ˆâ–ˆâ–ˆâ–ˆâ–ˆâ–ˆâ–ˆ | 379/421 [00:01<00:00, 205.94it/s, acc=91.41%, loss=0.2666]
BP Epoch 8/100:  90%|â–ˆâ–ˆâ–ˆâ–ˆâ–ˆâ–ˆâ–ˆâ–ˆâ–ˆ | 379/421 [00:01<00:00, 205.94it/s, acc=88.28%, loss=0.2538]
BP Epoch 8/100:  95%|â–ˆâ–ˆâ–ˆâ–ˆâ–ˆâ–ˆâ–ˆâ–ˆâ–ˆâ–Œ| 400/421 [00:01<00:00, 206.47it/s, acc=88.28%, loss=0.2538]
BP Epoch 8/100:  95%|â–ˆâ–ˆâ–ˆâ–ˆâ–ˆâ–ˆâ–ˆâ–ˆâ–ˆâ–Œ| 400/421 [00:02<00:00, 206.47it/s, acc=92.97%, loss=0.1776]
BP Epoch 8/100: 100%|â–ˆâ–ˆâ–ˆâ–ˆâ–ˆâ–ˆâ–ˆâ–ˆâ–ˆâ–ˆ| 421/421 [00:02<00:00, 202.29it/s, acc=92.97%, loss=0.1776]
                                                                                           

Evaluating BP Model:   0%|          | 0/24 [00:00<?, ?it/s]
Evaluating BP Model:  38%|â–ˆâ–ˆâ–ˆâ–Š      | 9/24 [00:00<00:00, 75.96it/s]
Evaluating BP Model:  88%|â–ˆâ–ˆâ–ˆâ–ˆâ–ˆâ–ˆâ–ˆâ–ˆâ–Š | 21/24 [00:00<00:00, 94.49it/s]
                                                                    

BP Epoch 9/100:   0%|          | 0/421 [00:00<?, ?it/s]
BP Epoch 9/100:   4%|â–Ž         | 15/421 [00:00<00:02, 149.57it/s]
BP Epoch 9/100:   9%|â–‰         | 37/421 [00:00<00:02, 182.49it/s]
BP Epoch 9/100:  14%|â–ˆâ–        | 58/421 [00:00<00:01, 194.18it/s]
BP Epoch 9/100:  19%|â–ˆâ–‰        | 80/421 [00:00<00:01, 203.34it/s]
BP Epoch 9/100:  19%|â–ˆâ–‰        | 80/421 [00:00<00:01, 203.34it/s, acc=93.75%, loss=0.1901]
BP Epoch 9/100:  24%|â–ˆâ–ˆâ–       | 101/421 [00:00<00:01, 204.37it/s, acc=93.75%, loss=0.1901]
BP Epoch 9/100:  29%|â–ˆâ–ˆâ–‰       | 122/421 [00:00<00:01, 202.02it/s, acc=93.75%, loss=0.1901]
BP Epoch 9/100:  34%|â–ˆâ–ˆâ–ˆâ–      | 143/421 [00:00<00:01, 204.32it/s, acc=93.75%, loss=0.1901]
BP Epoch 9/100:  39%|â–ˆâ–ˆâ–ˆâ–‰      | 166/421 [00:00<00:01, 205.18it/s, acc=93.75%, loss=0.1901]
BP Epoch 9/100:  45%|â–ˆâ–ˆâ–ˆâ–ˆâ–     | 189/421 [00:00<00:01, 211.13it/s, acc=93.75%, loss=0.1901]
BP Epoch 9/100:  45%|â–ˆâ–ˆâ–ˆâ–ˆâ–     | 189/421 [00:00<00:01, 211.13it/s, acc=91.41%, loss=0.1988]
BP Epoch 9/100:  50%|â–ˆâ–ˆâ–ˆâ–ˆâ–ˆ     | 211/421 [00:01<00:01, 208.58it/s, acc=91.41%, loss=0.1988]
BP Epoch 9/100:  55%|â–ˆâ–ˆâ–ˆâ–ˆâ–ˆâ–Œ    | 232/421 [00:01<00:00, 207.80it/s, acc=91.41%, loss=0.1988]
BP Epoch 9/100:  60%|â–ˆâ–ˆâ–ˆâ–ˆâ–ˆâ–ˆ    | 253/421 [00:01<00:00, 207.10it/s, acc=91.41%, loss=0.1988]
BP Epoch 9/100:  65%|â–ˆâ–ˆâ–ˆâ–ˆâ–ˆâ–ˆâ–Œ   | 274/421 [00:01<00:00, 207.64it/s, acc=91.41%, loss=0.1988]
BP Epoch 9/100:  70%|â–ˆâ–ˆâ–ˆâ–ˆâ–ˆâ–ˆâ–ˆ   | 295/421 [00:01<00:00, 208.13it/s, acc=91.41%, loss=0.1988]
BP Epoch 9/100:  70%|â–ˆâ–ˆâ–ˆâ–ˆâ–ˆâ–ˆâ–ˆ   | 295/421 [00:01<00:00, 208.13it/s, acc=94.53%, loss=0.1931]
BP Epoch 9/100:  75%|â–ˆâ–ˆâ–ˆâ–ˆâ–ˆâ–ˆâ–ˆâ–Œ  | 316/421 [00:01<00:00, 202.68it/s, acc=94.53%, loss=0.1931]
BP Epoch 9/100:  80%|â–ˆâ–ˆâ–ˆâ–ˆâ–ˆâ–ˆâ–ˆâ–ˆ  | 338/421 [00:01<00:00, 206.86it/s, acc=94.53%, loss=0.1931]
BP Epoch 9/100:  85%|â–ˆâ–ˆâ–ˆâ–ˆâ–ˆâ–ˆâ–ˆâ–ˆâ–Œ | 359/421 [00:01<00:00, 207.66it/s, acc=94.53%, loss=0.1931]
BP Epoch 9/100:  90%|â–ˆâ–ˆâ–ˆâ–ˆâ–ˆâ–ˆâ–ˆâ–ˆâ–ˆ | 380/421 [00:01<00:00, 203.08it/s, acc=94.53%, loss=0.1931]
BP Epoch 9/100:  90%|â–ˆâ–ˆâ–ˆâ–ˆâ–ˆâ–ˆâ–ˆâ–ˆâ–ˆ | 380/421 [00:01<00:00, 203.08it/s, acc=95.31%, loss=0.1029]
BP Epoch 9/100:  95%|â–ˆâ–ˆâ–ˆâ–ˆâ–ˆâ–ˆâ–ˆâ–ˆâ–ˆâ–Œ| 401/421 [00:01<00:00, 201.95it/s, acc=95.31%, loss=0.1029]
BP Epoch 9/100:  95%|â–ˆâ–ˆâ–ˆâ–ˆâ–ˆâ–ˆâ–ˆâ–ˆâ–ˆâ–Œ| 401/421 [00:02<00:00, 201.95it/s, acc=92.97%, loss=0.2231]
                                                                                           

Evaluating BP Model:   0%|          | 0/24 [00:00<?, ?it/s]
Evaluating BP Model:  38%|â–ˆâ–ˆâ–ˆâ–Š      | 9/24 [00:00<00:00, 76.67it/s]
Evaluating BP Model:  88%|â–ˆâ–ˆâ–ˆâ–ˆâ–ˆâ–ˆâ–ˆâ–ˆâ–Š | 21/24 [00:00<00:00, 95.16it/s]
                                                                    

BP Epoch 10/100:   0%|          | 0/421 [00:00<?, ?it/s]
BP Epoch 10/100:   4%|â–         | 16/421 [00:00<00:02, 156.26it/s]
BP Epoch 10/100:   9%|â–‰         | 37/421 [00:00<00:02, 181.55it/s]
BP Epoch 10/100:  14%|â–ˆâ–        | 59/421 [00:00<00:01, 198.51it/s]
BP Epoch 10/100:  19%|â–ˆâ–‰        | 81/421 [00:00<00:01, 200.32it/s]
BP Epoch 10/100:  19%|â–ˆâ–‰        | 81/421 [00:00<00:01, 200.32it/s, acc=94.53%, loss=0.1475]
BP Epoch 10/100:  25%|â–ˆâ–ˆâ–       | 104/421 [00:00<00:01, 208.77it/s, acc=94.53%, loss=0.1475]
BP Epoch 10/100:  30%|â–ˆâ–ˆâ–‰       | 125/421 [00:00<00:01, 205.33it/s, acc=94.53%, loss=0.1475]
BP Epoch 10/100:  35%|â–ˆâ–ˆâ–ˆâ–      | 147/421 [00:00<00:01, 209.46it/s, acc=94.53%, loss=0.1475]
BP Epoch 10/100:  40%|â–ˆâ–ˆâ–ˆâ–ˆ      | 169/421 [00:00<00:01, 207.23it/s, acc=94.53%, loss=0.1475]
BP Epoch 10/100:  45%|â–ˆâ–ˆâ–ˆâ–ˆâ–Œ     | 191/421 [00:00<00:01, 210.62it/s, acc=94.53%, loss=0.1475]
BP Epoch 10/100:  45%|â–ˆâ–ˆâ–ˆâ–ˆâ–Œ     | 191/421 [00:00<00:01, 210.62it/s, acc=91.41%, loss=0.2699]
BP Epoch 10/100:  51%|â–ˆâ–ˆâ–ˆâ–ˆâ–ˆ     | 213/421 [00:01<00:00, 208.07it/s, acc=91.41%, loss=0.2699]
BP Epoch 10/100:  56%|â–ˆâ–ˆâ–ˆâ–ˆâ–ˆâ–Œ    | 236/421 [00:01<00:00, 212.98it/s, acc=91.41%, loss=0.2699]
BP Epoch 10/100:  61%|â–ˆâ–ˆâ–ˆâ–ˆâ–ˆâ–ˆâ–   | 258/421 [00:01<00:00, 209.74it/s, acc=91.41%, loss=0.2699]
BP Epoch 10/100:  67%|â–ˆâ–ˆâ–ˆâ–ˆâ–ˆâ–ˆâ–‹   | 280/421 [00:01<00:00, 212.34it/s, acc=91.41%, loss=0.2699]
BP Epoch 10/100:  67%|â–ˆâ–ˆâ–ˆâ–ˆâ–ˆâ–ˆâ–‹   | 280/421 [00:01<00:00, 212.34it/s, acc=94.53%, loss=0.1505]
BP Epoch 10/100:  72%|â–ˆâ–ˆâ–ˆâ–ˆâ–ˆâ–ˆâ–ˆâ–  | 302/421 [00:01<00:00, 209.40it/s, acc=94.53%, loss=0.1505]
BP Epoch 10/100:  77%|â–ˆâ–ˆâ–ˆâ–ˆâ–ˆâ–ˆâ–ˆâ–‹  | 324/421 [00:01<00:00, 212.25it/s, acc=94.53%, loss=0.1505]
BP Epoch 10/100:  82%|â–ˆâ–ˆâ–ˆâ–ˆâ–ˆâ–ˆâ–ˆâ–ˆâ– | 346/421 [00:01<00:00, 209.37it/s, acc=94.53%, loss=0.1505]
BP Epoch 10/100:  87%|â–ˆâ–ˆâ–ˆâ–ˆâ–ˆâ–ˆâ–ˆâ–ˆâ–‹ | 368/421 [00:01<00:00, 212.30it/s, acc=94.53%, loss=0.1505]
BP Epoch 10/100:  93%|â–ˆâ–ˆâ–ˆâ–ˆâ–ˆâ–ˆâ–ˆâ–ˆâ–ˆâ–Ž| 390/421 [00:01<00:00, 209.33it/s, acc=94.53%, loss=0.1505]
BP Epoch 10/100:  93%|â–ˆâ–ˆâ–ˆâ–ˆâ–ˆâ–ˆâ–ˆâ–ˆâ–ˆâ–Ž| 390/421 [00:01<00:00, 209.33it/s, acc=93.75%, loss=0.1741]
BP Epoch 10/100:  98%|â–ˆâ–ˆâ–ˆâ–ˆâ–ˆâ–ˆâ–ˆâ–ˆâ–ˆâ–Š| 412/421 [00:01<00:00, 212.15it/s, acc=93.75%, loss=0.1741]
BP Epoch 10/100:  98%|â–ˆâ–ˆâ–ˆâ–ˆâ–ˆâ–ˆâ–ˆâ–ˆâ–ˆâ–Š| 412/421 [00:02<00:00, 212.15it/s, acc=88.28%, loss=0.2204]
                                                                                            

Evaluating BP Model:   0%|          | 0/24 [00:00<?, ?it/s]
Evaluating BP Model:  38%|â–ˆâ–ˆâ–ˆâ–Š      | 9/24 [00:00<00:00, 76.75it/s]
Evaluating BP Model:  88%|â–ˆâ–ˆâ–ˆâ–ˆâ–ˆâ–ˆâ–ˆâ–ˆâ–Š | 21/24 [00:00<00:00, 94.88it/s]
                                                                    

BP Epoch 11/100:   0%|          | 0/421 [00:00<?, ?it/s]
BP Epoch 11/100:   4%|â–         | 17/421 [00:00<00:02, 155.57it/s]
BP Epoch 11/100:   9%|â–‰         | 39/421 [00:00<00:01, 191.67it/s]
BP Epoch 11/100:  14%|â–ˆâ–        | 61/421 [00:00<00:01, 197.30it/s]
BP Epoch 11/100:  20%|â–ˆâ–‰        | 83/421 [00:00<00:01, 205.39it/s]
BP Epoch 11/100:  20%|â–ˆâ–‰        | 83/421 [00:00<00:01, 205.39it/s, acc=96.09%, loss=0.1279]
BP Epoch 11/100:  25%|â–ˆâ–ˆâ–       | 105/421 [00:00<00:01, 204.73it/s, acc=96.09%, loss=0.1279]
BP Epoch 11/100:  30%|â–ˆâ–ˆâ–ˆ       | 127/421 [00:00<00:01, 209.51it/s, acc=96.09%, loss=0.1279]
BP Epoch 11/100:  35%|â–ˆâ–ˆâ–ˆâ–Œ      | 149/421 [00:00<00:01, 207.06it/s, acc=96.09%, loss=0.1279]
BP Epoch 11/100:  41%|â–ˆâ–ˆâ–ˆâ–ˆ      | 172/421 [00:00<00:01, 212.44it/s, acc=96.09%, loss=0.1279]
BP Epoch 11/100:  46%|â–ˆâ–ˆâ–ˆâ–ˆâ–Œ     | 194/421 [00:00<00:01, 209.45it/s, acc=96.09%, loss=0.1279]
BP Epoch 11/100:  46%|â–ˆâ–ˆâ–ˆâ–ˆâ–Œ     | 194/421 [00:00<00:01, 209.45it/s, acc=96.09%, loss=0.1200]
BP Epoch 11/100:  51%|â–ˆâ–ˆâ–ˆâ–ˆâ–ˆâ–    | 216/421 [00:01<00:00, 212.20it/s, acc=96.09%, loss=0.1200]
BP Epoch 11/100:  57%|â–ˆâ–ˆâ–ˆâ–ˆâ–ˆâ–‹    | 238/421 [00:01<00:00, 209.37it/s, acc=96.09%, loss=0.1200]
BP Epoch 11/100:  62%|â–ˆâ–ˆâ–ˆâ–ˆâ–ˆâ–ˆâ–   | 261/421 [00:01<00:00, 209.32it/s, acc=96.09%, loss=0.1200]
BP Epoch 11/100:  67%|â–ˆâ–ˆâ–ˆâ–ˆâ–ˆâ–ˆâ–‹   | 283/421 [00:01<00:00, 212.07it/s, acc=96.09%, loss=0.1200]
BP Epoch 11/100:  67%|â–ˆâ–ˆâ–ˆâ–ˆâ–ˆâ–ˆâ–‹   | 283/421 [00:01<00:00, 212.07it/s, acc=97.66%, loss=0.0559]
BP Epoch 11/100:  72%|â–ˆâ–ˆâ–ˆâ–ˆâ–ˆâ–ˆâ–ˆâ–  | 305/421 [00:01<00:00, 209.06it/s, acc=97.66%, loss=0.0559]
BP Epoch 11/100:  78%|â–ˆâ–ˆâ–ˆâ–ˆâ–ˆâ–ˆâ–ˆâ–Š  | 327/421 [00:01<00:00, 212.04it/s, acc=97.66%, loss=0.0559]
BP Epoch 11/100:  83%|â–ˆâ–ˆâ–ˆâ–ˆâ–ˆâ–ˆâ–ˆâ–ˆâ–Ž | 349/421 [00:01<00:00, 209.30it/s, acc=97.66%, loss=0.0559]
BP Epoch 11/100:  88%|â–ˆâ–ˆâ–ˆâ–ˆâ–ˆâ–ˆâ–ˆâ–ˆâ–Š | 371/421 [00:01<00:00, 212.05it/s, acc=97.66%, loss=0.0559]
BP Epoch 11/100:  93%|â–ˆâ–ˆâ–ˆâ–ˆâ–ˆâ–ˆâ–ˆâ–ˆâ–ˆâ–Ž| 393/421 [00:01<00:00, 209.21it/s, acc=97.66%, loss=0.0559]
BP Epoch 11/100:  93%|â–ˆâ–ˆâ–ˆâ–ˆâ–ˆâ–ˆâ–ˆâ–ˆâ–ˆâ–Ž| 393/421 [00:01<00:00, 209.21it/s, acc=93.75%, loss=0.1356]
BP Epoch 11/100:  98%|â–ˆâ–ˆâ–ˆâ–ˆâ–ˆâ–ˆâ–ˆâ–ˆâ–ˆâ–Š| 414/421 [00:02<00:00, 202.52it/s, acc=93.75%, loss=0.1356]
BP Epoch 11/100:  98%|â–ˆâ–ˆâ–ˆâ–ˆâ–ˆâ–ˆâ–ˆâ–ˆâ–ˆâ–Š| 414/421 [00:02<00:00, 202.52it/s, acc=92.19%, loss=0.2143]
                                                                                            

Evaluating BP Model:   0%|          | 0/24 [00:00<?, ?it/s]
Evaluating BP Model:  38%|â–ˆâ–ˆâ–ˆâ–Š      | 9/24 [00:00<00:00, 73.24it/s]
Evaluating BP Model:  88%|â–ˆâ–ˆâ–ˆâ–ˆâ–ˆâ–ˆâ–ˆâ–ˆâ–Š | 21/24 [00:00<00:00, 92.62it/s]
                                                                    
[codecarbon INFO @ 21:35:07] Energy consumed for RAM : 0.000317 kWh. RAM Power : 38.0 W

BP Epoch 12/100:   0%|          | 0/421 [00:00<?, ?it/s]
BP Epoch 12/100:   4%|â–         | 16/421 [00:00<00:02, 158.98it/s]
BP Epoch 12/100:   9%|â–‰         | 37/421 [00:00<00:02, 183.49it/s]
BP Epoch 12/100:  14%|â–ˆâ–        | 59/421 [00:00<00:01, 199.65it/s]
BP Epoch 12/100:  19%|â–ˆâ–‰        | 81/421 [00:00<00:01, 200.98it/s][codecarbon INFO @ 21:35:08] Delta energy consumed for CPU with cpu_load : 0.000181 kWh, power : 45.0 W
[codecarbon INFO @ 21:35:08] Energy consumed for All CPU : 0.000375 kWh
[codecarbon INFO @ 21:35:08] Energy consumed for all GPUs : 0.001065 kWh. Total GPU Power : 128.38300796508742 W
[codecarbon INFO @ 21:35:08] 0.001757 kWh of electricity used since the beginning.

BP Epoch 12/100:  19%|â–ˆâ–‰        | 81/421 [00:00<00:01, 200.98it/s, acc=95.31%, loss=0.2005]
BP Epoch 12/100:  24%|â–ˆâ–ˆâ–       | 103/421 [00:00<00:01, 207.57it/s, acc=95.31%, loss=0.2005]
BP Epoch 12/100:  30%|â–ˆâ–ˆâ–‰       | 125/421 [00:00<00:01, 206.24it/s, acc=95.31%, loss=0.2005]
BP Epoch 12/100:  35%|â–ˆâ–ˆâ–ˆâ–      | 147/421 [00:00<00:01, 210.53it/s, acc=95.31%, loss=0.2005]
BP Epoch 12/100:  40%|â–ˆâ–ˆâ–ˆâ–ˆ      | 169/421 [00:00<00:01, 208.10it/s, acc=95.31%, loss=0.2005]
BP Epoch 12/100:  45%|â–ˆâ–ˆâ–ˆâ–ˆâ–Œ     | 191/421 [00:00<00:01, 210.34it/s, acc=95.31%, loss=0.2005]
BP Epoch 12/100:  45%|â–ˆâ–ˆâ–ˆâ–ˆâ–Œ     | 191/421 [00:00<00:01, 210.34it/s, acc=95.31%, loss=0.1005]
BP Epoch 12/100:  51%|â–ˆâ–ˆâ–ˆâ–ˆâ–ˆ     | 213/421 [00:01<00:00, 209.41it/s, acc=95.31%, loss=0.1005]
BP Epoch 12/100:  56%|â–ˆâ–ˆâ–ˆâ–ˆâ–ˆâ–Œ    | 235/421 [00:01<00:00, 209.89it/s, acc=95.31%, loss=0.1005]
BP Epoch 12/100:  61%|â–ˆâ–ˆâ–ˆâ–ˆâ–ˆâ–ˆ    | 256/421 [00:01<00:00, 209.85it/s, acc=95.31%, loss=0.1005]
BP Epoch 12/100:  66%|â–ˆâ–ˆâ–ˆâ–ˆâ–ˆâ–ˆâ–Œ   | 278/421 [00:01<00:00, 211.59it/s, acc=95.31%, loss=0.1005]
BP Epoch 12/100:  66%|â–ˆâ–ˆâ–ˆâ–ˆâ–ˆâ–ˆâ–Œ   | 278/421 [00:01<00:00, 211.59it/s, acc=92.19%, loss=0.1425]
BP Epoch 12/100:  71%|â–ˆâ–ˆâ–ˆâ–ˆâ–ˆâ–ˆâ–ˆâ–  | 300/421 [00:01<00:00, 207.68it/s, acc=92.19%, loss=0.1425]
BP Epoch 12/100:  77%|â–ˆâ–ˆâ–ˆâ–ˆâ–ˆâ–ˆâ–ˆâ–‹  | 323/421 [00:01<00:00, 208.23it/s, acc=92.19%, loss=0.1425]
BP Epoch 12/100:  82%|â–ˆâ–ˆâ–ˆâ–ˆâ–ˆâ–ˆâ–ˆâ–ˆâ– | 345/421 [00:01<00:00, 210.41it/s, acc=92.19%, loss=0.1425]
BP Epoch 12/100:  87%|â–ˆâ–ˆâ–ˆâ–ˆâ–ˆâ–ˆâ–ˆâ–ˆâ–‹ | 367/421 [00:01<00:00, 207.44it/s, acc=92.19%, loss=0.1425]
BP Epoch 12/100:  92%|â–ˆâ–ˆâ–ˆâ–ˆâ–ˆâ–ˆâ–ˆâ–ˆâ–ˆâ–| 389/421 [00:01<00:00, 210.61it/s, acc=92.19%, loss=0.1425]
BP Epoch 12/100:  92%|â–ˆâ–ˆâ–ˆâ–ˆâ–ˆâ–ˆâ–ˆâ–ˆâ–ˆâ–| 389/421 [00:01<00:00, 210.61it/s, acc=95.31%, loss=0.1242]
BP Epoch 12/100:  98%|â–ˆâ–ˆâ–ˆâ–ˆâ–ˆâ–ˆâ–ˆâ–ˆâ–ˆâ–Š| 411/421 [00:01<00:00, 207.28it/s, acc=95.31%, loss=0.1242]
BP Epoch 12/100:  98%|â–ˆâ–ˆâ–ˆâ–ˆâ–ˆâ–ˆâ–ˆâ–ˆâ–ˆâ–Š| 411/421 [00:02<00:00, 207.28it/s, acc=96.09%, loss=0.0912]
                                                                                            

Evaluating BP Model:   0%|          | 0/24 [00:00<?, ?it/s]
Evaluating BP Model:  38%|â–ˆâ–ˆâ–ˆâ–Š      | 9/24 [00:00<00:00, 74.88it/s]
Evaluating BP Model:  88%|â–ˆâ–ˆâ–ˆâ–ˆâ–ˆâ–ˆâ–ˆâ–ˆâ–Š | 21/24 [00:00<00:00, 93.40it/s]
                                                                    

BP Epoch 13/100:   0%|          | 0/421 [00:00<?, ?it/s]
BP Epoch 13/100:   4%|â–         | 17/421 [00:00<00:02, 159.56it/s]
BP Epoch 13/100:   9%|â–‰         | 39/421 [00:00<00:01, 193.83it/s]
BP Epoch 13/100:  14%|â–ˆâ–        | 61/421 [00:00<00:01, 199.52it/s]
BP Epoch 13/100:  20%|â–ˆâ–‰        | 83/421 [00:00<00:01, 201.91it/s]
BP Epoch 13/100:  20%|â–ˆâ–‰        | 83/421 [00:00<00:01, 201.91it/s, acc=97.66%, loss=0.0613]
BP Epoch 13/100:  25%|â–ˆâ–ˆâ–       | 104/421 [00:00<00:01, 204.56it/s, acc=97.66%, loss=0.0613]
BP Epoch 13/100:  30%|â–ˆâ–ˆâ–‰       | 125/421 [00:00<00:01, 205.27it/s, acc=97.66%, loss=0.0613]
BP Epoch 13/100:  35%|â–ˆâ–ˆâ–ˆâ–      | 146/421 [00:00<00:01, 205.41it/s, acc=97.66%, loss=0.0613]
BP Epoch 13/100:  40%|â–ˆâ–ˆâ–ˆâ–‰      | 167/421 [00:00<00:01, 199.90it/s, acc=97.66%, loss=0.0613]
BP Epoch 13/100:  45%|â–ˆâ–ˆâ–ˆâ–ˆâ–     | 188/421 [00:00<00:01, 201.79it/s, acc=97.66%, loss=0.0613]
BP Epoch 13/100:  45%|â–ˆâ–ˆâ–ˆâ–ˆâ–     | 188/421 [00:00<00:01, 201.79it/s, acc=95.31%, loss=0.1083]
BP Epoch 13/100:  50%|â–ˆâ–ˆâ–ˆâ–ˆâ–‰     | 209/421 [00:01<00:01, 203.02it/s, acc=95.31%, loss=0.1083]
BP Epoch 13/100:  55%|â–ˆâ–ˆâ–ˆâ–ˆâ–ˆâ–    | 230/421 [00:01<00:00, 204.23it/s, acc=95.31%, loss=0.1083]
BP Epoch 13/100:  60%|â–ˆâ–ˆâ–ˆâ–ˆâ–ˆâ–‰    | 251/421 [00:01<00:00, 199.36it/s, acc=95.31%, loss=0.1083]
BP Epoch 13/100:  65%|â–ˆâ–ˆâ–ˆâ–ˆâ–ˆâ–ˆâ–   | 272/421 [00:01<00:00, 201.58it/s, acc=95.31%, loss=0.1083]
BP Epoch 13/100:  70%|â–ˆâ–ˆâ–ˆâ–ˆâ–ˆâ–ˆâ–‰   | 293/421 [00:01<00:00, 203.85it/s, acc=95.31%, loss=0.1083]
BP Epoch 13/100:  70%|â–ˆâ–ˆâ–ˆâ–ˆâ–ˆâ–ˆâ–‰   | 293/421 [00:01<00:00, 203.85it/s, acc=96.88%, loss=0.0744]
BP Epoch 13/100:  75%|â–ˆâ–ˆâ–ˆâ–ˆâ–ˆâ–ˆâ–ˆâ–  | 314/421 [00:01<00:00, 204.40it/s, acc=96.88%, loss=0.0744]
BP Epoch 13/100:  80%|â–ˆâ–ˆâ–ˆâ–ˆâ–ˆâ–ˆâ–ˆâ–‰  | 335/421 [00:01<00:00, 201.24it/s, acc=96.88%, loss=0.0744]
BP Epoch 13/100:  85%|â–ˆâ–ˆâ–ˆâ–ˆâ–ˆâ–ˆâ–ˆâ–ˆâ– | 357/421 [00:01<00:00, 205.15it/s, acc=96.88%, loss=0.0744]
BP Epoch 13/100:  90%|â–ˆâ–ˆâ–ˆâ–ˆâ–ˆâ–ˆâ–ˆâ–ˆâ–‰ | 378/421 [00:01<00:00, 206.41it/s, acc=96.88%, loss=0.0744]
BP Epoch 13/100:  95%|â–ˆâ–ˆâ–ˆâ–ˆâ–ˆâ–ˆâ–ˆâ–ˆâ–ˆâ–| 399/421 [00:01<00:00, 202.16it/s, acc=96.88%, loss=0.0744]
BP Epoch 13/100:  95%|â–ˆâ–ˆâ–ˆâ–ˆâ–ˆâ–ˆâ–ˆâ–ˆâ–ˆâ–| 399/421 [00:01<00:00, 202.16it/s, acc=93.75%, loss=0.1378]
BP Epoch 13/100: 100%|â–ˆâ–ˆâ–ˆâ–ˆâ–ˆâ–ˆâ–ˆâ–ˆâ–ˆâ–‰| 420/421 [00:02<00:00, 204.39it/s, acc=93.75%, loss=0.1378]
BP Epoch 13/100: 100%|â–ˆâ–ˆâ–ˆâ–ˆâ–ˆâ–ˆâ–ˆâ–ˆâ–ˆâ–‰| 420/421 [00:02<00:00, 204.39it/s, acc=93.75%, loss=0.1192]
                                                                                            

Evaluating BP Model:   0%|          | 0/24 [00:00<?, ?it/s]
Evaluating BP Model:  38%|â–ˆâ–ˆâ–ˆâ–Š      | 9/24 [00:00<00:00, 76.64it/s]
Evaluating BP Model:  88%|â–ˆâ–ˆâ–ˆâ–ˆâ–ˆâ–ˆâ–ˆâ–ˆâ–Š | 21/24 [00:00<00:00, 94.27it/s]
                                                                    

BP Epoch 14/100:   0%|          | 0/421 [00:00<?, ?it/s]
BP Epoch 14/100:   4%|â–         | 16/421 [00:00<00:02, 158.18it/s]
BP Epoch 14/100:   9%|â–‰         | 37/421 [00:00<00:02, 183.77it/s]
BP Epoch 14/100:  14%|â–ˆâ–        | 59/421 [00:00<00:01, 196.28it/s]
BP Epoch 14/100:  19%|â–ˆâ–‰        | 80/421 [00:00<00:01, 200.68it/s]
BP Epoch 14/100:  19%|â–ˆâ–‰        | 80/421 [00:00<00:01, 200.68it/s, acc=97.66%, loss=0.0823]
BP Epoch 14/100:  24%|â–ˆâ–ˆâ–       | 101/421 [00:00<00:01, 200.70it/s, acc=97.66%, loss=0.0823]
BP Epoch 14/100:  29%|â–ˆâ–ˆâ–‰       | 123/421 [00:00<00:01, 200.23it/s, acc=97.66%, loss=0.0823]
BP Epoch 14/100:  34%|â–ˆâ–ˆâ–ˆâ–      | 144/421 [00:00<00:01, 202.35it/s, acc=97.66%, loss=0.0823]
BP Epoch 14/100:  39%|â–ˆâ–ˆâ–ˆâ–‰      | 165/421 [00:00<00:01, 203.78it/s, acc=97.66%, loss=0.0823]
BP Epoch 14/100:  44%|â–ˆâ–ˆâ–ˆâ–ˆâ–     | 186/421 [00:00<00:01, 204.69it/s, acc=97.66%, loss=0.0823]
BP Epoch 14/100:  44%|â–ˆâ–ˆâ–ˆâ–ˆâ–     | 186/421 [00:01<00:01, 204.69it/s, acc=95.31%, loss=0.1391]
BP Epoch 14/100:  49%|â–ˆâ–ˆâ–ˆâ–ˆâ–‰     | 207/421 [00:01<00:01, 200.61it/s, acc=95.31%, loss=0.1391]
BP Epoch 14/100:  54%|â–ˆâ–ˆâ–ˆâ–ˆâ–ˆâ–    | 229/421 [00:01<00:00, 204.90it/s, acc=95.31%, loss=0.1391]
BP Epoch 14/100:  60%|â–ˆâ–ˆâ–ˆâ–ˆâ–ˆâ–‰    | 251/421 [00:01<00:00, 202.96it/s, acc=95.31%, loss=0.1391]
BP Epoch 14/100:  65%|â–ˆâ–ˆâ–ˆâ–ˆâ–ˆâ–ˆâ–   | 273/421 [00:01<00:00, 206.67it/s, acc=95.31%, loss=0.1391]
BP Epoch 14/100:  70%|â–ˆâ–ˆâ–ˆâ–ˆâ–ˆâ–ˆâ–ˆ   | 295/421 [00:01<00:00, 204.08it/s, acc=95.31%, loss=0.1391]
BP Epoch 14/100:  70%|â–ˆâ–ˆâ–ˆâ–ˆâ–ˆâ–ˆâ–ˆ   | 295/421 [00:01<00:00, 204.08it/s, acc=92.97%, loss=0.1442]
BP Epoch 14/100:  75%|â–ˆâ–ˆâ–ˆâ–ˆâ–ˆâ–ˆâ–ˆâ–Œ  | 317/421 [00:01<00:00, 208.11it/s, acc=92.97%, loss=0.1442]
BP Epoch 14/100:  81%|â–ˆâ–ˆâ–ˆâ–ˆâ–ˆâ–ˆâ–ˆâ–ˆ  | 339/421 [00:01<00:00, 206.11it/s, acc=92.97%, loss=0.1442]
BP Epoch 14/100:  86%|â–ˆâ–ˆâ–ˆâ–ˆâ–ˆâ–ˆâ–ˆâ–ˆâ–Œ | 361/421 [00:01<00:00, 209.60it/s, acc=92.97%, loss=0.1442]
BP Epoch 14/100:  91%|â–ˆâ–ˆâ–ˆâ–ˆâ–ˆâ–ˆâ–ˆâ–ˆâ–ˆ | 383/421 [00:01<00:00, 207.00it/s, acc=92.97%, loss=0.1442]
BP Epoch 14/100:  91%|â–ˆâ–ˆâ–ˆâ–ˆâ–ˆâ–ˆâ–ˆâ–ˆâ–ˆ | 383/421 [00:01<00:00, 207.00it/s, acc=95.31%, loss=0.1751]
BP Epoch 14/100:  96%|â–ˆâ–ˆâ–ˆâ–ˆâ–ˆâ–ˆâ–ˆâ–ˆâ–ˆâ–Œ| 405/421 [00:01<00:00, 210.14it/s, acc=95.31%, loss=0.1751]
BP Epoch 14/100:  96%|â–ˆâ–ˆâ–ˆâ–ˆâ–ˆâ–ˆâ–ˆâ–ˆâ–ˆâ–Œ| 405/421 [00:02<00:00, 210.14it/s, acc=96.09%, loss=0.0999]
                                                                                            

Evaluating BP Model:   0%|          | 0/24 [00:00<?, ?it/s]
Evaluating BP Model:  38%|â–ˆâ–ˆâ–ˆâ–Š      | 9/24 [00:00<00:00, 77.10it/s]
Evaluating BP Model:  88%|â–ˆâ–ˆâ–ˆâ–ˆâ–ˆâ–ˆâ–ˆâ–ˆâ–Š | 21/24 [00:00<00:00, 94.63it/s]
                                                                    

BP Epoch 15/100:   0%|          | 0/421 [00:00<?, ?it/s]
BP Epoch 15/100:   4%|â–         | 17/421 [00:00<00:02, 157.29it/s]
BP Epoch 15/100:   9%|â–‰         | 39/421 [00:00<00:02, 190.22it/s]
BP Epoch 15/100:  14%|â–ˆâ–        | 61/421 [00:00<00:01, 199.21it/s]
BP Epoch 15/100:  20%|â–ˆâ–‰        | 83/421 [00:00<00:01, 204.58it/s]
BP Epoch 15/100:  20%|â–ˆâ–‰        | 83/421 [00:00<00:01, 204.58it/s, acc=94.53%, loss=0.1210]
BP Epoch 15/100:  25%|â–ˆâ–ˆâ–       | 105/421 [00:00<00:01, 206.54it/s, acc=94.53%, loss=0.1210]
BP Epoch 15/100:  30%|â–ˆâ–ˆâ–‰       | 126/421 [00:00<00:01, 207.22it/s, acc=94.53%, loss=0.1210]
BP Epoch 15/100:  35%|â–ˆâ–ˆâ–ˆâ–Œ      | 148/421 [00:00<00:01, 208.36it/s, acc=94.53%, loss=0.1210]
BP Epoch 15/100:  40%|â–ˆâ–ˆâ–ˆâ–ˆ      | 170/421 [00:00<00:01, 209.59it/s, acc=94.53%, loss=0.1210]
BP Epoch 15/100:  46%|â–ˆâ–ˆâ–ˆâ–ˆâ–Œ     | 192/421 [00:00<00:01, 208.29it/s, acc=94.53%, loss=0.1210]
BP Epoch 15/100:  46%|â–ˆâ–ˆâ–ˆâ–ˆâ–Œ     | 192/421 [00:00<00:01, 208.29it/s, acc=96.09%, loss=0.0894]
BP Epoch 15/100:  51%|â–ˆâ–ˆâ–ˆâ–ˆâ–ˆ     | 214/421 [00:01<00:00, 210.27it/s, acc=96.09%, loss=0.0894]
BP Epoch 15/100:  56%|â–ˆâ–ˆâ–ˆâ–ˆâ–ˆâ–Œ    | 236/421 [00:01<00:00, 208.15it/s, acc=96.09%, loss=0.0894]
BP Epoch 15/100:  61%|â–ˆâ–ˆâ–ˆâ–ˆâ–ˆâ–ˆâ–   | 258/421 [00:01<00:00, 210.48it/s, acc=96.09%, loss=0.0894]
BP Epoch 15/100:  67%|â–ˆâ–ˆâ–ˆâ–ˆâ–ˆâ–ˆâ–‹   | 280/421 [00:01<00:00, 207.27it/s, acc=96.09%, loss=0.0894]
BP Epoch 15/100:  67%|â–ˆâ–ˆâ–ˆâ–ˆâ–ˆâ–ˆâ–‹   | 280/421 [00:01<00:00, 207.27it/s, acc=95.31%, loss=0.1178]
BP Epoch 15/100:  71%|â–ˆâ–ˆâ–ˆâ–ˆâ–ˆâ–ˆâ–ˆâ–  | 301/421 [00:01<00:00, 207.13it/s, acc=95.31%, loss=0.1178]
BP Epoch 15/100:  77%|â–ˆâ–ˆâ–ˆâ–ˆâ–ˆâ–ˆâ–ˆâ–‹  | 324/421 [00:01<00:00, 207.93it/s, acc=95.31%, loss=0.1178]
BP Epoch 15/100:  82%|â–ˆâ–ˆâ–ˆâ–ˆâ–ˆâ–ˆâ–ˆâ–ˆâ– | 346/421 [00:01<00:00, 210.03it/s, acc=95.31%, loss=0.1178]
BP Epoch 15/100:  87%|â–ˆâ–ˆâ–ˆâ–ˆâ–ˆâ–ˆâ–ˆâ–ˆâ–‹ | 368/421 [00:01<00:00, 207.12it/s, acc=95.31%, loss=0.1178]
BP Epoch 15/100:  93%|â–ˆâ–ˆâ–ˆâ–ˆâ–ˆâ–ˆâ–ˆâ–ˆâ–ˆâ–Ž| 390/421 [00:01<00:00, 209.55it/s, acc=95.31%, loss=0.1178]
BP Epoch 15/100:  93%|â–ˆâ–ˆâ–ˆâ–ˆâ–ˆâ–ˆâ–ˆâ–ˆâ–ˆâ–Ž| 390/421 [00:01<00:00, 209.55it/s, acc=96.09%, loss=0.0863]
BP Epoch 15/100:  98%|â–ˆâ–ˆâ–ˆâ–ˆâ–ˆâ–ˆâ–ˆâ–ˆâ–ˆâ–Š| 412/421 [00:01<00:00, 206.95it/s, acc=96.09%, loss=0.0863]
BP Epoch 15/100:  98%|â–ˆâ–ˆâ–ˆâ–ˆâ–ˆâ–ˆâ–ˆâ–ˆâ–ˆâ–Š| 412/421 [00:02<00:00, 206.95it/s, acc=97.66%, loss=0.0856]
                                                                                            

Evaluating BP Model:   0%|          | 0/24 [00:00<?, ?it/s]
Evaluating BP Model:  38%|â–ˆâ–ˆâ–ˆâ–Š      | 9/24 [00:00<00:00, 75.84it/s]
Evaluating BP Model:  88%|â–ˆâ–ˆâ–ˆâ–ˆâ–ˆâ–ˆâ–ˆâ–ˆâ–Š | 21/24 [00:00<00:00, 92.45it/s]
                                                                    

BP Epoch 16/100:   0%|          | 0/421 [00:00<?, ?it/s]
BP Epoch 16/100:   4%|â–         | 17/421 [00:00<00:02, 157.27it/s]
BP Epoch 16/100:   9%|â–‰         | 38/421 [00:00<00:02, 187.00it/s]
BP Epoch 16/100:  14%|â–ˆâ–Ž        | 57/421 [00:00<00:02, 132.22it/s]
BP Epoch 16/100:  19%|â–ˆâ–‰        | 81/421 [00:00<00:02, 163.34it/s]
BP Epoch 16/100:  19%|â–ˆâ–‰        | 81/421 [00:00<00:02, 163.34it/s, acc=96.88%, loss=0.0888]
BP Epoch 16/100:  24%|â–ˆâ–ˆâ–       | 103/421 [00:00<00:01, 179.78it/s, acc=96.88%, loss=0.0888]
BP Epoch 16/100:  30%|â–ˆâ–ˆâ–‰       | 125/421 [00:00<00:01, 188.14it/s, acc=96.88%, loss=0.0888]
BP Epoch 16/100:  35%|â–ˆâ–ˆâ–ˆâ–      | 146/421 [00:00<00:01, 194.18it/s, acc=96.88%, loss=0.0888]
BP Epoch 16/100:  40%|â–ˆâ–ˆâ–ˆâ–‰      | 168/421 [00:00<00:01, 201.66it/s, acc=96.88%, loss=0.0888]
BP Epoch 16/100:  45%|â–ˆâ–ˆâ–ˆâ–ˆâ–     | 189/421 [00:01<00:01, 202.53it/s, acc=96.88%, loss=0.0888]
BP Epoch 16/100:  45%|â–ˆâ–ˆâ–ˆâ–ˆâ–     | 189/421 [00:01<00:01, 202.53it/s, acc=95.31%, loss=0.1058]
BP Epoch 16/100:  50%|â–ˆâ–ˆâ–ˆâ–ˆâ–‰     | 210/421 [00:01<00:01, 203.15it/s, acc=95.31%, loss=0.1058]
BP Epoch 16/100:  55%|â–ˆâ–ˆâ–ˆâ–ˆâ–ˆâ–Œ    | 233/421 [00:01<00:00, 207.81it/s, acc=95.31%, loss=0.1058]
BP Epoch 16/100:  60%|â–ˆâ–ˆâ–ˆâ–ˆâ–ˆâ–ˆ    | 254/421 [00:01<00:00, 205.77it/s, acc=95.31%, loss=0.1058]
BP Epoch 16/100:  66%|â–ˆâ–ˆâ–ˆâ–ˆâ–ˆâ–ˆâ–Œ   | 276/421 [00:01<00:00, 209.85it/s, acc=95.31%, loss=0.1058]
BP Epoch 16/100:  71%|â–ˆâ–ˆâ–ˆâ–ˆâ–ˆâ–ˆâ–ˆ   | 298/421 [00:01<00:00, 207.06it/s, acc=95.31%, loss=0.1058]
BP Epoch 16/100:  71%|â–ˆâ–ˆâ–ˆâ–ˆâ–ˆâ–ˆâ–ˆ   | 298/421 [00:01<00:00, 207.06it/s, acc=97.66%, loss=0.0493]
BP Epoch 16/100:  76%|â–ˆâ–ˆâ–ˆâ–ˆâ–ˆâ–ˆâ–ˆâ–Œ  | 320/421 [00:01<00:00, 209.96it/s, acc=97.66%, loss=0.0493]
BP Epoch 16/100:  81%|â–ˆâ–ˆâ–ˆâ–ˆâ–ˆâ–ˆâ–ˆâ–ˆ  | 342/421 [00:01<00:00, 207.12it/s, acc=97.66%, loss=0.0493]
BP Epoch 16/100:  86%|â–ˆâ–ˆâ–ˆâ–ˆâ–ˆâ–ˆâ–ˆâ–ˆâ–‹ | 364/421 [00:01<00:00, 209.90it/s, acc=97.66%, loss=0.0493]
BP Epoch 16/100:  92%|â–ˆâ–ˆâ–ˆâ–ˆâ–ˆâ–ˆâ–ˆâ–ˆâ–ˆâ–| 386/421 [00:01<00:00, 207.21it/s, acc=97.66%, loss=0.0493]
BP Epoch 16/100:  92%|â–ˆâ–ˆâ–ˆâ–ˆâ–ˆâ–ˆâ–ˆâ–ˆâ–ˆâ–| 386/421 [00:02<00:00, 207.21it/s, acc=97.66%, loss=0.0621]
BP Epoch 16/100:  97%|â–ˆâ–ˆâ–ˆâ–ˆâ–ˆâ–ˆâ–ˆâ–ˆâ–ˆâ–‹| 408/421 [00:02<00:00, 210.57it/s, acc=97.66%, loss=0.0621]
BP Epoch 16/100:  97%|â–ˆâ–ˆâ–ˆâ–ˆâ–ˆâ–ˆâ–ˆâ–ˆâ–ˆâ–‹| 408/421 [00:02<00:00, 210.57it/s, acc=96.09%, loss=0.1214]
                                                                                            

Evaluating BP Model:   0%|          | 0/24 [00:00<?, ?it/s]
Evaluating BP Model:  38%|â–ˆâ–ˆâ–ˆâ–Š      | 9/24 [00:00<00:00, 75.00it/s]
Evaluating BP Model:  88%|â–ˆâ–ˆâ–ˆâ–ˆâ–ˆâ–ˆâ–ˆâ–ˆâ–Š | 21/24 [00:00<00:00, 94.25it/s]


Evaluating BP Model:   0%|          | 0/40 [00:00<?, ?it/s]
Evaluating BP Model:   2%|â–Ž         | 1/40 [00:00<00:05,  7.69it/s]
Evaluating BP Model:  32%|â–ˆâ–ˆâ–ˆâ–Ž      | 13/40 [00:00<00:00, 63.41it/s]
Evaluating BP Model:  62%|â–ˆâ–ˆâ–ˆâ–ˆâ–ˆâ–ˆâ–Ž   | 25/40 [00:00<00:00, 83.64it/s]
Evaluating BP Model:  92%|â–ˆâ–ˆâ–ˆâ–ˆâ–ˆâ–ˆâ–ˆâ–ˆâ–ˆâ–Ž| 37/40 [00:00<00:00, 93.72it/s]
                                                                    
[codecarbon INFO @ 21:35:21] Energy consumed for RAM : 0.000455 kWh. RAM Power : 38.0 W
[codecarbon INFO @ 21:35:21] Delta energy consumed for CPU with cpu_load : 0.000163 kWh, power : 45.0 W
[codecarbon INFO @ 21:35:21] Energy consumed for All CPU : 0.000538 kWh
[codecarbon INFO @ 21:35:21] Energy consumed for all GPUs : 0.001522 kWh. Total GPU Power : 121.1833346598579 W
[codecarbon INFO @ 21:35:21] 0.002515 kWh of electricity used since the beginning.
wandb:                                                                                
wandb: 
wandb: Run history:
wandb:                  BP_Baseline/Epoch â–â–â–‚â–ƒâ–ƒâ–ƒâ–„â–…â–…â–…â–†â–‡â–‡â–‡â–ˆ
wandb:     BP_Baseline/Epoch_Duration_Sec â–ˆâ–ƒâ–ƒâ–„â–ƒâ–ƒâ–„â–ƒâ–†â–â–â–ƒâ–ƒâ–ƒâ–
wandb: BP_Baseline/GPU_Mem_Used_MiB_Batch â–â–â–â–â–â–â–â–â–â–â–â–â–â–â–â–â–â–â–â–â–â–â–â–â–â–â–â–â–â–â–â–â–â–â–â–â–â–â–â–
wandb:          BP_Baseline/Learning_Rate â–â–â–â–â–â–â–â–â–â–â–â–â–â–â–
wandb: BP_Baseline/Peak_GPU_Mem_Epoch_MiB â–â–â–â–â–â–â–â–â–â–â–â–â–â–â–
wandb:        BP_Baseline/Train_Acc_Batch â–â–ƒâ–†â–ƒâ–†â–…â–…â–†â–‡â–†â–…â–„â–…â–‡â–…â–†â–†â–„â–…â–„â–‡â–…â–‡â–†â–„â–‡â–ˆâ–…â–‡â–…â–‡â–‡â–ˆâ–†â–†â–‡â–‡â–‡â–ˆâ–‡
wandb:        BP_Baseline/Train_Acc_Epoch â–â–„â–„â–…â–…â–†â–†â–†â–‡â–‡â–‡â–‡â–ˆâ–ˆâ–ˆ
wandb:       BP_Baseline/Train_Loss_Batch â–†â–†â–ˆâ–…â–…â–ˆâ–†â–„â–„â–…â–‚â–ƒâ–…â–ƒâ–„â–ƒâ–„â–„â–„â–‚â–…â–ƒâ–„â–‚â–‚â–„â–„â–‚â–ƒâ–‚â–‚â–â–‚â–ƒâ–ƒâ–‚â–â–â–â–‚
wandb:       BP_Baseline/Train_Loss_Epoch â–ˆâ–…â–„â–„â–ƒâ–ƒâ–ƒâ–‚â–‚â–‚â–‚â–â–â–â–
wandb:          BP_Baseline/Val_Acc_Epoch â–â–ƒâ–„â–†â–†â–†â–‡â–†â–†â–„â–†â–‡â–‡â–ˆâ–‡
wandb:         BP_Baseline/Val_Loss_Epoch â–„â–ƒâ–‚â–â–‚â–â–‚â–‚â–ƒâ–„â–„â–„â–„â–„â–ˆ
wandb:         estimated_bp_update_gflops â–
wandb:               estimated_fwd_gflops â–
wandb:                final/Test_Accuracy â–
wandb:                    final/Test_Loss â–
wandb:   final/codecarbon_emissions_gCO2e â–
wandb:   final/estimated_bp_update_gflops â–
wandb:         final/estimated_fwd_gflops â–
wandb:        final/peak_gpu_mem_used_mib â–
wandb:      final/total_gpu_energy_joules â–
wandb:          final/total_gpu_energy_wh â–
wandb:       final/total_run_duration_sec â–
wandb:        final/training_duration_sec â–
wandb:                        global_step â–â–â–â–â–‚â–‚â–‚â–‚â–‚â–‚â–ƒâ–ƒâ–ƒâ–ƒâ–ƒâ–ƒâ–ƒâ–„â–„â–„â–„â–…â–…â–…â–…â–†â–†â–†â–†â–†â–†â–†â–‡â–‡â–‡â–‡â–ˆâ–ˆâ–ˆâ–ˆ
wandb:           initial_gpu_mem_used_mib â–
wandb:             model_parameters_total â–
wandb:         model_parameters_trainable â–
wandb: 
wandb: Run summary:
wandb:                  BP_Baseline/Epoch 15
wandb:     BP_Baseline/Epoch_Duration_Sec 2.51629
wandb: BP_Baseline/GPU_Mem_Used_MiB_Batch 1168
wandb:          BP_Baseline/Learning_Rate 0.0002
wandb: BP_Baseline/Peak_GPU_Mem_Epoch_MiB 1168
wandb:        BP_Baseline/Train_Acc_Batch 96.09375
wandb:        BP_Baseline/Train_Acc_Epoch 95.79869
wandb:       BP_Baseline/Train_Loss_Batch 0.12145
wandb:       BP_Baseline/Train_Loss_Epoch 0.1101
wandb:          BP_Baseline/Val_Acc_Epoch 89.55
wandb:         BP_Baseline/Val_Loss_Epoch 0.43978
wandb:             codecarbon_country_iso POL
wandb:                 codecarbon_enabled True
wandb:                    codecarbon_mode offline
wandb:         estimated_bp_update_gflops 0.08153
wandb:               estimated_fwd_gflops 0.02718
wandb:                final/Test_Accuracy 88.22
wandb:                    final/Test_Loss 0.32779
wandb:   final/codecarbon_emissions_gCO2e 1.66483
wandb:   final/estimated_bp_update_gflops 0.08153
wandb:         final/estimated_fwd_gflops 0.02718
wandb:        final/peak_gpu_mem_used_mib 1168
wandb:      final/total_gpu_energy_joules 5356.85588
wandb:          final/total_gpu_energy_wh 1.48802
wandb:       final/total_run_duration_sec 45.90884
wandb:        final/training_duration_sec 42.2517
wandb:           initial_gpu_mem_used_mib 336.625
wandb:             model_parameters_total 13596010
wandb:         model_parameters_trainable 13596010
wandb: 
wandb: ðŸš€ View run bp_fashion_mnist_mlp_4x2000 at: https://wandb.ai/przspyra11/BeyondBackpropagation/runs/t8x2e590
wandb: â­ï¸ View project at: https://wandb.ai/przspyra11/BeyondBackpropagation
wandb: Synced 5 W&B file(s), 0 media file(s), 0 artifact file(s) and 0 other file(s)
wandb: Find logs at: ./wandb/run-20250504_213436-t8x2e590/logs
