 binutils/2.38 loaded.
 bzip2/1.0.8 loaded.
 zlib/1.2.12 loaded.
 ncurses/6.3 loaded.
 libreadline/8.1.2 loaded.
 Tcl/8.6.12 loaded.
 SQLite/3.38.3 loaded.
 XZ/5.2.5 loaded.
 GMP/6.2.1 loaded.
 libffi/3.4.2 loaded.
 OpenSSL/1.1 loaded.
 Python/3.10.4 loaded.
 CUDA/12.4.0 loaded.

Currently Loaded Modules:
  1) binutils/2.38   5) libreadline/8.1.2   9) GMP/6.2.1      13) CUDA/12.4.0
  2) bzip2/1.0.8     6) Tcl/8.6.12         10) libffi/3.4.2
  3) zlib/1.2.12     7) SQLite/3.38.3      11) OpenSSL/1.1
  4) ncurses/6.3     8) XZ/5.2.5           12) Python/3.10.4

 

2025-05-08 02:26:28,977 - src.utils.config_parser - INFO - Successfully merged configuration from configs/bp_baselines/fashion_mnist_mlp_4x2000_bp.yaml and configs/base.yaml
wandb: Using wandb-core as the SDK backend.  Please refer to https://wandb.me/wandb-core for more information.
wandb: Currently logged in as: przspyra11 (agh_racing) to https://api.wandb.ai. Use `wandb login --relogin` to force relogin
wandb: Tracking run with wandb version 0.19.8
wandb: Run data is saved locally in /net/tscratch/people/plgspyra/BeyondBackpropagation/wandb/run-20250508_022629-88bb5un3
wandb: Run `wandb offline` to turn off syncing.
wandb: Syncing run bp_fashion_mnist_mlp_4x2000
wandb: â­ï¸ View project at https://wandb.ai/przspyra11/BeyondBackpropagation
wandb: ðŸš€ View run at https://wandb.ai/przspyra11/BeyondBackpropagation/runs/88bb5un3
[codecarbon INFO @ 02:26:30] offline tracker init
[codecarbon INFO @ 02:26:30] [setup] RAM Tracking...
[codecarbon INFO @ 02:26:30] [setup] CPU Tracking...
 Linux OS detected: Please ensure RAPL files exist at /sys/class/powercap/intel-rapl/subsystem to measure CPU

[codecarbon INFO @ 02:26:30] CPU Model on constant consumption mode: AMD EPYC 7742 64-Core Processor
[codecarbon INFO @ 02:26:30] [setup] GPU Tracking...
[codecarbon INFO @ 02:26:30] Tracking Nvidia GPU via pynvml
[codecarbon INFO @ 02:26:30] The below tracking methods have been set up:
                RAM Tracking Method: RAM power estimation model
                CPU Tracking Method: cpu_load
                GPU Tracking Method: pynvml
            
[codecarbon INFO @ 02:26:30] >>> Tracker's metadata:
[codecarbon INFO @ 02:26:30]   Platform system: Linux-5.14.0-503.26.1.el9_5.x86_64-x86_64-with-glibc2.34
[codecarbon INFO @ 02:26:30]   Python version: 3.10.4
[codecarbon INFO @ 02:26:30]   CodeCarbon version: 3.0.1
[codecarbon INFO @ 02:26:30]   Available RAM : 125.000 GB
[codecarbon INFO @ 02:26:30]   CPU count: 16 thread(s) in 2 physical CPU(s)
[codecarbon INFO @ 02:26:30]   CPU model: AMD EPYC 7742 64-Core Processor
[codecarbon INFO @ 02:26:30]   GPU count: 1
[codecarbon INFO @ 02:26:30]   GPU model: 1 x NVIDIA A100-SXM4-40GB BUT only tracking these GPU ids : [0]
[codecarbon INFO @ 02:26:30] Emissions data (if any) will be saved to file /net/tscratch/people/plgspyra/BeyondBackpropagation/results/carbon/bp_fashion_mnist_mlp_4x2000_carbon.csv

BP Epoch 1/100:   0%|          | 0/421 [00:00<?, ?it/s]
BP Epoch 1/100:   0%|          | 1/421 [00:00<00:46,  8.95it/s]
BP Epoch 1/100:   6%|â–Œ         | 26/421 [00:00<00:02, 142.85it/s]
BP Epoch 1/100:  11%|â–ˆ         | 47/421 [00:00<00:02, 170.61it/s]
BP Epoch 1/100:  16%|â–ˆâ–‹        | 69/421 [00:00<00:01, 188.05it/s]
BP Epoch 1/100:  22%|â–ˆâ–ˆâ–       | 91/421 [00:00<00:01, 192.27it/s]
BP Epoch 1/100:  22%|â–ˆâ–ˆâ–       | 91/421 [00:00<00:01, 192.27it/s, acc=78.12%, loss=0.4980]
BP Epoch 1/100:  27%|â–ˆâ–ˆâ–‹       | 112/421 [00:00<00:01, 197.78it/s, acc=78.12%, loss=0.4980]
BP Epoch 1/100:  32%|â–ˆâ–ˆâ–ˆâ–      | 134/421 [00:00<00:01, 203.01it/s, acc=78.12%, loss=0.4980]
BP Epoch 1/100:  37%|â–ˆâ–ˆâ–ˆâ–‹      | 155/421 [00:00<00:01, 199.66it/s, acc=78.12%, loss=0.4980]
BP Epoch 1/100:  42%|â–ˆâ–ˆâ–ˆâ–ˆâ–     | 177/421 [00:00<00:01, 204.25it/s, acc=78.12%, loss=0.4980]
BP Epoch 1/100:  47%|â–ˆâ–ˆâ–ˆâ–ˆâ–‹     | 199/421 [00:01<00:01, 202.90it/s, acc=78.12%, loss=0.4980]
BP Epoch 1/100:  47%|â–ˆâ–ˆâ–ˆâ–ˆâ–‹     | 199/421 [00:01<00:01, 202.90it/s, acc=88.28%, loss=0.4235]
BP Epoch 1/100:  52%|â–ˆâ–ˆâ–ˆâ–ˆâ–ˆâ–    | 221/421 [00:01<00:00, 206.36it/s, acc=88.28%, loss=0.4235]
BP Epoch 1/100:  57%|â–ˆâ–ˆâ–ˆâ–ˆâ–ˆâ–‹    | 242/421 [00:01<00:00, 207.29it/s, acc=88.28%, loss=0.4235]
BP Epoch 1/100:  62%|â–ˆâ–ˆâ–ˆâ–ˆâ–ˆâ–ˆâ–   | 263/421 [00:01<00:00, 202.47it/s, acc=88.28%, loss=0.4235]
BP Epoch 1/100:  68%|â–ˆâ–ˆâ–ˆâ–ˆâ–ˆâ–ˆâ–Š   | 285/421 [00:01<00:00, 205.93it/s, acc=88.28%, loss=0.4235]
BP Epoch 1/100:  68%|â–ˆâ–ˆâ–ˆâ–ˆâ–ˆâ–ˆâ–Š   | 285/421 [00:01<00:00, 205.93it/s, acc=85.16%, loss=0.4090]
BP Epoch 1/100:  73%|â–ˆâ–ˆâ–ˆâ–ˆâ–ˆâ–ˆâ–ˆâ–Ž  | 307/421 [00:01<00:00, 203.46it/s, acc=85.16%, loss=0.4090]
BP Epoch 1/100:  78%|â–ˆâ–ˆâ–ˆâ–ˆâ–ˆâ–ˆâ–ˆâ–Š  | 329/421 [00:01<00:00, 207.64it/s, acc=85.16%, loss=0.4090]
BP Epoch 1/100:  83%|â–ˆâ–ˆâ–ˆâ–ˆâ–ˆâ–ˆâ–ˆâ–ˆâ–Ž | 351/421 [00:01<00:00, 205.39it/s, acc=85.16%, loss=0.4090]
BP Epoch 1/100:  89%|â–ˆâ–ˆâ–ˆâ–ˆâ–ˆâ–ˆâ–ˆâ–ˆâ–Š | 373/421 [00:01<00:00, 208.95it/s, acc=85.16%, loss=0.4090]
BP Epoch 1/100:  94%|â–ˆâ–ˆâ–ˆâ–ˆâ–ˆâ–ˆâ–ˆâ–ˆâ–ˆâ–| 395/421 [00:01<00:00, 206.94it/s, acc=85.16%, loss=0.4090]
BP Epoch 1/100:  94%|â–ˆâ–ˆâ–ˆâ–ˆâ–ˆâ–ˆâ–ˆâ–ˆâ–ˆâ–| 395/421 [00:02<00:00, 206.94it/s, acc=89.06%, loss=0.3321]
BP Epoch 1/100:  99%|â–ˆâ–ˆâ–ˆâ–ˆâ–ˆâ–ˆâ–ˆâ–ˆâ–ˆâ–‰| 416/421 [00:02<00:00, 203.08it/s, acc=89.06%, loss=0.3321]
BP Epoch 1/100:  99%|â–ˆâ–ˆâ–ˆâ–ˆâ–ˆâ–ˆâ–ˆâ–ˆâ–ˆâ–‰| 416/421 [00:02<00:00, 203.08it/s, acc=84.38%, loss=0.3974]
                                                                                           

Evaluating BP Model:   0%|          | 0/24 [00:00<?, ?it/s]
Evaluating BP Model:   4%|â–         | 1/24 [00:00<00:02,  9.16it/s]
Evaluating BP Model:  54%|â–ˆâ–ˆâ–ˆâ–ˆâ–ˆâ–    | 13/24 [00:00<00:00, 67.94it/s]
                                                                    

BP Epoch 2/100:   0%|          | 0/421 [00:00<?, ?it/s]
BP Epoch 2/100:   4%|â–         | 16/421 [00:00<00:02, 155.97it/s]
BP Epoch 2/100:   9%|â–‰         | 37/421 [00:00<00:02, 180.67it/s]
BP Epoch 2/100:  14%|â–ˆâ–        | 59/421 [00:00<00:01, 196.34it/s]
BP Epoch 2/100:  19%|â–ˆâ–‰        | 81/421 [00:00<00:01, 198.84it/s]
BP Epoch 2/100:  19%|â–ˆâ–‰        | 81/421 [00:00<00:01, 198.84it/s, acc=85.16%, loss=0.3219]
BP Epoch 2/100:  24%|â–ˆâ–ˆâ–       | 103/421 [00:00<00:01, 203.20it/s, acc=85.16%, loss=0.3219]
BP Epoch 2/100:  29%|â–ˆâ–ˆâ–‰       | 124/421 [00:00<00:01, 205.42it/s, acc=85.16%, loss=0.3219]
BP Epoch 2/100:  34%|â–ˆâ–ˆâ–ˆâ–      | 145/421 [00:00<00:01, 203.86it/s, acc=85.16%, loss=0.3219]
BP Epoch 2/100:  40%|â–ˆâ–ˆâ–ˆâ–‰      | 167/421 [00:00<00:01, 204.31it/s, acc=85.16%, loss=0.3219]
BP Epoch 2/100:  45%|â–ˆâ–ˆâ–ˆâ–ˆâ–     | 188/421 [00:00<00:01, 205.51it/s, acc=85.16%, loss=0.3219]
BP Epoch 2/100:  45%|â–ˆâ–ˆâ–ˆâ–ˆâ–     | 188/421 [00:00<00:01, 205.51it/s, acc=83.59%, loss=0.4497]
BP Epoch 2/100:  50%|â–ˆâ–ˆâ–ˆâ–ˆâ–‰     | 209/421 [00:01<00:01, 205.94it/s, acc=83.59%, loss=0.4497]
BP Epoch 2/100:  55%|â–ˆâ–ˆâ–ˆâ–ˆâ–ˆâ–    | 230/421 [00:01<00:00, 206.83it/s, acc=83.59%, loss=0.4497]
BP Epoch 2/100:  60%|â–ˆâ–ˆâ–ˆâ–ˆâ–ˆâ–‰    | 251/421 [00:01<00:00, 202.42it/s, acc=83.59%, loss=0.4497]
BP Epoch 2/100:  65%|â–ˆâ–ˆâ–ˆâ–ˆâ–ˆâ–ˆâ–   | 273/421 [00:01<00:00, 206.15it/s, acc=83.59%, loss=0.4497]
BP Epoch 2/100:  70%|â–ˆâ–ˆâ–ˆâ–ˆâ–ˆâ–ˆâ–‰   | 294/421 [00:01<00:00, 207.13it/s, acc=83.59%, loss=0.4497]
BP Epoch 2/100:  70%|â–ˆâ–ˆâ–ˆâ–ˆâ–ˆâ–ˆâ–‰   | 294/421 [00:01<00:00, 207.13it/s, acc=84.38%, loss=0.5130]
BP Epoch 2/100:  75%|â–ˆâ–ˆâ–ˆâ–ˆâ–ˆâ–ˆâ–ˆâ–  | 315/421 [00:01<00:00, 202.33it/s, acc=84.38%, loss=0.5130]
BP Epoch 2/100:  80%|â–ˆâ–ˆâ–ˆâ–ˆâ–ˆâ–ˆâ–ˆâ–‰  | 336/421 [00:01<00:00, 204.45it/s, acc=84.38%, loss=0.5130]
BP Epoch 2/100:  85%|â–ˆâ–ˆâ–ˆâ–ˆâ–ˆâ–ˆâ–ˆâ–ˆâ– | 357/421 [00:01<00:00, 205.41it/s, acc=84.38%, loss=0.5130]
BP Epoch 2/100:  90%|â–ˆâ–ˆâ–ˆâ–ˆâ–ˆâ–ˆâ–ˆâ–ˆâ–‰ | 378/421 [00:01<00:00, 205.98it/s, acc=84.38%, loss=0.5130]
BP Epoch 2/100:  95%|â–ˆâ–ˆâ–ˆâ–ˆâ–ˆâ–ˆâ–ˆâ–ˆâ–ˆâ–| 399/421 [00:01<00:00, 202.02it/s, acc=84.38%, loss=0.5130]
BP Epoch 2/100:  95%|â–ˆâ–ˆâ–ˆâ–ˆâ–ˆâ–ˆâ–ˆâ–ˆâ–ˆâ–| 399/421 [00:01<00:00, 202.02it/s, acc=85.94%, loss=0.3630]
BP Epoch 2/100: 100%|â–ˆâ–ˆâ–ˆâ–ˆâ–ˆâ–ˆâ–ˆâ–ˆâ–ˆâ–‰| 420/421 [00:02<00:00, 204.27it/s, acc=85.94%, loss=0.3630]
BP Epoch 2/100: 100%|â–ˆâ–ˆâ–ˆâ–ˆâ–ˆâ–ˆâ–ˆâ–ˆâ–ˆâ–‰| 420/421 [00:02<00:00, 204.27it/s, acc=85.16%, loss=0.3638]
                                                                                           

Evaluating BP Model:   0%|          | 0/24 [00:00<?, ?it/s]
Evaluating BP Model:  38%|â–ˆâ–ˆâ–ˆâ–Š      | 9/24 [00:00<00:00, 76.68it/s]
Evaluating BP Model:  88%|â–ˆâ–ˆâ–ˆâ–ˆâ–ˆâ–ˆâ–ˆâ–ˆâ–Š | 21/24 [00:00<00:00, 93.68it/s]
                                                                    

BP Epoch 3/100:   0%|          | 0/421 [00:00<?, ?it/s]
BP Epoch 3/100:   4%|â–         | 16/421 [00:00<00:02, 157.23it/s]
BP Epoch 3/100:   9%|â–‰         | 37/421 [00:00<00:02, 179.78it/s]
BP Epoch 3/100:  14%|â–ˆâ–        | 58/421 [00:00<00:01, 192.62it/s]
BP Epoch 3/100:  19%|â–ˆâ–‰        | 80/421 [00:00<00:01, 201.38it/s]
BP Epoch 3/100:  19%|â–ˆâ–‰        | 80/421 [00:00<00:01, 201.38it/s, acc=92.97%, loss=0.2033]
BP Epoch 3/100:  24%|â–ˆâ–ˆâ–       | 101/421 [00:00<00:01, 199.21it/s, acc=92.97%, loss=0.2033]
BP Epoch 3/100:  29%|â–ˆâ–ˆâ–‰       | 122/421 [00:00<00:01, 201.40it/s, acc=92.97%, loss=0.2033]
BP Epoch 3/100:  34%|â–ˆâ–ˆâ–ˆâ–      | 144/421 [00:00<00:01, 205.79it/s, acc=92.97%, loss=0.2033]
BP Epoch 3/100:  39%|â–ˆâ–ˆâ–ˆâ–‰      | 165/421 [00:00<00:01, 204.02it/s, acc=92.97%, loss=0.2033]
BP Epoch 3/100:  44%|â–ˆâ–ˆâ–ˆâ–ˆâ–     | 186/421 [00:00<00:01, 202.94it/s, acc=92.97%, loss=0.2033]
BP Epoch 3/100:  44%|â–ˆâ–ˆâ–ˆâ–ˆâ–     | 186/421 [00:00<00:01, 202.94it/s, acc=87.50%, loss=0.3030]
BP Epoch 3/100:  49%|â–ˆâ–ˆâ–ˆâ–ˆâ–‰     | 208/421 [00:01<00:01, 206.44it/s, acc=87.50%, loss=0.3030]
BP Epoch 3/100:  54%|â–ˆâ–ˆâ–ˆâ–ˆâ–ˆâ–    | 229/421 [00:01<00:00, 207.15it/s, acc=87.50%, loss=0.3030]
BP Epoch 3/100:  59%|â–ˆâ–ˆâ–ˆâ–ˆâ–ˆâ–‰    | 250/421 [00:01<00:00, 203.96it/s, acc=87.50%, loss=0.3030]
BP Epoch 3/100:  65%|â–ˆâ–ˆâ–ˆâ–ˆâ–ˆâ–ˆâ–   | 272/421 [00:01<00:00, 207.32it/s, acc=87.50%, loss=0.3030]
BP Epoch 3/100:  70%|â–ˆâ–ˆâ–ˆâ–ˆâ–ˆâ–ˆâ–‰   | 294/421 [00:01<00:00, 204.20it/s, acc=87.50%, loss=0.3030]
BP Epoch 3/100:  70%|â–ˆâ–ˆâ–ˆâ–ˆâ–ˆâ–ˆâ–‰   | 294/421 [00:01<00:00, 204.20it/s, acc=92.19%, loss=0.2622]
BP Epoch 3/100:  75%|â–ˆâ–ˆâ–ˆâ–ˆâ–ˆâ–ˆâ–ˆâ–Œ  | 316/421 [00:01<00:00, 207.00it/s, acc=92.19%, loss=0.2622]
BP Epoch 3/100:  80%|â–ˆâ–ˆâ–ˆâ–ˆâ–ˆâ–ˆâ–ˆâ–ˆ  | 338/421 [00:01<00:00, 204.28it/s, acc=92.19%, loss=0.2622]
BP Epoch 3/100:  86%|â–ˆâ–ˆâ–ˆâ–ˆâ–ˆâ–ˆâ–ˆâ–ˆâ–Œ | 360/421 [00:01<00:00, 207.16it/s, acc=92.19%, loss=0.2622]
BP Epoch 3/100:  90%|â–ˆâ–ˆâ–ˆâ–ˆâ–ˆâ–ˆâ–ˆâ–ˆâ–ˆ | 381/421 [00:01<00:00, 207.97it/s, acc=92.19%, loss=0.2622]
BP Epoch 3/100:  90%|â–ˆâ–ˆâ–ˆâ–ˆâ–ˆâ–ˆâ–ˆâ–ˆâ–ˆ | 381/421 [00:01<00:00, 207.97it/s, acc=84.38%, loss=0.3451]
BP Epoch 3/100:  95%|â–ˆâ–ˆâ–ˆâ–ˆâ–ˆâ–ˆâ–ˆâ–ˆâ–ˆâ–Œ| 402/421 [00:01<00:00, 203.62it/s, acc=84.38%, loss=0.3451]
BP Epoch 3/100:  95%|â–ˆâ–ˆâ–ˆâ–ˆâ–ˆâ–ˆâ–ˆâ–ˆâ–ˆâ–Œ| 402/421 [00:02<00:00, 203.62it/s, acc=89.06%, loss=0.2898]
                                                                                           

Evaluating BP Model:   0%|          | 0/24 [00:00<?, ?it/s]
Evaluating BP Model:  38%|â–ˆâ–ˆâ–ˆâ–Š      | 9/24 [00:00<00:00, 75.34it/s]
Evaluating BP Model:  88%|â–ˆâ–ˆâ–ˆâ–ˆâ–ˆâ–ˆâ–ˆâ–ˆâ–Š | 21/24 [00:00<00:00, 94.96it/s]
                                                                    

BP Epoch 4/100:   0%|          | 0/421 [00:00<?, ?it/s]
BP Epoch 4/100:   4%|â–         | 16/421 [00:00<00:02, 157.07it/s]
BP Epoch 4/100:   9%|â–‰         | 37/421 [00:00<00:02, 181.72it/s]
BP Epoch 4/100:  14%|â–ˆâ–        | 58/421 [00:00<00:01, 193.86it/s]
BP Epoch 4/100:  19%|â–ˆâ–‰        | 80/421 [00:00<00:01, 202.23it/s]
BP Epoch 4/100:  19%|â–ˆâ–‰        | 80/421 [00:00<00:01, 202.23it/s, acc=92.19%, loss=0.2975]
BP Epoch 4/100:  24%|â–ˆâ–ˆâ–       | 101/421 [00:00<00:01, 199.17it/s, acc=92.19%, loss=0.2975]
BP Epoch 4/100:  29%|â–ˆâ–ˆâ–‰       | 122/421 [00:00<00:01, 202.23it/s, acc=92.19%, loss=0.2975]
BP Epoch 4/100:  34%|â–ˆâ–ˆâ–ˆâ–      | 144/421 [00:00<00:01, 206.22it/s, acc=92.19%, loss=0.2975]
BP Epoch 4/100:  39%|â–ˆâ–ˆâ–ˆâ–‰      | 165/421 [00:00<00:01, 202.40it/s, acc=92.19%, loss=0.2975]
BP Epoch 4/100:  44%|â–ˆâ–ˆâ–ˆâ–ˆâ–     | 186/421 [00:00<00:01, 204.54it/s, acc=92.19%, loss=0.2975]
BP Epoch 4/100:  44%|â–ˆâ–ˆâ–ˆâ–ˆâ–     | 186/421 [00:00<00:01, 204.54it/s, acc=89.06%, loss=0.2345]
BP Epoch 4/100:  49%|â–ˆâ–ˆâ–ˆâ–ˆâ–‰     | 208/421 [00:01<00:01, 207.82it/s, acc=89.06%, loss=0.2345]
BP Epoch 4/100:  54%|â–ˆâ–ˆâ–ˆâ–ˆâ–ˆâ–    | 229/421 [00:01<00:00, 204.20it/s, acc=89.06%, loss=0.2345]
BP Epoch 4/100:  59%|â–ˆâ–ˆâ–ˆâ–ˆâ–ˆâ–‰    | 250/421 [00:01<00:00, 204.83it/s, acc=89.06%, loss=0.2345]
BP Epoch 4/100:  64%|â–ˆâ–ˆâ–ˆâ–ˆâ–ˆâ–ˆâ–   | 271/421 [00:01<00:00, 206.31it/s, acc=89.06%, loss=0.2345]
BP Epoch 4/100:  70%|â–ˆâ–ˆâ–ˆâ–ˆâ–ˆâ–ˆâ–‰   | 293/421 [00:01<00:00, 205.48it/s, acc=89.06%, loss=0.2345]
BP Epoch 4/100:  70%|â–ˆâ–ˆâ–ˆâ–ˆâ–ˆâ–ˆâ–‰   | 293/421 [00:01<00:00, 205.48it/s, acc=88.28%, loss=0.2876]
BP Epoch 4/100:  75%|â–ˆâ–ˆâ–ˆâ–ˆâ–ˆâ–ˆâ–ˆâ–  | 314/421 [00:01<00:00, 204.96it/s, acc=88.28%, loss=0.2876]
BP Epoch 4/100:  80%|â–ˆâ–ˆâ–ˆâ–ˆâ–ˆâ–ˆâ–ˆâ–‰  | 336/421 [00:01<00:00, 208.25it/s, acc=88.28%, loss=0.2876]
BP Epoch 4/100:  85%|â–ˆâ–ˆâ–ˆâ–ˆâ–ˆâ–ˆâ–ˆâ–ˆâ– | 357/421 [00:01<00:00, 205.61it/s, acc=88.28%, loss=0.2876]
BP Epoch 4/100:  90%|â–ˆâ–ˆâ–ˆâ–ˆâ–ˆâ–ˆâ–ˆâ–ˆâ–‰ | 378/421 [00:01<00:00, 204.84it/s, acc=88.28%, loss=0.2876]
BP Epoch 4/100:  90%|â–ˆâ–ˆâ–ˆâ–ˆâ–ˆâ–ˆâ–ˆâ–ˆâ–‰ | 378/421 [00:01<00:00, 204.84it/s, acc=89.06%, loss=0.2516]
BP Epoch 4/100:  95%|â–ˆâ–ˆâ–ˆâ–ˆâ–ˆâ–ˆâ–ˆâ–ˆâ–ˆâ–Œ| 400/421 [00:01<00:00, 206.05it/s, acc=89.06%, loss=0.2516]
BP Epoch 4/100:  95%|â–ˆâ–ˆâ–ˆâ–ˆâ–ˆâ–ˆâ–ˆâ–ˆâ–ˆâ–Œ| 400/421 [00:02<00:00, 206.05it/s, acc=89.84%, loss=0.3122]
BP Epoch 4/100: 100%|â–ˆâ–ˆâ–ˆâ–ˆâ–ˆâ–ˆâ–ˆâ–ˆâ–ˆâ–ˆ| 421/421 [00:02<00:00, 202.86it/s, acc=89.84%, loss=0.3122]
                                                                                           

Evaluating BP Model:   0%|          | 0/24 [00:00<?, ?it/s]
Evaluating BP Model:  38%|â–ˆâ–ˆâ–ˆâ–Š      | 9/24 [00:00<00:00, 77.53it/s]
Evaluating BP Model:  88%|â–ˆâ–ˆâ–ˆâ–ˆâ–ˆâ–ˆâ–ˆâ–ˆâ–Š | 21/24 [00:00<00:00, 94.54it/s]
                                                                    

BP Epoch 5/100:   0%|          | 0/421 [00:00<?, ?it/s]
BP Epoch 5/100:   4%|â–         | 16/421 [00:00<00:02, 157.54it/s]
BP Epoch 5/100:   9%|â–‰         | 37/421 [00:00<00:02, 180.79it/s]
BP Epoch 5/100:  14%|â–ˆâ–        | 59/421 [00:00<00:01, 197.20it/s]
BP Epoch 5/100:  19%|â–ˆâ–‰        | 81/421 [00:00<00:01, 198.09it/s]
BP Epoch 5/100:  19%|â–ˆâ–‰        | 81/421 [00:00<00:01, 198.09it/s, acc=89.06%, loss=0.2821]
BP Epoch 5/100:  24%|â–ˆâ–ˆâ–       | 102/421 [00:00<00:01, 202.04it/s, acc=89.06%, loss=0.2821]
BP Epoch 5/100:  29%|â–ˆâ–ˆâ–‰       | 124/421 [00:00<00:01, 206.47it/s, acc=89.06%, loss=0.2821]
BP Epoch 5/100:  34%|â–ˆâ–ˆâ–ˆâ–      | 145/421 [00:00<00:01, 202.12it/s, acc=89.06%, loss=0.2821]
BP Epoch 5/100:  40%|â–ˆâ–ˆâ–ˆâ–‰      | 167/421 [00:00<00:01, 206.35it/s, acc=89.06%, loss=0.2821]
BP Epoch 5/100:  45%|â–ˆâ–ˆâ–ˆâ–ˆâ–     | 189/421 [00:00<00:01, 203.66it/s, acc=89.06%, loss=0.2821]
BP Epoch 5/100:  45%|â–ˆâ–ˆâ–ˆâ–ˆâ–     | 189/421 [00:00<00:01, 203.66it/s, acc=94.53%, loss=0.1428]
BP Epoch 5/100:  50%|â–ˆâ–ˆâ–ˆâ–ˆâ–ˆ     | 211/421 [00:01<00:01, 207.17it/s, acc=94.53%, loss=0.1428]
BP Epoch 5/100:  55%|â–ˆâ–ˆâ–ˆâ–ˆâ–ˆâ–Œ    | 233/421 [00:01<00:00, 204.07it/s, acc=94.53%, loss=0.1428]
BP Epoch 5/100:  61%|â–ˆâ–ˆâ–ˆâ–ˆâ–ˆâ–ˆ    | 255/421 [00:01<00:00, 207.38it/s, acc=94.53%, loss=0.1428]
BP Epoch 5/100:  66%|â–ˆâ–ˆâ–ˆâ–ˆâ–ˆâ–ˆâ–Œ   | 277/421 [00:01<00:00, 204.45it/s, acc=94.53%, loss=0.1428]
BP Epoch 5/100:  71%|â–ˆâ–ˆâ–ˆâ–ˆâ–ˆâ–ˆâ–ˆ   | 299/421 [00:01<00:00, 207.42it/s, acc=94.53%, loss=0.1428]
BP Epoch 5/100:  71%|â–ˆâ–ˆâ–ˆâ–ˆâ–ˆâ–ˆâ–ˆ   | 299/421 [00:01<00:00, 207.42it/s, acc=88.28%, loss=0.3051]
BP Epoch 5/100:  76%|â–ˆâ–ˆâ–ˆâ–ˆâ–ˆâ–ˆâ–ˆâ–Œ  | 320/421 [00:01<00:00, 208.16it/s, acc=88.28%, loss=0.3051]
BP Epoch 5/100:  81%|â–ˆâ–ˆâ–ˆâ–ˆâ–ˆâ–ˆâ–ˆâ–ˆ  | 341/421 [00:01<00:00, 203.78it/s, acc=88.28%, loss=0.3051]
BP Epoch 5/100:  86%|â–ˆâ–ˆâ–ˆâ–ˆâ–ˆâ–ˆâ–ˆâ–ˆâ–Œ | 363/421 [00:01<00:00, 206.99it/s, acc=88.28%, loss=0.3051]
BP Epoch 5/100:  91%|â–ˆâ–ˆâ–ˆâ–ˆâ–ˆâ–ˆâ–ˆâ–ˆâ–ˆâ–| 385/421 [00:01<00:00, 204.19it/s, acc=88.28%, loss=0.3051]
BP Epoch 5/100:  91%|â–ˆâ–ˆâ–ˆâ–ˆâ–ˆâ–ˆâ–ˆâ–ˆâ–ˆâ–| 385/421 [00:01<00:00, 204.19it/s, acc=94.53%, loss=0.1852]
BP Epoch 5/100:  97%|â–ˆâ–ˆâ–ˆâ–ˆâ–ˆâ–ˆâ–ˆâ–ˆâ–ˆâ–‹| 407/421 [00:01<00:00, 207.98it/s, acc=94.53%, loss=0.1852]
BP Epoch 5/100:  97%|â–ˆâ–ˆâ–ˆâ–ˆâ–ˆâ–ˆâ–ˆâ–ˆâ–ˆâ–‹| 407/421 [00:02<00:00, 207.98it/s, acc=92.97%, loss=0.1711]
                                                                                           

Evaluating BP Model:   0%|          | 0/24 [00:00<?, ?it/s]
Evaluating BP Model:  38%|â–ˆâ–ˆâ–ˆâ–Š      | 9/24 [00:00<00:00, 77.63it/s]
Evaluating BP Model:  88%|â–ˆâ–ˆâ–ˆâ–ˆâ–ˆâ–ˆâ–ˆâ–ˆâ–Š | 21/24 [00:00<00:00, 95.25it/s]
                                                                    

BP Epoch 6/100:   0%|          | 0/421 [00:00<?, ?it/s]
BP Epoch 6/100:   4%|â–         | 17/421 [00:00<00:02, 155.08it/s]
BP Epoch 6/100:   9%|â–‰         | 39/421 [00:00<00:02, 189.40it/s]
BP Epoch 6/100:  14%|â–ˆâ–        | 61/421 [00:00<00:01, 194.24it/s]
BP Epoch 6/100:  20%|â–ˆâ–‰        | 83/421 [00:00<00:01, 202.51it/s]
BP Epoch 6/100:  20%|â–ˆâ–‰        | 83/421 [00:00<00:01, 202.51it/s, acc=92.19%, loss=0.2403]
BP Epoch 6/100:  25%|â–ˆâ–ˆâ–       | 105/421 [00:00<00:01, 201.22it/s, acc=92.19%, loss=0.2403]
BP Epoch 6/100:  30%|â–ˆâ–ˆâ–ˆ       | 127/421 [00:00<00:01, 205.68it/s, acc=92.19%, loss=0.2403]
BP Epoch 6/100:  35%|â–ˆâ–ˆâ–ˆâ–Œ      | 149/421 [00:00<00:01, 202.85it/s, acc=92.19%, loss=0.2403]
BP Epoch 6/100:  41%|â–ˆâ–ˆâ–ˆâ–ˆ      | 171/421 [00:00<00:01, 207.11it/s, acc=92.19%, loss=0.2403]
BP Epoch 6/100:  46%|â–ˆâ–ˆâ–ˆâ–ˆâ–Œ     | 193/421 [00:00<00:01, 204.88it/s, acc=92.19%, loss=0.2403]
BP Epoch 6/100:  46%|â–ˆâ–ˆâ–ˆâ–ˆâ–Œ     | 193/421 [00:00<00:01, 204.88it/s, acc=93.75%, loss=0.1610]
BP Epoch 6/100:  51%|â–ˆâ–ˆâ–ˆâ–ˆâ–ˆ     | 215/421 [00:01<00:00, 207.97it/s, acc=93.75%, loss=0.1610]
BP Epoch 6/100:  56%|â–ˆâ–ˆâ–ˆâ–ˆâ–ˆâ–‹    | 237/421 [00:01<00:00, 205.17it/s, acc=93.75%, loss=0.1610]
BP Epoch 6/100:  62%|â–ˆâ–ˆâ–ˆâ–ˆâ–ˆâ–ˆâ–   | 259/421 [00:01<00:00, 207.99it/s, acc=93.75%, loss=0.1610]
BP Epoch 6/100:  67%|â–ˆâ–ˆâ–ˆâ–ˆâ–ˆâ–ˆâ–‹   | 281/421 [00:01<00:00, 205.55it/s, acc=93.75%, loss=0.1610]
BP Epoch 6/100:  67%|â–ˆâ–ˆâ–ˆâ–ˆâ–ˆâ–ˆâ–‹   | 281/421 [00:01<00:00, 205.55it/s, acc=89.84%, loss=0.2573]
BP Epoch 6/100:  72%|â–ˆâ–ˆâ–ˆâ–ˆâ–ˆâ–ˆâ–ˆâ–  | 303/421 [00:01<00:00, 208.41it/s, acc=89.84%, loss=0.2573]
BP Epoch 6/100:  77%|â–ˆâ–ˆâ–ˆâ–ˆâ–ˆâ–ˆâ–ˆâ–‹  | 325/421 [00:01<00:00, 205.96it/s, acc=89.84%, loss=0.2573][codecarbon INFO @ 02:26:45] Energy consumed for RAM : 0.000164 kWh. RAM Power : 38.0 W

BP Epoch 6/100:  82%|â–ˆâ–ˆâ–ˆâ–ˆâ–ˆâ–ˆâ–ˆâ–ˆâ– | 346/421 [00:01<00:00, 206.98it/s, acc=89.84%, loss=0.2573]
BP Epoch 6/100:  87%|â–ˆâ–ˆâ–ˆâ–ˆâ–ˆâ–ˆâ–ˆâ–ˆâ–‹ | 368/421 [00:01<00:00, 209.65it/s, acc=89.84%, loss=0.2573]
BP Epoch 6/100:  92%|â–ˆâ–ˆâ–ˆâ–ˆâ–ˆâ–ˆâ–ˆâ–ˆâ–ˆâ–| 389/421 [00:01<00:00, 205.59it/s, acc=89.84%, loss=0.2573]
BP Epoch 6/100:  92%|â–ˆâ–ˆâ–ˆâ–ˆâ–ˆâ–ˆâ–ˆâ–ˆâ–ˆâ–| 389/421 [00:01<00:00, 205.59it/s, acc=87.50%, loss=0.3198]
BP Epoch 6/100:  97%|â–ˆâ–ˆâ–ˆâ–ˆâ–ˆâ–ˆâ–ˆâ–ˆâ–ˆâ–‹| 410/421 [00:02<00:00, 206.43it/s, acc=87.50%, loss=0.3198]
BP Epoch 6/100:  97%|â–ˆâ–ˆâ–ˆâ–ˆâ–ˆâ–ˆâ–ˆâ–ˆâ–ˆâ–‹| 410/421 [00:02<00:00, 206.43it/s, acc=83.59%, loss=0.3593]
                                                                                           

Evaluating BP Model:   0%|          | 0/24 [00:00<?, ?it/s][codecarbon INFO @ 02:26:46] Delta energy consumed for CPU with cpu_load : 0.000194 kWh, power : 45.0 W
[codecarbon INFO @ 02:26:46] Energy consumed for All CPU : 0.000194 kWh
[codecarbon INFO @ 02:26:46] Energy consumed for all GPUs : 0.000515 kWh. Total GPU Power : 115.76421237283054 W
[codecarbon INFO @ 02:26:46] 0.000872 kWh of electricity used since the beginning.

Evaluating BP Model:  38%|â–ˆâ–ˆâ–ˆâ–Š      | 9/24 [00:00<00:00, 77.91it/s]
Evaluating BP Model:  88%|â–ˆâ–ˆâ–ˆâ–ˆâ–ˆâ–ˆâ–ˆâ–ˆâ–Š | 21/24 [00:00<00:00, 95.50it/s]
                                                                    

BP Epoch 7/100:   0%|          | 0/421 [00:00<?, ?it/s]
BP Epoch 7/100:   3%|â–Ž         | 14/421 [00:00<00:02, 138.60it/s]
BP Epoch 7/100:   9%|â–Š         | 36/421 [00:00<00:02, 184.43it/s]
BP Epoch 7/100:  14%|â–ˆâ–Ž        | 57/421 [00:00<00:01, 188.83it/s]
BP Epoch 7/100:  19%|â–ˆâ–‰        | 79/421 [00:00<00:01, 199.31it/s]
BP Epoch 7/100:  19%|â–ˆâ–‰        | 79/421 [00:00<00:01, 199.31it/s, acc=92.97%, loss=0.1650]
BP Epoch 7/100:  24%|â–ˆâ–ˆâ–       | 100/421 [00:00<00:01, 202.30it/s, acc=92.97%, loss=0.1650]
BP Epoch 7/100:  29%|â–ˆâ–ˆâ–Š       | 121/421 [00:00<00:01, 199.90it/s, acc=92.97%, loss=0.1650]
BP Epoch 7/100:  34%|â–ˆâ–ˆâ–ˆâ–      | 143/421 [00:00<00:01, 205.47it/s, acc=92.97%, loss=0.1650]
BP Epoch 7/100:  39%|â–ˆâ–ˆâ–ˆâ–‰      | 165/421 [00:00<00:01, 202.98it/s, acc=92.97%, loss=0.1650]
BP Epoch 7/100:  44%|â–ˆâ–ˆâ–ˆâ–ˆâ–     | 187/421 [00:00<00:01, 206.76it/s, acc=92.97%, loss=0.1650]
BP Epoch 7/100:  44%|â–ˆâ–ˆâ–ˆâ–ˆâ–     | 187/421 [00:00<00:01, 206.76it/s, acc=93.75%, loss=0.2016]
BP Epoch 7/100:  50%|â–ˆâ–ˆâ–ˆâ–ˆâ–‰     | 209/421 [00:01<00:01, 204.05it/s, acc=93.75%, loss=0.2016]
BP Epoch 7/100:  55%|â–ˆâ–ˆâ–ˆâ–ˆâ–ˆâ–    | 231/421 [00:01<00:00, 207.41it/s, acc=93.75%, loss=0.2016]
BP Epoch 7/100:  60%|â–ˆâ–ˆâ–ˆâ–ˆâ–ˆâ–ˆ    | 253/421 [00:01<00:00, 204.43it/s, acc=93.75%, loss=0.2016]
BP Epoch 7/100:  65%|â–ˆâ–ˆâ–ˆâ–ˆâ–ˆâ–ˆâ–Œ   | 275/421 [00:01<00:00, 207.53it/s, acc=93.75%, loss=0.2016]
BP Epoch 7/100:  70%|â–ˆâ–ˆâ–ˆâ–ˆâ–ˆâ–ˆâ–ˆ   | 296/421 [00:01<00:00, 208.17it/s, acc=93.75%, loss=0.2016]
BP Epoch 7/100:  70%|â–ˆâ–ˆâ–ˆâ–ˆâ–ˆâ–ˆâ–ˆ   | 296/421 [00:01<00:00, 208.17it/s, acc=92.19%, loss=0.2255]
BP Epoch 7/100:  75%|â–ˆâ–ˆâ–ˆâ–ˆâ–ˆâ–ˆâ–ˆâ–Œ  | 317/421 [00:01<00:00, 203.83it/s, acc=92.19%, loss=0.2255]
BP Epoch 7/100:  80%|â–ˆâ–ˆâ–ˆâ–ˆâ–ˆâ–ˆâ–ˆâ–ˆ  | 338/421 [00:01<00:00, 205.50it/s, acc=92.19%, loss=0.2255]
BP Epoch 7/100:  86%|â–ˆâ–ˆâ–ˆâ–ˆâ–ˆâ–ˆâ–ˆâ–ˆâ–Œ | 360/421 [00:01<00:00, 208.17it/s, acc=92.19%, loss=0.2255]
BP Epoch 7/100:  90%|â–ˆâ–ˆâ–ˆâ–ˆâ–ˆâ–ˆâ–ˆâ–ˆâ–ˆ | 381/421 [00:01<00:00, 203.81it/s, acc=92.19%, loss=0.2255]
BP Epoch 7/100:  90%|â–ˆâ–ˆâ–ˆâ–ˆâ–ˆâ–ˆâ–ˆâ–ˆâ–ˆ | 381/421 [00:01<00:00, 203.81it/s, acc=92.19%, loss=0.1894]
BP Epoch 7/100:  95%|â–ˆâ–ˆâ–ˆâ–ˆâ–ˆâ–ˆâ–ˆâ–ˆâ–ˆâ–Œ| 402/421 [00:01<00:00, 205.16it/s, acc=92.19%, loss=0.1894]
BP Epoch 7/100:  95%|â–ˆâ–ˆâ–ˆâ–ˆâ–ˆâ–ˆâ–ˆâ–ˆâ–ˆâ–Œ| 402/421 [00:02<00:00, 205.16it/s, acc=92.97%, loss=0.1749]
                                                                                           

Evaluating BP Model:   0%|          | 0/24 [00:00<?, ?it/s]
Evaluating BP Model:  38%|â–ˆâ–ˆâ–ˆâ–Š      | 9/24 [00:00<00:00, 77.60it/s]
Evaluating BP Model:  88%|â–ˆâ–ˆâ–ˆâ–ˆâ–ˆâ–ˆâ–ˆâ–ˆâ–Š | 21/24 [00:00<00:00, 95.08it/s]
                                                                    

BP Epoch 8/100:   0%|          | 0/421 [00:00<?, ?it/s]
BP Epoch 8/100:   4%|â–         | 16/421 [00:00<00:02, 159.35it/s]
BP Epoch 8/100:   9%|â–‰         | 37/421 [00:00<00:02, 181.62it/s]
BP Epoch 8/100:  14%|â–ˆâ–        | 58/421 [00:00<00:01, 193.02it/s]
BP Epoch 8/100:  19%|â–ˆâ–‰        | 80/421 [00:00<00:01, 201.68it/s]
BP Epoch 8/100:  19%|â–ˆâ–‰        | 80/421 [00:00<00:01, 201.68it/s, acc=92.19%, loss=0.1875]
BP Epoch 8/100:  24%|â–ˆâ–ˆâ–       | 101/421 [00:00<00:01, 199.18it/s, acc=92.19%, loss=0.1875]
BP Epoch 8/100:  29%|â–ˆâ–ˆâ–‰       | 122/421 [00:00<00:01, 202.19it/s, acc=92.19%, loss=0.1875]
BP Epoch 8/100:  34%|â–ˆâ–ˆâ–ˆâ–      | 144/421 [00:00<00:01, 206.46it/s, acc=92.19%, loss=0.1875]
BP Epoch 8/100:  39%|â–ˆâ–ˆâ–ˆâ–‰      | 165/421 [00:00<00:01, 202.85it/s, acc=92.19%, loss=0.1875]
BP Epoch 8/100:  44%|â–ˆâ–ˆâ–ˆâ–ˆâ–     | 186/421 [00:00<00:01, 205.02it/s, acc=92.19%, loss=0.1875]
BP Epoch 8/100:  44%|â–ˆâ–ˆâ–ˆâ–ˆâ–     | 186/421 [00:00<00:01, 205.02it/s, acc=93.75%, loss=0.2288]
BP Epoch 8/100:  49%|â–ˆâ–ˆâ–ˆâ–ˆâ–‰     | 207/421 [00:01<00:01, 206.46it/s, acc=93.75%, loss=0.2288]
BP Epoch 8/100:  54%|â–ˆâ–ˆâ–ˆâ–ˆâ–ˆâ–    | 228/421 [00:01<00:00, 207.38it/s, acc=93.75%, loss=0.2288]
BP Epoch 8/100:  59%|â–ˆâ–ˆâ–ˆâ–ˆâ–ˆâ–‰    | 249/421 [00:01<00:00, 203.27it/s, acc=93.75%, loss=0.2288]
BP Epoch 8/100:  64%|â–ˆâ–ˆâ–ˆâ–ˆâ–ˆâ–ˆâ–   | 270/421 [00:01<00:00, 205.17it/s, acc=93.75%, loss=0.2288]
BP Epoch 8/100:  69%|â–ˆâ–ˆâ–ˆâ–ˆâ–ˆâ–ˆâ–‰   | 292/421 [00:01<00:00, 207.90it/s, acc=93.75%, loss=0.2288]
BP Epoch 8/100:  69%|â–ˆâ–ˆâ–ˆâ–ˆâ–ˆâ–ˆâ–‰   | 292/421 [00:01<00:00, 207.90it/s, acc=92.19%, loss=0.1561]
BP Epoch 8/100:  74%|â–ˆâ–ˆâ–ˆâ–ˆâ–ˆâ–ˆâ–ˆâ–  | 313/421 [00:01<00:00, 203.35it/s, acc=92.19%, loss=0.1561]
BP Epoch 8/100:  80%|â–ˆâ–ˆâ–ˆâ–ˆâ–ˆâ–ˆâ–ˆâ–‰  | 335/421 [00:01<00:00, 206.78it/s, acc=92.19%, loss=0.1561]
BP Epoch 8/100:  85%|â–ˆâ–ˆâ–ˆâ–ˆâ–ˆâ–ˆâ–ˆâ–ˆâ– | 356/421 [00:01<00:00, 207.25it/s, acc=92.19%, loss=0.1561]
BP Epoch 8/100:  90%|â–ˆâ–ˆâ–ˆâ–ˆâ–ˆâ–ˆâ–ˆâ–ˆâ–‰ | 377/421 [00:01<00:00, 203.11it/s, acc=92.19%, loss=0.1561]
BP Epoch 8/100:  95%|â–ˆâ–ˆâ–ˆâ–ˆâ–ˆâ–ˆâ–ˆâ–ˆâ–ˆâ–| 398/421 [00:01<00:00, 205.02it/s, acc=92.19%, loss=0.1561]
BP Epoch 8/100:  95%|â–ˆâ–ˆâ–ˆâ–ˆâ–ˆâ–ˆâ–ˆâ–ˆâ–ˆâ–| 398/421 [00:01<00:00, 205.02it/s, acc=95.31%, loss=0.1229]
BP Epoch 8/100: 100%|â–ˆâ–ˆâ–ˆâ–ˆâ–ˆâ–ˆâ–ˆâ–ˆâ–ˆâ–‰| 419/421 [00:02<00:00, 203.64it/s, acc=95.31%, loss=0.1229]
BP Epoch 8/100: 100%|â–ˆâ–ˆâ–ˆâ–ˆâ–ˆâ–ˆâ–ˆâ–ˆâ–ˆâ–‰| 419/421 [00:02<00:00, 203.64it/s, acc=91.41%, loss=0.1947]
                                                                                           

Evaluating BP Model:   0%|          | 0/24 [00:00<?, ?it/s]
Evaluating BP Model:  38%|â–ˆâ–ˆâ–ˆâ–Š      | 9/24 [00:00<00:00, 76.79it/s]
Evaluating BP Model:  88%|â–ˆâ–ˆâ–ˆâ–ˆâ–ˆâ–ˆâ–ˆâ–ˆâ–Š | 21/24 [00:00<00:00, 94.23it/s]
                                                                    

BP Epoch 9/100:   0%|          | 0/421 [00:00<?, ?it/s]
BP Epoch 9/100:   4%|â–         | 17/421 [00:00<00:02, 154.77it/s]
BP Epoch 9/100:   9%|â–‰         | 39/421 [00:00<00:02, 190.55it/s]
BP Epoch 9/100:  14%|â–ˆâ–        | 61/421 [00:00<00:01, 195.30it/s]
BP Epoch 9/100:  20%|â–ˆâ–‰        | 83/421 [00:00<00:01, 202.38it/s]
BP Epoch 9/100:  20%|â–ˆâ–‰        | 83/421 [00:00<00:01, 202.38it/s, acc=91.41%, loss=0.2219]
BP Epoch 9/100:  25%|â–ˆâ–ˆâ–       | 105/421 [00:00<00:01, 203.60it/s, acc=91.41%, loss=0.2219]
BP Epoch 9/100:  30%|â–ˆâ–ˆâ–ˆ       | 127/421 [00:00<00:01, 205.24it/s, acc=91.41%, loss=0.2219]
BP Epoch 9/100:  35%|â–ˆâ–ˆâ–ˆâ–Œ      | 148/421 [00:00<00:01, 206.50it/s, acc=91.41%, loss=0.2219]
BP Epoch 9/100:  40%|â–ˆâ–ˆâ–ˆâ–ˆ      | 169/421 [00:00<00:01, 207.37it/s, acc=91.41%, loss=0.2219]
BP Epoch 9/100:  45%|â–ˆâ–ˆâ–ˆâ–ˆâ–Œ     | 190/421 [00:00<00:01, 206.91it/s, acc=91.41%, loss=0.2219]
BP Epoch 9/100:  45%|â–ˆâ–ˆâ–ˆâ–ˆâ–Œ     | 190/421 [00:00<00:01, 206.91it/s, acc=91.41%, loss=0.1769]
BP Epoch 9/100:  50%|â–ˆâ–ˆâ–ˆâ–ˆâ–ˆ     | 211/421 [00:01<00:01, 205.91it/s, acc=91.41%, loss=0.1769]
BP Epoch 9/100:  55%|â–ˆâ–ˆâ–ˆâ–ˆâ–ˆâ–Œ    | 233/421 [00:01<00:00, 208.87it/s, acc=91.41%, loss=0.1769]
BP Epoch 9/100:  60%|â–ˆâ–ˆâ–ˆâ–ˆâ–ˆâ–ˆ    | 254/421 [00:01<00:00, 206.82it/s, acc=91.41%, loss=0.1769]
BP Epoch 9/100:  65%|â–ˆâ–ˆâ–ˆâ–ˆâ–ˆâ–ˆâ–Œ   | 275/421 [00:01<00:00, 206.32it/s, acc=91.41%, loss=0.1769]
BP Epoch 9/100:  71%|â–ˆâ–ˆâ–ˆâ–ˆâ–ˆâ–ˆâ–ˆ   | 297/421 [00:01<00:00, 209.29it/s, acc=91.41%, loss=0.1769]
BP Epoch 9/100:  71%|â–ˆâ–ˆâ–ˆâ–ˆâ–ˆâ–ˆâ–ˆ   | 297/421 [00:01<00:00, 209.29it/s, acc=91.41%, loss=0.1759]
BP Epoch 9/100:  76%|â–ˆâ–ˆâ–ˆâ–ˆâ–ˆâ–ˆâ–ˆâ–Œ  | 318/421 [00:01<00:00, 207.47it/s, acc=91.41%, loss=0.1759]
BP Epoch 9/100:  81%|â–ˆâ–ˆâ–ˆâ–ˆâ–ˆâ–ˆâ–ˆâ–ˆ  | 339/421 [00:01<00:00, 206.26it/s, acc=91.41%, loss=0.1759]
BP Epoch 9/100:  86%|â–ˆâ–ˆâ–ˆâ–ˆâ–ˆâ–ˆâ–ˆâ–ˆâ–Œ | 361/421 [00:01<00:00, 209.22it/s, acc=91.41%, loss=0.1759]
BP Epoch 9/100:  91%|â–ˆâ–ˆâ–ˆâ–ˆâ–ˆâ–ˆâ–ˆâ–ˆâ–ˆ | 382/421 [00:01<00:00, 207.45it/s, acc=91.41%, loss=0.1759]
BP Epoch 9/100:  91%|â–ˆâ–ˆâ–ˆâ–ˆâ–ˆâ–ˆâ–ˆâ–ˆâ–ˆ | 382/421 [00:01<00:00, 207.45it/s, acc=96.88%, loss=0.0982]
BP Epoch 9/100:  96%|â–ˆâ–ˆâ–ˆâ–ˆâ–ˆâ–ˆâ–ˆâ–ˆâ–ˆâ–Œ| 403/421 [00:01<00:00, 205.98it/s, acc=96.88%, loss=0.0982]
BP Epoch 9/100:  96%|â–ˆâ–ˆâ–ˆâ–ˆâ–ˆâ–ˆâ–ˆâ–ˆâ–ˆâ–Œ| 403/421 [00:02<00:00, 205.98it/s, acc=96.88%, loss=0.1185]
                                                                                           

Evaluating BP Model:   0%|          | 0/24 [00:00<?, ?it/s]
Evaluating BP Model:  38%|â–ˆâ–ˆâ–ˆâ–Š      | 9/24 [00:00<00:00, 76.69it/s]
Evaluating BP Model:  88%|â–ˆâ–ˆâ–ˆâ–ˆâ–ˆâ–ˆâ–ˆâ–ˆâ–Š | 21/24 [00:00<00:00, 94.91it/s]
                                                                    

BP Epoch 10/100:   0%|          | 0/421 [00:00<?, ?it/s]
BP Epoch 10/100:   4%|â–         | 17/421 [00:00<00:02, 155.52it/s]
BP Epoch 10/100:   9%|â–‰         | 39/421 [00:00<00:02, 190.79it/s]
BP Epoch 10/100:  14%|â–ˆâ–        | 61/421 [00:00<00:01, 195.40it/s]
BP Epoch 10/100:  20%|â–ˆâ–‰        | 83/421 [00:00<00:01, 203.40it/s]
BP Epoch 10/100:  20%|â–ˆâ–‰        | 83/421 [00:00<00:01, 203.40it/s, acc=96.88%, loss=0.1070]
BP Epoch 10/100:  25%|â–ˆâ–ˆâ–       | 105/421 [00:00<00:01, 202.26it/s, acc=96.88%, loss=0.1070]
BP Epoch 10/100:  30%|â–ˆâ–ˆâ–‰       | 126/421 [00:00<00:01, 203.92it/s, acc=96.88%, loss=0.1070]
BP Epoch 10/100:  35%|â–ˆâ–ˆâ–ˆâ–Œ      | 148/421 [00:00<00:01, 209.01it/s, acc=96.88%, loss=0.1070]
BP Epoch 10/100:  40%|â–ˆâ–ˆâ–ˆâ–ˆ      | 169/421 [00:00<00:01, 204.46it/s, acc=96.88%, loss=0.1070]
BP Epoch 10/100:  45%|â–ˆâ–ˆâ–ˆâ–ˆâ–Œ     | 191/421 [00:00<00:01, 208.48it/s, acc=96.88%, loss=0.1070]
BP Epoch 10/100:  45%|â–ˆâ–ˆâ–ˆâ–ˆâ–Œ     | 191/421 [00:00<00:01, 208.48it/s, acc=93.75%, loss=0.1638]
BP Epoch 10/100:  51%|â–ˆâ–ˆâ–ˆâ–ˆâ–ˆ     | 213/421 [00:01<00:01, 205.63it/s, acc=93.75%, loss=0.1638]
BP Epoch 10/100:  56%|â–ˆâ–ˆâ–ˆâ–ˆâ–ˆâ–Œ    | 235/421 [00:01<00:00, 209.04it/s, acc=93.75%, loss=0.1638]
BP Epoch 10/100:  61%|â–ˆâ–ˆâ–ˆâ–ˆâ–ˆâ–ˆ    | 257/421 [00:01<00:00, 205.99it/s, acc=93.75%, loss=0.1638]
BP Epoch 10/100:  66%|â–ˆâ–ˆâ–ˆâ–ˆâ–ˆâ–ˆâ–‹   | 279/421 [00:01<00:00, 208.83it/s, acc=93.75%, loss=0.1638]
BP Epoch 10/100:  66%|â–ˆâ–ˆâ–ˆâ–ˆâ–ˆâ–ˆâ–‹   | 279/421 [00:01<00:00, 208.83it/s, acc=95.31%, loss=0.1562]
BP Epoch 10/100:  71%|â–ˆâ–ˆâ–ˆâ–ˆâ–ˆâ–ˆâ–ˆâ–  | 301/421 [00:01<00:00, 205.76it/s, acc=95.31%, loss=0.1562]
BP Epoch 10/100:  77%|â–ˆâ–ˆâ–ˆâ–ˆâ–ˆâ–ˆâ–ˆâ–‹  | 323/421 [00:01<00:00, 209.01it/s, acc=95.31%, loss=0.1562]
BP Epoch 10/100:  82%|â–ˆâ–ˆâ–ˆâ–ˆâ–ˆâ–ˆâ–ˆâ–ˆâ– | 345/421 [00:01<00:00, 206.05it/s, acc=95.31%, loss=0.1562]
BP Epoch 10/100:  87%|â–ˆâ–ˆâ–ˆâ–ˆâ–ˆâ–ˆâ–ˆâ–ˆâ–‹ | 367/421 [00:01<00:00, 208.93it/s, acc=95.31%, loss=0.1562]
BP Epoch 10/100:  92%|â–ˆâ–ˆâ–ˆâ–ˆâ–ˆâ–ˆâ–ˆâ–ˆâ–ˆâ–| 389/421 [00:01<00:00, 205.91it/s, acc=95.31%, loss=0.1562]
BP Epoch 10/100:  92%|â–ˆâ–ˆâ–ˆâ–ˆâ–ˆâ–ˆâ–ˆâ–ˆâ–ˆâ–| 389/421 [00:01<00:00, 205.91it/s, acc=90.62%, loss=0.2334]
BP Epoch 10/100:  98%|â–ˆâ–ˆâ–ˆâ–ˆâ–ˆâ–ˆâ–ˆâ–ˆâ–ˆâ–Š| 411/421 [00:02<00:00, 208.87it/s, acc=90.62%, loss=0.2334]
BP Epoch 10/100:  98%|â–ˆâ–ˆâ–ˆâ–ˆâ–ˆâ–ˆâ–ˆâ–ˆâ–ˆâ–Š| 411/421 [00:02<00:00, 208.87it/s, acc=91.41%, loss=0.1623]
                                                                                            

Evaluating BP Model:   0%|          | 0/24 [00:00<?, ?it/s]
Evaluating BP Model:  38%|â–ˆâ–ˆâ–ˆâ–Š      | 9/24 [00:00<00:00, 77.45it/s]
Evaluating BP Model:  88%|â–ˆâ–ˆâ–ˆâ–ˆâ–ˆâ–ˆâ–ˆâ–ˆâ–Š | 21/24 [00:00<00:00, 95.04it/s]
                                                                    

BP Epoch 11/100:   0%|          | 0/421 [00:00<?, ?it/s]
BP Epoch 11/100:   4%|â–         | 16/421 [00:00<00:02, 157.62it/s]
BP Epoch 11/100:   9%|â–‰         | 37/421 [00:00<00:02, 180.01it/s]
BP Epoch 11/100:  14%|â–ˆâ–        | 59/421 [00:00<00:01, 196.57it/s]
BP Epoch 11/100:  19%|â–ˆâ–‰        | 81/421 [00:00<00:01, 196.97it/s]
BP Epoch 11/100:  19%|â–ˆâ–‰        | 81/421 [00:00<00:01, 196.97it/s, acc=94.53%, loss=0.1314]
BP Epoch 11/100:  24%|â–ˆâ–ˆâ–       | 103/421 [00:00<00:01, 203.42it/s, acc=94.53%, loss=0.1314]
BP Epoch 11/100:  30%|â–ˆâ–ˆâ–‰       | 125/421 [00:00<00:01, 202.74it/s, acc=94.53%, loss=0.1314]
BP Epoch 11/100:  35%|â–ˆâ–ˆâ–ˆâ–      | 147/421 [00:00<00:01, 207.46it/s, acc=94.53%, loss=0.1314]
BP Epoch 11/100:  40%|â–ˆâ–ˆâ–ˆâ–ˆ      | 169/421 [00:00<00:01, 204.52it/s, acc=94.53%, loss=0.1314]
BP Epoch 11/100:  45%|â–ˆâ–ˆâ–ˆâ–ˆâ–Œ     | 191/421 [00:00<00:01, 208.11it/s, acc=94.53%, loss=0.1314]
BP Epoch 11/100:  45%|â–ˆâ–ˆâ–ˆâ–ˆâ–Œ     | 191/421 [00:00<00:01, 208.11it/s, acc=96.88%, loss=0.1821]
BP Epoch 11/100:  51%|â–ˆâ–ˆâ–ˆâ–ˆâ–ˆ     | 213/421 [00:01<00:01, 205.07it/s, acc=96.88%, loss=0.1821]
BP Epoch 11/100:  56%|â–ˆâ–ˆâ–ˆâ–ˆâ–ˆâ–Œ    | 235/421 [00:01<00:00, 208.14it/s, acc=96.88%, loss=0.1821]
BP Epoch 11/100:  61%|â–ˆâ–ˆâ–ˆâ–ˆâ–ˆâ–ˆ    | 257/421 [00:01<00:00, 205.60it/s, acc=96.88%, loss=0.1821]
BP Epoch 11/100:  66%|â–ˆâ–ˆâ–ˆâ–ˆâ–ˆâ–ˆâ–‹   | 279/421 [00:01<00:00, 208.46it/s, acc=96.88%, loss=0.1821]
BP Epoch 11/100:  66%|â–ˆâ–ˆâ–ˆâ–ˆâ–ˆâ–ˆâ–‹   | 279/421 [00:01<00:00, 208.46it/s, acc=92.19%, loss=0.2241]
BP Epoch 11/100:  71%|â–ˆâ–ˆâ–ˆâ–ˆâ–ˆâ–ˆâ–ˆâ–  | 300/421 [00:01<00:00, 208.12it/s, acc=92.19%, loss=0.2241]
BP Epoch 11/100:  76%|â–ˆâ–ˆâ–ˆâ–ˆâ–ˆâ–ˆâ–ˆâ–Œ  | 321/421 [00:01<00:00, 205.44it/s, acc=92.19%, loss=0.2241]
BP Epoch 11/100:  81%|â–ˆâ–ˆâ–ˆâ–ˆâ–ˆâ–ˆâ–ˆâ–ˆâ– | 343/421 [00:01<00:00, 207.58it/s, acc=92.19%, loss=0.2241]
BP Epoch 11/100:  87%|â–ˆâ–ˆâ–ˆâ–ˆâ–ˆâ–ˆâ–ˆâ–ˆâ–‹ | 365/421 [00:01<00:00, 205.15it/s, acc=92.19%, loss=0.2241]
BP Epoch 11/100:  92%|â–ˆâ–ˆâ–ˆâ–ˆâ–ˆâ–ˆâ–ˆâ–ˆâ–ˆâ–| 387/421 [00:01<00:00, 207.10it/s, acc=92.19%, loss=0.2241]
BP Epoch 11/100:  92%|â–ˆâ–ˆâ–ˆâ–ˆâ–ˆâ–ˆâ–ˆâ–ˆâ–ˆâ–| 387/421 [00:01<00:00, 207.10it/s, acc=91.41%, loss=0.1892]
BP Epoch 11/100:  97%|â–ˆâ–ˆâ–ˆâ–ˆâ–ˆâ–ˆâ–ˆâ–ˆâ–ˆâ–‹| 409/421 [00:02<00:00, 205.85it/s, acc=91.41%, loss=0.1892]
BP Epoch 11/100:  97%|â–ˆâ–ˆâ–ˆâ–ˆâ–ˆâ–ˆâ–ˆâ–ˆâ–ˆâ–‹| 409/421 [00:02<00:00, 205.85it/s, acc=93.75%, loss=0.1234]
                                                                                            

Evaluating BP Model:   0%|          | 0/24 [00:00<?, ?it/s]
Evaluating BP Model:  38%|â–ˆâ–ˆâ–ˆâ–Š      | 9/24 [00:00<00:00, 77.92it/s]
Evaluating BP Model:  88%|â–ˆâ–ˆâ–ˆâ–ˆâ–ˆâ–ˆâ–ˆâ–ˆâ–Š | 21/24 [00:00<00:00, 95.19it/s]
                                                                    

BP Epoch 12/100:   0%|          | 0/421 [00:00<?, ?it/s]
BP Epoch 12/100:   4%|â–Ž         | 15/421 [00:00<00:02, 148.16it/s]
BP Epoch 12/100:   9%|â–‰         | 37/421 [00:00<00:02, 179.52it/s]
BP Epoch 12/100:  14%|â–ˆâ–        | 59/421 [00:00<00:01, 196.07it/s]
BP Epoch 12/100:  19%|â–ˆâ–‰        | 81/421 [00:00<00:01, 197.93it/s]
BP Epoch 12/100:  19%|â–ˆâ–‰        | 81/421 [00:00<00:01, 197.93it/s, acc=93.75%, loss=0.1795]
BP Epoch 12/100:  24%|â–ˆâ–ˆâ–       | 103/421 [00:00<00:01, 204.03it/s, acc=93.75%, loss=0.1795]
BP Epoch 12/100:  30%|â–ˆâ–ˆâ–‰       | 125/421 [00:00<00:01, 202.97it/s, acc=93.75%, loss=0.1795]
BP Epoch 12/100:  35%|â–ˆâ–ˆâ–ˆâ–      | 147/421 [00:00<00:01, 207.77it/s, acc=93.75%, loss=0.1795]
BP Epoch 12/100:  40%|â–ˆâ–ˆâ–ˆâ–ˆ      | 169/421 [00:00<00:01, 206.19it/s, acc=93.75%, loss=0.1795]
BP Epoch 12/100:  45%|â–ˆâ–ˆâ–ˆâ–ˆâ–Œ     | 191/421 [00:00<00:01, 207.98it/s, acc=93.75%, loss=0.1795]
BP Epoch 12/100:  45%|â–ˆâ–ˆâ–ˆâ–ˆâ–Œ     | 191/421 [00:00<00:01, 207.98it/s, acc=95.31%, loss=0.1293]
BP Epoch 12/100:  50%|â–ˆâ–ˆâ–ˆâ–ˆâ–ˆ     | 212/421 [00:01<00:01, 208.36it/s, acc=95.31%, loss=0.1293]
BP Epoch 12/100:  55%|â–ˆâ–ˆâ–ˆâ–ˆâ–ˆâ–Œ    | 233/421 [00:01<00:00, 207.95it/s, acc=95.31%, loss=0.1293]
BP Epoch 12/100:  61%|â–ˆâ–ˆâ–ˆâ–ˆâ–ˆâ–ˆ    | 255/421 [00:01<00:00, 205.57it/s, acc=95.31%, loss=0.1293]
BP Epoch 12/100:  66%|â–ˆâ–ˆâ–ˆâ–ˆâ–ˆâ–ˆâ–Œ   | 276/421 [00:01<00:00, 205.90it/s, acc=95.31%, loss=0.1293]
BP Epoch 12/100:  71%|â–ˆâ–ˆâ–ˆâ–ˆâ–ˆâ–ˆâ–ˆ   | 298/421 [00:01<00:00, 209.10it/s, acc=95.31%, loss=0.1293]
BP Epoch 12/100:  71%|â–ˆâ–ˆâ–ˆâ–ˆâ–ˆâ–ˆâ–ˆ   | 298/421 [00:01<00:00, 209.10it/s, acc=97.66%, loss=0.0872][codecarbon INFO @ 02:27:00] Energy consumed for RAM : 0.000317 kWh. RAM Power : 38.0 W

BP Epoch 12/100:  76%|â–ˆâ–ˆâ–ˆâ–ˆâ–ˆâ–ˆâ–ˆâ–Œ  | 319/421 [00:01<00:00, 203.40it/s, acc=97.66%, loss=0.0872]
BP Epoch 12/100:  81%|â–ˆâ–ˆâ–ˆâ–ˆâ–ˆâ–ˆâ–ˆâ–ˆ  | 341/421 [00:01<00:00, 207.94it/s, acc=97.66%, loss=0.0872]
BP Epoch 12/100:  86%|â–ˆâ–ˆâ–ˆâ–ˆâ–ˆâ–ˆâ–ˆâ–ˆâ–Œ | 363/421 [00:01<00:00, 204.82it/s, acc=97.66%, loss=0.0872]
BP Epoch 12/100:  91%|â–ˆâ–ˆâ–ˆâ–ˆâ–ˆâ–ˆâ–ˆâ–ˆâ–ˆâ–| 385/421 [00:01<00:00, 207.97it/s, acc=97.66%, loss=0.0872]
BP Epoch 12/100:  91%|â–ˆâ–ˆâ–ˆâ–ˆâ–ˆâ–ˆâ–ˆâ–ˆâ–ˆâ–| 385/421 [00:01<00:00, 207.97it/s, acc=89.84%, loss=0.2306]
BP Epoch 12/100:  96%|â–ˆâ–ˆâ–ˆâ–ˆâ–ˆâ–ˆâ–ˆâ–ˆâ–ˆâ–‹| 406/421 [00:01<00:00, 208.46it/s, acc=89.84%, loss=0.2306]
BP Epoch 12/100:  96%|â–ˆâ–ˆâ–ˆâ–ˆâ–ˆâ–ˆâ–ˆâ–ˆâ–ˆâ–‹| 406/421 [00:02<00:00, 208.46it/s, acc=94.53%, loss=0.0957]
                                                                                            

Evaluating BP Model:   0%|          | 0/24 [00:00<?, ?it/s][codecarbon INFO @ 02:27:01] Delta energy consumed for CPU with cpu_load : 0.000181 kWh, power : 45.0 W
[codecarbon INFO @ 02:27:01] Energy consumed for All CPU : 0.000375 kWh
[codecarbon INFO @ 02:27:01] Energy consumed for all GPUs : 0.001041 kWh. Total GPU Power : 126.37081907150677 W
[codecarbon INFO @ 02:27:01] 0.001733 kWh of electricity used since the beginning.

Evaluating BP Model:  38%|â–ˆâ–ˆâ–ˆâ–Š      | 9/24 [00:00<00:00, 77.13it/s]
Evaluating BP Model:  88%|â–ˆâ–ˆâ–ˆâ–ˆâ–ˆâ–ˆâ–ˆâ–ˆâ–Š | 21/24 [00:00<00:00, 94.66it/s]
                                                                    

BP Epoch 13/100:   0%|          | 0/421 [00:00<?, ?it/s]
BP Epoch 13/100:   4%|â–Ž         | 15/421 [00:00<00:02, 149.53it/s]
BP Epoch 13/100:   9%|â–‰         | 37/421 [00:00<00:02, 181.66it/s]
BP Epoch 13/100:  14%|â–ˆâ–        | 59/421 [00:00<00:01, 197.74it/s]
BP Epoch 13/100:  19%|â–ˆâ–‰        | 81/421 [00:00<00:01, 199.99it/s]
BP Epoch 13/100:  19%|â–ˆâ–‰        | 81/421 [00:00<00:01, 199.99it/s, acc=97.66%, loss=0.0945]
BP Epoch 13/100:  24%|â–ˆâ–ˆâ–       | 103/421 [00:00<00:01, 202.91it/s, acc=97.66%, loss=0.0945]
BP Epoch 13/100:  30%|â–ˆâ–ˆâ–‰       | 125/421 [00:00<00:01, 205.55it/s, acc=97.66%, loss=0.0945]
BP Epoch 13/100:  35%|â–ˆâ–ˆâ–ˆâ–      | 147/421 [00:00<00:01, 204.16it/s, acc=97.66%, loss=0.0945]
BP Epoch 13/100:  40%|â–ˆâ–ˆâ–ˆâ–ˆ      | 169/421 [00:00<00:01, 207.35it/s, acc=97.66%, loss=0.0945]
BP Epoch 13/100:  45%|â–ˆâ–ˆâ–ˆâ–ˆâ–Œ     | 190/421 [00:00<00:01, 206.89it/s, acc=97.66%, loss=0.0945]
BP Epoch 13/100:  45%|â–ˆâ–ˆâ–ˆâ–ˆâ–Œ     | 190/421 [00:00<00:01, 206.89it/s, acc=95.31%, loss=0.1365]
BP Epoch 13/100:  50%|â–ˆâ–ˆâ–ˆâ–ˆâ–ˆ     | 211/421 [00:01<00:01, 203.42it/s, acc=95.31%, loss=0.1365]
BP Epoch 13/100:  55%|â–ˆâ–ˆâ–ˆâ–ˆâ–ˆâ–Œ    | 233/421 [00:01<00:00, 206.94it/s, acc=95.31%, loss=0.1365]
BP Epoch 13/100:  61%|â–ˆâ–ˆâ–ˆâ–ˆâ–ˆâ–ˆ    | 255/421 [00:01<00:00, 204.33it/s, acc=95.31%, loss=0.1365]
BP Epoch 13/100:  66%|â–ˆâ–ˆâ–ˆâ–ˆâ–ˆâ–ˆâ–Œ   | 277/421 [00:01<00:00, 207.75it/s, acc=95.31%, loss=0.1365]
BP Epoch 13/100:  71%|â–ˆâ–ˆâ–ˆâ–ˆâ–ˆâ–ˆâ–ˆ   | 299/421 [00:01<00:00, 204.92it/s, acc=95.31%, loss=0.1365]
BP Epoch 13/100:  71%|â–ˆâ–ˆâ–ˆâ–ˆâ–ˆâ–ˆâ–ˆ   | 299/421 [00:01<00:00, 204.92it/s, acc=92.97%, loss=0.2105]
BP Epoch 13/100:  76%|â–ˆâ–ˆâ–ˆâ–ˆâ–ˆâ–ˆâ–ˆâ–Œ  | 321/421 [00:01<00:00, 207.92it/s, acc=92.97%, loss=0.2105]
BP Epoch 13/100:  81%|â–ˆâ–ˆâ–ˆâ–ˆâ–ˆâ–ˆâ–ˆâ–ˆ  | 342/421 [00:01<00:00, 208.48it/s, acc=92.97%, loss=0.2105]
BP Epoch 13/100:  86%|â–ˆâ–ˆâ–ˆâ–ˆâ–ˆâ–ˆâ–ˆâ–ˆâ–Œ | 363/421 [00:01<00:00, 204.27it/s, acc=92.97%, loss=0.2105]
BP Epoch 13/100:  91%|â–ˆâ–ˆâ–ˆâ–ˆâ–ˆâ–ˆâ–ˆâ–ˆâ–ˆâ–| 385/421 [00:01<00:00, 207.17it/s, acc=92.97%, loss=0.2105]
BP Epoch 13/100:  91%|â–ˆâ–ˆâ–ˆâ–ˆâ–ˆâ–ˆâ–ˆâ–ˆâ–ˆâ–| 385/421 [00:01<00:00, 207.17it/s, acc=97.66%, loss=0.0675]
BP Epoch 13/100:  96%|â–ˆâ–ˆâ–ˆâ–ˆâ–ˆâ–ˆâ–ˆâ–ˆâ–ˆâ–‹| 406/421 [00:01<00:00, 207.72it/s, acc=97.66%, loss=0.0675]
BP Epoch 13/100:  96%|â–ˆâ–ˆâ–ˆâ–ˆâ–ˆâ–ˆâ–ˆâ–ˆâ–ˆâ–‹| 406/421 [00:02<00:00, 207.72it/s, acc=96.88%, loss=0.0689]
                                                                                            

Evaluating BP Model:   0%|          | 0/24 [00:00<?, ?it/s]
Evaluating BP Model:  38%|â–ˆâ–ˆâ–ˆâ–Š      | 9/24 [00:00<00:00, 76.42it/s]
Evaluating BP Model:  88%|â–ˆâ–ˆâ–ˆâ–ˆâ–ˆâ–ˆâ–ˆâ–ˆâ–Š | 21/24 [00:00<00:00, 94.22it/s]
                                                                    

BP Epoch 14/100:   0%|          | 0/421 [00:00<?, ?it/s]
BP Epoch 14/100:   4%|â–         | 16/421 [00:00<00:02, 159.14it/s]
BP Epoch 14/100:   9%|â–‰         | 37/421 [00:00<00:02, 181.00it/s]
BP Epoch 14/100:  14%|â–ˆâ–        | 58/421 [00:00<00:01, 193.65it/s]
BP Epoch 14/100:  19%|â–ˆâ–‰        | 79/421 [00:00<00:01, 199.32it/s]
BP Epoch 14/100:  19%|â–ˆâ–‰        | 79/421 [00:00<00:01, 199.32it/s, acc=97.66%, loss=0.0780]
BP Epoch 14/100:  24%|â–ˆâ–ˆâ–       | 100/421 [00:00<00:01, 201.32it/s, acc=97.66%, loss=0.0780]
BP Epoch 14/100:  29%|â–ˆâ–ˆâ–Š       | 121/421 [00:00<00:01, 200.27it/s, acc=97.66%, loss=0.0780]
BP Epoch 14/100:  34%|â–ˆâ–ˆâ–ˆâ–      | 143/421 [00:00<00:01, 204.91it/s, acc=97.66%, loss=0.0780]
BP Epoch 14/100:  39%|â–ˆâ–ˆâ–ˆâ–‰      | 164/421 [00:00<00:01, 206.15it/s, acc=97.66%, loss=0.0780]
BP Epoch 14/100:  44%|â–ˆâ–ˆâ–ˆâ–ˆâ–     | 185/421 [00:00<00:01, 202.79it/s, acc=97.66%, loss=0.0780]
BP Epoch 14/100:  44%|â–ˆâ–ˆâ–ˆâ–ˆâ–     | 185/421 [00:00<00:01, 202.79it/s, acc=94.53%, loss=0.1165]
BP Epoch 14/100:  49%|â–ˆâ–ˆâ–ˆâ–ˆâ–‰     | 206/421 [00:01<00:01, 204.82it/s, acc=94.53%, loss=0.1165]
BP Epoch 14/100:  54%|â–ˆâ–ˆâ–ˆâ–ˆâ–ˆâ–    | 227/421 [00:01<00:00, 206.35it/s, acc=94.53%, loss=0.1165]
BP Epoch 14/100:  59%|â–ˆâ–ˆâ–ˆâ–ˆâ–ˆâ–‰    | 248/421 [00:01<00:00, 206.93it/s, acc=94.53%, loss=0.1165]
BP Epoch 14/100:  64%|â–ˆâ–ˆâ–ˆâ–ˆâ–ˆâ–ˆâ–   | 269/421 [00:01<00:00, 202.90it/s, acc=94.53%, loss=0.1165]
BP Epoch 14/100:  69%|â–ˆâ–ˆâ–ˆâ–ˆâ–ˆâ–ˆâ–‰   | 291/421 [00:01<00:00, 206.33it/s, acc=94.53%, loss=0.1165]
BP Epoch 14/100:  69%|â–ˆâ–ˆâ–ˆâ–ˆâ–ˆâ–ˆâ–‰   | 291/421 [00:01<00:00, 206.33it/s, acc=96.88%, loss=0.0885]
BP Epoch 14/100:  74%|â–ˆâ–ˆâ–ˆâ–ˆâ–ˆâ–ˆâ–ˆâ–  | 312/421 [00:01<00:00, 207.13it/s, acc=96.88%, loss=0.0885]
BP Epoch 14/100:  79%|â–ˆâ–ˆâ–ˆâ–ˆâ–ˆâ–ˆâ–ˆâ–‰  | 333/421 [00:01<00:00, 203.47it/s, acc=96.88%, loss=0.0885]
BP Epoch 14/100:  84%|â–ˆâ–ˆâ–ˆâ–ˆâ–ˆâ–ˆâ–ˆâ–ˆâ– | 354/421 [00:01<00:00, 205.26it/s, acc=96.88%, loss=0.0885]
BP Epoch 14/100:  89%|â–ˆâ–ˆâ–ˆâ–ˆâ–ˆâ–ˆâ–ˆâ–ˆâ–‰ | 375/421 [00:01<00:00, 206.51it/s, acc=96.88%, loss=0.0885]
BP Epoch 14/100:  94%|â–ˆâ–ˆâ–ˆâ–ˆâ–ˆâ–ˆâ–ˆâ–ˆâ–ˆâ–| 396/421 [00:01<00:00, 207.41it/s, acc=96.88%, loss=0.0885]
BP Epoch 14/100:  94%|â–ˆâ–ˆâ–ˆâ–ˆâ–ˆâ–ˆâ–ˆâ–ˆâ–ˆâ–| 396/421 [00:01<00:00, 207.41it/s, acc=95.31%, loss=0.2121]
BP Epoch 14/100:  99%|â–ˆâ–ˆâ–ˆâ–ˆâ–ˆâ–ˆâ–ˆâ–ˆâ–ˆâ–‰| 417/421 [00:02<00:00, 201.35it/s, acc=95.31%, loss=0.2121]
BP Epoch 14/100:  99%|â–ˆâ–ˆâ–ˆâ–ˆâ–ˆâ–ˆâ–ˆâ–ˆâ–ˆâ–‰| 417/421 [00:02<00:00, 201.35it/s, acc=93.75%, loss=0.1493]
                                                                                            

Evaluating BP Model:   0%|          | 0/24 [00:00<?, ?it/s]
Evaluating BP Model:  38%|â–ˆâ–ˆâ–ˆâ–Š      | 9/24 [00:00<00:00, 76.68it/s]
Evaluating BP Model:  88%|â–ˆâ–ˆâ–ˆâ–ˆâ–ˆâ–ˆâ–ˆâ–ˆâ–Š | 21/24 [00:00<00:00, 94.54it/s]
                                                                    

BP Epoch 15/100:   0%|          | 0/421 [00:00<?, ?it/s]
BP Epoch 15/100:   4%|â–         | 17/421 [00:00<00:02, 155.62it/s]
BP Epoch 15/100:   9%|â–‰         | 39/421 [00:00<00:02, 189.58it/s]
BP Epoch 15/100:  14%|â–ˆâ–        | 60/421 [00:00<00:01, 198.61it/s]
BP Epoch 15/100:  19%|â–ˆâ–‰        | 81/421 [00:00<00:01, 196.51it/s]
BP Epoch 15/100:  19%|â–ˆâ–‰        | 81/421 [00:00<00:01, 196.51it/s, acc=93.75%, loss=0.1219]
BP Epoch 15/100:  24%|â–ˆâ–ˆâ–       | 102/421 [00:00<00:01, 200.82it/s, acc=93.75%, loss=0.1219]
BP Epoch 15/100:  29%|â–ˆâ–ˆâ–‰       | 123/421 [00:00<00:01, 203.30it/s, acc=93.75%, loss=0.1219]
BP Epoch 15/100:  34%|â–ˆâ–ˆâ–ˆâ–      | 145/421 [00:00<00:01, 201.54it/s, acc=93.75%, loss=0.1219]
BP Epoch 15/100:  40%|â–ˆâ–ˆâ–ˆâ–‰      | 167/421 [00:00<00:01, 205.48it/s, acc=93.75%, loss=0.1219]
BP Epoch 15/100:  45%|â–ˆâ–ˆâ–ˆâ–ˆâ–     | 189/421 [00:00<00:01, 203.43it/s, acc=93.75%, loss=0.1219]
BP Epoch 15/100:  45%|â–ˆâ–ˆâ–ˆâ–ˆâ–     | 189/421 [00:00<00:01, 203.43it/s, acc=96.88%, loss=0.1090]
BP Epoch 15/100:  50%|â–ˆâ–ˆâ–ˆâ–ˆâ–‰     | 210/421 [00:01<00:01, 205.28it/s, acc=96.88%, loss=0.1090]
BP Epoch 15/100:  55%|â–ˆâ–ˆâ–ˆâ–ˆâ–ˆâ–Œ    | 232/421 [00:01<00:00, 208.04it/s, acc=96.88%, loss=0.1090]
BP Epoch 15/100:  60%|â–ˆâ–ˆâ–ˆâ–ˆâ–ˆâ–ˆ    | 253/421 [00:01<00:00, 204.00it/s, acc=96.88%, loss=0.1090]
BP Epoch 15/100:  65%|â–ˆâ–ˆâ–ˆâ–ˆâ–ˆâ–ˆâ–Œ   | 274/421 [00:01<00:00, 205.60it/s, acc=96.88%, loss=0.1090]
BP Epoch 15/100:  70%|â–ˆâ–ˆâ–ˆâ–ˆâ–ˆâ–ˆâ–ˆ   | 296/421 [00:01<00:00, 208.18it/s, acc=96.88%, loss=0.1090]
BP Epoch 15/100:  70%|â–ˆâ–ˆâ–ˆâ–ˆâ–ˆâ–ˆâ–ˆ   | 296/421 [00:01<00:00, 208.18it/s, acc=92.97%, loss=0.2136]
BP Epoch 15/100:  75%|â–ˆâ–ˆâ–ˆâ–ˆâ–ˆâ–ˆâ–ˆâ–Œ  | 317/421 [00:01<00:00, 203.80it/s, acc=92.97%, loss=0.2136]
BP Epoch 15/100:  80%|â–ˆâ–ˆâ–ˆâ–ˆâ–ˆâ–ˆâ–ˆâ–ˆ  | 338/421 [00:01<00:00, 205.55it/s, acc=92.97%, loss=0.2136]
BP Epoch 15/100:  86%|â–ˆâ–ˆâ–ˆâ–ˆâ–ˆâ–ˆâ–ˆâ–ˆâ–Œ | 360/421 [00:01<00:00, 208.36it/s, acc=92.97%, loss=0.2136]
BP Epoch 15/100:  90%|â–ˆâ–ˆâ–ˆâ–ˆâ–ˆâ–ˆâ–ˆâ–ˆâ–ˆ | 381/421 [00:01<00:00, 203.40it/s, acc=92.97%, loss=0.2136]
BP Epoch 15/100:  90%|â–ˆâ–ˆâ–ˆâ–ˆâ–ˆâ–ˆâ–ˆâ–ˆâ–ˆ | 381/421 [00:01<00:00, 203.40it/s, acc=96.88%, loss=0.1038]
BP Epoch 15/100:  95%|â–ˆâ–ˆâ–ˆâ–ˆâ–ˆâ–ˆâ–ˆâ–ˆâ–ˆâ–Œ| 402/421 [00:01<00:00, 204.99it/s, acc=96.88%, loss=0.1038]
BP Epoch 15/100:  95%|â–ˆâ–ˆâ–ˆâ–ˆâ–ˆâ–ˆâ–ˆâ–ˆâ–ˆâ–Œ| 402/421 [00:02<00:00, 204.99it/s, acc=98.44%, loss=0.0395]
                                                                                            

Evaluating BP Model:   0%|          | 0/24 [00:00<?, ?it/s]
Evaluating BP Model:  38%|â–ˆâ–ˆâ–ˆâ–Š      | 9/24 [00:00<00:00, 76.85it/s]
Evaluating BP Model:  88%|â–ˆâ–ˆâ–ˆâ–ˆâ–ˆâ–ˆâ–ˆâ–ˆâ–Š | 21/24 [00:00<00:00, 94.53it/s]
                                                                    

BP Epoch 16/100:   0%|          | 0/421 [00:00<?, ?it/s]
BP Epoch 16/100:   4%|â–         | 17/421 [00:00<00:02, 153.88it/s]
BP Epoch 16/100:   9%|â–‰         | 38/421 [00:00<00:02, 185.52it/s]
BP Epoch 16/100:  14%|â–ˆâ–        | 60/421 [00:00<00:01, 199.11it/s]
BP Epoch 16/100:  19%|â–ˆâ–‰        | 81/421 [00:00<00:01, 198.46it/s]
BP Epoch 16/100:  19%|â–ˆâ–‰        | 81/421 [00:00<00:01, 198.46it/s, acc=91.41%, loss=0.1577]
BP Epoch 16/100:  24%|â–ˆâ–ˆâ–       | 102/421 [00:00<00:01, 201.05it/s, acc=91.41%, loss=0.1577]
BP Epoch 16/100:  29%|â–ˆâ–ˆâ–‰       | 124/421 [00:00<00:01, 206.50it/s, acc=91.41%, loss=0.1577]
BP Epoch 16/100:  34%|â–ˆâ–ˆâ–ˆâ–      | 145/421 [00:00<00:01, 204.04it/s, acc=91.41%, loss=0.1577]
BP Epoch 16/100:  39%|â–ˆâ–ˆâ–ˆâ–‰      | 166/421 [00:00<00:01, 205.26it/s, acc=91.41%, loss=0.1577]
BP Epoch 16/100:  44%|â–ˆâ–ˆâ–ˆâ–ˆâ–     | 187/421 [00:00<00:01, 205.65it/s, acc=91.41%, loss=0.1577]
BP Epoch 16/100:  44%|â–ˆâ–ˆâ–ˆâ–ˆâ–     | 187/421 [00:00<00:01, 205.65it/s, acc=96.88%, loss=0.0641]
BP Epoch 16/100:  50%|â–ˆâ–ˆâ–ˆâ–ˆâ–‰     | 209/421 [00:01<00:01, 206.28it/s, acc=96.88%, loss=0.0641]
BP Epoch 16/100:  55%|â–ˆâ–ˆâ–ˆâ–ˆâ–ˆâ–    | 230/421 [00:01<00:00, 207.38it/s, acc=96.88%, loss=0.0641]
BP Epoch 16/100:  60%|â–ˆâ–ˆâ–ˆâ–ˆâ–ˆâ–‰    | 251/421 [00:01<00:00, 205.02it/s, acc=96.88%, loss=0.0641]
BP Epoch 16/100:  65%|â–ˆâ–ˆâ–ˆâ–ˆâ–ˆâ–ˆâ–   | 272/421 [00:01<00:00, 206.36it/s, acc=96.88%, loss=0.0641]
BP Epoch 16/100:  70%|â–ˆâ–ˆâ–ˆâ–ˆâ–ˆâ–ˆâ–‰   | 293/421 [00:01<00:00, 207.00it/s, acc=96.88%, loss=0.0641]
BP Epoch 16/100:  70%|â–ˆâ–ˆâ–ˆâ–ˆâ–ˆâ–ˆâ–‰   | 293/421 [00:01<00:00, 207.00it/s, acc=94.53%, loss=0.1717]
BP Epoch 16/100:  75%|â–ˆâ–ˆâ–ˆâ–ˆâ–ˆâ–ˆâ–ˆâ–  | 315/421 [00:01<00:00, 203.92it/s, acc=94.53%, loss=0.1717]
BP Epoch 16/100:  80%|â–ˆâ–ˆâ–ˆâ–ˆâ–ˆâ–ˆâ–ˆâ–‰  | 336/421 [00:01<00:00, 205.63it/s, acc=94.53%, loss=0.1717]
BP Epoch 16/100:  85%|â–ˆâ–ˆâ–ˆâ–ˆâ–ˆâ–ˆâ–ˆâ–ˆâ– | 357/421 [00:01<00:00, 206.50it/s, acc=94.53%, loss=0.1717]
BP Epoch 16/100:  90%|â–ˆâ–ˆâ–ˆâ–ˆâ–ˆâ–ˆâ–ˆâ–ˆâ–‰ | 378/421 [00:01<00:00, 207.33it/s, acc=94.53%, loss=0.1717]
BP Epoch 16/100:  95%|â–ˆâ–ˆâ–ˆâ–ˆâ–ˆâ–ˆâ–ˆâ–ˆâ–ˆâ–| 399/421 [00:01<00:00, 202.62it/s, acc=94.53%, loss=0.1717]
BP Epoch 16/100:  95%|â–ˆâ–ˆâ–ˆâ–ˆâ–ˆâ–ˆâ–ˆâ–ˆâ–ˆâ–| 399/421 [00:01<00:00, 202.62it/s, acc=92.19%, loss=0.1355]
BP Epoch 16/100: 100%|â–ˆâ–ˆâ–ˆâ–ˆâ–ˆâ–ˆâ–ˆâ–ˆâ–ˆâ–‰| 420/421 [00:02<00:00, 203.86it/s, acc=92.19%, loss=0.1355]
BP Epoch 16/100: 100%|â–ˆâ–ˆâ–ˆâ–ˆâ–ˆâ–ˆâ–ˆâ–ˆâ–ˆâ–‰| 420/421 [00:02<00:00, 203.86it/s, acc=96.88%, loss=0.0887]
                                                                                            

Evaluating BP Model:   0%|          | 0/24 [00:00<?, ?it/s]
Evaluating BP Model:  38%|â–ˆâ–ˆâ–ˆâ–Š      | 9/24 [00:00<00:00, 76.85it/s]
Evaluating BP Model:  88%|â–ˆâ–ˆâ–ˆâ–ˆâ–ˆâ–ˆâ–ˆâ–ˆâ–Š | 21/24 [00:00<00:00, 94.71it/s]
                                                                    

BP Epoch 17/100:   0%|          | 0/421 [00:00<?, ?it/s]
BP Epoch 17/100:   4%|â–         | 17/421 [00:00<00:02, 163.26it/s]
BP Epoch 17/100:   9%|â–‰         | 38/421 [00:00<00:02, 189.92it/s]
BP Epoch 17/100:  14%|â–ˆâ–        | 60/421 [00:00<00:01, 202.26it/s]
BP Epoch 17/100:  19%|â–ˆâ–‰        | 81/421 [00:00<00:01, 199.69it/s]
BP Epoch 17/100:  19%|â–ˆâ–‰        | 81/421 [00:00<00:01, 199.69it/s, acc=96.88%, loss=0.1124]
BP Epoch 17/100:  24%|â–ˆâ–ˆâ–       | 103/421 [00:00<00:01, 205.27it/s, acc=96.88%, loss=0.1124]
BP Epoch 17/100:  30%|â–ˆâ–ˆâ–‰       | 125/421 [00:00<00:01, 202.98it/s, acc=96.88%, loss=0.1124]
BP Epoch 17/100:  35%|â–ˆâ–ˆâ–ˆâ–      | 147/421 [00:00<00:01, 207.00it/s, acc=96.88%, loss=0.1124]
BP Epoch 17/100:  40%|â–ˆâ–ˆâ–ˆâ–ˆ      | 169/421 [00:00<00:01, 204.13it/s, acc=96.88%, loss=0.1124]
BP Epoch 17/100:  45%|â–ˆâ–ˆâ–ˆâ–ˆâ–Œ     | 191/421 [00:00<00:01, 207.87it/s, acc=96.88%, loss=0.1124]
BP Epoch 17/100:  45%|â–ˆâ–ˆâ–ˆâ–ˆâ–Œ     | 191/421 [00:00<00:01, 207.87it/s, acc=93.75%, loss=0.1489]
BP Epoch 17/100:  51%|â–ˆâ–ˆâ–ˆâ–ˆâ–ˆ     | 213/421 [00:01<00:01, 205.02it/s, acc=93.75%, loss=0.1489]
BP Epoch 17/100:  56%|â–ˆâ–ˆâ–ˆâ–ˆâ–ˆâ–Œ    | 235/421 [00:01<00:00, 208.22it/s, acc=93.75%, loss=0.1489]
BP Epoch 17/100:  61%|â–ˆâ–ˆâ–ˆâ–ˆâ–ˆâ–ˆ    | 257/421 [00:01<00:00, 205.31it/s, acc=93.75%, loss=0.1489]
BP Epoch 17/100:  66%|â–ˆâ–ˆâ–ˆâ–ˆâ–ˆâ–ˆâ–‹   | 279/421 [00:01<00:00, 208.38it/s, acc=93.75%, loss=0.1489]
BP Epoch 17/100:  66%|â–ˆâ–ˆâ–ˆâ–ˆâ–ˆâ–ˆâ–‹   | 279/421 [00:01<00:00, 208.38it/s, acc=96.09%, loss=0.0744]
BP Epoch 17/100:  71%|â–ˆâ–ˆâ–ˆâ–ˆâ–ˆâ–ˆâ–ˆâ–  | 300/421 [00:01<00:00, 208.01it/s, acc=96.09%, loss=0.0744]
BP Epoch 17/100:  76%|â–ˆâ–ˆâ–ˆâ–ˆâ–ˆâ–ˆâ–ˆâ–Œ  | 321/421 [00:01<00:00, 205.43it/s, acc=96.09%, loss=0.0744]
BP Epoch 17/100:  81%|â–ˆâ–ˆâ–ˆâ–ˆâ–ˆâ–ˆâ–ˆâ–ˆâ– | 343/421 [00:01<00:00, 208.51it/s, acc=96.09%, loss=0.0744]
BP Epoch 17/100:  87%|â–ˆâ–ˆâ–ˆâ–ˆâ–ˆâ–ˆâ–ˆâ–ˆâ–‹ | 365/421 [00:01<00:00, 205.86it/s, acc=96.09%, loss=0.0744]
BP Epoch 17/100:  92%|â–ˆâ–ˆâ–ˆâ–ˆâ–ˆâ–ˆâ–ˆâ–ˆâ–ˆâ–| 387/421 [00:01<00:00, 208.61it/s, acc=96.09%, loss=0.0744]
BP Epoch 17/100:  92%|â–ˆâ–ˆâ–ˆâ–ˆâ–ˆâ–ˆâ–ˆâ–ˆâ–ˆâ–| 387/421 [00:01<00:00, 208.61it/s, acc=97.66%, loss=0.0733]
BP Epoch 17/100:  97%|â–ˆâ–ˆâ–ˆâ–ˆâ–ˆâ–ˆâ–ˆâ–ˆâ–ˆâ–‹| 409/421 [00:01<00:00, 205.97it/s, acc=97.66%, loss=0.0733]
BP Epoch 17/100:  97%|â–ˆâ–ˆâ–ˆâ–ˆâ–ˆâ–ˆâ–ˆâ–ˆâ–ˆâ–‹| 409/421 [00:02<00:00, 205.97it/s, acc=93.75%, loss=0.1351]
                                                                                            

Evaluating BP Model:   0%|          | 0/24 [00:00<?, ?it/s]
Evaluating BP Model:  38%|â–ˆâ–ˆâ–ˆâ–Š      | 9/24 [00:00<00:00, 76.15it/s]
Evaluating BP Model:  88%|â–ˆâ–ˆâ–ˆâ–ˆâ–ˆâ–ˆâ–ˆâ–ˆâ–Š | 21/24 [00:00<00:00, 94.01it/s]
                                                                    

Evaluating BP Model:   0%|          | 0/40 [00:00<?, ?it/s]
Evaluating BP Model:   2%|â–Ž         | 1/40 [00:00<00:04,  8.77it/s]
Evaluating BP Model:  32%|â–ˆâ–ˆâ–ˆâ–Ž      | 13/40 [00:00<00:00, 66.85it/s]
Evaluating BP Model:  62%|â–ˆâ–ˆâ–ˆâ–ˆâ–ˆâ–ˆâ–Ž   | 25/40 [00:00<00:00, 85.84it/s]
Evaluating BP Model:  92%|â–ˆâ–ˆâ–ˆâ–ˆâ–ˆâ–ˆâ–ˆâ–ˆâ–ˆâ–Ž| 37/40 [00:00<00:00, 94.92it/s]
                                                                    
[codecarbon INFO @ 02:27:15] Energy consumed for RAM : 0.000461 kWh. RAM Power : 38.0 W
[codecarbon INFO @ 02:27:15] Delta energy consumed for CPU with cpu_load : 0.000171 kWh, power : 45.0 W
[codecarbon INFO @ 02:27:15] Energy consumed for All CPU : 0.000546 kWh
[codecarbon INFO @ 02:27:15] Energy consumed for all GPUs : 0.001506 kWh. Total GPU Power : 117.9279902913706 W
[codecarbon INFO @ 02:27:15] 0.002514 kWh of electricity used since the beginning.
wandb:                                                                                
wandb: 
wandb: Run history:
wandb:                  BP_Baseline/Epoch â–â–â–‚â–‚â–ƒâ–ƒâ–„â–„â–…â–…â–†â–†â–‡â–‡â–ˆâ–ˆ
wandb:     BP_Baseline/Epoch_Duration_Sec â–ˆâ–„â–‚â–„â–â–ƒâ–„â–â–â–â–â–‚â–ƒâ–‚â–…â–…
wandb: BP_Baseline/GPU_Mem_Used_MiB_Batch â–â–â–â–â–â–â–â–â–â–â–â–â–â–â–â–â–â–â–â–â–â–â–â–â–â–â–â–â–â–â–â–â–â–â–â–â–â–â–â–
wandb:          BP_Baseline/Learning_Rate â–â–â–â–â–â–â–â–â–â–â–â–â–â–â–â–
wandb: BP_Baseline/Peak_GPU_Mem_Epoch_MiB â–â–â–â–â–â–â–â–â–â–â–â–â–â–â–â–
wandb:        BP_Baseline/Train_Acc_Batch â–ƒâ–â–ƒâ–â–â–‚â–â–†â–ƒâ–ƒâ–ƒâ–„â–†â–…â–ƒâ–†â–…â–†â–†â–…â–…â–…â–…â–ˆâ–ˆâ–†â–ˆâ–„â–†â–†â–ˆâ–†â–†â–ˆâ–†â–ˆâ–†â–ˆâ–ˆâ–†
wandb:        BP_Baseline/Train_Acc_Epoch â–â–„â–„â–…â–…â–†â–†â–†â–‡â–‡â–‡â–‡â–ˆâ–ˆâ–ˆâ–ˆ
wandb:       BP_Baseline/Train_Loss_Batch â–ˆâ–‡â–†â–‡â–ˆâ–ƒâ–…â–…â–…â–„â–„â–…â–…â–ƒâ–„â–ƒâ–ƒâ–ƒâ–‚â–„â–„â–‚â–ƒâ–„â–ƒâ–ƒâ–â–„â–â–„â–‚â–‚â–„â–‚â–ƒâ–‚â–â–‚â–â–‚
wandb:       BP_Baseline/Train_Loss_Epoch â–ˆâ–…â–…â–„â–„â–ƒâ–ƒâ–ƒâ–‚â–‚â–‚â–‚â–â–â–â–
wandb:          BP_Baseline/Val_Acc_Epoch â–â–„â–ƒâ–†â–†â–‡â–‡â–‡â–‡â–†â–‡â–‡â–‡â–‡â–ˆâ–ˆ
wandb:         BP_Baseline/Val_Loss_Epoch â–†â–„â–„â–â–‚â–â–â–ƒâ–ƒâ–…â–…â–…â–„â–ˆâ–‡â–†
wandb:         estimated_bp_update_gflops â–
wandb:               estimated_fwd_gflops â–
wandb:                final/Test_Accuracy â–
wandb:                    final/Test_Loss â–
wandb:   final/codecarbon_emissions_gCO2e â–
wandb:   final/estimated_bp_update_gflops â–
wandb:         final/estimated_fwd_gflops â–
wandb:        final/peak_gpu_mem_used_mib â–
wandb:      final/total_gpu_energy_joules â–
wandb:          final/total_gpu_energy_wh â–
wandb:       final/total_run_duration_sec â–
wandb:        final/training_duration_sec â–
wandb:                        global_step â–â–â–â–â–â–â–â–‚â–‚â–‚â–‚â–‚â–‚â–‚â–‚â–ƒâ–ƒâ–ƒâ–ƒâ–„â–„â–„â–„â–„â–„â–…â–…â–…â–…â–…â–†â–†â–†â–†â–‡â–‡â–‡â–ˆâ–ˆâ–ˆ
wandb:           initial_gpu_mem_used_mib â–
wandb:             model_parameters_total â–
wandb:         model_parameters_trainable â–
wandb: 
wandb: Run summary:
wandb:                  BP_Baseline/Epoch 16
wandb:     BP_Baseline/Epoch_Duration_Sec 2.60013
wandb: BP_Baseline/GPU_Mem_Used_MiB_Batch 1168
wandb:          BP_Baseline/Learning_Rate 0.0002
wandb: BP_Baseline/Peak_GPU_Mem_Epoch_MiB 1168
wandb:        BP_Baseline/Train_Acc_Batch 93.75
wandb:        BP_Baseline/Train_Acc_Epoch 96.07519
wandb:       BP_Baseline/Train_Loss_Batch 0.13515
wandb:       BP_Baseline/Train_Loss_Epoch 0.10082
wandb:          BP_Baseline/Val_Acc_Epoch 89.75
wandb:         BP_Baseline/Val_Loss_Epoch 0.37415
wandb:             codecarbon_country_iso POL
wandb:                 codecarbon_enabled True
wandb:                    codecarbon_mode offline
wandb:         estimated_bp_update_gflops 0.08153
wandb:               estimated_fwd_gflops 0.02718
wandb:                final/Test_Accuracy 89.35
wandb:                    final/Test_Loss 0.4613
wandb:   final/codecarbon_emissions_gCO2e 1.66394
wandb:   final/estimated_bp_update_gflops 0.08153
wandb:         final/estimated_fwd_gflops 0.02718
wandb:        final/peak_gpu_mem_used_mib 1168
wandb:      final/total_gpu_energy_joules 5373.72494
wandb:          final/total_gpu_energy_wh 1.4927
wandb:       final/total_run_duration_sec 46.1999
wandb:        final/training_duration_sec 43.22779
wandb:           initial_gpu_mem_used_mib 336.625
wandb:             model_parameters_total 13596010
wandb:         model_parameters_trainable 13596010
wandb: 
wandb: ðŸš€ View run bp_fashion_mnist_mlp_4x2000 at: https://wandb.ai/przspyra11/BeyondBackpropagation/runs/88bb5un3
wandb: â­ï¸ View project at: https://wandb.ai/przspyra11/BeyondBackpropagation
wandb: Synced 5 W&B file(s), 0 media file(s), 0 artifact file(s) and 0 other file(s)
wandb: Find logs at: ./wandb/run-20250508_022629-88bb5un3/logs
