 binutils/2.38 loaded.
 bzip2/1.0.8 loaded.
 zlib/1.2.12 loaded.
 ncurses/6.3 loaded.
 libreadline/8.1.2 loaded.
 Tcl/8.6.12 loaded.
 SQLite/3.38.3 loaded.
 XZ/5.2.5 loaded.
 GMP/6.2.1 loaded.
 libffi/3.4.2 loaded.
 OpenSSL/1.1 loaded.
 Python/3.10.4 loaded.
 CUDA/12.4.0 loaded.

Currently Loaded Modules:
  1) binutils/2.38   5) libreadline/8.1.2   9) GMP/6.2.1      13) CUDA/12.4.0
  2) bzip2/1.0.8     6) Tcl/8.6.12         10) libffi/3.4.2
  3) zlib/1.2.12     7) SQLite/3.38.3      11) OpenSSL/1.1
  4) ncurses/6.3     8) XZ/5.2.5           12) Python/3.10.4

 

2025-05-08 02:27:30,697 - src.utils.config_parser - INFO - Successfully merged configuration from configs/bp_baselines/fashion_mnist_mlp_4x2000_bp.yaml and configs/base.yaml
wandb: Using wandb-core as the SDK backend.  Please refer to https://wandb.me/wandb-core for more information.
wandb: Currently logged in as: przspyra11 (agh_racing) to https://api.wandb.ai. Use `wandb login --relogin` to force relogin
wandb: Tracking run with wandb version 0.19.8
wandb: Run data is saved locally in /net/tscratch/people/plgspyra/BeyondBackpropagation/wandb/run-20250508_022731-wek04nho
wandb: Run `wandb offline` to turn off syncing.
wandb: Syncing run bp_fashion_mnist_mlp_4x2000
wandb: â­ï¸ View project at https://wandb.ai/przspyra11/BeyondBackpropagation
wandb: ðŸš€ View run at https://wandb.ai/przspyra11/BeyondBackpropagation/runs/wek04nho
[codecarbon INFO @ 02:27:32] offline tracker init
[codecarbon INFO @ 02:27:32] [setup] RAM Tracking...
[codecarbon INFO @ 02:27:32] [setup] CPU Tracking...
 Linux OS detected: Please ensure RAPL files exist at /sys/class/powercap/intel-rapl/subsystem to measure CPU

[codecarbon INFO @ 02:27:32] CPU Model on constant consumption mode: AMD EPYC 7742 64-Core Processor
[codecarbon INFO @ 02:27:32] [setup] GPU Tracking...
[codecarbon INFO @ 02:27:32] Tracking Nvidia GPU via pynvml
[codecarbon INFO @ 02:27:32] The below tracking methods have been set up:
                RAM Tracking Method: RAM power estimation model
                CPU Tracking Method: cpu_load
                GPU Tracking Method: pynvml
            
[codecarbon INFO @ 02:27:32] >>> Tracker's metadata:
[codecarbon INFO @ 02:27:32]   Platform system: Linux-5.14.0-503.26.1.el9_5.x86_64-x86_64-with-glibc2.34
[codecarbon INFO @ 02:27:32]   Python version: 3.10.4
[codecarbon INFO @ 02:27:32]   CodeCarbon version: 3.0.1
[codecarbon INFO @ 02:27:32]   Available RAM : 125.000 GB
[codecarbon INFO @ 02:27:32]   CPU count: 16 thread(s) in 2 physical CPU(s)
[codecarbon INFO @ 02:27:32]   CPU model: AMD EPYC 7742 64-Core Processor
[codecarbon INFO @ 02:27:32]   GPU count: 1
[codecarbon INFO @ 02:27:32]   GPU model: 1 x NVIDIA A100-SXM4-40GB BUT only tracking these GPU ids : [0]
[codecarbon INFO @ 02:27:32] Emissions data (if any) will be saved to file /net/tscratch/people/plgspyra/BeyondBackpropagation/results/carbon/bp_fashion_mnist_mlp_4x2000_carbon.csv

BP Epoch 1/100:   0%|          | 0/421 [00:00<?, ?it/s]
BP Epoch 1/100:   0%|          | 1/421 [00:00<00:51,  8.08it/s]
BP Epoch 1/100:   6%|â–Œ         | 26/421 [00:00<00:02, 135.37it/s]
BP Epoch 1/100:  11%|â–ˆ         | 47/421 [00:00<00:02, 164.00it/s]
BP Epoch 1/100:  16%|â–ˆâ–Œ        | 68/421 [00:00<00:01, 180.94it/s]
BP Epoch 1/100:  21%|â–ˆâ–ˆ        | 89/421 [00:00<00:01, 190.33it/s]
BP Epoch 1/100:  21%|â–ˆâ–ˆ        | 89/421 [00:00<00:01, 190.33it/s, acc=78.91%, loss=0.5577]
BP Epoch 1/100:  26%|â–ˆâ–ˆâ–Œ       | 110/421 [00:00<00:01, 196.35it/s, acc=78.91%, loss=0.5577]
BP Epoch 1/100:  31%|â–ˆâ–ˆâ–ˆ       | 131/421 [00:00<00:01, 194.99it/s, acc=78.91%, loss=0.5577]
BP Epoch 1/100:  36%|â–ˆâ–ˆâ–ˆâ–Œ      | 152/421 [00:00<00:01, 199.08it/s, acc=78.91%, loss=0.5577]
BP Epoch 1/100:  41%|â–ˆâ–ˆâ–ˆâ–ˆ      | 173/421 [00:00<00:01, 201.85it/s, acc=78.91%, loss=0.5577]
BP Epoch 1/100:  46%|â–ˆâ–ˆâ–ˆâ–ˆâ–Œ     | 194/421 [00:01<00:01, 203.86it/s, acc=78.91%, loss=0.5577]
BP Epoch 1/100:  46%|â–ˆâ–ˆâ–ˆâ–ˆâ–Œ     | 194/421 [00:01<00:01, 203.86it/s, acc=78.91%, loss=0.4902]
BP Epoch 1/100:  51%|â–ˆâ–ˆâ–ˆâ–ˆâ–ˆ     | 215/421 [00:01<00:01, 200.23it/s, acc=78.91%, loss=0.4902]
BP Epoch 1/100:  56%|â–ˆâ–ˆâ–ˆâ–ˆâ–ˆâ–Œ    | 236/421 [00:01<00:00, 202.80it/s, acc=78.91%, loss=0.4902]
BP Epoch 1/100:  61%|â–ˆâ–ˆâ–ˆâ–ˆâ–ˆâ–ˆâ–   | 258/421 [00:01<00:00, 206.25it/s, acc=78.91%, loss=0.4902]
BP Epoch 1/100:  66%|â–ˆâ–ˆâ–ˆâ–ˆâ–ˆâ–ˆâ–‹   | 279/421 [00:01<00:00, 202.76it/s, acc=78.91%, loss=0.4902]
BP Epoch 1/100:  66%|â–ˆâ–ˆâ–ˆâ–ˆâ–ˆâ–ˆâ–‹   | 279/421 [00:01<00:00, 202.76it/s, acc=87.50%, loss=0.3428]
BP Epoch 1/100:  71%|â–ˆâ–ˆâ–ˆâ–ˆâ–ˆâ–ˆâ–ˆâ–  | 300/421 [00:01<00:00, 203.43it/s, acc=87.50%, loss=0.3428]
BP Epoch 1/100:  76%|â–ˆâ–ˆâ–ˆâ–ˆâ–ˆâ–ˆâ–ˆâ–‹  | 322/421 [00:01<00:00, 207.98it/s, acc=87.50%, loss=0.3428]
BP Epoch 1/100:  81%|â–ˆâ–ˆâ–ˆâ–ˆâ–ˆâ–ˆâ–ˆâ–ˆâ– | 343/421 [00:01<00:00, 203.63it/s, acc=87.50%, loss=0.3428]
BP Epoch 1/100:  87%|â–ˆâ–ˆâ–ˆâ–ˆâ–ˆâ–ˆâ–ˆâ–ˆâ–‹ | 365/421 [00:01<00:00, 206.68it/s, acc=87.50%, loss=0.3428]
BP Epoch 1/100:  92%|â–ˆâ–ˆâ–ˆâ–ˆâ–ˆâ–ˆâ–ˆâ–ˆâ–ˆâ–| 386/421 [00:01<00:00, 207.60it/s, acc=87.50%, loss=0.3428]
BP Epoch 1/100:  92%|â–ˆâ–ˆâ–ˆâ–ˆâ–ˆâ–ˆâ–ˆâ–ˆâ–ˆâ–| 386/421 [00:02<00:00, 207.60it/s, acc=89.84%, loss=0.3403]
BP Epoch 1/100:  97%|â–ˆâ–ˆâ–ˆâ–ˆâ–ˆâ–ˆâ–ˆâ–ˆâ–ˆâ–‹| 407/421 [00:02<00:00, 203.29it/s, acc=89.84%, loss=0.3403]
BP Epoch 1/100:  97%|â–ˆâ–ˆâ–ˆâ–ˆâ–ˆâ–ˆâ–ˆâ–ˆâ–ˆâ–‹| 407/421 [00:02<00:00, 203.29it/s, acc=82.81%, loss=0.4141]
                                                                                           

Evaluating BP Model:   0%|          | 0/24 [00:00<?, ?it/s]
Evaluating BP Model:   4%|â–         | 1/24 [00:00<00:02,  8.88it/s]
Evaluating BP Model:  54%|â–ˆâ–ˆâ–ˆâ–ˆâ–ˆâ–    | 13/24 [00:00<00:00, 67.21it/s]
                                                                    

BP Epoch 2/100:   0%|          | 0/421 [00:00<?, ?it/s]
BP Epoch 2/100:   4%|â–         | 16/421 [00:00<00:02, 157.53it/s]
BP Epoch 2/100:   9%|â–‰         | 37/421 [00:00<00:02, 179.54it/s]
BP Epoch 2/100:  14%|â–ˆâ–        | 59/421 [00:00<00:01, 195.25it/s]
BP Epoch 2/100:  19%|â–ˆâ–‰        | 81/421 [00:00<00:01, 197.41it/s]
BP Epoch 2/100:  19%|â–ˆâ–‰        | 81/421 [00:00<00:01, 197.41it/s, acc=87.50%, loss=0.3385]
BP Epoch 2/100:  24%|â–ˆâ–ˆâ–       | 102/421 [00:00<00:01, 200.15it/s, acc=87.50%, loss=0.3385]
BP Epoch 2/100:  29%|â–ˆâ–ˆâ–‰       | 124/421 [00:00<00:01, 206.37it/s, acc=87.50%, loss=0.3385]
BP Epoch 2/100:  34%|â–ˆâ–ˆâ–ˆâ–      | 145/421 [00:00<00:01, 203.00it/s, acc=87.50%, loss=0.3385]
BP Epoch 2/100:  39%|â–ˆâ–ˆâ–ˆâ–‰      | 166/421 [00:00<00:01, 204.32it/s, acc=87.50%, loss=0.3385]
BP Epoch 2/100:  44%|â–ˆâ–ˆâ–ˆâ–ˆâ–     | 187/421 [00:00<00:01, 205.11it/s, acc=87.50%, loss=0.3385]
BP Epoch 2/100:  44%|â–ˆâ–ˆâ–ˆâ–ˆâ–     | 187/421 [00:00<00:01, 205.11it/s, acc=89.06%, loss=0.3758]
BP Epoch 2/100:  49%|â–ˆâ–ˆâ–ˆâ–ˆâ–‰     | 208/421 [00:01<00:01, 206.41it/s, acc=89.06%, loss=0.3758]
BP Epoch 2/100:  54%|â–ˆâ–ˆâ–ˆâ–ˆâ–ˆâ–    | 229/421 [00:01<00:00, 206.11it/s, acc=89.06%, loss=0.3758]
BP Epoch 2/100:  59%|â–ˆâ–ˆâ–ˆâ–ˆâ–ˆâ–‰    | 250/421 [00:01<00:00, 205.05it/s, acc=89.06%, loss=0.3758]
BP Epoch 2/100:  64%|â–ˆâ–ˆâ–ˆâ–ˆâ–ˆâ–ˆâ–   | 271/421 [00:01<00:00, 204.24it/s, acc=89.06%, loss=0.3758]
BP Epoch 2/100:  69%|â–ˆâ–ˆâ–ˆâ–ˆâ–ˆâ–ˆâ–‰   | 292/421 [00:01<00:00, 205.65it/s, acc=89.06%, loss=0.3758]
BP Epoch 2/100:  69%|â–ˆâ–ˆâ–ˆâ–ˆâ–ˆâ–ˆâ–‰   | 292/421 [00:01<00:00, 205.65it/s, acc=86.72%, loss=0.2930]
BP Epoch 2/100:  74%|â–ˆâ–ˆâ–ˆâ–ˆâ–ˆâ–ˆâ–ˆâ–  | 313/421 [00:01<00:00, 206.74it/s, acc=86.72%, loss=0.2930]
BP Epoch 2/100:  79%|â–ˆâ–ˆâ–ˆâ–ˆâ–ˆâ–ˆâ–ˆâ–‰  | 334/421 [00:01<00:00, 206.00it/s, acc=86.72%, loss=0.2930]
BP Epoch 2/100:  84%|â–ˆâ–ˆâ–ˆâ–ˆâ–ˆâ–ˆâ–ˆâ–ˆâ– | 355/421 [00:01<00:00, 202.76it/s, acc=86.72%, loss=0.2930]
BP Epoch 2/100:  89%|â–ˆâ–ˆâ–ˆâ–ˆâ–ˆâ–ˆâ–ˆâ–ˆâ–‰ | 376/421 [00:01<00:00, 204.81it/s, acc=86.72%, loss=0.2930]
BP Epoch 2/100:  94%|â–ˆâ–ˆâ–ˆâ–ˆâ–ˆâ–ˆâ–ˆâ–ˆâ–ˆâ–| 397/421 [00:01<00:00, 206.16it/s, acc=86.72%, loss=0.2930]
BP Epoch 2/100:  94%|â–ˆâ–ˆâ–ˆâ–ˆâ–ˆâ–ˆâ–ˆâ–ˆâ–ˆâ–| 397/421 [00:01<00:00, 206.16it/s, acc=85.16%, loss=0.3799]
BP Epoch 2/100:  99%|â–ˆâ–ˆâ–ˆâ–ˆâ–ˆâ–ˆâ–ˆâ–ˆâ–ˆâ–‰| 418/421 [00:02<00:00, 203.90it/s, acc=85.16%, loss=0.3799]
BP Epoch 2/100:  99%|â–ˆâ–ˆâ–ˆâ–ˆâ–ˆâ–ˆâ–ˆâ–ˆâ–ˆâ–‰| 418/421 [00:02<00:00, 203.90it/s, acc=85.16%, loss=0.2999]
                                                                                           

Evaluating BP Model:   0%|          | 0/24 [00:00<?, ?it/s]
Evaluating BP Model:  38%|â–ˆâ–ˆâ–ˆâ–Š      | 9/24 [00:00<00:00, 77.35it/s]
Evaluating BP Model:  88%|â–ˆâ–ˆâ–ˆâ–ˆâ–ˆâ–ˆâ–ˆâ–ˆâ–Š | 21/24 [00:00<00:00, 94.70it/s]
                                                                    

BP Epoch 3/100:   0%|          | 0/421 [00:00<?, ?it/s]
BP Epoch 3/100:   4%|â–         | 16/421 [00:00<00:02, 159.54it/s]
BP Epoch 3/100:   9%|â–‰         | 37/421 [00:00<00:02, 181.81it/s]
BP Epoch 3/100:  14%|â–ˆâ–        | 59/421 [00:00<00:01, 197.57it/s]
BP Epoch 3/100:  19%|â–ˆâ–‰        | 81/421 [00:00<00:01, 198.95it/s]
BP Epoch 3/100:  19%|â–ˆâ–‰        | 81/421 [00:00<00:01, 198.95it/s, acc=86.72%, loss=0.3300]
BP Epoch 3/100:  24%|â–ˆâ–ˆâ–       | 102/421 [00:00<00:01, 201.35it/s, acc=86.72%, loss=0.3300]
BP Epoch 3/100:  29%|â–ˆâ–ˆâ–‰       | 123/421 [00:00<00:01, 204.19it/s, acc=86.72%, loss=0.3300]
BP Epoch 3/100:  34%|â–ˆâ–ˆâ–ˆâ–      | 144/421 [00:00<00:01, 205.99it/s, acc=86.72%, loss=0.3300]
BP Epoch 3/100:  39%|â–ˆâ–ˆâ–ˆâ–‰      | 165/421 [00:00<00:01, 205.60it/s, acc=86.72%, loss=0.3300]
BP Epoch 3/100:  44%|â–ˆâ–ˆâ–ˆâ–ˆâ–     | 186/421 [00:00<00:01, 202.64it/s, acc=86.72%, loss=0.3300]
BP Epoch 3/100:  44%|â–ˆâ–ˆâ–ˆâ–ˆâ–     | 186/421 [00:00<00:01, 202.64it/s, acc=92.19%, loss=0.2861]
BP Epoch 3/100:  49%|â–ˆâ–ˆâ–ˆâ–ˆâ–‰     | 207/421 [00:01<00:01, 204.77it/s, acc=92.19%, loss=0.2861]
BP Epoch 3/100:  54%|â–ˆâ–ˆâ–ˆâ–ˆâ–ˆâ–    | 228/421 [00:01<00:00, 206.08it/s, acc=92.19%, loss=0.2861]
BP Epoch 3/100:  59%|â–ˆâ–ˆâ–ˆâ–ˆâ–ˆâ–‰    | 249/421 [00:01<00:00, 207.07it/s, acc=92.19%, loss=0.2861]
BP Epoch 3/100:  64%|â–ˆâ–ˆâ–ˆâ–ˆâ–ˆâ–ˆâ–   | 270/421 [00:01<00:00, 202.61it/s, acc=92.19%, loss=0.2861]
BP Epoch 3/100:  69%|â–ˆâ–ˆâ–ˆâ–ˆâ–ˆâ–ˆâ–‰   | 291/421 [00:01<00:00, 204.56it/s, acc=92.19%, loss=0.2861]
BP Epoch 3/100:  69%|â–ˆâ–ˆâ–ˆâ–ˆâ–ˆâ–ˆâ–‰   | 291/421 [00:01<00:00, 204.56it/s, acc=87.50%, loss=0.2675]
BP Epoch 3/100:  74%|â–ˆâ–ˆâ–ˆâ–ˆâ–ˆâ–ˆâ–ˆâ–  | 312/421 [00:01<00:00, 206.09it/s, acc=87.50%, loss=0.2675]
BP Epoch 3/100:  79%|â–ˆâ–ˆâ–ˆâ–ˆâ–ˆâ–ˆâ–ˆâ–‰  | 334/421 [00:01<00:00, 203.74it/s, acc=87.50%, loss=0.2675]
BP Epoch 3/100:  84%|â–ˆâ–ˆâ–ˆâ–ˆâ–ˆâ–ˆâ–ˆâ–ˆâ– | 355/421 [00:01<00:00, 205.14it/s, acc=87.50%, loss=0.2675]
BP Epoch 3/100:  89%|â–ˆâ–ˆâ–ˆâ–ˆâ–ˆâ–ˆâ–ˆâ–ˆâ–‰ | 376/421 [00:01<00:00, 206.18it/s, acc=87.50%, loss=0.2675]
BP Epoch 3/100:  94%|â–ˆâ–ˆâ–ˆâ–ˆâ–ˆâ–ˆâ–ˆâ–ˆâ–ˆâ–| 397/421 [00:01<00:00, 207.19it/s, acc=87.50%, loss=0.2675]
BP Epoch 3/100:  94%|â–ˆâ–ˆâ–ˆâ–ˆâ–ˆâ–ˆâ–ˆâ–ˆâ–ˆâ–| 397/421 [00:01<00:00, 207.19it/s, acc=91.41%, loss=0.2708]
BP Epoch 3/100:  99%|â–ˆâ–ˆâ–ˆâ–ˆâ–ˆâ–ˆâ–ˆâ–ˆâ–ˆâ–‰| 418/421 [00:02<00:00, 199.95it/s, acc=91.41%, loss=0.2708]
BP Epoch 3/100:  99%|â–ˆâ–ˆâ–ˆâ–ˆâ–ˆâ–ˆâ–ˆâ–ˆâ–ˆâ–‰| 418/421 [00:02<00:00, 199.95it/s, acc=90.62%, loss=0.2396]
                                                                                           

Evaluating BP Model:   0%|          | 0/24 [00:00<?, ?it/s]
Evaluating BP Model:  38%|â–ˆâ–ˆâ–ˆâ–Š      | 9/24 [00:00<00:00, 78.18it/s]
Evaluating BP Model:  88%|â–ˆâ–ˆâ–ˆâ–ˆâ–ˆâ–ˆâ–ˆâ–ˆâ–Š | 21/24 [00:00<00:00, 95.61it/s]
                                                                    

BP Epoch 4/100:   0%|          | 0/421 [00:00<?, ?it/s]
BP Epoch 4/100:   4%|â–         | 16/421 [00:00<00:02, 157.42it/s]
BP Epoch 4/100:   9%|â–‰         | 37/421 [00:00<00:02, 184.65it/s]
BP Epoch 4/100:  14%|â–ˆâ–        | 58/421 [00:00<00:01, 188.24it/s]
BP Epoch 4/100:  19%|â–ˆâ–‰        | 79/421 [00:00<00:01, 195.23it/s]
BP Epoch 4/100:  19%|â–ˆâ–‰        | 79/421 [00:00<00:01, 195.23it/s, acc=87.50%, loss=0.2932]
BP Epoch 4/100:  24%|â–ˆâ–ˆâ–       | 100/421 [00:00<00:01, 186.42it/s, acc=87.50%, loss=0.2932]
BP Epoch 4/100:  30%|â–ˆâ–ˆâ–‰       | 125/421 [00:00<00:01, 205.46it/s, acc=87.50%, loss=0.2932]
BP Epoch 4/100:  35%|â–ˆâ–ˆâ–ˆâ–      | 146/421 [00:00<00:01, 199.93it/s, acc=87.50%, loss=0.2932]
BP Epoch 4/100:  40%|â–ˆâ–ˆâ–ˆâ–‰      | 167/421 [00:00<00:01, 202.47it/s, acc=87.50%, loss=0.2932]
BP Epoch 4/100:  45%|â–ˆâ–ˆâ–ˆâ–ˆâ–     | 189/421 [00:00<00:01, 206.27it/s, acc=87.50%, loss=0.2932]
BP Epoch 4/100:  45%|â–ˆâ–ˆâ–ˆâ–ˆâ–     | 189/421 [00:01<00:01, 206.27it/s, acc=91.41%, loss=0.2488]
BP Epoch 4/100:  50%|â–ˆâ–ˆâ–ˆâ–ˆâ–‰     | 210/421 [00:01<00:01, 202.00it/s, acc=91.41%, loss=0.2488]
BP Epoch 4/100:  55%|â–ˆâ–ˆâ–ˆâ–ˆâ–ˆâ–Œ    | 232/421 [00:01<00:00, 206.00it/s, acc=91.41%, loss=0.2488]
BP Epoch 4/100:  60%|â–ˆâ–ˆâ–ˆâ–ˆâ–ˆâ–ˆ    | 254/421 [00:01<00:00, 202.98it/s, acc=91.41%, loss=0.2488]
BP Epoch 4/100:  66%|â–ˆâ–ˆâ–ˆâ–ˆâ–ˆâ–ˆâ–Œ   | 276/421 [00:01<00:00, 206.95it/s, acc=91.41%, loss=0.2488]
BP Epoch 4/100:  71%|â–ˆâ–ˆâ–ˆâ–ˆâ–ˆâ–ˆâ–ˆ   | 297/421 [00:01<00:00, 207.45it/s, acc=91.41%, loss=0.2488]
BP Epoch 4/100:  71%|â–ˆâ–ˆâ–ˆâ–ˆâ–ˆâ–ˆâ–ˆ   | 297/421 [00:01<00:00, 207.45it/s, acc=90.62%, loss=0.2777]
BP Epoch 4/100:  76%|â–ˆâ–ˆâ–ˆâ–ˆâ–ˆâ–ˆâ–ˆâ–Œ  | 318/421 [00:01<00:00, 203.01it/s, acc=90.62%, loss=0.2777]
BP Epoch 4/100:  81%|â–ˆâ–ˆâ–ˆâ–ˆâ–ˆâ–ˆâ–ˆâ–ˆ  | 340/421 [00:01<00:00, 206.65it/s, acc=90.62%, loss=0.2777]
BP Epoch 4/100:  86%|â–ˆâ–ˆâ–ˆâ–ˆâ–ˆâ–ˆâ–ˆâ–ˆâ–Œ | 362/421 [00:01<00:00, 203.85it/s, acc=90.62%, loss=0.2777]
BP Epoch 4/100:  91%|â–ˆâ–ˆâ–ˆâ–ˆâ–ˆâ–ˆâ–ˆâ–ˆâ–ˆ | 384/421 [00:01<00:00, 207.07it/s, acc=90.62%, loss=0.2777]
BP Epoch 4/100:  91%|â–ˆâ–ˆâ–ˆâ–ˆâ–ˆâ–ˆâ–ˆâ–ˆâ–ˆ | 384/421 [00:01<00:00, 207.07it/s, acc=85.16%, loss=0.3612]
BP Epoch 4/100:  96%|â–ˆâ–ˆâ–ˆâ–ˆâ–ˆâ–ˆâ–ˆâ–ˆâ–ˆâ–‹| 406/421 [00:02<00:00, 204.03it/s, acc=85.16%, loss=0.3612]
BP Epoch 4/100:  96%|â–ˆâ–ˆâ–ˆâ–ˆâ–ˆâ–ˆâ–ˆâ–ˆâ–ˆâ–‹| 406/421 [00:02<00:00, 204.03it/s, acc=89.06%, loss=0.2869]
                                                                                           

Evaluating BP Model:   0%|          | 0/24 [00:00<?, ?it/s]
Evaluating BP Model:  38%|â–ˆâ–ˆâ–ˆâ–Š      | 9/24 [00:00<00:00, 77.71it/s]
Evaluating BP Model:  88%|â–ˆâ–ˆâ–ˆâ–ˆâ–ˆâ–ˆâ–ˆâ–ˆâ–Š | 21/24 [00:00<00:00, 95.18it/s]
                                                                    

BP Epoch 5/100:   0%|          | 0/421 [00:00<?, ?it/s]
BP Epoch 5/100:   4%|â–         | 17/421 [00:00<00:02, 155.76it/s]
BP Epoch 5/100:   9%|â–‰         | 39/421 [00:00<00:02, 190.22it/s]
BP Epoch 5/100:  14%|â–ˆâ–        | 61/421 [00:00<00:01, 197.04it/s]
BP Epoch 5/100:  19%|â–ˆâ–‰        | 82/421 [00:00<00:01, 199.55it/s]
BP Epoch 5/100:  19%|â–ˆâ–‰        | 82/421 [00:00<00:01, 199.55it/s, acc=89.84%, loss=0.2697]
BP Epoch 5/100:  24%|â–ˆâ–ˆâ–       | 103/421 [00:00<00:01, 203.14it/s, acc=89.84%, loss=0.2697]
BP Epoch 5/100:  29%|â–ˆâ–ˆâ–‰       | 124/421 [00:00<00:01, 204.85it/s, acc=89.84%, loss=0.2697]
BP Epoch 5/100:  34%|â–ˆâ–ˆâ–ˆâ–      | 145/421 [00:00<00:01, 206.41it/s, acc=89.84%, loss=0.2697]
BP Epoch 5/100:  39%|â–ˆâ–ˆâ–ˆâ–‰      | 166/421 [00:00<00:01, 202.13it/s, acc=89.84%, loss=0.2697]
BP Epoch 5/100:  44%|â–ˆâ–ˆâ–ˆâ–ˆâ–     | 187/421 [00:00<00:01, 204.30it/s, acc=89.84%, loss=0.2697]
BP Epoch 5/100:  44%|â–ˆâ–ˆâ–ˆâ–ˆâ–     | 187/421 [00:00<00:01, 204.30it/s, acc=93.75%, loss=0.2380]
BP Epoch 5/100:  50%|â–ˆâ–ˆâ–ˆâ–ˆâ–‰     | 209/421 [00:01<00:01, 207.51it/s, acc=93.75%, loss=0.2380]
BP Epoch 5/100:  55%|â–ˆâ–ˆâ–ˆâ–ˆâ–ˆâ–    | 230/421 [00:01<00:00, 203.00it/s, acc=93.75%, loss=0.2380]
BP Epoch 5/100:  60%|â–ˆâ–ˆâ–ˆâ–ˆâ–ˆâ–‰    | 252/421 [00:01<00:00, 206.43it/s, acc=93.75%, loss=0.2380]
BP Epoch 5/100:  65%|â–ˆâ–ˆâ–ˆâ–ˆâ–ˆâ–ˆâ–Œ   | 274/421 [00:01<00:00, 203.87it/s, acc=93.75%, loss=0.2380]
BP Epoch 5/100:  70%|â–ˆâ–ˆâ–ˆâ–ˆâ–ˆâ–ˆâ–ˆ   | 295/421 [00:01<00:00, 205.55it/s, acc=93.75%, loss=0.2380]
BP Epoch 5/100:  70%|â–ˆâ–ˆâ–ˆâ–ˆâ–ˆâ–ˆâ–ˆ   | 295/421 [00:01<00:00, 205.55it/s, acc=90.62%, loss=0.2603]
BP Epoch 5/100:  75%|â–ˆâ–ˆâ–ˆâ–ˆâ–ˆâ–ˆâ–ˆâ–Œ  | 317/421 [00:01<00:00, 208.15it/s, acc=90.62%, loss=0.2603]
BP Epoch 5/100:  80%|â–ˆâ–ˆâ–ˆâ–ˆâ–ˆâ–ˆâ–ˆâ–ˆ  | 338/421 [00:01<00:00, 203.72it/s, acc=90.62%, loss=0.2603]
BP Epoch 5/100:  85%|â–ˆâ–ˆâ–ˆâ–ˆâ–ˆâ–ˆâ–ˆâ–ˆâ–Œ | 359/421 [00:01<00:00, 205.31it/s, acc=90.62%, loss=0.2603]
BP Epoch 5/100:  90%|â–ˆâ–ˆâ–ˆâ–ˆâ–ˆâ–ˆâ–ˆâ–ˆâ–ˆ | 380/421 [00:01<00:00, 206.59it/s, acc=90.62%, loss=0.2603]
BP Epoch 5/100:  90%|â–ˆâ–ˆâ–ˆâ–ˆâ–ˆâ–ˆâ–ˆâ–ˆâ–ˆ | 380/421 [00:01<00:00, 206.59it/s, acc=86.72%, loss=0.3799]
BP Epoch 5/100:  95%|â–ˆâ–ˆâ–ˆâ–ˆâ–ˆâ–ˆâ–ˆâ–ˆâ–ˆâ–Œ| 401/421 [00:01<00:00, 206.09it/s, acc=86.72%, loss=0.3799]
BP Epoch 5/100:  95%|â–ˆâ–ˆâ–ˆâ–ˆâ–ˆâ–ˆâ–ˆâ–ˆâ–ˆâ–Œ| 401/421 [00:02<00:00, 206.09it/s, acc=92.19%, loss=0.1922]
                                                                                           

Evaluating BP Model:   0%|          | 0/24 [00:00<?, ?it/s]
Evaluating BP Model:  38%|â–ˆâ–ˆâ–ˆâ–Š      | 9/24 [00:00<00:00, 77.69it/s]
Evaluating BP Model:  88%|â–ˆâ–ˆâ–ˆâ–ˆâ–ˆâ–ˆâ–ˆâ–ˆâ–Š | 21/24 [00:00<00:00, 95.47it/s]
                                                                    

BP Epoch 6/100:   0%|          | 0/421 [00:00<?, ?it/s]
BP Epoch 6/100:   4%|â–         | 17/421 [00:00<00:02, 154.80it/s]
BP Epoch 6/100:   9%|â–‰         | 39/421 [00:00<00:02, 189.62it/s]
BP Epoch 6/100:  14%|â–ˆâ–        | 61/421 [00:00<00:01, 194.38it/s]
BP Epoch 6/100:  20%|â–ˆâ–‰        | 83/421 [00:00<00:01, 201.71it/s]
BP Epoch 6/100:  20%|â–ˆâ–‰        | 83/421 [00:00<00:01, 201.71it/s, acc=89.84%, loss=0.2710]
BP Epoch 6/100:  25%|â–ˆâ–ˆâ–       | 104/421 [00:00<00:01, 204.18it/s, acc=89.84%, loss=0.2710]
BP Epoch 6/100:  30%|â–ˆâ–ˆâ–‰       | 125/421 [00:00<00:01, 203.40it/s, acc=89.84%, loss=0.2710]
BP Epoch 6/100:  35%|â–ˆâ–ˆâ–ˆâ–      | 147/421 [00:00<00:01, 204.66it/s, acc=89.84%, loss=0.2710]
BP Epoch 6/100:  40%|â–ˆâ–ˆâ–ˆâ–ˆ      | 169/421 [00:00<00:01, 207.75it/s, acc=89.84%, loss=0.2710]
BP Epoch 6/100:  45%|â–ˆâ–ˆâ–ˆâ–ˆâ–Œ     | 191/421 [00:00<00:01, 204.63it/s, acc=89.84%, loss=0.2710]
BP Epoch 6/100:  45%|â–ˆâ–ˆâ–ˆâ–ˆâ–Œ     | 191/421 [00:00<00:01, 204.63it/s, acc=88.28%, loss=0.2980][codecarbon INFO @ 02:27:47] Energy consumed for RAM : 0.000164 kWh. RAM Power : 38.0 W

BP Epoch 6/100:  50%|â–ˆâ–ˆâ–ˆâ–ˆâ–ˆ     | 212/421 [00:01<00:01, 206.11it/s, acc=88.28%, loss=0.2980]
BP Epoch 6/100:  56%|â–ˆâ–ˆâ–ˆâ–ˆâ–ˆâ–Œ    | 234/421 [00:01<00:00, 208.87it/s, acc=88.28%, loss=0.2980]
BP Epoch 6/100:  61%|â–ˆâ–ˆâ–ˆâ–ˆâ–ˆâ–ˆ    | 255/421 [00:01<00:00, 204.32it/s, acc=88.28%, loss=0.2980]
BP Epoch 6/100:  66%|â–ˆâ–ˆâ–ˆâ–ˆâ–ˆâ–ˆâ–Œ   | 277/421 [00:01<00:00, 207.51it/s, acc=88.28%, loss=0.2980]
BP Epoch 6/100:  71%|â–ˆâ–ˆâ–ˆâ–ˆâ–ˆâ–ˆâ–ˆ   | 298/421 [00:01<00:00, 208.16it/s, acc=88.28%, loss=0.2980]
BP Epoch 6/100:  71%|â–ˆâ–ˆâ–ˆâ–ˆâ–ˆâ–ˆâ–ˆ   | 298/421 [00:01<00:00, 208.16it/s, acc=89.06%, loss=0.2968][codecarbon INFO @ 02:27:48] Delta energy consumed for CPU with cpu_load : 0.000194 kWh, power : 45.0 W
[codecarbon INFO @ 02:27:48] Energy consumed for All CPU : 0.000194 kWh
[codecarbon INFO @ 02:27:48] Energy consumed for all GPUs : 0.000503 kWh. Total GPU Power : 113.07023443688053 W
[codecarbon INFO @ 02:27:48] 0.000860 kWh of electricity used since the beginning.

BP Epoch 6/100:  76%|â–ˆâ–ˆâ–ˆâ–ˆâ–ˆâ–ˆâ–ˆâ–Œ  | 319/421 [00:01<00:00, 203.53it/s, acc=89.06%, loss=0.2968]
BP Epoch 6/100:  81%|â–ˆâ–ˆâ–ˆâ–ˆâ–ˆâ–ˆâ–ˆâ–ˆ  | 341/421 [00:01<00:00, 207.07it/s, acc=89.06%, loss=0.2968]
BP Epoch 6/100:  86%|â–ˆâ–ˆâ–ˆâ–ˆâ–ˆâ–ˆâ–ˆâ–ˆâ–Œ | 363/421 [00:01<00:00, 203.90it/s, acc=89.06%, loss=0.2968]
BP Epoch 6/100:  91%|â–ˆâ–ˆâ–ˆâ–ˆâ–ˆâ–ˆâ–ˆâ–ˆâ–ˆâ–| 385/421 [00:01<00:00, 207.13it/s, acc=89.06%, loss=0.2968]
BP Epoch 6/100:  91%|â–ˆâ–ˆâ–ˆâ–ˆâ–ˆâ–ˆâ–ˆâ–ˆâ–ˆâ–| 385/421 [00:01<00:00, 207.13it/s, acc=87.50%, loss=0.2541]
BP Epoch 6/100:  96%|â–ˆâ–ˆâ–ˆâ–ˆâ–ˆâ–ˆâ–ˆâ–ˆâ–ˆâ–‹| 406/421 [00:01<00:00, 207.74it/s, acc=87.50%, loss=0.2541]
BP Epoch 6/100:  96%|â–ˆâ–ˆâ–ˆâ–ˆâ–ˆâ–ˆâ–ˆâ–ˆâ–ˆâ–‹| 406/421 [00:02<00:00, 207.74it/s, acc=91.41%, loss=0.2459]
                                                                                           

Evaluating BP Model:   0%|          | 0/24 [00:00<?, ?it/s]
Evaluating BP Model:  38%|â–ˆâ–ˆâ–ˆâ–Š      | 9/24 [00:00<00:00, 75.94it/s]
Evaluating BP Model:  88%|â–ˆâ–ˆâ–ˆâ–ˆâ–ˆâ–ˆâ–ˆâ–ˆâ–Š | 21/24 [00:00<00:00, 94.55it/s]
                                                                    

BP Epoch 7/100:   0%|          | 0/421 [00:00<?, ?it/s]
BP Epoch 7/100:   4%|â–         | 17/421 [00:00<00:02, 162.59it/s]
BP Epoch 7/100:   9%|â–‰         | 39/421 [00:00<00:01, 193.44it/s]
BP Epoch 7/100:  14%|â–ˆâ–        | 61/421 [00:00<00:01, 197.03it/s]
BP Epoch 7/100:  20%|â–ˆâ–‰        | 83/421 [00:00<00:01, 202.92it/s]
BP Epoch 7/100:  20%|â–ˆâ–‰        | 83/421 [00:00<00:01, 202.92it/s, acc=91.41%, loss=0.2137]
BP Epoch 7/100:  25%|â–ˆâ–ˆâ–       | 105/421 [00:00<00:01, 203.05it/s, acc=91.41%, loss=0.2137]
BP Epoch 7/100:  30%|â–ˆâ–ˆâ–ˆ       | 127/421 [00:00<00:01, 205.03it/s, acc=91.41%, loss=0.2137]
BP Epoch 7/100:  35%|â–ˆâ–ˆâ–ˆâ–Œ      | 149/421 [00:00<00:01, 205.83it/s, acc=91.41%, loss=0.2137]
BP Epoch 7/100:  41%|â–ˆâ–ˆâ–ˆâ–ˆ      | 171/421 [00:00<00:01, 205.20it/s, acc=91.41%, loss=0.2137]
BP Epoch 7/100:  46%|â–ˆâ–ˆâ–ˆâ–ˆâ–Œ     | 193/421 [00:00<00:01, 207.46it/s, acc=91.41%, loss=0.2137]
BP Epoch 7/100:  46%|â–ˆâ–ˆâ–ˆâ–ˆâ–Œ     | 193/421 [00:00<00:01, 207.46it/s, acc=92.97%, loss=0.2125]
BP Epoch 7/100:  51%|â–ˆâ–ˆâ–ˆâ–ˆâ–ˆ     | 215/421 [00:01<00:01, 204.90it/s, acc=92.97%, loss=0.2125]
BP Epoch 7/100:  56%|â–ˆâ–ˆâ–ˆâ–ˆâ–ˆâ–‹    | 237/421 [00:01<00:00, 207.81it/s, acc=92.97%, loss=0.2125]
BP Epoch 7/100:  62%|â–ˆâ–ˆâ–ˆâ–ˆâ–ˆâ–ˆâ–   | 259/421 [00:01<00:00, 204.70it/s, acc=92.97%, loss=0.2125]
BP Epoch 7/100:  67%|â–ˆâ–ˆâ–ˆâ–ˆâ–ˆâ–ˆâ–‹   | 281/421 [00:01<00:00, 207.59it/s, acc=92.97%, loss=0.2125]
BP Epoch 7/100:  67%|â–ˆâ–ˆâ–ˆâ–ˆâ–ˆâ–ˆâ–‹   | 281/421 [00:01<00:00, 207.59it/s, acc=98.44%, loss=0.0871]
BP Epoch 7/100:  72%|â–ˆâ–ˆâ–ˆâ–ˆâ–ˆâ–ˆâ–ˆâ–  | 302/421 [00:01<00:00, 206.70it/s, acc=98.44%, loss=0.0871]
BP Epoch 7/100:  77%|â–ˆâ–ˆâ–ˆâ–ˆâ–ˆâ–ˆâ–ˆâ–‹  | 323/421 [00:01<00:00, 204.43it/s, acc=98.44%, loss=0.0871]
BP Epoch 7/100:  82%|â–ˆâ–ˆâ–ˆâ–ˆâ–ˆâ–ˆâ–ˆâ–ˆâ– | 345/421 [00:01<00:00, 207.60it/s, acc=98.44%, loss=0.0871]
BP Epoch 7/100:  87%|â–ˆâ–ˆâ–ˆâ–ˆâ–ˆâ–ˆâ–ˆâ–ˆâ–‹ | 367/421 [00:01<00:00, 204.57it/s, acc=98.44%, loss=0.0871]
BP Epoch 7/100:  92%|â–ˆâ–ˆâ–ˆâ–ˆâ–ˆâ–ˆâ–ˆâ–ˆâ–ˆâ–| 389/421 [00:01<00:00, 207.39it/s, acc=98.44%, loss=0.0871]
BP Epoch 7/100:  92%|â–ˆâ–ˆâ–ˆâ–ˆâ–ˆâ–ˆâ–ˆâ–ˆâ–ˆâ–| 389/421 [00:01<00:00, 207.39it/s, acc=89.84%, loss=0.2074]
BP Epoch 7/100:  98%|â–ˆâ–ˆâ–ˆâ–ˆâ–ˆâ–ˆâ–ˆâ–ˆâ–ˆâ–Š| 411/421 [00:02<00:00, 204.53it/s, acc=89.84%, loss=0.2074]
BP Epoch 7/100:  98%|â–ˆâ–ˆâ–ˆâ–ˆâ–ˆâ–ˆâ–ˆâ–ˆâ–ˆâ–Š| 411/421 [00:02<00:00, 204.53it/s, acc=89.06%, loss=0.2710]
                                                                                           

Evaluating BP Model:   0%|          | 0/24 [00:00<?, ?it/s]
Evaluating BP Model:  38%|â–ˆâ–ˆâ–ˆâ–Š      | 9/24 [00:00<00:00, 75.43it/s]
Evaluating BP Model:  88%|â–ˆâ–ˆâ–ˆâ–ˆâ–ˆâ–ˆâ–ˆâ–ˆâ–Š | 21/24 [00:00<00:00, 95.36it/s]
                                                                    

BP Epoch 8/100:   0%|          | 0/421 [00:00<?, ?it/s]
BP Epoch 8/100:   4%|â–         | 17/421 [00:00<00:02, 155.85it/s]
BP Epoch 8/100:   9%|â–‰         | 38/421 [00:00<00:02, 186.01it/s]
BP Epoch 8/100:  14%|â–ˆâ–        | 60/421 [00:00<00:01, 199.53it/s]
BP Epoch 8/100:  19%|â–ˆâ–‰        | 81/421 [00:00<00:01, 201.96it/s]
BP Epoch 8/100:  19%|â–ˆâ–‰        | 81/421 [00:00<00:01, 201.96it/s, acc=92.19%, loss=0.2217]
BP Epoch 8/100:  24%|â–ˆâ–ˆâ–       | 102/421 [00:00<00:01, 201.72it/s, acc=92.19%, loss=0.2217]
BP Epoch 8/100:  29%|â–ˆâ–ˆâ–‰       | 124/421 [00:00<00:01, 207.11it/s, acc=92.19%, loss=0.2217]
BP Epoch 8/100:  35%|â–ˆâ–ˆâ–ˆâ–      | 146/421 [00:00<00:01, 203.65it/s, acc=92.19%, loss=0.2217]
BP Epoch 8/100:  40%|â–ˆâ–ˆâ–ˆâ–‰      | 168/421 [00:00<00:01, 208.03it/s, acc=92.19%, loss=0.2217]
BP Epoch 8/100:  45%|â–ˆâ–ˆâ–ˆâ–ˆâ–Œ     | 190/421 [00:00<00:01, 204.96it/s, acc=92.19%, loss=0.2217]
BP Epoch 8/100:  45%|â–ˆâ–ˆâ–ˆâ–ˆâ–Œ     | 190/421 [00:00<00:01, 204.96it/s, acc=90.62%, loss=0.2262]
BP Epoch 8/100:  50%|â–ˆâ–ˆâ–ˆâ–ˆâ–ˆ     | 212/421 [00:01<00:01, 208.54it/s, acc=90.62%, loss=0.2262]
BP Epoch 8/100:  56%|â–ˆâ–ˆâ–ˆâ–ˆâ–ˆâ–Œ    | 234/421 [00:01<00:00, 205.51it/s, acc=90.62%, loss=0.2262]
BP Epoch 8/100:  61%|â–ˆâ–ˆâ–ˆâ–ˆâ–ˆâ–ˆ    | 256/421 [00:01<00:00, 208.88it/s, acc=90.62%, loss=0.2262]
BP Epoch 8/100:  66%|â–ˆâ–ˆâ–ˆâ–ˆâ–ˆâ–ˆâ–Œ   | 278/421 [00:01<00:00, 205.70it/s, acc=90.62%, loss=0.2262]
BP Epoch 8/100:  66%|â–ˆâ–ˆâ–ˆâ–ˆâ–ˆâ–ˆâ–Œ   | 278/421 [00:01<00:00, 205.70it/s, acc=92.97%, loss=0.1759]
BP Epoch 8/100:  71%|â–ˆâ–ˆâ–ˆâ–ˆâ–ˆâ–ˆâ–ˆâ–  | 300/421 [00:01<00:00, 207.00it/s, acc=92.97%, loss=0.1759]
BP Epoch 8/100:  76%|â–ˆâ–ˆâ–ˆâ–ˆâ–ˆâ–ˆâ–ˆâ–‹  | 322/421 [00:01<00:00, 205.75it/s, acc=92.97%, loss=0.1759]
BP Epoch 8/100:  82%|â–ˆâ–ˆâ–ˆâ–ˆâ–ˆâ–ˆâ–ˆâ–ˆâ– | 344/421 [00:01<00:00, 208.40it/s, acc=92.97%, loss=0.1759]
BP Epoch 8/100:  87%|â–ˆâ–ˆâ–ˆâ–ˆâ–ˆâ–ˆâ–ˆâ–ˆâ–‹ | 366/421 [00:01<00:00, 205.99it/s, acc=92.97%, loss=0.1759]
BP Epoch 8/100:  92%|â–ˆâ–ˆâ–ˆâ–ˆâ–ˆâ–ˆâ–ˆâ–ˆâ–ˆâ–| 387/421 [00:01<00:00, 206.12it/s, acc=92.97%, loss=0.1759]
BP Epoch 8/100:  92%|â–ˆâ–ˆâ–ˆâ–ˆâ–ˆâ–ˆâ–ˆâ–ˆâ–ˆâ–| 387/421 [00:01<00:00, 206.12it/s, acc=96.09%, loss=0.0978]
BP Epoch 8/100:  97%|â–ˆâ–ˆâ–ˆâ–ˆâ–ˆâ–ˆâ–ˆâ–ˆâ–ˆâ–‹| 409/421 [00:01<00:00, 208.69it/s, acc=96.09%, loss=0.0978]
BP Epoch 8/100:  97%|â–ˆâ–ˆâ–ˆâ–ˆâ–ˆâ–ˆâ–ˆâ–ˆâ–ˆâ–‹| 409/421 [00:02<00:00, 208.69it/s, acc=96.09%, loss=0.1998]
                                                                                           

Evaluating BP Model:   0%|          | 0/24 [00:00<?, ?it/s]
Evaluating BP Model:  38%|â–ˆâ–ˆâ–ˆâ–Š      | 9/24 [00:00<00:00, 76.83it/s]
Evaluating BP Model:  88%|â–ˆâ–ˆâ–ˆâ–ˆâ–ˆâ–ˆâ–ˆâ–ˆâ–Š | 21/24 [00:00<00:00, 94.42it/s]
                                                                    

BP Epoch 9/100:   0%|          | 0/421 [00:00<?, ?it/s]
BP Epoch 9/100:   4%|â–         | 17/421 [00:00<00:02, 158.14it/s]
BP Epoch 9/100:   9%|â–‰         | 39/421 [00:00<00:01, 191.28it/s]
BP Epoch 9/100:  14%|â–ˆâ–        | 61/421 [00:00<00:01, 197.37it/s]
BP Epoch 9/100:  20%|â–ˆâ–‰        | 83/421 [00:00<00:01, 202.42it/s]
BP Epoch 9/100:  20%|â–ˆâ–‰        | 83/421 [00:00<00:01, 202.42it/s, acc=94.53%, loss=0.1380]
BP Epoch 9/100:  25%|â–ˆâ–ˆâ–       | 105/421 [00:00<00:01, 205.25it/s, acc=94.53%, loss=0.1380]
BP Epoch 9/100:  30%|â–ˆâ–ˆâ–ˆ       | 127/421 [00:00<00:01, 204.61it/s, acc=94.53%, loss=0.1380]
BP Epoch 9/100:  35%|â–ˆâ–ˆâ–ˆâ–Œ      | 149/421 [00:00<00:01, 208.00it/s, acc=94.53%, loss=0.1380]
BP Epoch 9/100:  41%|â–ˆâ–ˆâ–ˆâ–ˆ      | 171/421 [00:00<00:01, 204.78it/s, acc=94.53%, loss=0.1380]
BP Epoch 9/100:  46%|â–ˆâ–ˆâ–ˆâ–ˆâ–Œ     | 193/421 [00:00<00:01, 207.69it/s, acc=94.53%, loss=0.1380]
BP Epoch 9/100:  46%|â–ˆâ–ˆâ–ˆâ–ˆâ–Œ     | 193/421 [00:00<00:01, 207.69it/s, acc=96.09%, loss=0.0912]
BP Epoch 9/100:  51%|â–ˆâ–ˆâ–ˆâ–ˆâ–ˆ     | 215/421 [00:01<00:01, 204.77it/s, acc=96.09%, loss=0.0912]
BP Epoch 9/100:  56%|â–ˆâ–ˆâ–ˆâ–ˆâ–ˆâ–Œ    | 236/421 [00:01<00:00, 205.93it/s, acc=96.09%, loss=0.0912]
BP Epoch 9/100:  61%|â–ˆâ–ˆâ–ˆâ–ˆâ–ˆâ–ˆâ–   | 258/421 [00:01<00:00, 208.82it/s, acc=96.09%, loss=0.0912]
BP Epoch 9/100:  66%|â–ˆâ–ˆâ–ˆâ–ˆâ–ˆâ–ˆâ–‹   | 279/421 [00:01<00:00, 203.89it/s, acc=96.09%, loss=0.0912]
BP Epoch 9/100:  66%|â–ˆâ–ˆâ–ˆâ–ˆâ–ˆâ–ˆâ–‹   | 279/421 [00:01<00:00, 203.89it/s, acc=90.62%, loss=0.2223]
BP Epoch 9/100:  71%|â–ˆâ–ˆâ–ˆâ–ˆâ–ˆâ–ˆâ–ˆâ–  | 300/421 [00:01<00:00, 204.75it/s, acc=90.62%, loss=0.2223]
BP Epoch 9/100:  76%|â–ˆâ–ˆâ–ˆâ–ˆâ–ˆâ–ˆâ–ˆâ–‹  | 322/421 [00:01<00:00, 209.18it/s, acc=90.62%, loss=0.2223]
BP Epoch 9/100:  81%|â–ˆâ–ˆâ–ˆâ–ˆâ–ˆâ–ˆâ–ˆâ–ˆâ– | 343/421 [00:01<00:00, 204.20it/s, acc=90.62%, loss=0.2223]
BP Epoch 9/100:  87%|â–ˆâ–ˆâ–ˆâ–ˆâ–ˆâ–ˆâ–ˆâ–ˆâ–‹ | 365/421 [00:01<00:00, 207.52it/s, acc=90.62%, loss=0.2223]
BP Epoch 9/100:  92%|â–ˆâ–ˆâ–ˆâ–ˆâ–ˆâ–ˆâ–ˆâ–ˆâ–ˆâ–| 386/421 [00:01<00:00, 208.13it/s, acc=90.62%, loss=0.2223]
BP Epoch 9/100:  92%|â–ˆâ–ˆâ–ˆâ–ˆâ–ˆâ–ˆâ–ˆâ–ˆâ–ˆâ–| 386/421 [00:01<00:00, 208.13it/s, acc=92.19%, loss=0.2563]
BP Epoch 9/100:  97%|â–ˆâ–ˆâ–ˆâ–ˆâ–ˆâ–ˆâ–ˆâ–ˆâ–ˆâ–‹| 407/421 [00:01<00:00, 203.68it/s, acc=92.19%, loss=0.2563]
BP Epoch 9/100:  97%|â–ˆâ–ˆâ–ˆâ–ˆâ–ˆâ–ˆâ–ˆâ–ˆâ–ˆâ–‹| 407/421 [00:02<00:00, 203.68it/s, acc=93.75%, loss=0.1708]
                                                                                           

Evaluating BP Model:   0%|          | 0/24 [00:00<?, ?it/s]
Evaluating BP Model:  38%|â–ˆâ–ˆâ–ˆâ–Š      | 9/24 [00:00<00:00, 69.42it/s]
Evaluating BP Model:  88%|â–ˆâ–ˆâ–ˆâ–ˆâ–ˆâ–ˆâ–ˆâ–ˆâ–Š | 21/24 [00:00<00:00, 94.66it/s]
                                                                    

BP Epoch 10/100:   0%|          | 0/421 [00:00<?, ?it/s]
BP Epoch 10/100:   4%|â–         | 17/421 [00:00<00:02, 155.04it/s]
BP Epoch 10/100:   9%|â–‰         | 39/421 [00:00<00:02, 190.18it/s]
BP Epoch 10/100:  14%|â–ˆâ–        | 61/421 [00:00<00:01, 195.29it/s]
BP Epoch 10/100:  20%|â–ˆâ–‰        | 83/421 [00:00<00:01, 201.58it/s]
BP Epoch 10/100:  20%|â–ˆâ–‰        | 83/421 [00:00<00:01, 201.58it/s, acc=94.53%, loss=0.1606]
BP Epoch 10/100:  25%|â–ˆâ–ˆâ–       | 105/421 [00:00<00:01, 202.85it/s, acc=94.53%, loss=0.1606]
BP Epoch 10/100:  30%|â–ˆâ–ˆâ–ˆ       | 127/421 [00:00<00:01, 204.48it/s, acc=94.53%, loss=0.1606]
BP Epoch 10/100:  35%|â–ˆâ–ˆâ–ˆâ–Œ      | 149/421 [00:00<00:01, 206.27it/s, acc=94.53%, loss=0.1606]
BP Epoch 10/100:  41%|â–ˆâ–ˆâ–ˆâ–ˆ      | 171/421 [00:00<00:01, 205.19it/s, acc=94.53%, loss=0.1606]
BP Epoch 10/100:  46%|â–ˆâ–ˆâ–ˆâ–ˆâ–Œ     | 193/421 [00:00<00:01, 207.74it/s, acc=94.53%, loss=0.1606]
BP Epoch 10/100:  46%|â–ˆâ–ˆâ–ˆâ–ˆâ–Œ     | 193/421 [00:00<00:01, 207.74it/s, acc=93.75%, loss=0.1631]
BP Epoch 10/100:  51%|â–ˆâ–ˆâ–ˆâ–ˆâ–ˆ     | 215/421 [00:01<00:01, 204.95it/s, acc=93.75%, loss=0.1631]
BP Epoch 10/100:  56%|â–ˆâ–ˆâ–ˆâ–ˆâ–ˆâ–Œ    | 236/421 [00:01<00:00, 206.26it/s, acc=93.75%, loss=0.1631]
BP Epoch 10/100:  61%|â–ˆâ–ˆâ–ˆâ–ˆâ–ˆâ–ˆâ–   | 258/421 [00:01<00:00, 208.89it/s, acc=93.75%, loss=0.1631]
BP Epoch 10/100:  66%|â–ˆâ–ˆâ–ˆâ–ˆâ–ˆâ–ˆâ–‹   | 279/421 [00:01<00:00, 203.89it/s, acc=93.75%, loss=0.1631]
BP Epoch 10/100:  66%|â–ˆâ–ˆâ–ˆâ–ˆâ–ˆâ–ˆâ–‹   | 279/421 [00:01<00:00, 203.89it/s, acc=95.31%, loss=0.1184]
BP Epoch 10/100:  71%|â–ˆâ–ˆâ–ˆâ–ˆâ–ˆâ–ˆâ–ˆâ–  | 300/421 [00:01<00:00, 204.45it/s, acc=95.31%, loss=0.1184]
BP Epoch 10/100:  76%|â–ˆâ–ˆâ–ˆâ–ˆâ–ˆâ–ˆâ–ˆâ–‹  | 322/421 [00:01<00:00, 208.79it/s, acc=95.31%, loss=0.1184]
BP Epoch 10/100:  81%|â–ˆâ–ˆâ–ˆâ–ˆâ–ˆâ–ˆâ–ˆâ–ˆâ– | 343/421 [00:01<00:00, 204.21it/s, acc=95.31%, loss=0.1184]
BP Epoch 10/100:  87%|â–ˆâ–ˆâ–ˆâ–ˆâ–ˆâ–ˆâ–ˆâ–ˆâ–‹ | 365/421 [00:01<00:00, 207.43it/s, acc=95.31%, loss=0.1184]
BP Epoch 10/100:  92%|â–ˆâ–ˆâ–ˆâ–ˆâ–ˆâ–ˆâ–ˆâ–ˆâ–ˆâ–| 387/421 [00:01<00:00, 204.64it/s, acc=95.31%, loss=0.1184]
BP Epoch 10/100:  92%|â–ˆâ–ˆâ–ˆâ–ˆâ–ˆâ–ˆâ–ˆâ–ˆâ–ˆâ–| 387/421 [00:01<00:00, 204.64it/s, acc=97.66%, loss=0.1279]
BP Epoch 10/100:  97%|â–ˆâ–ˆâ–ˆâ–ˆâ–ˆâ–ˆâ–ˆâ–ˆâ–ˆâ–‹| 409/421 [00:02<00:00, 207.90it/s, acc=97.66%, loss=0.1279]
BP Epoch 10/100:  97%|â–ˆâ–ˆâ–ˆâ–ˆâ–ˆâ–ˆâ–ˆâ–ˆâ–ˆâ–‹| 409/421 [00:02<00:00, 207.90it/s, acc=94.53%, loss=0.1381]
                                                                                            

Evaluating BP Model:   0%|          | 0/24 [00:00<?, ?it/s]
Evaluating BP Model:  38%|â–ˆâ–ˆâ–ˆâ–Š      | 9/24 [00:00<00:00, 75.57it/s]
Evaluating BP Model:  88%|â–ˆâ–ˆâ–ˆâ–ˆâ–ˆâ–ˆâ–ˆâ–ˆâ–Š | 21/24 [00:00<00:00, 94.80it/s]
                                                                    

BP Epoch 11/100:   0%|          | 0/421 [00:00<?, ?it/s]
BP Epoch 11/100:   4%|â–         | 17/421 [00:00<00:02, 153.68it/s]
BP Epoch 11/100:   9%|â–‰         | 39/421 [00:00<00:02, 190.20it/s]
BP Epoch 11/100:  14%|â–ˆâ–        | 61/421 [00:00<00:01, 194.68it/s]
BP Epoch 11/100:  20%|â–ˆâ–‰        | 83/421 [00:00<00:01, 203.06it/s]
BP Epoch 11/100:  20%|â–ˆâ–‰        | 83/421 [00:00<00:01, 203.06it/s, acc=90.62%, loss=0.1595]
BP Epoch 11/100:  25%|â–ˆâ–ˆâ–       | 105/421 [00:00<00:01, 201.26it/s, acc=90.62%, loss=0.1595]
BP Epoch 11/100:  30%|â–ˆâ–ˆâ–ˆ       | 127/421 [00:00<00:01, 206.35it/s, acc=90.62%, loss=0.1595]
BP Epoch 11/100:  35%|â–ˆâ–ˆâ–ˆâ–Œ      | 149/421 [00:00<00:01, 204.32it/s, acc=90.62%, loss=0.1595]
BP Epoch 11/100:  41%|â–ˆâ–ˆâ–ˆâ–ˆ      | 171/421 [00:00<00:01, 208.22it/s, acc=90.62%, loss=0.1595]
BP Epoch 11/100:  46%|â–ˆâ–ˆâ–ˆâ–ˆâ–Œ     | 193/421 [00:00<00:01, 205.22it/s, acc=90.62%, loss=0.1595]
BP Epoch 11/100:  46%|â–ˆâ–ˆâ–ˆâ–ˆâ–Œ     | 193/421 [00:00<00:01, 205.22it/s, acc=89.84%, loss=0.2193]
BP Epoch 11/100:  51%|â–ˆâ–ˆâ–ˆâ–ˆâ–ˆ     | 215/421 [00:01<00:00, 208.18it/s, acc=89.84%, loss=0.2193]
BP Epoch 11/100:  56%|â–ˆâ–ˆâ–ˆâ–ˆâ–ˆâ–‹    | 237/421 [00:01<00:00, 205.61it/s, acc=89.84%, loss=0.2193]
BP Epoch 11/100:  62%|â–ˆâ–ˆâ–ˆâ–ˆâ–ˆâ–ˆâ–   | 259/421 [00:01<00:00, 208.89it/s, acc=89.84%, loss=0.2193]
BP Epoch 11/100:  67%|â–ˆâ–ˆâ–ˆâ–ˆâ–ˆâ–ˆâ–‹   | 281/421 [00:01<00:00, 206.00it/s, acc=89.84%, loss=0.2193]
BP Epoch 11/100:  67%|â–ˆâ–ˆâ–ˆâ–ˆâ–ˆâ–ˆâ–‹   | 281/421 [00:01<00:00, 206.00it/s, acc=96.09%, loss=0.1220]
BP Epoch 11/100:  72%|â–ˆâ–ˆâ–ˆâ–ˆâ–ˆâ–ˆâ–ˆâ–  | 303/421 [00:01<00:00, 209.17it/s, acc=96.09%, loss=0.1220]
BP Epoch 11/100:  77%|â–ˆâ–ˆâ–ˆâ–ˆâ–ˆâ–ˆâ–ˆâ–‹  | 325/421 [00:01<00:00, 206.15it/s, acc=96.09%, loss=0.1220]
BP Epoch 11/100:  82%|â–ˆâ–ˆâ–ˆâ–ˆâ–ˆâ–ˆâ–ˆâ–ˆâ– | 347/421 [00:01<00:00, 209.33it/s, acc=96.09%, loss=0.1220]
BP Epoch 11/100:  87%|â–ˆâ–ˆâ–ˆâ–ˆâ–ˆâ–ˆâ–ˆâ–ˆâ–‹ | 368/421 [00:01<00:00, 209.48it/s, acc=96.09%, loss=0.1220]
BP Epoch 11/100:  92%|â–ˆâ–ˆâ–ˆâ–ˆâ–ˆâ–ˆâ–ˆâ–ˆâ–ˆâ–| 389/421 [00:01<00:00, 205.37it/s, acc=96.09%, loss=0.1220]
BP Epoch 11/100:  92%|â–ˆâ–ˆâ–ˆâ–ˆâ–ˆâ–ˆâ–ˆâ–ˆâ–ˆâ–| 389/421 [00:01<00:00, 205.37it/s, acc=93.75%, loss=0.1330]
BP Epoch 11/100:  98%|â–ˆâ–ˆâ–ˆâ–ˆâ–ˆâ–ˆâ–ˆâ–ˆâ–ˆâ–Š| 411/421 [00:02<00:00, 208.41it/s, acc=93.75%, loss=0.1330]
BP Epoch 11/100:  98%|â–ˆâ–ˆâ–ˆâ–ˆâ–ˆâ–ˆâ–ˆâ–ˆâ–ˆâ–Š| 411/421 [00:02<00:00, 208.41it/s, acc=92.97%, loss=0.1715]
                                                                                            

Evaluating BP Model:   0%|          | 0/24 [00:00<?, ?it/s]
Evaluating BP Model:  38%|â–ˆâ–ˆâ–ˆâ–Š      | 9/24 [00:00<00:00, 76.78it/s]
Evaluating BP Model:  88%|â–ˆâ–ˆâ–ˆâ–ˆâ–ˆâ–ˆâ–ˆâ–ˆâ–Š | 21/24 [00:00<00:00, 94.77it/s]
                                                                    

BP Epoch 12/100:   0%|          | 0/421 [00:00<?, ?it/s]
BP Epoch 12/100:   4%|â–         | 17/421 [00:00<00:02, 158.29it/s]
BP Epoch 12/100:   9%|â–‰         | 39/421 [00:00<00:01, 192.37it/s]
BP Epoch 12/100:  14%|â–ˆâ–        | 61/421 [00:00<00:01, 196.49it/s]
BP Epoch 12/100:  20%|â–ˆâ–‰        | 83/421 [00:00<00:01, 204.86it/s]
BP Epoch 12/100:  20%|â–ˆâ–‰        | 83/421 [00:00<00:01, 204.86it/s, acc=94.53%, loss=0.1374]
BP Epoch 12/100:  25%|â–ˆâ–ˆâ–       | 105/421 [00:00<00:01, 202.10it/s, acc=94.53%, loss=0.1374]
BP Epoch 12/100:  30%|â–ˆâ–ˆâ–ˆ       | 127/421 [00:00<00:01, 207.21it/s, acc=94.53%, loss=0.1374]
BP Epoch 12/100:  35%|â–ˆâ–ˆâ–ˆâ–Œ      | 149/421 [00:00<00:01, 204.43it/s, acc=94.53%, loss=0.1374][codecarbon INFO @ 02:28:02] Energy consumed for RAM : 0.000317 kWh. RAM Power : 38.0 W

BP Epoch 12/100:  41%|â–ˆâ–ˆâ–ˆâ–ˆ      | 171/421 [00:00<00:01, 207.71it/s, acc=94.53%, loss=0.1374]
BP Epoch 12/100:  46%|â–ˆâ–ˆâ–ˆâ–ˆâ–Œ     | 193/421 [00:00<00:01, 204.53it/s, acc=94.53%, loss=0.1374]
BP Epoch 12/100:  46%|â–ˆâ–ˆâ–ˆâ–ˆâ–Œ     | 193/421 [00:00<00:01, 204.53it/s, acc=96.88%, loss=0.1064]
BP Epoch 12/100:  51%|â–ˆâ–ˆâ–ˆâ–ˆâ–ˆ     | 215/421 [00:01<00:00, 207.84it/s, acc=96.88%, loss=0.1064]
BP Epoch 12/100:  56%|â–ˆâ–ˆâ–ˆâ–ˆâ–ˆâ–‹    | 237/421 [00:01<00:00, 205.25it/s, acc=96.88%, loss=0.1064]
BP Epoch 12/100:  62%|â–ˆâ–ˆâ–ˆâ–ˆâ–ˆâ–ˆâ–   | 259/421 [00:01<00:00, 208.30it/s, acc=96.88%, loss=0.1064][codecarbon INFO @ 02:28:03] Delta energy consumed for CPU with cpu_load : 0.000181 kWh, power : 45.0 W
[codecarbon INFO @ 02:28:03] Energy consumed for All CPU : 0.000375 kWh
[codecarbon INFO @ 02:28:03] Energy consumed for all GPUs : 0.001023 kWh. Total GPU Power : 124.77452207772794 W
[codecarbon INFO @ 02:28:03] 0.001714 kWh of electricity used since the beginning.

BP Epoch 12/100:  67%|â–ˆâ–ˆâ–ˆâ–ˆâ–ˆâ–ˆâ–‹   | 280/421 [00:01<00:00, 208.58it/s, acc=96.88%, loss=0.1064]
BP Epoch 12/100:  67%|â–ˆâ–ˆâ–ˆâ–ˆâ–ˆâ–ˆâ–‹   | 280/421 [00:01<00:00, 208.58it/s, acc=92.97%, loss=0.1368]
BP Epoch 12/100:  71%|â–ˆâ–ˆâ–ˆâ–ˆâ–ˆâ–ˆâ–ˆâ–  | 301/421 [00:01<00:00, 203.92it/s, acc=92.97%, loss=0.1368]
BP Epoch 12/100:  77%|â–ˆâ–ˆâ–ˆâ–ˆâ–ˆâ–ˆâ–ˆâ–‹  | 323/421 [00:01<00:00, 207.44it/s, acc=92.97%, loss=0.1368]
BP Epoch 12/100:  82%|â–ˆâ–ˆâ–ˆâ–ˆâ–ˆâ–ˆâ–ˆâ–ˆâ– | 344/421 [00:01<00:00, 208.16it/s, acc=92.97%, loss=0.1368]
BP Epoch 12/100:  87%|â–ˆâ–ˆâ–ˆâ–ˆâ–ˆâ–ˆâ–ˆâ–ˆâ–‹ | 365/421 [00:01<00:00, 204.97it/s, acc=92.97%, loss=0.1368]
BP Epoch 12/100:  92%|â–ˆâ–ˆâ–ˆâ–ˆâ–ˆâ–ˆâ–ˆâ–ˆâ–ˆâ–| 387/421 [00:01<00:00, 208.36it/s, acc=92.97%, loss=0.1368]
BP Epoch 12/100:  92%|â–ˆâ–ˆâ–ˆâ–ˆâ–ˆâ–ˆâ–ˆâ–ˆâ–ˆâ–| 387/421 [00:01<00:00, 208.36it/s, acc=90.62%, loss=0.1927]
BP Epoch 12/100:  97%|â–ˆâ–ˆâ–ˆâ–ˆâ–ˆâ–ˆâ–ˆâ–ˆâ–ˆâ–‹| 409/421 [00:01<00:00, 205.27it/s, acc=90.62%, loss=0.1927]
BP Epoch 12/100:  97%|â–ˆâ–ˆâ–ˆâ–ˆâ–ˆâ–ˆâ–ˆâ–ˆâ–ˆâ–‹| 409/421 [00:02<00:00, 205.27it/s, acc=91.41%, loss=0.2623]
                                                                                            

Evaluating BP Model:   0%|          | 0/24 [00:00<?, ?it/s]
Evaluating BP Model:  38%|â–ˆâ–ˆâ–ˆâ–Š      | 9/24 [00:00<00:00, 75.68it/s]
Evaluating BP Model:  88%|â–ˆâ–ˆâ–ˆâ–ˆâ–ˆâ–ˆâ–ˆâ–ˆâ–Š | 21/24 [00:00<00:00, 94.18it/s]
                                                                    

BP Epoch 13/100:   0%|          | 0/421 [00:00<?, ?it/s]
BP Epoch 13/100:   4%|â–         | 17/421 [00:00<00:02, 156.01it/s]
BP Epoch 13/100:   9%|â–‰         | 39/421 [00:00<00:01, 191.67it/s]
BP Epoch 13/100:  14%|â–ˆâ–        | 61/421 [00:00<00:01, 195.88it/s]
BP Epoch 13/100:  20%|â–ˆâ–‰        | 83/421 [00:00<00:01, 204.38it/s]
BP Epoch 13/100:  20%|â–ˆâ–‰        | 83/421 [00:00<00:01, 204.38it/s, acc=97.66%, loss=0.0960]
BP Epoch 13/100:  25%|â–ˆâ–ˆâ–       | 105/421 [00:00<00:01, 203.04it/s, acc=97.66%, loss=0.0960]
BP Epoch 13/100:  30%|â–ˆâ–ˆâ–ˆ       | 127/421 [00:00<00:01, 207.51it/s, acc=97.66%, loss=0.0960]
BP Epoch 13/100:  35%|â–ˆâ–ˆâ–ˆâ–Œ      | 149/421 [00:00<00:01, 205.77it/s, acc=97.66%, loss=0.0960]
BP Epoch 13/100:  41%|â–ˆâ–ˆâ–ˆâ–ˆ      | 171/421 [00:00<00:01, 208.13it/s, acc=97.66%, loss=0.0960]
BP Epoch 13/100:  46%|â–ˆâ–ˆâ–ˆâ–ˆâ–Œ     | 193/421 [00:00<00:01, 206.74it/s, acc=97.66%, loss=0.0960]
BP Epoch 13/100:  46%|â–ˆâ–ˆâ–ˆâ–ˆâ–Œ     | 193/421 [00:00<00:01, 206.74it/s, acc=98.44%, loss=0.0629]
BP Epoch 13/100:  51%|â–ˆâ–ˆâ–ˆâ–ˆâ–ˆ     | 215/421 [00:01<00:00, 208.29it/s, acc=98.44%, loss=0.0629]
BP Epoch 13/100:  56%|â–ˆâ–ˆâ–ˆâ–ˆâ–ˆâ–‹    | 237/421 [00:01<00:00, 207.37it/s, acc=98.44%, loss=0.0629]
BP Epoch 13/100:  62%|â–ˆâ–ˆâ–ˆâ–ˆâ–ˆâ–ˆâ–   | 259/421 [00:01<00:00, 208.23it/s, acc=98.44%, loss=0.0629]
BP Epoch 13/100:  67%|â–ˆâ–ˆâ–ˆâ–ˆâ–ˆâ–ˆâ–‹   | 281/421 [00:01<00:00, 207.66it/s, acc=98.44%, loss=0.0629]
BP Epoch 13/100:  67%|â–ˆâ–ˆâ–ˆâ–ˆâ–ˆâ–ˆâ–‹   | 281/421 [00:01<00:00, 207.66it/s, acc=94.53%, loss=0.1139]
BP Epoch 13/100:  72%|â–ˆâ–ˆâ–ˆâ–ˆâ–ˆâ–ˆâ–ˆâ–  | 303/421 [00:01<00:00, 207.83it/s, acc=94.53%, loss=0.1139]
BP Epoch 13/100:  77%|â–ˆâ–ˆâ–ˆâ–ˆâ–ˆâ–ˆâ–ˆâ–‹  | 325/421 [00:01<00:00, 207.71it/s, acc=94.53%, loss=0.1139]
BP Epoch 13/100:  82%|â–ˆâ–ˆâ–ˆâ–ˆâ–ˆâ–ˆâ–ˆâ–ˆâ– | 347/421 [00:01<00:00, 207.57it/s, acc=94.53%, loss=0.1139]
BP Epoch 13/100:  87%|â–ˆâ–ˆâ–ˆâ–ˆâ–ˆâ–ˆâ–ˆâ–ˆâ–‹ | 368/421 [00:01<00:00, 208.05it/s, acc=94.53%, loss=0.1139]
BP Epoch 13/100:  92%|â–ˆâ–ˆâ–ˆâ–ˆâ–ˆâ–ˆâ–ˆâ–ˆâ–ˆâ–| 389/421 [00:01<00:00, 207.94it/s, acc=94.53%, loss=0.1139]
BP Epoch 13/100:  92%|â–ˆâ–ˆâ–ˆâ–ˆâ–ˆâ–ˆâ–ˆâ–ˆâ–ˆâ–| 389/421 [00:01<00:00, 207.94it/s, acc=92.97%, loss=0.2141]
BP Epoch 13/100:  98%|â–ˆâ–ˆâ–ˆâ–ˆâ–ˆâ–ˆâ–ˆâ–ˆâ–ˆâ–Š| 411/421 [00:02<00:00, 206.52it/s, acc=92.97%, loss=0.2141]
BP Epoch 13/100:  98%|â–ˆâ–ˆâ–ˆâ–ˆâ–ˆâ–ˆâ–ˆâ–ˆâ–ˆâ–Š| 411/421 [00:02<00:00, 206.52it/s, acc=92.97%, loss=0.1922]
                                                                                            

Evaluating BP Model:   0%|          | 0/24 [00:00<?, ?it/s]
Evaluating BP Model:  38%|â–ˆâ–ˆâ–ˆâ–Š      | 9/24 [00:00<00:00, 75.34it/s]
Evaluating BP Model:  88%|â–ˆâ–ˆâ–ˆâ–ˆâ–ˆâ–ˆâ–ˆâ–ˆâ–Š | 21/24 [00:00<00:00, 94.41it/s]
                                                                    

BP Epoch 14/100:   0%|          | 0/421 [00:00<?, ?it/s]
BP Epoch 14/100:   4%|â–         | 17/421 [00:00<00:02, 158.99it/s]
BP Epoch 14/100:   9%|â–‰         | 39/421 [00:00<00:01, 191.74it/s]
BP Epoch 14/100:  14%|â–ˆâ–        | 61/421 [00:00<00:01, 197.34it/s]
BP Epoch 14/100:  20%|â–ˆâ–‰        | 83/421 [00:00<00:01, 204.26it/s]
BP Epoch 14/100:  20%|â–ˆâ–‰        | 83/421 [00:00<00:01, 204.26it/s, acc=94.53%, loss=0.2730]
BP Epoch 14/100:  25%|â–ˆâ–ˆâ–       | 105/421 [00:00<00:01, 205.35it/s, acc=94.53%, loss=0.2730]
BP Epoch 14/100:  30%|â–ˆâ–ˆâ–ˆ       | 127/421 [00:00<00:01, 206.00it/s, acc=94.53%, loss=0.2730]
BP Epoch 14/100:  35%|â–ˆâ–ˆâ–ˆâ–Œ      | 149/421 [00:00<00:01, 208.66it/s, acc=94.53%, loss=0.2730]
BP Epoch 14/100:  41%|â–ˆâ–ˆâ–ˆâ–ˆ      | 171/421 [00:00<00:01, 205.85it/s, acc=94.53%, loss=0.2730]
BP Epoch 14/100:  46%|â–ˆâ–ˆâ–ˆâ–ˆâ–Œ     | 193/421 [00:00<00:01, 208.67it/s, acc=94.53%, loss=0.2730]
BP Epoch 14/100:  46%|â–ˆâ–ˆâ–ˆâ–ˆâ–Œ     | 193/421 [00:00<00:01, 208.67it/s, acc=95.31%, loss=0.1120]
BP Epoch 14/100:  51%|â–ˆâ–ˆâ–ˆâ–ˆâ–ˆ     | 215/421 [00:01<00:01, 205.65it/s, acc=95.31%, loss=0.1120]
BP Epoch 14/100:  56%|â–ˆâ–ˆâ–ˆâ–ˆâ–ˆâ–‹    | 237/421 [00:01<00:00, 208.73it/s, acc=95.31%, loss=0.1120]
BP Epoch 14/100:  62%|â–ˆâ–ˆâ–ˆâ–ˆâ–ˆâ–ˆâ–   | 259/421 [00:01<00:00, 205.28it/s, acc=95.31%, loss=0.1120]
BP Epoch 14/100:  67%|â–ˆâ–ˆâ–ˆâ–ˆâ–ˆâ–ˆâ–‹   | 281/421 [00:01<00:00, 208.55it/s, acc=95.31%, loss=0.1120]
BP Epoch 14/100:  67%|â–ˆâ–ˆâ–ˆâ–ˆâ–ˆâ–ˆâ–‹   | 281/421 [00:01<00:00, 208.55it/s, acc=96.88%, loss=0.1052]
BP Epoch 14/100:  72%|â–ˆâ–ˆâ–ˆâ–ˆâ–ˆâ–ˆâ–ˆâ–  | 302/421 [00:01<00:00, 207.24it/s, acc=96.88%, loss=0.1052]
BP Epoch 14/100:  77%|â–ˆâ–ˆâ–ˆâ–ˆâ–ˆâ–ˆâ–ˆâ–‹  | 323/421 [00:01<00:00, 205.42it/s, acc=96.88%, loss=0.1052]
BP Epoch 14/100:  82%|â–ˆâ–ˆâ–ˆâ–ˆâ–ˆâ–ˆâ–ˆâ–ˆâ– | 345/421 [00:01<00:00, 208.52it/s, acc=96.88%, loss=0.1052]
BP Epoch 14/100:  87%|â–ˆâ–ˆâ–ˆâ–ˆâ–ˆâ–ˆâ–ˆâ–ˆâ–‹ | 367/421 [00:01<00:00, 205.82it/s, acc=96.88%, loss=0.1052]
BP Epoch 14/100:  92%|â–ˆâ–ˆâ–ˆâ–ˆâ–ˆâ–ˆâ–ˆâ–ˆâ–ˆâ–| 389/421 [00:01<00:00, 208.59it/s, acc=96.88%, loss=0.1052]
BP Epoch 14/100:  92%|â–ˆâ–ˆâ–ˆâ–ˆâ–ˆâ–ˆâ–ˆâ–ˆâ–ˆâ–| 389/421 [00:01<00:00, 208.59it/s, acc=91.41%, loss=0.1759]
BP Epoch 14/100:  98%|â–ˆâ–ˆâ–ˆâ–ˆâ–ˆâ–ˆâ–ˆâ–ˆâ–ˆâ–Š| 411/421 [00:02<00:00, 205.88it/s, acc=91.41%, loss=0.1759]
BP Epoch 14/100:  98%|â–ˆâ–ˆâ–ˆâ–ˆâ–ˆâ–ˆâ–ˆâ–ˆâ–ˆâ–Š| 411/421 [00:02<00:00, 205.88it/s, acc=97.66%, loss=0.0860]
                                                                                            

Evaluating BP Model:   0%|          | 0/24 [00:00<?, ?it/s]
Evaluating BP Model:  38%|â–ˆâ–ˆâ–ˆâ–Š      | 9/24 [00:00<00:00, 76.86it/s]
Evaluating BP Model:  88%|â–ˆâ–ˆâ–ˆâ–ˆâ–ˆâ–ˆâ–ˆâ–ˆâ–Š | 21/24 [00:00<00:00, 94.38it/s]
                                                                    

BP Epoch 15/100:   0%|          | 0/421 [00:00<?, ?it/s]
BP Epoch 15/100:   4%|â–         | 17/421 [00:00<00:02, 153.67it/s]
BP Epoch 15/100:   9%|â–‰         | 39/421 [00:00<00:02, 190.15it/s]
BP Epoch 15/100:  14%|â–ˆâ–        | 61/421 [00:00<00:01, 195.00it/s]
BP Epoch 15/100:  19%|â–ˆâ–‰        | 82/421 [00:00<00:01, 200.52it/s]
BP Epoch 15/100:  19%|â–ˆâ–‰        | 82/421 [00:00<00:01, 200.52it/s, acc=96.09%, loss=0.0718]
BP Epoch 15/100:  25%|â–ˆâ–ˆâ–       | 104/421 [00:00<00:01, 207.04it/s, acc=96.09%, loss=0.0718]
BP Epoch 15/100:  30%|â–ˆâ–ˆâ–‰       | 125/421 [00:00<00:01, 204.04it/s, acc=96.09%, loss=0.0718]
BP Epoch 15/100:  35%|â–ˆâ–ˆâ–ˆâ–      | 147/421 [00:00<00:01, 208.41it/s, acc=96.09%, loss=0.0718]
BP Epoch 15/100:  40%|â–ˆâ–ˆâ–ˆâ–ˆ      | 169/421 [00:00<00:01, 206.33it/s, acc=96.09%, loss=0.0718]
BP Epoch 15/100:  45%|â–ˆâ–ˆâ–ˆâ–ˆâ–Œ     | 191/421 [00:00<00:01, 210.02it/s, acc=96.09%, loss=0.0718]
BP Epoch 15/100:  45%|â–ˆâ–ˆâ–ˆâ–ˆâ–Œ     | 191/421 [00:00<00:01, 210.02it/s, acc=95.31%, loss=0.0971]
BP Epoch 15/100:  51%|â–ˆâ–ˆâ–ˆâ–ˆâ–ˆ     | 213/421 [00:01<00:01, 207.52it/s, acc=95.31%, loss=0.0971]
BP Epoch 15/100:  56%|â–ˆâ–ˆâ–ˆâ–ˆâ–ˆâ–Œ    | 235/421 [00:01<00:00, 210.41it/s, acc=95.31%, loss=0.0971]
BP Epoch 15/100:  61%|â–ˆâ–ˆâ–ˆâ–ˆâ–ˆâ–ˆ    | 257/421 [00:01<00:00, 208.04it/s, acc=95.31%, loss=0.0971]
BP Epoch 15/100:  66%|â–ˆâ–ˆâ–ˆâ–ˆâ–ˆâ–ˆâ–‹   | 279/421 [00:01<00:00, 209.92it/s, acc=95.31%, loss=0.0971]
BP Epoch 15/100:  66%|â–ˆâ–ˆâ–ˆâ–ˆâ–ˆâ–ˆâ–‹   | 279/421 [00:01<00:00, 209.92it/s, acc=95.31%, loss=0.0978]
BP Epoch 15/100:  71%|â–ˆâ–ˆâ–ˆâ–ˆâ–ˆâ–ˆâ–ˆâ–  | 301/421 [00:01<00:00, 208.90it/s, acc=95.31%, loss=0.0978]
BP Epoch 15/100:  77%|â–ˆâ–ˆâ–ˆâ–ˆâ–ˆâ–ˆâ–ˆâ–‹  | 323/421 [00:01<00:00, 209.49it/s, acc=95.31%, loss=0.0978]
BP Epoch 15/100:  82%|â–ˆâ–ˆâ–ˆâ–ˆâ–ˆâ–ˆâ–ˆâ–ˆâ– | 345/421 [00:01<00:00, 209.80it/s, acc=95.31%, loss=0.0978]
BP Epoch 15/100:  87%|â–ˆâ–ˆâ–ˆâ–ˆâ–ˆâ–ˆâ–ˆâ–ˆâ–‹ | 366/421 [00:01<00:00, 208.88it/s, acc=95.31%, loss=0.0978]
BP Epoch 15/100:  92%|â–ˆâ–ˆâ–ˆâ–ˆâ–ˆâ–ˆâ–ˆâ–ˆâ–ˆâ–| 387/421 [00:01<00:00, 208.53it/s, acc=95.31%, loss=0.0978]
BP Epoch 15/100:  92%|â–ˆâ–ˆâ–ˆâ–ˆâ–ˆâ–ˆâ–ˆâ–ˆâ–ˆâ–| 387/421 [00:01<00:00, 208.53it/s, acc=95.31%, loss=0.1684]
BP Epoch 15/100:  97%|â–ˆâ–ˆâ–ˆâ–ˆâ–ˆâ–ˆâ–ˆâ–ˆâ–ˆâ–‹| 409/421 [00:01<00:00, 210.52it/s, acc=95.31%, loss=0.1684]
BP Epoch 15/100:  97%|â–ˆâ–ˆâ–ˆâ–ˆâ–ˆâ–ˆâ–ˆâ–ˆâ–ˆâ–‹| 409/421 [00:02<00:00, 210.52it/s, acc=96.09%, loss=0.0960]
                                                                                            

Evaluating BP Model:   0%|          | 0/24 [00:00<?, ?it/s]
Evaluating BP Model:  38%|â–ˆâ–ˆâ–ˆâ–Š      | 9/24 [00:00<00:00, 76.89it/s]
Evaluating BP Model:  88%|â–ˆâ–ˆâ–ˆâ–ˆâ–ˆâ–ˆâ–ˆâ–ˆâ–Š | 21/24 [00:00<00:00, 94.64it/s]
                                                                    

BP Epoch 16/100:   0%|          | 0/421 [00:00<?, ?it/s]
BP Epoch 16/100:   4%|â–Ž         | 15/421 [00:00<00:02, 149.12it/s]
BP Epoch 16/100:   9%|â–‰         | 37/421 [00:00<00:02, 179.35it/s]
BP Epoch 16/100:  14%|â–ˆâ–        | 59/421 [00:00<00:01, 196.13it/s]
BP Epoch 16/100:  19%|â–ˆâ–‰        | 81/421 [00:00<00:01, 198.95it/s]
BP Epoch 16/100:  19%|â–ˆâ–‰        | 81/421 [00:00<00:01, 198.95it/s, acc=96.09%, loss=0.0725]
BP Epoch 16/100:  24%|â–ˆâ–ˆâ–       | 103/421 [00:00<00:01, 204.49it/s, acc=96.09%, loss=0.0725]
BP Epoch 16/100:  30%|â–ˆâ–ˆâ–‰       | 125/421 [00:00<00:01, 203.36it/s, acc=96.09%, loss=0.0725]
BP Epoch 16/100:  35%|â–ˆâ–ˆâ–ˆâ–      | 147/421 [00:00<00:01, 207.96it/s, acc=96.09%, loss=0.0725]
BP Epoch 16/100:  40%|â–ˆâ–ˆâ–ˆâ–ˆ      | 169/421 [00:00<00:01, 205.33it/s, acc=96.09%, loss=0.0725]
BP Epoch 16/100:  45%|â–ˆâ–ˆâ–ˆâ–ˆâ–Œ     | 191/421 [00:00<00:01, 209.50it/s, acc=96.09%, loss=0.0725]
BP Epoch 16/100:  45%|â–ˆâ–ˆâ–ˆâ–ˆâ–Œ     | 191/421 [00:00<00:01, 209.50it/s, acc=95.31%, loss=0.1079]
BP Epoch 16/100:  51%|â–ˆâ–ˆâ–ˆâ–ˆâ–ˆ     | 213/421 [00:01<00:01, 206.61it/s, acc=95.31%, loss=0.1079]
BP Epoch 16/100:  56%|â–ˆâ–ˆâ–ˆâ–ˆâ–ˆâ–Œ    | 236/421 [00:01<00:00, 211.93it/s, acc=95.31%, loss=0.1079]
BP Epoch 16/100:  61%|â–ˆâ–ˆâ–ˆâ–ˆâ–ˆâ–ˆâ–   | 258/421 [00:01<00:00, 208.26it/s, acc=95.31%, loss=0.1079]
BP Epoch 16/100:  67%|â–ˆâ–ˆâ–ˆâ–ˆâ–ˆâ–ˆâ–‹   | 280/421 [00:01<00:00, 211.24it/s, acc=95.31%, loss=0.1079]
BP Epoch 16/100:  67%|â–ˆâ–ˆâ–ˆâ–ˆâ–ˆâ–ˆâ–‹   | 280/421 [00:01<00:00, 211.24it/s, acc=95.31%, loss=0.0885]
BP Epoch 16/100:  72%|â–ˆâ–ˆâ–ˆâ–ˆâ–ˆâ–ˆâ–ˆâ–  | 302/421 [00:01<00:00, 207.58it/s, acc=95.31%, loss=0.0885]
BP Epoch 16/100:  77%|â–ˆâ–ˆâ–ˆâ–ˆâ–ˆâ–ˆâ–ˆâ–‹  | 324/421 [00:01<00:00, 210.96it/s, acc=95.31%, loss=0.0885]
BP Epoch 16/100:  82%|â–ˆâ–ˆâ–ˆâ–ˆâ–ˆâ–ˆâ–ˆâ–ˆâ– | 346/421 [00:01<00:00, 208.00it/s, acc=95.31%, loss=0.0885]
BP Epoch 16/100:  87%|â–ˆâ–ˆâ–ˆâ–ˆâ–ˆâ–ˆâ–ˆâ–ˆâ–‹ | 368/421 [00:01<00:00, 210.62it/s, acc=95.31%, loss=0.0885]
BP Epoch 16/100:  93%|â–ˆâ–ˆâ–ˆâ–ˆâ–ˆâ–ˆâ–ˆâ–ˆâ–ˆâ–Ž| 390/421 [00:01<00:00, 207.95it/s, acc=95.31%, loss=0.0885]
BP Epoch 16/100:  93%|â–ˆâ–ˆâ–ˆâ–ˆâ–ˆâ–ˆâ–ˆâ–ˆâ–ˆâ–Ž| 390/421 [00:01<00:00, 207.95it/s, acc=95.31%, loss=0.1182]
BP Epoch 16/100:  98%|â–ˆâ–ˆâ–ˆâ–ˆâ–ˆâ–ˆâ–ˆâ–ˆâ–ˆâ–Š| 412/421 [00:01<00:00, 210.39it/s, acc=95.31%, loss=0.1182]
BP Epoch 16/100:  98%|â–ˆâ–ˆâ–ˆâ–ˆâ–ˆâ–ˆâ–ˆâ–ˆâ–ˆâ–Š| 412/421 [00:02<00:00, 210.39it/s, acc=96.09%, loss=0.0940]
                                                                                            

Evaluating BP Model:   0%|          | 0/24 [00:00<?, ?it/s]
Evaluating BP Model:  38%|â–ˆâ–ˆâ–ˆâ–Š      | 9/24 [00:00<00:00, 75.93it/s]
Evaluating BP Model:  88%|â–ˆâ–ˆâ–ˆâ–ˆâ–ˆâ–ˆâ–ˆâ–ˆâ–Š | 21/24 [00:00<00:00, 94.21it/s]
                                                                    

BP Epoch 17/100:   0%|          | 0/421 [00:00<?, ?it/s]
BP Epoch 17/100:   4%|â–         | 17/421 [00:00<00:02, 155.21it/s]
BP Epoch 17/100:   9%|â–‰         | 39/421 [00:00<00:02, 190.38it/s]
BP Epoch 17/100:  14%|â–ˆâ–        | 61/421 [00:00<00:01, 197.20it/s]
BP Epoch 17/100:  20%|â–ˆâ–‰        | 83/421 [00:00<00:01, 203.55it/s]
BP Epoch 17/100:  20%|â–ˆâ–‰        | 83/421 [00:00<00:01, 203.55it/s, acc=96.09%, loss=0.0879]
BP Epoch 17/100:  25%|â–ˆâ–ˆâ–       | 104/421 [00:00<00:01, 204.65it/s, acc=96.09%, loss=0.0879]
BP Epoch 17/100:  30%|â–ˆâ–ˆâ–‰       | 125/421 [00:00<00:01, 206.13it/s, acc=96.09%, loss=0.0879]
BP Epoch 17/100:  35%|â–ˆâ–ˆâ–ˆâ–      | 146/421 [00:00<00:01, 206.57it/s, acc=96.09%, loss=0.0879]
BP Epoch 17/100:  40%|â–ˆâ–ˆâ–ˆâ–‰      | 167/421 [00:00<00:01, 206.36it/s, acc=96.09%, loss=0.0879]
BP Epoch 17/100:  45%|â–ˆâ–ˆâ–ˆâ–ˆâ–     | 189/421 [00:00<00:01, 209.21it/s, acc=96.09%, loss=0.0879]
BP Epoch 17/100:  45%|â–ˆâ–ˆâ–ˆâ–ˆâ–     | 189/421 [00:00<00:01, 209.21it/s, acc=96.09%, loss=0.0824]
BP Epoch 17/100:  50%|â–ˆâ–ˆâ–ˆâ–ˆâ–‰     | 210/421 [00:01<00:01, 207.15it/s, acc=96.09%, loss=0.0824]
BP Epoch 17/100:  55%|â–ˆâ–ˆâ–ˆâ–ˆâ–ˆâ–    | 231/421 [00:01<00:00, 206.63it/s, acc=96.09%, loss=0.0824]
BP Epoch 17/100:  60%|â–ˆâ–ˆâ–ˆâ–ˆâ–ˆâ–‰    | 252/421 [00:01<00:00, 206.71it/s, acc=96.09%, loss=0.0824]
BP Epoch 17/100:  65%|â–ˆâ–ˆâ–ˆâ–ˆâ–ˆâ–ˆâ–Œ   | 274/421 [00:01<00:00, 208.69it/s, acc=96.09%, loss=0.0824]
BP Epoch 17/100:  70%|â–ˆâ–ˆâ–ˆâ–ˆâ–ˆâ–ˆâ–ˆ   | 295/421 [00:01<00:00, 206.80it/s, acc=96.09%, loss=0.0824]
BP Epoch 17/100:  70%|â–ˆâ–ˆâ–ˆâ–ˆâ–ˆâ–ˆâ–ˆ   | 295/421 [00:01<00:00, 206.80it/s, acc=96.09%, loss=0.0937]
BP Epoch 17/100:  75%|â–ˆâ–ˆâ–ˆâ–ˆâ–ˆâ–ˆâ–ˆâ–Œ  | 316/421 [00:01<00:00, 205.26it/s, acc=96.09%, loss=0.0937]
BP Epoch 17/100:  80%|â–ˆâ–ˆâ–ˆâ–ˆâ–ˆâ–ˆâ–ˆâ–ˆ  | 338/421 [00:01<00:00, 207.86it/s, acc=96.09%, loss=0.0937]
BP Epoch 17/100:  85%|â–ˆâ–ˆâ–ˆâ–ˆâ–ˆâ–ˆâ–ˆâ–ˆâ–Œ | 359/421 [00:01<00:00, 207.77it/s, acc=96.09%, loss=0.0937]
BP Epoch 17/100:  90%|â–ˆâ–ˆâ–ˆâ–ˆâ–ˆâ–ˆâ–ˆâ–ˆâ–ˆ | 380/421 [00:01<00:00, 204.37it/s, acc=96.09%, loss=0.0937]
BP Epoch 17/100:  90%|â–ˆâ–ˆâ–ˆâ–ˆâ–ˆâ–ˆâ–ˆâ–ˆâ–ˆ | 380/421 [00:01<00:00, 204.37it/s, acc=94.53%, loss=0.1712]
BP Epoch 17/100:  95%|â–ˆâ–ˆâ–ˆâ–ˆâ–ˆâ–ˆâ–ˆâ–ˆâ–ˆâ–Œ| 401/421 [00:01<00:00, 204.46it/s, acc=94.53%, loss=0.1712]
BP Epoch 17/100:  95%|â–ˆâ–ˆâ–ˆâ–ˆâ–ˆâ–ˆâ–ˆâ–ˆâ–ˆâ–Œ| 401/421 [00:02<00:00, 204.46it/s, acc=96.88%, loss=0.0906]
                                                                                            

Evaluating BP Model:   0%|          | 0/24 [00:00<?, ?it/s]
Evaluating BP Model:  38%|â–ˆâ–ˆâ–ˆâ–Š      | 9/24 [00:00<00:00, 76.14it/s]
Evaluating BP Model:  88%|â–ˆâ–ˆâ–ˆâ–ˆâ–ˆâ–ˆâ–ˆâ–ˆâ–Š | 21/24 [00:00<00:00, 94.54it/s]
                                                                    

Evaluating BP Model:   0%|          | 0/40 [00:00<?, ?it/s]
Evaluating BP Model:   2%|â–Ž         | 1/40 [00:00<00:04,  8.70it/s]
Evaluating BP Model:  32%|â–ˆâ–ˆâ–ˆâ–Ž      | 13/40 [00:00<00:00, 66.83it/s]
Evaluating BP Model:  62%|â–ˆâ–ˆâ–ˆâ–ˆâ–ˆâ–ˆâ–Ž   | 25/40 [00:00<00:00, 85.28it/s]
Evaluating BP Model:  92%|â–ˆâ–ˆâ–ˆâ–ˆâ–ˆâ–ˆâ–ˆâ–ˆâ–ˆâ–Ž| 37/40 [00:00<00:00, 94.01it/s]
                                                                    
[codecarbon INFO @ 02:28:17] Energy consumed for RAM : 0.000468 kWh. RAM Power : 38.0 W
[codecarbon INFO @ 02:28:18] Delta energy consumed for CPU with cpu_load : 0.000179 kWh, power : 45.0 W
[codecarbon INFO @ 02:28:18] Energy consumed for All CPU : 0.000554 kWh
[codecarbon INFO @ 02:28:18] Energy consumed for all GPUs : 0.001514 kWh. Total GPU Power : 119.30933617936499 W
[codecarbon INFO @ 02:28:18] 0.002536 kWh of electricity used since the beginning.
wandb: uploading history steps 102-102, summary, console lines 915-942
wandb:                                                                                
wandb: 
wandb: Run history:
wandb:                  BP_Baseline/Epoch â–â–â–‚â–‚â–ƒâ–ƒâ–„â–„â–…â–…â–†â–†â–‡â–‡â–ˆâ–ˆ
wandb:     BP_Baseline/Epoch_Duration_Sec â–ˆâ–†â–†â–†â–„â–‚â–ƒâ–‚â–â–‚â–â–â–â–â–‚â–
wandb: BP_Baseline/GPU_Mem_Used_MiB_Batch â–â–â–â–â–â–â–â–â–â–â–â–â–â–â–â–â–â–â–â–â–â–â–â–â–â–â–â–â–â–â–â–â–â–â–â–â–â–â–â–
wandb:          BP_Baseline/Learning_Rate â–â–â–â–â–â–â–â–â–â–â–â–â–â–â–â–
wandb: BP_Baseline/Peak_GPU_Mem_Epoch_MiB â–â–â–â–â–â–â–â–â–â–â–â–â–â–â–â–
wandb:        BP_Baseline/Train_Acc_Batch â–â–„â–„â–…â–ƒâ–…â–„â–…â–…â–ƒâ–†â–…â–„â–†â–…â–†â–ˆâ–…â–…â–†â–†â–‡â–‡â–‡â–…â–‡â–ˆâ–†â–‡â–…â–ˆâ–‡â–†â–‡â–ˆâ–‡â–‡â–‡â–‡â–‡
wandb:        BP_Baseline/Train_Acc_Epoch â–â–„â–„â–…â–†â–†â–†â–†â–‡â–‡â–‡â–‡â–ˆâ–ˆâ–ˆâ–ˆ
wandb:       BP_Baseline/Train_Loss_Batch â–ˆâ–‡â–…â–…â–…â–„â–…â–„â–„â–„â–„â–…â–„â–„â–…â–„â–„â–â–ƒâ–ƒâ–ƒâ–â–‚â–‚â–‚â–‚â–‚â–‚â–ƒâ–„â–â–ƒâ–„â–â–â–‚â–â–â–‚â–
wandb:       BP_Baseline/Train_Loss_Epoch â–ˆâ–…â–„â–„â–ƒâ–ƒâ–ƒâ–ƒâ–‚â–‚â–‚â–‚â–â–â–â–
wandb:          BP_Baseline/Val_Acc_Epoch â–â–…â–…â–†â–†â–†â–ˆâ–‡â–‡â–†â–†â–‡â–‡â–‡â–‡â–†
wandb:         BP_Baseline/Val_Loss_Epoch â–‡â–ƒâ–‚â–‚â–‚â–ƒâ–â–‚â–ƒâ–„â–„â–„â–…â–…â–†â–ˆ
wandb:         estimated_bp_update_gflops â–
wandb:               estimated_fwd_gflops â–
wandb:                final/Test_Accuracy â–
wandb:                    final/Test_Loss â–
wandb:   final/codecarbon_emissions_gCO2e â–
wandb:   final/estimated_bp_update_gflops â–
wandb:         final/estimated_fwd_gflops â–
wandb:        final/peak_gpu_mem_used_mib â–
wandb:      final/total_gpu_energy_joules â–
wandb:          final/total_gpu_energy_wh â–
wandb:       final/total_run_duration_sec â–
wandb:        final/training_duration_sec â–
wandb:                        global_step â–â–â–â–â–â–‚â–‚â–‚â–‚â–ƒâ–ƒâ–ƒâ–ƒâ–ƒâ–„â–„â–„â–„â–„â–„â–…â–…â–…â–…â–…â–…â–†â–†â–†â–†â–†â–‡â–‡â–‡â–‡â–‡â–‡â–‡â–‡â–ˆ
wandb:           initial_gpu_mem_used_mib â–
wandb:             model_parameters_total â–
wandb:         model_parameters_trainable â–
wandb: 
wandb: Run summary:
wandb:                  BP_Baseline/Epoch 16
wandb:     BP_Baseline/Epoch_Duration_Sec 2.49688
wandb: BP_Baseline/GPU_Mem_Used_MiB_Batch 1168
wandb:          BP_Baseline/Learning_Rate 0.0002
wandb: BP_Baseline/Peak_GPU_Mem_Epoch_MiB 1168
wandb:        BP_Baseline/Train_Acc_Batch 96.875
wandb:        BP_Baseline/Train_Acc_Epoch 96.19952
wandb:       BP_Baseline/Train_Loss_Batch 0.09056
wandb:       BP_Baseline/Train_Loss_Epoch 0.10043
wandb:          BP_Baseline/Val_Acc_Epoch 88.78333
wandb:         BP_Baseline/Val_Loss_Epoch 0.44353
wandb:             codecarbon_country_iso POL
wandb:                 codecarbon_enabled True
wandb:                    codecarbon_mode offline
wandb:         estimated_bp_update_gflops 0.08153
wandb:               estimated_fwd_gflops 0.02718
wandb:                final/Test_Accuracy 89.07
wandb:                    final/Test_Loss 0.47576
wandb:   final/codecarbon_emissions_gCO2e 1.6785
wandb:   final/estimated_bp_update_gflops 0.08153
wandb:         final/estimated_fwd_gflops 0.02718
wandb:        final/peak_gpu_mem_used_mib 1168
wandb:      final/total_gpu_energy_joules 5298.66916
wandb:          final/total_gpu_energy_wh 1.47185
wandb:       final/total_run_duration_sec 46.93333
wandb:        final/training_duration_sec 43.7842
wandb:           initial_gpu_mem_used_mib 336.625
wandb:             model_parameters_total 13596010
wandb:         model_parameters_trainable 13596010
wandb: 
wandb: ðŸš€ View run bp_fashion_mnist_mlp_4x2000 at: https://wandb.ai/przspyra11/BeyondBackpropagation/runs/wek04nho
wandb: â­ï¸ View project at: https://wandb.ai/przspyra11/BeyondBackpropagation
wandb: Synced 5 W&B file(s), 0 media file(s), 0 artifact file(s) and 0 other file(s)
wandb: Find logs at: ./wandb/run-20250508_022731-wek04nho/logs
