 Python/3.10.4 unloaded.
 OpenSSL/1.1 unloaded.
 libffi/3.4.2 unloaded.
 GMP/6.2.1 unloaded.
 XZ/5.2.5 unloaded.
 SQLite/3.38.3 unloaded.
 Tcl/8.6.12 unloaded.
 libreadline/8.1.2 unloaded.
 ncurses/6.3 unloaded.
 zlib/1.2.12 unloaded.
 bzip2/1.0.8 unloaded.
 binutils/2.38 unloaded.
 binutils/2.38 loaded.
 bzip2/1.0.8 loaded.
 zlib/1.2.12 loaded.
 ncurses/6.3 loaded.
 libreadline/8.1.2 loaded.
 Tcl/8.6.12 loaded.
 SQLite/3.38.3 loaded.
 XZ/5.2.5 loaded.
 GMP/6.2.1 loaded.
 libffi/3.4.2 loaded.
 OpenSSL/1.1 loaded.
 Python/3.10.4 loaded.
 CUDA/12.4.0 loaded.

Currently Loaded Modules:
  1) binutils/2.38   5) libreadline/8.1.2   9) GMP/6.2.1      13) CUDA/12.4.0
  2) bzip2/1.0.8     6) Tcl/8.6.12         10) libffi/3.4.2
  3) zlib/1.2.12     7) SQLite/3.38.3      11) OpenSSL/1.1
  4) ncurses/6.3     8) XZ/5.2.5           12) Python/3.10.4

 

2025-05-04 23:48:47,394 - src.utils.config_parser - INFO - Successfully merged configuration from configs/bp_baselines/mnist_mlp_2x1000_bp.yaml and configs/base.yaml
wandb: Using wandb-core as the SDK backend.  Please refer to https://wandb.me/wandb-core for more information.
wandb: Currently logged in as: przspyra11 (agh_racing) to https://api.wandb.ai. Use `wandb login --relogin` to force relogin
wandb: Tracking run with wandb version 0.19.8
wandb: Run data is saved locally in /net/tscratch/people/plgspyra/BeyondBackpropagation/wandb/run-20250504_234848-we8itito
wandb: Run `wandb offline` to turn off syncing.
wandb: Syncing run bp_baseline_mnist_mlp_2x1000
wandb: â­ï¸ View project at https://wandb.ai/przspyra11/BeyondBackpropagation
wandb: ðŸš€ View run at https://wandb.ai/przspyra11/BeyondBackpropagation/runs/we8itito
[codecarbon INFO @ 23:48:48] offline tracker init
[codecarbon INFO @ 23:48:48] [setup] RAM Tracking...
[codecarbon INFO @ 23:48:48] [setup] CPU Tracking...
 Linux OS detected: Please ensure RAPL files exist at /sys/class/powercap/intel-rapl/subsystem to measure CPU

[codecarbon INFO @ 23:48:48] CPU Model on constant consumption mode: AMD EPYC 7742 64-Core Processor
[codecarbon INFO @ 23:48:48] [setup] GPU Tracking...
[codecarbon INFO @ 23:48:48] Tracking Nvidia GPU via pynvml
[codecarbon INFO @ 23:48:48] The below tracking methods have been set up:
                RAM Tracking Method: RAM power estimation model
                CPU Tracking Method: cpu_load
                GPU Tracking Method: pynvml
            
[codecarbon INFO @ 23:48:48] >>> Tracker's metadata:
[codecarbon INFO @ 23:48:48]   Platform system: Linux-5.14.0-503.26.1.el9_5.x86_64-x86_64-with-glibc2.34
[codecarbon INFO @ 23:48:48]   Python version: 3.10.4
[codecarbon INFO @ 23:48:48]   CodeCarbon version: 3.0.1
[codecarbon INFO @ 23:48:48]   Available RAM : 125.000 GB
[codecarbon INFO @ 23:48:48]   CPU count: 16 thread(s) in 2 physical CPU(s)
[codecarbon INFO @ 23:48:48]   CPU model: AMD EPYC 7742 64-Core Processor
[codecarbon INFO @ 23:48:48]   GPU count: 1
[codecarbon INFO @ 23:48:48]   GPU model: 1 x NVIDIA A100-SXM4-40GB BUT only tracking these GPU ids : [0]
[codecarbon INFO @ 23:48:48] Emissions data (if any) will be saved to file /net/tscratch/people/plgspyra/BeyondBackpropagation/results/carbon/bp_baseline_mnist_mlp_2x1000_carbon.csv

BP Epoch 1/100:   0%|          | 0/390 [00:00<?, ?it/s]
BP Epoch 1/100:   0%|          | 1/390 [00:00<01:26,  4.50it/s]
BP Epoch 1/100:   7%|â–‹         | 26/390 [00:00<00:03, 99.69it/s]
BP Epoch 1/100:  13%|â–ˆâ–Ž        | 49/390 [00:00<00:02, 145.56it/s]
BP Epoch 1/100:  18%|â–ˆâ–Š        | 70/390 [00:00<00:01, 162.28it/s]
BP Epoch 1/100:  23%|â–ˆâ–ˆâ–Ž       | 91/390 [00:00<00:01, 177.39it/s]
BP Epoch 1/100:  23%|â–ˆâ–ˆâ–Ž       | 91/390 [00:00<00:01, 177.39it/s, acc=89.84%, loss=0.3657]
BP Epoch 1/100:  29%|â–ˆâ–ˆâ–Š       | 112/390 [00:00<00:01, 187.45it/s, acc=89.84%, loss=0.3657]
BP Epoch 1/100:  34%|â–ˆâ–ˆâ–ˆâ–      | 133/390 [00:00<00:01, 194.12it/s, acc=89.84%, loss=0.3657]
BP Epoch 1/100:  40%|â–ˆâ–ˆâ–ˆâ–‰      | 155/390 [00:00<00:01, 195.80it/s, acc=89.84%, loss=0.3657]
BP Epoch 1/100:  46%|â–ˆâ–ˆâ–ˆâ–ˆâ–Œ     | 179/390 [00:01<00:01, 200.78it/s, acc=89.84%, loss=0.3657]
BP Epoch 1/100:  46%|â–ˆâ–ˆâ–ˆâ–ˆâ–Œ     | 179/390 [00:01<00:01, 200.78it/s, acc=90.62%, loss=0.2872]
BP Epoch 1/100:  52%|â–ˆâ–ˆâ–ˆâ–ˆâ–ˆâ–    | 201/390 [00:01<00:00, 205.37it/s, acc=90.62%, loss=0.2872]
BP Epoch 1/100:  57%|â–ˆâ–ˆâ–ˆâ–ˆâ–ˆâ–‹    | 223/390 [00:01<00:00, 204.89it/s, acc=90.62%, loss=0.2872]
BP Epoch 1/100:  63%|â–ˆâ–ˆâ–ˆâ–ˆâ–ˆâ–ˆâ–Ž   | 245/390 [00:01<00:00, 206.20it/s, acc=90.62%, loss=0.2872]
BP Epoch 1/100:  68%|â–ˆâ–ˆâ–ˆâ–ˆâ–ˆâ–ˆâ–Š   | 267/390 [00:01<00:00, 206.35it/s, acc=90.62%, loss=0.2872]
BP Epoch 1/100:  74%|â–ˆâ–ˆâ–ˆâ–ˆâ–ˆâ–ˆâ–ˆâ–  | 289/390 [00:01<00:00, 206.98it/s, acc=90.62%, loss=0.2872]
BP Epoch 1/100:  74%|â–ˆâ–ˆâ–ˆâ–ˆâ–ˆâ–ˆâ–ˆâ–  | 289/390 [00:01<00:00, 206.98it/s, acc=93.75%, loss=0.1995]
BP Epoch 1/100:  80%|â–ˆâ–ˆâ–ˆâ–ˆâ–ˆâ–ˆâ–ˆâ–‰  | 311/390 [00:01<00:00, 206.10it/s, acc=93.75%, loss=0.1995]
BP Epoch 1/100:  85%|â–ˆâ–ˆâ–ˆâ–ˆâ–ˆâ–ˆâ–ˆâ–ˆâ–Œ | 333/390 [00:01<00:00, 207.69it/s, acc=93.75%, loss=0.1995]
BP Epoch 1/100:  91%|â–ˆâ–ˆâ–ˆâ–ˆâ–ˆâ–ˆâ–ˆâ–ˆâ–ˆ | 354/390 [00:01<00:00, 208.01it/s, acc=93.75%, loss=0.1995]
BP Epoch 1/100:  96%|â–ˆâ–ˆâ–ˆâ–ˆâ–ˆâ–ˆâ–ˆâ–ˆâ–ˆâ–Œ| 375/390 [00:02<00:00, 201.81it/s, acc=93.75%, loss=0.1995]
BP Epoch 1/100:  96%|â–ˆâ–ˆâ–ˆâ–ˆâ–ˆâ–ˆâ–ˆâ–ˆâ–ˆâ–Œ| 375/390 [00:02<00:00, 201.81it/s, acc=95.31%, loss=0.1354]
                                                                                           

Evaluating BP Model:   0%|          | 0/40 [00:00<?, ?it/s]
Evaluating BP Model:   2%|â–Ž         | 1/40 [00:00<00:04,  9.62it/s]
Evaluating BP Model:  32%|â–ˆâ–ˆâ–ˆâ–Ž      | 13/40 [00:00<00:00, 70.72it/s]
Evaluating BP Model:  62%|â–ˆâ–ˆâ–ˆâ–ˆâ–ˆâ–ˆâ–Ž   | 25/40 [00:00<00:00, 88.81it/s]
Evaluating BP Model:  92%|â–ˆâ–ˆâ–ˆâ–ˆâ–ˆâ–ˆâ–ˆâ–ˆâ–ˆâ–Ž| 37/40 [00:00<00:00, 97.23it/s]
                                                                    

BP Epoch 2/100:   0%|          | 0/390 [00:00<?, ?it/s]
BP Epoch 2/100:   4%|â–Ž         | 14/390 [00:00<00:02, 137.90it/s]
BP Epoch 2/100:   9%|â–‰         | 37/390 [00:00<00:01, 186.17it/s]
BP Epoch 2/100:  15%|â–ˆâ–        | 57/390 [00:00<00:01, 192.30it/s]
BP Epoch 2/100:  21%|â–ˆâ–ˆ        | 81/390 [00:00<00:01, 199.90it/s]
BP Epoch 2/100:  21%|â–ˆâ–ˆ        | 81/390 [00:00<00:01, 199.90it/s, acc=96.88%, loss=0.1071]
BP Epoch 2/100:  27%|â–ˆâ–ˆâ–‹       | 105/390 [00:00<00:01, 205.87it/s, acc=96.88%, loss=0.1071]
BP Epoch 2/100:  32%|â–ˆâ–ˆâ–ˆâ–      | 126/390 [00:00<00:01, 206.72it/s, acc=96.88%, loss=0.1071]
BP Epoch 2/100:  38%|â–ˆâ–ˆâ–ˆâ–Š      | 149/390 [00:00<00:01, 208.30it/s, acc=96.88%, loss=0.1071]
BP Epoch 2/100:  44%|â–ˆâ–ˆâ–ˆâ–ˆâ–Ž     | 170/390 [00:00<00:01, 208.26it/s, acc=96.88%, loss=0.1071]
BP Epoch 2/100:  49%|â–ˆâ–ˆâ–ˆâ–ˆâ–‰     | 193/390 [00:00<00:00, 208.74it/s, acc=96.88%, loss=0.1071]
BP Epoch 2/100:  49%|â–ˆâ–ˆâ–ˆâ–ˆâ–‰     | 193/390 [00:00<00:00, 208.74it/s, acc=96.09%, loss=0.0778]
BP Epoch 2/100:  55%|â–ˆâ–ˆâ–ˆâ–ˆâ–ˆâ–Œ    | 215/390 [00:01<00:00, 211.81it/s, acc=96.09%, loss=0.0778]
BP Epoch 2/100:  61%|â–ˆâ–ˆâ–ˆâ–ˆâ–ˆâ–ˆ    | 237/390 [00:01<00:00, 210.29it/s, acc=96.09%, loss=0.0778]
BP Epoch 2/100:  66%|â–ˆâ–ˆâ–ˆâ–ˆâ–ˆâ–ˆâ–‹   | 259/390 [00:01<00:00, 211.64it/s, acc=96.09%, loss=0.0778]
BP Epoch 2/100:  72%|â–ˆâ–ˆâ–ˆâ–ˆâ–ˆâ–ˆâ–ˆâ–  | 281/390 [00:01<00:00, 209.74it/s, acc=96.09%, loss=0.0778]
BP Epoch 2/100:  72%|â–ˆâ–ˆâ–ˆâ–ˆâ–ˆâ–ˆâ–ˆâ–  | 281/390 [00:01<00:00, 209.74it/s, acc=96.09%, loss=0.1296]
BP Epoch 2/100:  77%|â–ˆâ–ˆâ–ˆâ–ˆâ–ˆâ–ˆâ–ˆâ–‹  | 302/390 [00:01<00:00, 209.47it/s, acc=96.09%, loss=0.1296]
BP Epoch 2/100:  83%|â–ˆâ–ˆâ–ˆâ–ˆâ–ˆâ–ˆâ–ˆâ–ˆâ–Ž | 325/390 [00:01<00:00, 209.75it/s, acc=96.09%, loss=0.1296]
BP Epoch 2/100:  89%|â–ˆâ–ˆâ–ˆâ–ˆâ–ˆâ–ˆâ–ˆâ–ˆâ–‰ | 347/390 [00:01<00:00, 211.43it/s, acc=96.09%, loss=0.1296]
BP Epoch 2/100:  95%|â–ˆâ–ˆâ–ˆâ–ˆâ–ˆâ–ˆâ–ˆâ–ˆâ–ˆâ–| 369/390 [00:01<00:00, 209.68it/s, acc=96.09%, loss=0.1296]
BP Epoch 2/100:  95%|â–ˆâ–ˆâ–ˆâ–ˆâ–ˆâ–ˆâ–ˆâ–ˆâ–ˆâ–| 369/390 [00:01<00:00, 209.68it/s, acc=97.66%, loss=0.0952]
BP Epoch 2/100: 100%|â–ˆâ–ˆâ–ˆâ–ˆâ–ˆâ–ˆâ–ˆâ–ˆâ–ˆâ–ˆ| 390/390 [00:01<00:00, 205.28it/s, acc=97.66%, loss=0.0952]
                                                                                           

Evaluating BP Model:   0%|          | 0/40 [00:00<?, ?it/s]
Evaluating BP Model:  22%|â–ˆâ–ˆâ–Ž       | 9/40 [00:00<00:00, 79.22it/s]
Evaluating BP Model:  52%|â–ˆâ–ˆâ–ˆâ–ˆâ–ˆâ–Ž    | 21/40 [00:00<00:00, 96.46it/s]
Evaluating BP Model:  82%|â–ˆâ–ˆâ–ˆâ–ˆâ–ˆâ–ˆâ–ˆâ–ˆâ–Ž | 33/40 [00:00<00:00, 102.52it/s]
                                                                     

BP Epoch 3/100:   0%|          | 0/390 [00:00<?, ?it/s]
BP Epoch 3/100:   4%|â–         | 15/390 [00:00<00:02, 148.63it/s]
BP Epoch 3/100:   9%|â–‰         | 37/390 [00:00<00:01, 177.38it/s]
BP Epoch 3/100:  16%|â–ˆâ–Œ        | 61/390 [00:00<00:01, 193.38it/s]
BP Epoch 3/100:  22%|â–ˆâ–ˆâ–       | 84/390 [00:00<00:01, 206.60it/s]
BP Epoch 3/100:  22%|â–ˆâ–ˆâ–       | 84/390 [00:00<00:01, 206.60it/s, acc=98.44%, loss=0.0351]
BP Epoch 3/100:  27%|â–ˆâ–ˆâ–‹       | 105/390 [00:00<00:01, 199.77it/s, acc=98.44%, loss=0.0351]
BP Epoch 3/100:  33%|â–ˆâ–ˆâ–ˆâ–Ž      | 129/390 [00:00<00:01, 205.68it/s, acc=98.44%, loss=0.0351]
BP Epoch 3/100:  39%|â–ˆâ–ˆâ–ˆâ–‰      | 153/390 [00:00<00:01, 208.49it/s, acc=98.44%, loss=0.0351]
BP Epoch 3/100:  45%|â–ˆâ–ˆâ–ˆâ–ˆâ–Œ     | 176/390 [00:00<00:01, 213.92it/s, acc=98.44%, loss=0.0351]
BP Epoch 3/100:  51%|â–ˆâ–ˆâ–ˆâ–ˆâ–ˆ     | 198/390 [00:00<00:00, 209.33it/s, acc=98.44%, loss=0.0351]
BP Epoch 3/100:  51%|â–ˆâ–ˆâ–ˆâ–ˆâ–ˆ     | 198/390 [00:00<00:00, 209.33it/s, acc=99.22%, loss=0.0369]
BP Epoch 3/100:  56%|â–ˆâ–ˆâ–ˆâ–ˆâ–ˆâ–Œ    | 219/390 [00:01<00:00, 204.13it/s, acc=99.22%, loss=0.0369]
BP Epoch 3/100:  62%|â–ˆâ–ˆâ–ˆâ–ˆâ–ˆâ–ˆâ–   | 242/390 [00:01<00:00, 210.98it/s, acc=99.22%, loss=0.0369]
BP Epoch 3/100:  68%|â–ˆâ–ˆâ–ˆâ–ˆâ–ˆâ–ˆâ–Š   | 264/390 [00:01<00:00, 206.96it/s, acc=99.22%, loss=0.0369]
BP Epoch 3/100:  74%|â–ˆâ–ˆâ–ˆâ–ˆâ–ˆâ–ˆâ–ˆâ–Ž  | 287/390 [00:01<00:00, 205.37it/s, acc=99.22%, loss=0.0369]
BP Epoch 3/100:  74%|â–ˆâ–ˆâ–ˆâ–ˆâ–ˆâ–ˆâ–ˆâ–Ž  | 287/390 [00:01<00:00, 205.37it/s, acc=100.00%, loss=0.0321]
BP Epoch 3/100:  79%|â–ˆâ–ˆâ–ˆâ–ˆâ–ˆâ–ˆâ–ˆâ–‰  | 310/390 [00:01<00:00, 211.96it/s, acc=100.00%, loss=0.0321]
BP Epoch 3/100:  85%|â–ˆâ–ˆâ–ˆâ–ˆâ–ˆâ–ˆâ–ˆâ–ˆâ–Œ | 332/390 [00:01<00:00, 208.68it/s, acc=100.00%, loss=0.0321]
BP Epoch 3/100:  91%|â–ˆâ–ˆâ–ˆâ–ˆâ–ˆâ–ˆâ–ˆâ–ˆâ–ˆ | 355/390 [00:01<00:00, 207.44it/s, acc=100.00%, loss=0.0321]
BP Epoch 3/100:  97%|â–ˆâ–ˆâ–ˆâ–ˆâ–ˆâ–ˆâ–ˆâ–ˆâ–ˆâ–‹| 378/390 [00:01<00:00, 213.59it/s, acc=100.00%, loss=0.0321]
BP Epoch 3/100:  97%|â–ˆâ–ˆâ–ˆâ–ˆâ–ˆâ–ˆâ–ˆâ–ˆâ–ˆâ–‹| 378/390 [00:01<00:00, 213.59it/s, acc=98.44%, loss=0.0538] 
                                                                                           

Evaluating BP Model:   0%|          | 0/40 [00:00<?, ?it/s]
Evaluating BP Model:  22%|â–ˆâ–ˆâ–Ž       | 9/40 [00:00<00:00, 75.93it/s]
Evaluating BP Model:  52%|â–ˆâ–ˆâ–ˆâ–ˆâ–ˆâ–Ž    | 21/40 [00:00<00:00, 96.07it/s]
Evaluating BP Model:  82%|â–ˆâ–ˆâ–ˆâ–ˆâ–ˆâ–ˆâ–ˆâ–ˆâ–Ž | 33/40 [00:00<00:00, 101.71it/s]
                                                                     

BP Epoch 4/100:   0%|          | 0/390 [00:00<?, ?it/s]
BP Epoch 4/100:   4%|â–         | 16/390 [00:00<00:02, 158.33it/s]
BP Epoch 4/100:   9%|â–‰         | 37/390 [00:00<00:01, 180.24it/s]
BP Epoch 4/100:  15%|â–ˆâ–Œ        | 60/390 [00:00<00:01, 202.01it/s]
BP Epoch 4/100:  21%|â–ˆâ–ˆ        | 81/390 [00:00<00:01, 197.90it/s]
BP Epoch 4/100:  21%|â–ˆâ–ˆ        | 81/390 [00:00<00:01, 197.90it/s, acc=99.22%, loss=0.0471]
BP Epoch 4/100:  27%|â–ˆâ–ˆâ–‹       | 105/390 [00:00<00:01, 202.69it/s, acc=99.22%, loss=0.0471]
BP Epoch 4/100:  33%|â–ˆâ–ˆâ–ˆâ–Ž      | 129/390 [00:00<00:01, 205.25it/s, acc=99.22%, loss=0.0471]
BP Epoch 4/100:  39%|â–ˆâ–ˆâ–ˆâ–‰      | 153/390 [00:00<00:01, 207.13it/s, acc=99.22%, loss=0.0471]
BP Epoch 4/100:  45%|â–ˆâ–ˆâ–ˆâ–ˆâ–Œ     | 177/390 [00:00<00:01, 208.20it/s, acc=99.22%, loss=0.0471]
BP Epoch 4/100:  45%|â–ˆâ–ˆâ–ˆâ–ˆâ–Œ     | 177/390 [00:00<00:01, 208.20it/s, acc=97.66%, loss=0.0556]
BP Epoch 4/100:  51%|â–ˆâ–ˆâ–ˆâ–ˆâ–ˆâ–    | 200/390 [00:00<00:00, 213.31it/s, acc=97.66%, loss=0.0556]
BP Epoch 4/100:  57%|â–ˆâ–ˆâ–ˆâ–ˆâ–ˆâ–‹    | 222/390 [00:01<00:00, 209.28it/s, acc=97.66%, loss=0.0556]
BP Epoch 4/100:  63%|â–ˆâ–ˆâ–ˆâ–ˆâ–ˆâ–ˆâ–Ž   | 245/390 [00:01<00:00, 206.93it/s, acc=97.66%, loss=0.0556]
BP Epoch 4/100:  69%|â–ˆâ–ˆâ–ˆâ–ˆâ–ˆâ–ˆâ–Š   | 268/390 [00:01<00:00, 213.03it/s, acc=97.66%, loss=0.0556]
BP Epoch 4/100:  74%|â–ˆâ–ˆâ–ˆâ–ˆâ–ˆâ–ˆâ–ˆâ–  | 290/390 [00:01<00:00, 208.90it/s, acc=97.66%, loss=0.0556]
BP Epoch 4/100:  74%|â–ˆâ–ˆâ–ˆâ–ˆâ–ˆâ–ˆâ–ˆâ–  | 290/390 [00:01<00:00, 208.90it/s, acc=98.44%, loss=0.0530]
BP Epoch 4/100:  80%|â–ˆâ–ˆâ–ˆâ–ˆâ–ˆâ–ˆâ–ˆâ–ˆ  | 313/390 [00:01<00:00, 207.22it/s, acc=98.44%, loss=0.0530]
BP Epoch 4/100:  86%|â–ˆâ–ˆâ–ˆâ–ˆâ–ˆâ–ˆâ–ˆâ–ˆâ–Œ | 336/390 [00:01<00:00, 212.87it/s, acc=98.44%, loss=0.0530]
BP Epoch 4/100:  92%|â–ˆâ–ˆâ–ˆâ–ˆâ–ˆâ–ˆâ–ˆâ–ˆâ–ˆâ–| 358/390 [00:01<00:00, 208.92it/s, acc=98.44%, loss=0.0530]
BP Epoch 4/100:  98%|â–ˆâ–ˆâ–ˆâ–ˆâ–ˆâ–ˆâ–ˆâ–ˆâ–ˆâ–Š| 381/390 [00:01<00:00, 207.61it/s, acc=98.44%, loss=0.0530]
BP Epoch 4/100:  98%|â–ˆâ–ˆâ–ˆâ–ˆâ–ˆâ–ˆâ–ˆâ–ˆâ–ˆâ–Š| 381/390 [00:01<00:00, 207.61it/s, acc=99.22%, loss=0.0246]
                                                                                           

Evaluating BP Model:   0%|          | 0/40 [00:00<?, ?it/s]
Evaluating BP Model:  22%|â–ˆâ–ˆâ–Ž       | 9/40 [00:00<00:00, 78.58it/s]
Evaluating BP Model:  52%|â–ˆâ–ˆâ–ˆâ–ˆâ–ˆâ–Ž    | 21/40 [00:00<00:00, 96.09it/s]
Evaluating BP Model:  82%|â–ˆâ–ˆâ–ˆâ–ˆâ–ˆâ–ˆâ–ˆâ–ˆâ–Ž | 33/40 [00:00<00:00, 101.80it/s]
                                                                     

BP Epoch 5/100:   0%|          | 0/390 [00:00<?, ?it/s]
BP Epoch 5/100:   4%|â–Ž         | 14/390 [00:00<00:02, 138.29it/s]
BP Epoch 5/100:   9%|â–‰         | 37/390 [00:00<00:01, 180.04it/s]
BP Epoch 5/100:  16%|â–ˆâ–Œ        | 61/390 [00:00<00:01, 193.89it/s]
BP Epoch 5/100:  22%|â–ˆâ–ˆâ–       | 84/390 [00:00<00:01, 206.63it/s]
BP Epoch 5/100:  22%|â–ˆâ–ˆâ–       | 84/390 [00:00<00:01, 206.63it/s, acc=99.22%, loss=0.0388]
BP Epoch 5/100:  27%|â–ˆâ–ˆâ–‹       | 105/390 [00:00<00:01, 202.47it/s, acc=99.22%, loss=0.0388]
BP Epoch 5/100:  33%|â–ˆâ–ˆâ–ˆâ–Ž      | 129/390 [00:00<00:01, 205.98it/s, acc=99.22%, loss=0.0388]
BP Epoch 5/100:  39%|â–ˆâ–ˆâ–ˆâ–‰      | 153/390 [00:00<00:01, 207.79it/s, acc=99.22%, loss=0.0388]
BP Epoch 5/100:  45%|â–ˆâ–ˆâ–ˆâ–ˆâ–Œ     | 177/390 [00:00<00:01, 209.79it/s, acc=99.22%, loss=0.0388]
BP Epoch 5/100:  51%|â–ˆâ–ˆâ–ˆâ–ˆâ–ˆ     | 198/390 [00:01<00:01, 179.01it/s, acc=99.22%, loss=0.0388]
BP Epoch 5/100:  51%|â–ˆâ–ˆâ–ˆâ–ˆâ–ˆ     | 198/390 [00:01<00:01, 179.01it/s, acc=99.22%, loss=0.0343]
BP Epoch 5/100:  57%|â–ˆâ–ˆâ–ˆâ–ˆâ–ˆâ–‹    | 222/390 [00:01<00:00, 192.01it/s, acc=99.22%, loss=0.0343]
BP Epoch 5/100:  63%|â–ˆâ–ˆâ–ˆâ–ˆâ–ˆâ–ˆâ–Ž   | 244/390 [00:01<00:00, 199.41it/s, acc=99.22%, loss=0.0343]
BP Epoch 5/100:  68%|â–ˆâ–ˆâ–ˆâ–ˆâ–ˆâ–ˆâ–Š   | 265/390 [00:01<00:00, 196.65it/s, acc=99.22%, loss=0.0343]
BP Epoch 5/100:  74%|â–ˆâ–ˆâ–ˆâ–ˆâ–ˆâ–ˆâ–ˆâ–  | 289/390 [00:01<00:00, 200.94it/s, acc=99.22%, loss=0.0343]
BP Epoch 5/100:  74%|â–ˆâ–ˆâ–ˆâ–ˆâ–ˆâ–ˆâ–ˆâ–  | 289/390 [00:01<00:00, 200.94it/s, acc=98.44%, loss=0.0320]
BP Epoch 5/100:  80%|â–ˆâ–ˆâ–ˆâ–ˆâ–ˆâ–ˆâ–ˆâ–ˆ  | 312/390 [00:01<00:00, 208.96it/s, acc=98.44%, loss=0.0320]
BP Epoch 5/100:  86%|â–ˆâ–ˆâ–ˆâ–ˆâ–ˆâ–ˆâ–ˆâ–ˆâ–Œ | 334/390 [00:01<00:00, 205.78it/s, acc=98.44%, loss=0.0320]
BP Epoch 5/100:  91%|â–ˆâ–ˆâ–ˆâ–ˆâ–ˆâ–ˆâ–ˆâ–ˆâ–ˆâ–| 356/390 [00:01<00:00, 209.75it/s, acc=98.44%, loss=0.0320]
BP Epoch 5/100:  97%|â–ˆâ–ˆâ–ˆâ–ˆâ–ˆâ–ˆâ–ˆâ–ˆâ–ˆâ–‹| 378/390 [00:01<00:00, 206.35it/s, acc=98.44%, loss=0.0320]
BP Epoch 5/100:  97%|â–ˆâ–ˆâ–ˆâ–ˆâ–ˆâ–ˆâ–ˆâ–ˆâ–ˆâ–‹| 378/390 [00:01<00:00, 206.35it/s, acc=100.00%, loss=0.0171]
                                                                                            

Evaluating BP Model:   0%|          | 0/40 [00:00<?, ?it/s]
Evaluating BP Model:  22%|â–ˆâ–ˆâ–Ž       | 9/40 [00:00<00:00, 79.14it/s]
Evaluating BP Model:  52%|â–ˆâ–ˆâ–ˆâ–ˆâ–ˆâ–Ž    | 21/40 [00:00<00:00, 95.99it/s]
Evaluating BP Model:  82%|â–ˆâ–ˆâ–ˆâ–ˆâ–ˆâ–ˆâ–ˆâ–ˆâ–Ž | 33/40 [00:00<00:00, 102.52it/s]
                                                                     

BP Epoch 6/100:   0%|          | 0/390 [00:00<?, ?it/s]
BP Epoch 6/100:   4%|â–         | 15/390 [00:00<00:02, 147.93it/s]
BP Epoch 6/100:   9%|â–‰         | 37/390 [00:00<00:02, 176.42it/s]
BP Epoch 6/100:  15%|â–ˆâ–        | 58/390 [00:00<00:01, 190.36it/s]
BP Epoch 6/100:  20%|â–ˆâ–ˆ        | 79/390 [00:00<00:01, 197.33it/s]
BP Epoch 6/100:  25%|â–ˆâ–ˆâ–Œ       | 99/390 [00:00<00:01, 196.10it/s]
BP Epoch 6/100:  25%|â–ˆâ–ˆâ–Œ       | 99/390 [00:00<00:01, 196.10it/s, acc=100.00%, loss=0.0117]
BP Epoch 6/100:  31%|â–ˆâ–ˆâ–ˆ       | 119/390 [00:00<00:01, 193.19it/s, acc=100.00%, loss=0.0117]
BP Epoch 6/100:  36%|â–ˆâ–ˆâ–ˆâ–Œ      | 139/390 [00:00<00:01, 191.75it/s, acc=100.00%, loss=0.0117]
BP Epoch 6/100:  41%|â–ˆâ–ˆâ–ˆâ–ˆ      | 159/390 [00:00<00:01, 190.47it/s, acc=100.00%, loss=0.0117]
BP Epoch 6/100:  46%|â–ˆâ–ˆâ–ˆâ–ˆâ–Œ     | 179/390 [00:00<00:01, 192.51it/s, acc=100.00%, loss=0.0117]
BP Epoch 6/100:  46%|â–ˆâ–ˆâ–ˆâ–ˆâ–Œ     | 179/390 [00:01<00:01, 192.51it/s, acc=99.22%, loss=0.0219] 
BP Epoch 6/100:  51%|â–ˆâ–ˆâ–ˆâ–ˆâ–ˆâ–    | 200/390 [00:01<00:00, 190.74it/s, acc=99.22%, loss=0.0219]
BP Epoch 6/100:  57%|â–ˆâ–ˆâ–ˆâ–ˆâ–ˆâ–‹    | 224/390 [00:01<00:00, 198.29it/s, acc=99.22%, loss=0.0219]
BP Epoch 6/100:  64%|â–ˆâ–ˆâ–ˆâ–ˆâ–ˆâ–ˆâ–Ž   | 248/390 [00:01<00:00, 202.33it/s, acc=99.22%, loss=0.0219]
BP Epoch 6/100:  70%|â–ˆâ–ˆâ–ˆâ–ˆâ–ˆâ–ˆâ–‰   | 272/390 [00:01<00:00, 205.00it/s, acc=99.22%, loss=0.0219]
BP Epoch 6/100:  76%|â–ˆâ–ˆâ–ˆâ–ˆâ–ˆâ–ˆâ–ˆâ–Œ  | 296/390 [00:01<00:00, 206.69it/s, acc=99.22%, loss=0.0219]
BP Epoch 6/100:  76%|â–ˆâ–ˆâ–ˆâ–ˆâ–ˆâ–ˆâ–ˆâ–Œ  | 296/390 [00:01<00:00, 206.69it/s, acc=100.00%, loss=0.0093]
BP Epoch 6/100:  82%|â–ˆâ–ˆâ–ˆâ–ˆâ–ˆâ–ˆâ–ˆâ–ˆâ– | 320/390 [00:01<00:00, 208.10it/s, acc=100.00%, loss=0.0093]
BP Epoch 6/100:  87%|â–ˆâ–ˆâ–ˆâ–ˆâ–ˆâ–ˆâ–ˆâ–ˆâ–‹ | 341/390 [00:01<00:00, 206.85it/s, acc=100.00%, loss=0.0093]
BP Epoch 6/100:  93%|â–ˆâ–ˆâ–ˆâ–ˆâ–ˆâ–ˆâ–ˆâ–ˆâ–ˆâ–Ž| 362/390 [00:01<00:00, 206.63it/s, acc=100.00%, loss=0.0093]
BP Epoch 6/100:  98%|â–ˆâ–ˆâ–ˆâ–ˆâ–ˆâ–ˆâ–ˆâ–ˆâ–ˆâ–Š| 383/390 [00:01<00:00, 198.89it/s, acc=100.00%, loss=0.0093]
BP Epoch 6/100:  98%|â–ˆâ–ˆâ–ˆâ–ˆâ–ˆâ–ˆâ–ˆâ–ˆâ–ˆâ–Š| 383/390 [00:01<00:00, 198.89it/s, acc=100.00%, loss=0.0172]
                                                                                            

Evaluating BP Model:   0%|          | 0/40 [00:00<?, ?it/s]
Evaluating BP Model:  22%|â–ˆâ–ˆâ–Ž       | 9/40 [00:00<00:00, 68.22it/s]
Evaluating BP Model:  52%|â–ˆâ–ˆâ–ˆâ–ˆâ–ˆâ–Ž    | 21/40 [00:00<00:00, 90.20it/s]
Evaluating BP Model:  82%|â–ˆâ–ˆâ–ˆâ–ˆâ–ˆâ–ˆâ–ˆâ–ˆâ–Ž | 33/40 [00:00<00:00, 98.60it/s]
                                                                    
[codecarbon INFO @ 23:49:04] Energy consumed for RAM : 0.000164 kWh. RAM Power : 38.0 W

BP Epoch 7/100:   0%|          | 0/390 [00:00<?, ?it/s]
BP Epoch 7/100:   4%|â–         | 17/390 [00:00<00:02, 151.68it/s]
BP Epoch 7/100:  11%|â–ˆ         | 41/390 [00:00<00:01, 185.05it/s]
BP Epoch 7/100:  17%|â–ˆâ–‹        | 65/390 [00:00<00:01, 200.01it/s]
BP Epoch 7/100:  23%|â–ˆâ–ˆâ–Ž       | 89/390 [00:00<00:01, 203.50it/s][codecarbon INFO @ 23:49:04] Delta energy consumed for CPU with cpu_load : 0.000293 kWh, power : 68.04 W
[codecarbon INFO @ 23:49:04] Energy consumed for All CPU : 0.000293 kWh
[codecarbon INFO @ 23:49:04] Energy consumed for all GPUs : 0.000271 kWh. Total GPU Power : 60.837001918778164 W
[codecarbon INFO @ 23:49:04] 0.000727 kWh of electricity used since the beginning.

BP Epoch 7/100:  23%|â–ˆâ–ˆâ–Ž       | 89/390 [00:00<00:01, 203.50it/s, acc=100.00%, loss=0.0120]
BP Epoch 7/100:  29%|â–ˆâ–ˆâ–Š       | 112/390 [00:00<00:01, 211.53it/s, acc=100.00%, loss=0.0120]
BP Epoch 7/100:  34%|â–ˆâ–ˆâ–ˆâ–      | 134/390 [00:00<00:01, 208.05it/s, acc=100.00%, loss=0.0120]
BP Epoch 7/100:  40%|â–ˆâ–ˆâ–ˆâ–ˆ      | 157/390 [00:00<00:01, 208.06it/s, acc=100.00%, loss=0.0120]
BP Epoch 7/100:  46%|â–ˆâ–ˆâ–ˆâ–ˆâ–Œ     | 179/390 [00:00<00:00, 211.25it/s, acc=100.00%, loss=0.0120]
BP Epoch 7/100:  46%|â–ˆâ–ˆâ–ˆâ–ˆâ–Œ     | 179/390 [00:00<00:00, 211.25it/s, acc=98.44%, loss=0.0407] 
BP Epoch 7/100:  52%|â–ˆâ–ˆâ–ˆâ–ˆâ–ˆâ–    | 201/390 [00:00<00:00, 208.52it/s, acc=98.44%, loss=0.0407]
BP Epoch 7/100:  57%|â–ˆâ–ˆâ–ˆâ–ˆâ–ˆâ–‹    | 222/390 [00:01<00:00, 208.82it/s, acc=98.44%, loss=0.0407]
BP Epoch 7/100:  63%|â–ˆâ–ˆâ–ˆâ–ˆâ–ˆâ–ˆâ–Ž   | 245/390 [00:01<00:00, 209.92it/s, acc=98.44%, loss=0.0407]
BP Epoch 7/100:  68%|â–ˆâ–ˆâ–ˆâ–ˆâ–ˆâ–ˆâ–Š   | 267/390 [00:01<00:00, 210.73it/s, acc=98.44%, loss=0.0407]
BP Epoch 7/100:  74%|â–ˆâ–ˆâ–ˆâ–ˆâ–ˆâ–ˆâ–ˆâ–  | 289/390 [00:01<00:00, 210.45it/s, acc=98.44%, loss=0.0407]
BP Epoch 7/100:  74%|â–ˆâ–ˆâ–ˆâ–ˆâ–ˆâ–ˆâ–ˆâ–  | 289/390 [00:01<00:00, 210.45it/s, acc=99.22%, loss=0.0092]
BP Epoch 7/100:  80%|â–ˆâ–ˆâ–ˆâ–ˆâ–ˆâ–ˆâ–ˆâ–‰  | 311/390 [00:01<00:00, 210.11it/s, acc=99.22%, loss=0.0092]
BP Epoch 7/100:  85%|â–ˆâ–ˆâ–ˆâ–ˆâ–ˆâ–ˆâ–ˆâ–ˆâ–Œ | 333/390 [00:01<00:00, 211.09it/s, acc=99.22%, loss=0.0092]
BP Epoch 7/100:  91%|â–ˆâ–ˆâ–ˆâ–ˆâ–ˆâ–ˆâ–ˆâ–ˆâ–ˆ | 355/390 [00:01<00:00, 209.25it/s, acc=99.22%, loss=0.0092]
BP Epoch 7/100:  97%|â–ˆâ–ˆâ–ˆâ–ˆâ–ˆâ–ˆâ–ˆâ–ˆâ–ˆâ–‹| 378/390 [00:01<00:00, 206.97it/s, acc=99.22%, loss=0.0092]
BP Epoch 7/100:  97%|â–ˆâ–ˆâ–ˆâ–ˆâ–ˆâ–ˆâ–ˆâ–ˆâ–ˆâ–‹| 378/390 [00:01<00:00, 206.97it/s, acc=100.00%, loss=0.0078]
                                                                                            

Evaluating BP Model:   0%|          | 0/40 [00:00<?, ?it/s]
Evaluating BP Model:  22%|â–ˆâ–ˆâ–Ž       | 9/40 [00:00<00:00, 79.13it/s]
Evaluating BP Model:  52%|â–ˆâ–ˆâ–ˆâ–ˆâ–ˆâ–Ž    | 21/40 [00:00<00:00, 96.45it/s]
Evaluating BP Model:  82%|â–ˆâ–ˆâ–ˆâ–ˆâ–ˆâ–ˆâ–ˆâ–ˆâ–Ž | 33/40 [00:00<00:00, 101.75it/s]
                                                                     

BP Epoch 8/100:   0%|          | 0/390 [00:00<?, ?it/s]
BP Epoch 8/100:   4%|â–         | 17/390 [00:00<00:02, 157.50it/s]
BP Epoch 8/100:  10%|â–ˆ         | 40/390 [00:00<00:01, 197.11it/s]
BP Epoch 8/100:  16%|â–ˆâ–Œ        | 61/390 [00:00<00:01, 194.49it/s]
BP Epoch 8/100:  21%|â–ˆâ–ˆâ–       | 83/390 [00:00<00:01, 202.11it/s]
BP Epoch 8/100:  21%|â–ˆâ–ˆâ–       | 83/390 [00:00<00:01, 202.11it/s, acc=100.00%, loss=0.0077]
BP Epoch 8/100:  27%|â–ˆâ–ˆâ–‹       | 104/390 [00:00<00:01, 203.49it/s, acc=100.00%, loss=0.0077]
BP Epoch 8/100:  32%|â–ˆâ–ˆâ–ˆâ–      | 125/390 [00:00<00:01, 204.64it/s, acc=100.00%, loss=0.0077]
BP Epoch 8/100:  38%|â–ˆâ–ˆâ–ˆâ–Š      | 147/390 [00:00<00:01, 204.24it/s, acc=100.00%, loss=0.0077]
BP Epoch 8/100:  43%|â–ˆâ–ˆâ–ˆâ–ˆâ–Ž     | 168/390 [00:00<00:01, 205.30it/s, acc=100.00%, loss=0.0077]
BP Epoch 8/100:  49%|â–ˆâ–ˆâ–ˆâ–ˆâ–Š     | 190/390 [00:00<00:00, 209.03it/s, acc=100.00%, loss=0.0077]
BP Epoch 8/100:  49%|â–ˆâ–ˆâ–ˆâ–ˆâ–Š     | 190/390 [00:00<00:00, 209.03it/s, acc=99.22%, loss=0.0226] 
BP Epoch 8/100:  54%|â–ˆâ–ˆâ–ˆâ–ˆâ–ˆâ–    | 211/390 [00:01<00:00, 205.65it/s, acc=99.22%, loss=0.0226]
BP Epoch 8/100:  60%|â–ˆâ–ˆâ–ˆâ–ˆâ–ˆâ–‰    | 233/390 [00:01<00:00, 208.59it/s, acc=99.22%, loss=0.0226]
BP Epoch 8/100:  65%|â–ˆâ–ˆâ–ˆâ–ˆâ–ˆâ–ˆâ–Œ   | 255/390 [00:01<00:00, 207.68it/s, acc=99.22%, loss=0.0226]
BP Epoch 8/100:  71%|â–ˆâ–ˆâ–ˆâ–ˆâ–ˆâ–ˆâ–ˆ   | 277/390 [00:01<00:00, 209.42it/s, acc=99.22%, loss=0.0226]
BP Epoch 8/100:  77%|â–ˆâ–ˆâ–ˆâ–ˆâ–ˆâ–ˆâ–ˆâ–‹  | 299/390 [00:01<00:00, 209.05it/s, acc=99.22%, loss=0.0226]
BP Epoch 8/100:  77%|â–ˆâ–ˆâ–ˆâ–ˆâ–ˆâ–ˆâ–ˆâ–‹  | 299/390 [00:01<00:00, 209.05it/s, acc=100.00%, loss=0.0058]
BP Epoch 8/100:  82%|â–ˆâ–ˆâ–ˆâ–ˆâ–ˆâ–ˆâ–ˆâ–ˆâ– | 321/390 [00:01<00:00, 209.24it/s, acc=100.00%, loss=0.0058]
BP Epoch 8/100:  88%|â–ˆâ–ˆâ–ˆâ–ˆâ–ˆâ–ˆâ–ˆâ–ˆâ–Š | 343/390 [00:01<00:00, 210.67it/s, acc=100.00%, loss=0.0058]
BP Epoch 8/100:  94%|â–ˆâ–ˆâ–ˆâ–ˆâ–ˆâ–ˆâ–ˆâ–ˆâ–ˆâ–Ž| 365/390 [00:01<00:00, 208.57it/s, acc=100.00%, loss=0.0058]
BP Epoch 8/100:  99%|â–ˆâ–ˆâ–ˆâ–ˆâ–ˆâ–ˆâ–ˆâ–ˆâ–ˆâ–‰| 386/390 [00:01<00:00, 203.27it/s, acc=100.00%, loss=0.0058]
BP Epoch 8/100:  99%|â–ˆâ–ˆâ–ˆâ–ˆâ–ˆâ–ˆâ–ˆâ–ˆâ–ˆâ–‰| 386/390 [00:01<00:00, 203.27it/s, acc=100.00%, loss=0.0114]
                                                                                            

Evaluating BP Model:   0%|          | 0/40 [00:00<?, ?it/s]
Evaluating BP Model:  22%|â–ˆâ–ˆâ–Ž       | 9/40 [00:00<00:00, 77.89it/s]
Evaluating BP Model:  52%|â–ˆâ–ˆâ–ˆâ–ˆâ–ˆâ–Ž    | 21/40 [00:00<00:00, 94.84it/s]
Evaluating BP Model:  82%|â–ˆâ–ˆâ–ˆâ–ˆâ–ˆâ–ˆâ–ˆâ–ˆâ–Ž | 33/40 [00:00<00:00, 101.37it/s]
                                                                     

BP Epoch 9/100:   0%|          | 0/390 [00:00<?, ?it/s]
BP Epoch 9/100:   3%|â–Ž         | 13/390 [00:00<00:03, 120.84it/s]
BP Epoch 9/100:   9%|â–‰         | 36/390 [00:00<00:01, 182.78it/s]
BP Epoch 9/100:  15%|â–ˆâ–        | 57/390 [00:00<00:01, 187.95it/s]
BP Epoch 9/100:  21%|â–ˆâ–ˆ        | 81/390 [00:00<00:01, 198.66it/s]
BP Epoch 9/100:  21%|â–ˆâ–ˆ        | 81/390 [00:00<00:01, 198.66it/s, acc=99.22%, loss=0.0114]
BP Epoch 9/100:  26%|â–ˆâ–ˆâ–Œ       | 102/390 [00:00<00:01, 199.28it/s, acc=99.22%, loss=0.0114]
BP Epoch 9/100:  32%|â–ˆâ–ˆâ–ˆâ–      | 125/390 [00:00<00:01, 207.58it/s, acc=99.22%, loss=0.0114]
BP Epoch 9/100:  38%|â–ˆâ–ˆâ–ˆâ–Š      | 149/390 [00:00<00:01, 208.94it/s, acc=99.22%, loss=0.0114]
BP Epoch 9/100:  44%|â–ˆâ–ˆâ–ˆâ–ˆâ–     | 173/390 [00:00<00:01, 210.06it/s, acc=99.22%, loss=0.0114]
BP Epoch 9/100:  51%|â–ˆâ–ˆâ–ˆâ–ˆâ–ˆ     | 197/390 [00:00<00:00, 210.68it/s, acc=99.22%, loss=0.0114]
BP Epoch 9/100:  51%|â–ˆâ–ˆâ–ˆâ–ˆâ–ˆ     | 197/390 [00:00<00:00, 210.68it/s, acc=100.00%, loss=0.0024]
BP Epoch 9/100:  56%|â–ˆâ–ˆâ–ˆâ–ˆâ–ˆâ–‹    | 220/390 [00:01<00:00, 215.15it/s, acc=100.00%, loss=0.0024]
BP Epoch 9/100:  62%|â–ˆâ–ˆâ–ˆâ–ˆâ–ˆâ–ˆâ–   | 242/390 [00:01<00:00, 212.01it/s, acc=100.00%, loss=0.0024]
BP Epoch 9/100:  68%|â–ˆâ–ˆâ–ˆâ–ˆâ–ˆâ–ˆâ–Š   | 264/390 [00:01<00:00, 212.80it/s, acc=100.00%, loss=0.0024]
BP Epoch 9/100:  73%|â–ˆâ–ˆâ–ˆâ–ˆâ–ˆâ–ˆâ–ˆâ–Ž  | 286/390 [00:01<00:00, 211.82it/s, acc=100.00%, loss=0.0024]
BP Epoch 9/100:  73%|â–ˆâ–ˆâ–ˆâ–ˆâ–ˆâ–ˆâ–ˆâ–Ž  | 286/390 [00:01<00:00, 211.82it/s, acc=99.22%, loss=0.0130] 
BP Epoch 9/100:  79%|â–ˆâ–ˆâ–ˆâ–ˆâ–ˆâ–ˆâ–ˆâ–‰  | 308/390 [00:01<00:00, 210.05it/s, acc=99.22%, loss=0.0130]
BP Epoch 9/100:  85%|â–ˆâ–ˆâ–ˆâ–ˆâ–ˆâ–ˆâ–ˆâ–ˆâ– | 330/390 [00:01<00:00, 211.97it/s, acc=99.22%, loss=0.0130]
BP Epoch 9/100:  90%|â–ˆâ–ˆâ–ˆâ–ˆâ–ˆâ–ˆâ–ˆâ–ˆâ–ˆ | 352/390 [00:01<00:00, 210.15it/s, acc=99.22%, loss=0.0130]
BP Epoch 9/100:  96%|â–ˆâ–ˆâ–ˆâ–ˆâ–ˆâ–ˆâ–ˆâ–ˆâ–ˆâ–Œ| 374/390 [00:01<00:00, 212.58it/s, acc=99.22%, loss=0.0130]
BP Epoch 9/100:  96%|â–ˆâ–ˆâ–ˆâ–ˆâ–ˆâ–ˆâ–ˆâ–ˆâ–ˆâ–Œ| 374/390 [00:01<00:00, 212.58it/s, acc=100.00%, loss=0.0029]
                                                                                            

Evaluating BP Model:   0%|          | 0/40 [00:00<?, ?it/s]
Evaluating BP Model:  22%|â–ˆâ–ˆâ–Ž       | 9/40 [00:00<00:00, 77.88it/s]
Evaluating BP Model:  52%|â–ˆâ–ˆâ–ˆâ–ˆâ–ˆâ–Ž    | 21/40 [00:00<00:00, 92.88it/s]
Evaluating BP Model:  82%|â–ˆâ–ˆâ–ˆâ–ˆâ–ˆâ–ˆâ–ˆâ–ˆâ–Ž | 33/40 [00:00<00:00, 100.39it/s]
                                                                     

BP Epoch 10/100:   0%|          | 0/390 [00:00<?, ?it/s]
BP Epoch 10/100:   4%|â–         | 17/390 [00:00<00:02, 157.67it/s]
BP Epoch 10/100:  10%|â–ˆ         | 40/390 [00:00<00:01, 198.07it/s]
BP Epoch 10/100:  16%|â–ˆâ–Œ        | 61/390 [00:00<00:01, 195.46it/s]
BP Epoch 10/100:  22%|â–ˆâ–ˆâ–       | 84/390 [00:00<00:01, 208.24it/s]
BP Epoch 10/100:  22%|â–ˆâ–ˆâ–       | 84/390 [00:00<00:01, 208.24it/s, acc=100.00%, loss=0.0044]
BP Epoch 10/100:  27%|â–ˆâ–ˆâ–‹       | 105/390 [00:00<00:01, 201.89it/s, acc=100.00%, loss=0.0044]
BP Epoch 10/100:  33%|â–ˆâ–ˆâ–ˆâ–Ž      | 128/390 [00:00<00:01, 210.23it/s, acc=100.00%, loss=0.0044]
BP Epoch 10/100:  38%|â–ˆâ–ˆâ–ˆâ–Š      | 150/390 [00:00<00:01, 207.15it/s, acc=100.00%, loss=0.0044]
BP Epoch 10/100:  44%|â–ˆâ–ˆâ–ˆâ–ˆâ–     | 172/390 [00:00<00:01, 210.61it/s, acc=100.00%, loss=0.0044]
BP Epoch 10/100:  50%|â–ˆâ–ˆâ–ˆâ–ˆâ–‰     | 194/390 [00:00<00:00, 208.63it/s, acc=100.00%, loss=0.0044]
BP Epoch 10/100:  50%|â–ˆâ–ˆâ–ˆâ–ˆâ–‰     | 194/390 [00:00<00:00, 208.63it/s, acc=100.00%, loss=0.0008]
BP Epoch 10/100:  55%|â–ˆâ–ˆâ–ˆâ–ˆâ–ˆâ–Œ    | 215/390 [00:01<00:00, 207.45it/s, acc=100.00%, loss=0.0008]
BP Epoch 10/100:  61%|â–ˆâ–ˆâ–ˆâ–ˆâ–ˆâ–ˆ    | 237/390 [00:01<00:00, 207.38it/s, acc=100.00%, loss=0.0008]
BP Epoch 10/100:  66%|â–ˆâ–ˆâ–ˆâ–ˆâ–ˆâ–ˆâ–‹   | 259/390 [00:01<00:00, 207.78it/s, acc=100.00%, loss=0.0008]
BP Epoch 10/100:  72%|â–ˆâ–ˆâ–ˆâ–ˆâ–ˆâ–ˆâ–ˆâ–  | 281/390 [00:01<00:00, 209.76it/s, acc=100.00%, loss=0.0008]
BP Epoch 10/100:  72%|â–ˆâ–ˆâ–ˆâ–ˆâ–ˆâ–ˆâ–ˆâ–  | 281/390 [00:01<00:00, 209.76it/s, acc=98.44%, loss=0.0324] 
BP Epoch 10/100:  78%|â–ˆâ–ˆâ–ˆâ–ˆâ–ˆâ–ˆâ–ˆâ–Š  | 303/390 [00:01<00:00, 208.27it/s, acc=98.44%, loss=0.0324]
BP Epoch 10/100:  83%|â–ˆâ–ˆâ–ˆâ–ˆâ–ˆâ–ˆâ–ˆâ–ˆâ–Ž | 325/390 [00:01<00:00, 210.72it/s, acc=98.44%, loss=0.0324]
BP Epoch 10/100:  89%|â–ˆâ–ˆâ–ˆâ–ˆâ–ˆâ–ˆâ–ˆâ–ˆâ–‰ | 347/390 [00:01<00:00, 205.48it/s, acc=98.44%, loss=0.0324]
BP Epoch 10/100:  95%|â–ˆâ–ˆâ–ˆâ–ˆâ–ˆâ–ˆâ–ˆâ–ˆâ–ˆâ–Œ| 371/390 [00:01<00:00, 209.34it/s, acc=98.44%, loss=0.0324]
BP Epoch 10/100:  95%|â–ˆâ–ˆâ–ˆâ–ˆâ–ˆâ–ˆâ–ˆâ–ˆâ–ˆâ–Œ| 371/390 [00:01<00:00, 209.34it/s, acc=100.00%, loss=0.0037]
                                                                                             

Evaluating BP Model:   0%|          | 0/40 [00:00<?, ?it/s]
Evaluating BP Model:  22%|â–ˆâ–ˆâ–Ž       | 9/40 [00:00<00:00, 78.47it/s]
Evaluating BP Model:  52%|â–ˆâ–ˆâ–ˆâ–ˆâ–ˆâ–Ž    | 21/40 [00:00<00:00, 95.25it/s]
Evaluating BP Model:  82%|â–ˆâ–ˆâ–ˆâ–ˆâ–ˆâ–ˆâ–ˆâ–ˆâ–Ž | 33/40 [00:00<00:00, 100.89it/s]
                                                                     

BP Epoch 11/100:   0%|          | 0/390 [00:00<?, ?it/s]
BP Epoch 11/100:   4%|â–         | 17/390 [00:00<00:02, 154.85it/s]
BP Epoch 11/100:  10%|â–ˆ         | 40/390 [00:00<00:01, 196.05it/s]
BP Epoch 11/100:  16%|â–ˆâ–Œ        | 61/390 [00:00<00:01, 198.02it/s]
BP Epoch 11/100:  21%|â–ˆâ–ˆâ–       | 83/390 [00:00<00:01, 204.10it/s]
BP Epoch 11/100:  21%|â–ˆâ–ˆâ–       | 83/390 [00:00<00:01, 204.10it/s, acc=100.00%, loss=0.0022]
BP Epoch 11/100:  27%|â–ˆâ–ˆâ–‹       | 105/390 [00:00<00:01, 205.32it/s, acc=100.00%, loss=0.0022]
BP Epoch 11/100:  33%|â–ˆâ–ˆâ–ˆâ–Ž      | 127/390 [00:00<00:01, 207.26it/s, acc=100.00%, loss=0.0022]
BP Epoch 11/100:  38%|â–ˆâ–ˆâ–ˆâ–Š      | 149/390 [00:00<00:01, 207.99it/s, acc=100.00%, loss=0.0022]
BP Epoch 11/100:  44%|â–ˆâ–ˆâ–ˆâ–ˆâ–     | 171/390 [00:00<00:01, 207.98it/s, acc=100.00%, loss=0.0022]
BP Epoch 11/100:  49%|â–ˆâ–ˆâ–ˆâ–ˆâ–‰     | 193/390 [00:00<00:00, 210.18it/s, acc=100.00%, loss=0.0022]
BP Epoch 11/100:  49%|â–ˆâ–ˆâ–ˆâ–ˆâ–‰     | 193/390 [00:00<00:00, 210.18it/s, acc=100.00%, loss=0.0188]
BP Epoch 11/100:  55%|â–ˆâ–ˆâ–ˆâ–ˆâ–ˆâ–Œ    | 215/390 [00:01<00:00, 208.69it/s, acc=100.00%, loss=0.0188]
BP Epoch 11/100:  61%|â–ˆâ–ˆâ–ˆâ–ˆâ–ˆâ–ˆ    | 237/390 [00:01<00:00, 211.19it/s, acc=100.00%, loss=0.0188]
BP Epoch 11/100:  66%|â–ˆâ–ˆâ–ˆâ–ˆâ–ˆâ–ˆâ–‹   | 259/390 [00:01<00:00, 208.72it/s, acc=100.00%, loss=0.0188]
BP Epoch 11/100:  72%|â–ˆâ–ˆâ–ˆâ–ˆâ–ˆâ–ˆâ–ˆâ–  | 281/390 [00:01<00:00, 211.90it/s, acc=100.00%, loss=0.0188]
BP Epoch 11/100:  72%|â–ˆâ–ˆâ–ˆâ–ˆâ–ˆâ–ˆâ–ˆâ–  | 281/390 [00:01<00:00, 211.90it/s, acc=99.22%, loss=0.0173] 
BP Epoch 11/100:  78%|â–ˆâ–ˆâ–ˆâ–ˆâ–ˆâ–ˆâ–ˆâ–Š  | 303/390 [00:01<00:00, 208.45it/s, acc=99.22%, loss=0.0173]
BP Epoch 11/100:  84%|â–ˆâ–ˆâ–ˆâ–ˆâ–ˆâ–ˆâ–ˆâ–ˆâ–Ž | 326/390 [00:01<00:00, 214.44it/s, acc=99.22%, loss=0.0173]
BP Epoch 11/100:  89%|â–ˆâ–ˆâ–ˆâ–ˆâ–ˆâ–ˆâ–ˆâ–ˆâ–‰ | 348/390 [00:01<00:00, 209.37it/s, acc=99.22%, loss=0.0173]
BP Epoch 11/100:  95%|â–ˆâ–ˆâ–ˆâ–ˆâ–ˆâ–ˆâ–ˆâ–ˆâ–ˆâ–Œ| 371/390 [00:01<00:00, 207.15it/s, acc=99.22%, loss=0.0173]
BP Epoch 11/100:  95%|â–ˆâ–ˆâ–ˆâ–ˆâ–ˆâ–ˆâ–ˆâ–ˆâ–ˆâ–Œ| 371/390 [00:01<00:00, 207.15it/s, acc=100.00%, loss=0.0034]
                                                                                             

Evaluating BP Model:   0%|          | 0/40 [00:00<?, ?it/s]
Evaluating BP Model:  22%|â–ˆâ–ˆâ–Ž       | 9/40 [00:00<00:00, 77.40it/s]
Evaluating BP Model:  52%|â–ˆâ–ˆâ–ˆâ–ˆâ–ˆâ–Ž    | 21/40 [00:00<00:00, 95.28it/s]
Evaluating BP Model:  82%|â–ˆâ–ˆâ–ˆâ–ˆâ–ˆâ–ˆâ–ˆâ–ˆâ–Ž | 33/40 [00:00<00:00, 101.44it/s]
                                                                     

BP Epoch 12/100:   0%|          | 0/390 [00:00<?, ?it/s]
BP Epoch 12/100:   4%|â–         | 17/390 [00:00<00:02, 151.87it/s]
BP Epoch 12/100:  11%|â–ˆ         | 41/390 [00:00<00:01, 186.28it/s]
BP Epoch 12/100:  17%|â–ˆâ–‹        | 65/390 [00:00<00:01, 197.96it/s]
BP Epoch 12/100:  23%|â–ˆâ–ˆâ–Ž       | 89/390 [00:00<00:01, 203.65it/s]
BP Epoch 12/100:  23%|â–ˆâ–ˆâ–Ž       | 89/390 [00:00<00:01, 203.65it/s, acc=100.00%, loss=0.0007]
BP Epoch 12/100:  29%|â–ˆâ–ˆâ–‰       | 113/390 [00:00<00:01, 206.77it/s, acc=100.00%, loss=0.0007]
BP Epoch 12/100:  35%|â–ˆâ–ˆâ–ˆâ–Œ      | 137/390 [00:00<00:01, 208.42it/s, acc=100.00%, loss=0.0007]
BP Epoch 12/100:  41%|â–ˆâ–ˆâ–ˆâ–ˆ      | 160/390 [00:00<00:01, 214.86it/s, acc=100.00%, loss=0.0007]
BP Epoch 12/100:  47%|â–ˆâ–ˆâ–ˆâ–ˆâ–‹     | 182/390 [00:00<00:00, 209.57it/s, acc=100.00%, loss=0.0007]
BP Epoch 12/100:  47%|â–ˆâ–ˆâ–ˆâ–ˆâ–‹     | 182/390 [00:00<00:00, 209.57it/s, acc=100.00%, loss=0.0004]
BP Epoch 12/100:  53%|â–ˆâ–ˆâ–ˆâ–ˆâ–ˆâ–Ž    | 205/390 [00:01<00:00, 208.37it/s, acc=100.00%, loss=0.0004]
BP Epoch 12/100:  59%|â–ˆâ–ˆâ–ˆâ–ˆâ–ˆâ–Š    | 229/390 [00:01<00:00, 209.17it/s, acc=100.00%, loss=0.0004]
BP Epoch 12/100:  65%|â–ˆâ–ˆâ–ˆâ–ˆâ–ˆâ–ˆâ–   | 253/390 [00:01<00:00, 210.31it/s, acc=100.00%, loss=0.0004]
BP Epoch 12/100:  71%|â–ˆâ–ˆâ–ˆâ–ˆâ–ˆâ–ˆâ–ˆ   | 277/390 [00:01<00:00, 210.91it/s, acc=100.00%, loss=0.0004]
BP Epoch 12/100:  77%|â–ˆâ–ˆâ–ˆâ–ˆâ–ˆâ–ˆâ–ˆâ–‹  | 299/390 [00:01<00:00, 213.08it/s, acc=100.00%, loss=0.0004]
BP Epoch 12/100:  77%|â–ˆâ–ˆâ–ˆâ–ˆâ–ˆâ–ˆâ–ˆâ–‹  | 299/390 [00:01<00:00, 213.08it/s, acc=100.00%, loss=0.0008]
BP Epoch 12/100:  82%|â–ˆâ–ˆâ–ˆâ–ˆâ–ˆâ–ˆâ–ˆâ–ˆâ– | 321/390 [00:01<00:00, 209.27it/s, acc=100.00%, loss=0.0008]
BP Epoch 12/100:  88%|â–ˆâ–ˆâ–ˆâ–ˆâ–ˆâ–ˆâ–ˆâ–ˆâ–Š | 345/390 [00:01<00:00, 210.99it/s, acc=100.00%, loss=0.0008]
BP Epoch 12/100:  95%|â–ˆâ–ˆâ–ˆâ–ˆâ–ˆâ–ˆâ–ˆâ–ˆâ–ˆâ–| 369/390 [00:01<00:00, 210.65it/s, acc=100.00%, loss=0.0008]
BP Epoch 12/100:  95%|â–ˆâ–ˆâ–ˆâ–ˆâ–ˆâ–ˆâ–ˆâ–ˆâ–ˆâ–| 369/390 [00:01<00:00, 210.65it/s, acc=100.00%, loss=0.0008]
                                                                                             

Evaluating BP Model:   0%|          | 0/40 [00:00<?, ?it/s]
Evaluating BP Model:  22%|â–ˆâ–ˆâ–Ž       | 9/40 [00:00<00:00, 78.05it/s]
Evaluating BP Model:  52%|â–ˆâ–ˆâ–ˆâ–ˆâ–ˆâ–Ž    | 21/40 [00:00<00:00, 96.87it/s]
Evaluating BP Model:  82%|â–ˆâ–ˆâ–ˆâ–ˆâ–ˆâ–ˆâ–ˆâ–ˆâ–Ž | 33/40 [00:00<00:00, 102.89it/s]
                                                                     

BP Epoch 13/100:   0%|          | 0/390 [00:00<?, ?it/s]
BP Epoch 13/100:   4%|â–         | 17/390 [00:00<00:02, 157.10it/s]
BP Epoch 13/100:  11%|â–ˆ         | 41/390 [00:00<00:01, 190.01it/s]
BP Epoch 13/100:  17%|â–ˆâ–‹        | 65/390 [00:00<00:01, 200.56it/s]
BP Epoch 13/100:  23%|â–ˆâ–ˆâ–Ž       | 88/390 [00:00<00:01, 209.28it/s]
BP Epoch 13/100:  23%|â–ˆâ–ˆâ–Ž       | 88/390 [00:00<00:01, 209.28it/s, acc=100.00%, loss=0.0015]
BP Epoch 13/100:  28%|â–ˆâ–ˆâ–Š       | 109/390 [00:00<00:01, 205.44it/s, acc=100.00%, loss=0.0015]
BP Epoch 13/100:  34%|â–ˆâ–ˆâ–ˆâ–      | 132/390 [00:00<00:01, 208.39it/s, acc=100.00%, loss=0.0015]
BP Epoch 13/100:  39%|â–ˆâ–ˆâ–ˆâ–‰      | 153/390 [00:00<00:01, 207.17it/s, acc=100.00%, loss=0.0015]
BP Epoch 13/100:  45%|â–ˆâ–ˆâ–ˆâ–ˆâ–Œ     | 176/390 [00:00<00:01, 209.79it/s, acc=100.00%, loss=0.0015]
BP Epoch 13/100:  51%|â–ˆâ–ˆâ–ˆâ–ˆâ–ˆ     | 197/390 [00:00<00:00, 207.98it/s, acc=100.00%, loss=0.0015]
BP Epoch 13/100:  51%|â–ˆâ–ˆâ–ˆâ–ˆâ–ˆ     | 197/390 [00:00<00:00, 207.98it/s, acc=100.00%, loss=0.0046]
BP Epoch 13/100:  56%|â–ˆâ–ˆâ–ˆâ–ˆâ–ˆâ–‹    | 220/390 [00:01<00:00, 210.71it/s, acc=100.00%, loss=0.0046][codecarbon INFO @ 23:49:19] Energy consumed for RAM : 0.000317 kWh. RAM Power : 38.0 W

BP Epoch 13/100:  62%|â–ˆâ–ˆâ–ˆâ–ˆâ–ˆâ–ˆâ–   | 242/390 [00:01<00:00, 210.42it/s, acc=100.00%, loss=0.0046]
BP Epoch 13/100:  68%|â–ˆâ–ˆâ–ˆâ–ˆâ–ˆâ–ˆâ–Š   | 264/390 [00:01<00:00, 210.56it/s, acc=100.00%, loss=0.0046]
BP Epoch 13/100:  73%|â–ˆâ–ˆâ–ˆâ–ˆâ–ˆâ–ˆâ–ˆâ–Ž  | 286/390 [00:01<00:00, 209.38it/s, acc=100.00%, loss=0.0046]
BP Epoch 13/100:  73%|â–ˆâ–ˆâ–ˆâ–ˆâ–ˆâ–ˆâ–ˆâ–Ž  | 286/390 [00:01<00:00, 209.38it/s, acc=100.00%, loss=0.0009]
BP Epoch 13/100:  79%|â–ˆâ–ˆâ–ˆâ–ˆâ–ˆâ–ˆâ–ˆâ–‰  | 308/390 [00:01<00:00, 210.59it/s, acc=100.00%, loss=0.0009]
BP Epoch 13/100:  85%|â–ˆâ–ˆâ–ˆâ–ˆâ–ˆâ–ˆâ–ˆâ–ˆâ– | 330/390 [00:01<00:00, 210.46it/s, acc=100.00%, loss=0.0009][codecarbon INFO @ 23:49:19] Delta energy consumed for CPU with cpu_load : 0.000260 kWh, power : 64.51875000000001 W
[codecarbon INFO @ 23:49:19] Energy consumed for All CPU : 0.000553 kWh
[codecarbon INFO @ 23:49:19] Energy consumed for all GPUs : 0.000533 kWh. Total GPU Power : 62.96549559527444 W
[codecarbon INFO @ 23:49:19] 0.001402 kWh of electricity used since the beginning.

BP Epoch 13/100:  90%|â–ˆâ–ˆâ–ˆâ–ˆâ–ˆâ–ˆâ–ˆâ–ˆâ–ˆ | 352/390 [00:01<00:00, 211.38it/s, acc=100.00%, loss=0.0009]
BP Epoch 13/100:  96%|â–ˆâ–ˆâ–ˆâ–ˆâ–ˆâ–ˆâ–ˆâ–ˆâ–ˆâ–Œ| 374/390 [00:01<00:00, 210.56it/s, acc=100.00%, loss=0.0009]
BP Epoch 13/100:  96%|â–ˆâ–ˆâ–ˆâ–ˆâ–ˆâ–ˆâ–ˆâ–ˆâ–ˆâ–Œ| 374/390 [00:01<00:00, 210.56it/s, acc=100.00%, loss=0.0011]
                                                                                             

Evaluating BP Model:   0%|          | 0/40 [00:00<?, ?it/s]
Evaluating BP Model:  22%|â–ˆâ–ˆâ–Ž       | 9/40 [00:00<00:00, 77.72it/s]
Evaluating BP Model:  52%|â–ˆâ–ˆâ–ˆâ–ˆâ–ˆâ–Ž    | 21/40 [00:00<00:00, 96.38it/s]
Evaluating BP Model:  82%|â–ˆâ–ˆâ–ˆâ–ˆâ–ˆâ–ˆâ–ˆâ–ˆâ–Ž | 33/40 [00:00<00:00, 102.58it/s]
                                                                     

BP Epoch 14/100:   0%|          | 0/390 [00:00<?, ?it/s]
BP Epoch 14/100:   4%|â–         | 17/390 [00:00<00:02, 155.37it/s]
BP Epoch 14/100:  11%|â–ˆ         | 41/390 [00:00<00:01, 189.36it/s]
BP Epoch 14/100:  17%|â–ˆâ–‹        | 65/390 [00:00<00:01, 198.85it/s]
BP Epoch 14/100:  23%|â–ˆâ–ˆâ–Ž       | 89/390 [00:00<00:01, 203.96it/s]
BP Epoch 14/100:  23%|â–ˆâ–ˆâ–Ž       | 89/390 [00:00<00:01, 203.96it/s, acc=100.00%, loss=0.0141]
BP Epoch 14/100:  29%|â–ˆâ–ˆâ–Š       | 112/390 [00:00<00:01, 209.38it/s, acc=100.00%, loss=0.0141]
BP Epoch 14/100:  34%|â–ˆâ–ˆâ–ˆâ–      | 133/390 [00:00<00:01, 206.43it/s, acc=100.00%, loss=0.0141]
BP Epoch 14/100:  40%|â–ˆâ–ˆâ–ˆâ–ˆ      | 156/390 [00:00<00:01, 205.01it/s, acc=100.00%, loss=0.0141]
BP Epoch 14/100:  46%|â–ˆâ–ˆâ–ˆâ–ˆâ–Œ     | 179/390 [00:00<00:00, 212.19it/s, acc=100.00%, loss=0.0141]
BP Epoch 14/100:  46%|â–ˆâ–ˆâ–ˆâ–ˆâ–Œ     | 179/390 [00:00<00:00, 212.19it/s, acc=100.00%, loss=0.0020]
BP Epoch 14/100:  52%|â–ˆâ–ˆâ–ˆâ–ˆâ–ˆâ–    | 201/390 [00:00<00:00, 206.91it/s, acc=100.00%, loss=0.0020]
BP Epoch 14/100:  57%|â–ˆâ–ˆâ–ˆâ–ˆâ–ˆâ–‹    | 224/390 [00:01<00:00, 207.41it/s, acc=100.00%, loss=0.0020]
BP Epoch 14/100:  64%|â–ˆâ–ˆâ–ˆâ–ˆâ–ˆâ–ˆâ–Ž   | 248/390 [00:01<00:00, 208.93it/s, acc=100.00%, loss=0.0020]
BP Epoch 14/100:  69%|â–ˆâ–ˆâ–ˆâ–ˆâ–ˆâ–ˆâ–‰   | 271/390 [00:01<00:00, 214.83it/s, acc=100.00%, loss=0.0020]
BP Epoch 14/100:  75%|â–ˆâ–ˆâ–ˆâ–ˆâ–ˆâ–ˆâ–ˆâ–Œ  | 293/390 [00:01<00:00, 209.99it/s, acc=100.00%, loss=0.0020]
BP Epoch 14/100:  75%|â–ˆâ–ˆâ–ˆâ–ˆâ–ˆâ–ˆâ–ˆâ–Œ  | 293/390 [00:01<00:00, 209.99it/s, acc=100.00%, loss=0.0019]
BP Epoch 14/100:  81%|â–ˆâ–ˆâ–ˆâ–ˆâ–ˆâ–ˆâ–ˆâ–ˆ  | 316/390 [00:01<00:00, 207.65it/s, acc=100.00%, loss=0.0019]
BP Epoch 14/100:  87%|â–ˆâ–ˆâ–ˆâ–ˆâ–ˆâ–ˆâ–ˆâ–ˆâ–‹ | 339/390 [00:01<00:00, 213.26it/s, acc=100.00%, loss=0.0019]
BP Epoch 14/100:  93%|â–ˆâ–ˆâ–ˆâ–ˆâ–ˆâ–ˆâ–ˆâ–ˆâ–ˆâ–Ž| 361/390 [00:01<00:00, 209.15it/s, acc=100.00%, loss=0.0019]
BP Epoch 14/100:  98%|â–ˆâ–ˆâ–ˆâ–ˆâ–ˆâ–ˆâ–ˆâ–ˆâ–ˆâ–Š| 383/390 [00:01<00:00, 202.19it/s, acc=100.00%, loss=0.0019]
BP Epoch 14/100:  98%|â–ˆâ–ˆâ–ˆâ–ˆâ–ˆâ–ˆâ–ˆâ–ˆâ–ˆâ–Š| 383/390 [00:01<00:00, 202.19it/s, acc=97.66%, loss=0.0576] 
                                                                                            

Evaluating BP Model:   0%|          | 0/40 [00:00<?, ?it/s]
Evaluating BP Model:  22%|â–ˆâ–ˆâ–Ž       | 9/40 [00:00<00:00, 79.03it/s]
Evaluating BP Model:  52%|â–ˆâ–ˆâ–ˆâ–ˆâ–ˆâ–Ž    | 21/40 [00:00<00:00, 96.19it/s]
Evaluating BP Model:  82%|â–ˆâ–ˆâ–ˆâ–ˆâ–ˆâ–ˆâ–ˆâ–ˆâ–Ž | 33/40 [00:00<00:00, 101.60it/s]
                                                                     

BP Epoch 15/100:   0%|          | 0/390 [00:00<?, ?it/s]
BP Epoch 15/100:   4%|â–         | 17/390 [00:00<00:02, 157.07it/s]
BP Epoch 15/100:  11%|â–ˆ         | 41/390 [00:00<00:01, 189.08it/s]
BP Epoch 15/100:  16%|â–ˆâ–‹        | 64/390 [00:00<00:01, 202.81it/s]
BP Epoch 15/100:  22%|â–ˆâ–ˆâ–       | 85/390 [00:00<00:01, 202.38it/s]
BP Epoch 15/100:  22%|â–ˆâ–ˆâ–       | 85/390 [00:00<00:01, 202.38it/s, acc=100.00%, loss=0.0027]
BP Epoch 15/100:  28%|â–ˆâ–ˆâ–Š       | 108/390 [00:00<00:01, 205.51it/s, acc=100.00%, loss=0.0027]
BP Epoch 15/100:  33%|â–ˆâ–ˆâ–ˆâ–Ž      | 130/390 [00:00<00:01, 209.16it/s, acc=100.00%, loss=0.0027]
BP Epoch 15/100:  39%|â–ˆâ–ˆâ–ˆâ–‰      | 152/390 [00:00<00:01, 206.89it/s, acc=100.00%, loss=0.0027]
BP Epoch 15/100:  45%|â–ˆâ–ˆâ–ˆâ–ˆâ–     | 174/390 [00:00<00:01, 210.52it/s, acc=100.00%, loss=0.0027]
BP Epoch 15/100:  50%|â–ˆâ–ˆâ–ˆâ–ˆâ–ˆ     | 196/390 [00:00<00:00, 204.57it/s, acc=100.00%, loss=0.0027]
BP Epoch 15/100:  50%|â–ˆâ–ˆâ–ˆâ–ˆâ–ˆ     | 196/390 [00:00<00:00, 204.57it/s, acc=100.00%, loss=0.0009]
BP Epoch 15/100:  56%|â–ˆâ–ˆâ–ˆâ–ˆâ–ˆâ–Œ    | 218/390 [00:01<00:00, 208.19it/s, acc=100.00%, loss=0.0009]
BP Epoch 15/100:  62%|â–ˆâ–ˆâ–ˆâ–ˆâ–ˆâ–ˆâ–   | 240/390 [00:01<00:00, 203.65it/s, acc=100.00%, loss=0.0009]
BP Epoch 15/100:  67%|â–ˆâ–ˆâ–ˆâ–ˆâ–ˆâ–ˆâ–‹   | 263/390 [00:01<00:00, 210.69it/s, acc=100.00%, loss=0.0009]
BP Epoch 15/100:  73%|â–ˆâ–ˆâ–ˆâ–ˆâ–ˆâ–ˆâ–ˆâ–Ž  | 285/390 [00:01<00:00, 205.19it/s, acc=100.00%, loss=0.0009]
BP Epoch 15/100:  73%|â–ˆâ–ˆâ–ˆâ–ˆâ–ˆâ–ˆâ–ˆâ–Ž  | 285/390 [00:01<00:00, 205.19it/s, acc=100.00%, loss=0.0014]
BP Epoch 15/100:  79%|â–ˆâ–ˆâ–ˆâ–ˆâ–ˆâ–ˆâ–ˆâ–Š  | 307/390 [00:01<00:00, 209.00it/s, acc=100.00%, loss=0.0014]
BP Epoch 15/100:  84%|â–ˆâ–ˆâ–ˆâ–ˆâ–ˆâ–ˆâ–ˆâ–ˆâ– | 328/390 [00:01<00:00, 203.21it/s, acc=100.00%, loss=0.0014]
BP Epoch 15/100:  90%|â–ˆâ–ˆâ–ˆâ–ˆâ–ˆâ–ˆâ–ˆâ–ˆâ–‰ | 350/390 [00:01<00:00, 207.71it/s, acc=100.00%, loss=0.0014]
BP Epoch 15/100:  95%|â–ˆâ–ˆâ–ˆâ–ˆâ–ˆâ–ˆâ–ˆâ–ˆâ–ˆâ–Œ| 371/390 [00:01<00:00, 207.12it/s, acc=100.00%, loss=0.0014]
BP Epoch 15/100:  95%|â–ˆâ–ˆâ–ˆâ–ˆâ–ˆâ–ˆâ–ˆâ–ˆâ–ˆâ–Œ| 371/390 [00:01<00:00, 207.12it/s, acc=100.00%, loss=0.0014]
                                                                                             

Evaluating BP Model:   0%|          | 0/40 [00:00<?, ?it/s]
Evaluating BP Model:  22%|â–ˆâ–ˆâ–Ž       | 9/40 [00:00<00:00, 76.84it/s]
Evaluating BP Model:  52%|â–ˆâ–ˆâ–ˆâ–ˆâ–ˆâ–Ž    | 21/40 [00:00<00:00, 95.59it/s]
Evaluating BP Model:  82%|â–ˆâ–ˆâ–ˆâ–ˆâ–ˆâ–ˆâ–ˆâ–ˆâ–Ž | 33/40 [00:00<00:00, 101.05it/s]
                                                                     

BP Epoch 16/100:   0%|          | 0/390 [00:00<?, ?it/s]
BP Epoch 16/100:   4%|â–         | 17/390 [00:00<00:02, 156.63it/s]
BP Epoch 16/100:  10%|â–ˆ         | 40/390 [00:00<00:01, 197.07it/s]
BP Epoch 16/100:  16%|â–ˆâ–Œ        | 61/390 [00:00<00:01, 195.85it/s]
BP Epoch 16/100:  22%|â–ˆâ–ˆâ–       | 84/390 [00:00<00:01, 205.00it/s]
BP Epoch 16/100:  22%|â–ˆâ–ˆâ–       | 84/390 [00:00<00:01, 205.00it/s, acc=100.00%, loss=0.0006]
BP Epoch 16/100:  27%|â–ˆâ–ˆâ–‹       | 105/390 [00:00<00:01, 203.52it/s, acc=100.00%, loss=0.0006]
BP Epoch 16/100:  33%|â–ˆâ–ˆâ–ˆâ–Ž      | 128/390 [00:00<00:01, 204.72it/s, acc=100.00%, loss=0.0006]
BP Epoch 16/100:  38%|â–ˆâ–ˆâ–ˆâ–Š      | 149/390 [00:00<00:01, 205.04it/s, acc=100.00%, loss=0.0006]
BP Epoch 16/100:  44%|â–ˆâ–ˆâ–ˆâ–ˆâ–     | 172/390 [00:00<00:01, 205.02it/s, acc=100.00%, loss=0.0006]
BP Epoch 16/100:  50%|â–ˆâ–ˆâ–ˆâ–ˆâ–ˆ     | 195/390 [00:00<00:00, 212.25it/s, acc=100.00%, loss=0.0006]
BP Epoch 16/100:  50%|â–ˆâ–ˆâ–ˆâ–ˆâ–ˆ     | 195/390 [00:00<00:00, 212.25it/s, acc=100.00%, loss=0.0008]
BP Epoch 16/100:  56%|â–ˆâ–ˆâ–ˆâ–ˆâ–ˆâ–Œ    | 217/390 [00:01<00:00, 208.00it/s, acc=100.00%, loss=0.0008]
BP Epoch 16/100:  62%|â–ˆâ–ˆâ–ˆâ–ˆâ–ˆâ–ˆâ–   | 240/390 [00:01<00:00, 206.75it/s, acc=100.00%, loss=0.0008]
BP Epoch 16/100:  67%|â–ˆâ–ˆâ–ˆâ–ˆâ–ˆâ–ˆâ–‹   | 263/390 [00:01<00:00, 213.18it/s, acc=100.00%, loss=0.0008]
BP Epoch 16/100:  73%|â–ˆâ–ˆâ–ˆâ–ˆâ–ˆâ–ˆâ–ˆâ–Ž  | 285/390 [00:01<00:00, 208.45it/s, acc=100.00%, loss=0.0008]
BP Epoch 16/100:  73%|â–ˆâ–ˆâ–ˆâ–ˆâ–ˆâ–ˆâ–ˆâ–Ž  | 285/390 [00:01<00:00, 208.45it/s, acc=100.00%, loss=0.0023]
BP Epoch 16/100:  79%|â–ˆâ–ˆâ–ˆâ–ˆâ–ˆâ–ˆâ–ˆâ–‰  | 308/390 [00:01<00:00, 207.56it/s, acc=100.00%, loss=0.0023]
BP Epoch 16/100:  85%|â–ˆâ–ˆâ–ˆâ–ˆâ–ˆâ–ˆâ–ˆâ–ˆâ– | 331/390 [00:01<00:00, 213.68it/s, acc=100.00%, loss=0.0023]
BP Epoch 16/100:  91%|â–ˆâ–ˆâ–ˆâ–ˆâ–ˆâ–ˆâ–ˆâ–ˆâ–ˆ | 353/390 [00:01<00:00, 208.93it/s, acc=100.00%, loss=0.0023]
BP Epoch 16/100:  96%|â–ˆâ–ˆâ–ˆâ–ˆâ–ˆâ–ˆâ–ˆâ–ˆâ–ˆâ–‹| 376/390 [00:01<00:00, 207.46it/s, acc=100.00%, loss=0.0023]
BP Epoch 16/100:  96%|â–ˆâ–ˆâ–ˆâ–ˆâ–ˆâ–ˆâ–ˆâ–ˆâ–ˆâ–‹| 376/390 [00:01<00:00, 207.46it/s, acc=100.00%, loss=0.0016]
                                                                                             

Evaluating BP Model:   0%|          | 0/40 [00:00<?, ?it/s]
Evaluating BP Model:  22%|â–ˆâ–ˆâ–Ž       | 9/40 [00:00<00:00, 79.45it/s]
Evaluating BP Model:  52%|â–ˆâ–ˆâ–ˆâ–ˆâ–ˆâ–Ž    | 21/40 [00:00<00:00, 96.90it/s]
Evaluating BP Model:  82%|â–ˆâ–ˆâ–ˆâ–ˆâ–ˆâ–ˆâ–ˆâ–ˆâ–Ž | 33/40 [00:00<00:00, 102.76it/s]
                                                                     

BP Epoch 17/100:   0%|          | 0/390 [00:00<?, ?it/s]
BP Epoch 17/100:   4%|â–         | 17/390 [00:00<00:02, 150.23it/s]
BP Epoch 17/100:  10%|â–ˆ         | 40/390 [00:00<00:01, 181.48it/s]
BP Epoch 17/100:  16%|â–ˆâ–Œ        | 61/390 [00:00<00:01, 193.49it/s]
BP Epoch 17/100:  22%|â–ˆâ–ˆâ–       | 84/390 [00:00<00:01, 197.61it/s]
BP Epoch 17/100:  22%|â–ˆâ–ˆâ–       | 84/390 [00:00<00:01, 197.61it/s, acc=98.44%, loss=0.0320]
BP Epoch 17/100:  28%|â–ˆâ–ˆâ–Š       | 108/390 [00:00<00:01, 202.54it/s, acc=98.44%, loss=0.0320]
BP Epoch 17/100:  34%|â–ˆâ–ˆâ–ˆâ–      | 132/390 [00:00<00:01, 205.09it/s, acc=98.44%, loss=0.0320]
BP Epoch 17/100:  40%|â–ˆâ–ˆâ–ˆâ–ˆ      | 156/390 [00:00<00:01, 207.22it/s, acc=98.44%, loss=0.0320]
BP Epoch 17/100:  46%|â–ˆâ–ˆâ–ˆâ–ˆâ–Œ     | 179/390 [00:00<00:00, 213.82it/s, acc=98.44%, loss=0.0320]
BP Epoch 17/100:  46%|â–ˆâ–ˆâ–ˆâ–ˆâ–Œ     | 179/390 [00:00<00:00, 213.82it/s, acc=99.22%, loss=0.0134]
BP Epoch 17/100:  52%|â–ˆâ–ˆâ–ˆâ–ˆâ–ˆâ–    | 201/390 [00:00<00:00, 206.89it/s, acc=99.22%, loss=0.0134]
BP Epoch 17/100:  57%|â–ˆâ–ˆâ–ˆâ–ˆâ–ˆâ–‹    | 224/390 [00:01<00:00, 207.54it/s, acc=99.22%, loss=0.0134]
BP Epoch 17/100:  63%|â–ˆâ–ˆâ–ˆâ–ˆâ–ˆâ–ˆâ–Ž   | 247/390 [00:01<00:00, 213.85it/s, acc=99.22%, loss=0.0134]
BP Epoch 17/100:  69%|â–ˆâ–ˆâ–ˆâ–ˆâ–ˆâ–ˆâ–‰   | 269/390 [00:01<00:00, 207.74it/s, acc=99.22%, loss=0.0134]
BP Epoch 17/100:  75%|â–ˆâ–ˆâ–ˆâ–ˆâ–ˆâ–ˆâ–ˆâ–  | 292/390 [00:01<00:00, 207.06it/s, acc=99.22%, loss=0.0134]
BP Epoch 17/100:  75%|â–ˆâ–ˆâ–ˆâ–ˆâ–ˆâ–ˆâ–ˆâ–  | 292/390 [00:01<00:00, 207.06it/s, acc=98.44%, loss=0.0193]
BP Epoch 17/100:  81%|â–ˆâ–ˆâ–ˆâ–ˆâ–ˆâ–ˆâ–ˆâ–ˆ  | 314/390 [00:01<00:00, 210.37it/s, acc=98.44%, loss=0.0193]
BP Epoch 17/100:  86%|â–ˆâ–ˆâ–ˆâ–ˆâ–ˆâ–ˆâ–ˆâ–ˆâ–Œ | 336/390 [00:01<00:00, 208.59it/s, acc=98.44%, loss=0.0193]
BP Epoch 17/100:  92%|â–ˆâ–ˆâ–ˆâ–ˆâ–ˆâ–ˆâ–ˆâ–ˆâ–ˆâ–| 360/390 [00:01<00:00, 209.98it/s, acc=98.44%, loss=0.0193]
BP Epoch 17/100:  98%|â–ˆâ–ˆâ–ˆâ–ˆâ–ˆâ–ˆâ–ˆâ–ˆâ–ˆâ–Š| 383/390 [00:01<00:00, 208.84it/s, acc=98.44%, loss=0.0193]
BP Epoch 17/100:  98%|â–ˆâ–ˆâ–ˆâ–ˆâ–ˆâ–ˆâ–ˆâ–ˆâ–ˆâ–Š| 383/390 [00:01<00:00, 208.84it/s, acc=100.00%, loss=0.0015]
                                                                                             

Evaluating BP Model:   0%|          | 0/40 [00:00<?, ?it/s]
Evaluating BP Model:  22%|â–ˆâ–ˆâ–Ž       | 9/40 [00:00<00:00, 78.24it/s]
Evaluating BP Model:  52%|â–ˆâ–ˆâ–ˆâ–ˆâ–ˆâ–Ž    | 21/40 [00:00<00:00, 96.31it/s]
Evaluating BP Model:  82%|â–ˆâ–ˆâ–ˆâ–ˆâ–ˆâ–ˆâ–ˆâ–ˆâ–Ž | 33/40 [00:00<00:00, 101.99it/s]
                                                                     

Evaluating BP Model:   0%|          | 0/40 [00:00<?, ?it/s]
Evaluating BP Model:   2%|â–Ž         | 1/40 [00:00<00:04,  8.18it/s]
Evaluating BP Model:  32%|â–ˆâ–ˆâ–ˆâ–Ž      | 13/40 [00:00<00:00, 64.97it/s]
Evaluating BP Model:  62%|â–ˆâ–ˆâ–ˆâ–ˆâ–ˆâ–ˆâ–Ž   | 25/40 [00:00<00:00, 84.36it/s]
Evaluating BP Model:  92%|â–ˆâ–ˆâ–ˆâ–ˆâ–ˆâ–ˆâ–ˆâ–ˆâ–ˆâ–Ž| 37/40 [00:00<00:00, 93.85it/s]
                                                                    
[codecarbon INFO @ 23:49:30] Energy consumed for RAM : 0.000426 kWh. RAM Power : 38.0 W
[codecarbon INFO @ 23:49:30] Delta energy consumed for CPU with cpu_load : 0.000197 kWh, power : 68.5125 W
[codecarbon INFO @ 23:49:30] Energy consumed for All CPU : 0.000750 kWh
[codecarbon INFO @ 23:49:30] Energy consumed for all GPUs : 0.000722 kWh. Total GPU Power : 62.72275583183325 W
[codecarbon INFO @ 23:49:30] 0.001897 kWh of electricity used since the beginning.
wandb:                                                                                
wandb: 
wandb: Run history:
wandb:                  BP_Baseline/Epoch â–â–â–‚â–‚â–ƒâ–ƒâ–„â–„â–…â–…â–†â–†â–‡â–‡â–ˆâ–ˆ
wandb:     BP_Baseline/Epoch_Duration_Sec â–ˆâ–‚â–‚â–‚â–ƒâ–„â–‚â–‚â–‚â–‚â–â–â–â–â–‚â–‚
wandb: BP_Baseline/GPU_Mem_Used_MiB_Batch â–â–â–â–ˆâ–ˆâ–ˆâ–ˆâ–ˆâ–ˆâ–ˆâ–ˆâ–ˆâ–ˆâ–ˆâ–ˆâ–ˆâ–ˆâ–ˆâ–ˆâ–ˆâ–ˆâ–ˆâ–ˆâ–ˆâ–ˆâ–ˆâ–ˆâ–ˆâ–ˆâ–ˆâ–ˆâ–ˆâ–ˆâ–ˆâ–ˆâ–ˆâ–ˆâ–ˆâ–ˆâ–ˆ
wandb:          BP_Baseline/Learning_Rate â–â–â–â–â–â–â–â–â–â–â–â–â–â–â–â–
wandb: BP_Baseline/Peak_GPU_Mem_Epoch_MiB â–â–ˆâ–ˆâ–ˆâ–ˆâ–ˆâ–ˆâ–ˆâ–ˆâ–ˆâ–ˆâ–ˆâ–ˆâ–ˆâ–ˆâ–ˆ
wandb:        BP_Baseline/Train_Acc_Batch â–â–„â–…â–…â–…â–†â–‡â–‡â–‡â–‡â–ˆâ–‡â–ˆâ–ˆâ–ˆâ–‡â–ˆâ–ˆâ–‡â–ˆâ–ˆâ–ˆâ–ˆâ–‡â–ˆâ–ˆâ–‡â–ˆâ–ˆâ–ˆâ–ˆâ–ˆâ–†â–ˆâ–ˆâ–ˆâ–ˆâ–ˆâ–‡â–‡
wandb:        BP_Baseline/Train_Acc_Epoch â–â–…â–†â–‡â–‡â–ˆâ–ˆâ–ˆâ–ˆâ–ˆâ–ˆâ–ˆâ–ˆâ–ˆâ–ˆâ–ˆ
wandb:       BP_Baseline/Train_Loss_Batch â–ˆâ–†â–„â–ƒâ–‚â–ƒâ–‚â–‚â–‚â–â–‚â–‚â–â–â–â–â–â–â–â–â–â–â–â–‚â–â–â–â–â–â–â–â–â–‚â–â–â–â–â–â–‚â–
wandb:       BP_Baseline/Train_Loss_Epoch â–ˆâ–„â–ƒâ–‚â–‚â–â–â–â–â–â–â–â–â–â–â–
wandb:          BP_Baseline/Val_Acc_Epoch â–â–„â–…â–‡â–†â–‡â–ˆâ–ˆâ–ˆâ–‡â–ˆâ–ˆâ–ˆâ–‡â–ˆâ–‡
wandb:         BP_Baseline/Val_Loss_Epoch â–ˆâ–…â–ƒâ–‚â–‚â–â–â–â–‚â–‚â–‚â–‚â–‚â–„â–ƒâ–„
wandb:         estimated_bp_update_gflops â–
wandb:               estimated_fwd_gflops â–
wandb:                final/Test_Accuracy â–
wandb:                    final/Test_Loss â–
wandb:   final/codecarbon_emissions_gCO2e â–
wandb:   final/estimated_bp_update_gflops â–
wandb:         final/estimated_fwd_gflops â–
wandb:        final/peak_gpu_mem_used_mib â–
wandb:      final/total_gpu_energy_joules â–
wandb:          final/total_gpu_energy_wh â–
wandb:       final/total_run_duration_sec â–
wandb:        final/training_duration_sec â–
wandb:                        global_step â–â–â–â–‚â–‚â–‚â–‚â–‚â–‚â–‚â–ƒâ–ƒâ–ƒâ–ƒâ–„â–„â–„â–„â–„â–…â–…â–…â–…â–…â–…â–†â–†â–†â–†â–†â–†â–‡â–‡â–‡â–‡â–‡â–‡â–‡â–ˆâ–ˆ
wandb:           initial_gpu_mem_used_mib â–
wandb:             model_parameters_total â–
wandb:         model_parameters_trainable â–
wandb: 
wandb: Run summary:
wandb:                  BP_Baseline/Epoch 16
wandb:     BP_Baseline/Epoch_Duration_Sec 2.30463
wandb: BP_Baseline/GPU_Mem_Used_MiB_Batch 926
wandb:          BP_Baseline/Learning_Rate 0.0002
wandb: BP_Baseline/Peak_GPU_Mem_Epoch_MiB 926
wandb:        BP_Baseline/Train_Acc_Batch 100
wandb:        BP_Baseline/Train_Acc_Epoch 99.94792
wandb:       BP_Baseline/Train_Loss_Batch 0.0015
wandb:       BP_Baseline/Train_Loss_Epoch 0.00244
wandb:          BP_Baseline/Val_Acc_Epoch 97.8
wandb:         BP_Baseline/Val_Loss_Epoch 0.1001
wandb:             codecarbon_country_iso POL
wandb:                 codecarbon_enabled True
wandb:                    codecarbon_mode offline
wandb:         estimated_bp_update_gflops 0.01076
wandb:               estimated_fwd_gflops 0.00359
wandb:                final/Test_Accuracy 98.17
wandb:                    final/Test_Loss 0.07241
wandb:   final/codecarbon_emissions_gCO2e 1.25597
wandb:   final/estimated_bp_update_gflops 0.01076
wandb:         final/estimated_fwd_gflops 0.00359
wandb:        final/peak_gpu_mem_used_mib 926
wandb:      final/total_gpu_energy_joules 2494.35978
wandb:          final/total_gpu_energy_wh 0.69288
wandb:       final/total_run_duration_sec 42.94515
wandb:        final/training_duration_sec 39.65718
wandb:           initial_gpu_mem_used_mib 336.625
wandb:             model_parameters_total 1823850
wandb:         model_parameters_trainable 1823850
wandb: 
wandb: ðŸš€ View run bp_baseline_mnist_mlp_2x1000 at: https://wandb.ai/przspyra11/BeyondBackpropagation/runs/we8itito
wandb: â­ï¸ View project at: https://wandb.ai/przspyra11/BeyondBackpropagation
wandb: Synced 5 W&B file(s), 0 media file(s), 0 artifact file(s) and 0 other file(s)
wandb: Find logs at: ./wandb/run-20250504_234848-we8itito/logs
