 binutils/2.38 loaded.
 bzip2/1.0.8 loaded.
 zlib/1.2.12 loaded.
 ncurses/6.3 loaded.
 libreadline/8.1.2 loaded.
 Tcl/8.6.12 loaded.
 SQLite/3.38.3 loaded.
 XZ/5.2.5 loaded.
 GMP/6.2.1 loaded.
 libffi/3.4.2 loaded.
 OpenSSL/1.1 loaded.
 Python/3.10.4 loaded.
 CUDA/12.4.0 loaded.

Currently Loaded Modules:
  1) binutils/2.38   5) libreadline/8.1.2   9) GMP/6.2.1      13) CUDA/12.4.0
  2) bzip2/1.0.8     6) Tcl/8.6.12         10) libffi/3.4.2
  3) zlib/1.2.12     7) SQLite/3.38.3      11) OpenSSL/1.1
  4) ncurses/6.3     8) XZ/5.2.5           12) Python/3.10.4

 

2025-05-08 04:14:15,188 - src.utils.config_parser - INFO - Successfully merged configuration from configs/bp_baselines/fashion_mnist_mlp_2x1000_bp.yaml and configs/base.yaml
wandb: Using wandb-core as the SDK backend.  Please refer to https://wandb.me/wandb-core for more information.
wandb: Currently logged in as: przspyra11 (agh_racing) to https://api.wandb.ai. Use `wandb login --relogin` to force relogin
wandb: Tracking run with wandb version 0.19.8
wandb: Run data is saved locally in /net/tscratch/people/plgspyra/BeyondBackpropagation/wandb/run-20250508_041415-ie4v946o
wandb: Run `wandb offline` to turn off syncing.
wandb: Syncing run bp_baseline_fashion_mnist_mlp_2x1000
wandb: â­ï¸ View project at https://wandb.ai/przspyra11/BeyondBackpropagation
wandb: ðŸš€ View run at https://wandb.ai/przspyra11/BeyondBackpropagation/runs/ie4v946o
[codecarbon INFO @ 04:14:16] offline tracker init
[codecarbon INFO @ 04:14:16] [setup] RAM Tracking...
[codecarbon INFO @ 04:14:16] [setup] CPU Tracking...
 Linux OS detected: Please ensure RAPL files exist at /sys/class/powercap/intel-rapl/subsystem to measure CPU

[codecarbon INFO @ 04:14:16] CPU Model on constant consumption mode: AMD EPYC 7742 64-Core Processor
[codecarbon INFO @ 04:14:16] [setup] GPU Tracking...
[codecarbon INFO @ 04:14:16] Tracking Nvidia GPU via pynvml
[codecarbon INFO @ 04:14:16] The below tracking methods have been set up:
                RAM Tracking Method: RAM power estimation model
                CPU Tracking Method: cpu_load
                GPU Tracking Method: pynvml
            
[codecarbon INFO @ 04:14:16] >>> Tracker's metadata:
[codecarbon INFO @ 04:14:16]   Platform system: Linux-5.14.0-503.26.1.el9_5.x86_64-x86_64-with-glibc2.34
[codecarbon INFO @ 04:14:16]   Python version: 3.10.4
[codecarbon INFO @ 04:14:16]   CodeCarbon version: 3.0.1
[codecarbon INFO @ 04:14:16]   Available RAM : 125.000 GB
[codecarbon INFO @ 04:14:16]   CPU count: 16 thread(s) in 2 physical CPU(s)
[codecarbon INFO @ 04:14:16]   CPU model: AMD EPYC 7742 64-Core Processor
[codecarbon INFO @ 04:14:16]   GPU count: 1
[codecarbon INFO @ 04:14:16]   GPU model: 1 x NVIDIA A100-SXM4-40GB BUT only tracking these GPU ids : [0]
[codecarbon INFO @ 04:14:16] Emissions data (if any) will be saved to file /net/tscratch/people/plgspyra/BeyondBackpropagation/results/carbon/bp_baseline_fashion_mnist_mlp_2x1000_carbon.csv

BP Epoch 1/100:   0%|          | 0/421 [00:00<?, ?it/s]
BP Epoch 1/100:   0%|          | 1/421 [00:00<01:46,  3.96it/s]
BP Epoch 1/100:   6%|â–Œ         | 26/421 [00:00<00:04, 92.58it/s]
BP Epoch 1/100:  12%|â–ˆâ–        | 49/421 [00:00<00:02, 138.63it/s]
BP Epoch 1/100:  17%|â–ˆâ–‹        | 70/421 [00:00<00:02, 159.29it/s]
BP Epoch 1/100:  22%|â–ˆâ–ˆâ–       | 93/421 [00:00<00:01, 179.56it/s]
BP Epoch 1/100:  22%|â–ˆâ–ˆâ–       | 93/421 [00:00<00:01, 179.56it/s, acc=82.81%, loss=0.5025]
BP Epoch 1/100:  27%|â–ˆâ–ˆâ–‹       | 114/421 [00:00<00:01, 186.47it/s, acc=82.81%, loss=0.5025]
BP Epoch 1/100:  32%|â–ˆâ–ˆâ–ˆâ–      | 136/421 [00:00<00:01, 196.13it/s, acc=82.81%, loss=0.5025]
BP Epoch 1/100:  38%|â–ˆâ–ˆâ–ˆâ–Š      | 158/421 [00:00<00:01, 200.15it/s, acc=82.81%, loss=0.5025]
BP Epoch 1/100:  43%|â–ˆâ–ˆâ–ˆâ–ˆâ–Ž     | 179/421 [00:01<00:01, 202.16it/s, acc=82.81%, loss=0.5025]
BP Epoch 1/100:  43%|â–ˆâ–ˆâ–ˆâ–ˆâ–Ž     | 179/421 [00:01<00:01, 202.16it/s, acc=85.16%, loss=0.4695]
BP Epoch 1/100:  48%|â–ˆâ–ˆâ–ˆâ–ˆâ–Š     | 201/421 [00:01<00:01, 206.96it/s, acc=85.16%, loss=0.4695]
BP Epoch 1/100:  53%|â–ˆâ–ˆâ–ˆâ–ˆâ–ˆâ–Ž    | 223/421 [00:01<00:00, 205.72it/s, acc=85.16%, loss=0.4695]
BP Epoch 1/100:  58%|â–ˆâ–ˆâ–ˆâ–ˆâ–ˆâ–Š    | 246/421 [00:01<00:00, 212.30it/s, acc=85.16%, loss=0.4695]
BP Epoch 1/100:  64%|â–ˆâ–ˆâ–ˆâ–ˆâ–ˆâ–ˆâ–Ž   | 268/421 [00:01<00:00, 209.41it/s, acc=85.16%, loss=0.4695]
BP Epoch 1/100:  69%|â–ˆâ–ˆâ–ˆâ–ˆâ–ˆâ–ˆâ–‰   | 291/421 [00:01<00:00, 207.56it/s, acc=85.16%, loss=0.4695]
BP Epoch 1/100:  69%|â–ˆâ–ˆâ–ˆâ–ˆâ–ˆâ–ˆâ–‰   | 291/421 [00:01<00:00, 207.56it/s, acc=89.84%, loss=0.3689]
BP Epoch 1/100:  74%|â–ˆâ–ˆâ–ˆâ–ˆâ–ˆâ–ˆâ–ˆâ–  | 313/421 [00:01<00:00, 210.62it/s, acc=89.84%, loss=0.3689]
BP Epoch 1/100:  80%|â–ˆâ–ˆâ–ˆâ–ˆâ–ˆâ–ˆâ–ˆâ–‰  | 335/421 [00:01<00:00, 205.86it/s, acc=89.84%, loss=0.3689]
BP Epoch 1/100:  85%|â–ˆâ–ˆâ–ˆâ–ˆâ–ˆâ–ˆâ–ˆâ–ˆâ–Œ | 358/421 [00:01<00:00, 212.58it/s, acc=89.84%, loss=0.3689]
BP Epoch 1/100:  90%|â–ˆâ–ˆâ–ˆâ–ˆâ–ˆâ–ˆâ–ˆâ–ˆâ–ˆ | 380/421 [00:02<00:00, 209.19it/s, acc=89.84%, loss=0.3689]
BP Epoch 1/100:  90%|â–ˆâ–ˆâ–ˆâ–ˆâ–ˆâ–ˆâ–ˆâ–ˆâ–ˆ | 380/421 [00:02<00:00, 209.19it/s, acc=87.50%, loss=0.3837]
BP Epoch 1/100:  95%|â–ˆâ–ˆâ–ˆâ–ˆâ–ˆâ–ˆâ–ˆâ–ˆâ–ˆâ–Œ| 401/421 [00:02<00:00, 206.70it/s, acc=87.50%, loss=0.3837]
BP Epoch 1/100:  95%|â–ˆâ–ˆâ–ˆâ–ˆâ–ˆâ–ˆâ–ˆâ–ˆâ–ˆâ–Œ| 401/421 [00:02<00:00, 206.70it/s, acc=82.03%, loss=0.4390]
                                                                                           

Evaluating BP Model:   0%|          | 0/24 [00:00<?, ?it/s]
Evaluating BP Model:   4%|â–         | 1/24 [00:00<00:02,  8.57it/s]
Evaluating BP Model:  54%|â–ˆâ–ˆâ–ˆâ–ˆâ–ˆâ–    | 13/24 [00:00<00:00, 64.42it/s]
                                                                    

BP Epoch 2/100:   0%|          | 0/421 [00:00<?, ?it/s]
BP Epoch 2/100:   3%|â–Ž         | 14/421 [00:00<00:03, 115.59it/s]
BP Epoch 2/100:   8%|â–Š         | 34/421 [00:00<00:02, 152.35it/s]
BP Epoch 2/100:  13%|â–ˆâ–Ž        | 54/421 [00:00<00:02, 162.16it/s]
BP Epoch 2/100:  18%|â–ˆâ–Š        | 74/421 [00:00<00:02, 172.51it/s]
BP Epoch 2/100:  22%|â–ˆâ–ˆâ–       | 94/421 [00:00<00:01, 179.62it/s]
BP Epoch 2/100:  22%|â–ˆâ–ˆâ–       | 94/421 [00:00<00:01, 179.62it/s, acc=85.16%, loss=0.4616]
BP Epoch 2/100:  27%|â–ˆâ–ˆâ–‹       | 114/421 [00:00<00:01, 185.04it/s, acc=85.16%, loss=0.4616]
BP Epoch 2/100:  32%|â–ˆâ–ˆâ–ˆâ–      | 134/421 [00:00<00:01, 189.24it/s, acc=85.16%, loss=0.4616]
BP Epoch 2/100:  37%|â–ˆâ–ˆâ–ˆâ–‹      | 154/421 [00:00<00:01, 190.90it/s, acc=85.16%, loss=0.4616]
BP Epoch 2/100:  41%|â–ˆâ–ˆâ–ˆâ–ˆâ–     | 174/421 [00:00<00:01, 189.82it/s, acc=85.16%, loss=0.4616]
BP Epoch 2/100:  46%|â–ˆâ–ˆâ–ˆâ–ˆâ–Œ     | 194/421 [00:01<00:01, 189.84it/s, acc=85.16%, loss=0.4616]
BP Epoch 2/100:  46%|â–ˆâ–ˆâ–ˆâ–ˆâ–Œ     | 194/421 [00:01<00:01, 189.84it/s, acc=87.50%, loss=0.3648]
BP Epoch 2/100:  51%|â–ˆâ–ˆâ–ˆâ–ˆâ–ˆ     | 214/421 [00:01<00:01, 188.92it/s, acc=87.50%, loss=0.3648]
BP Epoch 2/100:  56%|â–ˆâ–ˆâ–ˆâ–ˆâ–ˆâ–Œ    | 234/421 [00:01<00:01, 185.46it/s, acc=87.50%, loss=0.3648]
BP Epoch 2/100:  60%|â–ˆâ–ˆâ–ˆâ–ˆâ–ˆâ–ˆ    | 254/421 [00:01<00:00, 185.64it/s, acc=87.50%, loss=0.3648]
BP Epoch 2/100:  65%|â–ˆâ–ˆâ–ˆâ–ˆâ–ˆâ–ˆâ–Œ   | 274/421 [00:01<00:00, 184.12it/s, acc=87.50%, loss=0.3648]
BP Epoch 2/100:  70%|â–ˆâ–ˆâ–ˆâ–ˆâ–ˆâ–ˆâ–‰   | 294/421 [00:01<00:00, 183.93it/s, acc=87.50%, loss=0.3648]
BP Epoch 2/100:  70%|â–ˆâ–ˆâ–ˆâ–ˆâ–ˆâ–ˆâ–‰   | 294/421 [00:01<00:00, 183.93it/s, acc=88.28%, loss=0.3222]
BP Epoch 2/100:  75%|â–ˆâ–ˆâ–ˆâ–ˆâ–ˆâ–ˆâ–ˆâ–  | 314/421 [00:01<00:00, 183.04it/s, acc=88.28%, loss=0.3222]
BP Epoch 2/100:  79%|â–ˆâ–ˆâ–ˆâ–ˆâ–ˆâ–ˆâ–ˆâ–‰  | 334/421 [00:01<00:00, 183.64it/s, acc=88.28%, loss=0.3222]
BP Epoch 2/100:  84%|â–ˆâ–ˆâ–ˆâ–ˆâ–ˆâ–ˆâ–ˆâ–ˆâ– | 354/421 [00:01<00:00, 183.99it/s, acc=88.28%, loss=0.3222]
BP Epoch 2/100:  89%|â–ˆâ–ˆâ–ˆâ–ˆâ–ˆâ–ˆâ–ˆâ–ˆâ–‰ | 374/421 [00:02<00:00, 183.01it/s, acc=88.28%, loss=0.3222]
BP Epoch 2/100:  94%|â–ˆâ–ˆâ–ˆâ–ˆâ–ˆâ–ˆâ–ˆâ–ˆâ–ˆâ–Ž| 394/421 [00:02<00:00, 187.30it/s, acc=88.28%, loss=0.3222]
BP Epoch 2/100:  94%|â–ˆâ–ˆâ–ˆâ–ˆâ–ˆâ–ˆâ–ˆâ–ˆâ–ˆâ–Ž| 394/421 [00:02<00:00, 187.30it/s, acc=89.06%, loss=0.2751]
BP Epoch 2/100:  98%|â–ˆâ–ˆâ–ˆâ–ˆâ–ˆâ–ˆâ–ˆâ–ˆâ–ˆâ–Š| 414/421 [00:02<00:00, 178.16it/s, acc=89.06%, loss=0.2751]
BP Epoch 2/100:  98%|â–ˆâ–ˆâ–ˆâ–ˆâ–ˆâ–ˆâ–ˆâ–ˆâ–ˆâ–Š| 414/421 [00:02<00:00, 178.16it/s, acc=89.06%, loss=0.3833]
                                                                                           

Evaluating BP Model:   0%|          | 0/24 [00:00<?, ?it/s]
Evaluating BP Model:  38%|â–ˆâ–ˆâ–ˆâ–Š      | 9/24 [00:00<00:00, 72.75it/s]
Evaluating BP Model:  88%|â–ˆâ–ˆâ–ˆâ–ˆâ–ˆâ–ˆâ–ˆâ–ˆâ–Š | 21/24 [00:00<00:00, 90.28it/s]
                                                                    

BP Epoch 3/100:   0%|          | 0/421 [00:00<?, ?it/s]
BP Epoch 3/100:   4%|â–         | 16/421 [00:00<00:02, 158.76it/s]
BP Epoch 3/100:   9%|â–‰         | 37/421 [00:00<00:02, 185.55it/s]
BP Epoch 3/100:  14%|â–ˆâ–        | 58/421 [00:00<00:01, 187.82it/s]
BP Epoch 3/100:  19%|â–ˆâ–‰        | 79/421 [00:00<00:01, 195.84it/s]
BP Epoch 3/100:  24%|â–ˆâ–ˆâ–Ž       | 99/421 [00:00<00:01, 196.69it/s]
BP Epoch 3/100:  24%|â–ˆâ–ˆâ–Ž       | 99/421 [00:00<00:01, 196.69it/s, acc=92.19%, loss=0.2190]
BP Epoch 3/100:  29%|â–ˆâ–ˆâ–Š       | 120/421 [00:00<00:01, 200.12it/s, acc=92.19%, loss=0.2190]
BP Epoch 3/100:  33%|â–ˆâ–ˆâ–ˆâ–Ž      | 141/421 [00:00<00:01, 199.68it/s, acc=92.19%, loss=0.2190]
BP Epoch 3/100:  38%|â–ˆâ–ˆâ–ˆâ–Š      | 162/421 [00:00<00:01, 194.09it/s, acc=92.19%, loss=0.2190]
BP Epoch 3/100:  43%|â–ˆâ–ˆâ–ˆâ–ˆâ–Ž     | 182/421 [00:00<00:01, 195.76it/s, acc=92.19%, loss=0.2190]
BP Epoch 3/100:  43%|â–ˆâ–ˆâ–ˆâ–ˆâ–Ž     | 182/421 [00:01<00:01, 195.76it/s, acc=89.06%, loss=0.3067]
BP Epoch 3/100:  48%|â–ˆâ–ˆâ–ˆâ–ˆâ–Š     | 202/421 [00:01<00:01, 195.97it/s, acc=89.06%, loss=0.3067]
BP Epoch 3/100:  53%|â–ˆâ–ˆâ–ˆâ–ˆâ–ˆâ–Ž    | 222/421 [00:01<00:01, 195.63it/s, acc=89.06%, loss=0.3067]
BP Epoch 3/100:  57%|â–ˆâ–ˆâ–ˆâ–ˆâ–ˆâ–‹    | 242/421 [00:01<00:00, 195.59it/s, acc=89.06%, loss=0.3067]
BP Epoch 3/100:  62%|â–ˆâ–ˆâ–ˆâ–ˆâ–ˆâ–ˆâ–   | 263/421 [00:01<00:00, 198.92it/s, acc=89.06%, loss=0.3067]
BP Epoch 3/100:  67%|â–ˆâ–ˆâ–ˆâ–ˆâ–ˆâ–ˆâ–‹   | 283/421 [00:01<00:00, 194.00it/s, acc=89.06%, loss=0.3067]
BP Epoch 3/100:  67%|â–ˆâ–ˆâ–ˆâ–ˆâ–ˆâ–ˆâ–‹   | 283/421 [00:01<00:00, 194.00it/s, acc=83.59%, loss=0.4003]
BP Epoch 3/100:  72%|â–ˆâ–ˆâ–ˆâ–ˆâ–ˆâ–ˆâ–ˆâ–  | 304/421 [00:01<00:00, 198.57it/s, acc=83.59%, loss=0.4003]
BP Epoch 3/100:  77%|â–ˆâ–ˆâ–ˆâ–ˆâ–ˆâ–ˆâ–ˆâ–‹  | 324/421 [00:01<00:00, 197.89it/s, acc=83.59%, loss=0.4003]
BP Epoch 3/100:  82%|â–ˆâ–ˆâ–ˆâ–ˆâ–ˆâ–ˆâ–ˆâ–ˆâ– | 344/421 [00:01<00:00, 196.94it/s, acc=83.59%, loss=0.4003]
BP Epoch 3/100:  86%|â–ˆâ–ˆâ–ˆâ–ˆâ–ˆâ–ˆâ–ˆâ–ˆâ–‹ | 364/421 [00:01<00:00, 197.26it/s, acc=83.59%, loss=0.4003]
BP Epoch 3/100:  91%|â–ˆâ–ˆâ–ˆâ–ˆâ–ˆâ–ˆâ–ˆâ–ˆâ–ˆ | 384/421 [00:01<00:00, 197.96it/s, acc=83.59%, loss=0.4003]
BP Epoch 3/100:  91%|â–ˆâ–ˆâ–ˆâ–ˆâ–ˆâ–ˆâ–ˆâ–ˆâ–ˆ | 384/421 [00:02<00:00, 197.96it/s, acc=88.28%, loss=0.2637]
BP Epoch 3/100:  96%|â–ˆâ–ˆâ–ˆâ–ˆâ–ˆâ–ˆâ–ˆâ–ˆâ–ˆâ–Œ| 405/421 [00:02<00:00, 200.80it/s, acc=88.28%, loss=0.2637]
BP Epoch 3/100:  96%|â–ˆâ–ˆâ–ˆâ–ˆâ–ˆâ–ˆâ–ˆâ–ˆâ–ˆâ–Œ| 405/421 [00:02<00:00, 200.80it/s, acc=90.62%, loss=0.2766]
                                                                                           

Evaluating BP Model:   0%|          | 0/24 [00:00<?, ?it/s]
Evaluating BP Model:  38%|â–ˆâ–ˆâ–ˆâ–Š      | 9/24 [00:00<00:00, 69.44it/s]
Evaluating BP Model:  88%|â–ˆâ–ˆâ–ˆâ–ˆâ–ˆâ–ˆâ–ˆâ–ˆâ–Š | 21/24 [00:00<00:00, 91.45it/s]
                                                                    

BP Epoch 4/100:   0%|          | 0/421 [00:00<?, ?it/s]
BP Epoch 4/100:   4%|â–         | 17/421 [00:00<00:02, 157.54it/s]
BP Epoch 4/100:  10%|â–‰         | 41/421 [00:00<00:01, 190.90it/s]
BP Epoch 4/100:  15%|â–ˆâ–Œ        | 64/421 [00:00<00:01, 206.96it/s]
BP Epoch 4/100:  20%|â–ˆâ–ˆ        | 85/421 [00:00<00:01, 204.28it/s]
BP Epoch 4/100:  20%|â–ˆâ–ˆ        | 85/421 [00:00<00:01, 204.28it/s, acc=89.06%, loss=0.2281]
BP Epoch 4/100:  25%|â–ˆâ–ˆâ–Œ       | 106/421 [00:00<00:01, 203.82it/s, acc=89.06%, loss=0.2281]
BP Epoch 4/100:  31%|â–ˆâ–ˆâ–ˆ       | 129/421 [00:00<00:01, 210.50it/s, acc=89.06%, loss=0.2281]
BP Epoch 4/100:  36%|â–ˆâ–ˆâ–ˆâ–Œ      | 151/421 [00:00<00:01, 208.30it/s, acc=89.06%, loss=0.2281]
BP Epoch 4/100:  41%|â–ˆâ–ˆâ–ˆâ–ˆâ–     | 174/421 [00:00<00:01, 207.31it/s, acc=89.06%, loss=0.2281]
BP Epoch 4/100:  47%|â–ˆâ–ˆâ–ˆâ–ˆâ–‹     | 197/421 [00:00<00:01, 213.96it/s, acc=89.06%, loss=0.2281]
BP Epoch 4/100:  47%|â–ˆâ–ˆâ–ˆâ–ˆâ–‹     | 197/421 [00:00<00:01, 213.96it/s, acc=89.84%, loss=0.3342]
BP Epoch 4/100:  52%|â–ˆâ–ˆâ–ˆâ–ˆâ–ˆâ–    | 219/421 [00:01<00:00, 209.70it/s, acc=89.84%, loss=0.3342]
BP Epoch 4/100:  57%|â–ˆâ–ˆâ–ˆâ–ˆâ–ˆâ–‹    | 242/421 [00:01<00:00, 208.20it/s, acc=89.84%, loss=0.3342]
BP Epoch 4/100:  63%|â–ˆâ–ˆâ–ˆâ–ˆâ–ˆâ–ˆâ–Ž   | 265/421 [00:01<00:00, 213.09it/s, acc=89.84%, loss=0.3342]
BP Epoch 4/100:  68%|â–ˆâ–ˆâ–ˆâ–ˆâ–ˆâ–ˆâ–Š   | 287/421 [00:01<00:00, 209.59it/s, acc=89.84%, loss=0.3342]
BP Epoch 4/100:  68%|â–ˆâ–ˆâ–ˆâ–ˆâ–ˆâ–ˆâ–Š   | 287/421 [00:01<00:00, 209.59it/s, acc=89.06%, loss=0.3446]
BP Epoch 4/100:  74%|â–ˆâ–ˆâ–ˆâ–ˆâ–ˆâ–ˆâ–ˆâ–Ž  | 310/421 [00:01<00:00, 208.30it/s, acc=89.06%, loss=0.3446]
BP Epoch 4/100:  79%|â–ˆâ–ˆâ–ˆâ–ˆâ–ˆâ–ˆâ–ˆâ–‰  | 333/421 [00:01<00:00, 214.25it/s, acc=89.06%, loss=0.3446]
BP Epoch 4/100:  84%|â–ˆâ–ˆâ–ˆâ–ˆâ–ˆâ–ˆâ–ˆâ–ˆâ– | 355/421 [00:01<00:00, 201.79it/s, acc=89.06%, loss=0.3446]
BP Epoch 4/100:  89%|â–ˆâ–ˆâ–ˆâ–ˆâ–ˆâ–ˆâ–ˆâ–ˆâ–‰ | 376/421 [00:01<00:00, 196.50it/s, acc=89.06%, loss=0.3446]
BP Epoch 4/100:  94%|â–ˆâ–ˆâ–ˆâ–ˆâ–ˆâ–ˆâ–ˆâ–ˆâ–ˆâ–| 396/421 [00:02<00:00, 159.14it/s, acc=89.06%, loss=0.3446]
BP Epoch 4/100:  94%|â–ˆâ–ˆâ–ˆâ–ˆâ–ˆâ–ˆâ–ˆâ–ˆâ–ˆâ–| 396/421 [00:02<00:00, 159.14it/s, acc=92.19%, loss=0.2309]
BP Epoch 4/100:  99%|â–ˆâ–ˆâ–ˆâ–ˆâ–ˆâ–ˆâ–ˆâ–ˆâ–ˆâ–‰| 416/421 [00:02<00:00, 168.94it/s, acc=92.19%, loss=0.2309]
BP Epoch 4/100:  99%|â–ˆâ–ˆâ–ˆâ–ˆâ–ˆâ–ˆâ–ˆâ–ˆâ–ˆâ–‰| 416/421 [00:02<00:00, 168.94it/s, acc=89.06%, loss=0.1929]
                                                                                           

Evaluating BP Model:   0%|          | 0/24 [00:00<?, ?it/s]
Evaluating BP Model:  25%|â–ˆâ–ˆâ–Œ       | 6/24 [00:00<00:00, 59.39it/s]
Evaluating BP Model:  71%|â–ˆâ–ˆâ–ˆâ–ˆâ–ˆâ–ˆâ–ˆ   | 17/24 [00:00<00:00, 84.71it/s]
                                                                    

BP Epoch 5/100:   0%|          | 0/421 [00:00<?, ?it/s]
BP Epoch 5/100:   4%|â–Ž         | 15/421 [00:00<00:02, 144.56it/s]
BP Epoch 5/100:   8%|â–Š         | 35/421 [00:00<00:02, 172.97it/s]
BP Epoch 5/100:  13%|â–ˆâ–Ž        | 55/421 [00:00<00:02, 181.20it/s]
BP Epoch 5/100:  18%|â–ˆâ–Š        | 75/421 [00:00<00:01, 185.86it/s]
BP Epoch 5/100:  23%|â–ˆâ–ˆâ–Ž       | 95/421 [00:00<00:01, 187.68it/s]
BP Epoch 5/100:  23%|â–ˆâ–ˆâ–Ž       | 95/421 [00:00<00:01, 187.68it/s, acc=89.84%, loss=0.2830]
BP Epoch 5/100:  27%|â–ˆâ–ˆâ–‹       | 115/421 [00:00<00:01, 187.96it/s, acc=89.84%, loss=0.2830]
BP Epoch 5/100:  32%|â–ˆâ–ˆâ–ˆâ–      | 135/421 [00:00<00:01, 189.51it/s, acc=89.84%, loss=0.2830]
BP Epoch 5/100:  37%|â–ˆâ–ˆâ–ˆâ–‹      | 155/421 [00:00<00:01, 191.49it/s, acc=89.84%, loss=0.2830]
BP Epoch 5/100:  42%|â–ˆâ–ˆâ–ˆâ–ˆâ–     | 175/421 [00:00<00:01, 192.53it/s, acc=89.84%, loss=0.2830]
BP Epoch 5/100:  46%|â–ˆâ–ˆâ–ˆâ–ˆâ–‹     | 195/421 [00:01<00:01, 193.94it/s, acc=89.84%, loss=0.2830]
BP Epoch 5/100:  46%|â–ˆâ–ˆâ–ˆâ–ˆâ–‹     | 195/421 [00:01<00:01, 193.94it/s, acc=92.97%, loss=0.1768]
BP Epoch 5/100:  51%|â–ˆâ–ˆâ–ˆâ–ˆâ–ˆ     | 215/421 [00:01<00:01, 194.49it/s, acc=92.97%, loss=0.1768]
BP Epoch 5/100:  56%|â–ˆâ–ˆâ–ˆâ–ˆâ–ˆâ–Œ    | 235/421 [00:01<00:00, 194.70it/s, acc=92.97%, loss=0.1768]
BP Epoch 5/100:  61%|â–ˆâ–ˆâ–ˆâ–ˆâ–ˆâ–ˆ    | 255/421 [00:01<00:00, 194.19it/s, acc=92.97%, loss=0.1768]
BP Epoch 5/100:  65%|â–ˆâ–ˆâ–ˆâ–ˆâ–ˆâ–ˆâ–Œ   | 275/421 [00:01<00:00, 195.24it/s, acc=92.97%, loss=0.1768]
BP Epoch 5/100:  70%|â–ˆâ–ˆâ–ˆâ–ˆâ–ˆâ–ˆâ–ˆ   | 295/421 [00:01<00:00, 195.59it/s, acc=92.97%, loss=0.1768]
BP Epoch 5/100:  70%|â–ˆâ–ˆâ–ˆâ–ˆâ–ˆâ–ˆâ–ˆ   | 295/421 [00:01<00:00, 195.59it/s, acc=87.50%, loss=0.3810]
BP Epoch 5/100:  75%|â–ˆâ–ˆâ–ˆâ–ˆâ–ˆâ–ˆâ–ˆâ–  | 315/421 [00:01<00:00, 196.71it/s, acc=87.50%, loss=0.3810]
BP Epoch 5/100:  80%|â–ˆâ–ˆâ–ˆâ–ˆâ–ˆâ–ˆâ–ˆâ–‰  | 335/421 [00:01<00:00, 196.85it/s, acc=87.50%, loss=0.3810]
BP Epoch 5/100:  84%|â–ˆâ–ˆâ–ˆâ–ˆâ–ˆâ–ˆâ–ˆâ–ˆâ– | 355/421 [00:01<00:00, 196.39it/s, acc=87.50%, loss=0.3810]
BP Epoch 5/100:  89%|â–ˆâ–ˆâ–ˆâ–ˆâ–ˆâ–ˆâ–ˆâ–ˆâ–‰ | 375/421 [00:01<00:00, 195.18it/s, acc=87.50%, loss=0.3810]
BP Epoch 5/100:  94%|â–ˆâ–ˆâ–ˆâ–ˆâ–ˆâ–ˆâ–ˆâ–ˆâ–ˆâ–| 395/421 [00:02<00:00, 195.26it/s, acc=87.50%, loss=0.3810]
BP Epoch 5/100:  94%|â–ˆâ–ˆâ–ˆâ–ˆâ–ˆâ–ˆâ–ˆâ–ˆâ–ˆâ–| 395/421 [00:02<00:00, 195.26it/s, acc=90.62%, loss=0.2467]
BP Epoch 5/100:  99%|â–ˆâ–ˆâ–ˆâ–ˆâ–ˆâ–ˆâ–ˆâ–ˆâ–ˆâ–Š| 415/421 [00:02<00:00, 193.47it/s, acc=90.62%, loss=0.2467]
BP Epoch 5/100:  99%|â–ˆâ–ˆâ–ˆâ–ˆâ–ˆâ–ˆâ–ˆâ–ˆâ–ˆâ–Š| 415/421 [00:02<00:00, 193.47it/s, acc=94.53%, loss=0.1696]
                                                                                           

Evaluating BP Model:   0%|          | 0/24 [00:00<?, ?it/s]
Evaluating BP Model:  38%|â–ˆâ–ˆâ–ˆâ–Š      | 9/24 [00:00<00:00, 75.86it/s]
Evaluating BP Model:  88%|â–ˆâ–ˆâ–ˆâ–ˆâ–ˆâ–ˆâ–ˆâ–ˆâ–Š | 21/24 [00:00<00:00, 94.14it/s]
                                                                    

BP Epoch 6/100:   0%|          | 0/421 [00:00<?, ?it/s]
BP Epoch 6/100:   4%|â–         | 17/421 [00:00<00:02, 152.58it/s]
BP Epoch 6/100:   9%|â–‰         | 39/421 [00:00<00:02, 178.06it/s]
BP Epoch 6/100:  14%|â–ˆâ–        | 59/421 [00:00<00:01, 185.79it/s]
BP Epoch 6/100:  19%|â–ˆâ–‰        | 79/421 [00:00<00:01, 190.08it/s]
BP Epoch 6/100:  24%|â–ˆâ–ˆâ–Ž       | 99/421 [00:00<00:01, 192.56it/s]
BP Epoch 6/100:  24%|â–ˆâ–ˆâ–Ž       | 99/421 [00:00<00:01, 192.56it/s, acc=93.75%, loss=0.1992]
BP Epoch 6/100:  28%|â–ˆâ–ˆâ–Š       | 119/421 [00:00<00:01, 192.41it/s, acc=93.75%, loss=0.1992]
BP Epoch 6/100:  33%|â–ˆâ–ˆâ–ˆâ–Ž      | 139/421 [00:00<00:02, 119.44it/s, acc=93.75%, loss=0.1992]
BP Epoch 6/100:  39%|â–ˆâ–ˆâ–ˆâ–Š      | 163/421 [00:01<00:01, 145.34it/s, acc=93.75%, loss=0.1992]
BP Epoch 6/100:  43%|â–ˆâ–ˆâ–ˆâ–ˆâ–Ž     | 183/421 [00:01<00:01, 157.78it/s, acc=93.75%, loss=0.1992]
BP Epoch 6/100:  43%|â–ˆâ–ˆâ–ˆâ–ˆâ–Ž     | 183/421 [00:01<00:01, 157.78it/s, acc=90.62%, loss=0.2154]
BP Epoch 6/100:  48%|â–ˆâ–ˆâ–ˆâ–ˆâ–Š     | 202/421 [00:01<00:01, 164.19it/s, acc=90.62%, loss=0.2154]
BP Epoch 6/100:  53%|â–ˆâ–ˆâ–ˆâ–ˆâ–ˆâ–Ž    | 223/421 [00:01<00:01, 174.76it/s, acc=90.62%, loss=0.2154]
BP Epoch 6/100:  58%|â–ˆâ–ˆâ–ˆâ–ˆâ–ˆâ–Š    | 243/421 [00:01<00:00, 180.54it/s, acc=90.62%, loss=0.2154]
BP Epoch 6/100:  62%|â–ˆâ–ˆâ–ˆâ–ˆâ–ˆâ–ˆâ–   | 263/421 [00:01<00:00, 185.32it/s, acc=90.62%, loss=0.2154][codecarbon INFO @ 04:14:32] Energy consumed for RAM : 0.000164 kWh. RAM Power : 38.0 W

BP Epoch 6/100:  67%|â–ˆâ–ˆâ–ˆâ–ˆâ–ˆâ–ˆâ–‹   | 283/421 [00:01<00:00, 189.47it/s, acc=90.62%, loss=0.2154]
BP Epoch 6/100:  67%|â–ˆâ–ˆâ–ˆâ–ˆâ–ˆâ–ˆâ–‹   | 283/421 [00:01<00:00, 189.47it/s, acc=92.97%, loss=0.1916]
BP Epoch 6/100:  72%|â–ˆâ–ˆâ–ˆâ–ˆâ–ˆâ–ˆâ–ˆâ–  | 304/421 [00:01<00:00, 194.63it/s, acc=92.97%, loss=0.1916]
BP Epoch 6/100:  77%|â–ˆâ–ˆâ–ˆâ–ˆâ–ˆâ–ˆâ–ˆâ–‹  | 324/421 [00:01<00:00, 195.94it/s, acc=92.97%, loss=0.1916]
BP Epoch 6/100:  82%|â–ˆâ–ˆâ–ˆâ–ˆâ–ˆâ–ˆâ–ˆâ–ˆâ– | 344/421 [00:01<00:00, 195.23it/s, acc=92.97%, loss=0.1916][codecarbon INFO @ 04:14:32] Delta energy consumed for CPU with cpu_load : 0.000683 kWh, power : 158.61000000000004 W
[codecarbon INFO @ 04:14:32] Energy consumed for All CPU : 0.000683 kWh
[codecarbon INFO @ 04:14:32] Energy consumed for all GPUs : 0.000285 kWh. Total GPU Power : 63.97527680868202 W
[codecarbon INFO @ 04:14:32] 0.001132 kWh of electricity used since the beginning.

BP Epoch 6/100:  86%|â–ˆâ–ˆâ–ˆâ–ˆâ–ˆâ–ˆâ–ˆâ–ˆâ–‹ | 364/421 [00:02<00:00, 194.36it/s, acc=92.97%, loss=0.1916]
BP Epoch 6/100:  91%|â–ˆâ–ˆâ–ˆâ–ˆâ–ˆâ–ˆâ–ˆâ–ˆâ–ˆâ–| 385/421 [00:02<00:00, 198.62it/s, acc=92.97%, loss=0.1916]
BP Epoch 6/100:  91%|â–ˆâ–ˆâ–ˆâ–ˆâ–ˆâ–ˆâ–ˆâ–ˆâ–ˆâ–| 385/421 [00:02<00:00, 198.62it/s, acc=92.19%, loss=0.1997]
BP Epoch 6/100:  96%|â–ˆâ–ˆâ–ˆâ–ˆâ–ˆâ–ˆâ–ˆâ–ˆâ–ˆâ–Œ| 405/421 [00:02<00:00, 197.75it/s, acc=92.19%, loss=0.1997]
BP Epoch 6/100:  96%|â–ˆâ–ˆâ–ˆâ–ˆâ–ˆâ–ˆâ–ˆâ–ˆâ–ˆâ–Œ| 405/421 [00:02<00:00, 197.75it/s, acc=90.62%, loss=0.2354]
                                                                                           

Evaluating BP Model:   0%|          | 0/24 [00:00<?, ?it/s]
Evaluating BP Model:  38%|â–ˆâ–ˆâ–ˆâ–Š      | 9/24 [00:00<00:00, 77.30it/s]
Evaluating BP Model:  88%|â–ˆâ–ˆâ–ˆâ–ˆâ–ˆâ–ˆâ–ˆâ–ˆâ–Š | 21/24 [00:00<00:00, 95.47it/s]
                                                                    

BP Epoch 7/100:   0%|          | 0/421 [00:00<?, ?it/s]
BP Epoch 7/100:   4%|â–         | 17/421 [00:00<00:02, 156.43it/s]
BP Epoch 7/100:   9%|â–‰         | 39/421 [00:00<00:02, 182.46it/s]
BP Epoch 7/100:  14%|â–ˆâ–        | 59/421 [00:00<00:01, 187.54it/s]
BP Epoch 7/100:  19%|â–ˆâ–‰        | 79/421 [00:00<00:01, 191.93it/s]
BP Epoch 7/100:  24%|â–ˆâ–ˆâ–Ž       | 99/421 [00:00<00:01, 191.30it/s]
BP Epoch 7/100:  24%|â–ˆâ–ˆâ–Ž       | 99/421 [00:00<00:01, 191.30it/s, acc=94.53%, loss=0.1560]
BP Epoch 7/100:  28%|â–ˆâ–ˆâ–Š       | 119/421 [00:00<00:01, 191.07it/s, acc=94.53%, loss=0.1560]
BP Epoch 7/100:  33%|â–ˆâ–ˆâ–ˆâ–Ž      | 139/421 [00:00<00:01, 191.49it/s, acc=94.53%, loss=0.1560]
BP Epoch 7/100:  38%|â–ˆâ–ˆâ–ˆâ–Š      | 159/421 [00:00<00:01, 191.96it/s, acc=94.53%, loss=0.1560]
BP Epoch 7/100:  43%|â–ˆâ–ˆâ–ˆâ–ˆâ–Ž     | 179/421 [00:00<00:01, 192.88it/s, acc=94.53%, loss=0.1560]
BP Epoch 7/100:  47%|â–ˆâ–ˆâ–ˆâ–ˆâ–‹     | 199/421 [00:01<00:01, 193.66it/s, acc=94.53%, loss=0.1560]
BP Epoch 7/100:  47%|â–ˆâ–ˆâ–ˆâ–ˆâ–‹     | 199/421 [00:01<00:01, 193.66it/s, acc=92.97%, loss=0.1527]
BP Epoch 7/100:  52%|â–ˆâ–ˆâ–ˆâ–ˆâ–ˆâ–    | 219/421 [00:01<00:01, 193.69it/s, acc=92.97%, loss=0.1527]
BP Epoch 7/100:  57%|â–ˆâ–ˆâ–ˆâ–ˆâ–ˆâ–‹    | 239/421 [00:01<00:00, 194.29it/s, acc=92.97%, loss=0.1527]
BP Epoch 7/100:  62%|â–ˆâ–ˆâ–ˆâ–ˆâ–ˆâ–ˆâ–   | 259/421 [00:01<00:00, 195.64it/s, acc=92.97%, loss=0.1527]
BP Epoch 7/100:  66%|â–ˆâ–ˆâ–ˆâ–ˆâ–ˆâ–ˆâ–‹   | 279/421 [00:01<00:00, 196.83it/s, acc=92.97%, loss=0.1527]
BP Epoch 7/100:  71%|â–ˆâ–ˆâ–ˆâ–ˆâ–ˆâ–ˆâ–ˆ   | 299/421 [00:01<00:00, 197.13it/s, acc=92.97%, loss=0.1527]
BP Epoch 7/100:  71%|â–ˆâ–ˆâ–ˆâ–ˆâ–ˆâ–ˆâ–ˆ   | 299/421 [00:01<00:00, 197.13it/s, acc=91.41%, loss=0.1753]
BP Epoch 7/100:  76%|â–ˆâ–ˆâ–ˆâ–ˆâ–ˆâ–ˆâ–ˆâ–Œ  | 319/421 [00:01<00:00, 197.79it/s, acc=91.41%, loss=0.1753]
BP Epoch 7/100:  81%|â–ˆâ–ˆâ–ˆâ–ˆâ–ˆâ–ˆâ–ˆâ–ˆ  | 339/421 [00:01<00:00, 197.82it/s, acc=91.41%, loss=0.1753]
BP Epoch 7/100:  85%|â–ˆâ–ˆâ–ˆâ–ˆâ–ˆâ–ˆâ–ˆâ–ˆâ–Œ | 359/421 [00:01<00:00, 197.78it/s, acc=91.41%, loss=0.1753]
BP Epoch 7/100:  90%|â–ˆâ–ˆâ–ˆâ–ˆâ–ˆâ–ˆâ–ˆâ–ˆâ–ˆ | 380/421 [00:01<00:00, 200.51it/s, acc=91.41%, loss=0.1753]
BP Epoch 7/100:  90%|â–ˆâ–ˆâ–ˆâ–ˆâ–ˆâ–ˆâ–ˆâ–ˆâ–ˆ | 380/421 [00:02<00:00, 200.51it/s, acc=92.19%, loss=0.2011]
BP Epoch 7/100:  95%|â–ˆâ–ˆâ–ˆâ–ˆâ–ˆâ–ˆâ–ˆâ–ˆâ–ˆâ–Œ| 401/421 [00:02<00:00, 200.84it/s, acc=92.19%, loss=0.2011]
BP Epoch 7/100:  95%|â–ˆâ–ˆâ–ˆâ–ˆâ–ˆâ–ˆâ–ˆâ–ˆâ–ˆâ–Œ| 401/421 [00:02<00:00, 200.84it/s, acc=92.97%, loss=0.1705]
                                                                                           

Evaluating BP Model:   0%|          | 0/24 [00:00<?, ?it/s]
Evaluating BP Model:  38%|â–ˆâ–ˆâ–ˆâ–Š      | 9/24 [00:00<00:00, 77.16it/s]
Evaluating BP Model:  88%|â–ˆâ–ˆâ–ˆâ–ˆâ–ˆâ–ˆâ–ˆâ–ˆâ–Š | 21/24 [00:00<00:00, 96.50it/s]
                                                                    

BP Epoch 8/100:   0%|          | 0/421 [00:00<?, ?it/s]
BP Epoch 8/100:   4%|â–         | 17/421 [00:00<00:02, 150.04it/s]
BP Epoch 8/100:  10%|â–‰         | 41/421 [00:00<00:02, 187.95it/s]
BP Epoch 8/100:  15%|â–ˆâ–        | 63/421 [00:00<00:01, 200.55it/s]
BP Epoch 8/100:  20%|â–ˆâ–ˆ        | 85/421 [00:00<00:01, 202.87it/s]
BP Epoch 8/100:  20%|â–ˆâ–ˆ        | 85/421 [00:00<00:01, 202.87it/s, acc=90.62%, loss=0.2125]
BP Epoch 8/100:  25%|â–ˆâ–ˆâ–Œ       | 107/421 [00:00<00:01, 204.87it/s, acc=90.62%, loss=0.2125]
BP Epoch 8/100:  30%|â–ˆâ–ˆâ–ˆ       | 128/421 [00:00<00:01, 206.17it/s, acc=90.62%, loss=0.2125]
BP Epoch 8/100:  36%|â–ˆâ–ˆâ–ˆâ–Œ      | 150/421 [00:00<00:01, 210.50it/s, acc=90.62%, loss=0.2125]
BP Epoch 8/100:  41%|â–ˆâ–ˆâ–ˆâ–ˆ      | 172/421 [00:00<00:01, 206.82it/s, acc=90.62%, loss=0.2125]
BP Epoch 8/100:  46%|â–ˆâ–ˆâ–ˆâ–ˆâ–‹     | 195/421 [00:00<00:01, 206.21it/s, acc=90.62%, loss=0.2125]
BP Epoch 8/100:  46%|â–ˆâ–ˆâ–ˆâ–ˆâ–‹     | 195/421 [00:00<00:01, 206.21it/s, acc=89.06%, loss=0.2953]
BP Epoch 8/100:  52%|â–ˆâ–ˆâ–ˆâ–ˆâ–ˆâ–    | 217/421 [00:01<00:00, 209.52it/s, acc=89.06%, loss=0.2953]
BP Epoch 8/100:  57%|â–ˆâ–ˆâ–ˆâ–ˆâ–ˆâ–‹    | 239/421 [00:01<00:00, 205.93it/s, acc=89.06%, loss=0.2953]
BP Epoch 8/100:  62%|â–ˆâ–ˆâ–ˆâ–ˆâ–ˆâ–ˆâ–   | 260/421 [00:01<00:00, 206.47it/s, acc=89.06%, loss=0.2953]
BP Epoch 8/100:  67%|â–ˆâ–ˆâ–ˆâ–ˆâ–ˆâ–ˆâ–‹   | 282/421 [00:01<00:00, 209.59it/s, acc=89.06%, loss=0.2953]
BP Epoch 8/100:  67%|â–ˆâ–ˆâ–ˆâ–ˆâ–ˆâ–ˆâ–‹   | 282/421 [00:01<00:00, 209.59it/s, acc=99.22%, loss=0.0884]
BP Epoch 8/100:  72%|â–ˆâ–ˆâ–ˆâ–ˆâ–ˆâ–ˆâ–ˆâ–  | 303/421 [00:01<00:00, 202.83it/s, acc=99.22%, loss=0.0884]
BP Epoch 8/100:  77%|â–ˆâ–ˆâ–ˆâ–ˆâ–ˆâ–ˆâ–ˆâ–‹  | 324/421 [00:01<00:00, 130.08it/s, acc=99.22%, loss=0.0884]
BP Epoch 8/100:  82%|â–ˆâ–ˆâ–ˆâ–ˆâ–ˆâ–ˆâ–ˆâ–ˆâ– | 347/421 [00:01<00:00, 149.97it/s, acc=99.22%, loss=0.0884]
BP Epoch 8/100:  87%|â–ˆâ–ˆâ–ˆâ–ˆâ–ˆâ–ˆâ–ˆâ–ˆâ–‹ | 368/421 [00:01<00:00, 161.26it/s, acc=99.22%, loss=0.0884]
BP Epoch 8/100:  93%|â–ˆâ–ˆâ–ˆâ–ˆâ–ˆâ–ˆâ–ˆâ–ˆâ–ˆâ–Ž| 391/421 [00:02<00:00, 174.88it/s, acc=99.22%, loss=0.0884]
BP Epoch 8/100:  93%|â–ˆâ–ˆâ–ˆâ–ˆâ–ˆâ–ˆâ–ˆâ–ˆâ–ˆâ–Ž| 391/421 [00:02<00:00, 174.88it/s, acc=91.41%, loss=0.2038]
BP Epoch 8/100:  98%|â–ˆâ–ˆâ–ˆâ–ˆâ–ˆâ–ˆâ–ˆâ–ˆâ–ˆâ–Š| 413/421 [00:02<00:00, 185.65it/s, acc=91.41%, loss=0.2038]
BP Epoch 8/100:  98%|â–ˆâ–ˆâ–ˆâ–ˆâ–ˆâ–ˆâ–ˆâ–ˆâ–ˆâ–Š| 413/421 [00:02<00:00, 185.65it/s, acc=94.53%, loss=0.1409]
                                                                                           

Evaluating BP Model:   0%|          | 0/24 [00:00<?, ?it/s]
Evaluating BP Model:  38%|â–ˆâ–ˆâ–ˆâ–Š      | 9/24 [00:00<00:00, 76.92it/s]
Evaluating BP Model:  88%|â–ˆâ–ˆâ–ˆâ–ˆâ–ˆâ–ˆâ–ˆâ–ˆâ–Š | 21/24 [00:00<00:00, 97.01it/s]
                                                                    

BP Epoch 9/100:   0%|          | 0/421 [00:00<?, ?it/s]
BP Epoch 9/100:   4%|â–         | 16/421 [00:00<00:02, 159.90it/s]
BP Epoch 9/100:   9%|â–‰         | 37/421 [00:00<00:02, 181.88it/s]
BP Epoch 9/100:  14%|â–ˆâ–        | 59/421 [00:00<00:01, 198.16it/s]
BP Epoch 9/100:  19%|â–ˆâ–‰        | 80/421 [00:00<00:01, 202.24it/s]
BP Epoch 9/100:  19%|â–ˆâ–‰        | 80/421 [00:00<00:01, 202.24it/s, acc=96.09%, loss=0.1079]
BP Epoch 9/100:  24%|â–ˆâ–ˆâ–       | 101/421 [00:00<00:01, 203.36it/s, acc=96.09%, loss=0.1079]
BP Epoch 9/100:  29%|â–ˆâ–ˆâ–‰       | 123/421 [00:00<00:01, 200.38it/s, acc=96.09%, loss=0.1079]
BP Epoch 9/100:  34%|â–ˆâ–ˆâ–ˆâ–      | 145/421 [00:00<00:01, 205.65it/s, acc=96.09%, loss=0.1079]
BP Epoch 9/100:  39%|â–ˆâ–ˆâ–ˆâ–‰      | 166/421 [00:00<00:01, 206.93it/s, acc=96.09%, loss=0.1079]
BP Epoch 9/100:  44%|â–ˆâ–ˆâ–ˆâ–ˆâ–     | 187/421 [00:00<00:01, 200.26it/s, acc=96.09%, loss=0.1079]
BP Epoch 9/100:  44%|â–ˆâ–ˆâ–ˆâ–ˆâ–     | 187/421 [00:00<00:01, 200.26it/s, acc=90.62%, loss=0.2571]
BP Epoch 9/100:  50%|â–ˆâ–ˆâ–ˆâ–ˆâ–‰     | 210/421 [00:01<00:01, 208.30it/s, acc=90.62%, loss=0.2571]
BP Epoch 9/100:  55%|â–ˆâ–ˆâ–ˆâ–ˆâ–ˆâ–    | 231/421 [00:01<00:00, 202.07it/s, acc=90.62%, loss=0.2571]
BP Epoch 9/100:  60%|â–ˆâ–ˆâ–ˆâ–ˆâ–ˆâ–‰    | 252/421 [00:01<00:00, 204.19it/s, acc=90.62%, loss=0.2571]
BP Epoch 9/100:  65%|â–ˆâ–ˆâ–ˆâ–ˆâ–ˆâ–ˆâ–   | 273/421 [00:01<00:00, 204.93it/s, acc=90.62%, loss=0.2571]
BP Epoch 9/100:  70%|â–ˆâ–ˆâ–ˆâ–ˆâ–ˆâ–ˆâ–ˆ   | 295/421 [00:01<00:00, 200.84it/s, acc=90.62%, loss=0.2571]
BP Epoch 9/100:  70%|â–ˆâ–ˆâ–ˆâ–ˆâ–ˆâ–ˆâ–ˆ   | 295/421 [00:01<00:00, 200.84it/s, acc=96.09%, loss=0.1186]
BP Epoch 9/100:  75%|â–ˆâ–ˆâ–ˆâ–ˆâ–ˆâ–ˆâ–ˆâ–Œ  | 317/421 [00:01<00:00, 205.45it/s, acc=96.09%, loss=0.1186]
BP Epoch 9/100:  81%|â–ˆâ–ˆâ–ˆâ–ˆâ–ˆâ–ˆâ–ˆâ–ˆ  | 339/421 [00:01<00:00, 201.81it/s, acc=96.09%, loss=0.1186]
BP Epoch 9/100:  86%|â–ˆâ–ˆâ–ˆâ–ˆâ–ˆâ–ˆâ–ˆâ–ˆâ–Œ | 360/421 [00:01<00:00, 204.05it/s, acc=96.09%, loss=0.1186]
BP Epoch 9/100:  90%|â–ˆâ–ˆâ–ˆâ–ˆâ–ˆâ–ˆâ–ˆâ–ˆâ–ˆ | 381/421 [00:01<00:00, 204.65it/s, acc=96.09%, loss=0.1186]
BP Epoch 9/100:  90%|â–ˆâ–ˆâ–ˆâ–ˆâ–ˆâ–ˆâ–ˆâ–ˆâ–ˆ | 381/421 [00:01<00:00, 204.65it/s, acc=92.19%, loss=0.1853]
BP Epoch 9/100:  95%|â–ˆâ–ˆâ–ˆâ–ˆâ–ˆâ–ˆâ–ˆâ–ˆâ–ˆâ–Œ| 402/421 [00:01<00:00, 203.60it/s, acc=92.19%, loss=0.1853]
BP Epoch 9/100:  95%|â–ˆâ–ˆâ–ˆâ–ˆâ–ˆâ–ˆâ–ˆâ–ˆâ–ˆâ–Œ| 402/421 [00:02<00:00, 203.60it/s, acc=94.53%, loss=0.1380]
                                                                                           

Evaluating BP Model:   0%|          | 0/24 [00:00<?, ?it/s]
Evaluating BP Model:  38%|â–ˆâ–ˆâ–ˆâ–Š      | 9/24 [00:00<00:00, 77.87it/s]
Evaluating BP Model:  88%|â–ˆâ–ˆâ–ˆâ–ˆâ–ˆâ–ˆâ–ˆâ–ˆâ–Š | 21/24 [00:00<00:00, 96.99it/s]
                                                                    

BP Epoch 10/100:   0%|          | 0/421 [00:00<?, ?it/s]
BP Epoch 10/100:   4%|â–         | 17/421 [00:00<00:02, 152.77it/s]
BP Epoch 10/100:   9%|â–‰         | 39/421 [00:00<00:02, 189.17it/s]
BP Epoch 10/100:  14%|â–ˆâ–        | 61/421 [00:00<00:01, 193.50it/s]
BP Epoch 10/100:  20%|â–ˆâ–‰        | 84/421 [00:00<00:01, 206.10it/s]
BP Epoch 10/100:  20%|â–ˆâ–‰        | 84/421 [00:00<00:01, 206.10it/s, acc=91.41%, loss=0.1697]
BP Epoch 10/100:  25%|â–ˆâ–ˆâ–       | 105/421 [00:00<00:01, 203.39it/s, acc=91.41%, loss=0.1697]
BP Epoch 10/100:  30%|â–ˆâ–ˆâ–ˆ       | 127/421 [00:00<00:01, 208.54it/s, acc=91.41%, loss=0.1697]
BP Epoch 10/100:  35%|â–ˆâ–ˆâ–ˆâ–Œ      | 149/421 [00:00<00:01, 207.53it/s, acc=91.41%, loss=0.1697]
BP Epoch 10/100:  41%|â–ˆâ–ˆâ–ˆâ–ˆ      | 171/421 [00:00<00:01, 210.23it/s, acc=91.41%, loss=0.1697]
BP Epoch 10/100:  46%|â–ˆâ–ˆâ–ˆâ–ˆâ–Œ     | 193/421 [00:00<00:01, 209.60it/s, acc=91.41%, loss=0.1697]
BP Epoch 10/100:  46%|â–ˆâ–ˆâ–ˆâ–ˆâ–Œ     | 193/421 [00:00<00:01, 209.60it/s, acc=92.97%, loss=0.1449]
BP Epoch 10/100:  51%|â–ˆâ–ˆâ–ˆâ–ˆâ–ˆ     | 215/421 [00:01<00:00, 209.45it/s, acc=92.97%, loss=0.1449]
BP Epoch 10/100:  56%|â–ˆâ–ˆâ–ˆâ–ˆâ–ˆâ–‹    | 237/421 [00:01<00:00, 209.05it/s, acc=92.97%, loss=0.1449]
BP Epoch 10/100:  62%|â–ˆâ–ˆâ–ˆâ–ˆâ–ˆâ–ˆâ–   | 259/421 [00:01<00:00, 209.89it/s, acc=92.97%, loss=0.1449]
BP Epoch 10/100:  67%|â–ˆâ–ˆâ–ˆâ–ˆâ–ˆâ–ˆâ–‹   | 281/421 [00:01<00:00, 210.37it/s, acc=92.97%, loss=0.1449]
BP Epoch 10/100:  67%|â–ˆâ–ˆâ–ˆâ–ˆâ–ˆâ–ˆâ–‹   | 281/421 [00:01<00:00, 210.37it/s, acc=96.88%, loss=0.0901]
BP Epoch 10/100:  72%|â–ˆâ–ˆâ–ˆâ–ˆâ–ˆâ–ˆâ–ˆâ–  | 303/421 [00:01<00:00, 209.37it/s, acc=96.88%, loss=0.0901]
BP Epoch 10/100:  77%|â–ˆâ–ˆâ–ˆâ–ˆâ–ˆâ–ˆâ–ˆâ–‹  | 325/421 [00:01<00:00, 211.99it/s, acc=96.88%, loss=0.0901]
BP Epoch 10/100:  82%|â–ˆâ–ˆâ–ˆâ–ˆâ–ˆâ–ˆâ–ˆâ–ˆâ– | 347/421 [00:01<00:00, 209.62it/s, acc=96.88%, loss=0.0901]
BP Epoch 10/100:  88%|â–ˆâ–ˆâ–ˆâ–ˆâ–ˆâ–ˆâ–ˆâ–ˆâ–Š | 370/421 [00:01<00:00, 214.93it/s, acc=96.88%, loss=0.0901]
BP Epoch 10/100:  93%|â–ˆâ–ˆâ–ˆâ–ˆâ–ˆâ–ˆâ–ˆâ–ˆâ–ˆâ–Ž| 392/421 [00:01<00:00, 211.14it/s, acc=96.88%, loss=0.0901]
BP Epoch 10/100:  93%|â–ˆâ–ˆâ–ˆâ–ˆâ–ˆâ–ˆâ–ˆâ–ˆâ–ˆâ–Ž| 392/421 [00:01<00:00, 211.14it/s, acc=96.88%, loss=0.1040]
BP Epoch 10/100:  98%|â–ˆâ–ˆâ–ˆâ–ˆâ–ˆâ–ˆâ–ˆâ–ˆâ–ˆâ–Š| 414/421 [00:02<00:00, 205.77it/s, acc=96.88%, loss=0.1040]
BP Epoch 10/100:  98%|â–ˆâ–ˆâ–ˆâ–ˆâ–ˆâ–ˆâ–ˆâ–ˆâ–ˆâ–Š| 414/421 [00:02<00:00, 205.77it/s, acc=92.97%, loss=0.2175]
                                                                                            

Evaluating BP Model:   0%|          | 0/24 [00:00<?, ?it/s]
Evaluating BP Model:  38%|â–ˆâ–ˆâ–ˆâ–Š      | 9/24 [00:00<00:00, 77.85it/s]
Evaluating BP Model:  88%|â–ˆâ–ˆâ–ˆâ–ˆâ–ˆâ–ˆâ–ˆâ–ˆâ–Š | 21/24 [00:00<00:00, 97.24it/s]
                                                                    

BP Epoch 11/100:   0%|          | 0/421 [00:00<?, ?it/s]
BP Epoch 11/100:   4%|â–         | 17/421 [00:00<00:02, 160.55it/s]
BP Epoch 11/100:  10%|â–‰         | 41/421 [00:00<00:01, 192.44it/s]
BP Epoch 11/100:  15%|â–ˆâ–Œ        | 65/421 [00:00<00:01, 201.15it/s]
BP Epoch 11/100:  20%|â–ˆâ–ˆ        | 86/421 [00:00<00:01, 197.71it/s]
BP Epoch 11/100:  20%|â–ˆâ–ˆ        | 86/421 [00:00<00:01, 197.71it/s, acc=93.75%, loss=0.1558]
BP Epoch 11/100:  26%|â–ˆâ–ˆâ–Œ       | 109/421 [00:00<00:01, 202.36it/s, acc=93.75%, loss=0.1558]
BP Epoch 11/100:  32%|â–ˆâ–ˆâ–ˆâ–      | 133/421 [00:00<00:01, 205.77it/s, acc=93.75%, loss=0.1558]
BP Epoch 11/100:  37%|â–ˆâ–ˆâ–ˆâ–‹      | 157/421 [00:00<00:01, 208.67it/s, acc=93.75%, loss=0.1558]
BP Epoch 11/100:  43%|â–ˆâ–ˆâ–ˆâ–ˆâ–Ž     | 179/421 [00:00<00:01, 210.59it/s, acc=93.75%, loss=0.1558]
BP Epoch 11/100:  43%|â–ˆâ–ˆâ–ˆâ–ˆâ–Ž     | 179/421 [00:00<00:01, 210.59it/s, acc=96.09%, loss=0.1279]
BP Epoch 11/100:  48%|â–ˆâ–ˆâ–ˆâ–ˆâ–Š     | 201/421 [00:00<00:01, 208.93it/s, acc=96.09%, loss=0.1279]
BP Epoch 11/100:  53%|â–ˆâ–ˆâ–ˆâ–ˆâ–ˆâ–Ž    | 223/421 [00:01<00:00, 208.80it/s, acc=96.09%, loss=0.1279]
BP Epoch 11/100:  58%|â–ˆâ–ˆâ–ˆâ–ˆâ–ˆâ–Š    | 245/421 [00:01<00:00, 211.30it/s, acc=96.09%, loss=0.1279]
BP Epoch 11/100:  63%|â–ˆâ–ˆâ–ˆâ–ˆâ–ˆâ–ˆâ–Ž   | 267/421 [00:01<00:00, 207.81it/s, acc=96.09%, loss=0.1279]
BP Epoch 11/100:  69%|â–ˆâ–ˆâ–ˆâ–ˆâ–ˆâ–ˆâ–‰   | 290/421 [00:01<00:00, 213.67it/s, acc=96.09%, loss=0.1279]
BP Epoch 11/100:  69%|â–ˆâ–ˆâ–ˆâ–ˆâ–ˆâ–ˆâ–‰   | 290/421 [00:01<00:00, 213.67it/s, acc=92.19%, loss=0.2011]
BP Epoch 11/100:  74%|â–ˆâ–ˆâ–ˆâ–ˆâ–ˆâ–ˆâ–ˆâ–  | 312/421 [00:01<00:00, 209.28it/s, acc=92.19%, loss=0.2011]
BP Epoch 11/100:  80%|â–ˆâ–ˆâ–ˆâ–ˆâ–ˆâ–ˆâ–ˆâ–‰  | 335/421 [00:01<00:00, 208.11it/s, acc=92.19%, loss=0.2011]
BP Epoch 11/100:  85%|â–ˆâ–ˆâ–ˆâ–ˆâ–ˆâ–ˆâ–ˆâ–ˆâ–Œ | 358/421 [00:01<00:00, 213.97it/s, acc=92.19%, loss=0.2011]
BP Epoch 11/100:  90%|â–ˆâ–ˆâ–ˆâ–ˆâ–ˆâ–ˆâ–ˆâ–ˆâ–ˆ | 380/421 [00:01<00:00, 210.10it/s, acc=92.19%, loss=0.2011]
BP Epoch 11/100:  90%|â–ˆâ–ˆâ–ˆâ–ˆâ–ˆâ–ˆâ–ˆâ–ˆâ–ˆ | 380/421 [00:01<00:00, 210.10it/s, acc=96.88%, loss=0.1408]
BP Epoch 11/100:  95%|â–ˆâ–ˆâ–ˆâ–ˆâ–ˆâ–ˆâ–ˆâ–ˆâ–ˆâ–Œ| 402/421 [00:01<00:00, 212.08it/s, acc=96.88%, loss=0.1408]
BP Epoch 11/100:  95%|â–ˆâ–ˆâ–ˆâ–ˆâ–ˆâ–ˆâ–ˆâ–ˆâ–ˆâ–Œ| 402/421 [00:02<00:00, 212.08it/s, acc=96.88%, loss=0.1246]
                                                                                            

Evaluating BP Model:   0%|          | 0/24 [00:00<?, ?it/s]
Evaluating BP Model:  38%|â–ˆâ–ˆâ–ˆâ–Š      | 9/24 [00:00<00:00, 77.53it/s]
Evaluating BP Model:  88%|â–ˆâ–ˆâ–ˆâ–ˆâ–ˆâ–ˆâ–ˆâ–ˆâ–Š | 21/24 [00:00<00:00, 96.40it/s]
                                                                    

BP Epoch 12/100:   0%|          | 0/421 [00:00<?, ?it/s]
BP Epoch 12/100:   4%|â–         | 16/421 [00:00<00:02, 158.00it/s]
BP Epoch 12/100:   9%|â–‰         | 37/421 [00:00<00:02, 182.01it/s]
BP Epoch 12/100:  14%|â–ˆâ–        | 58/421 [00:00<00:01, 191.12it/s]
BP Epoch 12/100:  19%|â–ˆâ–‰        | 80/421 [00:00<00:01, 200.86it/s]
BP Epoch 12/100:  19%|â–ˆâ–‰        | 80/421 [00:00<00:01, 200.86it/s, acc=96.88%, loss=0.0738]
BP Epoch 12/100:  24%|â–ˆâ–ˆâ–       | 101/421 [00:00<00:01, 203.10it/s, acc=96.88%, loss=0.0738]
BP Epoch 12/100:  29%|â–ˆâ–ˆâ–‰       | 122/421 [00:00<00:01, 198.00it/s, acc=96.88%, loss=0.0738]
BP Epoch 12/100:  34%|â–ˆâ–ˆâ–ˆâ–      | 144/421 [00:00<00:01, 203.90it/s, acc=96.88%, loss=0.0738]
BP Epoch 12/100:  39%|â–ˆâ–ˆâ–ˆâ–‰      | 166/421 [00:00<00:01, 200.22it/s, acc=96.88%, loss=0.0738]
BP Epoch 12/100:  45%|â–ˆâ–ˆâ–ˆâ–ˆâ–     | 188/421 [00:00<00:01, 205.12it/s, acc=96.88%, loss=0.0738]
BP Epoch 12/100:  45%|â–ˆâ–ˆâ–ˆâ–ˆâ–     | 188/421 [00:01<00:01, 205.12it/s, acc=95.31%, loss=0.0922]
BP Epoch 12/100:  50%|â–ˆâ–ˆâ–ˆâ–ˆâ–‰     | 209/421 [00:01<00:01, 206.46it/s, acc=95.31%, loss=0.0922]
BP Epoch 12/100:  55%|â–ˆâ–ˆâ–ˆâ–ˆâ–ˆâ–    | 230/421 [00:01<00:00, 200.97it/s, acc=95.31%, loss=0.0922]
BP Epoch 12/100:  60%|â–ˆâ–ˆâ–ˆâ–ˆâ–ˆâ–‰    | 252/421 [00:01<00:00, 205.66it/s, acc=95.31%, loss=0.0922]
BP Epoch 12/100:  65%|â–ˆâ–ˆâ–ˆâ–ˆâ–ˆâ–ˆâ–Œ   | 274/421 [00:01<00:00, 200.68it/s, acc=95.31%, loss=0.0922]
BP Epoch 12/100:  71%|â–ˆâ–ˆâ–ˆâ–ˆâ–ˆâ–ˆâ–ˆ   | 297/421 [00:01<00:00, 208.95it/s, acc=95.31%, loss=0.0922]
BP Epoch 12/100:  71%|â–ˆâ–ˆâ–ˆâ–ˆâ–ˆâ–ˆâ–ˆ   | 297/421 [00:01<00:00, 208.95it/s, acc=100.00%, loss=0.0377]
BP Epoch 12/100:  76%|â–ˆâ–ˆâ–ˆâ–ˆâ–ˆâ–ˆâ–ˆâ–Œ  | 318/421 [00:01<00:00, 203.26it/s, acc=100.00%, loss=0.0377][codecarbon INFO @ 04:14:47] Energy consumed for RAM : 0.000317 kWh. RAM Power : 38.0 W

BP Epoch 12/100:  81%|â–ˆâ–ˆâ–ˆâ–ˆâ–ˆâ–ˆâ–ˆâ–ˆ  | 341/421 [00:01<00:00, 210.78it/s, acc=100.00%, loss=0.0377]
BP Epoch 12/100:  86%|â–ˆâ–ˆâ–ˆâ–ˆâ–ˆâ–ˆâ–ˆâ–ˆâ–Œ | 363/421 [00:01<00:00, 207.95it/s, acc=100.00%, loss=0.0377]
BP Epoch 12/100:  92%|â–ˆâ–ˆâ–ˆâ–ˆâ–ˆâ–ˆâ–ˆâ–ˆâ–ˆâ–| 386/421 [00:01<00:00, 207.55it/s, acc=100.00%, loss=0.0377]
BP Epoch 12/100:  92%|â–ˆâ–ˆâ–ˆâ–ˆâ–ˆâ–ˆâ–ˆâ–ˆâ–ˆâ–| 386/421 [00:01<00:00, 207.55it/s, acc=97.66%, loss=0.0830] 
BP Epoch 12/100:  97%|â–ˆâ–ˆâ–ˆâ–ˆâ–ˆâ–ˆâ–ˆâ–ˆâ–ˆâ–‹| 408/421 [00:02<00:00, 210.20it/s, acc=97.66%, loss=0.0830]
BP Epoch 12/100:  97%|â–ˆâ–ˆâ–ˆâ–ˆâ–ˆâ–ˆâ–ˆâ–ˆâ–ˆâ–‹| 408/421 [00:02<00:00, 210.20it/s, acc=96.09%, loss=0.0991]
                                                                                            

Evaluating BP Model:   0%|          | 0/24 [00:00<?, ?it/s]
Evaluating BP Model:  38%|â–ˆâ–ˆâ–ˆâ–Š      | 9/24 [00:00<00:00, 79.46it/s][codecarbon INFO @ 04:14:47] Delta energy consumed for CPU with cpu_load : 0.000568 kWh, power : 141.046875 W
[codecarbon INFO @ 04:14:47] Energy consumed for All CPU : 0.001251 kWh
[codecarbon INFO @ 04:14:47] Energy consumed for all GPUs : 0.000565 kWh. Total GPU Power : 67.25465191733133 W
[codecarbon INFO @ 04:14:47] 0.002133 kWh of electricity used since the beginning.

Evaluating BP Model:  88%|â–ˆâ–ˆâ–ˆâ–ˆâ–ˆâ–ˆâ–ˆâ–ˆâ–Š | 21/24 [00:00<00:00, 97.42it/s]
                                                                    

BP Epoch 13/100:   0%|          | 0/421 [00:00<?, ?it/s]
BP Epoch 13/100:   4%|â–         | 17/421 [00:00<00:02, 159.75it/s]
BP Epoch 13/100:   9%|â–‰         | 38/421 [00:00<00:02, 181.37it/s]
BP Epoch 13/100:  14%|â–ˆâ–        | 60/421 [00:00<00:01, 197.06it/s]
BP Epoch 13/100:  19%|â–ˆâ–‰        | 82/421 [00:00<00:01, 195.06it/s]
BP Epoch 13/100:  19%|â–ˆâ–‰        | 82/421 [00:00<00:01, 195.06it/s, acc=99.22%, loss=0.0456]
BP Epoch 13/100:  25%|â–ˆâ–ˆâ–       | 104/421 [00:00<00:01, 202.61it/s, acc=99.22%, loss=0.0456]
BP Epoch 13/100:  30%|â–ˆâ–ˆâ–‰       | 126/421 [00:00<00:01, 198.92it/s, acc=99.22%, loss=0.0456]
BP Epoch 13/100:  35%|â–ˆâ–ˆâ–ˆâ–Œ      | 148/421 [00:00<00:01, 204.57it/s, acc=99.22%, loss=0.0456]
BP Epoch 13/100:  40%|â–ˆâ–ˆâ–ˆâ–ˆ      | 169/421 [00:00<00:01, 206.17it/s, acc=99.22%, loss=0.0456]
BP Epoch 13/100:  45%|â–ˆâ–ˆâ–ˆâ–ˆâ–Œ     | 190/421 [00:01<00:01, 154.29it/s, acc=99.22%, loss=0.0456]
BP Epoch 13/100:  45%|â–ˆâ–ˆâ–ˆâ–ˆâ–Œ     | 190/421 [00:01<00:01, 154.29it/s, acc=94.53%, loss=0.0996]
BP Epoch 13/100:  51%|â–ˆâ–ˆâ–ˆâ–ˆâ–ˆ     | 213/421 [00:01<00:01, 168.44it/s, acc=94.53%, loss=0.0996]
BP Epoch 13/100:  56%|â–ˆâ–ˆâ–ˆâ–ˆâ–ˆâ–Œ    | 236/421 [00:01<00:01, 183.49it/s, acc=94.53%, loss=0.0996]
BP Epoch 13/100:  61%|â–ˆâ–ˆâ–ˆâ–ˆâ–ˆâ–ˆ    | 257/421 [00:01<00:00, 188.33it/s, acc=94.53%, loss=0.0996]
BP Epoch 13/100:  66%|â–ˆâ–ˆâ–ˆâ–ˆâ–ˆâ–ˆâ–‹   | 279/421 [00:01<00:00, 196.00it/s, acc=94.53%, loss=0.0996]
BP Epoch 13/100:  66%|â–ˆâ–ˆâ–ˆâ–ˆâ–ˆâ–ˆâ–‹   | 279/421 [00:01<00:00, 196.00it/s, acc=96.09%, loss=0.0856]
BP Epoch 13/100:  71%|â–ˆâ–ˆâ–ˆâ–ˆâ–ˆâ–ˆâ–ˆâ–  | 301/421 [00:01<00:00, 200.29it/s, acc=96.09%, loss=0.0856]
BP Epoch 13/100:  77%|â–ˆâ–ˆâ–ˆâ–ˆâ–ˆâ–ˆâ–ˆâ–‹  | 323/421 [00:01<00:00, 203.57it/s, acc=96.09%, loss=0.0856]
BP Epoch 13/100:  82%|â–ˆâ–ˆâ–ˆâ–ˆâ–ˆâ–ˆâ–ˆâ–ˆâ– | 345/421 [00:01<00:00, 207.76it/s, acc=96.09%, loss=0.0856]
BP Epoch 13/100:  87%|â–ˆâ–ˆâ–ˆâ–ˆâ–ˆâ–ˆâ–ˆâ–ˆâ–‹ | 367/421 [00:01<00:00, 206.78it/s, acc=96.09%, loss=0.0856]
BP Epoch 13/100:  93%|â–ˆâ–ˆâ–ˆâ–ˆâ–ˆâ–ˆâ–ˆâ–ˆâ–ˆâ–Ž| 390/421 [00:01<00:00, 211.85it/s, acc=96.09%, loss=0.0856]
BP Epoch 13/100:  93%|â–ˆâ–ˆâ–ˆâ–ˆâ–ˆâ–ˆâ–ˆâ–ˆâ–ˆâ–Ž| 390/421 [00:02<00:00, 211.85it/s, acc=96.88%, loss=0.1121]
BP Epoch 13/100:  98%|â–ˆâ–ˆâ–ˆâ–ˆâ–ˆâ–ˆâ–ˆâ–ˆâ–ˆâ–Š| 412/421 [00:02<00:00, 209.33it/s, acc=96.88%, loss=0.1121]
BP Epoch 13/100:  98%|â–ˆâ–ˆâ–ˆâ–ˆâ–ˆâ–ˆâ–ˆâ–ˆâ–ˆâ–Š| 412/421 [00:02<00:00, 209.33it/s, acc=96.09%, loss=0.0816]
                                                                                            

Evaluating BP Model:   0%|          | 0/24 [00:00<?, ?it/s]
Evaluating BP Model:  38%|â–ˆâ–ˆâ–ˆâ–Š      | 9/24 [00:00<00:00, 78.05it/s]
Evaluating BP Model:  88%|â–ˆâ–ˆâ–ˆâ–ˆâ–ˆâ–ˆâ–ˆâ–ˆâ–Š | 21/24 [00:00<00:00, 96.28it/s]
                                                                    

BP Epoch 14/100:   0%|          | 0/421 [00:00<?, ?it/s]
BP Epoch 14/100:   0%|          | 1/421 [00:00<01:18,  5.34it/s]
BP Epoch 14/100:   6%|â–‹         | 27/421 [00:00<00:03, 114.75it/s]
BP Epoch 14/100:  12%|â–ˆâ–        | 50/421 [00:00<00:02, 151.27it/s]
BP Epoch 14/100:  18%|â–ˆâ–Š        | 74/421 [00:00<00:02, 173.39it/s]
BP Epoch 14/100:  23%|â–ˆâ–ˆâ–Ž       | 97/421 [00:00<00:01, 190.58it/s]
BP Epoch 14/100:  23%|â–ˆâ–ˆâ–Ž       | 97/421 [00:00<00:01, 190.58it/s, acc=91.41%, loss=0.2440]
BP Epoch 14/100:  28%|â–ˆâ–ˆâ–Š       | 118/421 [00:00<00:01, 191.92it/s, acc=91.41%, loss=0.2440]
BP Epoch 14/100:  33%|â–ˆâ–ˆâ–ˆâ–Ž      | 141/421 [00:00<00:01, 203.14it/s, acc=91.41%, loss=0.2440]
BP Epoch 14/100:  38%|â–ˆâ–ˆâ–ˆâ–Š      | 162/421 [00:00<00:01, 200.51it/s, acc=91.41%, loss=0.2440]
BP Epoch 14/100:  43%|â–ˆâ–ˆâ–ˆâ–ˆâ–Ž     | 183/421 [00:01<00:01, 202.65it/s, acc=91.41%, loss=0.2440]
BP Epoch 14/100:  43%|â–ˆâ–ˆâ–ˆâ–ˆâ–Ž     | 183/421 [00:01<00:01, 202.65it/s, acc=97.66%, loss=0.0698]
BP Epoch 14/100:  49%|â–ˆâ–ˆâ–ˆâ–ˆâ–‰     | 206/421 [00:01<00:01, 203.86it/s, acc=97.66%, loss=0.0698]
BP Epoch 14/100:  55%|â–ˆâ–ˆâ–ˆâ–ˆâ–ˆâ–    | 230/421 [00:01<00:00, 206.85it/s, acc=97.66%, loss=0.0698]
BP Epoch 14/100:  60%|â–ˆâ–ˆâ–ˆâ–ˆâ–ˆâ–ˆ    | 253/421 [00:01<00:00, 213.18it/s, acc=97.66%, loss=0.0698]
BP Epoch 14/100:  65%|â–ˆâ–ˆâ–ˆâ–ˆâ–ˆâ–ˆâ–Œ   | 275/421 [00:01<00:00, 210.38it/s, acc=97.66%, loss=0.0698]
BP Epoch 14/100:  71%|â–ˆâ–ˆâ–ˆâ–ˆâ–ˆâ–ˆâ–ˆ   | 297/421 [00:01<00:00, 212.76it/s, acc=97.66%, loss=0.0698]
BP Epoch 14/100:  71%|â–ˆâ–ˆâ–ˆâ–ˆâ–ˆâ–ˆâ–ˆ   | 297/421 [00:01<00:00, 212.76it/s, acc=97.66%, loss=0.0505]
BP Epoch 14/100:  76%|â–ˆâ–ˆâ–ˆâ–ˆâ–ˆâ–ˆâ–ˆâ–Œ  | 319/421 [00:01<00:00, 211.41it/s, acc=97.66%, loss=0.0505]
BP Epoch 14/100:  81%|â–ˆâ–ˆâ–ˆâ–ˆâ–ˆâ–ˆâ–ˆâ–ˆ  | 341/421 [00:01<00:00, 212.57it/s, acc=97.66%, loss=0.0505]
BP Epoch 14/100:  86%|â–ˆâ–ˆâ–ˆâ–ˆâ–ˆâ–ˆâ–ˆâ–ˆâ–Œ | 363/421 [00:01<00:00, 211.95it/s, acc=97.66%, loss=0.0505]
BP Epoch 14/100:  91%|â–ˆâ–ˆâ–ˆâ–ˆâ–ˆâ–ˆâ–ˆâ–ˆâ–ˆâ–| 385/421 [00:01<00:00, 210.53it/s, acc=97.66%, loss=0.0505]
BP Epoch 14/100:  91%|â–ˆâ–ˆâ–ˆâ–ˆâ–ˆâ–ˆâ–ˆâ–ˆâ–ˆâ–| 385/421 [00:02<00:00, 210.53it/s, acc=96.88%, loss=0.1041]
BP Epoch 14/100:  97%|â–ˆâ–ˆâ–ˆâ–ˆâ–ˆâ–ˆâ–ˆâ–ˆâ–ˆâ–‹| 407/421 [00:02<00:00, 210.85it/s, acc=96.88%, loss=0.1041]
BP Epoch 14/100:  97%|â–ˆâ–ˆâ–ˆâ–ˆâ–ˆâ–ˆâ–ˆâ–ˆâ–ˆâ–‹| 407/421 [00:02<00:00, 210.85it/s, acc=96.88%, loss=0.1017]
                                                                                            

Evaluating BP Model:   0%|          | 0/24 [00:00<?, ?it/s]
Evaluating BP Model:  38%|â–ˆâ–ˆâ–ˆâ–Š      | 9/24 [00:00<00:00, 78.08it/s]
Evaluating BP Model:  88%|â–ˆâ–ˆâ–ˆâ–ˆâ–ˆâ–ˆâ–ˆâ–ˆâ–Š | 21/24 [00:00<00:00, 96.47it/s]
                                                                    

BP Epoch 15/100:   0%|          | 0/421 [00:00<?, ?it/s]
BP Epoch 15/100:   4%|â–         | 17/421 [00:00<00:06, 63.04it/s]
BP Epoch 15/100:  10%|â–ˆ         | 43/421 [00:00<00:02, 130.20it/s]
BP Epoch 15/100:  15%|â–ˆâ–Œ        | 65/421 [00:00<00:02, 158.55it/s]
BP Epoch 15/100:  20%|â–ˆâ–ˆ        | 86/421 [00:00<00:01, 174.02it/s]
BP Epoch 15/100:  20%|â–ˆâ–ˆ        | 86/421 [00:00<00:01, 174.02it/s, acc=98.44%, loss=0.0485]
BP Epoch 15/100:  26%|â–ˆâ–ˆâ–Œ       | 108/421 [00:00<00:01, 187.45it/s, acc=98.44%, loss=0.0485]
BP Epoch 15/100:  31%|â–ˆâ–ˆâ–ˆ       | 129/421 [00:00<00:01, 190.79it/s, acc=98.44%, loss=0.0485]
BP Epoch 15/100:  36%|â–ˆâ–ˆâ–ˆâ–Œ      | 152/421 [00:00<00:01, 198.34it/s, acc=98.44%, loss=0.0485]
BP Epoch 15/100:  41%|â–ˆâ–ˆâ–ˆâ–ˆ      | 173/421 [00:00<00:01, 200.26it/s, acc=98.44%, loss=0.0485]
BP Epoch 15/100:  47%|â–ˆâ–ˆâ–ˆâ–ˆâ–‹     | 196/421 [00:01<00:01, 203.47it/s, acc=98.44%, loss=0.0485]
BP Epoch 15/100:  47%|â–ˆâ–ˆâ–ˆâ–ˆâ–‹     | 196/421 [00:01<00:01, 203.47it/s, acc=96.88%, loss=0.0636]
BP Epoch 15/100:  52%|â–ˆâ–ˆâ–ˆâ–ˆâ–ˆâ–    | 218/421 [00:01<00:00, 207.74it/s, acc=96.88%, loss=0.0636]
BP Epoch 15/100:  57%|â–ˆâ–ˆâ–ˆâ–ˆâ–ˆâ–‹    | 240/421 [00:01<00:00, 204.06it/s, acc=96.88%, loss=0.0636]
BP Epoch 15/100:  62%|â–ˆâ–ˆâ–ˆâ–ˆâ–ˆâ–ˆâ–   | 261/421 [00:01<00:00, 204.80it/s, acc=96.88%, loss=0.0636]
BP Epoch 15/100:  67%|â–ˆâ–ˆâ–ˆâ–ˆâ–ˆâ–ˆâ–‹   | 283/421 [00:01<00:00, 208.65it/s, acc=96.88%, loss=0.0636]
BP Epoch 15/100:  67%|â–ˆâ–ˆâ–ˆâ–ˆâ–ˆâ–ˆâ–‹   | 283/421 [00:01<00:00, 208.65it/s, acc=96.09%, loss=0.1050]
BP Epoch 15/100:  72%|â–ˆâ–ˆâ–ˆâ–ˆâ–ˆâ–ˆâ–ˆâ–  | 304/421 [00:01<00:00, 202.58it/s, acc=96.09%, loss=0.1050]
BP Epoch 15/100:  77%|â–ˆâ–ˆâ–ˆâ–ˆâ–ˆâ–ˆâ–ˆâ–‹  | 325/421 [00:01<00:00, 204.54it/s, acc=96.09%, loss=0.1050]
BP Epoch 15/100:  82%|â–ˆâ–ˆâ–ˆâ–ˆâ–ˆâ–ˆâ–ˆâ–ˆâ– | 346/421 [00:01<00:00, 204.70it/s, acc=96.09%, loss=0.1050]
BP Epoch 15/100:  87%|â–ˆâ–ˆâ–ˆâ–ˆâ–ˆâ–ˆâ–ˆâ–ˆâ–‹ | 367/421 [00:02<00:00, 163.40it/s, acc=96.09%, loss=0.1050]
BP Epoch 15/100:  92%|â–ˆâ–ˆâ–ˆâ–ˆâ–ˆâ–ˆâ–ˆâ–ˆâ–ˆâ–| 389/421 [00:02<00:00, 175.23it/s, acc=96.09%, loss=0.1050]
BP Epoch 15/100:  92%|â–ˆâ–ˆâ–ˆâ–ˆâ–ˆâ–ˆâ–ˆâ–ˆâ–ˆâ–| 389/421 [00:02<00:00, 175.23it/s, acc=99.22%, loss=0.0331]
BP Epoch 15/100:  98%|â–ˆâ–ˆâ–ˆâ–ˆâ–ˆâ–ˆâ–ˆâ–ˆâ–ˆâ–Š| 412/421 [00:02<00:00, 188.50it/s, acc=99.22%, loss=0.0331]
BP Epoch 15/100:  98%|â–ˆâ–ˆâ–ˆâ–ˆâ–ˆâ–ˆâ–ˆâ–ˆâ–ˆâ–Š| 412/421 [00:02<00:00, 188.50it/s, acc=96.09%, loss=0.1566]
                                                                                            

Evaluating BP Model:   0%|          | 0/24 [00:00<?, ?it/s]
Evaluating BP Model:  38%|â–ˆâ–ˆâ–ˆâ–Š      | 9/24 [00:00<00:00, 78.01it/s]
Evaluating BP Model:  88%|â–ˆâ–ˆâ–ˆâ–ˆâ–ˆâ–ˆâ–ˆâ–ˆâ–Š | 21/24 [00:00<00:00, 96.51it/s]
                                                                    

BP Epoch 16/100:   0%|          | 0/421 [00:00<?, ?it/s]
BP Epoch 16/100:   4%|â–         | 17/421 [00:00<00:02, 163.38it/s]
BP Epoch 16/100:  10%|â–‰         | 40/421 [00:00<00:01, 201.17it/s]
BP Epoch 16/100:  14%|â–ˆâ–        | 61/421 [00:00<00:01, 199.68it/s]
BP Epoch 16/100:  20%|â–ˆâ–‰        | 84/421 [00:00<00:01, 210.15it/s]
BP Epoch 16/100:  20%|â–ˆâ–‰        | 84/421 [00:00<00:01, 210.15it/s, acc=98.44%, loss=0.0534]
BP Epoch 16/100:  25%|â–ˆâ–ˆâ–Œ       | 106/421 [00:00<00:01, 205.86it/s, acc=98.44%, loss=0.0534]
BP Epoch 16/100:  31%|â–ˆâ–ˆâ–ˆ       | 129/421 [00:00<00:01, 208.26it/s, acc=98.44%, loss=0.0534]
BP Epoch 16/100:  36%|â–ˆâ–ˆâ–ˆâ–Œ      | 151/421 [00:00<00:01, 211.11it/s, acc=98.44%, loss=0.0534]
BP Epoch 16/100:  41%|â–ˆâ–ˆâ–ˆâ–ˆ      | 173/421 [00:00<00:01, 210.26it/s, acc=98.44%, loss=0.0534]
BP Epoch 16/100:  46%|â–ˆâ–ˆâ–ˆâ–ˆâ–‹     | 195/421 [00:00<00:01, 211.76it/s, acc=98.44%, loss=0.0534]
BP Epoch 16/100:  46%|â–ˆâ–ˆâ–ˆâ–ˆâ–‹     | 195/421 [00:00<00:01, 211.76it/s, acc=96.88%, loss=0.1043]
BP Epoch 16/100:  52%|â–ˆâ–ˆâ–ˆâ–ˆâ–ˆâ–    | 217/421 [00:01<00:00, 210.67it/s, acc=96.88%, loss=0.1043]
BP Epoch 16/100:  57%|â–ˆâ–ˆâ–ˆâ–ˆâ–ˆâ–‹    | 239/421 [00:01<00:00, 211.64it/s, acc=96.88%, loss=0.1043]
BP Epoch 16/100:  62%|â–ˆâ–ˆâ–ˆâ–ˆâ–ˆâ–ˆâ–   | 261/421 [00:01<00:00, 211.01it/s, acc=96.88%, loss=0.1043]
BP Epoch 16/100:  67%|â–ˆâ–ˆâ–ˆâ–ˆâ–ˆâ–ˆâ–‹   | 283/421 [00:01<00:00, 210.73it/s, acc=96.88%, loss=0.1043]
BP Epoch 16/100:  67%|â–ˆâ–ˆâ–ˆâ–ˆâ–ˆâ–ˆâ–‹   | 283/421 [00:01<00:00, 210.73it/s, acc=98.44%, loss=0.0584]
BP Epoch 16/100:  72%|â–ˆâ–ˆâ–ˆâ–ˆâ–ˆâ–ˆâ–ˆâ–  | 305/421 [00:01<00:00, 211.06it/s, acc=98.44%, loss=0.0584]
BP Epoch 16/100:  78%|â–ˆâ–ˆâ–ˆâ–ˆâ–ˆâ–ˆâ–ˆâ–Š  | 327/421 [00:01<00:00, 211.26it/s, acc=98.44%, loss=0.0584]
BP Epoch 16/100:  83%|â–ˆâ–ˆâ–ˆâ–ˆâ–ˆâ–ˆâ–ˆâ–ˆâ–Ž | 349/421 [00:01<00:00, 212.23it/s, acc=98.44%, loss=0.0584]
BP Epoch 16/100:  88%|â–ˆâ–ˆâ–ˆâ–ˆâ–ˆâ–ˆâ–ˆâ–ˆâ–Š | 371/421 [00:01<00:00, 211.34it/s, acc=98.44%, loss=0.0584]
BP Epoch 16/100:  93%|â–ˆâ–ˆâ–ˆâ–ˆâ–ˆâ–ˆâ–ˆâ–ˆâ–ˆâ–Ž| 393/421 [00:01<00:00, 213.03it/s, acc=98.44%, loss=0.0584]
BP Epoch 16/100:  93%|â–ˆâ–ˆâ–ˆâ–ˆâ–ˆâ–ˆâ–ˆâ–ˆâ–ˆâ–Ž| 393/421 [00:01<00:00, 213.03it/s, acc=95.31%, loss=0.1157]
BP Epoch 16/100:  99%|â–ˆâ–ˆâ–ˆâ–ˆâ–ˆâ–ˆâ–ˆâ–ˆâ–ˆâ–Š| 415/421 [00:01<00:00, 204.73it/s, acc=95.31%, loss=0.1157]
BP Epoch 16/100:  99%|â–ˆâ–ˆâ–ˆâ–ˆâ–ˆâ–ˆâ–ˆâ–ˆâ–ˆâ–Š| 415/421 [00:02<00:00, 204.73it/s, acc=94.53%, loss=0.1418]
                                                                                            

Evaluating BP Model:   0%|          | 0/24 [00:00<?, ?it/s]
Evaluating BP Model:  38%|â–ˆâ–ˆâ–ˆâ–Š      | 9/24 [00:00<00:00, 79.58it/s]
Evaluating BP Model:  88%|â–ˆâ–ˆâ–ˆâ–ˆâ–ˆâ–ˆâ–ˆâ–ˆâ–Š | 21/24 [00:00<00:00, 96.51it/s]
                                                                    

BP Epoch 17/100:   0%|          | 0/421 [00:00<?, ?it/s]
BP Epoch 17/100:   4%|â–         | 17/421 [00:00<00:02, 158.53it/s]
BP Epoch 17/100:  10%|â–‰         | 41/421 [00:00<00:01, 191.27it/s]
BP Epoch 17/100:  15%|â–ˆâ–Œ        | 65/421 [00:00<00:01, 201.34it/s]
BP Epoch 17/100:  21%|â–ˆâ–ˆ        | 89/421 [00:00<00:02, 164.08it/s]
BP Epoch 17/100:  21%|â–ˆâ–ˆ        | 89/421 [00:00<00:02, 164.08it/s, acc=95.31%, loss=0.1101]
BP Epoch 17/100:  27%|â–ˆâ–ˆâ–‹       | 115/421 [00:00<00:01, 189.11it/s, acc=95.31%, loss=0.1101]
BP Epoch 17/100:  33%|â–ˆâ–ˆâ–ˆâ–Ž      | 137/421 [00:00<00:01, 197.41it/s, acc=95.31%, loss=0.1101]
BP Epoch 17/100:  38%|â–ˆâ–ˆâ–ˆâ–Š      | 158/421 [00:00<00:01, 199.90it/s, acc=95.31%, loss=0.1101]
BP Epoch 17/100:  43%|â–ˆâ–ˆâ–ˆâ–ˆâ–Ž     | 179/421 [00:00<00:01, 192.03it/s, acc=95.31%, loss=0.1101]
BP Epoch 17/100:  47%|â–ˆâ–ˆâ–ˆâ–ˆâ–‹     | 199/421 [00:01<00:01, 144.88it/s, acc=95.31%, loss=0.1101]
BP Epoch 17/100:  47%|â–ˆâ–ˆâ–ˆâ–ˆâ–‹     | 199/421 [00:01<00:01, 144.88it/s, acc=95.31%, loss=0.1590]
BP Epoch 17/100:  53%|â–ˆâ–ˆâ–ˆâ–ˆâ–ˆâ–Ž    | 224/421 [00:01<00:01, 165.47it/s, acc=95.31%, loss=0.1590]
BP Epoch 17/100:  59%|â–ˆâ–ˆâ–ˆâ–ˆâ–ˆâ–Š    | 247/421 [00:01<00:00, 180.87it/s, acc=95.31%, loss=0.1590]
BP Epoch 17/100:  64%|â–ˆâ–ˆâ–ˆâ–ˆâ–ˆâ–ˆâ–Ž   | 268/421 [00:01<00:00, 183.16it/s, acc=95.31%, loss=0.1590]
BP Epoch 17/100:  69%|â–ˆâ–ˆâ–ˆâ–ˆâ–ˆâ–ˆâ–‰   | 291/421 [00:01<00:00, 195.48it/s, acc=95.31%, loss=0.1590]
BP Epoch 17/100:  69%|â–ˆâ–ˆâ–ˆâ–ˆâ–ˆâ–ˆâ–‰   | 291/421 [00:01<00:00, 195.48it/s, acc=96.09%, loss=0.0796]
BP Epoch 17/100:  74%|â–ˆâ–ˆâ–ˆâ–ˆâ–ˆâ–ˆâ–ˆâ–  | 312/421 [00:01<00:00, 193.81it/s, acc=96.09%, loss=0.0796]
BP Epoch 17/100:  80%|â–ˆâ–ˆâ–ˆâ–ˆâ–ˆâ–ˆâ–ˆâ–‰  | 336/421 [00:01<00:00, 198.49it/s, acc=96.09%, loss=0.0796]
BP Epoch 17/100:  86%|â–ˆâ–ˆâ–ˆâ–ˆâ–ˆâ–ˆâ–ˆâ–ˆâ–Œ | 360/421 [00:01<00:00, 202.57it/s, acc=96.09%, loss=0.0796]
BP Epoch 17/100:  91%|â–ˆâ–ˆâ–ˆâ–ˆâ–ˆâ–ˆâ–ˆâ–ˆâ–ˆ | 382/421 [00:02<00:00, 206.83it/s, acc=96.09%, loss=0.0796]
BP Epoch 17/100:  91%|â–ˆâ–ˆâ–ˆâ–ˆâ–ˆâ–ˆâ–ˆâ–ˆâ–ˆ | 382/421 [00:02<00:00, 206.83it/s, acc=97.66%, loss=0.0729]
BP Epoch 17/100:  96%|â–ˆâ–ˆâ–ˆâ–ˆâ–ˆâ–ˆâ–ˆâ–ˆâ–ˆâ–Œ| 403/421 [00:02<00:00, 206.19it/s, acc=97.66%, loss=0.0729]
BP Epoch 17/100:  96%|â–ˆâ–ˆâ–ˆâ–ˆâ–ˆâ–ˆâ–ˆâ–ˆâ–ˆâ–Œ| 403/421 [00:02<00:00, 206.19it/s, acc=93.75%, loss=0.1418]
                                                                                            

Evaluating BP Model:   0%|          | 0/24 [00:00<?, ?it/s]
Evaluating BP Model:  38%|â–ˆâ–ˆâ–ˆâ–Š      | 9/24 [00:00<00:00, 77.47it/s]
Evaluating BP Model:  88%|â–ˆâ–ˆâ–ˆâ–ˆâ–ˆâ–ˆâ–ˆâ–ˆâ–Š | 21/24 [00:00<00:00, 95.85it/s]
                                                                    

BP Epoch 18/100:   0%|          | 0/421 [00:00<?, ?it/s]
BP Epoch 18/100:   4%|â–         | 17/421 [00:00<00:02, 154.74it/s]
BP Epoch 18/100:  10%|â–‰         | 40/421 [00:00<00:01, 196.83it/s]
BP Epoch 18/100:  14%|â–ˆâ–        | 61/421 [00:00<00:01, 196.10it/s]
BP Epoch 18/100:  20%|â–ˆâ–‰        | 84/421 [00:00<00:01, 202.14it/s]
BP Epoch 18/100:  20%|â–ˆâ–‰        | 84/421 [00:00<00:01, 202.14it/s, acc=98.44%, loss=0.0855]
BP Epoch 18/100:  25%|â–ˆâ–ˆâ–       | 105/421 [00:00<00:01, 204.84it/s, acc=98.44%, loss=0.0855]
BP Epoch 18/100:  30%|â–ˆâ–ˆâ–ˆ       | 128/421 [00:00<00:01, 203.62it/s, acc=98.44%, loss=0.0855]
BP Epoch 18/100:  36%|â–ˆâ–ˆâ–ˆâ–Œ      | 150/421 [00:00<00:01, 208.31it/s, acc=98.44%, loss=0.0855]
BP Epoch 18/100:  41%|â–ˆâ–ˆâ–ˆâ–ˆ      | 172/421 [00:00<00:01, 202.80it/s, acc=98.44%, loss=0.0855]
BP Epoch 18/100:  46%|â–ˆâ–ˆâ–ˆâ–ˆâ–Œ     | 194/421 [00:00<00:01, 207.71it/s, acc=98.44%, loss=0.0855]
BP Epoch 18/100:  46%|â–ˆâ–ˆâ–ˆâ–ˆâ–Œ     | 194/421 [00:00<00:01, 207.71it/s, acc=94.53%, loss=0.1054]
BP Epoch 18/100:  51%|â–ˆâ–ˆâ–ˆâ–ˆâ–ˆ     | 215/421 [00:01<00:00, 208.38it/s, acc=94.53%, loss=0.1054]
BP Epoch 18/100:  56%|â–ˆâ–ˆâ–ˆâ–ˆâ–ˆâ–Œ    | 236/421 [00:01<00:00, 203.02it/s, acc=94.53%, loss=0.1054]
BP Epoch 18/100:  61%|â–ˆâ–ˆâ–ˆâ–ˆâ–ˆâ–ˆ    | 257/421 [00:01<00:00, 174.16it/s, acc=94.53%, loss=0.1054]
BP Epoch 18/100:  67%|â–ˆâ–ˆâ–ˆâ–ˆâ–ˆâ–ˆâ–‹   | 282/421 [00:01<00:00, 193.80it/s, acc=94.53%, loss=0.1054]
BP Epoch 18/100:  67%|â–ˆâ–ˆâ–ˆâ–ˆâ–ˆâ–ˆâ–‹   | 282/421 [00:01<00:00, 193.80it/s, acc=97.66%, loss=0.0624]
BP Epoch 18/100:  72%|â–ˆâ–ˆâ–ˆâ–ˆâ–ˆâ–ˆâ–ˆâ–  | 304/421 [00:01<00:00, 199.64it/s, acc=97.66%, loss=0.0624]
BP Epoch 18/100:  77%|â–ˆâ–ˆâ–ˆâ–ˆâ–ˆâ–ˆâ–ˆâ–‹  | 326/421 [00:01<00:00, 202.99it/s, acc=97.66%, loss=0.0624]
BP Epoch 18/100:  83%|â–ˆâ–ˆâ–ˆâ–ˆâ–ˆâ–ˆâ–ˆâ–ˆâ–Ž | 348/421 [00:01<00:00, 202.10it/s, acc=97.66%, loss=0.0624]
BP Epoch 18/100:  88%|â–ˆâ–ˆâ–ˆâ–ˆâ–ˆâ–ˆâ–ˆâ–ˆâ–Š | 371/421 [00:01<00:00, 208.90it/s, acc=97.66%, loss=0.0624]
BP Epoch 18/100:  93%|â–ˆâ–ˆâ–ˆâ–ˆâ–ˆâ–ˆâ–ˆâ–ˆâ–ˆâ–Ž| 393/421 [00:01<00:00, 199.06it/s, acc=97.66%, loss=0.0624]
BP Epoch 18/100:  93%|â–ˆâ–ˆâ–ˆâ–ˆâ–ˆâ–ˆâ–ˆâ–ˆâ–ˆâ–Ž| 393/421 [00:02<00:00, 199.06it/s, acc=96.88%, loss=0.1086]
BP Epoch 18/100:  98%|â–ˆâ–ˆâ–ˆâ–ˆâ–ˆâ–ˆâ–ˆâ–ˆâ–ˆâ–Š| 414/421 [00:02<00:00, 196.35it/s, acc=96.88%, loss=0.1086][codecarbon INFO @ 04:15:02] Energy consumed for RAM : 0.000470 kWh. RAM Power : 38.0 W

BP Epoch 18/100:  98%|â–ˆâ–ˆâ–ˆâ–ˆâ–ˆâ–ˆâ–ˆâ–ˆâ–ˆâ–Š| 414/421 [00:02<00:00, 196.35it/s, acc=100.00%, loss=0.0409]
                                                                                             

Evaluating BP Model:   0%|          | 0/24 [00:00<?, ?it/s]
Evaluating BP Model:  38%|â–ˆâ–ˆâ–ˆâ–Š      | 9/24 [00:00<00:00, 78.80it/s]
Evaluating BP Model:  88%|â–ˆâ–ˆâ–ˆâ–ˆâ–ˆâ–ˆâ–ˆâ–ˆâ–Š | 21/24 [00:00<00:00, 97.04it/s]
                                                                    

BP Epoch 19/100:   0%|          | 0/421 [00:00<?, ?it/s]
BP Epoch 19/100:   4%|â–         | 17/421 [00:00<00:02, 166.72it/s]
BP Epoch 19/100:   9%|â–‰         | 39/421 [00:00<00:01, 197.64it/s][codecarbon INFO @ 04:15:02] Delta energy consumed for CPU with cpu_load : 0.000533 kWh, power : 132.32812500000003 W
[codecarbon INFO @ 04:15:02] Energy consumed for All CPU : 0.001784 kWh
[codecarbon INFO @ 04:15:02] Energy consumed for all GPUs : 0.000843 kWh. Total GPU Power : 66.72433463253432 W
[codecarbon INFO @ 04:15:02] 0.003097 kWh of electricity used since the beginning.

BP Epoch 19/100:  14%|â–ˆâ–        | 61/421 [00:00<00:01, 200.69it/s]
BP Epoch 19/100:  20%|â–ˆâ–‰        | 83/421 [00:00<00:01, 186.29it/s]
BP Epoch 19/100:  20%|â–ˆâ–‰        | 83/421 [00:00<00:01, 186.29it/s, acc=97.66%, loss=0.0825]
BP Epoch 19/100:  25%|â–ˆâ–ˆâ–       | 104/421 [00:00<00:01, 182.08it/s, acc=97.66%, loss=0.0825]
BP Epoch 19/100:  30%|â–ˆâ–ˆâ–ˆ       | 128/421 [00:00<00:01, 193.48it/s, acc=97.66%, loss=0.0825]
BP Epoch 19/100:  36%|â–ˆâ–ˆâ–ˆâ–Œ      | 150/421 [00:00<00:01, 201.35it/s, acc=97.66%, loss=0.0825]
BP Epoch 19/100:  41%|â–ˆâ–ˆâ–ˆâ–ˆ      | 171/421 [00:00<00:01, 203.74it/s, acc=97.66%, loss=0.0825]
BP Epoch 19/100:  46%|â–ˆâ–ˆâ–ˆâ–ˆâ–Œ     | 192/421 [00:00<00:01, 196.26it/s, acc=97.66%, loss=0.0825]
BP Epoch 19/100:  46%|â–ˆâ–ˆâ–ˆâ–ˆâ–Œ     | 192/421 [00:01<00:01, 196.26it/s, acc=94.53%, loss=0.0961]
BP Epoch 19/100:  51%|â–ˆâ–ˆâ–ˆâ–ˆâ–ˆ     | 213/421 [00:01<00:01, 199.49it/s, acc=94.53%, loss=0.0961]
BP Epoch 19/100:  56%|â–ˆâ–ˆâ–ˆâ–ˆâ–ˆâ–Œ    | 234/421 [00:01<00:00, 201.76it/s, acc=94.53%, loss=0.0961]
BP Epoch 19/100:  61%|â–ˆâ–ˆâ–ˆâ–ˆâ–ˆâ–ˆ    | 255/421 [00:01<00:00, 203.79it/s, acc=94.53%, loss=0.0961]
BP Epoch 19/100:  66%|â–ˆâ–ˆâ–ˆâ–ˆâ–ˆâ–ˆâ–Œ   | 276/421 [00:01<00:00, 198.15it/s, acc=94.53%, loss=0.0961]
BP Epoch 19/100:  71%|â–ˆâ–ˆâ–ˆâ–ˆâ–ˆâ–ˆâ–ˆ   | 297/421 [00:01<00:00, 200.95it/s, acc=94.53%, loss=0.0961]
BP Epoch 19/100:  71%|â–ˆâ–ˆâ–ˆâ–ˆâ–ˆâ–ˆâ–ˆ   | 297/421 [00:01<00:00, 200.95it/s, acc=95.31%, loss=0.1064]
BP Epoch 19/100:  76%|â–ˆâ–ˆâ–ˆâ–ˆâ–ˆâ–ˆâ–ˆâ–Œ  | 318/421 [00:01<00:00, 202.55it/s, acc=95.31%, loss=0.1064]
BP Epoch 19/100:  81%|â–ˆâ–ˆâ–ˆâ–ˆâ–ˆâ–ˆâ–ˆâ–ˆ  | 339/421 [00:01<00:00, 204.33it/s, acc=95.31%, loss=0.1064]
BP Epoch 19/100:  86%|â–ˆâ–ˆâ–ˆâ–ˆâ–ˆâ–ˆâ–ˆâ–ˆâ–Œ | 360/421 [00:01<00:00, 196.97it/s, acc=95.31%, loss=0.1064]
BP Epoch 19/100:  90%|â–ˆâ–ˆâ–ˆâ–ˆâ–ˆâ–ˆâ–ˆâ–ˆâ–ˆ | 380/421 [00:01<00:00, 196.93it/s, acc=95.31%, loss=0.1064]
BP Epoch 19/100:  90%|â–ˆâ–ˆâ–ˆâ–ˆâ–ˆâ–ˆâ–ˆâ–ˆâ–ˆ | 380/421 [00:02<00:00, 196.93it/s, acc=96.09%, loss=0.1384]
BP Epoch 19/100:  95%|â–ˆâ–ˆâ–ˆâ–ˆâ–ˆâ–ˆâ–ˆâ–ˆâ–ˆâ–Œ| 400/421 [00:02<00:00, 196.70it/s, acc=96.09%, loss=0.1384]
BP Epoch 19/100:  95%|â–ˆâ–ˆâ–ˆâ–ˆâ–ˆâ–ˆâ–ˆâ–ˆâ–ˆâ–Œ| 400/421 [00:02<00:00, 196.70it/s, acc=98.44%, loss=0.0457]
BP Epoch 19/100: 100%|â–ˆâ–ˆâ–ˆâ–ˆâ–ˆâ–ˆâ–ˆâ–ˆâ–ˆâ–ˆ| 421/421 [00:02<00:00, 199.42it/s, acc=98.44%, loss=0.0457]
                                                                                            

Evaluating BP Model:   0%|          | 0/24 [00:00<?, ?it/s]
Evaluating BP Model:  38%|â–ˆâ–ˆâ–ˆâ–Š      | 9/24 [00:00<00:00, 77.78it/s]
Evaluating BP Model:  88%|â–ˆâ–ˆâ–ˆâ–ˆâ–ˆâ–ˆâ–ˆâ–ˆâ–Š | 21/24 [00:00<00:00, 96.57it/s]
                                                                    

BP Epoch 20/100:   0%|          | 0/421 [00:00<?, ?it/s]
BP Epoch 20/100:   4%|â–         | 17/421 [00:00<00:02, 159.00it/s]
BP Epoch 20/100:   9%|â–‰         | 39/421 [00:00<00:01, 193.16it/s]
BP Epoch 20/100:  14%|â–ˆâ–        | 60/421 [00:00<00:01, 195.26it/s]
BP Epoch 20/100:  19%|â–ˆâ–‰        | 80/421 [00:00<00:01, 195.81it/s]
BP Epoch 20/100:  19%|â–ˆâ–‰        | 80/421 [00:00<00:01, 195.81it/s, acc=97.66%, loss=0.0562]
BP Epoch 20/100:  24%|â–ˆâ–ˆâ–       | 100/421 [00:00<00:01, 195.37it/s, acc=97.66%, loss=0.0562]
BP Epoch 20/100:  29%|â–ˆâ–ˆâ–‰       | 122/421 [00:00<00:01, 203.07it/s, acc=97.66%, loss=0.0562]
BP Epoch 20/100:  34%|â–ˆâ–ˆâ–ˆâ–      | 143/421 [00:00<00:01, 203.89it/s, acc=97.66%, loss=0.0562]
BP Epoch 20/100:  39%|â–ˆâ–ˆâ–ˆâ–‰      | 164/421 [00:00<00:01, 196.70it/s, acc=97.66%, loss=0.0562]
BP Epoch 20/100:  44%|â–ˆâ–ˆâ–ˆâ–ˆâ–     | 185/421 [00:00<00:01, 199.79it/s, acc=97.66%, loss=0.0562]
BP Epoch 20/100:  44%|â–ˆâ–ˆâ–ˆâ–ˆâ–     | 185/421 [00:01<00:01, 199.79it/s, acc=97.66%, loss=0.0482]
BP Epoch 20/100:  49%|â–ˆâ–ˆâ–ˆâ–ˆâ–‰     | 206/421 [00:01<00:01, 201.68it/s, acc=97.66%, loss=0.0482]
BP Epoch 20/100:  54%|â–ˆâ–ˆâ–ˆâ–ˆâ–ˆâ–    | 227/421 [00:01<00:00, 203.04it/s, acc=97.66%, loss=0.0482]
BP Epoch 20/100:  59%|â–ˆâ–ˆâ–ˆâ–ˆâ–ˆâ–‰    | 248/421 [00:01<00:00, 197.01it/s, acc=97.66%, loss=0.0482]
BP Epoch 20/100:  64%|â–ˆâ–ˆâ–ˆâ–ˆâ–ˆâ–ˆâ–Ž   | 268/421 [00:01<00:00, 197.52it/s, acc=97.66%, loss=0.0482]
BP Epoch 20/100:  68%|â–ˆâ–ˆâ–ˆâ–ˆâ–ˆâ–ˆâ–Š   | 288/421 [00:01<00:00, 191.61it/s, acc=97.66%, loss=0.0482]
BP Epoch 20/100:  68%|â–ˆâ–ˆâ–ˆâ–ˆâ–ˆâ–ˆâ–Š   | 288/421 [00:01<00:00, 191.61it/s, acc=100.00%, loss=0.0334]
BP Epoch 20/100:  74%|â–ˆâ–ˆâ–ˆâ–ˆâ–ˆâ–ˆâ–ˆâ–  | 311/421 [00:01<00:00, 202.16it/s, acc=100.00%, loss=0.0334]
BP Epoch 20/100:  79%|â–ˆâ–ˆâ–ˆâ–ˆâ–ˆâ–ˆâ–ˆâ–‰  | 332/421 [00:01<00:00, 195.80it/s, acc=100.00%, loss=0.0334]
BP Epoch 20/100:  84%|â–ˆâ–ˆâ–ˆâ–ˆâ–ˆâ–ˆâ–ˆâ–ˆâ– | 353/421 [00:01<00:00, 199.14it/s, acc=100.00%, loss=0.0334]
BP Epoch 20/100:  89%|â–ˆâ–ˆâ–ˆâ–ˆâ–ˆâ–ˆâ–ˆâ–ˆâ–‰ | 374/421 [00:01<00:00, 202.23it/s, acc=100.00%, loss=0.0334]
BP Epoch 20/100:  94%|â–ˆâ–ˆâ–ˆâ–ˆâ–ˆâ–ˆâ–ˆâ–ˆâ–ˆâ–| 396/421 [00:01<00:00, 199.75it/s, acc=100.00%, loss=0.0334]
BP Epoch 20/100:  94%|â–ˆâ–ˆâ–ˆâ–ˆâ–ˆâ–ˆâ–ˆâ–ˆâ–ˆâ–| 396/421 [00:02<00:00, 199.75it/s, acc=98.44%, loss=0.0514] 
BP Epoch 20/100:  99%|â–ˆâ–ˆâ–ˆâ–ˆâ–ˆâ–ˆâ–ˆâ–ˆâ–ˆâ–‰| 417/421 [00:02<00:00, 202.41it/s, acc=98.44%, loss=0.0514]
BP Epoch 20/100:  99%|â–ˆâ–ˆâ–ˆâ–ˆâ–ˆâ–ˆâ–ˆâ–ˆâ–ˆâ–‰| 417/421 [00:02<00:00, 202.41it/s, acc=96.88%, loss=0.0980]
                                                                                            

Evaluating BP Model:   0%|          | 0/24 [00:00<?, ?it/s]
Evaluating BP Model:  38%|â–ˆâ–ˆâ–ˆâ–Š      | 9/24 [00:00<00:00, 77.90it/s]
Evaluating BP Model:  88%|â–ˆâ–ˆâ–ˆâ–ˆâ–ˆâ–ˆâ–ˆâ–ˆâ–Š | 21/24 [00:00<00:00, 96.63it/s]
                                                                    

Evaluating BP Model:   0%|          | 0/40 [00:00<?, ?it/s]
Evaluating BP Model:   2%|â–Ž         | 1/40 [00:00<00:05,  7.67it/s]
Evaluating BP Model:  32%|â–ˆâ–ˆâ–ˆâ–Ž      | 13/40 [00:00<00:00, 65.31it/s]
Evaluating BP Model:  62%|â–ˆâ–ˆâ–ˆâ–ˆâ–ˆâ–ˆâ–Ž   | 25/40 [00:00<00:00, 85.29it/s]
Evaluating BP Model:  88%|â–ˆâ–ˆâ–ˆâ–ˆâ–ˆâ–ˆâ–ˆâ–ˆâ–Š | 35/40 [00:00<00:00, 83.95it/s]
                                                                    
[codecarbon INFO @ 04:15:07] Energy consumed for RAM : 0.000524 kWh. RAM Power : 38.0 W
[codecarbon INFO @ 04:15:08] Delta energy consumed for CPU with cpu_load : 0.000207 kWh, power : 146.05714285714285 W
[codecarbon INFO @ 04:15:08] Energy consumed for All CPU : 0.001992 kWh
[codecarbon INFO @ 04:15:08] Energy consumed for all GPUs : 0.000946 kWh. Total GPU Power : 66.44385853256934 W
[codecarbon INFO @ 04:15:08] 0.003462 kWh of electricity used since the beginning.
wandb: uploading history steps 106-120, summary, console lines 940-1092
wandb:                                                                                
wandb: 
wandb: Run history:
wandb:                  BP_Baseline/Epoch â–â–â–‚â–‚â–ƒâ–ƒâ–ƒâ–„â–„â–…â–…â–…â–†â–†â–†â–‡â–‡â–ˆâ–ˆ
wandb:     BP_Baseline/Epoch_Duration_Sec â–‡â–‡â–…â–…â–…â–ˆâ–„â–†â–ƒâ–‚â–‡â–‚â–…â–„â–†â–â–…â–ƒâ–ƒ
wandb: BP_Baseline/GPU_Mem_Used_MiB_Batch â–â–ˆâ–ˆâ–ˆâ–ˆâ–ˆâ–ˆâ–ˆâ–ˆâ–ˆâ–ˆâ–ˆâ–ˆâ–ˆâ–ˆâ–ˆâ–ˆâ–ˆâ–ˆâ–ˆâ–ˆâ–ˆâ–ˆâ–ˆâ–ˆâ–ˆâ–ˆâ–ˆâ–ˆâ–ˆâ–ˆâ–ˆâ–ˆâ–ˆâ–ˆâ–ˆâ–ˆâ–ˆâ–ˆâ–ˆ
wandb:          BP_Baseline/Learning_Rate â–â–â–â–â–â–â–â–â–â–â–â–â–â–â–â–â–â–â–
wandb: BP_Baseline/Peak_GPU_Mem_Epoch_MiB â–â–ˆâ–ˆâ–ˆâ–ˆâ–ˆâ–ˆâ–ˆâ–ˆâ–ˆâ–ˆâ–ˆâ–ˆâ–ˆâ–ˆâ–ˆâ–ˆâ–ˆâ–ˆ
wandb:        BP_Baseline/Train_Acc_Batch â–‚â–â–„â–„â–…â–…â–…â–†â–…â–…â–…â–†â–…â–…â–…â–…â–…â–…â–‡â–…â–‡â–†â–‡â–‡â–‡â–‡â–‡â–ˆâ–ˆâ–‡â–†â–†â–†â–†â–†â–‡â–‡â–ˆâ–‡â–ˆ
wandb:        BP_Baseline/Train_Acc_Epoch â–â–ƒâ–„â–„â–…â–…â–†â–†â–†â–†â–‡â–‡â–‡â–‡â–ˆâ–ˆâ–ˆâ–ˆâ–ˆ
wandb:       BP_Baseline/Train_Loss_Batch â–ˆâ–ˆâ–†â–†â–‡â–…â–†â–„â–„â–†â–ƒâ–ƒâ–„â–ƒâ–ƒâ–„â–ƒâ–„â–…â–‚â–ƒâ–‚â–„â–‚â–‚â–‚â–„â–‚â–‚â–â–â–‚â–ƒâ–‚â–â–â–‚â–â–â–‚
wandb:       BP_Baseline/Train_Loss_Epoch â–ˆâ–†â–…â–„â–„â–„â–ƒâ–ƒâ–ƒâ–‚â–‚â–‚â–‚â–‚â–â–â–â–â–
wandb:          BP_Baseline/Val_Acc_Epoch â–â–ƒâ–„â–†â–†â–†â–†â–†â–‡â–‡â–ˆâ–‡â–ˆâ–‡â–ˆâ–‡â–‡â–‡â–‡
wandb:         BP_Baseline/Val_Loss_Epoch â–ˆâ–…â–„â–ƒâ–‚â–â–‚â–‚â–â–â–‚â–‚â–‚â–‚â–ƒâ–…â–…â–…â–†
wandb:         estimated_bp_update_gflops â–
wandb:               estimated_fwd_gflops â–
wandb:                final/Test_Accuracy â–
wandb:                    final/Test_Loss â–
wandb:   final/codecarbon_emissions_gCO2e â–
wandb:   final/estimated_bp_update_gflops â–
wandb:         final/estimated_fwd_gflops â–
wandb:        final/peak_gpu_mem_used_mib â–
wandb:      final/total_gpu_energy_joules â–
wandb:          final/total_gpu_energy_wh â–
wandb:       final/total_run_duration_sec â–
wandb:        final/training_duration_sec â–
wandb:                        global_step â–â–â–â–â–â–â–â–‚â–‚â–‚â–‚â–ƒâ–ƒâ–ƒâ–ƒâ–ƒâ–ƒâ–„â–„â–„â–„â–„â–„â–…â–…â–…â–†â–†â–†â–†â–‡â–‡â–‡â–‡â–‡â–‡â–‡â–‡â–ˆâ–ˆ
wandb:           initial_gpu_mem_used_mib â–
wandb:             model_parameters_total â–
wandb:         model_parameters_trainable â–
wandb: 
wandb: Run summary:
wandb:                  BP_Baseline/Epoch 19
wandb:     BP_Baseline/Epoch_Duration_Sec 2.40482
wandb: BP_Baseline/GPU_Mem_Used_MiB_Batch 926
wandb:          BP_Baseline/Learning_Rate 0.00021
wandb: BP_Baseline/Peak_GPU_Mem_Epoch_MiB 926
wandb:        BP_Baseline/Train_Acc_Batch 96.875
wandb:        BP_Baseline/Train_Acc_Epoch 97.74161
wandb:       BP_Baseline/Train_Loss_Batch 0.09799
wandb:       BP_Baseline/Train_Loss_Epoch 0.06465
wandb:          BP_Baseline/Val_Acc_Epoch 89.85
wandb:         BP_Baseline/Val_Loss_Epoch 0.35336
wandb:             codecarbon_country_iso POL
wandb:                 codecarbon_enabled True
wandb:                    codecarbon_mode offline
wandb:         estimated_bp_update_gflops 0.01076
wandb:               estimated_fwd_gflops 0.00359
wandb:                final/Test_Accuracy 89.66
wandb:                    final/Test_Loss 0.38716
wandb:   final/codecarbon_emissions_gCO2e 2.2913
wandb:   final/estimated_bp_update_gflops 0.01076
wandb:         final/estimated_fwd_gflops 0.00359
wandb:        final/peak_gpu_mem_used_mib 926
wandb:      final/total_gpu_energy_joules 3293.62723
wandb:          final/total_gpu_energy_wh 0.9149
wandb:       final/total_run_duration_sec 52.79759
wandb:        final/training_duration_sec 49.26198
wandb:           initial_gpu_mem_used_mib 336.625
wandb:             model_parameters_total 1823850
wandb:         model_parameters_trainable 1823850
wandb: 
wandb: ðŸš€ View run bp_baseline_fashion_mnist_mlp_2x1000 at: https://wandb.ai/przspyra11/BeyondBackpropagation/runs/ie4v946o
wandb: â­ï¸ View project at: https://wandb.ai/przspyra11/BeyondBackpropagation
wandb: Synced 5 W&B file(s), 0 media file(s), 0 artifact file(s) and 0 other file(s)
wandb: Find logs at: ./wandb/run-20250508_041415-ie4v946o/logs
