 Python/3.10.4 unloaded.
 OpenSSL/1.1 unloaded.
 libffi/3.4.2 unloaded.
 GMP/6.2.1 unloaded.
 XZ/5.2.5 unloaded.
 SQLite/3.38.3 unloaded.
 Tcl/8.6.12 unloaded.
 libreadline/8.1.2 unloaded.
 ncurses/6.3 unloaded.
 zlib/1.2.12 unloaded.
 bzip2/1.0.8 unloaded.
 binutils/2.38 unloaded.
 binutils/2.38 loaded.
 bzip2/1.0.8 loaded.
 zlib/1.2.12 loaded.
 ncurses/6.3 loaded.
 libreadline/8.1.2 loaded.
 Tcl/8.6.12 loaded.
 SQLite/3.38.3 loaded.
 XZ/5.2.5 loaded.
 GMP/6.2.1 loaded.
 libffi/3.4.2 loaded.
 OpenSSL/1.1 loaded.
 Python/3.10.4 loaded.
 CUDA/12.4.0 loaded.

Currently Loaded Modules:
  1) binutils/2.38   5) libreadline/8.1.2   9) GMP/6.2.1      13) CUDA/12.4.0
  2) bzip2/1.0.8     6) Tcl/8.6.12         10) libffi/3.4.2
  3) zlib/1.2.12     7) SQLite/3.38.3      11) OpenSSL/1.1
  4) ncurses/6.3     8) XZ/5.2.5           12) Python/3.10.4

 

2025-05-05 05:37:57,652 - src.utils.config_parser - INFO - Successfully merged configuration from configs/bp_baselines/fashion_mnist_mlp_2x1000_bp.yaml and configs/base.yaml
wandb: Using wandb-core as the SDK backend.  Please refer to https://wandb.me/wandb-core for more information.
wandb: Currently logged in as: przspyra11 (agh_racing) to https://api.wandb.ai. Use `wandb login --relogin` to force relogin
wandb: Tracking run with wandb version 0.19.8
wandb: Run data is saved locally in /net/tscratch/people/plgspyra/BeyondBackpropagation/wandb/run-20250505_053758-phwjaujz
wandb: Run `wandb offline` to turn off syncing.
wandb: Syncing run bp_baseline_fashion_mnist_mlp_2x1000
wandb: â­ï¸ View project at https://wandb.ai/przspyra11/BeyondBackpropagation
wandb: ðŸš€ View run at https://wandb.ai/przspyra11/BeyondBackpropagation/runs/phwjaujz
[codecarbon INFO @ 05:37:58] offline tracker init
[codecarbon INFO @ 05:37:58] [setup] RAM Tracking...
[codecarbon INFO @ 05:37:58] [setup] CPU Tracking...
 Linux OS detected: Please ensure RAPL files exist at /sys/class/powercap/intel-rapl/subsystem to measure CPU

[codecarbon INFO @ 05:37:59] CPU Model on constant consumption mode: AMD EPYC 7742 64-Core Processor
[codecarbon INFO @ 05:37:59] [setup] GPU Tracking...
[codecarbon INFO @ 05:37:59] Tracking Nvidia GPU via pynvml
[codecarbon INFO @ 05:37:59] The below tracking methods have been set up:
                RAM Tracking Method: RAM power estimation model
                CPU Tracking Method: cpu_load
                GPU Tracking Method: pynvml
            
[codecarbon INFO @ 05:37:59] >>> Tracker's metadata:
[codecarbon INFO @ 05:37:59]   Platform system: Linux-5.14.0-503.26.1.el9_5.x86_64-x86_64-with-glibc2.34
[codecarbon INFO @ 05:37:59]   Python version: 3.10.4
[codecarbon INFO @ 05:37:59]   CodeCarbon version: 3.0.1
[codecarbon INFO @ 05:37:59]   Available RAM : 125.000 GB
[codecarbon INFO @ 05:37:59]   CPU count: 16 thread(s) in 2 physical CPU(s)
[codecarbon INFO @ 05:37:59]   CPU model: AMD EPYC 7742 64-Core Processor
[codecarbon INFO @ 05:37:59]   GPU count: 1
[codecarbon INFO @ 05:37:59]   GPU model: 1 x NVIDIA A100-SXM4-40GB BUT only tracking these GPU ids : [0]
[codecarbon INFO @ 05:37:59] Emissions data (if any) will be saved to file /net/tscratch/people/plgspyra/BeyondBackpropagation/results/carbon/bp_baseline_fashion_mnist_mlp_2x1000_carbon.csv

BP Epoch 1/100:   0%|          | 0/421 [00:00<?, ?it/s]
BP Epoch 1/100:   0%|          | 1/421 [00:00<00:51,  8.13it/s]
BP Epoch 1/100:   6%|â–Œ         | 26/421 [00:00<00:02, 134.12it/s]
BP Epoch 1/100:  12%|â–ˆâ–        | 49/421 [00:00<00:02, 174.77it/s]
BP Epoch 1/100:  17%|â–ˆâ–‹        | 70/421 [00:00<00:01, 180.55it/s]
BP Epoch 1/100:  22%|â–ˆâ–ˆâ–       | 93/421 [00:00<00:01, 196.92it/s]
BP Epoch 1/100:  22%|â–ˆâ–ˆâ–       | 93/421 [00:00<00:01, 196.92it/s, acc=84.38%, loss=0.4300]
BP Epoch 1/100:  27%|â–ˆâ–ˆâ–‹       | 114/421 [00:00<00:01, 194.91it/s, acc=84.38%, loss=0.4300]
BP Epoch 1/100:  32%|â–ˆâ–ˆâ–ˆâ–      | 136/421 [00:00<00:01, 202.36it/s, acc=84.38%, loss=0.4300]
BP Epoch 1/100:  38%|â–ˆâ–ˆâ–ˆâ–Š      | 158/421 [00:00<00:01, 200.81it/s, acc=84.38%, loss=0.4300]
BP Epoch 1/100:  43%|â–ˆâ–ˆâ–ˆâ–ˆâ–Ž     | 181/421 [00:00<00:01, 208.44it/s, acc=84.38%, loss=0.4300]
BP Epoch 1/100:  43%|â–ˆâ–ˆâ–ˆâ–ˆâ–Ž     | 181/421 [00:01<00:01, 208.44it/s, acc=81.25%, loss=0.5186]
BP Epoch 1/100:  48%|â–ˆâ–ˆâ–ˆâ–ˆâ–Š     | 202/421 [00:01<00:01, 202.34it/s, acc=81.25%, loss=0.5186]
BP Epoch 1/100:  53%|â–ˆâ–ˆâ–ˆâ–ˆâ–ˆâ–Ž    | 224/421 [00:01<00:00, 207.19it/s, acc=81.25%, loss=0.5186]
BP Epoch 1/100:  58%|â–ˆâ–ˆâ–ˆâ–ˆâ–ˆâ–Š    | 246/421 [00:01<00:00, 203.40it/s, acc=81.25%, loss=0.5186]
BP Epoch 1/100:  64%|â–ˆâ–ˆâ–ˆâ–ˆâ–ˆâ–ˆâ–Ž   | 268/421 [00:01<00:00, 207.86it/s, acc=81.25%, loss=0.5186]
BP Epoch 1/100:  69%|â–ˆâ–ˆâ–ˆâ–ˆâ–ˆâ–ˆâ–‰   | 290/421 [00:01<00:00, 204.56it/s, acc=81.25%, loss=0.5186]
BP Epoch 1/100:  69%|â–ˆâ–ˆâ–ˆâ–ˆâ–ˆâ–ˆâ–‰   | 290/421 [00:01<00:00, 204.56it/s, acc=88.28%, loss=0.3957]
BP Epoch 1/100:  74%|â–ˆâ–ˆâ–ˆâ–ˆâ–ˆâ–ˆâ–ˆâ–  | 312/421 [00:01<00:00, 208.71it/s, acc=88.28%, loss=0.3957]
BP Epoch 1/100:  79%|â–ˆâ–ˆâ–ˆâ–ˆâ–ˆâ–ˆâ–ˆâ–‰  | 334/421 [00:01<00:00, 205.24it/s, acc=88.28%, loss=0.3957]
BP Epoch 1/100:  85%|â–ˆâ–ˆâ–ˆâ–ˆâ–ˆâ–ˆâ–ˆâ–ˆâ– | 356/421 [00:01<00:00, 209.42it/s, acc=88.28%, loss=0.3957]
BP Epoch 1/100:  90%|â–ˆâ–ˆâ–ˆâ–ˆâ–ˆâ–ˆâ–ˆâ–ˆâ–‰ | 378/421 [00:01<00:00, 205.21it/s, acc=88.28%, loss=0.3957]
BP Epoch 1/100:  90%|â–ˆâ–ˆâ–ˆâ–ˆâ–ˆâ–ˆâ–ˆâ–ˆâ–‰ | 378/421 [00:02<00:00, 205.21it/s, acc=80.47%, loss=0.5309]
BP Epoch 1/100:  95%|â–ˆâ–ˆâ–ˆâ–ˆâ–ˆâ–ˆâ–ˆâ–ˆâ–ˆâ–Œ| 400/421 [00:02<00:00, 206.53it/s, acc=80.47%, loss=0.5309]
BP Epoch 1/100:  95%|â–ˆâ–ˆâ–ˆâ–ˆâ–ˆâ–ˆâ–ˆâ–ˆâ–ˆâ–Œ| 400/421 [00:02<00:00, 206.53it/s, acc=88.28%, loss=0.3008]
BP Epoch 1/100: 100%|â–ˆâ–ˆâ–ˆâ–ˆâ–ˆâ–ˆâ–ˆâ–ˆâ–ˆâ–ˆ| 421/421 [00:02<00:00, 203.60it/s, acc=88.28%, loss=0.3008]
                                                                                           

Evaluating BP Model:   0%|          | 0/24 [00:00<?, ?it/s]
Evaluating BP Model:   4%|â–         | 1/24 [00:00<00:02,  8.40it/s]
Evaluating BP Model:  54%|â–ˆâ–ˆâ–ˆâ–ˆâ–ˆâ–    | 13/24 [00:00<00:00, 66.06it/s]
                                                                    

BP Epoch 2/100:   0%|          | 0/421 [00:00<?, ?it/s]
BP Epoch 2/100:   4%|â–         | 16/421 [00:00<00:02, 159.19it/s]
BP Epoch 2/100:   9%|â–‰         | 37/421 [00:00<00:02, 181.95it/s]
BP Epoch 2/100:  14%|â–ˆâ–        | 58/421 [00:00<00:01, 193.06it/s]
BP Epoch 2/100:  19%|â–ˆâ–‰        | 81/421 [00:00<00:01, 203.07it/s]
BP Epoch 2/100:  19%|â–ˆâ–‰        | 81/421 [00:00<00:01, 203.07it/s, acc=85.16%, loss=0.3712]
BP Epoch 2/100:  24%|â–ˆâ–ˆâ–       | 102/421 [00:00<00:01, 201.32it/s, acc=85.16%, loss=0.3712]
BP Epoch 2/100:  29%|â–ˆâ–ˆâ–‰       | 124/421 [00:00<00:01, 206.55it/s, acc=85.16%, loss=0.3712]
BP Epoch 2/100:  35%|â–ˆâ–ˆâ–ˆâ–      | 146/421 [00:00<00:01, 203.86it/s, acc=85.16%, loss=0.3712]
BP Epoch 2/100:  40%|â–ˆâ–ˆâ–ˆâ–‰      | 168/421 [00:00<00:01, 207.39it/s, acc=85.16%, loss=0.3712]
BP Epoch 2/100:  45%|â–ˆâ–ˆâ–ˆâ–ˆâ–Œ     | 190/421 [00:00<00:01, 204.73it/s, acc=85.16%, loss=0.3712]
BP Epoch 2/100:  45%|â–ˆâ–ˆâ–ˆâ–ˆâ–Œ     | 190/421 [00:00<00:01, 204.73it/s, acc=90.62%, loss=0.3003]
BP Epoch 2/100:  50%|â–ˆâ–ˆâ–ˆâ–ˆâ–ˆ     | 212/421 [00:01<00:01, 207.15it/s, acc=90.62%, loss=0.3003]
BP Epoch 2/100:  56%|â–ˆâ–ˆâ–ˆâ–ˆâ–ˆâ–Œ    | 234/421 [00:01<00:00, 204.67it/s, acc=90.62%, loss=0.3003]
BP Epoch 2/100:  61%|â–ˆâ–ˆâ–ˆâ–ˆâ–ˆâ–ˆ    | 256/421 [00:01<00:00, 206.47it/s, acc=90.62%, loss=0.3003]
BP Epoch 2/100:  66%|â–ˆâ–ˆâ–ˆâ–ˆâ–ˆâ–ˆâ–Œ   | 278/421 [00:01<00:00, 205.21it/s, acc=90.62%, loss=0.3003]
BP Epoch 2/100:  66%|â–ˆâ–ˆâ–ˆâ–ˆâ–ˆâ–ˆâ–Œ   | 278/421 [00:01<00:00, 205.21it/s, acc=91.41%, loss=0.2811]
BP Epoch 2/100:  71%|â–ˆâ–ˆâ–ˆâ–ˆâ–ˆâ–ˆâ–ˆâ–  | 300/421 [00:01<00:00, 206.27it/s, acc=91.41%, loss=0.2811]
BP Epoch 2/100:  76%|â–ˆâ–ˆâ–ˆâ–ˆâ–ˆâ–ˆâ–ˆâ–‹  | 322/421 [00:01<00:00, 205.91it/s, acc=91.41%, loss=0.2811]
BP Epoch 2/100:  82%|â–ˆâ–ˆâ–ˆâ–ˆâ–ˆâ–ˆâ–ˆâ–ˆâ– | 344/421 [00:01<00:00, 207.12it/s, acc=91.41%, loss=0.2811]
BP Epoch 2/100:  87%|â–ˆâ–ˆâ–ˆâ–ˆâ–ˆâ–ˆâ–ˆâ–ˆâ–‹ | 366/421 [00:01<00:00, 205.89it/s, acc=91.41%, loss=0.2811]
BP Epoch 2/100:  92%|â–ˆâ–ˆâ–ˆâ–ˆâ–ˆâ–ˆâ–ˆâ–ˆâ–ˆâ–| 388/421 [00:01<00:00, 206.65it/s, acc=91.41%, loss=0.2811]
BP Epoch 2/100:  92%|â–ˆâ–ˆâ–ˆâ–ˆâ–ˆâ–ˆâ–ˆâ–ˆâ–ˆâ–| 388/421 [00:01<00:00, 206.65it/s, acc=89.84%, loss=0.2948]
BP Epoch 2/100:  97%|â–ˆâ–ˆâ–ˆâ–ˆâ–ˆâ–ˆâ–ˆâ–ˆâ–ˆâ–‹| 410/421 [00:02<00:00, 206.31it/s, acc=89.84%, loss=0.2948]
BP Epoch 2/100:  97%|â–ˆâ–ˆâ–ˆâ–ˆâ–ˆâ–ˆâ–ˆâ–ˆâ–ˆâ–‹| 410/421 [00:02<00:00, 206.31it/s, acc=89.06%, loss=0.2605]
                                                                                           

Evaluating BP Model:   0%|          | 0/24 [00:00<?, ?it/s]
Evaluating BP Model:  38%|â–ˆâ–ˆâ–ˆâ–Š      | 9/24 [00:00<00:00, 76.91it/s]
Evaluating BP Model:  88%|â–ˆâ–ˆâ–ˆâ–ˆâ–ˆâ–ˆâ–ˆâ–ˆâ–Š | 21/24 [00:00<00:00, 94.47it/s]
                                                                    

BP Epoch 3/100:   0%|          | 0/421 [00:00<?, ?it/s]
BP Epoch 3/100:   4%|â–         | 17/421 [00:00<00:02, 159.97it/s]
BP Epoch 3/100:   9%|â–‰         | 38/421 [00:00<00:02, 184.72it/s]
BP Epoch 3/100:  14%|â–ˆâ–        | 61/421 [00:00<00:01, 199.48it/s]
BP Epoch 3/100:  19%|â–ˆâ–‰        | 82/421 [00:00<00:01, 199.45it/s]
BP Epoch 3/100:  19%|â–ˆâ–‰        | 82/421 [00:00<00:01, 199.45it/s, acc=89.06%, loss=0.3165]
BP Epoch 3/100:  25%|â–ˆâ–ˆâ–       | 104/421 [00:00<00:01, 206.60it/s, acc=89.06%, loss=0.3165]
BP Epoch 3/100:  30%|â–ˆâ–ˆâ–‰       | 126/421 [00:00<00:01, 202.22it/s, acc=89.06%, loss=0.3165]
BP Epoch 3/100:  35%|â–ˆâ–ˆâ–ˆâ–Œ      | 148/421 [00:00<00:01, 207.77it/s, acc=89.06%, loss=0.3165]
BP Epoch 3/100:  40%|â–ˆâ–ˆâ–ˆâ–ˆ      | 170/421 [00:00<00:01, 203.48it/s, acc=89.06%, loss=0.3165]
BP Epoch 3/100:  46%|â–ˆâ–ˆâ–ˆâ–ˆâ–Œ     | 192/421 [00:00<00:01, 208.34it/s, acc=89.06%, loss=0.3165]
BP Epoch 3/100:  46%|â–ˆâ–ˆâ–ˆâ–ˆâ–Œ     | 192/421 [00:00<00:01, 208.34it/s, acc=82.03%, loss=0.5480]
BP Epoch 3/100:  51%|â–ˆâ–ˆâ–ˆâ–ˆâ–ˆ     | 214/421 [00:01<00:01, 203.78it/s, acc=82.03%, loss=0.5480]
BP Epoch 3/100:  56%|â–ˆâ–ˆâ–ˆâ–ˆâ–ˆâ–‹    | 237/421 [00:01<00:00, 210.66it/s, acc=82.03%, loss=0.5480]
BP Epoch 3/100:  62%|â–ˆâ–ˆâ–ˆâ–ˆâ–ˆâ–ˆâ–   | 259/421 [00:01<00:00, 205.19it/s, acc=82.03%, loss=0.5480]
BP Epoch 3/100:  67%|â–ˆâ–ˆâ–ˆâ–ˆâ–ˆâ–ˆâ–‹   | 281/421 [00:01<00:00, 209.42it/s, acc=82.03%, loss=0.5480]
BP Epoch 3/100:  67%|â–ˆâ–ˆâ–ˆâ–ˆâ–ˆâ–ˆâ–‹   | 281/421 [00:01<00:00, 209.42it/s, acc=90.62%, loss=0.2471]
BP Epoch 3/100:  72%|â–ˆâ–ˆâ–ˆâ–ˆâ–ˆâ–ˆâ–ˆâ–  | 303/421 [00:01<00:00, 205.64it/s, acc=90.62%, loss=0.2471]
BP Epoch 3/100:  77%|â–ˆâ–ˆâ–ˆâ–ˆâ–ˆâ–ˆâ–ˆâ–‹  | 325/421 [00:01<00:00, 209.73it/s, acc=90.62%, loss=0.2471]
BP Epoch 3/100:  82%|â–ˆâ–ˆâ–ˆâ–ˆâ–ˆâ–ˆâ–ˆâ–ˆâ– | 347/421 [00:01<00:00, 205.49it/s, acc=90.62%, loss=0.2471]
BP Epoch 3/100:  88%|â–ˆâ–ˆâ–ˆâ–ˆâ–ˆâ–ˆâ–ˆâ–ˆâ–Š | 370/421 [00:01<00:00, 204.20it/s, acc=90.62%, loss=0.2471]
BP Epoch 3/100:  93%|â–ˆâ–ˆâ–ˆâ–ˆâ–ˆâ–ˆâ–ˆâ–ˆâ–ˆâ–Ž| 393/421 [00:01<00:00, 210.61it/s, acc=90.62%, loss=0.2471]
BP Epoch 3/100:  93%|â–ˆâ–ˆâ–ˆâ–ˆâ–ˆâ–ˆâ–ˆâ–ˆâ–ˆâ–Ž| 393/421 [00:01<00:00, 210.61it/s, acc=83.59%, loss=0.4289]
BP Epoch 3/100:  99%|â–ˆâ–ˆâ–ˆâ–ˆâ–ˆâ–ˆâ–ˆâ–ˆâ–ˆâ–Š| 415/421 [00:02<00:00, 200.25it/s, acc=83.59%, loss=0.4289]
BP Epoch 3/100:  99%|â–ˆâ–ˆâ–ˆâ–ˆâ–ˆâ–ˆâ–ˆâ–ˆâ–ˆâ–Š| 415/421 [00:02<00:00, 200.25it/s, acc=94.53%, loss=0.1896]
                                                                                           

Evaluating BP Model:   0%|          | 0/24 [00:00<?, ?it/s]
Evaluating BP Model:  38%|â–ˆâ–ˆâ–ˆâ–Š      | 9/24 [00:00<00:00, 77.46it/s]
Evaluating BP Model:  88%|â–ˆâ–ˆâ–ˆâ–ˆâ–ˆâ–ˆâ–ˆâ–ˆâ–Š | 21/24 [00:00<00:00, 95.57it/s]
                                                                    

BP Epoch 4/100:   0%|          | 0/421 [00:00<?, ?it/s]
BP Epoch 4/100:   4%|â–         | 17/421 [00:00<00:02, 158.14it/s]
BP Epoch 4/100:   9%|â–‰         | 39/421 [00:00<00:01, 192.48it/s]
BP Epoch 4/100:  14%|â–ˆâ–        | 61/421 [00:00<00:01, 197.07it/s]
BP Epoch 4/100:  19%|â–ˆâ–‰        | 82/421 [00:00<00:01, 201.87it/s]
BP Epoch 4/100:  19%|â–ˆâ–‰        | 82/421 [00:00<00:01, 201.87it/s, acc=90.62%, loss=0.3270]
BP Epoch 4/100:  25%|â–ˆâ–ˆâ–       | 104/421 [00:00<00:01, 207.44it/s, acc=90.62%, loss=0.3270]
BP Epoch 4/100:  30%|â–ˆâ–ˆâ–‰       | 125/421 [00:00<00:01, 206.20it/s, acc=90.62%, loss=0.3270]
BP Epoch 4/100:  35%|â–ˆâ–ˆâ–ˆâ–      | 146/421 [00:00<00:01, 204.96it/s, acc=90.62%, loss=0.3270]
BP Epoch 4/100:  40%|â–ˆâ–ˆâ–ˆâ–‰      | 167/421 [00:00<00:01, 206.32it/s, acc=90.62%, loss=0.3270]
BP Epoch 4/100:  45%|â–ˆâ–ˆâ–ˆâ–ˆâ–     | 189/421 [00:00<00:01, 209.63it/s, acc=90.62%, loss=0.3270]
BP Epoch 4/100:  45%|â–ˆâ–ˆâ–ˆâ–ˆâ–     | 189/421 [00:00<00:01, 209.63it/s, acc=92.97%, loss=0.2212]
BP Epoch 4/100:  50%|â–ˆâ–ˆâ–ˆâ–ˆâ–‰     | 210/421 [00:01<00:01, 205.78it/s, acc=92.97%, loss=0.2212]
BP Epoch 4/100:  55%|â–ˆâ–ˆâ–ˆâ–ˆâ–ˆâ–    | 231/421 [00:01<00:00, 205.95it/s, acc=92.97%, loss=0.2212]
BP Epoch 4/100:  60%|â–ˆâ–ˆâ–ˆâ–ˆâ–ˆâ–ˆ    | 253/421 [00:01<00:00, 209.89it/s, acc=92.97%, loss=0.2212]
BP Epoch 4/100:  65%|â–ˆâ–ˆâ–ˆâ–ˆâ–ˆâ–ˆâ–Œ   | 275/421 [00:01<00:00, 205.22it/s, acc=92.97%, loss=0.2212]
BP Epoch 4/100:  71%|â–ˆâ–ˆâ–ˆâ–ˆâ–ˆâ–ˆâ–ˆ   | 297/421 [00:01<00:00, 209.33it/s, acc=92.97%, loss=0.2212]
BP Epoch 4/100:  71%|â–ˆâ–ˆâ–ˆâ–ˆâ–ˆâ–ˆâ–ˆ   | 297/421 [00:01<00:00, 209.33it/s, acc=91.41%, loss=0.2215]
BP Epoch 4/100:  76%|â–ˆâ–ˆâ–ˆâ–ˆâ–ˆâ–ˆâ–ˆâ–Œ  | 318/421 [00:01<00:00, 206.57it/s, acc=91.41%, loss=0.2215]
BP Epoch 4/100:  81%|â–ˆâ–ˆâ–ˆâ–ˆâ–ˆâ–ˆâ–ˆâ–ˆ  | 339/421 [00:01<00:00, 205.76it/s, acc=91.41%, loss=0.2215]
BP Epoch 4/100:  86%|â–ˆâ–ˆâ–ˆâ–ˆâ–ˆâ–ˆâ–ˆâ–ˆâ–Œ | 360/421 [00:01<00:00, 206.97it/s, acc=91.41%, loss=0.2215]
BP Epoch 4/100:  91%|â–ˆâ–ˆâ–ˆâ–ˆâ–ˆâ–ˆâ–ˆâ–ˆâ–ˆ | 382/421 [00:01<00:00, 207.94it/s, acc=91.41%, loss=0.2215]
BP Epoch 4/100:  91%|â–ˆâ–ˆâ–ˆâ–ˆâ–ˆâ–ˆâ–ˆâ–ˆâ–ˆ | 382/421 [00:01<00:00, 207.94it/s, acc=89.06%, loss=0.3174]
BP Epoch 4/100:  96%|â–ˆâ–ˆâ–ˆâ–ˆâ–ˆâ–ˆâ–ˆâ–ˆâ–ˆâ–Œ| 403/421 [00:01<00:00, 206.25it/s, acc=89.06%, loss=0.3174]
BP Epoch 4/100:  96%|â–ˆâ–ˆâ–ˆâ–ˆâ–ˆâ–ˆâ–ˆâ–ˆâ–ˆâ–Œ| 403/421 [00:02<00:00, 206.25it/s, acc=92.19%, loss=0.1831]
                                                                                           

Evaluating BP Model:   0%|          | 0/24 [00:00<?, ?it/s]
Evaluating BP Model:  38%|â–ˆâ–ˆâ–ˆâ–Š      | 9/24 [00:00<00:00, 75.21it/s]
Evaluating BP Model:  88%|â–ˆâ–ˆâ–ˆâ–ˆâ–ˆâ–ˆâ–ˆâ–ˆâ–Š | 21/24 [00:00<00:00, 93.18it/s]
                                                                    

BP Epoch 5/100:   0%|          | 0/421 [00:00<?, ?it/s]
BP Epoch 5/100:   4%|â–         | 17/421 [00:00<00:02, 155.42it/s]
BP Epoch 5/100:   9%|â–‰         | 39/421 [00:00<00:01, 191.49it/s]
BP Epoch 5/100:  14%|â–ˆâ–        | 61/421 [00:00<00:01, 193.52it/s]
BP Epoch 5/100:  20%|â–ˆâ–‰        | 83/421 [00:00<00:01, 203.33it/s]
BP Epoch 5/100:  20%|â–ˆâ–‰        | 83/421 [00:00<00:01, 203.33it/s, acc=92.19%, loss=0.2446]
BP Epoch 5/100:  25%|â–ˆâ–ˆâ–       | 105/421 [00:00<00:01, 200.19it/s, acc=92.19%, loss=0.2446]
BP Epoch 5/100:  30%|â–ˆâ–ˆâ–ˆ       | 127/421 [00:00<00:01, 206.55it/s, acc=92.19%, loss=0.2446]
BP Epoch 5/100:  35%|â–ˆâ–ˆâ–ˆâ–Œ      | 149/421 [00:00<00:01, 203.62it/s, acc=92.19%, loss=0.2446]
BP Epoch 5/100:  40%|â–ˆâ–ˆâ–ˆâ–ˆ      | 170/421 [00:00<00:01, 205.39it/s, acc=92.19%, loss=0.2446]
BP Epoch 5/100:  46%|â–ˆâ–ˆâ–ˆâ–ˆâ–Œ     | 192/421 [00:00<00:01, 209.69it/s, acc=92.19%, loss=0.2446]
BP Epoch 5/100:  46%|â–ˆâ–ˆâ–ˆâ–ˆâ–Œ     | 192/421 [00:00<00:01, 209.69it/s, acc=92.97%, loss=0.1598]
BP Epoch 5/100:  51%|â–ˆâ–ˆâ–ˆâ–ˆâ–ˆ     | 214/421 [00:01<00:01, 204.68it/s, acc=92.97%, loss=0.1598]
BP Epoch 5/100:  56%|â–ˆâ–ˆâ–ˆâ–ˆâ–ˆâ–Œ    | 236/421 [00:01<00:00, 209.16it/s, acc=92.97%, loss=0.1598]
BP Epoch 5/100:  61%|â–ˆâ–ˆâ–ˆâ–ˆâ–ˆâ–ˆ    | 257/421 [00:01<00:00, 204.21it/s, acc=92.97%, loss=0.1598]
BP Epoch 5/100:  66%|â–ˆâ–ˆâ–ˆâ–ˆâ–ˆâ–ˆâ–Œ   | 278/421 [00:01<00:00, 204.70it/s, acc=92.97%, loss=0.1598]
BP Epoch 5/100:  66%|â–ˆâ–ˆâ–ˆâ–ˆâ–ˆâ–ˆâ–Œ   | 278/421 [00:01<00:00, 204.70it/s, acc=91.41%, loss=0.2594]
BP Epoch 5/100:  71%|â–ˆâ–ˆâ–ˆâ–ˆâ–ˆâ–ˆâ–ˆâ–  | 300/421 [00:01<00:00, 208.11it/s, acc=91.41%, loss=0.2594]
BP Epoch 5/100:  76%|â–ˆâ–ˆâ–ˆâ–ˆâ–ˆâ–ˆâ–ˆâ–Œ  | 321/421 [00:01<00:00, 205.50it/s, acc=91.41%, loss=0.2594]
BP Epoch 5/100:  81%|â–ˆâ–ˆâ–ˆâ–ˆâ–ˆâ–ˆâ–ˆâ–ˆ  | 342/421 [00:01<00:00, 205.00it/s, acc=91.41%, loss=0.2594]
BP Epoch 5/100:  86%|â–ˆâ–ˆâ–ˆâ–ˆâ–ˆâ–ˆâ–ˆâ–ˆâ–‹ | 364/421 [00:01<00:00, 209.10it/s, acc=91.41%, loss=0.2594]
BP Epoch 5/100:  91%|â–ˆâ–ˆâ–ˆâ–ˆâ–ˆâ–ˆâ–ˆâ–ˆâ–ˆâ–| 385/421 [00:01<00:00, 205.73it/s, acc=91.41%, loss=0.2594]
BP Epoch 5/100:  91%|â–ˆâ–ˆâ–ˆâ–ˆâ–ˆâ–ˆâ–ˆâ–ˆâ–ˆâ–| 385/421 [00:01<00:00, 205.73it/s, acc=89.84%, loss=0.3145]
BP Epoch 5/100:  96%|â–ˆâ–ˆâ–ˆâ–ˆâ–ˆâ–ˆâ–ˆâ–ˆâ–ˆâ–‹| 406/421 [00:01<00:00, 204.69it/s, acc=89.84%, loss=0.3145]
BP Epoch 5/100:  96%|â–ˆâ–ˆâ–ˆâ–ˆâ–ˆâ–ˆâ–ˆâ–ˆâ–ˆâ–‹| 406/421 [00:02<00:00, 204.69it/s, acc=90.62%, loss=0.2162]
                                                                                           

Evaluating BP Model:   0%|          | 0/24 [00:00<?, ?it/s]
Evaluating BP Model:  38%|â–ˆâ–ˆâ–ˆâ–Š      | 9/24 [00:00<00:00, 74.22it/s]
Evaluating BP Model:  88%|â–ˆâ–ˆâ–ˆâ–ˆâ–ˆâ–ˆâ–ˆâ–ˆâ–Š | 21/24 [00:00<00:00, 94.88it/s]
                                                                    

BP Epoch 6/100:   0%|          | 0/421 [00:00<?, ?it/s]
BP Epoch 6/100:   4%|â–         | 17/421 [00:00<00:02, 156.15it/s]
BP Epoch 6/100:   9%|â–‰         | 39/421 [00:00<00:01, 191.89it/s]
BP Epoch 6/100:  14%|â–ˆâ–        | 61/421 [00:00<00:01, 194.88it/s]
BP Epoch 6/100:  20%|â–ˆâ–‰        | 83/421 [00:00<00:01, 203.76it/s]
BP Epoch 6/100:  20%|â–ˆâ–‰        | 83/421 [00:00<00:01, 203.76it/s, acc=92.19%, loss=0.2127]
BP Epoch 6/100:  25%|â–ˆâ–ˆâ–       | 105/421 [00:00<00:01, 201.66it/s, acc=92.19%, loss=0.2127]
BP Epoch 6/100:  30%|â–ˆâ–ˆâ–ˆ       | 127/421 [00:00<00:01, 206.80it/s, acc=92.19%, loss=0.2127]
BP Epoch 6/100:  35%|â–ˆâ–ˆâ–ˆâ–Œ      | 149/421 [00:00<00:01, 204.13it/s, acc=92.19%, loss=0.2127]
BP Epoch 6/100:  40%|â–ˆâ–ˆâ–ˆâ–ˆ      | 170/421 [00:00<00:01, 204.99it/s, acc=92.19%, loss=0.2127]
BP Epoch 6/100:  46%|â–ˆâ–ˆâ–ˆâ–ˆâ–Œ     | 193/421 [00:00<00:01, 205.90it/s, acc=92.19%, loss=0.2127]
BP Epoch 6/100:  46%|â–ˆâ–ˆâ–ˆâ–ˆâ–Œ     | 193/421 [00:00<00:01, 205.90it/s, acc=94.53%, loss=0.1394]
BP Epoch 6/100:  51%|â–ˆâ–ˆâ–ˆâ–ˆâ–ˆ     | 214/421 [00:01<00:01, 205.14it/s, acc=94.53%, loss=0.1394]
BP Epoch 6/100:  56%|â–ˆâ–ˆâ–ˆâ–ˆâ–ˆâ–Œ    | 236/421 [00:01<00:00, 209.32it/s, acc=94.53%, loss=0.1394]
BP Epoch 6/100:  61%|â–ˆâ–ˆâ–ˆâ–ˆâ–ˆâ–ˆ    | 257/421 [00:01<00:00, 206.86it/s, acc=94.53%, loss=0.1394]
BP Epoch 6/100:  66%|â–ˆâ–ˆâ–ˆâ–ˆâ–ˆâ–ˆâ–Œ   | 278/421 [00:01<00:00, 203.89it/s, acc=94.53%, loss=0.1394]
BP Epoch 6/100:  66%|â–ˆâ–ˆâ–ˆâ–ˆâ–ˆâ–ˆâ–Œ   | 278/421 [00:01<00:00, 203.89it/s, acc=91.41%, loss=0.2662]
BP Epoch 6/100:  71%|â–ˆâ–ˆâ–ˆâ–ˆâ–ˆâ–ˆâ–ˆâ–  | 300/421 [00:01<00:00, 207.23it/s, acc=91.41%, loss=0.2662]
BP Epoch 6/100:  76%|â–ˆâ–ˆâ–ˆâ–ˆâ–ˆâ–ˆâ–ˆâ–‹  | 322/421 [00:01<00:00, 204.09it/s, acc=91.41%, loss=0.2662]
BP Epoch 6/100:  82%|â–ˆâ–ˆâ–ˆâ–ˆâ–ˆâ–ˆâ–ˆâ–ˆâ– | 344/421 [00:01<00:00, 208.22it/s, acc=91.41%, loss=0.2662]
BP Epoch 6/100:  87%|â–ˆâ–ˆâ–ˆâ–ˆâ–ˆâ–ˆâ–ˆâ–ˆâ–‹ | 366/421 [00:01<00:00, 203.81it/s, acc=91.41%, loss=0.2662]
BP Epoch 6/100:  92%|â–ˆâ–ˆâ–ˆâ–ˆâ–ˆâ–ˆâ–ˆâ–ˆâ–ˆâ–| 388/421 [00:01<00:00, 208.13it/s, acc=91.41%, loss=0.2662]
BP Epoch 6/100:  92%|â–ˆâ–ˆâ–ˆâ–ˆâ–ˆâ–ˆâ–ˆâ–ˆâ–ˆâ–| 388/421 [00:01<00:00, 208.13it/s, acc=89.06%, loss=0.2375]
BP Epoch 6/100:  97%|â–ˆâ–ˆâ–ˆâ–ˆâ–ˆâ–ˆâ–ˆâ–ˆâ–ˆâ–‹| 410/421 [00:02<00:00, 204.09it/s, acc=89.06%, loss=0.2375]
BP Epoch 6/100:  97%|â–ˆâ–ˆâ–ˆâ–ˆâ–ˆâ–ˆâ–ˆâ–ˆâ–ˆâ–‹| 410/421 [00:02<00:00, 204.09it/s, acc=89.06%, loss=0.3114]
                                                                                           

Evaluating BP Model:   0%|          | 0/24 [00:00<?, ?it/s]
Evaluating BP Model:  38%|â–ˆâ–ˆâ–ˆâ–Š      | 9/24 [00:00<00:00, 75.45it/s]
Evaluating BP Model:  88%|â–ˆâ–ˆâ–ˆâ–ˆâ–ˆâ–ˆâ–ˆâ–ˆâ–Š | 21/24 [00:00<00:00, 94.91it/s]
                                                                    

BP Epoch 7/100:   0%|          | 0/421 [00:00<?, ?it/s]
BP Epoch 7/100:   4%|â–         | 17/421 [00:00<00:02, 157.51it/s]
BP Epoch 7/100:  10%|â–‰         | 40/421 [00:00<00:01, 198.09it/s]
BP Epoch 7/100:  14%|â–ˆâ–        | 61/421 [00:00<00:01, 197.07it/s][codecarbon INFO @ 05:38:14] Energy consumed for RAM : 0.000164 kWh. RAM Power : 38.0 W

BP Epoch 7/100:  19%|â–ˆâ–‰        | 82/421 [00:00<00:01, 201.86it/s]
BP Epoch 7/100:  19%|â–ˆâ–‰        | 82/421 [00:00<00:01, 201.86it/s, acc=89.84%, loss=0.2170]
BP Epoch 7/100:  25%|â–ˆâ–ˆâ–       | 105/421 [00:00<00:01, 205.24it/s, acc=89.84%, loss=0.2170]
BP Epoch 7/100:  30%|â–ˆâ–ˆâ–‰       | 126/421 [00:00<00:01, 205.45it/s, acc=89.84%, loss=0.2170]
BP Epoch 7/100:  35%|â–ˆâ–ˆâ–ˆâ–Œ      | 149/421 [00:00<00:01, 208.97it/s, acc=89.84%, loss=0.2170][codecarbon INFO @ 05:38:15] Delta energy consumed for CPU with cpu_load : 0.000279 kWh, power : 64.83 W
[codecarbon INFO @ 05:38:15] Energy consumed for All CPU : 0.000279 kWh
[codecarbon INFO @ 05:38:15] Energy consumed for all GPUs : 0.000275 kWh. Total GPU Power : 61.74444308148204 W
[codecarbon INFO @ 05:38:15] 0.000717 kWh of electricity used since the beginning.

BP Epoch 7/100:  40%|â–ˆâ–ˆâ–ˆâ–ˆ      | 170/421 [00:00<00:01, 205.88it/s, acc=89.84%, loss=0.2170]
BP Epoch 7/100:  46%|â–ˆâ–ˆâ–ˆâ–ˆâ–Œ     | 193/421 [00:00<00:01, 211.10it/s, acc=89.84%, loss=0.2170]
BP Epoch 7/100:  46%|â–ˆâ–ˆâ–ˆâ–ˆâ–Œ     | 193/421 [00:00<00:01, 211.10it/s, acc=92.19%, loss=0.2405]
BP Epoch 7/100:  51%|â–ˆâ–ˆâ–ˆâ–ˆâ–ˆ     | 215/421 [00:01<00:00, 207.54it/s, acc=92.19%, loss=0.2405]
BP Epoch 7/100:  57%|â–ˆâ–ˆâ–ˆâ–ˆâ–ˆâ–‹    | 238/421 [00:01<00:00, 206.26it/s, acc=92.19%, loss=0.2405]
BP Epoch 7/100:  62%|â–ˆâ–ˆâ–ˆâ–ˆâ–ˆâ–ˆâ–   | 261/421 [00:01<00:00, 212.38it/s, acc=92.19%, loss=0.2405]
BP Epoch 7/100:  67%|â–ˆâ–ˆâ–ˆâ–ˆâ–ˆâ–ˆâ–‹   | 283/421 [00:01<00:00, 207.42it/s, acc=92.19%, loss=0.2405]
BP Epoch 7/100:  67%|â–ˆâ–ˆâ–ˆâ–ˆâ–ˆâ–ˆâ–‹   | 283/421 [00:01<00:00, 207.42it/s, acc=94.53%, loss=0.1564]
BP Epoch 7/100:  73%|â–ˆâ–ˆâ–ˆâ–ˆâ–ˆâ–ˆâ–ˆâ–Ž  | 306/421 [00:01<00:00, 205.89it/s, acc=94.53%, loss=0.1564]
BP Epoch 7/100:  78%|â–ˆâ–ˆâ–ˆâ–ˆâ–ˆâ–ˆâ–ˆâ–Š  | 329/421 [00:01<00:00, 212.15it/s, acc=94.53%, loss=0.1564]
BP Epoch 7/100:  83%|â–ˆâ–ˆâ–ˆâ–ˆâ–ˆâ–ˆâ–ˆâ–ˆâ–Ž | 351/421 [00:01<00:00, 207.03it/s, acc=94.53%, loss=0.1564]
BP Epoch 7/100:  89%|â–ˆâ–ˆâ–ˆâ–ˆâ–ˆâ–ˆâ–ˆâ–ˆâ–‰ | 374/421 [00:01<00:00, 206.10it/s, acc=94.53%, loss=0.1564]
BP Epoch 7/100:  94%|â–ˆâ–ˆâ–ˆâ–ˆâ–ˆâ–ˆâ–ˆâ–ˆâ–ˆâ–| 396/421 [00:01<00:00, 209.71it/s, acc=94.53%, loss=0.1564]
BP Epoch 7/100:  94%|â–ˆâ–ˆâ–ˆâ–ˆâ–ˆâ–ˆâ–ˆâ–ˆâ–ˆâ–| 396/421 [00:01<00:00, 209.71it/s, acc=92.19%, loss=0.1769]
BP Epoch 7/100:  99%|â–ˆâ–ˆâ–ˆâ–ˆâ–ˆâ–ˆâ–ˆâ–ˆâ–ˆâ–‰| 418/421 [00:02<00:00, 204.43it/s, acc=92.19%, loss=0.1769]
BP Epoch 7/100:  99%|â–ˆâ–ˆâ–ˆâ–ˆâ–ˆâ–ˆâ–ˆâ–ˆâ–ˆâ–‰| 418/421 [00:02<00:00, 204.43it/s, acc=93.75%, loss=0.1843]
                                                                                           

Evaluating BP Model:   0%|          | 0/24 [00:00<?, ?it/s]
Evaluating BP Model:  38%|â–ˆâ–ˆâ–ˆâ–Š      | 9/24 [00:00<00:00, 76.29it/s]
Evaluating BP Model:  88%|â–ˆâ–ˆâ–ˆâ–ˆâ–ˆâ–ˆâ–ˆâ–ˆâ–Š | 21/24 [00:00<00:00, 94.63it/s]
                                                                    

BP Epoch 8/100:   0%|          | 0/421 [00:00<?, ?it/s]
BP Epoch 8/100:   4%|â–         | 17/421 [00:00<00:02, 154.97it/s]
BP Epoch 8/100:  10%|â–‰         | 41/421 [00:00<00:02, 187.92it/s]
BP Epoch 8/100:  15%|â–ˆâ–Œ        | 64/421 [00:00<00:01, 205.52it/s]
BP Epoch 8/100:  20%|â–ˆâ–ˆ        | 85/421 [00:00<00:01, 200.35it/s]
BP Epoch 8/100:  20%|â–ˆâ–ˆ        | 85/421 [00:00<00:01, 200.35it/s, acc=93.75%, loss=0.1722]
BP Epoch 8/100:  25%|â–ˆâ–ˆâ–Œ       | 107/421 [00:00<00:01, 206.89it/s, acc=93.75%, loss=0.1722]
BP Epoch 8/100:  31%|â–ˆâ–ˆâ–ˆ       | 129/421 [00:00<00:01, 204.95it/s, acc=93.75%, loss=0.1722]
BP Epoch 8/100:  36%|â–ˆâ–ˆâ–ˆâ–Œ      | 150/421 [00:00<00:01, 205.79it/s, acc=93.75%, loss=0.1722]
BP Epoch 8/100:  41%|â–ˆâ–ˆâ–ˆâ–ˆ      | 173/421 [00:00<00:01, 208.13it/s, acc=93.75%, loss=0.1722]
BP Epoch 8/100:  46%|â–ˆâ–ˆâ–ˆâ–ˆâ–Œ     | 194/421 [00:00<00:01, 206.03it/s, acc=93.75%, loss=0.1722]
BP Epoch 8/100:  46%|â–ˆâ–ˆâ–ˆâ–ˆâ–Œ     | 194/421 [00:00<00:01, 206.03it/s, acc=91.41%, loss=0.1953]
BP Epoch 8/100:  52%|â–ˆâ–ˆâ–ˆâ–ˆâ–ˆâ–    | 217/421 [00:01<00:00, 209.96it/s, acc=91.41%, loss=0.1953]
BP Epoch 8/100:  57%|â–ˆâ–ˆâ–ˆâ–ˆâ–ˆâ–‹    | 239/421 [00:01<00:00, 207.63it/s, acc=91.41%, loss=0.1953]
BP Epoch 8/100:  62%|â–ˆâ–ˆâ–ˆâ–ˆâ–ˆâ–ˆâ–   | 261/421 [00:01<00:00, 210.85it/s, acc=91.41%, loss=0.1953]
BP Epoch 8/100:  67%|â–ˆâ–ˆâ–ˆâ–ˆâ–ˆâ–ˆâ–‹   | 283/421 [00:01<00:00, 206.10it/s, acc=91.41%, loss=0.1953]
BP Epoch 8/100:  67%|â–ˆâ–ˆâ–ˆâ–ˆâ–ˆâ–ˆâ–‹   | 283/421 [00:01<00:00, 206.10it/s, acc=92.97%, loss=0.1465]
BP Epoch 8/100:  72%|â–ˆâ–ˆâ–ˆâ–ˆâ–ˆâ–ˆâ–ˆâ–  | 305/421 [00:01<00:00, 209.89it/s, acc=92.97%, loss=0.1465]
BP Epoch 8/100:  78%|â–ˆâ–ˆâ–ˆâ–ˆâ–ˆâ–ˆâ–ˆâ–Š  | 327/421 [00:01<00:00, 205.80it/s, acc=92.97%, loss=0.1465]
BP Epoch 8/100:  83%|â–ˆâ–ˆâ–ˆâ–ˆâ–ˆâ–ˆâ–ˆâ–ˆâ–Ž | 349/421 [00:01<00:00, 209.76it/s, acc=92.97%, loss=0.1465]
BP Epoch 8/100:  88%|â–ˆâ–ˆâ–ˆâ–ˆâ–ˆâ–ˆâ–ˆâ–ˆâ–Š | 371/421 [00:01<00:00, 205.63it/s, acc=92.97%, loss=0.1465]
BP Epoch 8/100:  93%|â–ˆâ–ˆâ–ˆâ–ˆâ–ˆâ–ˆâ–ˆâ–ˆâ–ˆâ–Ž| 393/421 [00:01<00:00, 208.93it/s, acc=92.97%, loss=0.1465]
BP Epoch 8/100:  93%|â–ˆâ–ˆâ–ˆâ–ˆâ–ˆâ–ˆâ–ˆâ–ˆâ–ˆâ–Ž| 393/421 [00:01<00:00, 208.93it/s, acc=96.88%, loss=0.1064]
BP Epoch 8/100:  98%|â–ˆâ–ˆâ–ˆâ–ˆâ–ˆâ–ˆâ–ˆâ–ˆâ–ˆâ–Š| 414/421 [00:02<00:00, 195.06it/s, acc=96.88%, loss=0.1064]
BP Epoch 8/100:  98%|â–ˆâ–ˆâ–ˆâ–ˆâ–ˆâ–ˆâ–ˆâ–ˆâ–ˆâ–Š| 414/421 [00:02<00:00, 195.06it/s, acc=91.41%, loss=0.1607]
                                                                                           

Evaluating BP Model:   0%|          | 0/24 [00:00<?, ?it/s]
Evaluating BP Model:  38%|â–ˆâ–ˆâ–ˆâ–Š      | 9/24 [00:00<00:00, 76.79it/s]
Evaluating BP Model:  88%|â–ˆâ–ˆâ–ˆâ–ˆâ–ˆâ–ˆâ–ˆâ–ˆâ–Š | 21/24 [00:00<00:00, 95.24it/s]
                                                                    

BP Epoch 9/100:   0%|          | 0/421 [00:00<?, ?it/s]
BP Epoch 9/100:   4%|â–         | 17/421 [00:00<00:02, 156.77it/s]
BP Epoch 9/100:   9%|â–‰         | 39/421 [00:00<00:02, 188.54it/s]
BP Epoch 9/100:  14%|â–ˆâ–        | 60/421 [00:00<00:01, 192.65it/s]
BP Epoch 9/100:  19%|â–ˆâ–‰        | 82/421 [00:00<00:01, 202.40it/s]
BP Epoch 9/100:  19%|â–ˆâ–‰        | 82/421 [00:00<00:01, 202.40it/s, acc=96.09%, loss=0.1321]
BP Epoch 9/100:  25%|â–ˆâ–ˆâ–       | 104/421 [00:00<00:01, 202.35it/s, acc=96.09%, loss=0.1321]
BP Epoch 9/100:  30%|â–ˆâ–ˆâ–‰       | 125/421 [00:00<00:01, 203.96it/s, acc=96.09%, loss=0.1321]
BP Epoch 9/100:  35%|â–ˆâ–ˆâ–ˆâ–      | 147/421 [00:00<00:01, 208.72it/s, acc=96.09%, loss=0.1321]
BP Epoch 9/100:  40%|â–ˆâ–ˆâ–ˆâ–‰      | 168/421 [00:00<00:01, 207.08it/s, acc=96.09%, loss=0.1321]
BP Epoch 9/100:  45%|â–ˆâ–ˆâ–ˆâ–ˆâ–     | 189/421 [00:00<00:01, 203.89it/s, acc=96.09%, loss=0.1321]
BP Epoch 9/100:  45%|â–ˆâ–ˆâ–ˆâ–ˆâ–     | 189/421 [00:00<00:01, 203.89it/s, acc=95.31%, loss=0.1052]
BP Epoch 9/100:  50%|â–ˆâ–ˆâ–ˆâ–ˆâ–ˆ     | 212/421 [00:01<00:00, 209.56it/s, acc=95.31%, loss=0.1052]
BP Epoch 9/100:  55%|â–ˆâ–ˆâ–ˆâ–ˆâ–ˆâ–Œ    | 233/421 [00:01<00:00, 204.39it/s, acc=95.31%, loss=0.1052]
BP Epoch 9/100:  61%|â–ˆâ–ˆâ–ˆâ–ˆâ–ˆâ–ˆ    | 256/421 [00:01<00:00, 210.46it/s, acc=95.31%, loss=0.1052]
BP Epoch 9/100:  66%|â–ˆâ–ˆâ–ˆâ–ˆâ–ˆâ–ˆâ–Œ   | 278/421 [00:01<00:00, 206.25it/s, acc=95.31%, loss=0.1052]
BP Epoch 9/100:  66%|â–ˆâ–ˆâ–ˆâ–ˆâ–ˆâ–ˆâ–Œ   | 278/421 [00:01<00:00, 206.25it/s, acc=94.53%, loss=0.1104]
BP Epoch 9/100:  71%|â–ˆâ–ˆâ–ˆâ–ˆâ–ˆâ–ˆâ–ˆâ–  | 300/421 [00:01<00:00, 209.34it/s, acc=94.53%, loss=0.1104]
BP Epoch 9/100:  76%|â–ˆâ–ˆâ–ˆâ–ˆâ–ˆâ–ˆâ–ˆâ–Œ  | 321/421 [00:01<00:00, 204.10it/s, acc=94.53%, loss=0.1104]
BP Epoch 9/100:  82%|â–ˆâ–ˆâ–ˆâ–ˆâ–ˆâ–ˆâ–ˆâ–ˆâ– | 344/421 [00:01<00:00, 210.62it/s, acc=94.53%, loss=0.1104]
BP Epoch 9/100:  87%|â–ˆâ–ˆâ–ˆâ–ˆâ–ˆâ–ˆâ–ˆâ–ˆâ–‹ | 366/421 [00:01<00:00, 205.85it/s, acc=94.53%, loss=0.1104]
BP Epoch 9/100:  92%|â–ˆâ–ˆâ–ˆâ–ˆâ–ˆâ–ˆâ–ˆâ–ˆâ–ˆâ–| 389/421 [00:01<00:00, 204.45it/s, acc=94.53%, loss=0.1104]
BP Epoch 9/100:  92%|â–ˆâ–ˆâ–ˆâ–ˆâ–ˆâ–ˆâ–ˆâ–ˆâ–ˆâ–| 389/421 [00:01<00:00, 204.45it/s, acc=94.53%, loss=0.1828]
BP Epoch 9/100:  98%|â–ˆâ–ˆâ–ˆâ–ˆâ–ˆâ–ˆâ–ˆâ–ˆâ–ˆâ–Š| 412/421 [00:02<00:00, 211.04it/s, acc=94.53%, loss=0.1828]
BP Epoch 9/100:  98%|â–ˆâ–ˆâ–ˆâ–ˆâ–ˆâ–ˆâ–ˆâ–ˆâ–ˆâ–Š| 412/421 [00:02<00:00, 211.04it/s, acc=95.31%, loss=0.1588]
                                                                                           

Evaluating BP Model:   0%|          | 0/24 [00:00<?, ?it/s]
Evaluating BP Model:  38%|â–ˆâ–ˆâ–ˆâ–Š      | 9/24 [00:00<00:00, 78.07it/s]
Evaluating BP Model:  88%|â–ˆâ–ˆâ–ˆâ–ˆâ–ˆâ–ˆâ–ˆâ–ˆâ–Š | 21/24 [00:00<00:00, 96.21it/s]
                                                                    

BP Epoch 10/100:   0%|          | 0/421 [00:00<?, ?it/s]
BP Epoch 10/100:   4%|â–         | 17/421 [00:00<00:02, 153.09it/s]
BP Epoch 10/100:  10%|â–‰         | 41/421 [00:00<00:02, 186.33it/s]
BP Epoch 10/100:  15%|â–ˆâ–Œ        | 64/421 [00:00<00:01, 204.64it/s]
BP Epoch 10/100:  20%|â–ˆâ–ˆ        | 85/421 [00:00<00:01, 198.31it/s]
BP Epoch 10/100:  20%|â–ˆâ–ˆ        | 85/421 [00:00<00:01, 198.31it/s, acc=90.62%, loss=0.1964]
BP Epoch 10/100:  26%|â–ˆâ–ˆâ–Œ       | 108/421 [00:00<00:01, 208.19it/s, acc=90.62%, loss=0.1964]
BP Epoch 10/100:  31%|â–ˆâ–ˆâ–ˆ       | 129/421 [00:00<00:01, 201.11it/s, acc=90.62%, loss=0.1964]
BP Epoch 10/100:  36%|â–ˆâ–ˆâ–ˆâ–Œ      | 151/421 [00:00<00:01, 206.92it/s, acc=90.62%, loss=0.1964]
BP Epoch 10/100:  41%|â–ˆâ–ˆâ–ˆâ–ˆ      | 173/421 [00:00<00:01, 203.64it/s, acc=90.62%, loss=0.1964]
BP Epoch 10/100:  46%|â–ˆâ–ˆâ–ˆâ–ˆâ–‹     | 195/421 [00:00<00:01, 208.27it/s, acc=90.62%, loss=0.1964]
BP Epoch 10/100:  46%|â–ˆâ–ˆâ–ˆâ–ˆâ–‹     | 195/421 [00:00<00:01, 208.27it/s, acc=89.84%, loss=0.1914]
BP Epoch 10/100:  52%|â–ˆâ–ˆâ–ˆâ–ˆâ–ˆâ–    | 217/421 [00:01<00:00, 204.31it/s, acc=89.84%, loss=0.1914]
BP Epoch 10/100:  57%|â–ˆâ–ˆâ–ˆâ–ˆâ–ˆâ–‹    | 239/421 [00:01<00:00, 208.13it/s, acc=89.84%, loss=0.1914]
BP Epoch 10/100:  62%|â–ˆâ–ˆâ–ˆâ–ˆâ–ˆâ–ˆâ–   | 261/421 [00:01<00:00, 204.57it/s, acc=89.84%, loss=0.1914]
BP Epoch 10/100:  67%|â–ˆâ–ˆâ–ˆâ–ˆâ–ˆâ–ˆâ–‹   | 282/421 [00:01<00:00, 205.63it/s, acc=89.84%, loss=0.1914]
BP Epoch 10/100:  67%|â–ˆâ–ˆâ–ˆâ–ˆâ–ˆâ–ˆâ–‹   | 282/421 [00:01<00:00, 205.63it/s, acc=96.09%, loss=0.1110]
BP Epoch 10/100:  72%|â–ˆâ–ˆâ–ˆâ–ˆâ–ˆâ–ˆâ–ˆâ–  | 304/421 [00:01<00:00, 208.95it/s, acc=96.09%, loss=0.1110]
BP Epoch 10/100:  77%|â–ˆâ–ˆâ–ˆâ–ˆâ–ˆâ–ˆâ–ˆâ–‹  | 325/421 [00:01<00:00, 204.49it/s, acc=96.09%, loss=0.1110]
BP Epoch 10/100:  82%|â–ˆâ–ˆâ–ˆâ–ˆâ–ˆâ–ˆâ–ˆâ–ˆâ– | 346/421 [00:01<00:00, 205.47it/s, acc=96.09%, loss=0.1110]
BP Epoch 10/100:  87%|â–ˆâ–ˆâ–ˆâ–ˆâ–ˆâ–ˆâ–ˆâ–ˆâ–‹ | 368/421 [00:01<00:00, 209.58it/s, acc=96.09%, loss=0.1110]
BP Epoch 10/100:  92%|â–ˆâ–ˆâ–ˆâ–ˆâ–ˆâ–ˆâ–ˆâ–ˆâ–ˆâ–| 389/421 [00:01<00:00, 205.46it/s, acc=96.09%, loss=0.1110]
BP Epoch 10/100:  92%|â–ˆâ–ˆâ–ˆâ–ˆâ–ˆâ–ˆâ–ˆâ–ˆâ–ˆâ–| 389/421 [00:01<00:00, 205.46it/s, acc=92.97%, loss=0.1752]
BP Epoch 10/100:  97%|â–ˆâ–ˆâ–ˆâ–ˆâ–ˆâ–ˆâ–ˆâ–ˆâ–ˆâ–‹| 410/421 [00:02<00:00, 205.34it/s, acc=92.97%, loss=0.1752]
BP Epoch 10/100:  97%|â–ˆâ–ˆâ–ˆâ–ˆâ–ˆâ–ˆâ–ˆâ–ˆâ–ˆâ–‹| 410/421 [00:02<00:00, 205.34it/s, acc=94.53%, loss=0.1089]
                                                                                            

Evaluating BP Model:   0%|          | 0/24 [00:00<?, ?it/s]
Evaluating BP Model:  38%|â–ˆâ–ˆâ–ˆâ–Š      | 9/24 [00:00<00:00, 77.99it/s]
Evaluating BP Model:  88%|â–ˆâ–ˆâ–ˆâ–ˆâ–ˆâ–ˆâ–ˆâ–ˆâ–Š | 21/24 [00:00<00:00, 96.00it/s]
                                                                    

BP Epoch 11/100:   0%|          | 0/421 [00:00<?, ?it/s]
BP Epoch 11/100:   4%|â–         | 17/421 [00:00<00:02, 153.19it/s]
BP Epoch 11/100:  10%|â–‰         | 40/421 [00:00<00:01, 196.18it/s]
BP Epoch 11/100:  14%|â–ˆâ–        | 61/421 [00:00<00:01, 193.16it/s]
BP Epoch 11/100:  20%|â–ˆâ–‰        | 84/421 [00:00<00:01, 206.92it/s]
BP Epoch 11/100:  20%|â–ˆâ–‰        | 84/421 [00:00<00:01, 206.92it/s, acc=90.62%, loss=0.2076]
BP Epoch 11/100:  25%|â–ˆâ–ˆâ–       | 105/421 [00:00<00:01, 200.06it/s, acc=90.62%, loss=0.2076]
BP Epoch 11/100:  30%|â–ˆâ–ˆâ–‰       | 126/421 [00:00<00:01, 200.41it/s, acc=90.62%, loss=0.2076]
BP Epoch 11/100:  35%|â–ˆâ–ˆâ–ˆâ–Œ      | 149/421 [00:00<00:01, 204.67it/s, acc=90.62%, loss=0.2076]
BP Epoch 11/100:  40%|â–ˆâ–ˆâ–ˆâ–ˆ      | 170/421 [00:00<00:01, 202.65it/s, acc=90.62%, loss=0.2076]
BP Epoch 11/100:  46%|â–ˆâ–ˆâ–ˆâ–ˆâ–Œ     | 193/421 [00:00<00:01, 207.40it/s, acc=90.62%, loss=0.2076]
BP Epoch 11/100:  46%|â–ˆâ–ˆâ–ˆâ–ˆâ–Œ     | 193/421 [00:00<00:01, 207.40it/s, acc=96.09%, loss=0.0996]
BP Epoch 11/100:  51%|â–ˆâ–ˆâ–ˆâ–ˆâ–ˆ     | 214/421 [00:01<00:01, 203.16it/s, acc=96.09%, loss=0.0996]
BP Epoch 11/100:  56%|â–ˆâ–ˆâ–ˆâ–ˆâ–ˆâ–‹    | 237/421 [00:01<00:00, 208.35it/s, acc=96.09%, loss=0.0996]
BP Epoch 11/100:  61%|â–ˆâ–ˆâ–ˆâ–ˆâ–ˆâ–ˆâ–   | 258/421 [00:01<00:00, 203.49it/s, acc=96.09%, loss=0.0996]
BP Epoch 11/100:  67%|â–ˆâ–ˆâ–ˆâ–ˆâ–ˆâ–ˆâ–‹   | 280/421 [00:01<00:00, 208.02it/s, acc=96.09%, loss=0.0996]
BP Epoch 11/100:  67%|â–ˆâ–ˆâ–ˆâ–ˆâ–ˆâ–ˆâ–‹   | 280/421 [00:01<00:00, 208.02it/s, acc=93.75%, loss=0.1490]
BP Epoch 11/100:  71%|â–ˆâ–ˆâ–ˆâ–ˆâ–ˆâ–ˆâ–ˆâ–  | 301/421 [00:01<00:00, 207.82it/s, acc=93.75%, loss=0.1490]
BP Epoch 11/100:  76%|â–ˆâ–ˆâ–ˆâ–ˆâ–ˆâ–ˆâ–ˆâ–‹  | 322/421 [00:01<00:00, 203.13it/s, acc=93.75%, loss=0.1490]
BP Epoch 11/100:  82%|â–ˆâ–ˆâ–ˆâ–ˆâ–ˆâ–ˆâ–ˆâ–ˆâ– | 344/421 [00:01<00:00, 207.87it/s, acc=93.75%, loss=0.1490]
BP Epoch 11/100:  87%|â–ˆâ–ˆâ–ˆâ–ˆâ–ˆâ–ˆâ–ˆâ–ˆâ–‹ | 366/421 [00:01<00:00, 203.64it/s, acc=93.75%, loss=0.1490]
BP Epoch 11/100:  92%|â–ˆâ–ˆâ–ˆâ–ˆâ–ˆâ–ˆâ–ˆâ–ˆâ–ˆâ–| 389/421 [00:01<00:00, 210.23it/s, acc=93.75%, loss=0.1490]
BP Epoch 11/100:  92%|â–ˆâ–ˆâ–ˆâ–ˆâ–ˆâ–ˆâ–ˆâ–ˆâ–ˆâ–| 389/421 [00:01<00:00, 210.23it/s, acc=96.88%, loss=0.1405]
BP Epoch 11/100:  98%|â–ˆâ–ˆâ–ˆâ–ˆâ–ˆâ–ˆâ–ˆâ–ˆâ–ˆâ–Š| 411/421 [00:02<00:00, 205.00it/s, acc=96.88%, loss=0.1405]
BP Epoch 11/100:  98%|â–ˆâ–ˆâ–ˆâ–ˆâ–ˆâ–ˆâ–ˆâ–ˆâ–ˆâ–Š| 411/421 [00:02<00:00, 205.00it/s, acc=93.75%, loss=0.1368]
                                                                                            

Evaluating BP Model:   0%|          | 0/24 [00:00<?, ?it/s]
Evaluating BP Model:  38%|â–ˆâ–ˆâ–ˆâ–Š      | 9/24 [00:00<00:00, 77.98it/s]
Evaluating BP Model:  88%|â–ˆâ–ˆâ–ˆâ–ˆâ–ˆâ–ˆâ–ˆâ–ˆâ–Š | 21/24 [00:00<00:00, 96.12it/s]
                                                                    

BP Epoch 12/100:   0%|          | 0/421 [00:00<?, ?it/s]
BP Epoch 12/100:   4%|â–         | 17/421 [00:00<00:02, 151.88it/s]
BP Epoch 12/100:  10%|â–‰         | 40/421 [00:00<00:01, 195.12it/s]
BP Epoch 12/100:  14%|â–ˆâ–        | 61/421 [00:00<00:01, 191.82it/s]
BP Epoch 12/100:  20%|â–ˆâ–‰        | 84/421 [00:00<00:01, 205.22it/s]
BP Epoch 12/100:  20%|â–ˆâ–‰        | 84/421 [00:00<00:01, 205.22it/s, acc=93.75%, loss=0.1510]
BP Epoch 12/100:  25%|â–ˆâ–ˆâ–       | 105/421 [00:00<00:01, 199.09it/s, acc=93.75%, loss=0.1510]
BP Epoch 12/100:  30%|â–ˆâ–ˆâ–ˆ       | 127/421 [00:00<00:01, 205.84it/s, acc=93.75%, loss=0.1510]
BP Epoch 12/100:  35%|â–ˆâ–ˆâ–ˆâ–Œ      | 149/421 [00:00<00:01, 202.45it/s, acc=93.75%, loss=0.1510]
BP Epoch 12/100:  41%|â–ˆâ–ˆâ–ˆâ–ˆ      | 172/421 [00:00<00:01, 209.89it/s, acc=93.75%, loss=0.1510]
BP Epoch 12/100:  46%|â–ˆâ–ˆâ–ˆâ–ˆâ–Œ     | 194/421 [00:00<00:01, 204.85it/s, acc=93.75%, loss=0.1510]
BP Epoch 12/100:  46%|â–ˆâ–ˆâ–ˆâ–ˆâ–Œ     | 194/421 [00:00<00:01, 204.85it/s, acc=94.53%, loss=0.1116]
BP Epoch 12/100:  52%|â–ˆâ–ˆâ–ˆâ–ˆâ–ˆâ–    | 217/421 [00:01<00:01, 203.95it/s, acc=94.53%, loss=0.1116]
BP Epoch 12/100:  57%|â–ˆâ–ˆâ–ˆâ–ˆâ–ˆâ–‹    | 240/421 [00:01<00:00, 210.33it/s, acc=94.53%, loss=0.1116]
BP Epoch 12/100:  62%|â–ˆâ–ˆâ–ˆâ–ˆâ–ˆâ–ˆâ–   | 262/421 [00:01<00:00, 205.72it/s, acc=94.53%, loss=0.1116]
BP Epoch 12/100:  68%|â–ˆâ–ˆâ–ˆâ–ˆâ–ˆâ–ˆâ–Š   | 285/421 [00:01<00:00, 204.91it/s, acc=94.53%, loss=0.1116]
BP Epoch 12/100:  68%|â–ˆâ–ˆâ–ˆâ–ˆâ–ˆâ–ˆâ–Š   | 285/421 [00:01<00:00, 204.91it/s, acc=97.66%, loss=0.1087]
BP Epoch 12/100:  73%|â–ˆâ–ˆâ–ˆâ–ˆâ–ˆâ–ˆâ–ˆâ–Ž  | 307/421 [00:01<00:00, 208.93it/s, acc=97.66%, loss=0.1087]
BP Epoch 12/100:  78%|â–ˆâ–ˆâ–ˆâ–ˆâ–ˆâ–ˆâ–ˆâ–Š  | 329/421 [00:01<00:00, 204.93it/s, acc=97.66%, loss=0.1087]
BP Epoch 12/100:  83%|â–ˆâ–ˆâ–ˆâ–ˆâ–ˆâ–ˆâ–ˆâ–ˆâ–Ž | 351/421 [00:01<00:00, 209.20it/s, acc=97.66%, loss=0.1087]
BP Epoch 12/100:  89%|â–ˆâ–ˆâ–ˆâ–ˆâ–ˆâ–ˆâ–ˆâ–ˆâ–Š | 373/421 [00:01<00:00, 204.69it/s, acc=97.66%, loss=0.1087]
BP Epoch 12/100:  94%|â–ˆâ–ˆâ–ˆâ–ˆâ–ˆâ–ˆâ–ˆâ–ˆâ–ˆâ–| 396/421 [00:01<00:00, 211.01it/s, acc=97.66%, loss=0.1087]
BP Epoch 12/100:  94%|â–ˆâ–ˆâ–ˆâ–ˆâ–ˆâ–ˆâ–ˆâ–ˆâ–ˆâ–| 396/421 [00:01<00:00, 211.01it/s, acc=95.31%, loss=0.1277]
BP Epoch 12/100:  99%|â–ˆâ–ˆâ–ˆâ–ˆâ–ˆâ–ˆâ–ˆâ–ˆâ–ˆâ–‰| 418/421 [00:02<00:00, 202.61it/s, acc=95.31%, loss=0.1277]
BP Epoch 12/100:  99%|â–ˆâ–ˆâ–ˆâ–ˆâ–ˆâ–ˆâ–ˆâ–ˆâ–ˆâ–‰| 418/421 [00:02<00:00, 202.61it/s, acc=94.53%, loss=0.1288]
                                                                                            

Evaluating BP Model:   0%|          | 0/24 [00:00<?, ?it/s]
Evaluating BP Model:  38%|â–ˆâ–ˆâ–ˆâ–Š      | 9/24 [00:00<00:00, 78.44it/s]
Evaluating BP Model:  88%|â–ˆâ–ˆâ–ˆâ–ˆâ–ˆâ–ˆâ–ˆâ–ˆâ–Š | 21/24 [00:00<00:00, 96.35it/s]
                                                                    

BP Epoch 13/100:   0%|          | 0/421 [00:00<?, ?it/s]
BP Epoch 13/100:   4%|â–         | 17/421 [00:00<00:02, 148.71it/s]
BP Epoch 13/100:  10%|â–‰         | 40/421 [00:00<00:01, 192.53it/s]
BP Epoch 13/100:  14%|â–ˆâ–        | 61/421 [00:00<00:01, 190.65it/s]
BP Epoch 13/100:  20%|â–ˆâ–‰        | 84/421 [00:00<00:01, 204.57it/s]
BP Epoch 13/100:  20%|â–ˆâ–‰        | 84/421 [00:00<00:01, 204.57it/s, acc=95.31%, loss=0.1254]
BP Epoch 13/100:  25%|â–ˆâ–ˆâ–       | 105/421 [00:00<00:01, 198.53it/s, acc=95.31%, loss=0.1254]
BP Epoch 13/100:  30%|â–ˆâ–ˆâ–ˆ       | 128/421 [00:00<00:01, 208.30it/s, acc=95.31%, loss=0.1254]
BP Epoch 13/100:  35%|â–ˆâ–ˆâ–ˆâ–Œ      | 149/421 [00:00<00:01, 201.55it/s, acc=95.31%, loss=0.1254]
BP Epoch 13/100:  41%|â–ˆâ–ˆâ–ˆâ–ˆ      | 172/421 [00:00<00:01, 209.38it/s, acc=95.31%, loss=0.1254]
BP Epoch 13/100:  46%|â–ˆâ–ˆâ–ˆâ–ˆâ–Œ     | 194/421 [00:00<00:01, 204.64it/s, acc=95.31%, loss=0.1254]
BP Epoch 13/100:  46%|â–ˆâ–ˆâ–ˆâ–ˆâ–Œ     | 194/421 [00:00<00:01, 204.64it/s, acc=97.66%, loss=0.0849]
BP Epoch 13/100:  52%|â–ˆâ–ˆâ–ˆâ–ˆâ–ˆâ–    | 217/421 [00:01<00:01, 203.66it/s, acc=97.66%, loss=0.0849]
BP Epoch 13/100:  57%|â–ˆâ–ˆâ–ˆâ–ˆâ–ˆâ–‹    | 240/421 [00:01<00:00, 210.76it/s, acc=97.66%, loss=0.0849]
BP Epoch 13/100:  62%|â–ˆâ–ˆâ–ˆâ–ˆâ–ˆâ–ˆâ–   | 262/421 [00:01<00:00, 206.52it/s, acc=97.66%, loss=0.0849]
BP Epoch 13/100:  67%|â–ˆâ–ˆâ–ˆâ–ˆâ–ˆâ–ˆâ–‹   | 284/421 [00:01<00:00, 210.32it/s, acc=97.66%, loss=0.0849][codecarbon INFO @ 05:38:29] Energy consumed for RAM : 0.000317 kWh. RAM Power : 38.0 W

BP Epoch 13/100:  67%|â–ˆâ–ˆâ–ˆâ–ˆâ–ˆâ–ˆâ–‹   | 284/421 [00:01<00:00, 210.32it/s, acc=97.66%, loss=0.0808]
BP Epoch 13/100:  73%|â–ˆâ–ˆâ–ˆâ–ˆâ–ˆâ–ˆâ–ˆâ–Ž  | 306/421 [00:01<00:00, 206.03it/s, acc=97.66%, loss=0.0808]
BP Epoch 13/100:  78%|â–ˆâ–ˆâ–ˆâ–ˆâ–ˆâ–ˆâ–ˆâ–Š  | 328/421 [00:01<00:00, 210.00it/s, acc=97.66%, loss=0.0808]
BP Epoch 13/100:  83%|â–ˆâ–ˆâ–ˆâ–ˆâ–ˆâ–ˆâ–ˆâ–ˆâ–Ž | 350/421 [00:01<00:00, 205.42it/s, acc=97.66%, loss=0.0808]
BP Epoch 13/100:  89%|â–ˆâ–ˆâ–ˆâ–ˆâ–ˆâ–ˆâ–ˆâ–ˆâ–Š | 373/421 [00:01<00:00, 204.44it/s, acc=97.66%, loss=0.0808][codecarbon INFO @ 05:38:30] Delta energy consumed for CPU with cpu_load : 0.000261 kWh, power : 64.71562500000002 W
[codecarbon INFO @ 05:38:30] Energy consumed for All CPU : 0.000540 kWh
[codecarbon INFO @ 05:38:30] Energy consumed for all GPUs : 0.000539 kWh. Total GPU Power : 63.59327912194233 W
[codecarbon INFO @ 05:38:30] 0.001396 kWh of electricity used since the beginning.

BP Epoch 13/100:  94%|â–ˆâ–ˆâ–ˆâ–ˆâ–ˆâ–ˆâ–ˆâ–ˆâ–ˆâ–| 396/421 [00:01<00:00, 210.91it/s, acc=97.66%, loss=0.0808]
BP Epoch 13/100:  94%|â–ˆâ–ˆâ–ˆâ–ˆâ–ˆâ–ˆâ–ˆâ–ˆâ–ˆâ–| 396/421 [00:01<00:00, 210.91it/s, acc=99.22%, loss=0.0460]
BP Epoch 13/100:  99%|â–ˆâ–ˆâ–ˆâ–ˆâ–ˆâ–ˆâ–ˆâ–ˆâ–ˆâ–‰| 418/421 [00:02<00:00, 205.71it/s, acc=99.22%, loss=0.0460]
BP Epoch 13/100:  99%|â–ˆâ–ˆâ–ˆâ–ˆâ–ˆâ–ˆâ–ˆâ–ˆâ–ˆâ–‰| 418/421 [00:02<00:00, 205.71it/s, acc=95.31%, loss=0.1069]
                                                                                            

Evaluating BP Model:   0%|          | 0/24 [00:00<?, ?it/s]
Evaluating BP Model:  38%|â–ˆâ–ˆâ–ˆâ–Š      | 9/24 [00:00<00:00, 78.33it/s]
Evaluating BP Model:  88%|â–ˆâ–ˆâ–ˆâ–ˆâ–ˆâ–ˆâ–ˆâ–ˆâ–Š | 21/24 [00:00<00:00, 95.85it/s]
                                                                    

BP Epoch 14/100:   0%|          | 0/421 [00:00<?, ?it/s]
BP Epoch 14/100:   4%|â–         | 17/421 [00:00<00:02, 155.67it/s]
BP Epoch 14/100:  10%|â–‰         | 40/421 [00:00<00:01, 196.91it/s]
BP Epoch 14/100:  14%|â–ˆâ–        | 61/421 [00:00<00:01, 193.24it/s]
BP Epoch 14/100:  20%|â–ˆâ–‰        | 84/421 [00:00<00:01, 206.21it/s]
BP Epoch 14/100:  20%|â–ˆâ–‰        | 84/421 [00:00<00:01, 206.21it/s, acc=96.09%, loss=0.0958]
BP Epoch 14/100:  25%|â–ˆâ–ˆâ–       | 105/421 [00:00<00:01, 199.86it/s, acc=96.09%, loss=0.0958]
BP Epoch 14/100:  30%|â–ˆâ–ˆâ–ˆ       | 128/421 [00:00<00:01, 208.89it/s, acc=96.09%, loss=0.0958]
BP Epoch 14/100:  35%|â–ˆâ–ˆâ–ˆâ–Œ      | 149/421 [00:00<00:01, 202.20it/s, acc=96.09%, loss=0.0958]
BP Epoch 14/100:  41%|â–ˆâ–ˆâ–ˆâ–ˆ      | 172/421 [00:00<00:01, 209.91it/s, acc=96.09%, loss=0.0958]
BP Epoch 14/100:  46%|â–ˆâ–ˆâ–ˆâ–ˆâ–Œ     | 194/421 [00:00<00:01, 205.58it/s, acc=96.09%, loss=0.0958]
BP Epoch 14/100:  46%|â–ˆâ–ˆâ–ˆâ–ˆâ–Œ     | 194/421 [00:00<00:01, 205.58it/s, acc=96.09%, loss=0.1223]
BP Epoch 14/100:  51%|â–ˆâ–ˆâ–ˆâ–ˆâ–ˆâ–    | 216/421 [00:01<00:00, 209.31it/s, acc=96.09%, loss=0.1223]
BP Epoch 14/100:  57%|â–ˆâ–ˆâ–ˆâ–ˆâ–ˆâ–‹    | 238/421 [00:01<00:00, 205.46it/s, acc=96.09%, loss=0.1223]
BP Epoch 14/100:  62%|â–ˆâ–ˆâ–ˆâ–ˆâ–ˆâ–ˆâ–   | 261/421 [00:01<00:00, 204.12it/s, acc=96.09%, loss=0.1223]
BP Epoch 14/100:  67%|â–ˆâ–ˆâ–ˆâ–ˆâ–ˆâ–ˆâ–‹   | 284/421 [00:01<00:00, 210.97it/s, acc=96.09%, loss=0.1223]
BP Epoch 14/100:  67%|â–ˆâ–ˆâ–ˆâ–ˆâ–ˆâ–ˆâ–‹   | 284/421 [00:01<00:00, 210.97it/s, acc=97.66%, loss=0.0940]
BP Epoch 14/100:  73%|â–ˆâ–ˆâ–ˆâ–ˆâ–ˆâ–ˆâ–ˆâ–Ž  | 306/421 [00:01<00:00, 205.75it/s, acc=97.66%, loss=0.0940]
BP Epoch 14/100:  78%|â–ˆâ–ˆâ–ˆâ–ˆâ–ˆâ–ˆâ–ˆâ–Š  | 329/421 [00:01<00:00, 204.25it/s, acc=97.66%, loss=0.0940]
BP Epoch 14/100:  84%|â–ˆâ–ˆâ–ˆâ–ˆâ–ˆâ–ˆâ–ˆâ–ˆâ–Ž | 352/421 [00:01<00:00, 211.02it/s, acc=97.66%, loss=0.0940]
BP Epoch 14/100:  89%|â–ˆâ–ˆâ–ˆâ–ˆâ–ˆâ–ˆâ–ˆâ–ˆâ–‰ | 374/421 [00:01<00:00, 206.03it/s, acc=97.66%, loss=0.0940]
BP Epoch 14/100:  94%|â–ˆâ–ˆâ–ˆâ–ˆâ–ˆâ–ˆâ–ˆâ–ˆâ–ˆâ–| 397/421 [00:01<00:00, 204.71it/s, acc=97.66%, loss=0.0940]
BP Epoch 14/100:  94%|â–ˆâ–ˆâ–ˆâ–ˆâ–ˆâ–ˆâ–ˆâ–ˆâ–ˆâ–| 397/421 [00:01<00:00, 204.71it/s, acc=94.53%, loss=0.1207]
BP Epoch 14/100:  99%|â–ˆâ–ˆâ–ˆâ–ˆâ–ˆâ–ˆâ–ˆâ–ˆâ–ˆâ–‰| 418/421 [00:02<00:00, 203.68it/s, acc=94.53%, loss=0.1207]
BP Epoch 14/100:  99%|â–ˆâ–ˆâ–ˆâ–ˆâ–ˆâ–ˆâ–ˆâ–ˆâ–ˆâ–‰| 418/421 [00:02<00:00, 203.68it/s, acc=93.75%, loss=0.1275]
                                                                                            

Evaluating BP Model:   0%|          | 0/24 [00:00<?, ?it/s]
Evaluating BP Model:  38%|â–ˆâ–ˆâ–ˆâ–Š      | 9/24 [00:00<00:00, 77.63it/s]
Evaluating BP Model:  88%|â–ˆâ–ˆâ–ˆâ–ˆâ–ˆâ–ˆâ–ˆâ–ˆâ–Š | 21/24 [00:00<00:00, 95.75it/s]
                                                                    

BP Epoch 15/100:   0%|          | 0/421 [00:00<?, ?it/s]
BP Epoch 15/100:   4%|â–         | 17/421 [00:00<00:02, 157.87it/s]
BP Epoch 15/100:  10%|â–‰         | 40/421 [00:00<00:01, 198.91it/s]
BP Epoch 15/100:  14%|â–ˆâ–        | 61/421 [00:00<00:01, 196.10it/s]
BP Epoch 15/100:  20%|â–ˆâ–‰        | 84/421 [00:00<00:01, 208.36it/s]
BP Epoch 15/100:  20%|â–ˆâ–‰        | 84/421 [00:00<00:01, 208.36it/s, acc=98.44%, loss=0.0637]
BP Epoch 15/100:  25%|â–ˆâ–ˆâ–       | 105/421 [00:00<00:01, 203.59it/s, acc=98.44%, loss=0.0637]
BP Epoch 15/100:  30%|â–ˆâ–ˆâ–‰       | 126/421 [00:00<00:01, 205.06it/s, acc=98.44%, loss=0.0637]
BP Epoch 15/100:  35%|â–ˆâ–ˆâ–ˆâ–Œ      | 149/421 [00:00<00:01, 207.62it/s, acc=98.44%, loss=0.0637]
BP Epoch 15/100:  40%|â–ˆâ–ˆâ–ˆâ–ˆ      | 170/421 [00:00<00:01, 206.11it/s, acc=98.44%, loss=0.0637]
BP Epoch 15/100:  46%|â–ˆâ–ˆâ–ˆâ–ˆâ–Œ     | 193/421 [00:00<00:01, 209.79it/s, acc=98.44%, loss=0.0637]
BP Epoch 15/100:  46%|â–ˆâ–ˆâ–ˆâ–ˆâ–Œ     | 193/421 [00:00<00:01, 209.79it/s, acc=95.31%, loss=0.1103]
BP Epoch 15/100:  51%|â–ˆâ–ˆâ–ˆâ–ˆâ–ˆ     | 214/421 [00:01<00:01, 206.43it/s, acc=95.31%, loss=0.1103]
BP Epoch 15/100:  56%|â–ˆâ–ˆâ–ˆâ–ˆâ–ˆâ–‹    | 237/421 [00:01<00:00, 210.92it/s, acc=95.31%, loss=0.1103]
BP Epoch 15/100:  62%|â–ˆâ–ˆâ–ˆâ–ˆâ–ˆâ–ˆâ–   | 259/421 [00:01<00:00, 208.00it/s, acc=95.31%, loss=0.1103]
BP Epoch 15/100:  67%|â–ˆâ–ˆâ–ˆâ–ˆâ–ˆâ–ˆâ–‹   | 281/421 [00:01<00:00, 211.30it/s, acc=95.31%, loss=0.1103]
BP Epoch 15/100:  67%|â–ˆâ–ˆâ–ˆâ–ˆâ–ˆâ–ˆâ–‹   | 281/421 [00:01<00:00, 211.30it/s, acc=98.44%, loss=0.0709]
BP Epoch 15/100:  72%|â–ˆâ–ˆâ–ˆâ–ˆâ–ˆâ–ˆâ–ˆâ–  | 303/421 [00:01<00:00, 207.11it/s, acc=98.44%, loss=0.0709]
BP Epoch 15/100:  77%|â–ˆâ–ˆâ–ˆâ–ˆâ–ˆâ–ˆâ–ˆâ–‹  | 326/421 [00:01<00:00, 205.36it/s, acc=98.44%, loss=0.0709]
BP Epoch 15/100:  83%|â–ˆâ–ˆâ–ˆâ–ˆâ–ˆâ–ˆâ–ˆâ–ˆâ–Ž | 349/421 [00:01<00:00, 211.62it/s, acc=98.44%, loss=0.0709]
BP Epoch 15/100:  88%|â–ˆâ–ˆâ–ˆâ–ˆâ–ˆâ–ˆâ–ˆâ–ˆâ–Š | 371/421 [00:01<00:00, 206.65it/s, acc=98.44%, loss=0.0709]
BP Epoch 15/100:  94%|â–ˆâ–ˆâ–ˆâ–ˆâ–ˆâ–ˆâ–ˆâ–ˆâ–ˆâ–Ž| 394/421 [00:01<00:00, 205.17it/s, acc=98.44%, loss=0.0709]
BP Epoch 15/100:  94%|â–ˆâ–ˆâ–ˆâ–ˆâ–ˆâ–ˆâ–ˆâ–ˆâ–ˆâ–Ž| 394/421 [00:01<00:00, 205.17it/s, acc=96.88%, loss=0.0735]
BP Epoch 15/100:  99%|â–ˆâ–ˆâ–ˆâ–ˆâ–ˆâ–ˆâ–ˆâ–ˆâ–ˆâ–Š| 415/421 [00:02<00:00, 200.42it/s, acc=96.88%, loss=0.0735]
BP Epoch 15/100:  99%|â–ˆâ–ˆâ–ˆâ–ˆâ–ˆâ–ˆâ–ˆâ–ˆâ–ˆâ–Š| 415/421 [00:02<00:00, 200.42it/s, acc=97.66%, loss=0.0751]
                                                                                            

Evaluating BP Model:   0%|          | 0/24 [00:00<?, ?it/s]
Evaluating BP Model:  38%|â–ˆâ–ˆâ–ˆâ–Š      | 9/24 [00:00<00:00, 75.31it/s]
Evaluating BP Model:  88%|â–ˆâ–ˆâ–ˆâ–ˆâ–ˆâ–ˆâ–ˆâ–ˆâ–Š | 21/24 [00:00<00:00, 93.74it/s]
                                                                    

BP Epoch 16/100:   0%|          | 0/421 [00:00<?, ?it/s]
BP Epoch 16/100:   4%|â–         | 17/421 [00:00<00:02, 158.54it/s]
BP Epoch 16/100:   9%|â–‰         | 38/421 [00:00<00:02, 186.54it/s]
BP Epoch 16/100:  14%|â–ˆâ–        | 61/421 [00:00<00:01, 198.26it/s]
BP Epoch 16/100:  19%|â–ˆâ–‰        | 82/421 [00:00<00:01, 200.98it/s]
BP Epoch 16/100:  19%|â–ˆâ–‰        | 82/421 [00:00<00:01, 200.98it/s, acc=99.22%, loss=0.0378]
BP Epoch 16/100:  25%|â–ˆâ–ˆâ–       | 105/421 [00:00<00:01, 205.73it/s, acc=99.22%, loss=0.0378]
BP Epoch 16/100:  30%|â–ˆâ–ˆâ–‰       | 126/421 [00:00<00:01, 204.43it/s, acc=99.22%, loss=0.0378]
BP Epoch 16/100:  35%|â–ˆâ–ˆâ–ˆâ–Œ      | 149/421 [00:00<00:01, 208.59it/s, acc=99.22%, loss=0.0378]
BP Epoch 16/100:  40%|â–ˆâ–ˆâ–ˆâ–ˆ      | 170/421 [00:00<00:01, 205.58it/s, acc=99.22%, loss=0.0378]
BP Epoch 16/100:  46%|â–ˆâ–ˆâ–ˆâ–ˆâ–Œ     | 193/421 [00:00<00:01, 209.63it/s, acc=99.22%, loss=0.0378]
BP Epoch 16/100:  46%|â–ˆâ–ˆâ–ˆâ–ˆâ–Œ     | 193/421 [00:00<00:01, 209.63it/s, acc=97.66%, loss=0.0568]
BP Epoch 16/100:  51%|â–ˆâ–ˆâ–ˆâ–ˆâ–ˆ     | 214/421 [00:01<00:01, 206.05it/s, acc=97.66%, loss=0.0568]
BP Epoch 16/100:  56%|â–ˆâ–ˆâ–ˆâ–ˆâ–ˆâ–‹    | 237/421 [00:01<00:00, 210.75it/s, acc=97.66%, loss=0.0568]
BP Epoch 16/100:  62%|â–ˆâ–ˆâ–ˆâ–ˆâ–ˆâ–ˆâ–   | 259/421 [00:01<00:00, 207.90it/s, acc=97.66%, loss=0.0568]
BP Epoch 16/100:  67%|â–ˆâ–ˆâ–ˆâ–ˆâ–ˆâ–ˆâ–‹   | 281/421 [00:01<00:00, 211.36it/s, acc=97.66%, loss=0.0568]
BP Epoch 16/100:  67%|â–ˆâ–ˆâ–ˆâ–ˆâ–ˆâ–ˆâ–‹   | 281/421 [00:01<00:00, 211.36it/s, acc=94.53%, loss=0.1247]
BP Epoch 16/100:  72%|â–ˆâ–ˆâ–ˆâ–ˆâ–ˆâ–ˆâ–ˆâ–  | 303/421 [00:01<00:00, 206.66it/s, acc=94.53%, loss=0.1247]
BP Epoch 16/100:  77%|â–ˆâ–ˆâ–ˆâ–ˆâ–ˆâ–ˆâ–ˆâ–‹  | 326/421 [00:01<00:00, 205.30it/s, acc=94.53%, loss=0.1247]
BP Epoch 16/100:  83%|â–ˆâ–ˆâ–ˆâ–ˆâ–ˆâ–ˆâ–ˆâ–ˆâ–Ž | 348/421 [00:01<00:00, 209.41it/s, acc=94.53%, loss=0.1247]
BP Epoch 16/100:  88%|â–ˆâ–ˆâ–ˆâ–ˆâ–ˆâ–ˆâ–ˆâ–ˆâ–Š | 370/421 [00:01<00:00, 205.42it/s, acc=94.53%, loss=0.1247]
BP Epoch 16/100:  93%|â–ˆâ–ˆâ–ˆâ–ˆâ–ˆâ–ˆâ–ˆâ–ˆâ–ˆâ–Ž| 393/421 [00:01<00:00, 211.65it/s, acc=94.53%, loss=0.1247]
BP Epoch 16/100:  93%|â–ˆâ–ˆâ–ˆâ–ˆâ–ˆâ–ˆâ–ˆâ–ˆâ–ˆâ–Ž| 393/421 [00:01<00:00, 211.65it/s, acc=96.88%, loss=0.1578]
BP Epoch 16/100:  99%|â–ˆâ–ˆâ–ˆâ–ˆâ–ˆâ–ˆâ–ˆâ–ˆâ–ˆâ–Š| 415/421 [00:02<00:00, 199.95it/s, acc=96.88%, loss=0.1578]
BP Epoch 16/100:  99%|â–ˆâ–ˆâ–ˆâ–ˆâ–ˆâ–ˆâ–ˆâ–ˆâ–ˆâ–Š| 415/421 [00:02<00:00, 199.95it/s, acc=97.66%, loss=0.0759]
                                                                                            

Evaluating BP Model:   0%|          | 0/24 [00:00<?, ?it/s]
Evaluating BP Model:  38%|â–ˆâ–ˆâ–ˆâ–Š      | 9/24 [00:00<00:00, 75.24it/s]
Evaluating BP Model:  88%|â–ˆâ–ˆâ–ˆâ–ˆâ–ˆâ–ˆâ–ˆâ–ˆâ–Š | 21/24 [00:00<00:00, 94.66it/s]
                                                                    

BP Epoch 17/100:   0%|          | 0/421 [00:00<?, ?it/s]
BP Epoch 17/100:   4%|â–         | 17/421 [00:00<00:02, 157.41it/s]
BP Epoch 17/100:   9%|â–‰         | 39/421 [00:00<00:01, 192.00it/s]
BP Epoch 17/100:  14%|â–ˆâ–        | 61/421 [00:00<00:01, 199.65it/s]
BP Epoch 17/100:  19%|â–ˆâ–‰        | 82/421 [00:00<00:01, 202.24it/s]
BP Epoch 17/100:  19%|â–ˆâ–‰        | 82/421 [00:00<00:01, 202.24it/s, acc=95.31%, loss=0.0793]
BP Epoch 17/100:  25%|â–ˆâ–ˆâ–       | 104/421 [00:00<00:01, 208.21it/s, acc=95.31%, loss=0.0793]
BP Epoch 17/100:  30%|â–ˆâ–ˆâ–‰       | 126/421 [00:00<00:01, 205.64it/s, acc=95.31%, loss=0.0793]
BP Epoch 17/100:  35%|â–ˆâ–ˆâ–ˆâ–Œ      | 148/421 [00:00<00:01, 208.79it/s, acc=95.31%, loss=0.0793]
BP Epoch 17/100:  40%|â–ˆâ–ˆâ–ˆâ–ˆ      | 170/421 [00:00<00:01, 206.90it/s, acc=95.31%, loss=0.0793]
BP Epoch 17/100:  46%|â–ˆâ–ˆâ–ˆâ–ˆâ–Œ     | 192/421 [00:00<00:01, 208.87it/s, acc=95.31%, loss=0.0793]
BP Epoch 17/100:  46%|â–ˆâ–ˆâ–ˆâ–ˆâ–Œ     | 192/421 [00:00<00:01, 208.87it/s, acc=97.66%, loss=0.0588]
BP Epoch 17/100:  51%|â–ˆâ–ˆâ–ˆâ–ˆâ–ˆ     | 214/421 [00:01<00:00, 208.26it/s, acc=97.66%, loss=0.0588]
BP Epoch 17/100:  56%|â–ˆâ–ˆâ–ˆâ–ˆâ–ˆâ–Œ    | 236/421 [00:01<00:00, 208.46it/s, acc=97.66%, loss=0.0588]
BP Epoch 17/100:  61%|â–ˆâ–ˆâ–ˆâ–ˆâ–ˆâ–ˆâ–   | 258/421 [00:01<00:00, 209.18it/s, acc=97.66%, loss=0.0588]
BP Epoch 17/100:  67%|â–ˆâ–ˆâ–ˆâ–ˆâ–ˆâ–ˆâ–‹   | 280/421 [00:01<00:00, 208.14it/s, acc=97.66%, loss=0.0588]
BP Epoch 17/100:  67%|â–ˆâ–ˆâ–ˆâ–ˆâ–ˆâ–ˆâ–‹   | 280/421 [00:01<00:00, 208.14it/s, acc=98.44%, loss=0.0438]
BP Epoch 17/100:  71%|â–ˆâ–ˆâ–ˆâ–ˆâ–ˆâ–ˆâ–ˆâ–  | 301/421 [00:01<00:00, 206.85it/s, acc=98.44%, loss=0.0438]
BP Epoch 17/100:  77%|â–ˆâ–ˆâ–ˆâ–ˆâ–ˆâ–ˆâ–ˆâ–‹  | 324/421 [00:01<00:00, 208.48it/s, acc=98.44%, loss=0.0438]
BP Epoch 17/100:  82%|â–ˆâ–ˆâ–ˆâ–ˆâ–ˆâ–ˆâ–ˆâ–ˆâ– | 346/421 [00:01<00:00, 211.68it/s, acc=98.44%, loss=0.0438]
BP Epoch 17/100:  87%|â–ˆâ–ˆâ–ˆâ–ˆâ–ˆâ–ˆâ–ˆâ–ˆâ–‹ | 368/421 [00:01<00:00, 207.25it/s, acc=98.44%, loss=0.0438]
BP Epoch 17/100:  93%|â–ˆâ–ˆâ–ˆâ–ˆâ–ˆâ–ˆâ–ˆâ–ˆâ–ˆâ–Ž| 391/421 [00:01<00:00, 213.13it/s, acc=98.44%, loss=0.0438]
BP Epoch 17/100:  93%|â–ˆâ–ˆâ–ˆâ–ˆâ–ˆâ–ˆâ–ˆâ–ˆâ–ˆâ–Ž| 391/421 [00:01<00:00, 213.13it/s, acc=94.53%, loss=0.0853]
BP Epoch 17/100:  98%|â–ˆâ–ˆâ–ˆâ–ˆâ–ˆâ–ˆâ–ˆâ–ˆâ–ˆâ–Š| 413/421 [00:01<00:00, 208.07it/s, acc=94.53%, loss=0.0853]
BP Epoch 17/100:  98%|â–ˆâ–ˆâ–ˆâ–ˆâ–ˆâ–ˆâ–ˆâ–ˆâ–ˆâ–Š| 413/421 [00:02<00:00, 208.07it/s, acc=97.66%, loss=0.0569]
                                                                                            

Evaluating BP Model:   0%|          | 0/24 [00:00<?, ?it/s]
Evaluating BP Model:  38%|â–ˆâ–ˆâ–ˆâ–Š      | 9/24 [00:00<00:00, 77.19it/s]
Evaluating BP Model:  88%|â–ˆâ–ˆâ–ˆâ–ˆâ–ˆâ–ˆâ–ˆâ–ˆâ–Š | 21/24 [00:00<00:00, 95.40it/s]
                                                                    

BP Epoch 18/100:   0%|          | 0/421 [00:00<?, ?it/s]
BP Epoch 18/100:   4%|â–         | 17/421 [00:00<00:02, 157.35it/s]
BP Epoch 18/100:   9%|â–‰         | 39/421 [00:00<00:01, 192.65it/s]
BP Epoch 18/100:  14%|â–ˆâ–        | 61/421 [00:00<00:01, 196.16it/s]
BP Epoch 18/100:  20%|â–ˆâ–‰        | 84/421 [00:00<00:01, 208.59it/s]
BP Epoch 18/100:  20%|â–ˆâ–‰        | 84/421 [00:00<00:01, 208.59it/s, acc=97.66%, loss=0.0631]
BP Epoch 18/100:  25%|â–ˆâ–ˆâ–       | 105/421 [00:00<00:01, 201.07it/s, acc=97.66%, loss=0.0631]
BP Epoch 18/100:  30%|â–ˆâ–ˆâ–ˆ       | 128/421 [00:00<00:01, 209.91it/s, acc=97.66%, loss=0.0631]
BP Epoch 18/100:  36%|â–ˆâ–ˆâ–ˆâ–Œ      | 150/421 [00:00<00:01, 205.43it/s, acc=97.66%, loss=0.0631]
BP Epoch 18/100:  41%|â–ˆâ–ˆâ–ˆâ–ˆ      | 173/421 [00:00<00:01, 204.56it/s, acc=97.66%, loss=0.0631]
BP Epoch 18/100:  47%|â–ˆâ–ˆâ–ˆâ–ˆâ–‹     | 196/421 [00:00<00:01, 211.54it/s, acc=97.66%, loss=0.0631]
BP Epoch 18/100:  47%|â–ˆâ–ˆâ–ˆâ–ˆâ–‹     | 196/421 [00:00<00:01, 211.54it/s, acc=100.00%, loss=0.0260]
BP Epoch 18/100:  52%|â–ˆâ–ˆâ–ˆâ–ˆâ–ˆâ–    | 218/421 [00:01<00:00, 206.36it/s, acc=100.00%, loss=0.0260]
BP Epoch 18/100:  57%|â–ˆâ–ˆâ–ˆâ–ˆâ–ˆâ–‹    | 241/421 [00:01<00:00, 205.36it/s, acc=100.00%, loss=0.0260]
BP Epoch 18/100:  63%|â–ˆâ–ˆâ–ˆâ–ˆâ–ˆâ–ˆâ–Ž   | 264/421 [00:01<00:00, 212.07it/s, acc=100.00%, loss=0.0260]
BP Epoch 18/100:  68%|â–ˆâ–ˆâ–ˆâ–ˆâ–ˆâ–ˆâ–Š   | 286/421 [00:01<00:00, 207.24it/s, acc=100.00%, loss=0.0260]
BP Epoch 18/100:  68%|â–ˆâ–ˆâ–ˆâ–ˆâ–ˆâ–ˆâ–Š   | 286/421 [00:01<00:00, 207.24it/s, acc=96.09%, loss=0.0725] 
BP Epoch 18/100:  73%|â–ˆâ–ˆâ–ˆâ–ˆâ–ˆâ–ˆâ–ˆâ–Ž  | 309/421 [00:01<00:00, 205.70it/s, acc=96.09%, loss=0.0725]
BP Epoch 18/100:  79%|â–ˆâ–ˆâ–ˆâ–ˆâ–ˆâ–ˆâ–ˆâ–‰  | 332/421 [00:01<00:00, 211.66it/s, acc=96.09%, loss=0.0725]
BP Epoch 18/100:  84%|â–ˆâ–ˆâ–ˆâ–ˆâ–ˆâ–ˆâ–ˆâ–ˆâ– | 354/421 [00:01<00:00, 207.17it/s, acc=96.09%, loss=0.0725]
BP Epoch 18/100:  90%|â–ˆâ–ˆâ–ˆâ–ˆâ–ˆâ–ˆâ–ˆâ–ˆâ–‰ | 377/421 [00:01<00:00, 205.57it/s, acc=96.09%, loss=0.0725]
BP Epoch 18/100:  90%|â–ˆâ–ˆâ–ˆâ–ˆâ–ˆâ–ˆâ–ˆâ–ˆâ–‰ | 377/421 [00:01<00:00, 205.57it/s, acc=96.88%, loss=0.0720]
BP Epoch 18/100:  95%|â–ˆâ–ˆâ–ˆâ–ˆâ–ˆâ–ˆâ–ˆâ–ˆâ–ˆâ–Œ| 400/421 [00:01<00:00, 210.25it/s, acc=96.88%, loss=0.0720]
BP Epoch 18/100:  95%|â–ˆâ–ˆâ–ˆâ–ˆâ–ˆâ–ˆâ–ˆâ–ˆâ–ˆâ–Œ| 400/421 [00:02<00:00, 210.25it/s, acc=97.66%, loss=0.0872]
                                                                                            

Evaluating BP Model:   0%|          | 0/24 [00:00<?, ?it/s]
Evaluating BP Model:  38%|â–ˆâ–ˆâ–ˆâ–Š      | 9/24 [00:00<00:00, 76.91it/s]
Evaluating BP Model:  88%|â–ˆâ–ˆâ–ˆâ–ˆâ–ˆâ–ˆâ–ˆâ–ˆâ–Š | 21/24 [00:00<00:00, 95.56it/s]
                                                                    

Evaluating BP Model:   0%|          | 0/40 [00:00<?, ?it/s]
Evaluating BP Model:   2%|â–Ž         | 1/40 [00:00<00:04,  8.01it/s]
Evaluating BP Model:  32%|â–ˆâ–ˆâ–ˆâ–Ž      | 13/40 [00:00<00:00, 64.53it/s]
Evaluating BP Model:  62%|â–ˆâ–ˆâ–ˆâ–ˆâ–ˆâ–ˆâ–Ž   | 25/40 [00:00<00:00, 83.39it/s]
Evaluating BP Model:  92%|â–ˆâ–ˆâ–ˆâ–ˆâ–ˆâ–ˆâ–ˆâ–ˆâ–ˆâ–Ž| 37/40 [00:00<00:00, 93.50it/s]
                                                                    
[codecarbon INFO @ 05:38:42] Energy consumed for RAM : 0.000448 kWh. RAM Power : 38.0 W
[codecarbon INFO @ 05:38:43] Delta energy consumed for CPU with cpu_load : 0.000208 kWh, power : 60.203571428571436 W
[codecarbon INFO @ 05:38:43] Energy consumed for All CPU : 0.000748 kWh
[codecarbon INFO @ 05:38:43] Energy consumed for all GPUs : 0.000767 kWh. Total GPU Power : 63.35085344415063 W
[codecarbon INFO @ 05:38:43] 0.001963 kWh of electricity used since the beginning.
wandb: uploading data
wandb:                                                                                
wandb: 
wandb: Run history:
wandb:                  BP_Baseline/Epoch â–â–â–‚â–‚â–ƒâ–ƒâ–„â–„â–…â–…â–…â–†â–†â–‡â–‡â–ˆâ–ˆ
wandb:     BP_Baseline/Epoch_Duration_Sec â–ˆâ–ƒâ–‚â–‚â–‚â–‚â–â–‚â–‚â–‚â–‚â–‚â–‚â–‚â–â–â–
wandb: BP_Baseline/GPU_Mem_Used_MiB_Batch â–â–â–â–ˆâ–ˆâ–ˆâ–ˆâ–ˆâ–ˆâ–ˆâ–ˆâ–ˆâ–ˆâ–ˆâ–ˆâ–ˆâ–ˆâ–ˆâ–ˆâ–ˆâ–ˆâ–ˆâ–ˆâ–ˆâ–ˆâ–ˆâ–ˆâ–ˆâ–ˆâ–ˆâ–ˆâ–ˆâ–ˆâ–ˆâ–ˆâ–ˆâ–ˆâ–ˆâ–ˆâ–ˆ
wandb:          BP_Baseline/Learning_Rate â–â–â–â–â–â–â–â–â–â–â–â–â–â–â–â–â–
wandb: BP_Baseline/Peak_GPU_Mem_Epoch_MiB â–â–ˆâ–ˆâ–ˆâ–ˆâ–ˆâ–ˆâ–ˆâ–ˆâ–ˆâ–ˆâ–ˆâ–ˆâ–ˆâ–ˆâ–ˆâ–ˆ
wandb:        BP_Baseline/Train_Acc_Batch â–‚â–â–„â–„â–„â–…â–…â–„â–…â–…â–„â–…â–†â–†â–†â–‡â–†â–†â–…â–†â–‡â–†â–†â–‡â–†â–‡â–†â–‡â–‡â–†â–‡â–‡â–†â–‡â–†â–†â–‡â–‡â–ˆâ–‡
wandb:        BP_Baseline/Train_Acc_Epoch â–â–ƒâ–„â–…â–…â–…â–†â–†â–†â–‡â–‡â–‡â–‡â–ˆâ–ˆâ–ˆâ–ˆ
wandb:       BP_Baseline/Train_Loss_Batch â–†â–ˆâ–…â–†â–…â–„â–ˆâ–„â–„â–…â–ƒâ–„â–ƒâ–…â–„â–ƒâ–‚â–‚â–ƒâ–ƒâ–‚â–ƒâ–ƒâ–ƒâ–‚â–‚â–â–‚â–‚â–‚â–‚â–‚â–‚â–‚â–â–‚â–â–â–‚â–‚
wandb:       BP_Baseline/Train_Loss_Epoch â–ˆâ–†â–…â–„â–„â–ƒâ–ƒâ–ƒâ–‚â–‚â–‚â–‚â–‚â–â–â–â–
wandb:          BP_Baseline/Val_Acc_Epoch â–â–ƒâ–ƒâ–…â–…â–†â–†â–ˆâ–†â–‡â–‡â–‡â–‡â–ˆâ–‡â–‡â–ˆ
wandb:         BP_Baseline/Val_Loss_Epoch â–ˆâ–†â–…â–„â–„â–‚â–‚â–â–ƒâ–‚â–ƒâ–ƒâ–„â–ƒâ–„â–†â–…
wandb:         estimated_bp_update_gflops â–
wandb:               estimated_fwd_gflops â–
wandb:                final/Test_Accuracy â–
wandb:                    final/Test_Loss â–
wandb:   final/codecarbon_emissions_gCO2e â–
wandb:   final/estimated_bp_update_gflops â–
wandb:         final/estimated_fwd_gflops â–
wandb:        final/peak_gpu_mem_used_mib â–
wandb:      final/total_gpu_energy_joules â–
wandb:          final/total_gpu_energy_wh â–
wandb:       final/total_run_duration_sec â–
wandb:        final/training_duration_sec â–
wandb:                        global_step â–â–â–â–â–‚â–‚â–‚â–‚â–‚â–‚â–‚â–ƒâ–ƒâ–ƒâ–ƒâ–„â–„â–„â–…â–…â–…â–…â–…â–…â–…â–†â–†â–†â–†â–†â–†â–†â–†â–‡â–‡â–‡â–‡â–‡â–ˆâ–ˆ
wandb:           initial_gpu_mem_used_mib â–
wandb:             model_parameters_total â–
wandb:         model_parameters_trainable â–
wandb: 
wandb: Run summary:
wandb:                  BP_Baseline/Epoch 17
wandb:     BP_Baseline/Epoch_Duration_Sec 2.30649
wandb: BP_Baseline/GPU_Mem_Used_MiB_Batch 926
wandb:          BP_Baseline/Learning_Rate 0.00021
wandb: BP_Baseline/Peak_GPU_Mem_Epoch_MiB 926
wandb:        BP_Baseline/Train_Acc_Batch 97.65625
wandb:        BP_Baseline/Train_Acc_Epoch 97.26841
wandb:       BP_Baseline/Train_Loss_Batch 0.08718
wandb:       BP_Baseline/Train_Loss_Epoch 0.0773
wandb:          BP_Baseline/Val_Acc_Epoch 90.05
wandb:         BP_Baseline/Val_Loss_Epoch 0.34251
wandb:             codecarbon_country_iso POL
wandb:                 codecarbon_enabled True
wandb:                    codecarbon_mode offline
wandb:         estimated_bp_update_gflops 0.01076
wandb:               estimated_fwd_gflops 0.00359
wandb:                final/Test_Accuracy 88.43
wandb:                    final/Test_Loss 0.31909
wandb:   final/codecarbon_emissions_gCO2e 1.29949
wandb:   final/estimated_bp_update_gflops 0.01076
wandb:         final/estimated_fwd_gflops 0.00359
wandb:        final/peak_gpu_mem_used_mib 926
wandb:      final/total_gpu_energy_joules 2664.59324
wandb:          final/total_gpu_energy_wh 0.74016
wandb:       final/total_run_duration_sec 44.9495
wandb:        final/training_duration_sec 41.95781
wandb:           initial_gpu_mem_used_mib 336.625
wandb:             model_parameters_total 1823850
wandb:         model_parameters_trainable 1823850
wandb: 
wandb: ðŸš€ View run bp_baseline_fashion_mnist_mlp_2x1000 at: https://wandb.ai/przspyra11/BeyondBackpropagation/runs/phwjaujz
wandb: â­ï¸ View project at: https://wandb.ai/przspyra11/BeyondBackpropagation
wandb: Synced 5 W&B file(s), 0 media file(s), 0 artifact file(s) and 0 other file(s)
wandb: Find logs at: ./wandb/run-20250505_053758-phwjaujz/logs
