 binutils/2.38 loaded.
 bzip2/1.0.8 loaded.
 zlib/1.2.12 loaded.
 ncurses/6.3 loaded.
 libreadline/8.1.2 loaded.
 Tcl/8.6.12 loaded.
 SQLite/3.38.3 loaded.
 XZ/5.2.5 loaded.
 GMP/6.2.1 loaded.
 libffi/3.4.2 loaded.
 OpenSSL/1.1 loaded.
 Python/3.10.4 loaded.
 CUDA/12.4.0 loaded.

Currently Loaded Modules:
  1) binutils/2.38   5) libreadline/8.1.2   9) GMP/6.2.1      13) CUDA/12.4.0
  2) bzip2/1.0.8     6) Tcl/8.6.12         10) libffi/3.4.2
  3) zlib/1.2.12     7) SQLite/3.38.3      11) OpenSSL/1.1
  4) ncurses/6.3     8) XZ/5.2.5           12) Python/3.10.4

 

2025-05-08 04:13:10,347 - src.utils.config_parser - INFO - Successfully merged configuration from configs/bp_baselines/mnist_mlp_2x1000_bp.yaml and configs/base.yaml
wandb: Using wandb-core as the SDK backend.  Please refer to https://wandb.me/wandb-core for more information.
wandb: Currently logged in as: przspyra11 (agh_racing) to https://api.wandb.ai. Use `wandb login --relogin` to force relogin
wandb: Tracking run with wandb version 0.19.8
wandb: Run data is saved locally in /net/tscratch/people/plgspyra/BeyondBackpropagation/wandb/run-20250508_041311-vz4wfa5u
wandb: Run `wandb offline` to turn off syncing.
wandb: Syncing run bp_baseline_mnist_mlp_2x1000
wandb: â­ï¸ View project at https://wandb.ai/przspyra11/BeyondBackpropagation
wandb: ðŸš€ View run at https://wandb.ai/przspyra11/BeyondBackpropagation/runs/vz4wfa5u
[codecarbon INFO @ 04:13:11] offline tracker init
[codecarbon INFO @ 04:13:11] [setup] RAM Tracking...
[codecarbon INFO @ 04:13:11] [setup] CPU Tracking...
 Linux OS detected: Please ensure RAPL files exist at /sys/class/powercap/intel-rapl/subsystem to measure CPU

[codecarbon INFO @ 04:13:11] CPU Model on constant consumption mode: AMD EPYC 7742 64-Core Processor
[codecarbon INFO @ 04:13:11] [setup] GPU Tracking...
[codecarbon INFO @ 04:13:11] Tracking Nvidia GPU via pynvml
[codecarbon INFO @ 04:13:11] The below tracking methods have been set up:
                RAM Tracking Method: RAM power estimation model
                CPU Tracking Method: cpu_load
                GPU Tracking Method: pynvml
            
[codecarbon INFO @ 04:13:11] >>> Tracker's metadata:
[codecarbon INFO @ 04:13:11]   Platform system: Linux-5.14.0-503.26.1.el9_5.x86_64-x86_64-with-glibc2.34
[codecarbon INFO @ 04:13:11]   Python version: 3.10.4
[codecarbon INFO @ 04:13:11]   CodeCarbon version: 3.0.1
[codecarbon INFO @ 04:13:11]   Available RAM : 125.000 GB
[codecarbon INFO @ 04:13:11]   CPU count: 16 thread(s) in 2 physical CPU(s)
[codecarbon INFO @ 04:13:11]   CPU model: AMD EPYC 7742 64-Core Processor
[codecarbon INFO @ 04:13:11]   GPU count: 1
[codecarbon INFO @ 04:13:11]   GPU model: 1 x NVIDIA A100-SXM4-40GB BUT only tracking these GPU ids : [0]
[codecarbon INFO @ 04:13:11] Emissions data (if any) will be saved to file /net/tscratch/people/plgspyra/BeyondBackpropagation/results/carbon/bp_baseline_mnist_mlp_2x1000_carbon.csv

BP Epoch 1/100:   0%|          | 0/390 [00:00<?, ?it/s]
BP Epoch 1/100:   0%|          | 1/390 [00:00<00:42,  9.17it/s]
BP Epoch 1/100:   7%|â–‹         | 27/390 [00:00<00:02, 148.61it/s]
BP Epoch 1/100:  13%|â–ˆâ–Ž        | 50/390 [00:00<00:01, 179.38it/s]
BP Epoch 1/100:  18%|â–ˆâ–Š        | 71/390 [00:00<00:01, 190.16it/s]
BP Epoch 1/100:  24%|â–ˆâ–ˆâ–       | 94/390 [00:00<00:01, 201.13it/s]
BP Epoch 1/100:  24%|â–ˆâ–ˆâ–       | 94/390 [00:00<00:01, 201.13it/s, acc=92.97%, loss=0.2746]
BP Epoch 1/100:  29%|â–ˆâ–ˆâ–‰       | 115/390 [00:00<00:01, 201.72it/s, acc=92.97%, loss=0.2746]
BP Epoch 1/100:  35%|â–ˆâ–ˆâ–ˆâ–Œ      | 138/390 [00:00<00:01, 208.73it/s, acc=92.97%, loss=0.2746]
BP Epoch 1/100:  41%|â–ˆâ–ˆâ–ˆâ–ˆ      | 159/390 [00:00<00:01, 205.44it/s, acc=92.97%, loss=0.2746]
BP Epoch 1/100:  47%|â–ˆâ–ˆâ–ˆâ–ˆâ–‹     | 182/390 [00:00<00:00, 211.83it/s, acc=92.97%, loss=0.2746]
BP Epoch 1/100:  47%|â–ˆâ–ˆâ–ˆâ–ˆâ–‹     | 182/390 [00:01<00:00, 211.83it/s, acc=91.41%, loss=0.3722]
BP Epoch 1/100:  52%|â–ˆâ–ˆâ–ˆâ–ˆâ–ˆâ–    | 204/390 [00:01<00:00, 207.96it/s, acc=91.41%, loss=0.3722]
BP Epoch 1/100:  58%|â–ˆâ–ˆâ–ˆâ–ˆâ–ˆâ–Š    | 227/390 [00:01<00:00, 207.48it/s, acc=91.41%, loss=0.3722]
BP Epoch 1/100:  64%|â–ˆâ–ˆâ–ˆâ–ˆâ–ˆâ–ˆâ–   | 250/390 [00:01<00:00, 213.03it/s, acc=91.41%, loss=0.3722]
BP Epoch 1/100:  70%|â–ˆâ–ˆâ–ˆâ–ˆâ–ˆâ–ˆâ–‰   | 272/390 [00:01<00:00, 209.13it/s, acc=91.41%, loss=0.3722]
BP Epoch 1/100:  76%|â–ˆâ–ˆâ–ˆâ–ˆâ–ˆâ–ˆâ–ˆâ–Œ  | 295/390 [00:01<00:00, 208.26it/s, acc=91.41%, loss=0.3722]
BP Epoch 1/100:  76%|â–ˆâ–ˆâ–ˆâ–ˆâ–ˆâ–ˆâ–ˆâ–Œ  | 295/390 [00:01<00:00, 208.26it/s, acc=95.31%, loss=0.1299]
BP Epoch 1/100:  81%|â–ˆâ–ˆâ–ˆâ–ˆâ–ˆâ–ˆâ–ˆâ–ˆâ– | 317/390 [00:01<00:00, 211.55it/s, acc=95.31%, loss=0.1299]
BP Epoch 1/100:  87%|â–ˆâ–ˆâ–ˆâ–ˆâ–ˆâ–ˆâ–ˆâ–ˆâ–‹ | 339/390 [00:01<00:00, 208.34it/s, acc=95.31%, loss=0.1299]
BP Epoch 1/100:  93%|â–ˆâ–ˆâ–ˆâ–ˆâ–ˆâ–ˆâ–ˆâ–ˆâ–ˆâ–Ž| 361/390 [00:01<00:00, 210.26it/s, acc=95.31%, loss=0.1299]
BP Epoch 1/100:  98%|â–ˆâ–ˆâ–ˆâ–ˆâ–ˆâ–ˆâ–ˆâ–ˆâ–ˆâ–Š| 383/390 [00:01<00:00, 201.59it/s, acc=95.31%, loss=0.1299]
BP Epoch 1/100:  98%|â–ˆâ–ˆâ–ˆâ–ˆâ–ˆâ–ˆâ–ˆâ–ˆâ–ˆâ–Š| 383/390 [00:01<00:00, 201.59it/s, acc=93.75%, loss=0.1218]
                                                                                           

Evaluating BP Model:   0%|          | 0/40 [00:00<?, ?it/s]
Evaluating BP Model:   2%|â–Ž         | 1/40 [00:00<00:04,  8.22it/s]
Evaluating BP Model:  32%|â–ˆâ–ˆâ–ˆâ–Ž      | 13/40 [00:00<00:00, 66.01it/s]
Evaluating BP Model:  62%|â–ˆâ–ˆâ–ˆâ–ˆâ–ˆâ–ˆâ–Ž   | 25/40 [00:00<00:00, 85.60it/s]
Evaluating BP Model:  92%|â–ˆâ–ˆâ–ˆâ–ˆâ–ˆâ–ˆâ–ˆâ–ˆâ–ˆâ–Ž| 37/40 [00:00<00:00, 95.25it/s]
                                                                    

BP Epoch 2/100:   0%|          | 0/390 [00:00<?, ?it/s]
BP Epoch 2/100:   4%|â–         | 17/390 [00:00<00:02, 152.12it/s]
BP Epoch 2/100:  11%|â–ˆ         | 41/390 [00:00<00:01, 187.61it/s]
BP Epoch 2/100:  16%|â–ˆâ–‹        | 64/390 [00:00<00:01, 205.55it/s]
BP Epoch 2/100:  22%|â–ˆâ–ˆâ–       | 85/390 [00:00<00:01, 199.55it/s]
BP Epoch 2/100:  22%|â–ˆâ–ˆâ–       | 85/390 [00:00<00:01, 199.55it/s, acc=98.44%, loss=0.1275]
BP Epoch 2/100:  28%|â–ˆâ–ˆâ–Š       | 108/390 [00:00<00:01, 209.45it/s, acc=98.44%, loss=0.1275]
BP Epoch 2/100:  33%|â–ˆâ–ˆâ–ˆâ–Ž      | 130/390 [00:00<00:01, 204.51it/s, acc=98.44%, loss=0.1275]
BP Epoch 2/100:  39%|â–ˆâ–ˆâ–ˆâ–‰      | 153/390 [00:00<00:01, 203.74it/s, acc=98.44%, loss=0.1275]
BP Epoch 2/100:  45%|â–ˆâ–ˆâ–ˆâ–ˆâ–Œ     | 176/390 [00:00<00:01, 210.93it/s, acc=98.44%, loss=0.1275]
BP Epoch 2/100:  51%|â–ˆâ–ˆâ–ˆâ–ˆâ–ˆ     | 198/390 [00:00<00:00, 206.25it/s, acc=98.44%, loss=0.1275]
BP Epoch 2/100:  51%|â–ˆâ–ˆâ–ˆâ–ˆâ–ˆ     | 198/390 [00:00<00:00, 206.25it/s, acc=94.53%, loss=0.1605]
BP Epoch 2/100:  56%|â–ˆâ–ˆâ–ˆâ–ˆâ–ˆâ–‹    | 220/390 [00:01<00:00, 210.20it/s, acc=94.53%, loss=0.1605]
BP Epoch 2/100:  62%|â–ˆâ–ˆâ–ˆâ–ˆâ–ˆâ–ˆâ–   | 242/390 [00:01<00:00, 206.77it/s, acc=94.53%, loss=0.1605]
BP Epoch 2/100:  68%|â–ˆâ–ˆâ–ˆâ–ˆâ–ˆâ–ˆâ–Š   | 264/390 [00:01<00:00, 210.16it/s, acc=94.53%, loss=0.1605]
BP Epoch 2/100:  73%|â–ˆâ–ˆâ–ˆâ–ˆâ–ˆâ–ˆâ–ˆâ–Ž  | 286/390 [00:01<00:00, 206.73it/s, acc=94.53%, loss=0.1605]
BP Epoch 2/100:  73%|â–ˆâ–ˆâ–ˆâ–ˆâ–ˆâ–ˆâ–ˆâ–Ž  | 286/390 [00:01<00:00, 206.73it/s, acc=96.88%, loss=0.0962]
BP Epoch 2/100:  79%|â–ˆâ–ˆâ–ˆâ–ˆâ–ˆâ–ˆâ–ˆâ–‰  | 309/390 [00:01<00:00, 206.19it/s, acc=96.88%, loss=0.0962]
BP Epoch 2/100:  85%|â–ˆâ–ˆâ–ˆâ–ˆâ–ˆâ–ˆâ–ˆâ–ˆâ–Œ | 332/390 [00:01<00:00, 212.37it/s, acc=96.88%, loss=0.0962]
BP Epoch 2/100:  91%|â–ˆâ–ˆâ–ˆâ–ˆâ–ˆâ–ˆâ–ˆâ–ˆâ–ˆ | 354/390 [00:01<00:00, 208.32it/s, acc=96.88%, loss=0.0962]
BP Epoch 2/100:  97%|â–ˆâ–ˆâ–ˆâ–ˆâ–ˆâ–ˆâ–ˆâ–ˆâ–ˆâ–‹| 377/390 [00:01<00:00, 207.06it/s, acc=96.88%, loss=0.0962]
BP Epoch 2/100:  97%|â–ˆâ–ˆâ–ˆâ–ˆâ–ˆâ–ˆâ–ˆâ–ˆâ–ˆâ–‹| 377/390 [00:01<00:00, 207.06it/s, acc=96.88%, loss=0.0605]
                                                                                           

Evaluating BP Model:   0%|          | 0/40 [00:00<?, ?it/s]
Evaluating BP Model:  22%|â–ˆâ–ˆâ–Ž       | 9/40 [00:00<00:00, 76.65it/s]
Evaluating BP Model:  52%|â–ˆâ–ˆâ–ˆâ–ˆâ–ˆâ–Ž    | 21/40 [00:00<00:00, 95.17it/s]
Evaluating BP Model:  82%|â–ˆâ–ˆâ–ˆâ–ˆâ–ˆâ–ˆâ–ˆâ–ˆâ–Ž | 33/40 [00:00<00:00, 101.20it/s]
                                                                     

BP Epoch 3/100:   0%|          | 0/390 [00:00<?, ?it/s]
BP Epoch 3/100:   4%|â–         | 17/390 [00:00<00:02, 158.40it/s]
BP Epoch 3/100:  10%|â–ˆ         | 40/390 [00:00<00:01, 198.02it/s]
BP Epoch 3/100:  16%|â–ˆâ–Œ        | 61/390 [00:00<00:01, 196.32it/s]
BP Epoch 3/100:  22%|â–ˆâ–ˆâ–       | 84/390 [00:00<00:01, 208.48it/s]
BP Epoch 3/100:  22%|â–ˆâ–ˆâ–       | 84/390 [00:00<00:01, 208.48it/s, acc=96.88%, loss=0.0981]
BP Epoch 3/100:  27%|â–ˆâ–ˆâ–‹       | 105/390 [00:00<00:01, 203.32it/s, acc=96.88%, loss=0.0981]
BP Epoch 3/100:  33%|â–ˆâ–ˆâ–ˆâ–Ž      | 127/390 [00:00<00:01, 208.79it/s, acc=96.88%, loss=0.0981]
BP Epoch 3/100:  38%|â–ˆâ–ˆâ–ˆâ–Š      | 149/390 [00:00<00:01, 206.98it/s, acc=96.88%, loss=0.0981]
BP Epoch 3/100:  44%|â–ˆâ–ˆâ–ˆâ–ˆâ–Ž     | 170/390 [00:00<00:01, 207.22it/s, acc=96.88%, loss=0.0981]
BP Epoch 3/100:  49%|â–ˆâ–ˆâ–ˆâ–ˆâ–‰     | 193/390 [00:00<00:00, 209.44it/s, acc=96.88%, loss=0.0981]
BP Epoch 3/100:  49%|â–ˆâ–ˆâ–ˆâ–ˆâ–‰     | 193/390 [00:00<00:00, 209.44it/s, acc=97.66%, loss=0.0731]
BP Epoch 3/100:  55%|â–ˆâ–ˆâ–ˆâ–ˆâ–ˆâ–    | 214/390 [00:01<00:00, 207.56it/s, acc=97.66%, loss=0.0731]
BP Epoch 3/100:  61%|â–ˆâ–ˆâ–ˆâ–ˆâ–ˆâ–ˆ    | 237/390 [00:01<00:00, 210.52it/s, acc=97.66%, loss=0.0731]
BP Epoch 3/100:  66%|â–ˆâ–ˆâ–ˆâ–ˆâ–ˆâ–ˆâ–‹   | 259/390 [00:01<00:00, 208.68it/s, acc=97.66%, loss=0.0731]
BP Epoch 3/100:  72%|â–ˆâ–ˆâ–ˆâ–ˆâ–ˆâ–ˆâ–ˆâ–  | 281/390 [00:01<00:00, 211.39it/s, acc=97.66%, loss=0.0731]
BP Epoch 3/100:  72%|â–ˆâ–ˆâ–ˆâ–ˆâ–ˆâ–ˆâ–ˆâ–  | 281/390 [00:01<00:00, 211.39it/s, acc=99.22%, loss=0.0482]
BP Epoch 3/100:  78%|â–ˆâ–ˆâ–ˆâ–ˆâ–ˆâ–ˆâ–ˆâ–Š  | 303/390 [00:01<00:00, 207.43it/s, acc=99.22%, loss=0.0482]
BP Epoch 3/100:  83%|â–ˆâ–ˆâ–ˆâ–ˆâ–ˆâ–ˆâ–ˆâ–ˆâ–Ž | 325/390 [00:01<00:00, 210.93it/s, acc=99.22%, loss=0.0482]
BP Epoch 3/100:  89%|â–ˆâ–ˆâ–ˆâ–ˆâ–ˆâ–ˆâ–ˆâ–ˆâ–‰ | 347/390 [00:01<00:00, 205.82it/s, acc=99.22%, loss=0.0482]
BP Epoch 3/100:  95%|â–ˆâ–ˆâ–ˆâ–ˆâ–ˆâ–ˆâ–ˆâ–ˆâ–ˆâ–| 370/390 [00:01<00:00, 205.41it/s, acc=99.22%, loss=0.0482]
BP Epoch 3/100:  95%|â–ˆâ–ˆâ–ˆâ–ˆâ–ˆâ–ˆâ–ˆâ–ˆâ–ˆâ–| 370/390 [00:01<00:00, 205.41it/s, acc=99.22%, loss=0.0378]
                                                                                           

Evaluating BP Model:   0%|          | 0/40 [00:00<?, ?it/s]
Evaluating BP Model:  22%|â–ˆâ–ˆâ–Ž       | 9/40 [00:00<00:00, 75.50it/s]
Evaluating BP Model:  52%|â–ˆâ–ˆâ–ˆâ–ˆâ–ˆâ–Ž    | 21/40 [00:00<00:00, 94.17it/s]
Evaluating BP Model:  82%|â–ˆâ–ˆâ–ˆâ–ˆâ–ˆâ–ˆâ–ˆâ–ˆâ–Ž | 33/40 [00:00<00:00, 100.76it/s]
                                                                     

BP Epoch 4/100:   0%|          | 0/390 [00:00<?, ?it/s]
BP Epoch 4/100:   4%|â–         | 17/390 [00:00<00:02, 155.17it/s]
BP Epoch 4/100:  10%|â–ˆ         | 40/390 [00:00<00:01, 196.46it/s]
BP Epoch 4/100:  16%|â–ˆâ–Œ        | 61/390 [00:00<00:01, 195.89it/s]
BP Epoch 4/100:  21%|â–ˆâ–ˆ        | 82/390 [00:00<00:01, 198.27it/s]
BP Epoch 4/100:  21%|â–ˆâ–ˆ        | 82/390 [00:00<00:01, 198.27it/s, acc=97.66%, loss=0.0619]
BP Epoch 4/100:  27%|â–ˆâ–ˆâ–‹       | 105/390 [00:00<00:01, 204.47it/s, acc=97.66%, loss=0.0619]
BP Epoch 4/100:  32%|â–ˆâ–ˆâ–ˆâ–      | 126/390 [00:00<00:01, 202.60it/s, acc=97.66%, loss=0.0619]
BP Epoch 4/100:  38%|â–ˆâ–ˆâ–ˆâ–Š      | 149/390 [00:00<00:01, 207.67it/s, acc=97.66%, loss=0.0619]
BP Epoch 4/100:  44%|â–ˆâ–ˆâ–ˆâ–ˆâ–Ž     | 170/390 [00:00<00:01, 204.49it/s, acc=97.66%, loss=0.0619]
BP Epoch 4/100:  49%|â–ˆâ–ˆâ–ˆâ–ˆâ–‰     | 193/390 [00:00<00:00, 209.01it/s, acc=97.66%, loss=0.0619]
BP Epoch 4/100:  49%|â–ˆâ–ˆâ–ˆâ–ˆâ–‰     | 193/390 [00:00<00:00, 209.01it/s, acc=96.88%, loss=0.0759]
BP Epoch 4/100:  55%|â–ˆâ–ˆâ–ˆâ–ˆâ–ˆâ–    | 214/390 [00:01<00:00, 205.01it/s, acc=96.88%, loss=0.0759]
BP Epoch 4/100:  61%|â–ˆâ–ˆâ–ˆâ–ˆâ–ˆâ–ˆ    | 236/390 [00:01<00:00, 208.64it/s, acc=96.88%, loss=0.0759]
BP Epoch 4/100:  66%|â–ˆâ–ˆâ–ˆâ–ˆâ–ˆâ–ˆâ–Œ   | 257/390 [00:01<00:00, 208.78it/s, acc=96.88%, loss=0.0759]
BP Epoch 4/100:  71%|â–ˆâ–ˆâ–ˆâ–ˆâ–ˆâ–ˆâ–ˆâ–  | 278/390 [00:01<00:00, 206.01it/s, acc=96.88%, loss=0.0759]
BP Epoch 4/100:  71%|â–ˆâ–ˆâ–ˆâ–ˆâ–ˆâ–ˆâ–ˆâ–  | 278/390 [00:01<00:00, 206.01it/s, acc=96.88%, loss=0.0939]
BP Epoch 4/100:  77%|â–ˆâ–ˆâ–ˆâ–ˆâ–ˆâ–ˆâ–ˆâ–‹  | 300/390 [00:01<00:00, 209.29it/s, acc=96.88%, loss=0.0939]
BP Epoch 4/100:  83%|â–ˆâ–ˆâ–ˆâ–ˆâ–ˆâ–ˆâ–ˆâ–ˆâ–Ž | 322/390 [00:01<00:00, 205.26it/s, acc=96.88%, loss=0.0939]
BP Epoch 4/100:  88%|â–ˆâ–ˆâ–ˆâ–ˆâ–ˆâ–ˆâ–ˆâ–ˆâ–Š | 344/390 [00:01<00:00, 209.17it/s, acc=96.88%, loss=0.0939]
BP Epoch 4/100:  94%|â–ˆâ–ˆâ–ˆâ–ˆâ–ˆâ–ˆâ–ˆâ–ˆâ–ˆâ–Ž| 365/390 [00:01<00:00, 208.89it/s, acc=96.88%, loss=0.0939]
BP Epoch 4/100:  99%|â–ˆâ–ˆâ–ˆâ–ˆâ–ˆâ–ˆâ–ˆâ–ˆâ–ˆâ–‰| 386/390 [00:01<00:00, 198.79it/s, acc=96.88%, loss=0.0939]
BP Epoch 4/100:  99%|â–ˆâ–ˆâ–ˆâ–ˆâ–ˆâ–ˆâ–ˆâ–ˆâ–ˆâ–‰| 386/390 [00:01<00:00, 198.79it/s, acc=96.88%, loss=0.0595]
                                                                                           

Evaluating BP Model:   0%|          | 0/40 [00:00<?, ?it/s]
Evaluating BP Model:  22%|â–ˆâ–ˆâ–Ž       | 9/40 [00:00<00:00, 76.86it/s]
Evaluating BP Model:  52%|â–ˆâ–ˆâ–ˆâ–ˆâ–ˆâ–Ž    | 21/40 [00:00<00:00, 94.51it/s]
Evaluating BP Model:  82%|â–ˆâ–ˆâ–ˆâ–ˆâ–ˆâ–ˆâ–ˆâ–ˆâ–Ž | 33/40 [00:00<00:00, 99.96it/s]
                                                                    

BP Epoch 5/100:   0%|          | 0/390 [00:00<?, ?it/s]
BP Epoch 5/100:   4%|â–         | 17/390 [00:00<00:02, 159.24it/s]
BP Epoch 5/100:  10%|â–ˆ         | 40/390 [00:00<00:01, 198.98it/s]
BP Epoch 5/100:  16%|â–ˆâ–Œ        | 61/390 [00:00<00:01, 198.29it/s]
BP Epoch 5/100:  21%|â–ˆâ–ˆâ–       | 83/390 [00:00<00:01, 202.23it/s]
BP Epoch 5/100:  21%|â–ˆâ–ˆâ–       | 83/390 [00:00<00:01, 202.23it/s, acc=96.88%, loss=0.0935]
BP Epoch 5/100:  27%|â–ˆâ–ˆâ–‹       | 105/390 [00:00<00:01, 207.08it/s, acc=96.88%, loss=0.0935]
BP Epoch 5/100:  32%|â–ˆâ–ˆâ–ˆâ–      | 126/390 [00:00<00:01, 205.83it/s, acc=96.88%, loss=0.0935]
BP Epoch 5/100:  38%|â–ˆâ–ˆâ–ˆâ–Š      | 147/390 [00:00<00:01, 202.91it/s, acc=96.88%, loss=0.0935]
BP Epoch 5/100:  43%|â–ˆâ–ˆâ–ˆâ–ˆâ–Ž     | 169/390 [00:00<00:01, 207.86it/s, acc=96.88%, loss=0.0935]
BP Epoch 5/100:  49%|â–ˆâ–ˆâ–ˆâ–ˆâ–Š     | 190/390 [00:00<00:00, 207.75it/s, acc=96.88%, loss=0.0935]
BP Epoch 5/100:  49%|â–ˆâ–ˆâ–ˆâ–ˆâ–Š     | 190/390 [00:00<00:00, 207.75it/s, acc=97.66%, loss=0.1551]
BP Epoch 5/100:  54%|â–ˆâ–ˆâ–ˆâ–ˆâ–ˆâ–    | 211/390 [00:01<00:00, 202.01it/s, acc=97.66%, loss=0.1551]
BP Epoch 5/100:  60%|â–ˆâ–ˆâ–ˆâ–ˆâ–ˆâ–‰    | 233/390 [00:01<00:00, 206.63it/s, acc=97.66%, loss=0.1551]
BP Epoch 5/100:  65%|â–ˆâ–ˆâ–ˆâ–ˆâ–ˆâ–ˆâ–Œ   | 254/390 [00:01<00:00, 207.27it/s, acc=97.66%, loss=0.1551]
BP Epoch 5/100:  71%|â–ˆâ–ˆâ–ˆâ–ˆâ–ˆâ–ˆâ–ˆ   | 275/390 [00:01<00:00, 201.73it/s, acc=97.66%, loss=0.1551]
BP Epoch 5/100:  76%|â–ˆâ–ˆâ–ˆâ–ˆâ–ˆâ–ˆâ–ˆâ–Œ  | 297/390 [00:01<00:00, 206.42it/s, acc=97.66%, loss=0.1551]
BP Epoch 5/100:  76%|â–ˆâ–ˆâ–ˆâ–ˆâ–ˆâ–ˆâ–ˆâ–Œ  | 297/390 [00:01<00:00, 206.42it/s, acc=100.00%, loss=0.0248]
BP Epoch 5/100:  82%|â–ˆâ–ˆâ–ˆâ–ˆâ–ˆâ–ˆâ–ˆâ–ˆâ– | 318/390 [00:01<00:00, 207.45it/s, acc=100.00%, loss=0.0248]
BP Epoch 5/100:  87%|â–ˆâ–ˆâ–ˆâ–ˆâ–ˆâ–ˆâ–ˆâ–ˆâ–‹ | 339/390 [00:01<00:00, 201.72it/s, acc=100.00%, loss=0.0248]
BP Epoch 5/100:  93%|â–ˆâ–ˆâ–ˆâ–ˆâ–ˆâ–ˆâ–ˆâ–ˆâ–ˆâ–Ž| 361/390 [00:01<00:00, 206.73it/s, acc=100.00%, loss=0.0248]
BP Epoch 5/100:  98%|â–ˆâ–ˆâ–ˆâ–ˆâ–ˆâ–ˆâ–ˆâ–ˆâ–ˆâ–Š| 383/390 [00:01<00:00, 193.86it/s, acc=100.00%, loss=0.0248]
BP Epoch 5/100:  98%|â–ˆâ–ˆâ–ˆâ–ˆâ–ˆâ–ˆâ–ˆâ–ˆâ–ˆâ–Š| 383/390 [00:01<00:00, 193.86it/s, acc=98.44%, loss=0.0566] 
                                                                                           

Evaluating BP Model:   0%|          | 0/40 [00:00<?, ?it/s]
Evaluating BP Model:  22%|â–ˆâ–ˆâ–Ž       | 9/40 [00:00<00:00, 76.52it/s]
Evaluating BP Model:  52%|â–ˆâ–ˆâ–ˆâ–ˆâ–ˆâ–Ž    | 21/40 [00:00<00:00, 95.34it/s]
Evaluating BP Model:  82%|â–ˆâ–ˆâ–ˆâ–ˆâ–ˆâ–ˆâ–ˆâ–ˆâ–Ž | 33/40 [00:00<00:00, 101.25it/s]
                                                                     

BP Epoch 6/100:   0%|          | 0/390 [00:00<?, ?it/s]
BP Epoch 6/100:   4%|â–         | 16/390 [00:00<00:02, 158.30it/s]
BP Epoch 6/100:   9%|â–‰         | 37/390 [00:00<00:01, 180.39it/s]
BP Epoch 6/100:  15%|â–ˆâ–        | 58/390 [00:00<00:01, 192.55it/s]
BP Epoch 6/100:  21%|â–ˆâ–ˆ        | 80/390 [00:00<00:01, 203.10it/s]
BP Epoch 6/100:  21%|â–ˆâ–ˆ        | 80/390 [00:00<00:01, 203.10it/s, acc=100.00%, loss=0.0154]
BP Epoch 6/100:  26%|â–ˆâ–ˆâ–Œ       | 101/390 [00:00<00:01, 203.27it/s, acc=100.00%, loss=0.0154]
BP Epoch 6/100:  31%|â–ˆâ–ˆâ–ˆâ–      | 122/390 [00:00<00:01, 198.85it/s, acc=100.00%, loss=0.0154]
BP Epoch 6/100:  37%|â–ˆâ–ˆâ–ˆâ–‹      | 144/390 [00:00<00:01, 204.85it/s, acc=100.00%, loss=0.0154]
BP Epoch 6/100:  43%|â–ˆâ–ˆâ–ˆâ–ˆâ–Ž     | 166/390 [00:00<00:01, 201.23it/s, acc=100.00%, loss=0.0154]
BP Epoch 6/100:  48%|â–ˆâ–ˆâ–ˆâ–ˆâ–Š     | 188/390 [00:00<00:00, 205.99it/s, acc=100.00%, loss=0.0154]
BP Epoch 6/100:  48%|â–ˆâ–ˆâ–ˆâ–ˆâ–Š     | 188/390 [00:00<00:00, 205.99it/s, acc=100.00%, loss=0.0100]
BP Epoch 6/100:  54%|â–ˆâ–ˆâ–ˆâ–ˆâ–ˆâ–    | 210/390 [00:01<00:00, 202.15it/s, acc=100.00%, loss=0.0100]
BP Epoch 6/100:  59%|â–ˆâ–ˆâ–ˆâ–ˆâ–ˆâ–‰    | 232/390 [00:01<00:00, 206.57it/s, acc=100.00%, loss=0.0100]
BP Epoch 6/100:  65%|â–ˆâ–ˆâ–ˆâ–ˆâ–ˆâ–ˆâ–Œ   | 254/390 [00:01<00:00, 202.60it/s, acc=100.00%, loss=0.0100]
BP Epoch 6/100:  71%|â–ˆâ–ˆâ–ˆâ–ˆâ–ˆâ–ˆâ–ˆ   | 276/390 [00:01<00:00, 207.29it/s, acc=100.00%, loss=0.0100]
BP Epoch 6/100:  76%|â–ˆâ–ˆâ–ˆâ–ˆâ–ˆâ–ˆâ–ˆâ–‹  | 298/390 [00:01<00:00, 202.89it/s, acc=100.00%, loss=0.0100]
BP Epoch 6/100:  76%|â–ˆâ–ˆâ–ˆâ–ˆâ–ˆâ–ˆâ–ˆâ–‹  | 298/390 [00:01<00:00, 202.89it/s, acc=100.00%, loss=0.0121]
BP Epoch 6/100:  82%|â–ˆâ–ˆâ–ˆâ–ˆâ–ˆâ–ˆâ–ˆâ–ˆâ– | 320/390 [00:01<00:00, 207.14it/s, acc=100.00%, loss=0.0121]
BP Epoch 6/100:  88%|â–ˆâ–ˆâ–ˆâ–ˆâ–ˆâ–ˆâ–ˆâ–ˆâ–Š | 342/390 [00:01<00:00, 202.85it/s, acc=100.00%, loss=0.0121]
BP Epoch 6/100:  93%|â–ˆâ–ˆâ–ˆâ–ˆâ–ˆâ–ˆâ–ˆâ–ˆâ–ˆâ–Ž| 364/390 [00:01<00:00, 207.39it/s, acc=100.00%, loss=0.0121]
BP Epoch 6/100:  99%|â–ˆâ–ˆâ–ˆâ–ˆâ–ˆâ–ˆâ–ˆâ–ˆâ–ˆâ–Š| 385/390 [00:01<00:00, 201.31it/s, acc=100.00%, loss=0.0121]
BP Epoch 6/100:  99%|â–ˆâ–ˆâ–ˆâ–ˆâ–ˆâ–ˆâ–ˆâ–ˆâ–ˆâ–Š| 385/390 [00:01<00:00, 201.31it/s, acc=96.88%, loss=0.0891] 
                                                                                           

Evaluating BP Model:   0%|          | 0/40 [00:00<?, ?it/s]
Evaluating BP Model:  22%|â–ˆâ–ˆâ–Ž       | 9/40 [00:00<00:00, 77.51it/s]
Evaluating BP Model:  52%|â–ˆâ–ˆâ–ˆâ–ˆâ–ˆâ–Ž    | 21/40 [00:00<00:00, 95.28it/s]
Evaluating BP Model:  82%|â–ˆâ–ˆâ–ˆâ–ˆâ–ˆâ–ˆâ–ˆâ–ˆâ–Ž | 33/40 [00:00<00:00, 100.79it/s]
                                                                     

BP Epoch 7/100:   0%|          | 0/390 [00:00<?, ?it/s]
BP Epoch 7/100:   4%|â–         | 15/390 [00:00<00:02, 149.87it/s][codecarbon INFO @ 04:13:27] Energy consumed for RAM : 0.000164 kWh. RAM Power : 38.0 W

BP Epoch 7/100:   9%|â–‰         | 37/390 [00:00<00:01, 187.10it/s]
BP Epoch 7/100:  15%|â–ˆâ–        | 58/390 [00:00<00:01, 193.09it/s]
BP Epoch 7/100:  21%|â–ˆâ–ˆ        | 80/390 [00:00<00:01, 202.21it/s]
BP Epoch 7/100:  21%|â–ˆâ–ˆ        | 80/390 [00:00<00:01, 202.21it/s, acc=100.00%, loss=0.0084]
BP Epoch 7/100:  26%|â–ˆâ–ˆâ–Œ       | 101/390 [00:00<00:01, 203.70it/s, acc=100.00%, loss=0.0084]
BP Epoch 7/100:  31%|â–ˆâ–ˆâ–ˆâ–      | 122/390 [00:00<00:01, 202.21it/s, acc=100.00%, loss=0.0084][codecarbon INFO @ 04:13:28] Delta energy consumed for CPU with cpu_load : 0.000345 kWh, power : 79.89000000000001 W
[codecarbon INFO @ 04:13:28] Energy consumed for All CPU : 0.000345 kWh
[codecarbon INFO @ 04:13:28] Energy consumed for all GPUs : 0.000268 kWh. Total GPU Power : 60.151757567390305 W
[codecarbon INFO @ 04:13:28] 0.000776 kWh of electricity used since the beginning.

BP Epoch 7/100:  37%|â–ˆâ–ˆâ–ˆâ–‹      | 143/390 [00:00<00:01, 202.42it/s, acc=100.00%, loss=0.0084]
BP Epoch 7/100:  42%|â–ˆâ–ˆâ–ˆâ–ˆâ–     | 165/390 [00:00<00:01, 207.64it/s, acc=100.00%, loss=0.0084]
BP Epoch 7/100:  48%|â–ˆâ–ˆâ–ˆâ–ˆâ–Š     | 186/390 [00:00<00:01, 203.93it/s, acc=100.00%, loss=0.0084]
BP Epoch 7/100:  48%|â–ˆâ–ˆâ–ˆâ–ˆâ–Š     | 186/390 [00:00<00:01, 203.93it/s, acc=97.66%, loss=0.0526] 
BP Epoch 7/100:  53%|â–ˆâ–ˆâ–ˆâ–ˆâ–ˆâ–Ž    | 207/390 [00:01<00:00, 203.77it/s, acc=97.66%, loss=0.0526]
BP Epoch 7/100:  59%|â–ˆâ–ˆâ–ˆâ–ˆâ–ˆâ–Š    | 229/390 [00:01<00:00, 208.23it/s, acc=97.66%, loss=0.0526]
BP Epoch 7/100:  64%|â–ˆâ–ˆâ–ˆâ–ˆâ–ˆâ–ˆâ–   | 250/390 [00:01<00:00, 204.10it/s, acc=97.66%, loss=0.0526]
BP Epoch 7/100:  69%|â–ˆâ–ˆâ–ˆâ–ˆâ–ˆâ–ˆâ–‰   | 271/390 [00:01<00:00, 204.44it/s, acc=97.66%, loss=0.0526]
BP Epoch 7/100:  75%|â–ˆâ–ˆâ–ˆâ–ˆâ–ˆâ–ˆâ–ˆâ–Œ  | 294/390 [00:01<00:00, 206.07it/s, acc=97.66%, loss=0.0526]
BP Epoch 7/100:  75%|â–ˆâ–ˆâ–ˆâ–ˆâ–ˆâ–ˆâ–ˆâ–Œ  | 294/390 [00:01<00:00, 206.07it/s, acc=100.00%, loss=0.0182]
BP Epoch 7/100:  81%|â–ˆâ–ˆâ–ˆâ–ˆâ–ˆâ–ˆâ–ˆâ–ˆ  | 315/390 [00:01<00:00, 205.67it/s, acc=100.00%, loss=0.0182]
BP Epoch 7/100:  87%|â–ˆâ–ˆâ–ˆâ–ˆâ–ˆâ–ˆâ–ˆâ–ˆâ–‹ | 338/390 [00:01<00:00, 208.17it/s, acc=100.00%, loss=0.0182]
BP Epoch 7/100:  92%|â–ˆâ–ˆâ–ˆâ–ˆâ–ˆâ–ˆâ–ˆâ–ˆâ–ˆâ–| 359/390 [00:01<00:00, 205.71it/s, acc=100.00%, loss=0.0182]
BP Epoch 7/100:  98%|â–ˆâ–ˆâ–ˆâ–ˆâ–ˆâ–ˆâ–ˆâ–ˆâ–ˆâ–Š| 382/390 [00:01<00:00, 208.86it/s, acc=100.00%, loss=0.0182]
BP Epoch 7/100:  98%|â–ˆâ–ˆâ–ˆâ–ˆâ–ˆâ–ˆâ–ˆâ–ˆâ–ˆâ–Š| 382/390 [00:01<00:00, 208.86it/s, acc=100.00%, loss=0.0049]
                                                                                            

Evaluating BP Model:   0%|          | 0/40 [00:00<?, ?it/s]
Evaluating BP Model:  22%|â–ˆâ–ˆâ–Ž       | 9/40 [00:00<00:00, 76.27it/s]
Evaluating BP Model:  52%|â–ˆâ–ˆâ–ˆâ–ˆâ–ˆâ–Ž    | 21/40 [00:00<00:00, 94.17it/s]
Evaluating BP Model:  82%|â–ˆâ–ˆâ–ˆâ–ˆâ–ˆâ–ˆâ–ˆâ–ˆâ–Ž | 33/40 [00:00<00:00, 100.58it/s]
                                                                     

BP Epoch 8/100:   0%|          | 0/390 [00:00<?, ?it/s]
BP Epoch 8/100:   4%|â–         | 15/390 [00:00<00:02, 149.17it/s]
BP Epoch 8/100:   9%|â–‰         | 37/390 [00:00<00:01, 178.21it/s]
BP Epoch 8/100:  15%|â–ˆâ–Œ        | 60/390 [00:00<00:01, 200.26it/s]
BP Epoch 8/100:  21%|â–ˆâ–ˆ        | 81/390 [00:00<00:01, 195.20it/s]
BP Epoch 8/100:  21%|â–ˆâ–ˆ        | 81/390 [00:00<00:01, 195.20it/s, acc=100.00%, loss=0.0017]
BP Epoch 8/100:  26%|â–ˆâ–ˆâ–‹       | 103/390 [00:00<00:01, 203.13it/s, acc=100.00%, loss=0.0017]
BP Epoch 8/100:  32%|â–ˆâ–ˆâ–ˆâ–      | 125/390 [00:00<00:01, 202.31it/s, acc=100.00%, loss=0.0017]
BP Epoch 8/100:  38%|â–ˆâ–ˆâ–ˆâ–Š      | 147/390 [00:00<00:01, 207.80it/s, acc=100.00%, loss=0.0017]
BP Epoch 8/100:  43%|â–ˆâ–ˆâ–ˆâ–ˆâ–Ž     | 169/390 [00:00<00:01, 205.77it/s, acc=100.00%, loss=0.0017]
BP Epoch 8/100:  49%|â–ˆâ–ˆâ–ˆâ–ˆâ–‰     | 191/390 [00:00<00:00, 207.20it/s, acc=100.00%, loss=0.0017]
BP Epoch 8/100:  49%|â–ˆâ–ˆâ–ˆâ–ˆâ–‰     | 191/390 [00:00<00:00, 207.20it/s, acc=100.00%, loss=0.0101]
BP Epoch 8/100:  55%|â–ˆâ–ˆâ–ˆâ–ˆâ–ˆâ–    | 213/390 [00:01<00:00, 208.28it/s, acc=100.00%, loss=0.0101]
BP Epoch 8/100:  60%|â–ˆâ–ˆâ–ˆâ–ˆâ–ˆâ–ˆ    | 235/390 [00:01<00:00, 206.22it/s, acc=100.00%, loss=0.0101]
BP Epoch 8/100:  66%|â–ˆâ–ˆâ–ˆâ–ˆâ–ˆâ–ˆâ–Œ   | 257/390 [00:01<00:00, 209.29it/s, acc=100.00%, loss=0.0101]
BP Epoch 8/100:  72%|â–ˆâ–ˆâ–ˆâ–ˆâ–ˆâ–ˆâ–ˆâ–  | 279/390 [00:01<00:00, 204.67it/s, acc=100.00%, loss=0.0101]
BP Epoch 8/100:  72%|â–ˆâ–ˆâ–ˆâ–ˆâ–ˆâ–ˆâ–ˆâ–  | 279/390 [00:01<00:00, 204.67it/s, acc=100.00%, loss=0.0048]
BP Epoch 8/100:  77%|â–ˆâ–ˆâ–ˆâ–ˆâ–ˆâ–ˆâ–ˆâ–‹  | 300/390 [00:01<00:00, 205.96it/s, acc=100.00%, loss=0.0048]
BP Epoch 8/100:  83%|â–ˆâ–ˆâ–ˆâ–ˆâ–ˆâ–ˆâ–ˆâ–ˆâ–Ž | 323/390 [00:01<00:00, 204.51it/s, acc=100.00%, loss=0.0048]
BP Epoch 8/100:  89%|â–ˆâ–ˆâ–ˆâ–ˆâ–ˆâ–ˆâ–ˆâ–ˆâ–Š | 346/390 [00:01<00:00, 210.62it/s, acc=100.00%, loss=0.0048]
BP Epoch 8/100:  94%|â–ˆâ–ˆâ–ˆâ–ˆâ–ˆâ–ˆâ–ˆâ–ˆâ–ˆâ–| 368/390 [00:01<00:00, 205.07it/s, acc=100.00%, loss=0.0048]
BP Epoch 8/100: 100%|â–ˆâ–ˆâ–ˆâ–ˆâ–ˆâ–ˆâ–ˆâ–ˆâ–ˆâ–‰| 389/390 [00:01<00:00, 203.24it/s, acc=100.00%, loss=0.0048]
BP Epoch 8/100: 100%|â–ˆâ–ˆâ–ˆâ–ˆâ–ˆâ–ˆâ–ˆâ–ˆâ–ˆâ–‰| 389/390 [00:01<00:00, 203.24it/s, acc=100.00%, loss=0.0015]
                                                                                            

Evaluating BP Model:   0%|          | 0/40 [00:00<?, ?it/s]
Evaluating BP Model:  22%|â–ˆâ–ˆâ–Ž       | 9/40 [00:00<00:00, 78.28it/s]
Evaluating BP Model:  52%|â–ˆâ–ˆâ–ˆâ–ˆâ–ˆâ–Ž    | 21/40 [00:00<00:00, 95.64it/s]
Evaluating BP Model:  82%|â–ˆâ–ˆâ–ˆâ–ˆâ–ˆâ–ˆâ–ˆâ–ˆâ–Ž | 33/40 [00:00<00:00, 100.58it/s]
                                                                     

BP Epoch 9/100:   0%|          | 0/390 [00:00<?, ?it/s]
BP Epoch 9/100:   4%|â–         | 17/390 [00:00<00:02, 167.88it/s]
BP Epoch 9/100:  10%|â–ˆ         | 39/390 [00:00<00:01, 197.96it/s]
BP Epoch 9/100:  16%|â–ˆâ–Œ        | 61/390 [00:00<00:01, 201.40it/s]
BP Epoch 9/100:  21%|â–ˆâ–ˆ        | 82/390 [00:00<00:01, 204.51it/s]
BP Epoch 9/100:  21%|â–ˆâ–ˆ        | 82/390 [00:00<00:01, 204.51it/s, acc=100.00%, loss=0.0081]
BP Epoch 9/100:  27%|â–ˆâ–ˆâ–‹       | 104/390 [00:00<00:01, 209.16it/s, acc=100.00%, loss=0.0081]
BP Epoch 9/100:  32%|â–ˆâ–ˆâ–ˆâ–      | 125/390 [00:00<00:01, 208.01it/s, acc=100.00%, loss=0.0081]
BP Epoch 9/100:  37%|â–ˆâ–ˆâ–ˆâ–‹      | 146/390 [00:00<00:01, 205.77it/s, acc=100.00%, loss=0.0081]
BP Epoch 9/100:  43%|â–ˆâ–ˆâ–ˆâ–ˆâ–Ž     | 168/390 [00:00<00:01, 209.90it/s, acc=100.00%, loss=0.0081]
BP Epoch 9/100:  49%|â–ˆâ–ˆâ–ˆâ–ˆâ–Š     | 190/390 [00:00<00:00, 205.83it/s, acc=100.00%, loss=0.0081]
BP Epoch 9/100:  49%|â–ˆâ–ˆâ–ˆâ–ˆâ–Š     | 190/390 [00:00<00:00, 205.83it/s, acc=100.00%, loss=0.0079]
BP Epoch 9/100:  54%|â–ˆâ–ˆâ–ˆâ–ˆâ–ˆâ–    | 212/390 [00:01<00:00, 209.66it/s, acc=100.00%, loss=0.0079]
BP Epoch 9/100:  60%|â–ˆâ–ˆâ–ˆâ–ˆâ–ˆâ–ˆ    | 234/390 [00:01<00:00, 206.08it/s, acc=100.00%, loss=0.0079]
BP Epoch 9/100:  65%|â–ˆâ–ˆâ–ˆâ–ˆâ–ˆâ–ˆâ–Œ   | 255/390 [00:01<00:00, 207.22it/s, acc=100.00%, loss=0.0079]
BP Epoch 9/100:  71%|â–ˆâ–ˆâ–ˆâ–ˆâ–ˆâ–ˆâ–ˆâ–  | 278/390 [00:01<00:00, 206.68it/s, acc=100.00%, loss=0.0079]
BP Epoch 9/100:  77%|â–ˆâ–ˆâ–ˆâ–ˆâ–ˆâ–ˆâ–ˆâ–‹  | 299/390 [00:01<00:00, 207.39it/s, acc=100.00%, loss=0.0079]
BP Epoch 9/100:  77%|â–ˆâ–ˆâ–ˆâ–ˆâ–ˆâ–ˆâ–ˆâ–‹  | 299/390 [00:01<00:00, 207.39it/s, acc=100.00%, loss=0.0032]
BP Epoch 9/100:  82%|â–ˆâ–ˆâ–ˆâ–ˆâ–ˆâ–ˆâ–ˆâ–ˆâ– | 321/390 [00:01<00:00, 211.06it/s, acc=100.00%, loss=0.0032]
BP Epoch 9/100:  88%|â–ˆâ–ˆâ–ˆâ–ˆâ–ˆâ–ˆâ–ˆâ–ˆâ–Š | 343/390 [00:01<00:00, 206.20it/s, acc=100.00%, loss=0.0032]
BP Epoch 9/100:  94%|â–ˆâ–ˆâ–ˆâ–ˆâ–ˆâ–ˆâ–ˆâ–ˆâ–ˆâ–Ž| 365/390 [00:01<00:00, 209.86it/s, acc=100.00%, loss=0.0032]
BP Epoch 9/100:  99%|â–ˆâ–ˆâ–ˆâ–ˆâ–ˆâ–ˆâ–ˆâ–ˆâ–ˆâ–‰| 387/390 [00:01<00:00, 203.39it/s, acc=100.00%, loss=0.0032]
BP Epoch 9/100:  99%|â–ˆâ–ˆâ–ˆâ–ˆâ–ˆâ–ˆâ–ˆâ–ˆâ–ˆâ–‰| 387/390 [00:01<00:00, 203.39it/s, acc=99.22%, loss=0.0145] 
                                                                                           

Evaluating BP Model:   0%|          | 0/40 [00:00<?, ?it/s]
Evaluating BP Model:  22%|â–ˆâ–ˆâ–Ž       | 9/40 [00:00<00:00, 78.37it/s]
Evaluating BP Model:  52%|â–ˆâ–ˆâ–ˆâ–ˆâ–ˆâ–Ž    | 21/40 [00:00<00:00, 95.26it/s]
Evaluating BP Model:  82%|â–ˆâ–ˆâ–ˆâ–ˆâ–ˆâ–ˆâ–ˆâ–ˆâ–Ž | 33/40 [00:00<00:00, 101.02it/s]
                                                                     

BP Epoch 10/100:   0%|          | 0/390 [00:00<?, ?it/s]
BP Epoch 10/100:   4%|â–         | 17/390 [00:00<00:02, 151.68it/s]
BP Epoch 10/100:  10%|â–ˆ         | 40/390 [00:00<00:01, 195.39it/s]
BP Epoch 10/100:  16%|â–ˆâ–Œ        | 61/390 [00:00<00:01, 195.14it/s]
BP Epoch 10/100:  21%|â–ˆâ–ˆâ–       | 83/390 [00:00<00:01, 204.34it/s]
BP Epoch 10/100:  21%|â–ˆâ–ˆâ–       | 83/390 [00:00<00:01, 204.34it/s, acc=99.22%, loss=0.0122]
BP Epoch 10/100:  27%|â–ˆâ–ˆâ–‹       | 105/390 [00:00<00:01, 203.45it/s, acc=99.22%, loss=0.0122]
BP Epoch 10/100:  33%|â–ˆâ–ˆâ–ˆâ–Ž      | 127/390 [00:00<00:01, 206.25it/s, acc=99.22%, loss=0.0122]
BP Epoch 10/100:  38%|â–ˆâ–ˆâ–ˆâ–Š      | 149/390 [00:00<00:01, 206.94it/s, acc=99.22%, loss=0.0122]
BP Epoch 10/100:  44%|â–ˆâ–ˆâ–ˆâ–ˆâ–     | 171/390 [00:00<00:01, 205.55it/s, acc=99.22%, loss=0.0122]
BP Epoch 10/100:  49%|â–ˆâ–ˆâ–ˆâ–ˆâ–‰     | 192/390 [00:00<00:00, 205.95it/s, acc=99.22%, loss=0.0122]
BP Epoch 10/100:  49%|â–ˆâ–ˆâ–ˆâ–ˆâ–‰     | 192/390 [00:00<00:00, 205.95it/s, acc=100.00%, loss=0.0020]
BP Epoch 10/100:  55%|â–ˆâ–ˆâ–ˆâ–ˆâ–ˆâ–    | 213/390 [00:01<00:00, 206.72it/s, acc=100.00%, loss=0.0020]
BP Epoch 10/100:  60%|â–ˆâ–ˆâ–ˆâ–ˆâ–ˆâ–ˆ    | 235/390 [00:01<00:00, 204.04it/s, acc=100.00%, loss=0.0020]
BP Epoch 10/100:  66%|â–ˆâ–ˆâ–ˆâ–ˆâ–ˆâ–ˆâ–Œ   | 257/390 [00:01<00:00, 208.35it/s, acc=100.00%, loss=0.0020]
BP Epoch 10/100:  72%|â–ˆâ–ˆâ–ˆâ–ˆâ–ˆâ–ˆâ–ˆâ–  | 279/390 [00:01<00:00, 204.02it/s, acc=100.00%, loss=0.0020]
BP Epoch 10/100:  72%|â–ˆâ–ˆâ–ˆâ–ˆâ–ˆâ–ˆâ–ˆâ–  | 279/390 [00:01<00:00, 204.02it/s, acc=100.00%, loss=0.0023]
BP Epoch 10/100:  77%|â–ˆâ–ˆâ–ˆâ–ˆâ–ˆâ–ˆâ–ˆâ–‹  | 300/390 [00:01<00:00, 205.26it/s, acc=100.00%, loss=0.0023]
BP Epoch 10/100:  83%|â–ˆâ–ˆâ–ˆâ–ˆâ–ˆâ–ˆâ–ˆâ–ˆâ–Ž | 323/390 [00:01<00:00, 204.68it/s, acc=100.00%, loss=0.0023]
BP Epoch 10/100:  88%|â–ˆâ–ˆâ–ˆâ–ˆâ–ˆâ–ˆâ–ˆâ–ˆâ–Š | 344/390 [00:01<00:00, 206.19it/s, acc=100.00%, loss=0.0023]
BP Epoch 10/100:  94%|â–ˆâ–ˆâ–ˆâ–ˆâ–ˆâ–ˆâ–ˆâ–ˆâ–ˆâ–| 367/390 [00:01<00:00, 204.99it/s, acc=100.00%, loss=0.0023]
BP Epoch 10/100:  99%|â–ˆâ–ˆâ–ˆâ–ˆâ–ˆâ–ˆâ–ˆâ–ˆâ–ˆâ–‰| 388/390 [00:01<00:00, 204.24it/s, acc=100.00%, loss=0.0023]
BP Epoch 10/100:  99%|â–ˆâ–ˆâ–ˆâ–ˆâ–ˆâ–ˆâ–ˆâ–ˆâ–ˆâ–‰| 388/390 [00:01<00:00, 204.24it/s, acc=99.22%, loss=0.0177] 
                                                                                            

Evaluating BP Model:   0%|          | 0/40 [00:00<?, ?it/s]
Evaluating BP Model:  22%|â–ˆâ–ˆâ–Ž       | 9/40 [00:00<00:00, 77.52it/s]
Evaluating BP Model:  52%|â–ˆâ–ˆâ–ˆâ–ˆâ–ˆâ–Ž    | 21/40 [00:00<00:00, 94.78it/s]
Evaluating BP Model:  82%|â–ˆâ–ˆâ–ˆâ–ˆâ–ˆâ–ˆâ–ˆâ–ˆâ–Ž | 33/40 [00:00<00:00, 99.88it/s]
                                                                    

BP Epoch 11/100:   0%|          | 0/390 [00:00<?, ?it/s]
BP Epoch 11/100:   4%|â–         | 17/390 [00:00<00:02, 155.18it/s]
BP Epoch 11/100:  10%|â–ˆ         | 39/390 [00:00<00:01, 191.58it/s]
BP Epoch 11/100:  16%|â–ˆâ–Œ        | 61/390 [00:00<00:01, 194.70it/s]
BP Epoch 11/100:  22%|â–ˆâ–ˆâ–       | 84/390 [00:00<00:01, 207.52it/s]
BP Epoch 11/100:  22%|â–ˆâ–ˆâ–       | 84/390 [00:00<00:01, 207.52it/s, acc=100.00%, loss=0.0011]
BP Epoch 11/100:  27%|â–ˆâ–ˆâ–‹       | 105/390 [00:00<00:01, 203.51it/s, acc=100.00%, loss=0.0011]
BP Epoch 11/100:  33%|â–ˆâ–ˆâ–ˆâ–Ž      | 127/390 [00:00<00:01, 207.82it/s, acc=100.00%, loss=0.0011]
BP Epoch 11/100:  38%|â–ˆâ–ˆâ–ˆâ–Š      | 149/390 [00:00<00:01, 207.12it/s, acc=100.00%, loss=0.0011]
BP Epoch 11/100:  44%|â–ˆâ–ˆâ–ˆâ–ˆâ–     | 171/390 [00:00<00:01, 208.83it/s, acc=100.00%, loss=0.0011]
BP Epoch 11/100:  49%|â–ˆâ–ˆâ–ˆâ–ˆâ–‰     | 193/390 [00:00<00:00, 208.38it/s, acc=100.00%, loss=0.0011]
BP Epoch 11/100:  49%|â–ˆâ–ˆâ–ˆâ–ˆâ–‰     | 193/390 [00:00<00:00, 208.38it/s, acc=100.00%, loss=0.0072]
BP Epoch 11/100:  55%|â–ˆâ–ˆâ–ˆâ–ˆâ–ˆâ–Œ    | 215/390 [00:01<00:00, 208.94it/s, acc=100.00%, loss=0.0072]
BP Epoch 11/100:  61%|â–ˆâ–ˆâ–ˆâ–ˆâ–ˆâ–ˆ    | 237/390 [00:01<00:00, 209.83it/s, acc=100.00%, loss=0.0072]
BP Epoch 11/100:  66%|â–ˆâ–ˆâ–ˆâ–ˆâ–ˆâ–ˆâ–‹   | 259/390 [00:01<00:00, 209.01it/s, acc=100.00%, loss=0.0072]
BP Epoch 11/100:  72%|â–ˆâ–ˆâ–ˆâ–ˆâ–ˆâ–ˆâ–ˆâ–  | 281/390 [00:01<00:00, 210.93it/s, acc=100.00%, loss=0.0072]
BP Epoch 11/100:  72%|â–ˆâ–ˆâ–ˆâ–ˆâ–ˆâ–ˆâ–ˆâ–  | 281/390 [00:01<00:00, 210.93it/s, acc=100.00%, loss=0.0110]
BP Epoch 11/100:  78%|â–ˆâ–ˆâ–ˆâ–ˆâ–ˆâ–ˆâ–ˆâ–Š  | 303/390 [00:01<00:00, 208.80it/s, acc=100.00%, loss=0.0110]
BP Epoch 11/100:  83%|â–ˆâ–ˆâ–ˆâ–ˆâ–ˆâ–ˆâ–ˆâ–ˆâ–Ž | 325/390 [00:01<00:00, 211.76it/s, acc=100.00%, loss=0.0110]
BP Epoch 11/100:  89%|â–ˆâ–ˆâ–ˆâ–ˆâ–ˆâ–ˆâ–ˆâ–ˆâ–‰ | 347/390 [00:01<00:00, 208.61it/s, acc=100.00%, loss=0.0110]
BP Epoch 11/100:  95%|â–ˆâ–ˆâ–ˆâ–ˆâ–ˆâ–ˆâ–ˆâ–ˆâ–ˆâ–| 370/390 [00:01<00:00, 210.08it/s, acc=100.00%, loss=0.0110]
BP Epoch 11/100:  95%|â–ˆâ–ˆâ–ˆâ–ˆâ–ˆâ–ˆâ–ˆâ–ˆâ–ˆâ–| 370/390 [00:01<00:00, 210.08it/s, acc=100.00%, loss=0.0048]
                                                                                             

Evaluating BP Model:   0%|          | 0/40 [00:00<?, ?it/s]
Evaluating BP Model:  22%|â–ˆâ–ˆâ–Ž       | 9/40 [00:00<00:00, 76.61it/s]
Evaluating BP Model:  52%|â–ˆâ–ˆâ–ˆâ–ˆâ–ˆâ–Ž    | 21/40 [00:00<00:00, 94.76it/s]
Evaluating BP Model:  82%|â–ˆâ–ˆâ–ˆâ–ˆâ–ˆâ–ˆâ–ˆâ–ˆâ–Ž | 33/40 [00:00<00:00, 100.64it/s]
                                                                     

BP Epoch 12/100:   0%|          | 0/390 [00:00<?, ?it/s]
BP Epoch 12/100:   4%|â–         | 17/390 [00:00<00:02, 157.57it/s]
BP Epoch 12/100:  10%|â–ˆ         | 39/390 [00:00<00:01, 191.67it/s]
BP Epoch 12/100:  16%|â–ˆâ–Œ        | 61/390 [00:00<00:01, 195.14it/s]
BP Epoch 12/100:  22%|â–ˆâ–ˆâ–       | 84/390 [00:00<00:01, 207.79it/s]
BP Epoch 12/100:  22%|â–ˆâ–ˆâ–       | 84/390 [00:00<00:01, 207.79it/s, acc=99.22%, loss=0.0263]
BP Epoch 12/100:  27%|â–ˆâ–ˆâ–‹       | 105/390 [00:00<00:01, 200.99it/s, acc=99.22%, loss=0.0263]
BP Epoch 12/100:  33%|â–ˆâ–ˆâ–ˆâ–Ž      | 128/390 [00:00<00:01, 210.39it/s, acc=99.22%, loss=0.0263]
BP Epoch 12/100:  38%|â–ˆâ–ˆâ–ˆâ–Š      | 150/390 [00:00<00:01, 205.53it/s, acc=99.22%, loss=0.0263]
BP Epoch 12/100:  44%|â–ˆâ–ˆâ–ˆâ–ˆâ–     | 173/390 [00:00<00:01, 204.25it/s, acc=99.22%, loss=0.0263]
BP Epoch 12/100:  50%|â–ˆâ–ˆâ–ˆâ–ˆâ–ˆ     | 196/390 [00:00<00:00, 211.31it/s, acc=99.22%, loss=0.0263]
BP Epoch 12/100:  50%|â–ˆâ–ˆâ–ˆâ–ˆâ–ˆ     | 196/390 [00:00<00:00, 211.31it/s, acc=100.00%, loss=0.0042]
BP Epoch 12/100:  56%|â–ˆâ–ˆâ–ˆâ–ˆâ–ˆâ–Œ    | 218/390 [00:01<00:00, 206.36it/s, acc=100.00%, loss=0.0042]
BP Epoch 12/100:  62%|â–ˆâ–ˆâ–ˆâ–ˆâ–ˆâ–ˆâ–   | 241/390 [00:01<00:00, 205.04it/s, acc=100.00%, loss=0.0042]
BP Epoch 12/100:  67%|â–ˆâ–ˆâ–ˆâ–ˆâ–ˆâ–ˆâ–‹   | 263/390 [00:01<00:00, 209.07it/s, acc=100.00%, loss=0.0042]
BP Epoch 12/100:  73%|â–ˆâ–ˆâ–ˆâ–ˆâ–ˆâ–ˆâ–ˆâ–Ž  | 285/390 [00:01<00:00, 205.64it/s, acc=100.00%, loss=0.0042]
BP Epoch 12/100:  73%|â–ˆâ–ˆâ–ˆâ–ˆâ–ˆâ–ˆâ–ˆâ–Ž  | 285/390 [00:01<00:00, 205.64it/s, acc=98.44%, loss=0.0426] 
BP Epoch 12/100:  79%|â–ˆâ–ˆâ–ˆâ–ˆâ–ˆâ–ˆâ–ˆâ–Š  | 307/390 [00:01<00:00, 209.59it/s, acc=98.44%, loss=0.0426]
BP Epoch 12/100:  84%|â–ˆâ–ˆâ–ˆâ–ˆâ–ˆâ–ˆâ–ˆâ–ˆâ– | 329/390 [00:01<00:00, 205.42it/s, acc=98.44%, loss=0.0426]
BP Epoch 12/100:  90%|â–ˆâ–ˆâ–ˆâ–ˆâ–ˆâ–ˆâ–ˆâ–ˆâ–ˆ | 351/390 [00:01<00:00, 209.19it/s, acc=98.44%, loss=0.0426]
BP Epoch 12/100:  96%|â–ˆâ–ˆâ–ˆâ–ˆâ–ˆâ–ˆâ–ˆâ–ˆâ–ˆâ–Œ| 373/390 [00:01<00:00, 205.00it/s, acc=98.44%, loss=0.0426]
BP Epoch 12/100:  96%|â–ˆâ–ˆâ–ˆâ–ˆâ–ˆâ–ˆâ–ˆâ–ˆâ–ˆâ–Œ| 373/390 [00:01<00:00, 205.00it/s, acc=100.00%, loss=0.0045]
                                                                                             

Evaluating BP Model:   0%|          | 0/40 [00:00<?, ?it/s]
Evaluating BP Model:  22%|â–ˆâ–ˆâ–Ž       | 9/40 [00:00<00:00, 78.05it/s]
Evaluating BP Model:  52%|â–ˆâ–ˆâ–ˆâ–ˆâ–ˆâ–Ž    | 21/40 [00:00<00:00, 94.46it/s]
Evaluating BP Model:  82%|â–ˆâ–ˆâ–ˆâ–ˆâ–ˆâ–ˆâ–ˆâ–ˆâ–Ž | 33/40 [00:00<00:00, 100.61it/s]
                                                                     

BP Epoch 13/100:   0%|          | 0/390 [00:00<?, ?it/s]
BP Epoch 13/100:   4%|â–         | 17/390 [00:00<00:02, 151.53it/s]
BP Epoch 13/100:  10%|â–ˆ         | 40/390 [00:00<00:01, 188.38it/s]
BP Epoch 13/100:  16%|â–ˆâ–Œ        | 61/390 [00:00<00:01, 188.49it/s]
BP Epoch 13/100:  22%|â–ˆâ–ˆâ–       | 84/390 [00:00<00:01, 202.90it/s]
BP Epoch 13/100:  22%|â–ˆâ–ˆâ–       | 84/390 [00:00<00:01, 202.90it/s, acc=100.00%, loss=0.0013]
BP Epoch 13/100:  27%|â–ˆâ–ˆâ–‹       | 105/390 [00:00<00:01, 198.57it/s, acc=100.00%, loss=0.0013]
BP Epoch 13/100:  33%|â–ˆâ–ˆâ–ˆâ–Ž      | 128/390 [00:00<00:01, 207.73it/s, acc=100.00%, loss=0.0013]
BP Epoch 13/100:  38%|â–ˆâ–ˆâ–ˆâ–Š      | 149/390 [00:00<00:01, 201.77it/s, acc=100.00%, loss=0.0013]
BP Epoch 13/100:  44%|â–ˆâ–ˆâ–ˆâ–ˆâ–     | 172/390 [00:00<00:01, 209.51it/s, acc=100.00%, loss=0.0013]
BP Epoch 13/100:  50%|â–ˆâ–ˆâ–ˆâ–ˆâ–‰     | 194/390 [00:00<00:00, 204.67it/s, acc=100.00%, loss=0.0013]
BP Epoch 13/100:  50%|â–ˆâ–ˆâ–ˆâ–ˆâ–‰     | 194/390 [00:00<00:00, 204.67it/s, acc=100.00%, loss=0.0002]
BP Epoch 13/100:  56%|â–ˆâ–ˆâ–ˆâ–ˆâ–ˆâ–Œ    | 217/390 [00:01<00:00, 203.73it/s, acc=100.00%, loss=0.0002][codecarbon INFO @ 04:13:42] Energy consumed for RAM : 0.000317 kWh. RAM Power : 38.0 W

BP Epoch 13/100:  62%|â–ˆâ–ˆâ–ˆâ–ˆâ–ˆâ–ˆâ–   | 240/390 [00:01<00:00, 210.39it/s, acc=100.00%, loss=0.0002]
BP Epoch 13/100:  67%|â–ˆâ–ˆâ–ˆâ–ˆâ–ˆâ–ˆâ–‹   | 262/390 [00:01<00:00, 205.74it/s, acc=100.00%, loss=0.0002]
BP Epoch 13/100:  73%|â–ˆâ–ˆâ–ˆâ–ˆâ–ˆâ–ˆâ–ˆâ–Ž  | 285/390 [00:01<00:00, 204.09it/s, acc=100.00%, loss=0.0002]
BP Epoch 13/100:  73%|â–ˆâ–ˆâ–ˆâ–ˆâ–ˆâ–ˆâ–ˆâ–Ž  | 285/390 [00:01<00:00, 204.09it/s, acc=100.00%, loss=0.0009]
BP Epoch 13/100:  79%|â–ˆâ–ˆâ–ˆâ–ˆâ–ˆâ–ˆâ–ˆâ–Š  | 307/390 [00:01<00:00, 208.54it/s, acc=100.00%, loss=0.0009]
BP Epoch 13/100:  84%|â–ˆâ–ˆâ–ˆâ–ˆâ–ˆâ–ˆâ–ˆâ–ˆâ– | 329/390 [00:01<00:00, 204.33it/s, acc=100.00%, loss=0.0009][codecarbon INFO @ 04:13:43] Delta energy consumed for CPU with cpu_load : 0.000321 kWh, power : 79.81875 W
[codecarbon INFO @ 04:13:43] Energy consumed for All CPU : 0.000666 kWh
[codecarbon INFO @ 04:13:43] Energy consumed for all GPUs : 0.000528 kWh. Total GPU Power : 62.4242712420301 W
[codecarbon INFO @ 04:13:43] 0.001511 kWh of electricity used since the beginning.

BP Epoch 13/100:  90%|â–ˆâ–ˆâ–ˆâ–ˆâ–ˆâ–ˆâ–ˆâ–ˆâ–ˆ | 352/390 [00:01<00:00, 211.08it/s, acc=100.00%, loss=0.0009]
BP Epoch 13/100:  96%|â–ˆâ–ˆâ–ˆâ–ˆâ–ˆâ–ˆâ–ˆâ–ˆâ–ˆâ–Œ| 374/390 [00:01<00:00, 205.24it/s, acc=100.00%, loss=0.0009]
BP Epoch 13/100:  96%|â–ˆâ–ˆâ–ˆâ–ˆâ–ˆâ–ˆâ–ˆâ–ˆâ–ˆâ–Œ| 374/390 [00:01<00:00, 205.24it/s, acc=100.00%, loss=0.0006]
                                                                                             

Evaluating BP Model:   0%|          | 0/40 [00:00<?, ?it/s]
Evaluating BP Model:  22%|â–ˆâ–ˆâ–Ž       | 9/40 [00:00<00:00, 76.70it/s]
Evaluating BP Model:  52%|â–ˆâ–ˆâ–ˆâ–ˆâ–ˆâ–Ž    | 21/40 [00:00<00:00, 94.94it/s]
Evaluating BP Model:  82%|â–ˆâ–ˆâ–ˆâ–ˆâ–ˆâ–ˆâ–ˆâ–ˆâ–Ž | 33/40 [00:00<00:00, 101.03it/s]
                                                                     

BP Epoch 14/100:   0%|          | 0/390 [00:00<?, ?it/s]
BP Epoch 14/100:   4%|â–         | 17/390 [00:00<00:02, 150.59it/s]
BP Epoch 14/100:  10%|â–ˆ         | 40/390 [00:00<00:01, 194.27it/s]
BP Epoch 14/100:  16%|â–ˆâ–Œ        | 61/390 [00:00<00:01, 192.03it/s]
BP Epoch 14/100:  22%|â–ˆâ–ˆâ–       | 84/390 [00:00<00:01, 205.50it/s]
BP Epoch 14/100:  22%|â–ˆâ–ˆâ–       | 84/390 [00:00<00:01, 205.50it/s, acc=100.00%, loss=0.0006]
BP Epoch 14/100:  27%|â–ˆâ–ˆâ–‹       | 105/390 [00:00<00:01, 199.66it/s, acc=100.00%, loss=0.0006]
BP Epoch 14/100:  33%|â–ˆâ–ˆâ–ˆâ–Ž      | 128/390 [00:00<00:01, 208.71it/s, acc=100.00%, loss=0.0006]
BP Epoch 14/100:  38%|â–ˆâ–ˆâ–ˆâ–Š      | 149/390 [00:00<00:01, 202.41it/s, acc=100.00%, loss=0.0006]
BP Epoch 14/100:  44%|â–ˆâ–ˆâ–ˆâ–ˆâ–     | 171/390 [00:00<00:01, 207.69it/s, acc=100.00%, loss=0.0006]
BP Epoch 14/100:  49%|â–ˆâ–ˆâ–ˆâ–ˆâ–‰     | 193/390 [00:00<00:00, 203.72it/s, acc=100.00%, loss=0.0006]
BP Epoch 14/100:  49%|â–ˆâ–ˆâ–ˆâ–ˆâ–‰     | 193/390 [00:00<00:00, 203.72it/s, acc=100.00%, loss=0.0003]
BP Epoch 14/100:  55%|â–ˆâ–ˆâ–ˆâ–ˆâ–ˆâ–Œ    | 216/390 [00:01<00:00, 210.48it/s, acc=100.00%, loss=0.0003]
BP Epoch 14/100:  61%|â–ˆâ–ˆâ–ˆâ–ˆâ–ˆâ–ˆ    | 238/390 [00:01<00:00, 205.96it/s, acc=100.00%, loss=0.0003]
BP Epoch 14/100:  67%|â–ˆâ–ˆâ–ˆâ–ˆâ–ˆâ–ˆâ–‹   | 261/390 [00:01<00:00, 204.77it/s, acc=100.00%, loss=0.0003]
BP Epoch 14/100:  73%|â–ˆâ–ˆâ–ˆâ–ˆâ–ˆâ–ˆâ–ˆâ–Ž  | 283/390 [00:01<00:00, 208.85it/s, acc=100.00%, loss=0.0003]
BP Epoch 14/100:  73%|â–ˆâ–ˆâ–ˆâ–ˆâ–ˆâ–ˆâ–ˆâ–Ž  | 283/390 [00:01<00:00, 208.85it/s, acc=100.00%, loss=0.0023]
BP Epoch 14/100:  78%|â–ˆâ–ˆâ–ˆâ–ˆâ–ˆâ–ˆâ–ˆâ–Š  | 305/390 [00:01<00:00, 204.83it/s, acc=100.00%, loss=0.0023]
BP Epoch 14/100:  84%|â–ˆâ–ˆâ–ˆâ–ˆâ–ˆâ–ˆâ–ˆâ–ˆâ– | 328/390 [00:01<00:00, 211.27it/s, acc=100.00%, loss=0.0023]
BP Epoch 14/100:  90%|â–ˆâ–ˆâ–ˆâ–ˆâ–ˆâ–ˆâ–ˆâ–ˆâ–‰ | 350/390 [00:01<00:00, 206.55it/s, acc=100.00%, loss=0.0023]
BP Epoch 14/100:  95%|â–ˆâ–ˆâ–ˆâ–ˆâ–ˆâ–ˆâ–ˆâ–ˆâ–ˆâ–Œ| 372/390 [00:01<00:00, 210.33it/s, acc=100.00%, loss=0.0023]
BP Epoch 14/100:  95%|â–ˆâ–ˆâ–ˆâ–ˆâ–ˆâ–ˆâ–ˆâ–ˆâ–ˆâ–Œ| 372/390 [00:01<00:00, 210.33it/s, acc=100.00%, loss=0.0016]
                                                                                             

Evaluating BP Model:   0%|          | 0/40 [00:00<?, ?it/s]
Evaluating BP Model:  22%|â–ˆâ–ˆâ–Ž       | 9/40 [00:00<00:00, 76.50it/s]
Evaluating BP Model:  52%|â–ˆâ–ˆâ–ˆâ–ˆâ–ˆâ–Ž    | 21/40 [00:00<00:00, 94.87it/s]
Evaluating BP Model:  82%|â–ˆâ–ˆâ–ˆâ–ˆâ–ˆâ–ˆâ–ˆâ–ˆâ–Ž | 33/40 [00:00<00:00, 100.82it/s]
                                                                     

BP Epoch 15/100:   0%|          | 0/390 [00:00<?, ?it/s]
BP Epoch 15/100:   4%|â–         | 17/390 [00:00<00:02, 161.93it/s]
BP Epoch 15/100:  10%|â–ˆ         | 40/390 [00:00<00:01, 201.04it/s]
BP Epoch 15/100:  16%|â–ˆâ–Œ        | 61/390 [00:00<00:01, 195.17it/s]
BP Epoch 15/100:  22%|â–ˆâ–ˆâ–       | 84/390 [00:00<00:01, 207.36it/s]
BP Epoch 15/100:  22%|â–ˆâ–ˆâ–       | 84/390 [00:00<00:01, 207.36it/s, acc=100.00%, loss=0.0003]
BP Epoch 15/100:  27%|â–ˆâ–ˆâ–‹       | 105/390 [00:00<00:01, 200.60it/s, acc=100.00%, loss=0.0003]
BP Epoch 15/100:  33%|â–ˆâ–ˆâ–ˆâ–Ž      | 127/390 [00:00<00:01, 206.75it/s, acc=100.00%, loss=0.0003]
BP Epoch 15/100:  38%|â–ˆâ–ˆâ–ˆâ–Š      | 149/390 [00:00<00:01, 203.06it/s, acc=100.00%, loss=0.0003]
BP Epoch 15/100:  44%|â–ˆâ–ˆâ–ˆâ–ˆâ–     | 171/390 [00:00<00:01, 208.08it/s, acc=100.00%, loss=0.0003]
BP Epoch 15/100:  49%|â–ˆâ–ˆâ–ˆâ–ˆâ–‰     | 193/390 [00:00<00:00, 204.17it/s, acc=100.00%, loss=0.0003]
BP Epoch 15/100:  49%|â–ˆâ–ˆâ–ˆâ–ˆâ–‰     | 193/390 [00:00<00:00, 204.17it/s, acc=100.00%, loss=0.0008]
BP Epoch 15/100:  55%|â–ˆâ–ˆâ–ˆâ–ˆâ–ˆâ–Œ    | 216/390 [00:01<00:00, 211.09it/s, acc=100.00%, loss=0.0008]
BP Epoch 15/100:  61%|â–ˆâ–ˆâ–ˆâ–ˆâ–ˆâ–ˆ    | 238/390 [00:01<00:00, 206.00it/s, acc=100.00%, loss=0.0008]
BP Epoch 15/100:  67%|â–ˆâ–ˆâ–ˆâ–ˆâ–ˆâ–ˆâ–‹   | 261/390 [00:01<00:00, 204.52it/s, acc=100.00%, loss=0.0008]
BP Epoch 15/100:  73%|â–ˆâ–ˆâ–ˆâ–ˆâ–ˆâ–ˆâ–ˆâ–Ž  | 284/390 [00:01<00:00, 210.93it/s, acc=100.00%, loss=0.0008]
BP Epoch 15/100:  73%|â–ˆâ–ˆâ–ˆâ–ˆâ–ˆâ–ˆâ–ˆâ–Ž  | 284/390 [00:01<00:00, 210.93it/s, acc=100.00%, loss=0.0015]
BP Epoch 15/100:  78%|â–ˆâ–ˆâ–ˆâ–ˆâ–ˆâ–ˆâ–ˆâ–Š  | 306/390 [00:01<00:00, 206.29it/s, acc=100.00%, loss=0.0015]
BP Epoch 15/100:  84%|â–ˆâ–ˆâ–ˆâ–ˆâ–ˆâ–ˆâ–ˆâ–ˆâ– | 329/390 [00:01<00:00, 205.44it/s, acc=100.00%, loss=0.0015]
BP Epoch 15/100:  90%|â–ˆâ–ˆâ–ˆâ–ˆâ–ˆâ–ˆâ–ˆâ–ˆâ–ˆ | 352/390 [00:01<00:00, 211.80it/s, acc=100.00%, loss=0.0015]
BP Epoch 15/100:  96%|â–ˆâ–ˆâ–ˆâ–ˆâ–ˆâ–ˆâ–ˆâ–ˆâ–ˆâ–Œ| 374/390 [00:01<00:00, 206.75it/s, acc=100.00%, loss=0.0015]
BP Epoch 15/100:  96%|â–ˆâ–ˆâ–ˆâ–ˆâ–ˆâ–ˆâ–ˆâ–ˆâ–ˆâ–Œ| 374/390 [00:01<00:00, 206.75it/s, acc=100.00%, loss=0.0003]
                                                                                             

Evaluating BP Model:   0%|          | 0/40 [00:00<?, ?it/s]
Evaluating BP Model:  22%|â–ˆâ–ˆâ–Ž       | 9/40 [00:00<00:00, 76.89it/s]
Evaluating BP Model:  52%|â–ˆâ–ˆâ–ˆâ–ˆâ–ˆâ–Ž    | 21/40 [00:00<00:00, 95.08it/s]
Evaluating BP Model:  82%|â–ˆâ–ˆâ–ˆâ–ˆâ–ˆâ–ˆâ–ˆâ–ˆâ–Ž | 33/40 [00:00<00:00, 100.58it/s]
                                                                     

BP Epoch 16/100:   0%|          | 0/390 [00:00<?, ?it/s]
BP Epoch 16/100:   4%|â–         | 17/390 [00:00<00:02, 156.33it/s]
BP Epoch 16/100:  10%|â–ˆ         | 40/390 [00:00<00:01, 196.91it/s]
BP Epoch 16/100:  16%|â–ˆâ–Œ        | 61/390 [00:00<00:01, 193.21it/s]
BP Epoch 16/100:  22%|â–ˆâ–ˆâ–       | 84/390 [00:00<00:01, 206.68it/s]
BP Epoch 16/100:  22%|â–ˆâ–ˆâ–       | 84/390 [00:00<00:01, 206.68it/s, acc=100.00%, loss=0.0001]
BP Epoch 16/100:  27%|â–ˆâ–ˆâ–‹       | 105/390 [00:00<00:01, 200.12it/s, acc=100.00%, loss=0.0001]
BP Epoch 16/100:  33%|â–ˆâ–ˆâ–ˆâ–Ž      | 128/390 [00:00<00:01, 208.86it/s, acc=100.00%, loss=0.0001]
BP Epoch 16/100:  38%|â–ˆâ–ˆâ–ˆâ–Š      | 149/390 [00:00<00:01, 202.98it/s, acc=100.00%, loss=0.0001]
BP Epoch 16/100:  44%|â–ˆâ–ˆâ–ˆâ–ˆâ–     | 172/390 [00:00<00:01, 210.74it/s, acc=100.00%, loss=0.0001]
BP Epoch 16/100:  50%|â–ˆâ–ˆâ–ˆâ–ˆâ–‰     | 194/390 [00:00<00:00, 206.00it/s, acc=100.00%, loss=0.0001]
BP Epoch 16/100:  50%|â–ˆâ–ˆâ–ˆâ–ˆâ–‰     | 194/390 [00:00<00:00, 206.00it/s, acc=100.00%, loss=0.0003]
BP Epoch 16/100:  56%|â–ˆâ–ˆâ–ˆâ–ˆâ–ˆâ–Œ    | 217/390 [00:01<00:00, 204.97it/s, acc=100.00%, loss=0.0003]
BP Epoch 16/100:  62%|â–ˆâ–ˆâ–ˆâ–ˆâ–ˆâ–ˆâ–   | 240/390 [00:01<00:00, 211.73it/s, acc=100.00%, loss=0.0003]
BP Epoch 16/100:  67%|â–ˆâ–ˆâ–ˆâ–ˆâ–ˆâ–ˆâ–‹   | 262/390 [00:01<00:00, 206.48it/s, acc=100.00%, loss=0.0003]
BP Epoch 16/100:  73%|â–ˆâ–ˆâ–ˆâ–ˆâ–ˆâ–ˆâ–ˆâ–Ž  | 285/390 [00:01<00:00, 205.49it/s, acc=100.00%, loss=0.0003]
BP Epoch 16/100:  73%|â–ˆâ–ˆâ–ˆâ–ˆâ–ˆâ–ˆâ–ˆâ–Ž  | 285/390 [00:01<00:00, 205.49it/s, acc=100.00%, loss=0.0001]
BP Epoch 16/100:  79%|â–ˆâ–ˆâ–ˆâ–ˆâ–ˆâ–ˆâ–ˆâ–‰  | 308/390 [00:01<00:00, 211.83it/s, acc=100.00%, loss=0.0001]
BP Epoch 16/100:  85%|â–ˆâ–ˆâ–ˆâ–ˆâ–ˆâ–ˆâ–ˆâ–ˆâ– | 330/390 [00:01<00:00, 206.63it/s, acc=100.00%, loss=0.0001]
BP Epoch 16/100:  91%|â–ˆâ–ˆâ–ˆâ–ˆâ–ˆâ–ˆâ–ˆâ–ˆâ–ˆ | 353/390 [00:01<00:00, 205.15it/s, acc=100.00%, loss=0.0001]
BP Epoch 16/100:  96%|â–ˆâ–ˆâ–ˆâ–ˆâ–ˆâ–ˆâ–ˆâ–ˆâ–ˆâ–‹| 376/390 [00:01<00:00, 212.05it/s, acc=100.00%, loss=0.0001]
BP Epoch 16/100:  96%|â–ˆâ–ˆâ–ˆâ–ˆâ–ˆâ–ˆâ–ˆâ–ˆâ–ˆâ–‹| 376/390 [00:01<00:00, 212.05it/s, acc=100.00%, loss=0.0001]
                                                                                             

Evaluating BP Model:   0%|          | 0/40 [00:00<?, ?it/s]
Evaluating BP Model:  22%|â–ˆâ–ˆâ–Ž       | 9/40 [00:00<00:00, 76.90it/s]
Evaluating BP Model:  52%|â–ˆâ–ˆâ–ˆâ–ˆâ–ˆâ–Ž    | 21/40 [00:00<00:00, 94.96it/s]
Evaluating BP Model:  82%|â–ˆâ–ˆâ–ˆâ–ˆâ–ˆâ–ˆâ–ˆâ–ˆâ–Ž | 33/40 [00:00<00:00, 101.05it/s]
                                                                     

BP Epoch 17/100:   0%|          | 0/390 [00:00<?, ?it/s]
BP Epoch 17/100:   4%|â–         | 17/390 [00:00<00:02, 152.74it/s]
BP Epoch 17/100:  10%|â–ˆ         | 40/390 [00:00<00:01, 195.98it/s]
BP Epoch 17/100:  16%|â–ˆâ–Œ        | 61/390 [00:00<00:01, 193.26it/s]
BP Epoch 17/100:  22%|â–ˆâ–ˆâ–       | 84/390 [00:00<00:01, 205.95it/s]
BP Epoch 17/100:  22%|â–ˆâ–ˆâ–       | 84/390 [00:00<00:01, 205.95it/s, acc=100.00%, loss=0.0004]
BP Epoch 17/100:  27%|â–ˆâ–ˆâ–‹       | 105/390 [00:00<00:01, 199.80it/s, acc=100.00%, loss=0.0004]
BP Epoch 17/100:  33%|â–ˆâ–ˆâ–ˆâ–Ž      | 127/390 [00:00<00:01, 206.33it/s, acc=100.00%, loss=0.0004]
BP Epoch 17/100:  38%|â–ˆâ–ˆâ–ˆâ–Š      | 149/390 [00:00<00:01, 202.34it/s, acc=100.00%, loss=0.0004]
BP Epoch 17/100:  44%|â–ˆâ–ˆâ–ˆâ–ˆâ–     | 171/390 [00:00<00:01, 207.66it/s, acc=100.00%, loss=0.0004]
BP Epoch 17/100:  49%|â–ˆâ–ˆâ–ˆâ–ˆâ–‰     | 193/390 [00:00<00:00, 203.82it/s, acc=100.00%, loss=0.0004]
BP Epoch 17/100:  49%|â–ˆâ–ˆâ–ˆâ–ˆâ–‰     | 193/390 [00:00<00:00, 203.82it/s, acc=99.22%, loss=0.0168] 
BP Epoch 17/100:  55%|â–ˆâ–ˆâ–ˆâ–ˆâ–ˆâ–Œ    | 215/390 [00:01<00:00, 208.50it/s, acc=99.22%, loss=0.0168]
BP Epoch 17/100:  61%|â–ˆâ–ˆâ–ˆâ–ˆâ–ˆâ–ˆ    | 237/390 [00:01<00:00, 204.38it/s, acc=99.22%, loss=0.0168]
BP Epoch 17/100:  66%|â–ˆâ–ˆâ–ˆâ–ˆâ–ˆâ–ˆâ–‹   | 259/390 [00:01<00:00, 208.87it/s, acc=99.22%, loss=0.0168]
BP Epoch 17/100:  72%|â–ˆâ–ˆâ–ˆâ–ˆâ–ˆâ–ˆâ–ˆâ–  | 281/390 [00:01<00:00, 205.00it/s, acc=99.22%, loss=0.0168]
BP Epoch 17/100:  72%|â–ˆâ–ˆâ–ˆâ–ˆâ–ˆâ–ˆâ–ˆâ–  | 281/390 [00:01<00:00, 205.00it/s, acc=100.00%, loss=0.0137]
BP Epoch 17/100:  78%|â–ˆâ–ˆâ–ˆâ–ˆâ–ˆâ–ˆâ–ˆâ–Š  | 304/390 [00:01<00:00, 211.37it/s, acc=100.00%, loss=0.0137]
BP Epoch 17/100:  84%|â–ˆâ–ˆâ–ˆâ–ˆâ–ˆâ–ˆâ–ˆâ–ˆâ–Ž | 326/390 [00:01<00:00, 206.86it/s, acc=100.00%, loss=0.0137]
BP Epoch 17/100:  89%|â–ˆâ–ˆâ–ˆâ–ˆâ–ˆâ–ˆâ–ˆâ–ˆâ–‰ | 349/390 [00:01<00:00, 205.58it/s, acc=100.00%, loss=0.0137]
BP Epoch 17/100:  95%|â–ˆâ–ˆâ–ˆâ–ˆâ–ˆâ–ˆâ–ˆâ–ˆâ–ˆâ–Œ| 372/390 [00:01<00:00, 211.72it/s, acc=100.00%, loss=0.0137]
BP Epoch 17/100:  95%|â–ˆâ–ˆâ–ˆâ–ˆâ–ˆâ–ˆâ–ˆâ–ˆâ–ˆâ–Œ| 372/390 [00:01<00:00, 211.72it/s, acc=98.44%, loss=0.0452] 
                                                                                            

Evaluating BP Model:   0%|          | 0/40 [00:00<?, ?it/s]
Evaluating BP Model:  22%|â–ˆâ–ˆâ–Ž       | 9/40 [00:00<00:00, 77.20it/s]
Evaluating BP Model:  52%|â–ˆâ–ˆâ–ˆâ–ˆâ–ˆâ–Ž    | 21/40 [00:00<00:00, 95.09it/s]
Evaluating BP Model:  82%|â–ˆâ–ˆâ–ˆâ–ˆâ–ˆâ–ˆâ–ˆâ–ˆâ–Ž | 33/40 [00:00<00:00, 100.74it/s]
                                                                     

Evaluating BP Model:   0%|          | 0/40 [00:00<?, ?it/s]
Evaluating BP Model:   2%|â–Ž         | 1/40 [00:00<00:04,  8.20it/s]
Evaluating BP Model:  32%|â–ˆâ–ˆâ–ˆâ–Ž      | 13/40 [00:00<00:00, 65.25it/s]
Evaluating BP Model:  62%|â–ˆâ–ˆâ–ˆâ–ˆâ–ˆâ–ˆâ–Ž   | 25/40 [00:00<00:00, 84.89it/s]
Evaluating BP Model:  92%|â–ˆâ–ˆâ–ˆâ–ˆâ–ˆâ–ˆâ–ˆâ–ˆâ–ˆâ–Ž| 37/40 [00:00<00:00, 94.21it/s]
                                                                    
[codecarbon INFO @ 04:13:53] Energy consumed for RAM : 0.000427 kWh. RAM Power : 38.0 W
[codecarbon INFO @ 04:13:53] Delta energy consumed for CPU with cpu_load : 0.000180 kWh, power : 61.875 W
[codecarbon INFO @ 04:13:53] Energy consumed for All CPU : 0.000846 kWh
[codecarbon INFO @ 04:13:53] Energy consumed for all GPUs : 0.000717 kWh. Total GPU Power : 62.01466982299063 W
[codecarbon INFO @ 04:13:53] 0.001990 kWh of electricity used since the beginning.
wandb:                                                                                
wandb: 
wandb: Run history:
wandb:                  BP_Baseline/Epoch â–â–â–‚â–‚â–ƒâ–ƒâ–„â–„â–…â–…â–†â–†â–‡â–‡â–ˆâ–ˆ
wandb:     BP_Baseline/Epoch_Duration_Sec â–ˆâ–â–â–ƒâ–ƒâ–ƒâ–„â–‚â–ƒâ–„â–â–â–‚â–ƒâ–‚â–
wandb: BP_Baseline/GPU_Mem_Used_MiB_Batch â–â–â–â–â–ˆâ–ˆâ–ˆâ–ˆâ–ˆâ–ˆâ–ˆâ–ˆâ–ˆâ–ˆâ–ˆâ–ˆâ–ˆâ–ˆâ–ˆâ–ˆâ–ˆâ–ˆâ–ˆâ–ˆâ–ˆâ–ˆâ–ˆâ–ˆâ–ˆâ–ˆâ–ˆâ–ˆâ–ˆâ–ˆâ–ˆâ–ˆâ–ˆâ–ˆâ–ˆâ–ˆ
wandb:          BP_Baseline/Learning_Rate â–â–â–â–â–â–â–â–â–â–â–â–â–â–â–â–
wandb: BP_Baseline/Peak_GPU_Mem_Epoch_MiB â–â–ˆâ–ˆâ–ˆâ–ˆâ–ˆâ–ˆâ–ˆâ–ˆâ–ˆâ–ˆâ–ˆâ–ˆâ–ˆâ–ˆâ–ˆ
wandb:        BP_Baseline/Train_Acc_Batch â–‚â–â–ƒâ–‡â–„â–…â–†â–‡â–†â–…â–†â–‡â–ˆâ–ˆâ–…â–†â–ˆâ–ˆâ–ˆâ–ˆâ–‡â–‡â–ˆâ–‡â–ˆâ–ˆâ–ˆâ–‡â–ˆâ–ˆâ–ˆâ–ˆâ–ˆâ–ˆâ–ˆâ–ˆâ–ˆâ–ˆâ–ˆâ–ˆ
wandb:        BP_Baseline/Train_Acc_Epoch â–â–…â–†â–‡â–‡â–ˆâ–ˆâ–ˆâ–ˆâ–ˆâ–ˆâ–ˆâ–ˆâ–ˆâ–ˆâ–ˆ
wandb:       BP_Baseline/Train_Loss_Batch â–†â–ˆâ–ƒâ–ƒâ–ƒâ–‚â–‚â–‚â–‚â–‚â–â–â–ƒâ–â–‚â–â–â–â–â–â–â–â–â–â–â–â–‚â–â–â–â–â–â–â–â–â–â–â–â–â–‚
wandb:       BP_Baseline/Train_Loss_Epoch â–ˆâ–„â–ƒâ–‚â–‚â–â–â–â–â–â–â–â–â–â–â–
wandb:          BP_Baseline/Val_Acc_Epoch â–â–‚â–…â–…â–†â–…â–‡â–†â–†â–‡â–‡â–†â–†â–ˆâ–ˆâ–ˆ
wandb:         BP_Baseline/Val_Loss_Epoch â–ˆâ–…â–ƒâ–‚â–â–‚â–â–‚â–‚â–â–‚â–‚â–ƒâ–â–â–‚
wandb:         estimated_bp_update_gflops â–
wandb:               estimated_fwd_gflops â–
wandb:                final/Test_Accuracy â–
wandb:                    final/Test_Loss â–
wandb:   final/codecarbon_emissions_gCO2e â–
wandb:   final/estimated_bp_update_gflops â–
wandb:         final/estimated_fwd_gflops â–
wandb:        final/peak_gpu_mem_used_mib â–
wandb:      final/total_gpu_energy_joules â–
wandb:          final/total_gpu_energy_wh â–
wandb:       final/total_run_duration_sec â–
wandb:        final/training_duration_sec â–
wandb:                        global_step â–â–â–â–â–‚â–‚â–‚â–‚â–‚â–‚â–‚â–ƒâ–ƒâ–ƒâ–ƒâ–ƒâ–ƒâ–ƒâ–ƒâ–„â–„â–„â–„â–…â–…â–…â–…â–…â–†â–†â–†â–†â–‡â–‡â–‡â–‡â–‡â–‡â–ˆâ–ˆ
wandb:           initial_gpu_mem_used_mib â–
wandb:             model_parameters_total â–
wandb:         model_parameters_trainable â–
wandb: 
wandb: Run summary:
wandb:                  BP_Baseline/Epoch 16
wandb:     BP_Baseline/Epoch_Duration_Sec 2.30928
wandb: BP_Baseline/GPU_Mem_Used_MiB_Batch 926
wandb:          BP_Baseline/Learning_Rate 0.0002
wandb: BP_Baseline/Peak_GPU_Mem_Epoch_MiB 926
wandb:        BP_Baseline/Train_Acc_Batch 98.4375
wandb:        BP_Baseline/Train_Acc_Epoch 99.99399
wandb:       BP_Baseline/Train_Loss_Batch 0.04518
wandb:       BP_Baseline/Train_Loss_Epoch 0.00043
wandb:          BP_Baseline/Val_Acc_Epoch 98.36
wandb:         BP_Baseline/Val_Loss_Epoch 0.07881
wandb:             codecarbon_country_iso POL
wandb:                 codecarbon_enabled True
wandb:                    codecarbon_mode offline
wandb:         estimated_bp_update_gflops 0.01076
wandb:               estimated_fwd_gflops 0.00359
wandb:                final/Test_Accuracy 97.99
wandb:                    final/Test_Loss 0.067
wandb:   final/codecarbon_emissions_gCO2e 1.3175
wandb:   final/estimated_bp_update_gflops 0.01076
wandb:         final/estimated_fwd_gflops 0.00359
wandb:        final/peak_gpu_mem_used_mib 926
wandb:      final/total_gpu_energy_joules 2493.55126
wandb:          final/total_gpu_energy_wh 0.69265
wandb:       final/total_run_duration_sec 43.14389
wandb:        final/training_duration_sec 39.80912
wandb:           initial_gpu_mem_used_mib 336.625
wandb:             model_parameters_total 1823850
wandb:         model_parameters_trainable 1823850
wandb: 
wandb: ðŸš€ View run bp_baseline_mnist_mlp_2x1000 at: https://wandb.ai/przspyra11/BeyondBackpropagation/runs/vz4wfa5u
wandb: â­ï¸ View project at: https://wandb.ai/przspyra11/BeyondBackpropagation
wandb: Synced 5 W&B file(s), 0 media file(s), 0 artifact file(s) and 0 other file(s)
wandb: Find logs at: ./wandb/run-20250508_041311-vz4wfa5u/logs
