 binutils/2.38 loaded.
 bzip2/1.0.8 loaded.
 zlib/1.2.12 loaded.
 ncurses/6.3 loaded.
 libreadline/8.1.2 loaded.
 Tcl/8.6.12 loaded.
 SQLite/3.38.3 loaded.
 XZ/5.2.5 loaded.
 GMP/6.2.1 loaded.
 libffi/3.4.2 loaded.
 OpenSSL/1.1 loaded.
 Python/3.10.4 loaded.
 CUDA/12.4.0 loaded.

Currently Loaded Modules:
  1) binutils/2.38   5) libreadline/8.1.2   9) GMP/6.2.1      13) CUDA/12.4.0
  2) bzip2/1.0.8     6) Tcl/8.6.12         10) libffi/3.4.2
  3) zlib/1.2.12     7) SQLite/3.38.3      11) OpenSSL/1.1
  4) ncurses/6.3     8) XZ/5.2.5           12) Python/3.10.4

 

2025-05-08 04:13:10,289 - src.utils.config_parser - INFO - Successfully merged configuration from configs/bp_baselines/mnist_mlp_2x1000_bp.yaml and configs/base.yaml
wandb: Using wandb-core as the SDK backend.  Please refer to https://wandb.me/wandb-core for more information.
wandb: Currently logged in as: przspyra11 (agh_racing) to https://api.wandb.ai. Use `wandb login --relogin` to force relogin
wandb: Tracking run with wandb version 0.19.8
wandb: Run data is saved locally in /net/tscratch/people/plgspyra/BeyondBackpropagation/wandb/run-20250508_041310-q861i2z4
wandb: Run `wandb offline` to turn off syncing.
wandb: Syncing run bp_baseline_mnist_mlp_2x1000
wandb: â­ï¸ View project at https://wandb.ai/przspyra11/BeyondBackpropagation
wandb: ðŸš€ View run at https://wandb.ai/przspyra11/BeyondBackpropagation/runs/q861i2z4
[codecarbon INFO @ 04:13:11] offline tracker init
[codecarbon INFO @ 04:13:11] [setup] RAM Tracking...
[codecarbon INFO @ 04:13:11] [setup] CPU Tracking... 
 Linux OS detected: Please ensure RAPL files exist at /sys/class/powercap/intel-rapl/subsystem to measure CPU

[codecarbon INFO @ 04:13:11] CPU Model on constant consumption mode: AMD EPYC 7742 64-Core Processor
[codecarbon INFO @ 04:13:11] [setup] GPU Tracking...
[codecarbon INFO @ 04:13:11] Tracking Nvidia GPU via pynvml
[codecarbon INFO @ 04:13:11] The below tracking methods have been set up:
                RAM Tracking Method: RAM power estimation model
                CPU Tracking Method: cpu_load
                GPU Tracking Method: pynvml
            
[codecarbon INFO @ 04:13:11] >>> Tracker's metadata:
[codecarbon INFO @ 04:13:11]   Platform system: Linux-5.14.0-503.26.1.el9_5.x86_64-x86_64-with-glibc2.34
[codecarbon INFO @ 04:13:11]   Python version: 3.10.4
[codecarbon INFO @ 04:13:11]   CodeCarbon version: 3.0.1
[codecarbon INFO @ 04:13:11]   Available RAM : 125.000 GB
[codecarbon INFO @ 04:13:11]   CPU count: 16 thread(s) in 2 physical CPU(s)
[codecarbon INFO @ 04:13:11]   CPU model: AMD EPYC 7742 64-Core Processor
[codecarbon INFO @ 04:13:11]   GPU count: 1
[codecarbon INFO @ 04:13:11]   GPU model: 1 x NVIDIA A100-SXM4-40GB BUT only tracking these GPU ids : [0]
[codecarbon INFO @ 04:13:11] Emissions data (if any) will be saved to file /net/tscratch/people/plgspyra/BeyondBackpropagation/results/carbon/bp_baseline_mnist_mlp_2x1000_carbon.csv

BP Epoch 1/100:   0%|          | 0/390 [00:00<?, ?it/s]
BP Epoch 1/100:   0%|          | 1/390 [00:00<00:42,  9.09it/s]
BP Epoch 1/100:   7%|â–‹         | 26/390 [00:00<00:02, 144.67it/s]
BP Epoch 1/100:  12%|â–ˆâ–        | 47/390 [00:00<00:01, 172.64it/s]
BP Epoch 1/100:  18%|â–ˆâ–Š        | 69/390 [00:00<00:01, 189.97it/s]
BP Epoch 1/100:  23%|â–ˆâ–ˆâ–Ž       | 90/390 [00:00<00:01, 194.16it/s]
BP Epoch 1/100:  23%|â–ˆâ–ˆâ–Ž       | 90/390 [00:00<00:01, 194.16it/s, acc=91.41%, loss=0.2852]
BP Epoch 1/100:  28%|â–ˆâ–ˆâ–Š       | 111/390 [00:00<00:01, 197.51it/s, acc=91.41%, loss=0.2852]
BP Epoch 1/100:  34%|â–ˆâ–ˆâ–ˆâ–      | 133/390 [00:00<00:01, 203.02it/s, acc=91.41%, loss=0.2852]
BP Epoch 1/100:  39%|â–ˆâ–ˆâ–ˆâ–‰      | 154/390 [00:00<00:01, 203.61it/s, acc=91.41%, loss=0.2852]
BP Epoch 1/100:  45%|â–ˆâ–ˆâ–ˆâ–ˆâ–     | 175/390 [00:00<00:01, 203.07it/s, acc=91.41%, loss=0.2852]
BP Epoch 1/100:  51%|â–ˆâ–ˆâ–ˆâ–ˆâ–ˆ     | 197/390 [00:01<00:00, 205.01it/s, acc=91.41%, loss=0.2852]
BP Epoch 1/100:  51%|â–ˆâ–ˆâ–ˆâ–ˆâ–ˆ     | 197/390 [00:01<00:00, 205.01it/s, acc=94.53%, loss=0.2010]
BP Epoch 1/100:  56%|â–ˆâ–ˆâ–ˆâ–ˆâ–ˆâ–Œ    | 218/390 [00:01<00:00, 206.29it/s, acc=94.53%, loss=0.2010]
BP Epoch 1/100:  61%|â–ˆâ–ˆâ–ˆâ–ˆâ–ˆâ–ˆâ–   | 239/390 [00:01<00:00, 204.11it/s, acc=94.53%, loss=0.2010]
BP Epoch 1/100:  67%|â–ˆâ–ˆâ–ˆâ–ˆâ–ˆâ–ˆâ–‹   | 261/390 [00:01<00:00, 204.16it/s, acc=94.53%, loss=0.2010]
BP Epoch 1/100:  73%|â–ˆâ–ˆâ–ˆâ–ˆâ–ˆâ–ˆâ–ˆâ–Ž  | 283/390 [00:01<00:00, 204.83it/s, acc=94.53%, loss=0.2010]
BP Epoch 1/100:  73%|â–ˆâ–ˆâ–ˆâ–ˆâ–ˆâ–ˆâ–ˆâ–Ž  | 283/390 [00:01<00:00, 204.83it/s, acc=94.53%, loss=0.1536]
BP Epoch 1/100:  78%|â–ˆâ–ˆâ–ˆâ–ˆâ–ˆâ–ˆâ–ˆâ–Š  | 305/390 [00:01<00:00, 203.94it/s, acc=94.53%, loss=0.1536]
BP Epoch 1/100:  84%|â–ˆâ–ˆâ–ˆâ–ˆâ–ˆâ–ˆâ–ˆâ–ˆâ– | 327/390 [00:01<00:00, 205.62it/s, acc=94.53%, loss=0.1536]
BP Epoch 1/100:  89%|â–ˆâ–ˆâ–ˆâ–ˆâ–ˆâ–ˆâ–ˆâ–ˆâ–‰ | 349/390 [00:01<00:00, 204.52it/s, acc=94.53%, loss=0.1536]
BP Epoch 1/100:  95%|â–ˆâ–ˆâ–ˆâ–ˆâ–ˆâ–ˆâ–ˆâ–ˆâ–ˆâ–Œ| 371/390 [00:01<00:00, 205.61it/s, acc=94.53%, loss=0.1536]
BP Epoch 1/100:  95%|â–ˆâ–ˆâ–ˆâ–ˆâ–ˆâ–ˆâ–ˆâ–ˆâ–ˆâ–Œ| 371/390 [00:01<00:00, 205.61it/s, acc=94.53%, loss=0.1797]
                                                                                           

Evaluating BP Model:   0%|          | 0/40 [00:00<?, ?it/s]
Evaluating BP Model:   2%|â–Ž         | 1/40 [00:00<00:04,  9.03it/s]
Evaluating BP Model:  32%|â–ˆâ–ˆâ–ˆâ–Ž      | 13/40 [00:00<00:00, 68.40it/s]
Evaluating BP Model:  62%|â–ˆâ–ˆâ–ˆâ–ˆâ–ˆâ–ˆâ–Ž   | 25/40 [00:00<00:00, 86.02it/s]
Evaluating BP Model:  92%|â–ˆâ–ˆâ–ˆâ–ˆâ–ˆâ–ˆâ–ˆâ–ˆâ–ˆâ–Ž| 37/40 [00:00<00:00, 94.18it/s]
                                                                    

BP Epoch 2/100:   0%|          | 0/390 [00:00<?, ?it/s]
BP Epoch 2/100:   4%|â–         | 16/390 [00:00<00:02, 157.58it/s]
BP Epoch 2/100:   9%|â–‰         | 37/390 [00:00<00:02, 175.75it/s]
BP Epoch 2/100:  15%|â–ˆâ–Œ        | 59/390 [00:00<00:01, 194.30it/s]
BP Epoch 2/100:  21%|â–ˆâ–ˆ        | 81/390 [00:00<00:01, 194.02it/s]
BP Epoch 2/100:  21%|â–ˆâ–ˆ        | 81/390 [00:00<00:01, 194.02it/s, acc=96.88%, loss=0.1011]
BP Epoch 2/100:  26%|â–ˆâ–ˆâ–‹       | 103/390 [00:00<00:01, 202.18it/s, acc=96.88%, loss=0.1011]
BP Epoch 2/100:  32%|â–ˆâ–ˆâ–ˆâ–      | 125/390 [00:00<00:01, 198.56it/s, acc=96.88%, loss=0.1011]
BP Epoch 2/100:  38%|â–ˆâ–ˆâ–ˆâ–Š      | 147/390 [00:00<00:01, 204.53it/s, acc=96.88%, loss=0.1011]
BP Epoch 2/100:  43%|â–ˆâ–ˆâ–ˆâ–ˆâ–Ž     | 169/390 [00:00<00:01, 200.44it/s, acc=96.88%, loss=0.1011]
BP Epoch 2/100:  49%|â–ˆâ–ˆâ–ˆâ–ˆâ–‰     | 191/390 [00:00<00:00, 205.39it/s, acc=96.88%, loss=0.1011]
BP Epoch 2/100:  49%|â–ˆâ–ˆâ–ˆâ–ˆâ–‰     | 191/390 [00:01<00:00, 205.39it/s, acc=96.88%, loss=0.1418]
BP Epoch 2/100:  54%|â–ˆâ–ˆâ–ˆâ–ˆâ–ˆâ–    | 212/390 [00:01<00:00, 206.67it/s, acc=96.88%, loss=0.1418]
BP Epoch 2/100:  60%|â–ˆâ–ˆâ–ˆâ–ˆâ–ˆâ–‰    | 233/390 [00:01<00:00, 200.37it/s, acc=96.88%, loss=0.1418]
BP Epoch 2/100:  65%|â–ˆâ–ˆâ–ˆâ–ˆâ–ˆâ–ˆâ–Œ   | 255/390 [00:01<00:00, 205.49it/s, acc=96.88%, loss=0.1418]
BP Epoch 2/100:  71%|â–ˆâ–ˆâ–ˆâ–ˆâ–ˆâ–ˆâ–ˆ   | 276/390 [00:01<00:00, 206.54it/s, acc=96.88%, loss=0.1418]
BP Epoch 2/100:  76%|â–ˆâ–ˆâ–ˆâ–ˆâ–ˆâ–ˆâ–ˆâ–Œ  | 297/390 [00:01<00:00, 200.51it/s, acc=96.88%, loss=0.1418]
BP Epoch 2/100:  76%|â–ˆâ–ˆâ–ˆâ–ˆâ–ˆâ–ˆâ–ˆâ–Œ  | 297/390 [00:01<00:00, 200.51it/s, acc=95.31%, loss=0.1894]
BP Epoch 2/100:  82%|â–ˆâ–ˆâ–ˆâ–ˆâ–ˆâ–ˆâ–ˆâ–ˆâ– | 318/390 [00:01<00:00, 203.21it/s, acc=95.31%, loss=0.1894]
BP Epoch 2/100:  87%|â–ˆâ–ˆâ–ˆâ–ˆâ–ˆâ–ˆâ–ˆâ–ˆâ–‹ | 340/390 [00:01<00:00, 207.23it/s, acc=95.31%, loss=0.1894]
BP Epoch 2/100:  93%|â–ˆâ–ˆâ–ˆâ–ˆâ–ˆâ–ˆâ–ˆâ–ˆâ–ˆâ–Ž| 361/390 [00:01<00:00, 200.82it/s, acc=95.31%, loss=0.1894]
BP Epoch 2/100:  98%|â–ˆâ–ˆâ–ˆâ–ˆâ–ˆâ–ˆâ–ˆâ–ˆâ–ˆâ–Š| 382/390 [00:01<00:00, 202.95it/s, acc=95.31%, loss=0.1894]
BP Epoch 2/100:  98%|â–ˆâ–ˆâ–ˆâ–ˆâ–ˆâ–ˆâ–ˆâ–ˆâ–ˆâ–Š| 382/390 [00:01<00:00, 202.95it/s, acc=94.53%, loss=0.1860]
                                                                                           

Evaluating BP Model:   0%|          | 0/40 [00:00<?, ?it/s]
Evaluating BP Model:  22%|â–ˆâ–ˆâ–Ž       | 9/40 [00:00<00:00, 77.47it/s]
Evaluating BP Model:  52%|â–ˆâ–ˆâ–ˆâ–ˆâ–ˆâ–Ž    | 21/40 [00:00<00:00, 95.30it/s]
Evaluating BP Model:  82%|â–ˆâ–ˆâ–ˆâ–ˆâ–ˆâ–ˆâ–ˆâ–ˆâ–Ž | 33/40 [00:00<00:00, 101.20it/s]
                                                                     

BP Epoch 3/100:   0%|          | 0/390 [00:00<?, ?it/s]
BP Epoch 3/100:   4%|â–         | 17/390 [00:00<00:02, 155.60it/s]
BP Epoch 3/100:  10%|â–‰         | 38/390 [00:00<00:01, 186.33it/s]
BP Epoch 3/100:  15%|â–ˆâ–Œ        | 60/390 [00:00<00:01, 201.23it/s]
BP Epoch 3/100:  21%|â–ˆâ–ˆ        | 81/390 [00:00<00:01, 195.94it/s]
BP Epoch 3/100:  21%|â–ˆâ–ˆ        | 81/390 [00:00<00:01, 195.94it/s, acc=99.22%, loss=0.0327]
BP Epoch 3/100:  26%|â–ˆâ–ˆâ–Œ       | 102/390 [00:00<00:01, 200.72it/s, acc=99.22%, loss=0.0327]
BP Epoch 3/100:  32%|â–ˆâ–ˆâ–ˆâ–      | 124/390 [00:00<00:01, 206.98it/s, acc=99.22%, loss=0.0327]
BP Epoch 3/100:  37%|â–ˆâ–ˆâ–ˆâ–‹      | 145/390 [00:00<00:01, 200.10it/s, acc=99.22%, loss=0.0327]
BP Epoch 3/100:  43%|â–ˆâ–ˆâ–ˆâ–ˆâ–Ž     | 167/390 [00:00<00:01, 205.62it/s, acc=99.22%, loss=0.0327]
BP Epoch 3/100:  48%|â–ˆâ–ˆâ–ˆâ–ˆâ–Š     | 189/390 [00:00<00:00, 201.50it/s, acc=99.22%, loss=0.0327]
BP Epoch 3/100:  48%|â–ˆâ–ˆâ–ˆâ–ˆâ–Š     | 189/390 [00:00<00:00, 201.50it/s, acc=99.22%, loss=0.0298]
BP Epoch 3/100:  54%|â–ˆâ–ˆâ–ˆâ–ˆâ–ˆâ–    | 211/390 [00:01<00:00, 206.28it/s, acc=99.22%, loss=0.0298]
BP Epoch 3/100:  60%|â–ˆâ–ˆâ–ˆâ–ˆâ–ˆâ–‰    | 233/390 [00:01<00:00, 201.87it/s, acc=99.22%, loss=0.0298]
BP Epoch 3/100:  65%|â–ˆâ–ˆâ–ˆâ–ˆâ–ˆâ–ˆâ–Œ   | 255/390 [00:01<00:00, 206.53it/s, acc=99.22%, loss=0.0298]
BP Epoch 3/100:  71%|â–ˆâ–ˆâ–ˆâ–ˆâ–ˆâ–ˆâ–ˆ   | 277/390 [00:01<00:00, 202.13it/s, acc=99.22%, loss=0.0298]
BP Epoch 3/100:  77%|â–ˆâ–ˆâ–ˆâ–ˆâ–ˆâ–ˆâ–ˆâ–‹  | 299/390 [00:01<00:00, 206.56it/s, acc=99.22%, loss=0.0298]
BP Epoch 3/100:  77%|â–ˆâ–ˆâ–ˆâ–ˆâ–ˆâ–ˆâ–ˆâ–‹  | 299/390 [00:01<00:00, 206.56it/s, acc=99.22%, loss=0.0243]
BP Epoch 3/100:  82%|â–ˆâ–ˆâ–ˆâ–ˆâ–ˆâ–ˆâ–ˆâ–ˆâ– | 321/390 [00:01<00:00, 202.28it/s, acc=99.22%, loss=0.0243]
BP Epoch 3/100:  88%|â–ˆâ–ˆâ–ˆâ–ˆâ–ˆâ–ˆâ–ˆâ–ˆâ–Š | 343/390 [00:01<00:00, 206.74it/s, acc=99.22%, loss=0.0243]
BP Epoch 3/100:  94%|â–ˆâ–ˆâ–ˆâ–ˆâ–ˆâ–ˆâ–ˆâ–ˆâ–ˆâ–Ž| 365/390 [00:01<00:00, 202.45it/s, acc=99.22%, loss=0.0243]
BP Epoch 3/100:  99%|â–ˆâ–ˆâ–ˆâ–ˆâ–ˆâ–ˆâ–ˆâ–ˆâ–ˆâ–‰| 387/390 [00:01<00:00, 206.90it/s, acc=99.22%, loss=0.0243]
BP Epoch 3/100:  99%|â–ˆâ–ˆâ–ˆâ–ˆâ–ˆâ–ˆâ–ˆâ–ˆâ–ˆâ–‰| 387/390 [00:01<00:00, 206.90it/s, acc=96.88%, loss=0.0870]
                                                                                           

Evaluating BP Model:   0%|          | 0/40 [00:00<?, ?it/s]
Evaluating BP Model:  22%|â–ˆâ–ˆâ–Ž       | 9/40 [00:00<00:00, 76.37it/s]
Evaluating BP Model:  52%|â–ˆâ–ˆâ–ˆâ–ˆâ–ˆâ–Ž    | 21/40 [00:00<00:00, 94.16it/s]
Evaluating BP Model:  82%|â–ˆâ–ˆâ–ˆâ–ˆâ–ˆâ–ˆâ–ˆâ–ˆâ–Ž | 33/40 [00:00<00:00, 99.81it/s]
                                                                    

BP Epoch 4/100:   0%|          | 0/390 [00:00<?, ?it/s]
BP Epoch 4/100:   4%|â–         | 17/390 [00:00<00:02, 155.65it/s]
BP Epoch 4/100:  10%|â–‰         | 38/390 [00:00<00:01, 185.11it/s]
BP Epoch 4/100:  15%|â–ˆâ–Œ        | 60/390 [00:00<00:01, 200.42it/s]
BP Epoch 4/100:  21%|â–ˆâ–ˆ        | 81/390 [00:00<00:01, 196.04it/s]
BP Epoch 4/100:  21%|â–ˆâ–ˆ        | 81/390 [00:00<00:01, 196.04it/s, acc=97.66%, loss=0.0484]
BP Epoch 4/100:  26%|â–ˆâ–ˆâ–‹       | 103/390 [00:00<00:01, 203.32it/s, acc=97.66%, loss=0.0484]
BP Epoch 4/100:  32%|â–ˆâ–ˆâ–ˆâ–      | 125/390 [00:00<00:01, 199.96it/s, acc=97.66%, loss=0.0484]
BP Epoch 4/100:  38%|â–ˆâ–ˆâ–ˆâ–Š      | 147/390 [00:00<00:01, 205.44it/s, acc=97.66%, loss=0.0484]
BP Epoch 4/100:  43%|â–ˆâ–ˆâ–ˆâ–ˆâ–Ž     | 169/390 [00:00<00:01, 200.95it/s, acc=97.66%, loss=0.0484]
BP Epoch 4/100:  49%|â–ˆâ–ˆâ–ˆâ–ˆâ–‰     | 191/390 [00:00<00:00, 206.18it/s, acc=97.66%, loss=0.0484]
BP Epoch 4/100:  49%|â–ˆâ–ˆâ–ˆâ–ˆâ–‰     | 191/390 [00:00<00:00, 206.18it/s, acc=98.44%, loss=0.0352]
BP Epoch 4/100:  55%|â–ˆâ–ˆâ–ˆâ–ˆâ–ˆâ–    | 213/390 [00:01<00:00, 201.54it/s, acc=98.44%, loss=0.0352]
BP Epoch 4/100:  60%|â–ˆâ–ˆâ–ˆâ–ˆâ–ˆâ–ˆ    | 235/390 [00:01<00:00, 206.61it/s, acc=98.44%, loss=0.0352]
BP Epoch 4/100:  66%|â–ˆâ–ˆâ–ˆâ–ˆâ–ˆâ–ˆâ–Œ   | 256/390 [00:01<00:00, 207.47it/s, acc=98.44%, loss=0.0352]
BP Epoch 4/100:  71%|â–ˆâ–ˆâ–ˆâ–ˆâ–ˆâ–ˆâ–ˆ   | 277/390 [00:01<00:00, 201.43it/s, acc=98.44%, loss=0.0352]
BP Epoch 4/100:  77%|â–ˆâ–ˆâ–ˆâ–ˆâ–ˆâ–ˆâ–ˆâ–‹  | 299/390 [00:01<00:00, 206.49it/s, acc=98.44%, loss=0.0352]
BP Epoch 4/100:  77%|â–ˆâ–ˆâ–ˆâ–ˆâ–ˆâ–ˆâ–ˆâ–‹  | 299/390 [00:01<00:00, 206.49it/s, acc=96.88%, loss=0.1017]
BP Epoch 4/100:  82%|â–ˆâ–ˆâ–ˆâ–ˆâ–ˆâ–ˆâ–ˆâ–ˆâ– | 321/390 [00:01<00:00, 201.96it/s, acc=96.88%, loss=0.1017]
BP Epoch 4/100:  88%|â–ˆâ–ˆâ–ˆâ–ˆâ–ˆâ–ˆâ–ˆâ–ˆâ–Š | 343/390 [00:01<00:00, 206.68it/s, acc=96.88%, loss=0.1017]
BP Epoch 4/100:  93%|â–ˆâ–ˆâ–ˆâ–ˆâ–ˆâ–ˆâ–ˆâ–ˆâ–ˆâ–Ž| 364/390 [00:01<00:00, 206.97it/s, acc=96.88%, loss=0.1017]
BP Epoch 4/100:  99%|â–ˆâ–ˆâ–ˆâ–ˆâ–ˆâ–ˆâ–ˆâ–ˆâ–ˆâ–Š| 385/390 [00:01<00:00, 199.61it/s, acc=96.88%, loss=0.1017]
BP Epoch 4/100:  99%|â–ˆâ–ˆâ–ˆâ–ˆâ–ˆâ–ˆâ–ˆâ–ˆâ–ˆâ–Š| 385/390 [00:01<00:00, 199.61it/s, acc=99.22%, loss=0.0227]
                                                                                           

Evaluating BP Model:   0%|          | 0/40 [00:00<?, ?it/s]
Evaluating BP Model:  22%|â–ˆâ–ˆâ–Ž       | 9/40 [00:00<00:00, 75.81it/s]
Evaluating BP Model:  52%|â–ˆâ–ˆâ–ˆâ–ˆâ–ˆâ–Ž    | 21/40 [00:00<00:00, 94.54it/s]
Evaluating BP Model:  82%|â–ˆâ–ˆâ–ˆâ–ˆâ–ˆâ–ˆâ–ˆâ–ˆâ–Ž | 33/40 [00:00<00:00, 100.34it/s]
                                                                     

BP Epoch 5/100:   0%|          | 0/390 [00:00<?, ?it/s]
BP Epoch 5/100:   4%|â–         | 16/390 [00:00<00:02, 159.28it/s]
BP Epoch 5/100:   9%|â–‰         | 37/390 [00:00<00:01, 179.35it/s]
BP Epoch 5/100:  15%|â–ˆâ–Œ        | 59/390 [00:00<00:01, 196.52it/s]
BP Epoch 5/100:  21%|â–ˆâ–ˆ        | 81/390 [00:00<00:01, 196.05it/s]
BP Epoch 5/100:  21%|â–ˆâ–ˆ        | 81/390 [00:00<00:01, 196.05it/s, acc=96.88%, loss=0.0875]
BP Epoch 5/100:  26%|â–ˆâ–ˆâ–‹       | 103/390 [00:00<00:01, 204.01it/s, acc=96.88%, loss=0.0875]
BP Epoch 5/100:  32%|â–ˆâ–ˆâ–ˆâ–      | 125/390 [00:00<00:01, 200.75it/s, acc=96.88%, loss=0.0875]
BP Epoch 5/100:  38%|â–ˆâ–ˆâ–ˆâ–Š      | 148/390 [00:00<00:01, 209.19it/s, acc=96.88%, loss=0.0875]
BP Epoch 5/100:  43%|â–ˆâ–ˆâ–ˆâ–ˆâ–Ž     | 169/390 [00:00<00:01, 202.83it/s, acc=96.88%, loss=0.0875]
BP Epoch 5/100:  49%|â–ˆâ–ˆâ–ˆâ–ˆâ–‰     | 191/390 [00:00<00:00, 207.14it/s, acc=96.88%, loss=0.0875]
BP Epoch 5/100:  49%|â–ˆâ–ˆâ–ˆâ–ˆâ–‰     | 191/390 [00:00<00:00, 207.14it/s, acc=99.22%, loss=0.0404]
BP Epoch 5/100:  55%|â–ˆâ–ˆâ–ˆâ–ˆâ–ˆâ–    | 213/390 [00:01<00:00, 203.92it/s, acc=99.22%, loss=0.0404]
BP Epoch 5/100:  60%|â–ˆâ–ˆâ–ˆâ–ˆâ–ˆâ–ˆ    | 235/390 [00:01<00:00, 207.00it/s, acc=99.22%, loss=0.0404]
BP Epoch 5/100:  66%|â–ˆâ–ˆâ–ˆâ–ˆâ–ˆâ–ˆâ–Œ   | 257/390 [00:01<00:00, 204.61it/s, acc=99.22%, loss=0.0404]
BP Epoch 5/100:  72%|â–ˆâ–ˆâ–ˆâ–ˆâ–ˆâ–ˆâ–ˆâ–  | 279/390 [00:01<00:00, 206.37it/s, acc=99.22%, loss=0.0404]
BP Epoch 5/100:  72%|â–ˆâ–ˆâ–ˆâ–ˆâ–ˆâ–ˆâ–ˆâ–  | 279/390 [00:01<00:00, 206.37it/s, acc=99.22%, loss=0.0188]
BP Epoch 5/100:  77%|â–ˆâ–ˆâ–ˆâ–ˆâ–ˆâ–ˆâ–ˆâ–‹  | 300/390 [00:01<00:00, 206.55it/s, acc=99.22%, loss=0.0188]
BP Epoch 5/100:  82%|â–ˆâ–ˆâ–ˆâ–ˆâ–ˆâ–ˆâ–ˆâ–ˆâ– | 321/390 [00:01<00:00, 205.54it/s, acc=99.22%, loss=0.0188]
BP Epoch 5/100:  88%|â–ˆâ–ˆâ–ˆâ–ˆâ–ˆâ–ˆâ–ˆâ–ˆâ–Š | 343/390 [00:01<00:00, 206.46it/s, acc=99.22%, loss=0.0188]
BP Epoch 5/100:  94%|â–ˆâ–ˆâ–ˆâ–ˆâ–ˆâ–ˆâ–ˆâ–ˆâ–ˆâ–Ž| 365/390 [00:01<00:00, 206.14it/s, acc=99.22%, loss=0.0188]
BP Epoch 5/100:  99%|â–ˆâ–ˆâ–ˆâ–ˆâ–ˆâ–ˆâ–ˆâ–ˆâ–ˆâ–‰| 386/390 [00:01<00:00, 204.19it/s, acc=99.22%, loss=0.0188]
BP Epoch 5/100:  99%|â–ˆâ–ˆâ–ˆâ–ˆâ–ˆâ–ˆâ–ˆâ–ˆâ–ˆâ–‰| 386/390 [00:01<00:00, 204.19it/s, acc=100.00%, loss=0.0163]
                                                                                            

Evaluating BP Model:   0%|          | 0/40 [00:00<?, ?it/s]
Evaluating BP Model:  22%|â–ˆâ–ˆâ–Ž       | 9/40 [00:00<00:00, 76.72it/s]
Evaluating BP Model:  52%|â–ˆâ–ˆâ–ˆâ–ˆâ–ˆâ–Ž    | 21/40 [00:00<00:00, 95.27it/s]
Evaluating BP Model:  82%|â–ˆâ–ˆâ–ˆâ–ˆâ–ˆâ–ˆâ–ˆâ–ˆâ–Ž | 33/40 [00:00<00:00, 100.56it/s]
                                                                     

BP Epoch 6/100:   0%|          | 0/390 [00:00<?, ?it/s]
BP Epoch 6/100:   4%|â–         | 17/390 [00:00<00:02, 154.52it/s]
BP Epoch 6/100:  10%|â–ˆ         | 40/390 [00:00<00:01, 196.29it/s]
BP Epoch 6/100:  16%|â–ˆâ–Œ        | 61/390 [00:00<00:01, 193.85it/s]
BP Epoch 6/100:  22%|â–ˆâ–ˆâ–       | 84/390 [00:00<00:01, 206.44it/s]
BP Epoch 6/100:  22%|â–ˆâ–ˆâ–       | 84/390 [00:00<00:01, 206.44it/s, acc=98.44%, loss=0.0346]
BP Epoch 6/100:  27%|â–ˆâ–ˆâ–‹       | 105/390 [00:00<00:01, 200.30it/s, acc=98.44%, loss=0.0346]
BP Epoch 6/100:  33%|â–ˆâ–ˆâ–ˆâ–Ž      | 128/390 [00:00<00:01, 209.38it/s, acc=98.44%, loss=0.0346]
BP Epoch 6/100:  38%|â–ˆâ–ˆâ–ˆâ–Š      | 150/390 [00:00<00:01, 204.70it/s, acc=98.44%, loss=0.0346]
BP Epoch 6/100:  44%|â–ˆâ–ˆâ–ˆâ–ˆâ–     | 173/390 [00:00<00:01, 203.86it/s, acc=98.44%, loss=0.0346]
BP Epoch 6/100:  50%|â–ˆâ–ˆâ–ˆâ–ˆâ–ˆ     | 196/390 [00:00<00:00, 211.06it/s, acc=98.44%, loss=0.0346]
BP Epoch 6/100:  50%|â–ˆâ–ˆâ–ˆâ–ˆâ–ˆ     | 196/390 [00:00<00:00, 211.06it/s, acc=100.00%, loss=0.0145]
BP Epoch 6/100:  56%|â–ˆâ–ˆâ–ˆâ–ˆâ–ˆâ–Œ    | 218/390 [00:01<00:00, 205.96it/s, acc=100.00%, loss=0.0145]
BP Epoch 6/100:  62%|â–ˆâ–ˆâ–ˆâ–ˆâ–ˆâ–ˆâ–   | 240/390 [00:01<00:00, 209.86it/s, acc=100.00%, loss=0.0145]
BP Epoch 6/100:  67%|â–ˆâ–ˆâ–ˆâ–ˆâ–ˆâ–ˆâ–‹   | 262/390 [00:01<00:00, 205.05it/s, acc=100.00%, loss=0.0145]
BP Epoch 6/100:  73%|â–ˆâ–ˆâ–ˆâ–ˆâ–ˆâ–ˆâ–ˆâ–Ž  | 284/390 [00:01<00:00, 209.20it/s, acc=100.00%, loss=0.0145]
BP Epoch 6/100:  73%|â–ˆâ–ˆâ–ˆâ–ˆâ–ˆâ–ˆâ–ˆâ–Ž  | 284/390 [00:01<00:00, 209.20it/s, acc=100.00%, loss=0.0133]
BP Epoch 6/100:  78%|â–ˆâ–ˆâ–ˆâ–ˆâ–ˆâ–ˆâ–ˆâ–Š  | 305/390 [00:01<00:00, 202.94it/s, acc=100.00%, loss=0.0133]
BP Epoch 6/100:  84%|â–ˆâ–ˆâ–ˆâ–ˆâ–ˆâ–ˆâ–ˆâ–ˆâ– | 328/390 [00:01<00:00, 210.19it/s, acc=100.00%, loss=0.0133]
BP Epoch 6/100:  90%|â–ˆâ–ˆâ–ˆâ–ˆâ–ˆâ–ˆâ–ˆâ–ˆâ–‰ | 350/390 [00:01<00:00, 205.51it/s, acc=100.00%, loss=0.0133]
BP Epoch 6/100:  96%|â–ˆâ–ˆâ–ˆâ–ˆâ–ˆâ–ˆâ–ˆâ–ˆâ–ˆâ–Œ| 373/390 [00:01<00:00, 204.54it/s, acc=100.00%, loss=0.0133]
BP Epoch 6/100:  96%|â–ˆâ–ˆâ–ˆâ–ˆâ–ˆâ–ˆâ–ˆâ–ˆâ–ˆâ–Œ| 373/390 [00:01<00:00, 204.54it/s, acc=100.00%, loss=0.0094]
                                                                                            

Evaluating BP Model:   0%|          | 0/40 [00:00<?, ?it/s]
Evaluating BP Model:  22%|â–ˆâ–ˆâ–Ž       | 9/40 [00:00<00:00, 76.23it/s]
Evaluating BP Model:  52%|â–ˆâ–ˆâ–ˆâ–ˆâ–ˆâ–Ž    | 21/40 [00:00<00:00, 94.19it/s]
Evaluating BP Model:  82%|â–ˆâ–ˆâ–ˆâ–ˆâ–ˆâ–ˆâ–ˆâ–ˆâ–Ž | 33/40 [00:00<00:00, 99.65it/s]
                                                                    

BP Epoch 7/100:   0%|          | 0/390 [00:00<?, ?it/s][codecarbon INFO @ 04:13:27] Energy consumed for RAM : 0.000164 kWh. RAM Power : 38.0 W

BP Epoch 7/100:   4%|â–         | 17/390 [00:00<00:02, 156.24it/s]
BP Epoch 7/100:  10%|â–ˆ         | 39/390 [00:00<00:01, 191.74it/s]
BP Epoch 7/100:  16%|â–ˆâ–Œ        | 61/390 [00:00<00:01, 193.23it/s]
BP Epoch 7/100:  21%|â–ˆâ–ˆâ–       | 83/390 [00:00<00:01, 203.14it/s]
BP Epoch 7/100:  21%|â–ˆâ–ˆâ–       | 83/390 [00:00<00:01, 203.14it/s, acc=100.00%, loss=0.0043]
BP Epoch 7/100:  27%|â–ˆâ–ˆâ–‹       | 105/390 [00:00<00:01, 199.76it/s, acc=100.00%, loss=0.0043][codecarbon INFO @ 04:13:27] Delta energy consumed for CPU with cpu_load : 0.000344 kWh, power : 79.89000000000001 W
[codecarbon INFO @ 04:13:27] Energy consumed for All CPU : 0.000344 kWh
[codecarbon INFO @ 04:13:27] Energy consumed for all GPUs : 0.000266 kWh. Total GPU Power : 59.886623264558516 W
[codecarbon INFO @ 04:13:27] 0.000774 kWh of electricity used since the beginning.

BP Epoch 7/100:  33%|â–ˆâ–ˆâ–ˆâ–Ž      | 128/390 [00:00<00:01, 208.75it/s, acc=100.00%, loss=0.0043]
BP Epoch 7/100:  38%|â–ˆâ–ˆâ–ˆâ–Š      | 149/390 [00:00<00:01, 202.15it/s, acc=100.00%, loss=0.0043]
BP Epoch 7/100:  44%|â–ˆâ–ˆâ–ˆâ–ˆâ–     | 172/390 [00:00<00:01, 209.95it/s, acc=100.00%, loss=0.0043]
BP Epoch 7/100:  50%|â–ˆâ–ˆâ–ˆâ–ˆâ–‰     | 194/390 [00:00<00:00, 205.25it/s, acc=100.00%, loss=0.0043]
BP Epoch 7/100:  50%|â–ˆâ–ˆâ–ˆâ–ˆâ–‰     | 194/390 [00:00<00:00, 205.25it/s, acc=99.22%, loss=0.0152] 
BP Epoch 7/100:  55%|â–ˆâ–ˆâ–ˆâ–ˆâ–ˆâ–Œ    | 216/390 [00:01<00:00, 209.26it/s, acc=99.22%, loss=0.0152]
BP Epoch 7/100:  61%|â–ˆâ–ˆâ–ˆâ–ˆâ–ˆâ–ˆ    | 238/390 [00:01<00:00, 205.14it/s, acc=99.22%, loss=0.0152]
BP Epoch 7/100:  67%|â–ˆâ–ˆâ–ˆâ–ˆâ–ˆâ–ˆâ–‹   | 261/390 [00:01<00:00, 204.18it/s, acc=99.22%, loss=0.0152]
BP Epoch 7/100:  73%|â–ˆâ–ˆâ–ˆâ–ˆâ–ˆâ–ˆâ–ˆâ–Ž  | 284/390 [00:01<00:00, 210.66it/s, acc=99.22%, loss=0.0152]
BP Epoch 7/100:  73%|â–ˆâ–ˆâ–ˆâ–ˆâ–ˆâ–ˆâ–ˆâ–Ž  | 284/390 [00:01<00:00, 210.66it/s, acc=100.00%, loss=0.0055]
BP Epoch 7/100:  78%|â–ˆâ–ˆâ–ˆâ–ˆâ–ˆâ–ˆâ–ˆâ–Š  | 306/390 [00:01<00:00, 205.16it/s, acc=100.00%, loss=0.0055]
BP Epoch 7/100:  84%|â–ˆâ–ˆâ–ˆâ–ˆâ–ˆâ–ˆâ–ˆâ–ˆâ– | 328/390 [00:01<00:00, 208.96it/s, acc=100.00%, loss=0.0055]
BP Epoch 7/100:  89%|â–ˆâ–ˆâ–ˆâ–ˆâ–ˆâ–ˆâ–ˆâ–ˆâ–‰ | 349/390 [00:01<00:00, 202.45it/s, acc=100.00%, loss=0.0055]
BP Epoch 7/100:  95%|â–ˆâ–ˆâ–ˆâ–ˆâ–ˆâ–ˆâ–ˆâ–ˆâ–ˆâ–Œ| 371/390 [00:01<00:00, 206.90it/s, acc=100.00%, loss=0.0055]
BP Epoch 7/100:  95%|â–ˆâ–ˆâ–ˆâ–ˆâ–ˆâ–ˆâ–ˆâ–ˆâ–ˆâ–Œ| 371/390 [00:01<00:00, 206.90it/s, acc=100.00%, loss=0.0076]
                                                                                            

Evaluating BP Model:   0%|          | 0/40 [00:00<?, ?it/s]
Evaluating BP Model:  22%|â–ˆâ–ˆâ–Ž       | 9/40 [00:00<00:00, 76.32it/s]
Evaluating BP Model:  52%|â–ˆâ–ˆâ–ˆâ–ˆâ–ˆâ–Ž    | 21/40 [00:00<00:00, 93.97it/s]
Evaluating BP Model:  82%|â–ˆâ–ˆâ–ˆâ–ˆâ–ˆâ–ˆâ–ˆâ–ˆâ–Ž | 33/40 [00:00<00:00, 99.62it/s]
                                                                    

BP Epoch 8/100:   0%|          | 0/390 [00:00<?, ?it/s]
BP Epoch 8/100:   4%|â–         | 17/390 [00:00<00:02, 156.35it/s]
BP Epoch 8/100:  10%|â–ˆ         | 39/390 [00:00<00:01, 191.63it/s]
BP Epoch 8/100:  16%|â–ˆâ–Œ        | 61/390 [00:00<00:01, 193.55it/s]
BP Epoch 8/100:  21%|â–ˆâ–ˆâ–       | 83/390 [00:00<00:01, 203.25it/s]
BP Epoch 8/100:  21%|â–ˆâ–ˆâ–       | 83/390 [00:00<00:01, 203.25it/s, acc=100.00%, loss=0.0020]
BP Epoch 8/100:  27%|â–ˆâ–ˆâ–‹       | 105/390 [00:00<00:01, 200.16it/s, acc=100.00%, loss=0.0020]
BP Epoch 8/100:  33%|â–ˆâ–ˆâ–ˆâ–Ž      | 127/390 [00:00<00:01, 206.56it/s, acc=100.00%, loss=0.0020]
BP Epoch 8/100:  38%|â–ˆâ–ˆâ–ˆâ–Š      | 149/390 [00:00<00:01, 202.46it/s, acc=100.00%, loss=0.0020]
BP Epoch 8/100:  44%|â–ˆâ–ˆâ–ˆâ–ˆâ–     | 171/390 [00:00<00:01, 207.64it/s, acc=100.00%, loss=0.0020]
BP Epoch 8/100:  49%|â–ˆâ–ˆâ–ˆâ–ˆâ–‰     | 193/390 [00:00<00:00, 204.03it/s, acc=100.00%, loss=0.0020]
BP Epoch 8/100:  49%|â–ˆâ–ˆâ–ˆâ–ˆâ–‰     | 193/390 [00:00<00:00, 204.03it/s, acc=99.22%, loss=0.0140] 
BP Epoch 8/100:  55%|â–ˆâ–ˆâ–ˆâ–ˆâ–ˆâ–Œ    | 216/390 [00:01<00:00, 210.53it/s, acc=99.22%, loss=0.0140]
BP Epoch 8/100:  61%|â–ˆâ–ˆâ–ˆâ–ˆâ–ˆâ–ˆ    | 238/390 [00:01<00:00, 205.87it/s, acc=99.22%, loss=0.0140]
BP Epoch 8/100:  67%|â–ˆâ–ˆâ–ˆâ–ˆâ–ˆâ–ˆâ–‹   | 260/390 [00:01<00:00, 209.70it/s, acc=99.22%, loss=0.0140]
BP Epoch 8/100:  72%|â–ˆâ–ˆâ–ˆâ–ˆâ–ˆâ–ˆâ–ˆâ–  | 282/390 [00:01<00:00, 205.19it/s, acc=99.22%, loss=0.0140]
BP Epoch 8/100:  72%|â–ˆâ–ˆâ–ˆâ–ˆâ–ˆâ–ˆâ–ˆâ–  | 282/390 [00:01<00:00, 205.19it/s, acc=100.00%, loss=0.0106]
BP Epoch 8/100:  78%|â–ˆâ–ˆâ–ˆâ–ˆâ–ˆâ–ˆâ–ˆâ–Š  | 305/390 [00:01<00:00, 204.29it/s, acc=100.00%, loss=0.0106]
BP Epoch 8/100:  84%|â–ˆâ–ˆâ–ˆâ–ˆâ–ˆâ–ˆâ–ˆâ–ˆâ– | 327/390 [00:01<00:00, 208.13it/s, acc=100.00%, loss=0.0106]
BP Epoch 8/100:  89%|â–ˆâ–ˆâ–ˆâ–ˆâ–ˆâ–ˆâ–ˆâ–ˆâ–‰ | 349/390 [00:01<00:00, 204.05it/s, acc=100.00%, loss=0.0106]
BP Epoch 8/100:  95%|â–ˆâ–ˆâ–ˆâ–ˆâ–ˆâ–ˆâ–ˆâ–ˆâ–ˆâ–Œ| 372/390 [00:01<00:00, 210.25it/s, acc=100.00%, loss=0.0106]
BP Epoch 8/100:  95%|â–ˆâ–ˆâ–ˆâ–ˆâ–ˆâ–ˆâ–ˆâ–ˆâ–ˆâ–Œ| 372/390 [00:01<00:00, 210.25it/s, acc=100.00%, loss=0.0054]
                                                                                            

Evaluating BP Model:   0%|          | 0/40 [00:00<?, ?it/s]
Evaluating BP Model:  22%|â–ˆâ–ˆâ–Ž       | 9/40 [00:00<00:00, 76.39it/s]
Evaluating BP Model:  52%|â–ˆâ–ˆâ–ˆâ–ˆâ–ˆâ–Ž    | 21/40 [00:00<00:00, 94.45it/s]
Evaluating BP Model:  82%|â–ˆâ–ˆâ–ˆâ–ˆâ–ˆâ–ˆâ–ˆâ–ˆâ–Ž | 33/40 [00:00<00:00, 100.15it/s]
                                                                     

BP Epoch 9/100:   0%|          | 0/390 [00:00<?, ?it/s]
BP Epoch 9/100:   4%|â–         | 17/390 [00:00<00:02, 155.12it/s]
BP Epoch 9/100:  10%|â–ˆ         | 39/390 [00:00<00:01, 191.21it/s]
BP Epoch 9/100:  16%|â–ˆâ–Œ        | 61/390 [00:00<00:01, 192.03it/s]
BP Epoch 9/100:  21%|â–ˆâ–ˆâ–       | 83/390 [00:00<00:01, 202.36it/s]
BP Epoch 9/100:  21%|â–ˆâ–ˆâ–       | 83/390 [00:00<00:01, 202.36it/s, acc=100.00%, loss=0.0046]
BP Epoch 9/100:  27%|â–ˆâ–ˆâ–‹       | 105/390 [00:00<00:01, 199.04it/s, acc=100.00%, loss=0.0046]
BP Epoch 9/100:  33%|â–ˆâ–ˆâ–ˆâ–Ž      | 128/390 [00:00<00:01, 207.93it/s, acc=100.00%, loss=0.0046]
BP Epoch 9/100:  38%|â–ˆâ–ˆâ–ˆâ–Š      | 149/390 [00:00<00:01, 201.12it/s, acc=100.00%, loss=0.0046]
BP Epoch 9/100:  44%|â–ˆâ–ˆâ–ˆâ–ˆâ–     | 172/390 [00:00<00:01, 208.80it/s, acc=100.00%, loss=0.0046]
BP Epoch 9/100:  49%|â–ˆâ–ˆâ–ˆâ–ˆâ–‰     | 193/390 [00:00<00:00, 202.33it/s, acc=100.00%, loss=0.0046]
BP Epoch 9/100:  49%|â–ˆâ–ˆâ–ˆâ–ˆâ–‰     | 193/390 [00:00<00:00, 202.33it/s, acc=100.00%, loss=0.0065]
BP Epoch 9/100:  55%|â–ˆâ–ˆâ–ˆâ–ˆâ–ˆâ–Œ    | 215/390 [00:01<00:00, 207.30it/s, acc=100.00%, loss=0.0065]
BP Epoch 9/100:  61%|â–ˆâ–ˆâ–ˆâ–ˆâ–ˆâ–ˆ    | 237/390 [00:01<00:00, 203.26it/s, acc=100.00%, loss=0.0065]
BP Epoch 9/100:  67%|â–ˆâ–ˆâ–ˆâ–ˆâ–ˆâ–ˆâ–‹   | 260/390 [00:01<00:00, 210.06it/s, acc=100.00%, loss=0.0065]
BP Epoch 9/100:  72%|â–ˆâ–ˆâ–ˆâ–ˆâ–ˆâ–ˆâ–ˆâ–  | 282/390 [00:01<00:00, 205.39it/s, acc=100.00%, loss=0.0065]
BP Epoch 9/100:  72%|â–ˆâ–ˆâ–ˆâ–ˆâ–ˆâ–ˆâ–ˆâ–  | 282/390 [00:01<00:00, 205.39it/s, acc=99.22%, loss=0.0157] 
BP Epoch 9/100:  78%|â–ˆâ–ˆâ–ˆâ–ˆâ–ˆâ–ˆâ–ˆâ–Š  | 304/390 [00:01<00:00, 208.89it/s, acc=99.22%, loss=0.0157]
BP Epoch 9/100:  83%|â–ˆâ–ˆâ–ˆâ–ˆâ–ˆâ–ˆâ–ˆâ–ˆâ–Ž | 325/390 [00:01<00:00, 203.06it/s, acc=99.22%, loss=0.0157]
BP Epoch 9/100:  89%|â–ˆâ–ˆâ–ˆâ–ˆâ–ˆâ–ˆâ–ˆâ–ˆâ–‰ | 348/390 [00:01<00:00, 209.82it/s, acc=99.22%, loss=0.0157]
BP Epoch 9/100:  95%|â–ˆâ–ˆâ–ˆâ–ˆâ–ˆâ–ˆâ–ˆâ–ˆâ–ˆâ–| 370/390 [00:01<00:00, 205.26it/s, acc=99.22%, loss=0.0157]
BP Epoch 9/100:  95%|â–ˆâ–ˆâ–ˆâ–ˆâ–ˆâ–ˆâ–ˆâ–ˆâ–ˆâ–| 370/390 [00:01<00:00, 205.26it/s, acc=99.22%, loss=0.0271]
                                                                                           

Evaluating BP Model:   0%|          | 0/40 [00:00<?, ?it/s]
Evaluating BP Model:  22%|â–ˆâ–ˆâ–Ž       | 9/40 [00:00<00:00, 77.25it/s]
Evaluating BP Model:  52%|â–ˆâ–ˆâ–ˆâ–ˆâ–ˆâ–Ž    | 21/40 [00:00<00:00, 94.38it/s]
Evaluating BP Model:  82%|â–ˆâ–ˆâ–ˆâ–ˆâ–ˆâ–ˆâ–ˆâ–ˆâ–Ž | 33/40 [00:00<00:00, 100.35it/s]
                                                                     

BP Epoch 10/100:   0%|          | 0/390 [00:00<?, ?it/s]
BP Epoch 10/100:   4%|â–         | 15/390 [00:00<00:02, 149.22it/s]
BP Epoch 10/100:   9%|â–‰         | 37/390 [00:00<00:01, 178.82it/s]
BP Epoch 10/100:  15%|â–ˆâ–Œ        | 60/390 [00:00<00:01, 200.17it/s]
BP Epoch 10/100:  21%|â–ˆâ–ˆ        | 81/390 [00:00<00:01, 195.59it/s]
BP Epoch 10/100:  21%|â–ˆâ–ˆ        | 81/390 [00:00<00:01, 195.59it/s, acc=100.00%, loss=0.0081]
BP Epoch 10/100:  26%|â–ˆâ–ˆâ–‹       | 103/390 [00:00<00:01, 203.81it/s, acc=100.00%, loss=0.0081]
BP Epoch 10/100:  32%|â–ˆâ–ˆâ–ˆâ–      | 125/390 [00:00<00:01, 200.99it/s, acc=100.00%, loss=0.0081]
BP Epoch 10/100:  38%|â–ˆâ–ˆâ–ˆâ–Š      | 148/390 [00:00<00:01, 209.15it/s, acc=100.00%, loss=0.0081]
BP Epoch 10/100:  43%|â–ˆâ–ˆâ–ˆâ–ˆâ–Ž     | 169/390 [00:00<00:01, 202.56it/s, acc=100.00%, loss=0.0081]
BP Epoch 10/100:  49%|â–ˆâ–ˆâ–ˆâ–ˆâ–‰     | 191/390 [00:00<00:00, 207.53it/s, acc=100.00%, loss=0.0081]
BP Epoch 10/100:  49%|â–ˆâ–ˆâ–ˆâ–ˆâ–‰     | 191/390 [00:00<00:00, 207.53it/s, acc=100.00%, loss=0.0024]
BP Epoch 10/100:  55%|â–ˆâ–ˆâ–ˆâ–ˆâ–ˆâ–    | 213/390 [00:01<00:00, 203.40it/s, acc=100.00%, loss=0.0024]
BP Epoch 10/100:  61%|â–ˆâ–ˆâ–ˆâ–ˆâ–ˆâ–ˆ    | 236/390 [00:01<00:00, 210.50it/s, acc=100.00%, loss=0.0024]
BP Epoch 10/100:  66%|â–ˆâ–ˆâ–ˆâ–ˆâ–ˆâ–ˆâ–Œ   | 258/390 [00:01<00:00, 206.02it/s, acc=100.00%, loss=0.0024]
BP Epoch 10/100:  72%|â–ˆâ–ˆâ–ˆâ–ˆâ–ˆâ–ˆâ–ˆâ–  | 281/390 [00:01<00:00, 204.82it/s, acc=100.00%, loss=0.0024]
BP Epoch 10/100:  72%|â–ˆâ–ˆâ–ˆâ–ˆâ–ˆâ–ˆâ–ˆâ–  | 281/390 [00:01<00:00, 204.82it/s, acc=100.00%, loss=0.0015]
BP Epoch 10/100:  78%|â–ˆâ–ˆâ–ˆâ–ˆâ–ˆâ–ˆâ–ˆâ–Š  | 303/390 [00:01<00:00, 208.81it/s, acc=100.00%, loss=0.0015]
BP Epoch 10/100:  83%|â–ˆâ–ˆâ–ˆâ–ˆâ–ˆâ–ˆâ–ˆâ–ˆâ–Ž | 325/390 [00:01<00:00, 205.55it/s, acc=100.00%, loss=0.0015]
BP Epoch 10/100:  89%|â–ˆâ–ˆâ–ˆâ–ˆâ–ˆâ–ˆâ–ˆâ–ˆâ–‰ | 348/390 [00:01<00:00, 211.76it/s, acc=100.00%, loss=0.0015]
BP Epoch 10/100:  95%|â–ˆâ–ˆâ–ˆâ–ˆâ–ˆâ–ˆâ–ˆâ–ˆâ–ˆâ–| 370/390 [00:01<00:00, 206.87it/s, acc=100.00%, loss=0.0015]
BP Epoch 10/100:  95%|â–ˆâ–ˆâ–ˆâ–ˆâ–ˆâ–ˆâ–ˆâ–ˆâ–ˆâ–| 370/390 [00:01<00:00, 206.87it/s, acc=100.00%, loss=0.0027]
                                                                                             

Evaluating BP Model:   0%|          | 0/40 [00:00<?, ?it/s]
Evaluating BP Model:  22%|â–ˆâ–ˆâ–Ž       | 9/40 [00:00<00:00, 76.73it/s]
Evaluating BP Model:  52%|â–ˆâ–ˆâ–ˆâ–ˆâ–ˆâ–Ž    | 21/40 [00:00<00:00, 94.45it/s]
Evaluating BP Model:  82%|â–ˆâ–ˆâ–ˆâ–ˆâ–ˆâ–ˆâ–ˆâ–ˆâ–Ž | 33/40 [00:00<00:00, 100.00it/s]
                                                                     

BP Epoch 11/100:   0%|          | 0/390 [00:00<?, ?it/s]
BP Epoch 11/100:   4%|â–         | 17/390 [00:00<00:02, 156.02it/s]
BP Epoch 11/100:  10%|â–‰         | 38/390 [00:00<00:01, 184.31it/s]
BP Epoch 11/100:  16%|â–ˆâ–Œ        | 61/390 [00:00<00:01, 194.78it/s]
BP Epoch 11/100:  21%|â–ˆâ–ˆâ–       | 83/390 [00:00<00:01, 204.22it/s]
BP Epoch 11/100:  21%|â–ˆâ–ˆâ–       | 83/390 [00:00<00:01, 204.22it/s, acc=100.00%, loss=0.0039]
BP Epoch 11/100:  27%|â–ˆâ–ˆâ–‹       | 105/390 [00:00<00:01, 201.16it/s, acc=100.00%, loss=0.0039]
BP Epoch 11/100:  33%|â–ˆâ–ˆâ–ˆâ–Ž      | 128/390 [00:00<00:01, 210.09it/s, acc=100.00%, loss=0.0039]
BP Epoch 11/100:  38%|â–ˆâ–ˆâ–ˆâ–Š      | 150/390 [00:00<00:01, 204.97it/s, acc=100.00%, loss=0.0039]
BP Epoch 11/100:  44%|â–ˆâ–ˆâ–ˆâ–ˆâ–     | 172/390 [00:00<00:01, 209.35it/s, acc=100.00%, loss=0.0039]
BP Epoch 11/100:  50%|â–ˆâ–ˆâ–ˆâ–ˆâ–‰     | 194/390 [00:00<00:00, 204.92it/s, acc=100.00%, loss=0.0039]
BP Epoch 11/100:  50%|â–ˆâ–ˆâ–ˆâ–ˆâ–‰     | 194/390 [00:00<00:00, 204.92it/s, acc=100.00%, loss=0.0034]
BP Epoch 11/100:  55%|â–ˆâ–ˆâ–ˆâ–ˆâ–ˆâ–Œ    | 216/390 [00:01<00:00, 209.31it/s, acc=100.00%, loss=0.0034]
BP Epoch 11/100:  61%|â–ˆâ–ˆâ–ˆâ–ˆâ–ˆâ–ˆ    | 237/390 [00:01<00:00, 202.85it/s, acc=100.00%, loss=0.0034]
BP Epoch 11/100:  66%|â–ˆâ–ˆâ–ˆâ–ˆâ–ˆâ–ˆâ–‹   | 259/390 [00:01<00:00, 207.52it/s, acc=100.00%, loss=0.0034]
BP Epoch 11/100:  72%|â–ˆâ–ˆâ–ˆâ–ˆâ–ˆâ–ˆâ–ˆâ–  | 281/390 [00:01<00:00, 203.54it/s, acc=100.00%, loss=0.0034]
BP Epoch 11/100:  72%|â–ˆâ–ˆâ–ˆâ–ˆâ–ˆâ–ˆâ–ˆâ–  | 281/390 [00:01<00:00, 203.54it/s, acc=100.00%, loss=0.0013]
BP Epoch 11/100:  78%|â–ˆâ–ˆâ–ˆâ–ˆâ–ˆâ–ˆâ–ˆâ–Š  | 303/390 [00:01<00:00, 208.11it/s, acc=100.00%, loss=0.0013]
BP Epoch 11/100:  83%|â–ˆâ–ˆâ–ˆâ–ˆâ–ˆâ–ˆâ–ˆâ–ˆâ–Ž | 325/390 [00:01<00:00, 204.15it/s, acc=100.00%, loss=0.0013]
BP Epoch 11/100:  89%|â–ˆâ–ˆâ–ˆâ–ˆâ–ˆâ–ˆâ–ˆâ–ˆâ–‰ | 347/390 [00:01<00:00, 208.63it/s, acc=100.00%, loss=0.0013]
BP Epoch 11/100:  95%|â–ˆâ–ˆâ–ˆâ–ˆâ–ˆâ–ˆâ–ˆâ–ˆâ–ˆâ–| 369/390 [00:01<00:00, 204.12it/s, acc=100.00%, loss=0.0013]
BP Epoch 11/100:  95%|â–ˆâ–ˆâ–ˆâ–ˆâ–ˆâ–ˆâ–ˆâ–ˆâ–ˆâ–| 369/390 [00:01<00:00, 204.12it/s, acc=100.00%, loss=0.0035]
                                                                                             

Evaluating BP Model:   0%|          | 0/40 [00:00<?, ?it/s]
Evaluating BP Model:  22%|â–ˆâ–ˆâ–Ž       | 9/40 [00:00<00:00, 76.44it/s]
Evaluating BP Model:  52%|â–ˆâ–ˆâ–ˆâ–ˆâ–ˆâ–Ž    | 21/40 [00:00<00:00, 94.23it/s]
Evaluating BP Model:  82%|â–ˆâ–ˆâ–ˆâ–ˆâ–ˆâ–ˆâ–ˆâ–ˆâ–Ž | 33/40 [00:00<00:00, 99.64it/s]
                                                                    

BP Epoch 12/100:   0%|          | 0/390 [00:00<?, ?it/s]
BP Epoch 12/100:   4%|â–         | 17/390 [00:00<00:02, 158.10it/s]
BP Epoch 12/100:  10%|â–ˆ         | 39/390 [00:00<00:01, 192.21it/s]
BP Epoch 12/100:  16%|â–ˆâ–Œ        | 61/390 [00:00<00:01, 197.43it/s]
BP Epoch 12/100:  21%|â–ˆâ–ˆâ–       | 83/390 [00:00<00:01, 203.67it/s]
BP Epoch 12/100:  21%|â–ˆâ–ˆâ–       | 83/390 [00:00<00:01, 203.67it/s, acc=100.00%, loss=0.0056]
BP Epoch 12/100:  27%|â–ˆâ–ˆâ–‹       | 105/390 [00:00<00:01, 204.49it/s, acc=100.00%, loss=0.0056]
BP Epoch 12/100:  32%|â–ˆâ–ˆâ–ˆâ–      | 126/390 [00:00<00:01, 205.07it/s, acc=100.00%, loss=0.0056]
BP Epoch 12/100:  38%|â–ˆâ–ˆâ–ˆâ–Š      | 148/390 [00:00<00:01, 208.49it/s, acc=100.00%, loss=0.0056]
BP Epoch 12/100:  43%|â–ˆâ–ˆâ–ˆâ–ˆâ–Ž     | 169/390 [00:00<00:01, 208.02it/s, acc=100.00%, loss=0.0056]
BP Epoch 12/100:  49%|â–ˆâ–ˆâ–ˆâ–ˆâ–Š     | 190/390 [00:00<00:00, 205.41it/s, acc=100.00%, loss=0.0056]
BP Epoch 12/100:  49%|â–ˆâ–ˆâ–ˆâ–ˆâ–Š     | 190/390 [00:00<00:00, 205.41it/s, acc=100.00%, loss=0.0006]
BP Epoch 12/100:  54%|â–ˆâ–ˆâ–ˆâ–ˆâ–ˆâ–    | 212/390 [00:01<00:00, 209.20it/s, acc=100.00%, loss=0.0006]
BP Epoch 12/100:  60%|â–ˆâ–ˆâ–ˆâ–ˆâ–ˆâ–ˆ    | 234/390 [00:01<00:00, 205.81it/s, acc=100.00%, loss=0.0006]
BP Epoch 12/100:  66%|â–ˆâ–ˆâ–ˆâ–ˆâ–ˆâ–ˆâ–Œ   | 256/390 [00:01<00:00, 209.16it/s, acc=100.00%, loss=0.0006]
BP Epoch 12/100:  71%|â–ˆâ–ˆâ–ˆâ–ˆâ–ˆâ–ˆâ–ˆâ–  | 278/390 [00:01<00:00, 205.88it/s, acc=100.00%, loss=0.0006]
BP Epoch 12/100:  71%|â–ˆâ–ˆâ–ˆâ–ˆâ–ˆâ–ˆâ–ˆâ–  | 278/390 [00:01<00:00, 205.88it/s, acc=99.22%, loss=0.0108] 
BP Epoch 12/100:  77%|â–ˆâ–ˆâ–ˆâ–ˆâ–ˆâ–ˆâ–ˆâ–‹  | 300/390 [00:01<00:00, 208.64it/s, acc=99.22%, loss=0.0108]
BP Epoch 12/100:  83%|â–ˆâ–ˆâ–ˆâ–ˆâ–ˆâ–ˆâ–ˆâ–ˆâ–Ž | 322/390 [00:01<00:00, 206.36it/s, acc=99.22%, loss=0.0108]
BP Epoch 12/100:  88%|â–ˆâ–ˆâ–ˆâ–ˆâ–ˆâ–ˆâ–ˆâ–ˆâ–Š | 344/390 [00:01<00:00, 209.46it/s, acc=99.22%, loss=0.0108]
BP Epoch 12/100:  94%|â–ˆâ–ˆâ–ˆâ–ˆâ–ˆâ–ˆâ–ˆâ–ˆâ–ˆâ–| 366/390 [00:01<00:00, 207.14it/s, acc=99.22%, loss=0.0108]
BP Epoch 12/100:  99%|â–ˆâ–ˆâ–ˆâ–ˆâ–ˆâ–ˆâ–ˆâ–ˆâ–ˆâ–‰| 387/390 [00:01<00:00, 201.92it/s, acc=99.22%, loss=0.0108]
BP Epoch 12/100:  99%|â–ˆâ–ˆâ–ˆâ–ˆâ–ˆâ–ˆâ–ˆâ–ˆâ–ˆâ–‰| 387/390 [00:01<00:00, 201.92it/s, acc=100.00%, loss=0.0127]
                                                                                             

Evaluating BP Model:   0%|          | 0/40 [00:00<?, ?it/s]
Evaluating BP Model:  22%|â–ˆâ–ˆâ–Ž       | 9/40 [00:00<00:00, 76.37it/s]
Evaluating BP Model:  52%|â–ˆâ–ˆâ–ˆâ–ˆâ–ˆâ–Ž    | 21/40 [00:00<00:00, 94.59it/s]
Evaluating BP Model:  82%|â–ˆâ–ˆâ–ˆâ–ˆâ–ˆâ–ˆâ–ˆâ–ˆâ–Ž | 33/40 [00:00<00:00, 100.42it/s]
                                                                     

BP Epoch 13/100:   0%|          | 0/390 [00:00<?, ?it/s]
BP Epoch 13/100:   4%|â–         | 17/390 [00:00<00:02, 162.21it/s]
BP Epoch 13/100:  10%|â–ˆ         | 39/390 [00:00<00:01, 195.11it/s]
BP Epoch 13/100:  16%|â–ˆâ–Œ        | 61/390 [00:00<00:01, 195.11it/s]
BP Epoch 13/100:  22%|â–ˆâ–ˆâ–       | 84/390 [00:00<00:01, 207.28it/s]
BP Epoch 13/100:  22%|â–ˆâ–ˆâ–       | 84/390 [00:00<00:01, 207.28it/s, acc=100.00%, loss=0.0064]
BP Epoch 13/100:  27%|â–ˆâ–ˆâ–‹       | 105/390 [00:00<00:01, 200.37it/s, acc=100.00%, loss=0.0064]
BP Epoch 13/100:  33%|â–ˆâ–ˆâ–ˆâ–Ž      | 127/390 [00:00<00:01, 206.52it/s, acc=100.00%, loss=0.0064]
BP Epoch 13/100:  38%|â–ˆâ–ˆâ–ˆâ–Š      | 149/390 [00:00<00:01, 202.40it/s, acc=100.00%, loss=0.0064]
BP Epoch 13/100:  44%|â–ˆâ–ˆâ–ˆâ–ˆâ–     | 171/390 [00:00<00:01, 207.51it/s, acc=100.00%, loss=0.0064][codecarbon INFO @ 04:13:42] Energy consumed for RAM : 0.000317 kWh. RAM Power : 38.0 W

BP Epoch 13/100:  49%|â–ˆâ–ˆâ–ˆâ–ˆâ–‰     | 193/390 [00:00<00:00, 202.99it/s, acc=100.00%, loss=0.0064]
BP Epoch 13/100:  49%|â–ˆâ–ˆâ–ˆâ–ˆâ–‰     | 193/390 [00:00<00:00, 202.99it/s, acc=100.00%, loss=0.0009]
BP Epoch 13/100:  55%|â–ˆâ–ˆâ–ˆâ–ˆâ–ˆâ–Œ    | 215/390 [00:01<00:00, 207.96it/s, acc=100.00%, loss=0.0009]
BP Epoch 13/100:  61%|â–ˆâ–ˆâ–ˆâ–ˆâ–ˆâ–ˆ    | 237/390 [00:01<00:00, 203.50it/s, acc=100.00%, loss=0.0009]
BP Epoch 13/100:  66%|â–ˆâ–ˆâ–ˆâ–ˆâ–ˆâ–ˆâ–‹   | 259/390 [00:01<00:00, 207.68it/s, acc=100.00%, loss=0.0009]
BP Epoch 13/100:  72%|â–ˆâ–ˆâ–ˆâ–ˆâ–ˆâ–ˆâ–ˆâ–  | 281/390 [00:01<00:00, 203.26it/s, acc=100.00%, loss=0.0009][codecarbon INFO @ 04:13:42] Delta energy consumed for CPU with cpu_load : 0.000324 kWh, power : 80.38125000000001 W
[codecarbon INFO @ 04:13:42] Energy consumed for All CPU : 0.000668 kWh
[codecarbon INFO @ 04:13:42] Energy consumed for all GPUs : 0.000528 kWh. Total GPU Power : 62.74622267432002 W
[codecarbon INFO @ 04:13:42] 0.001512 kWh of electricity used since the beginning.

BP Epoch 13/100:  72%|â–ˆâ–ˆâ–ˆâ–ˆâ–ˆâ–ˆâ–ˆâ–  | 281/390 [00:01<00:00, 203.26it/s, acc=100.00%, loss=0.0005]
BP Epoch 13/100:  78%|â–ˆâ–ˆâ–ˆâ–ˆâ–ˆâ–ˆâ–ˆâ–Š  | 303/390 [00:01<00:00, 207.53it/s, acc=100.00%, loss=0.0005]
BP Epoch 13/100:  83%|â–ˆâ–ˆâ–ˆâ–ˆâ–ˆâ–ˆâ–ˆâ–ˆâ–Ž | 325/390 [00:01<00:00, 203.73it/s, acc=100.00%, loss=0.0005]
BP Epoch 13/100:  89%|â–ˆâ–ˆâ–ˆâ–ˆâ–ˆâ–ˆâ–ˆâ–ˆâ–‰ | 347/390 [00:01<00:00, 208.10it/s, acc=100.00%, loss=0.0005]
BP Epoch 13/100:  95%|â–ˆâ–ˆâ–ˆâ–ˆâ–ˆâ–ˆâ–ˆâ–ˆâ–ˆâ–| 369/390 [00:01<00:00, 203.70it/s, acc=100.00%, loss=0.0005]
BP Epoch 13/100:  95%|â–ˆâ–ˆâ–ˆâ–ˆâ–ˆâ–ˆâ–ˆâ–ˆâ–ˆâ–| 369/390 [00:01<00:00, 203.70it/s, acc=99.22%, loss=0.0118] 
                                                                                            

Evaluating BP Model:   0%|          | 0/40 [00:00<?, ?it/s]
Evaluating BP Model:  22%|â–ˆâ–ˆâ–Ž       | 9/40 [00:00<00:00, 76.00it/s]
Evaluating BP Model:  52%|â–ˆâ–ˆâ–ˆâ–ˆâ–ˆâ–Ž    | 21/40 [00:00<00:00, 94.30it/s]
Evaluating BP Model:  82%|â–ˆâ–ˆâ–ˆâ–ˆâ–ˆâ–ˆâ–ˆâ–ˆâ–Ž | 33/40 [00:00<00:00, 100.06it/s]
                                                                     

BP Epoch 14/100:   0%|          | 0/390 [00:00<?, ?it/s]
BP Epoch 14/100:   4%|â–         | 17/390 [00:00<00:02, 155.37it/s]
BP Epoch 14/100:  10%|â–ˆ         | 39/390 [00:00<00:01, 191.57it/s]
BP Epoch 14/100:  16%|â–ˆâ–Œ        | 61/390 [00:00<00:01, 192.98it/s]
BP Epoch 14/100:  22%|â–ˆâ–ˆâ–       | 84/390 [00:00<00:01, 206.62it/s]
BP Epoch 14/100:  22%|â–ˆâ–ˆâ–       | 84/390 [00:00<00:01, 206.62it/s, acc=100.00%, loss=0.0014]
BP Epoch 14/100:  27%|â–ˆâ–ˆâ–‹       | 105/390 [00:00<00:01, 199.90it/s, acc=100.00%, loss=0.0014]
BP Epoch 14/100:  33%|â–ˆâ–ˆâ–ˆâ–Ž      | 128/390 [00:00<00:01, 208.97it/s, acc=100.00%, loss=0.0014]
BP Epoch 14/100:  38%|â–ˆâ–ˆâ–ˆâ–Š      | 149/390 [00:00<00:01, 201.71it/s, acc=100.00%, loss=0.0014]
BP Epoch 14/100:  44%|â–ˆâ–ˆâ–ˆâ–ˆâ–     | 171/390 [00:00<00:01, 206.86it/s, acc=100.00%, loss=0.0014]
BP Epoch 14/100:  49%|â–ˆâ–ˆâ–ˆâ–ˆâ–‰     | 193/390 [00:00<00:00, 202.90it/s, acc=100.00%, loss=0.0014]
BP Epoch 14/100:  49%|â–ˆâ–ˆâ–ˆâ–ˆâ–‰     | 193/390 [00:00<00:00, 202.90it/s, acc=100.00%, loss=0.0030]
BP Epoch 14/100:  55%|â–ˆâ–ˆâ–ˆâ–ˆâ–ˆâ–Œ    | 215/390 [00:01<00:00, 207.81it/s, acc=100.00%, loss=0.0030]
BP Epoch 14/100:  61%|â–ˆâ–ˆâ–ˆâ–ˆâ–ˆâ–ˆ    | 237/390 [00:01<00:00, 203.48it/s, acc=100.00%, loss=0.0030]
BP Epoch 14/100:  66%|â–ˆâ–ˆâ–ˆâ–ˆâ–ˆâ–ˆâ–‹   | 259/390 [00:01<00:00, 208.18it/s, acc=100.00%, loss=0.0030]
BP Epoch 14/100:  72%|â–ˆâ–ˆâ–ˆâ–ˆâ–ˆâ–ˆâ–ˆâ–  | 280/390 [00:01<00:00, 208.31it/s, acc=100.00%, loss=0.0030]
BP Epoch 14/100:  72%|â–ˆâ–ˆâ–ˆâ–ˆâ–ˆâ–ˆâ–ˆâ–  | 280/390 [00:01<00:00, 208.31it/s, acc=100.00%, loss=0.0010]
BP Epoch 14/100:  77%|â–ˆâ–ˆâ–ˆâ–ˆâ–ˆâ–ˆâ–ˆâ–‹  | 301/390 [00:01<00:00, 202.33it/s, acc=100.00%, loss=0.0010]
BP Epoch 14/100:  83%|â–ˆâ–ˆâ–ˆâ–ˆâ–ˆâ–ˆâ–ˆâ–ˆâ–Ž | 323/390 [00:01<00:00, 207.03it/s, acc=100.00%, loss=0.0010]
BP Epoch 14/100:  88%|â–ˆâ–ˆâ–ˆâ–ˆâ–ˆâ–ˆâ–ˆâ–ˆâ–Š | 345/390 [00:01<00:00, 202.90it/s, acc=100.00%, loss=0.0010]
BP Epoch 14/100:  94%|â–ˆâ–ˆâ–ˆâ–ˆâ–ˆâ–ˆâ–ˆâ–ˆâ–ˆâ–| 367/390 [00:01<00:00, 206.86it/s, acc=100.00%, loss=0.0010]
BP Epoch 14/100: 100%|â–ˆâ–ˆâ–ˆâ–ˆâ–ˆâ–ˆâ–ˆâ–ˆâ–ˆâ–‰| 389/390 [00:01<00:00, 203.54it/s, acc=100.00%, loss=0.0010]
BP Epoch 14/100: 100%|â–ˆâ–ˆâ–ˆâ–ˆâ–ˆâ–ˆâ–ˆâ–ˆâ–ˆâ–‰| 389/390 [00:01<00:00, 203.54it/s, acc=100.00%, loss=0.0062]
                                                                                             

Evaluating BP Model:   0%|          | 0/40 [00:00<?, ?it/s]
Evaluating BP Model:  22%|â–ˆâ–ˆâ–Ž       | 9/40 [00:00<00:00, 75.94it/s]
Evaluating BP Model:  52%|â–ˆâ–ˆâ–ˆâ–ˆâ–ˆâ–Ž    | 21/40 [00:00<00:00, 94.30it/s]
Evaluating BP Model:  82%|â–ˆâ–ˆâ–ˆâ–ˆâ–ˆâ–ˆâ–ˆâ–ˆâ–Ž | 33/40 [00:00<00:00, 99.78it/s]
                                                                    

BP Epoch 15/100:   0%|          | 0/390 [00:00<?, ?it/s]
BP Epoch 15/100:   4%|â–         | 17/390 [00:00<00:02, 154.67it/s]
BP Epoch 15/100:  10%|â–ˆ         | 39/390 [00:00<00:01, 191.13it/s]
BP Epoch 15/100:  16%|â–ˆâ–Œ        | 61/390 [00:00<00:01, 192.45it/s]
BP Epoch 15/100:  21%|â–ˆâ–ˆâ–       | 83/390 [00:00<00:01, 202.27it/s]
BP Epoch 15/100:  21%|â–ˆâ–ˆâ–       | 83/390 [00:00<00:01, 202.27it/s, acc=100.00%, loss=0.0016]
BP Epoch 15/100:  27%|â–ˆâ–ˆâ–‹       | 105/390 [00:00<00:01, 198.87it/s, acc=100.00%, loss=0.0016]
BP Epoch 15/100:  33%|â–ˆâ–ˆâ–ˆâ–Ž      | 127/390 [00:00<00:01, 205.52it/s, acc=100.00%, loss=0.0016]
BP Epoch 15/100:  38%|â–ˆâ–ˆâ–ˆâ–Š      | 149/390 [00:00<00:01, 201.64it/s, acc=100.00%, loss=0.0016]
BP Epoch 15/100:  44%|â–ˆâ–ˆâ–ˆâ–ˆâ–     | 171/390 [00:00<00:01, 206.65it/s, acc=100.00%, loss=0.0016]
BP Epoch 15/100:  49%|â–ˆâ–ˆâ–ˆâ–ˆâ–‰     | 193/390 [00:00<00:00, 203.03it/s, acc=100.00%, loss=0.0016]
BP Epoch 15/100:  49%|â–ˆâ–ˆâ–ˆâ–ˆâ–‰     | 193/390 [00:00<00:00, 203.03it/s, acc=100.00%, loss=0.0002]
BP Epoch 15/100:  55%|â–ˆâ–ˆâ–ˆâ–ˆâ–ˆâ–Œ    | 215/390 [00:01<00:00, 207.42it/s, acc=100.00%, loss=0.0002]
BP Epoch 15/100:  61%|â–ˆâ–ˆâ–ˆâ–ˆâ–ˆâ–ˆ    | 237/390 [00:01<00:00, 203.38it/s, acc=100.00%, loss=0.0002]
BP Epoch 15/100:  66%|â–ˆâ–ˆâ–ˆâ–ˆâ–ˆâ–ˆâ–‹   | 259/390 [00:01<00:00, 207.78it/s, acc=100.00%, loss=0.0002]
BP Epoch 15/100:  72%|â–ˆâ–ˆâ–ˆâ–ˆâ–ˆâ–ˆâ–ˆâ–  | 281/390 [00:01<00:00, 203.16it/s, acc=100.00%, loss=0.0002]
BP Epoch 15/100:  72%|â–ˆâ–ˆâ–ˆâ–ˆâ–ˆâ–ˆâ–ˆâ–  | 281/390 [00:01<00:00, 203.16it/s, acc=100.00%, loss=0.0004]
BP Epoch 15/100:  78%|â–ˆâ–ˆâ–ˆâ–ˆâ–ˆâ–ˆâ–ˆâ–Š  | 303/390 [00:01<00:00, 207.12it/s, acc=100.00%, loss=0.0004]
BP Epoch 15/100:  83%|â–ˆâ–ˆâ–ˆâ–ˆâ–ˆâ–ˆâ–ˆâ–ˆâ–Ž | 325/390 [00:01<00:00, 203.30it/s, acc=100.00%, loss=0.0004]
BP Epoch 15/100:  89%|â–ˆâ–ˆâ–ˆâ–ˆâ–ˆâ–ˆâ–ˆâ–ˆâ–‰ | 347/390 [00:01<00:00, 207.10it/s, acc=100.00%, loss=0.0004]
BP Epoch 15/100:  95%|â–ˆâ–ˆâ–ˆâ–ˆâ–ˆâ–ˆâ–ˆâ–ˆâ–ˆâ–| 369/390 [00:01<00:00, 203.16it/s, acc=100.00%, loss=0.0004]
BP Epoch 15/100:  95%|â–ˆâ–ˆâ–ˆâ–ˆâ–ˆâ–ˆâ–ˆâ–ˆâ–ˆâ–| 369/390 [00:01<00:00, 203.16it/s, acc=100.00%, loss=0.0024]
                                                                                             

Evaluating BP Model:   0%|          | 0/40 [00:00<?, ?it/s]
Evaluating BP Model:  22%|â–ˆâ–ˆâ–Ž       | 9/40 [00:00<00:00, 76.40it/s]
Evaluating BP Model:  52%|â–ˆâ–ˆâ–ˆâ–ˆâ–ˆâ–Ž    | 21/40 [00:00<00:00, 94.54it/s]
Evaluating BP Model:  82%|â–ˆâ–ˆâ–ˆâ–ˆâ–ˆâ–ˆâ–ˆâ–ˆâ–Ž | 33/40 [00:00<00:00, 99.92it/s]
                                                                    

BP Epoch 16/100:   0%|          | 0/390 [00:00<?, ?it/s]
BP Epoch 16/100:   4%|â–         | 17/390 [00:00<00:02, 155.78it/s]
BP Epoch 16/100:  10%|â–ˆ         | 39/390 [00:00<00:01, 190.67it/s]
BP Epoch 16/100:  16%|â–ˆâ–Œ        | 61/390 [00:00<00:01, 192.67it/s]
BP Epoch 16/100:  22%|â–ˆâ–ˆâ–       | 84/390 [00:00<00:01, 206.11it/s]
BP Epoch 16/100:  22%|â–ˆâ–ˆâ–       | 84/390 [00:00<00:01, 206.11it/s, acc=100.00%, loss=0.0015]
BP Epoch 16/100:  27%|â–ˆâ–ˆâ–‹       | 105/390 [00:00<00:01, 198.93it/s, acc=100.00%, loss=0.0015]
BP Epoch 16/100:  33%|â–ˆâ–ˆâ–ˆâ–Ž      | 128/390 [00:00<00:01, 208.50it/s, acc=100.00%, loss=0.0015]
BP Epoch 16/100:  38%|â–ˆâ–ˆâ–ˆâ–Š      | 149/390 [00:00<00:01, 201.51it/s, acc=100.00%, loss=0.0015]
BP Epoch 16/100:  44%|â–ˆâ–ˆâ–ˆâ–ˆâ–     | 171/390 [00:00<00:01, 206.88it/s, acc=100.00%, loss=0.0015]
BP Epoch 16/100:  49%|â–ˆâ–ˆâ–ˆâ–ˆâ–‰     | 193/390 [00:00<00:00, 203.19it/s, acc=100.00%, loss=0.0015]
BP Epoch 16/100:  49%|â–ˆâ–ˆâ–ˆâ–ˆâ–‰     | 193/390 [00:00<00:00, 203.19it/s, acc=100.00%, loss=0.0004]
BP Epoch 16/100:  55%|â–ˆâ–ˆâ–ˆâ–ˆâ–ˆâ–Œ    | 215/390 [00:01<00:00, 207.94it/s, acc=100.00%, loss=0.0004]
BP Epoch 16/100:  61%|â–ˆâ–ˆâ–ˆâ–ˆâ–ˆâ–ˆ    | 237/390 [00:01<00:00, 203.85it/s, acc=100.00%, loss=0.0004]
BP Epoch 16/100:  66%|â–ˆâ–ˆâ–ˆâ–ˆâ–ˆâ–ˆâ–‹   | 259/390 [00:01<00:00, 208.17it/s, acc=100.00%, loss=0.0004]
BP Epoch 16/100:  72%|â–ˆâ–ˆâ–ˆâ–ˆâ–ˆâ–ˆâ–ˆâ–  | 281/390 [00:01<00:00, 204.36it/s, acc=100.00%, loss=0.0004]
BP Epoch 16/100:  72%|â–ˆâ–ˆâ–ˆâ–ˆâ–ˆâ–ˆâ–ˆâ–  | 281/390 [00:01<00:00, 204.36it/s, acc=99.22%, loss=0.0247] 
BP Epoch 16/100:  78%|â–ˆâ–ˆâ–ˆâ–ˆâ–ˆâ–ˆâ–ˆâ–Š  | 303/390 [00:01<00:00, 208.61it/s, acc=99.22%, loss=0.0247]
BP Epoch 16/100:  83%|â–ˆâ–ˆâ–ˆâ–ˆâ–ˆâ–ˆâ–ˆâ–ˆâ–Ž | 325/390 [00:01<00:00, 204.63it/s, acc=99.22%, loss=0.0247]
BP Epoch 16/100:  89%|â–ˆâ–ˆâ–ˆâ–ˆâ–ˆâ–ˆâ–ˆâ–ˆâ–‰ | 347/390 [00:01<00:00, 208.90it/s, acc=99.22%, loss=0.0247]
BP Epoch 16/100:  95%|â–ˆâ–ˆâ–ˆâ–ˆâ–ˆâ–ˆâ–ˆâ–ˆâ–ˆâ–| 369/390 [00:01<00:00, 204.56it/s, acc=99.22%, loss=0.0247]
BP Epoch 16/100:  95%|â–ˆâ–ˆâ–ˆâ–ˆâ–ˆâ–ˆâ–ˆâ–ˆâ–ˆâ–| 369/390 [00:01<00:00, 204.56it/s, acc=100.00%, loss=0.0045]
                                                                                             

Evaluating BP Model:   0%|          | 0/40 [00:00<?, ?it/s]
Evaluating BP Model:  22%|â–ˆâ–ˆâ–Ž       | 9/40 [00:00<00:00, 76.19it/s]
Evaluating BP Model:  52%|â–ˆâ–ˆâ–ˆâ–ˆâ–ˆâ–Ž    | 21/40 [00:00<00:00, 94.27it/s]
Evaluating BP Model:  82%|â–ˆâ–ˆâ–ˆâ–ˆâ–ˆâ–ˆâ–ˆâ–ˆâ–Ž | 33/40 [00:00<00:00, 100.68it/s]
                                                                     

BP Epoch 17/100:   0%|          | 0/390 [00:00<?, ?it/s]
BP Epoch 17/100:   4%|â–         | 17/390 [00:00<00:02, 156.24it/s]
BP Epoch 17/100:  10%|â–ˆ         | 40/390 [00:00<00:01, 197.99it/s]
BP Epoch 17/100:  16%|â–ˆâ–Œ        | 61/390 [00:00<00:01, 193.75it/s]
BP Epoch 17/100:  22%|â–ˆâ–ˆâ–       | 84/390 [00:00<00:01, 206.96it/s]
BP Epoch 17/100:  22%|â–ˆâ–ˆâ–       | 84/390 [00:00<00:01, 206.96it/s, acc=100.00%, loss=0.0043]
BP Epoch 17/100:  27%|â–ˆâ–ˆâ–‹       | 105/390 [00:00<00:01, 199.57it/s, acc=100.00%, loss=0.0043]
BP Epoch 17/100:  33%|â–ˆâ–ˆâ–ˆâ–Ž      | 127/390 [00:00<00:01, 205.99it/s, acc=100.00%, loss=0.0043]
BP Epoch 17/100:  38%|â–ˆâ–ˆâ–ˆâ–Š      | 149/390 [00:00<00:01, 202.01it/s, acc=100.00%, loss=0.0043]
BP Epoch 17/100:  44%|â–ˆâ–ˆâ–ˆâ–ˆâ–     | 172/390 [00:00<00:01, 209.35it/s, acc=100.00%, loss=0.0043]
BP Epoch 17/100:  50%|â–ˆâ–ˆâ–ˆâ–ˆâ–‰     | 194/390 [00:00<00:00, 205.01it/s, acc=100.00%, loss=0.0043]
BP Epoch 17/100:  50%|â–ˆâ–ˆâ–ˆâ–ˆâ–‰     | 194/390 [00:00<00:00, 205.01it/s, acc=100.00%, loss=0.0054]
BP Epoch 17/100:  55%|â–ˆâ–ˆâ–ˆâ–ˆâ–ˆâ–Œ    | 216/390 [00:01<00:00, 208.85it/s, acc=100.00%, loss=0.0054]
BP Epoch 17/100:  61%|â–ˆâ–ˆâ–ˆâ–ˆâ–ˆâ–ˆ    | 237/390 [00:01<00:00, 202.91it/s, acc=100.00%, loss=0.0054]
BP Epoch 17/100:  66%|â–ˆâ–ˆâ–ˆâ–ˆâ–ˆâ–ˆâ–‹   | 259/390 [00:01<00:00, 207.56it/s, acc=100.00%, loss=0.0054]
BP Epoch 17/100:  72%|â–ˆâ–ˆâ–ˆâ–ˆâ–ˆâ–ˆâ–ˆâ–  | 281/390 [00:01<00:00, 203.80it/s, acc=100.00%, loss=0.0054]
BP Epoch 17/100:  72%|â–ˆâ–ˆâ–ˆâ–ˆâ–ˆâ–ˆâ–ˆâ–  | 281/390 [00:01<00:00, 203.80it/s, acc=100.00%, loss=0.0007]
BP Epoch 17/100:  78%|â–ˆâ–ˆâ–ˆâ–ˆâ–ˆâ–ˆâ–ˆâ–Š  | 304/390 [00:01<00:00, 210.28it/s, acc=100.00%, loss=0.0007]
BP Epoch 17/100:  84%|â–ˆâ–ˆâ–ˆâ–ˆâ–ˆâ–ˆâ–ˆâ–ˆâ–Ž | 326/390 [00:01<00:00, 205.64it/s, acc=100.00%, loss=0.0007]
BP Epoch 17/100:  89%|â–ˆâ–ˆâ–ˆâ–ˆâ–ˆâ–ˆâ–ˆâ–ˆâ–‰ | 349/390 [00:01<00:00, 204.40it/s, acc=100.00%, loss=0.0007]
BP Epoch 17/100:  95%|â–ˆâ–ˆâ–ˆâ–ˆâ–ˆâ–ˆâ–ˆâ–ˆâ–ˆâ–Œ| 372/390 [00:01<00:00, 210.49it/s, acc=100.00%, loss=0.0007]
BP Epoch 17/100:  95%|â–ˆâ–ˆâ–ˆâ–ˆâ–ˆâ–ˆâ–ˆâ–ˆâ–ˆâ–Œ| 372/390 [00:01<00:00, 210.49it/s, acc=100.00%, loss=0.0040]
                                                                                             

Evaluating BP Model:   0%|          | 0/40 [00:00<?, ?it/s]
Evaluating BP Model:  22%|â–ˆâ–ˆâ–Ž       | 9/40 [00:00<00:00, 76.14it/s]
Evaluating BP Model:  52%|â–ˆâ–ˆâ–ˆâ–ˆâ–ˆâ–Ž    | 21/40 [00:00<00:00, 94.86it/s]
Evaluating BP Model:  82%|â–ˆâ–ˆâ–ˆâ–ˆâ–ˆâ–ˆâ–ˆâ–ˆâ–Ž | 33/40 [00:00<00:00, 100.28it/s]
                                                                     

Evaluating BP Model:   0%|          | 0/40 [00:00<?, ?it/s]
Evaluating BP Model:   2%|â–Ž         | 1/40 [00:00<00:04,  9.02it/s]
Evaluating BP Model:  32%|â–ˆâ–ˆâ–ˆâ–Ž      | 13/40 [00:00<00:00, 67.24it/s]
Evaluating BP Model:  62%|â–ˆâ–ˆâ–ˆâ–ˆâ–ˆâ–ˆâ–Ž   | 25/40 [00:00<00:00, 86.13it/s]
Evaluating BP Model:  92%|â–ˆâ–ˆâ–ˆâ–ˆâ–ˆâ–ˆâ–ˆâ–ˆâ–ˆâ–Ž| 37/40 [00:00<00:00, 95.25it/s]
                                                                    
[codecarbon INFO @ 04:13:53] Energy consumed for RAM : 0.000429 kWh. RAM Power : 38.0 W
[codecarbon INFO @ 04:13:54] Delta energy consumed for CPU with cpu_load : 0.000182 kWh, power : 61.16538461538463 W
[codecarbon INFO @ 04:13:54] Energy consumed for All CPU : 0.000849 kWh
[codecarbon INFO @ 04:13:54] Energy consumed for all GPUs : 0.000720 kWh. Total GPU Power : 61.75547669457579 W
[codecarbon INFO @ 04:13:54] 0.001998 kWh of electricity used since the beginning.
wandb:                                                                                
wandb: 
wandb: Run history:
wandb:                  BP_Baseline/Epoch â–â–â–‚â–‚â–ƒâ–ƒâ–„â–„â–…â–…â–†â–†â–‡â–‡â–ˆâ–ˆ
wandb:     BP_Baseline/Epoch_Duration_Sec â–ˆâ–„â–‚â–‚â–‚â–â–‚â–â–‚â–‚â–‚â–â–â–‚â–‚â–
wandb: BP_Baseline/GPU_Mem_Used_MiB_Batch â–â–â–â–ˆâ–ˆâ–ˆâ–ˆâ–ˆâ–ˆâ–ˆâ–ˆâ–ˆâ–ˆâ–ˆâ–ˆâ–ˆâ–ˆâ–ˆâ–ˆâ–ˆâ–ˆâ–ˆâ–ˆâ–ˆâ–ˆâ–ˆâ–ˆâ–ˆâ–ˆâ–ˆâ–ˆâ–ˆâ–ˆâ–ˆâ–ˆâ–ˆâ–ˆâ–ˆâ–ˆâ–ˆ
wandb:          BP_Baseline/Learning_Rate â–â–â–â–â–â–â–â–â–â–â–â–â–â–â–â–
wandb: BP_Baseline/Peak_GPU_Mem_Epoch_MiB â–â–ˆâ–ˆâ–ˆâ–ˆâ–ˆâ–ˆâ–ˆâ–ˆâ–ˆâ–ˆâ–ˆâ–ˆâ–ˆâ–ˆâ–ˆ
wandb:        BP_Baseline/Train_Acc_Batch â–â–„â–…â–…â–„â–‡â–‡â–…â–†â–…â–…â–‡â–‡â–ˆâ–‡â–ˆâ–ˆâ–ˆâ–‡â–ˆâ–ˆâ–ˆâ–‡â–ˆâ–ˆâ–ˆâ–ˆâ–ˆâ–ˆâ–‡â–ˆâ–ˆâ–‡â–ˆâ–ˆâ–ˆâ–ˆâ–ˆâ–ˆâ–ˆ
wandb:        BP_Baseline/Train_Acc_Epoch â–â–…â–†â–‡â–‡â–ˆâ–ˆâ–ˆâ–ˆâ–ˆâ–ˆâ–ˆâ–ˆâ–ˆâ–ˆâ–ˆ
wandb:       BP_Baseline/Train_Loss_Batch â–ˆâ–†â–…â–ƒâ–†â–‚â–ƒâ–ƒâ–ƒâ–â–â–â–â–â–â–â–â–â–â–‚â–â–â–â–â–â–â–â–â–â–â–â–â–â–â–â–‚â–â–â–â–
wandb:       BP_Baseline/Train_Loss_Epoch â–ˆâ–„â–ƒâ–‚â–‚â–â–â–â–â–â–â–â–â–â–â–
wandb:          BP_Baseline/Val_Acc_Epoch â–â–…â–†â–†â–‡â–ˆâ–ˆâ–ˆâ–ˆâ–‡â–ˆâ–ˆâ–†â–ˆâ–‡â–‡
wandb:         BP_Baseline/Val_Loss_Epoch â–ˆâ–ƒâ–‚â–‚â–‚â–â–â–‚â–‚â–‚â–â–‚â–„â–ƒâ–ƒâ–„
wandb:         estimated_bp_update_gflops â–
wandb:               estimated_fwd_gflops â–
wandb:                final/Test_Accuracy â–
wandb:                    final/Test_Loss â–
wandb:   final/codecarbon_emissions_gCO2e â–
wandb:   final/estimated_bp_update_gflops â–
wandb:         final/estimated_fwd_gflops â–
wandb:        final/peak_gpu_mem_used_mib â–
wandb:      final/total_gpu_energy_joules â–
wandb:          final/total_gpu_energy_wh â–
wandb:       final/total_run_duration_sec â–
wandb:        final/training_duration_sec â–
wandb:                        global_step â–â–â–â–‚â–‚â–‚â–‚â–‚â–ƒâ–ƒâ–ƒâ–ƒâ–ƒâ–ƒâ–ƒâ–„â–„â–„â–„â–„â–…â–…â–…â–…â–…â–…â–†â–†â–†â–†â–†â–‡â–‡â–‡â–‡â–‡â–‡â–ˆâ–ˆâ–ˆ
wandb:           initial_gpu_mem_used_mib â–
wandb:             model_parameters_total â–
wandb:         model_parameters_trainable â–
wandb: 
wandb: Run summary:
wandb:                  BP_Baseline/Epoch 16
wandb:     BP_Baseline/Epoch_Duration_Sec 2.32311
wandb: BP_Baseline/GPU_Mem_Used_MiB_Batch 926
wandb:          BP_Baseline/Learning_Rate 0.0002
wandb: BP_Baseline/Peak_GPU_Mem_Epoch_MiB 926
wandb:        BP_Baseline/Train_Acc_Batch 100
wandb:        BP_Baseline/Train_Acc_Epoch 99.85176
wandb:       BP_Baseline/Train_Loss_Batch 0.00405
wandb:       BP_Baseline/Train_Loss_Epoch 0.00455
wandb:          BP_Baseline/Val_Acc_Epoch 97.77
wandb:         BP_Baseline/Val_Loss_Epoch 0.10195
wandb:             codecarbon_country_iso POL
wandb:                 codecarbon_enabled True
wandb:                    codecarbon_mode offline
wandb:         estimated_bp_update_gflops 0.01076
wandb:               estimated_fwd_gflops 0.00359
wandb:                final/Test_Accuracy 97.99
wandb:                    final/Test_Loss 0.067
wandb:   final/codecarbon_emissions_gCO2e 1.3175
wandb:   final/estimated_bp_update_gflops 0.01076
wandb:         final/estimated_fwd_gflops 0.00359
wandb:        final/peak_gpu_mem_used_mib 926
wandb:      final/total_gpu_energy_joules 2500.81789
wandb:          final/total_gpu_energy_wh 0.69467
wandb:       final/total_run_duration_sec 43.20907
wandb:        final/training_duration_sec 40.06384
wandb:           initial_gpu_mem_used_mib 336.625
wandb:             model_parameters_total 1823850
wandb:         model_parameters_trainable 1823850
wandb: 
wandb: ðŸš€ View run bp_baseline_mnist_mlp_2x1000 at: https://wandb.ai/przspyra11/BeyondBackpropagation/runs/q861i2z4
wandb: â­ï¸ View project at: https://wandb.ai/przspyra11/BeyondBackpropagation
wandb: Synced 5 W&B file(s), 0 media file(s), 0 artifact file(s) and 0 other file(s)
wandb: Find logs at: ./wandb/run-20250508_041310-q861i2z4/logs
