 binutils/2.38 loaded.
 bzip2/1.0.8 loaded.
 zlib/1.2.12 loaded.
 ncurses/6.3 loaded.
 libreadline/8.1.2 loaded.
 Tcl/8.6.12 loaded.
 SQLite/3.38.3 loaded.
 XZ/5.2.5 loaded.
 GMP/6.2.1 loaded.
 libffi/3.4.2 loaded.
 OpenSSL/1.1 loaded.
 Python/3.10.4 loaded.
 CUDA/12.4.0 loaded.

Currently Loaded Modules:
  1) binutils/2.38   5) libreadline/8.1.2   9) GMP/6.2.1      13) CUDA/12.4.0
  2) bzip2/1.0.8     6) Tcl/8.6.12         10) libffi/3.4.2
  3) zlib/1.2.12     7) SQLite/3.38.3      11) OpenSSL/1.1
  4) ncurses/6.3     8) XZ/5.2.5           12) Python/3.10.4

 

2025-05-08 04:14:09,872 - src.utils.config_parser - INFO - Successfully merged configuration from configs/bp_baselines/fashion_mnist_mlp_2x1000_bp.yaml and configs/base.yaml
wandb: Using wandb-core as the SDK backend.  Please refer to https://wandb.me/wandb-core for more information.
wandb: Currently logged in as: przspyra11 (agh_racing) to https://api.wandb.ai. Use `wandb login --relogin` to force relogin
wandb: Tracking run with wandb version 0.19.8
wandb: Run data is saved locally in /net/tscratch/people/plgspyra/BeyondBackpropagation/wandb/run-20250508_041410-x51yy2un
wandb: Run `wandb offline` to turn off syncing.
wandb: Syncing run bp_baseline_fashion_mnist_mlp_2x1000
wandb: â­ï¸ View project at https://wandb.ai/przspyra11/BeyondBackpropagation
wandb: ðŸš€ View run at https://wandb.ai/przspyra11/BeyondBackpropagation/runs/x51yy2un
[codecarbon INFO @ 04:14:11] offline tracker init
[codecarbon INFO @ 04:14:11] [setup] RAM Tracking...
[codecarbon INFO @ 04:14:11] [setup] CPU Tracking...
 Linux OS detected: Please ensure RAPL files exist at /sys/class/powercap/intel-rapl/subsystem to measure CPU

[codecarbon INFO @ 04:14:11] CPU Model on constant consumption mode: AMD EPYC 7742 64-Core Processor
[codecarbon INFO @ 04:14:11] [setup] GPU Tracking...
[codecarbon INFO @ 04:14:11] Tracking Nvidia GPU via pynvml
[codecarbon INFO @ 04:14:11] The below tracking methods have been set up:
                RAM Tracking Method: RAM power estimation model
                CPU Tracking Method: cpu_load
                GPU Tracking Method: pynvml
            
[codecarbon INFO @ 04:14:11] >>> Tracker's metadata:
[codecarbon INFO @ 04:14:11]   Platform system: Linux-5.14.0-503.26.1.el9_5.x86_64-x86_64-with-glibc2.34
[codecarbon INFO @ 04:14:11]   Python version: 3.10.4
[codecarbon INFO @ 04:14:11]   CodeCarbon version: 3.0.1
[codecarbon INFO @ 04:14:11]   Available RAM : 125.000 GB
[codecarbon INFO @ 04:14:11]   CPU count: 16 thread(s) in 2 physical CPU(s)
[codecarbon INFO @ 04:14:11]   CPU model: AMD EPYC 7742 64-Core Processor
[codecarbon INFO @ 04:14:11]   GPU count: 1
[codecarbon INFO @ 04:14:11]   GPU model: 1 x NVIDIA A100-SXM4-40GB BUT only tracking these GPU ids : [0]
[codecarbon INFO @ 04:14:11] Emissions data (if any) will be saved to file /net/tscratch/people/plgspyra/BeyondBackpropagation/results/carbon/bp_baseline_fashion_mnist_mlp_2x1000_carbon.csv

BP Epoch 1/100:   0%|          | 0/421 [00:00<?, ?it/s]
BP Epoch 1/100:   0%|          | 1/421 [00:00<00:45,  9.19it/s]
BP Epoch 1/100:   6%|â–‹         | 27/421 [00:00<00:02, 148.72it/s]
BP Epoch 1/100:  12%|â–ˆâ–        | 50/421 [00:00<00:02, 179.05it/s]
BP Epoch 1/100:  17%|â–ˆâ–‹        | 71/421 [00:00<00:01, 190.47it/s]
BP Epoch 1/100:  22%|â–ˆâ–ˆâ–       | 94/421 [00:00<00:01, 202.51it/s]
BP Epoch 1/100:  22%|â–ˆâ–ˆâ–       | 94/421 [00:00<00:01, 202.51it/s, acc=85.16%, loss=0.4264]
BP Epoch 1/100:  27%|â–ˆâ–ˆâ–‹       | 115/421 [00:00<00:01, 201.54it/s, acc=85.16%, loss=0.4264]
BP Epoch 1/100:  33%|â–ˆâ–ˆâ–ˆâ–Ž      | 138/421 [00:00<00:01, 210.46it/s, acc=85.16%, loss=0.4264]
BP Epoch 1/100:  38%|â–ˆâ–ˆâ–ˆâ–Š      | 160/421 [00:00<00:01, 207.18it/s, acc=85.16%, loss=0.4264]
BP Epoch 1/100:  43%|â–ˆâ–ˆâ–ˆâ–ˆâ–Ž     | 183/421 [00:00<00:01, 206.37it/s, acc=85.16%, loss=0.4264]
BP Epoch 1/100:  43%|â–ˆâ–ˆâ–ˆâ–ˆâ–Ž     | 183/421 [00:01<00:01, 206.37it/s, acc=86.72%, loss=0.3826]
BP Epoch 1/100:  49%|â–ˆâ–ˆâ–ˆâ–ˆâ–‰     | 207/421 [00:01<00:01, 208.47it/s, acc=86.72%, loss=0.3826]
BP Epoch 1/100:  55%|â–ˆâ–ˆâ–ˆâ–ˆâ–ˆâ–    | 231/421 [00:01<00:00, 210.06it/s, acc=86.72%, loss=0.3826]
BP Epoch 1/100:  61%|â–ˆâ–ˆâ–ˆâ–ˆâ–ˆâ–ˆ    | 255/421 [00:01<00:00, 210.29it/s, acc=86.72%, loss=0.3826]
BP Epoch 1/100:  66%|â–ˆâ–ˆâ–ˆâ–ˆâ–ˆâ–ˆâ–‹   | 279/421 [00:01<00:00, 211.07it/s, acc=86.72%, loss=0.3826]
BP Epoch 1/100:  66%|â–ˆâ–ˆâ–ˆâ–ˆâ–ˆâ–ˆâ–‹   | 279/421 [00:01<00:00, 211.07it/s, acc=90.62%, loss=0.3390]
BP Epoch 1/100:  72%|â–ˆâ–ˆâ–ˆâ–ˆâ–ˆâ–ˆâ–ˆâ–  | 302/421 [00:01<00:00, 215.39it/s, acc=90.62%, loss=0.3390]
BP Epoch 1/100:  77%|â–ˆâ–ˆâ–ˆâ–ˆâ–ˆâ–ˆâ–ˆâ–‹  | 324/421 [00:01<00:00, 212.21it/s, acc=90.62%, loss=0.3390]
BP Epoch 1/100:  82%|â–ˆâ–ˆâ–ˆâ–ˆâ–ˆâ–ˆâ–ˆâ–ˆâ– | 347/421 [00:01<00:00, 211.06it/s, acc=90.62%, loss=0.3390]
BP Epoch 1/100:  88%|â–ˆâ–ˆâ–ˆâ–ˆâ–ˆâ–ˆâ–ˆâ–ˆâ–Š | 371/421 [00:01<00:00, 211.67it/s, acc=90.62%, loss=0.3390]
BP Epoch 1/100:  94%|â–ˆâ–ˆâ–ˆâ–ˆâ–ˆâ–ˆâ–ˆâ–ˆâ–ˆâ–| 395/421 [00:01<00:00, 212.43it/s, acc=90.62%, loss=0.3390]
BP Epoch 1/100:  94%|â–ˆâ–ˆâ–ˆâ–ˆâ–ˆâ–ˆâ–ˆâ–ˆâ–ˆâ–| 395/421 [00:01<00:00, 212.43it/s, acc=87.50%, loss=0.3864]
BP Epoch 1/100:  99%|â–ˆâ–ˆâ–ˆâ–ˆâ–ˆâ–ˆâ–ˆâ–ˆâ–ˆâ–‰| 417/421 [00:02<00:00, 210.84it/s, acc=87.50%, loss=0.3864]
BP Epoch 1/100:  99%|â–ˆâ–ˆâ–ˆâ–ˆâ–ˆâ–ˆâ–ˆâ–ˆâ–ˆâ–‰| 417/421 [00:02<00:00, 210.84it/s, acc=85.16%, loss=0.3571]
                                                                                           

Evaluating BP Model:   0%|          | 0/24 [00:00<?, ?it/s]
Evaluating BP Model:   4%|â–         | 1/24 [00:00<00:02,  8.62it/s]
Evaluating BP Model:  54%|â–ˆâ–ˆâ–ˆâ–ˆâ–ˆâ–    | 13/24 [00:00<00:00, 67.94it/s]
                                                                    

BP Epoch 2/100:   0%|          | 0/421 [00:00<?, ?it/s]
BP Epoch 2/100:   4%|â–         | 17/421 [00:00<00:02, 151.61it/s]
BP Epoch 2/100:  10%|â–‰         | 41/421 [00:00<00:01, 190.41it/s]
BP Epoch 2/100:  15%|â–ˆâ–Œ        | 65/421 [00:00<00:01, 202.72it/s]
BP Epoch 2/100:  21%|â–ˆâ–ˆ        | 88/421 [00:00<00:01, 212.24it/s]
BP Epoch 2/100:  21%|â–ˆâ–ˆ        | 88/421 [00:00<00:01, 212.24it/s, acc=85.94%, loss=0.2954]
BP Epoch 2/100:  26%|â–ˆâ–ˆâ–Œ       | 110/421 [00:00<00:01, 207.66it/s, acc=85.94%, loss=0.2954]
BP Epoch 2/100:  32%|â–ˆâ–ˆâ–ˆâ–      | 133/421 [00:00<00:01, 213.81it/s, acc=85.94%, loss=0.2954]
BP Epoch 2/100:  37%|â–ˆâ–ˆâ–ˆâ–‹      | 155/421 [00:00<00:01, 211.58it/s, acc=85.94%, loss=0.2954]
BP Epoch 2/100:  42%|â–ˆâ–ˆâ–ˆâ–ˆâ–     | 178/421 [00:00<00:01, 210.04it/s, acc=85.94%, loss=0.2954]
BP Epoch 2/100:  42%|â–ˆâ–ˆâ–ˆâ–ˆâ–     | 178/421 [00:00<00:01, 210.04it/s, acc=82.81%, loss=0.3800]
BP Epoch 2/100:  48%|â–ˆâ–ˆâ–ˆâ–ˆâ–Š     | 201/421 [00:00<00:01, 215.23it/s, acc=82.81%, loss=0.3800]
BP Epoch 2/100:  53%|â–ˆâ–ˆâ–ˆâ–ˆâ–ˆâ–Ž    | 223/421 [00:01<00:00, 212.21it/s, acc=82.81%, loss=0.3800]
BP Epoch 2/100:  58%|â–ˆâ–ˆâ–ˆâ–ˆâ–ˆâ–Š    | 246/421 [00:01<00:00, 210.94it/s, acc=82.81%, loss=0.3800]
BP Epoch 2/100:  64%|â–ˆâ–ˆâ–ˆâ–ˆâ–ˆâ–ˆâ–   | 270/421 [00:01<00:00, 211.58it/s, acc=82.81%, loss=0.3800]
BP Epoch 2/100:  70%|â–ˆâ–ˆâ–ˆâ–ˆâ–ˆâ–ˆâ–‰   | 294/421 [00:01<00:00, 211.80it/s, acc=82.81%, loss=0.3800]
BP Epoch 2/100:  70%|â–ˆâ–ˆâ–ˆâ–ˆâ–ˆâ–ˆâ–‰   | 294/421 [00:01<00:00, 211.80it/s, acc=83.59%, loss=0.3663]
BP Epoch 2/100:  76%|â–ˆâ–ˆâ–ˆâ–ˆâ–ˆâ–ˆâ–ˆâ–Œ  | 318/421 [00:01<00:00, 212.44it/s, acc=83.59%, loss=0.3663]
BP Epoch 2/100:  81%|â–ˆâ–ˆâ–ˆâ–ˆâ–ˆâ–ˆâ–ˆâ–ˆ  | 342/421 [00:01<00:00, 213.01it/s, acc=83.59%, loss=0.3663]
BP Epoch 2/100:  87%|â–ˆâ–ˆâ–ˆâ–ˆâ–ˆâ–ˆâ–ˆâ–ˆâ–‹ | 366/421 [00:01<00:00, 213.60it/s, acc=83.59%, loss=0.3663]
BP Epoch 2/100:  93%|â–ˆâ–ˆâ–ˆâ–ˆâ–ˆâ–ˆâ–ˆâ–ˆâ–ˆâ–Ž| 390/421 [00:01<00:00, 213.91it/s, acc=83.59%, loss=0.3663]
BP Epoch 2/100:  93%|â–ˆâ–ˆâ–ˆâ–ˆâ–ˆâ–ˆâ–ˆâ–ˆâ–ˆâ–Ž| 390/421 [00:01<00:00, 213.91it/s, acc=89.84%, loss=0.3686]
BP Epoch 2/100:  98%|â–ˆâ–ˆâ–ˆâ–ˆâ–ˆâ–ˆâ–ˆâ–ˆâ–ˆâ–Š| 413/421 [00:01<00:00, 218.18it/s, acc=89.84%, loss=0.3686]
BP Epoch 2/100:  98%|â–ˆâ–ˆâ–ˆâ–ˆâ–ˆâ–ˆâ–ˆâ–ˆâ–ˆâ–Š| 413/421 [00:01<00:00, 218.18it/s, acc=92.19%, loss=0.2699]
                                                                                           

Evaluating BP Model:   0%|          | 0/24 [00:00<?, ?it/s]
Evaluating BP Model:  38%|â–ˆâ–ˆâ–ˆâ–Š      | 9/24 [00:00<00:00, 78.10it/s]
Evaluating BP Model:  88%|â–ˆâ–ˆâ–ˆâ–ˆâ–ˆâ–ˆâ–ˆâ–ˆâ–Š | 21/24 [00:00<00:00, 96.27it/s]
                                                                    

BP Epoch 3/100:   0%|          | 0/421 [00:00<?, ?it/s]
BP Epoch 3/100:   4%|â–         | 17/421 [00:00<00:02, 158.09it/s]
BP Epoch 3/100:  10%|â–‰         | 40/421 [00:00<00:01, 198.39it/s]
BP Epoch 3/100:  14%|â–ˆâ–        | 61/421 [00:00<00:01, 195.49it/s]
BP Epoch 3/100:  20%|â–ˆâ–ˆ        | 85/421 [00:00<00:01, 203.04it/s]
BP Epoch 3/100:  20%|â–ˆâ–ˆ        | 85/421 [00:00<00:01, 203.04it/s, acc=88.28%, loss=0.2738]
BP Epoch 3/100:  26%|â–ˆâ–ˆâ–Œ       | 109/421 [00:00<00:01, 206.41it/s, acc=88.28%, loss=0.2738]
BP Epoch 3/100:  32%|â–ˆâ–ˆâ–ˆâ–      | 133/421 [00:00<00:01, 208.41it/s, acc=88.28%, loss=0.2738]
BP Epoch 3/100:  37%|â–ˆâ–ˆâ–ˆâ–‹      | 157/421 [00:00<00:01, 209.69it/s, acc=88.28%, loss=0.2738]
BP Epoch 3/100:  43%|â–ˆâ–ˆâ–ˆâ–ˆâ–Ž     | 180/421 [00:00<00:01, 215.30it/s, acc=88.28%, loss=0.2738]
BP Epoch 3/100:  43%|â–ˆâ–ˆâ–ˆâ–ˆâ–Ž     | 180/421 [00:00<00:01, 215.30it/s, acc=91.41%, loss=0.2270]
BP Epoch 3/100:  48%|â–ˆâ–ˆâ–ˆâ–ˆâ–Š     | 202/421 [00:00<00:01, 209.62it/s, acc=91.41%, loss=0.2270]
BP Epoch 3/100:  53%|â–ˆâ–ˆâ–ˆâ–ˆâ–ˆâ–Ž    | 225/421 [00:01<00:00, 209.03it/s, acc=91.41%, loss=0.2270]
BP Epoch 3/100:  59%|â–ˆâ–ˆâ–ˆâ–ˆâ–ˆâ–‰    | 249/421 [00:01<00:00, 210.63it/s, acc=91.41%, loss=0.2270]
BP Epoch 3/100:  65%|â–ˆâ–ˆâ–ˆâ–ˆâ–ˆâ–ˆâ–   | 273/421 [00:01<00:00, 211.50it/s, acc=91.41%, loss=0.2270]
BP Epoch 3/100:  71%|â–ˆâ–ˆâ–ˆâ–ˆâ–ˆâ–ˆâ–ˆ   | 297/421 [00:01<00:00, 211.67it/s, acc=91.41%, loss=0.2270]
BP Epoch 3/100:  71%|â–ˆâ–ˆâ–ˆâ–ˆâ–ˆâ–ˆâ–ˆ   | 297/421 [00:01<00:00, 211.67it/s, acc=92.19%, loss=0.2247]
BP Epoch 3/100:  76%|â–ˆâ–ˆâ–ˆâ–ˆâ–ˆâ–ˆâ–ˆâ–Œ  | 321/421 [00:01<00:00, 211.51it/s, acc=92.19%, loss=0.2247]
BP Epoch 3/100:  82%|â–ˆâ–ˆâ–ˆâ–ˆâ–ˆâ–ˆâ–ˆâ–ˆâ– | 345/421 [00:01<00:00, 211.75it/s, acc=92.19%, loss=0.2247]
BP Epoch 3/100:  88%|â–ˆâ–ˆâ–ˆâ–ˆâ–ˆâ–ˆâ–ˆâ–ˆâ–Š | 369/421 [00:01<00:00, 212.06it/s, acc=92.19%, loss=0.2247]
BP Epoch 3/100:  93%|â–ˆâ–ˆâ–ˆâ–ˆâ–ˆâ–ˆâ–ˆâ–ˆâ–ˆâ–Ž| 393/421 [00:01<00:00, 211.86it/s, acc=92.19%, loss=0.2247]
BP Epoch 3/100:  93%|â–ˆâ–ˆâ–ˆâ–ˆâ–ˆâ–ˆâ–ˆâ–ˆâ–ˆâ–Ž| 393/421 [00:01<00:00, 211.86it/s, acc=92.97%, loss=0.2573]
BP Epoch 3/100:  99%|â–ˆâ–ˆâ–ˆâ–ˆâ–ˆâ–ˆâ–ˆâ–ˆâ–ˆâ–Š| 415/421 [00:01<00:00, 206.95it/s, acc=92.97%, loss=0.2573]
BP Epoch 3/100:  99%|â–ˆâ–ˆâ–ˆâ–ˆâ–ˆâ–ˆâ–ˆâ–ˆâ–ˆâ–Š| 415/421 [00:02<00:00, 206.95it/s, acc=89.06%, loss=0.3997]
                                                                                           

Evaluating BP Model:   0%|          | 0/24 [00:00<?, ?it/s]
Evaluating BP Model:  38%|â–ˆâ–ˆâ–ˆâ–Š      | 9/24 [00:00<00:00, 78.93it/s]
Evaluating BP Model:  88%|â–ˆâ–ˆâ–ˆâ–ˆâ–ˆâ–ˆâ–ˆâ–ˆâ–Š | 21/24 [00:00<00:00, 96.92it/s]
                                                                    

BP Epoch 4/100:   0%|          | 0/421 [00:00<?, ?it/s]
BP Epoch 4/100:   4%|â–         | 17/421 [00:00<00:02, 150.25it/s]
BP Epoch 4/100:  10%|â–‰         | 41/421 [00:00<00:02, 188.01it/s]
BP Epoch 4/100:  15%|â–ˆâ–Œ        | 65/421 [00:00<00:01, 199.07it/s]
BP Epoch 4/100:  21%|â–ˆâ–ˆ        | 89/421 [00:00<00:01, 204.04it/s]
BP Epoch 4/100:  21%|â–ˆâ–ˆ        | 89/421 [00:00<00:01, 204.04it/s, acc=89.06%, loss=0.2729]
BP Epoch 4/100:  27%|â–ˆâ–ˆâ–‹       | 113/421 [00:00<00:01, 206.80it/s, acc=89.06%, loss=0.2729]
BP Epoch 4/100:  32%|â–ˆâ–ˆâ–ˆâ–      | 136/421 [00:00<00:01, 213.42it/s, acc=89.06%, loss=0.2729]
BP Epoch 4/100:  38%|â–ˆâ–ˆâ–ˆâ–Š      | 158/421 [00:00<00:01, 209.50it/s, acc=89.06%, loss=0.2729]
BP Epoch 4/100:  43%|â–ˆâ–ˆâ–ˆâ–ˆâ–Ž     | 180/421 [00:00<00:01, 211.73it/s, acc=89.06%, loss=0.2729]
BP Epoch 4/100:  43%|â–ˆâ–ˆâ–ˆâ–ˆâ–Ž     | 180/421 [00:00<00:01, 211.73it/s, acc=83.59%, loss=0.3366]
BP Epoch 4/100:  48%|â–ˆâ–ˆâ–ˆâ–ˆâ–Š     | 202/421 [00:00<00:01, 209.78it/s, acc=83.59%, loss=0.3366]
BP Epoch 4/100:  53%|â–ˆâ–ˆâ–ˆâ–ˆâ–ˆâ–Ž    | 224/421 [00:01<00:00, 211.11it/s, acc=83.59%, loss=0.3366]
BP Epoch 4/100:  58%|â–ˆâ–ˆâ–ˆâ–ˆâ–ˆâ–Š    | 246/421 [00:01<00:00, 210.66it/s, acc=83.59%, loss=0.3366]
BP Epoch 4/100:  64%|â–ˆâ–ˆâ–ˆâ–ˆâ–ˆâ–ˆâ–Ž   | 268/421 [00:01<00:00, 209.88it/s, acc=83.59%, loss=0.3366]
BP Epoch 4/100:  69%|â–ˆâ–ˆâ–ˆâ–ˆâ–ˆâ–ˆâ–Š   | 289/421 [00:01<00:00, 209.22it/s, acc=83.59%, loss=0.3366]
BP Epoch 4/100:  69%|â–ˆâ–ˆâ–ˆâ–ˆâ–ˆâ–ˆâ–Š   | 289/421 [00:01<00:00, 209.22it/s, acc=91.41%, loss=0.2640]
BP Epoch 4/100:  74%|â–ˆâ–ˆâ–ˆâ–ˆâ–ˆâ–ˆâ–ˆâ–  | 312/421 [00:01<00:00, 209.91it/s, acc=91.41%, loss=0.2640]
BP Epoch 4/100:  79%|â–ˆâ–ˆâ–ˆâ–ˆâ–ˆâ–ˆâ–ˆâ–‰  | 333/421 [00:01<00:00, 209.87it/s, acc=91.41%, loss=0.2640]
BP Epoch 4/100:  85%|â–ˆâ–ˆâ–ˆâ–ˆâ–ˆâ–ˆâ–ˆâ–ˆâ– | 356/421 [00:01<00:00, 208.88it/s, acc=91.41%, loss=0.2640]
BP Epoch 4/100:  90%|â–ˆâ–ˆâ–ˆâ–ˆâ–ˆâ–ˆâ–ˆâ–ˆâ–ˆ | 379/421 [00:01<00:00, 214.42it/s, acc=91.41%, loss=0.2640]
BP Epoch 4/100:  90%|â–ˆâ–ˆâ–ˆâ–ˆâ–ˆâ–ˆâ–ˆâ–ˆâ–ˆ | 379/421 [00:01<00:00, 214.42it/s, acc=89.06%, loss=0.2866]
BP Epoch 4/100:  95%|â–ˆâ–ˆâ–ˆâ–ˆâ–ˆâ–ˆâ–ˆâ–ˆâ–ˆâ–Œ| 401/421 [00:01<00:00, 208.13it/s, acc=89.06%, loss=0.2866]
BP Epoch 4/100:  95%|â–ˆâ–ˆâ–ˆâ–ˆâ–ˆâ–ˆâ–ˆâ–ˆâ–ˆâ–Œ| 401/421 [00:02<00:00, 208.13it/s, acc=90.62%, loss=0.2591]
                                                                                           

Evaluating BP Model:   0%|          | 0/24 [00:00<?, ?it/s]
Evaluating BP Model:  38%|â–ˆâ–ˆâ–ˆâ–Š      | 9/24 [00:00<00:00, 78.34it/s]
Evaluating BP Model:  88%|â–ˆâ–ˆâ–ˆâ–ˆâ–ˆâ–ˆâ–ˆâ–ˆâ–Š | 21/24 [00:00<00:00, 97.46it/s]
                                                                    

BP Epoch 5/100:   0%|          | 0/421 [00:00<?, ?it/s]
BP Epoch 5/100:   4%|â–         | 17/421 [00:00<00:02, 151.80it/s]
BP Epoch 5/100:  10%|â–‰         | 41/421 [00:00<00:02, 187.46it/s]
BP Epoch 5/100:  15%|â–ˆâ–Œ        | 64/421 [00:00<00:01, 205.37it/s]
BP Epoch 5/100:  20%|â–ˆâ–ˆ        | 85/421 [00:00<00:01, 201.20it/s]
BP Epoch 5/100:  20%|â–ˆâ–ˆ        | 85/421 [00:00<00:01, 201.20it/s, acc=89.84%, loss=0.2460]
BP Epoch 5/100:  26%|â–ˆâ–ˆâ–Œ       | 109/421 [00:00<00:01, 204.63it/s, acc=89.84%, loss=0.2460]
BP Epoch 5/100:  32%|â–ˆâ–ˆâ–ˆâ–      | 133/421 [00:00<00:01, 208.02it/s, acc=89.84%, loss=0.2460]
BP Epoch 5/100:  37%|â–ˆâ–ˆâ–ˆâ–‹      | 157/421 [00:00<00:01, 209.19it/s, acc=89.84%, loss=0.2460]
BP Epoch 5/100:  43%|â–ˆâ–ˆâ–ˆâ–ˆâ–Ž     | 181/421 [00:00<00:01, 210.23it/s, acc=89.84%, loss=0.2460]
BP Epoch 5/100:  43%|â–ˆâ–ˆâ–ˆâ–ˆâ–Ž     | 181/421 [00:00<00:01, 210.23it/s, acc=92.97%, loss=0.2071]
BP Epoch 5/100:  48%|â–ˆâ–ˆâ–ˆâ–ˆâ–Š     | 203/421 [00:00<00:01, 211.15it/s, acc=92.97%, loss=0.2071]
BP Epoch 5/100:  53%|â–ˆâ–ˆâ–ˆâ–ˆâ–ˆâ–Ž    | 225/421 [00:01<00:00, 211.55it/s, acc=92.97%, loss=0.2071]
BP Epoch 5/100:  59%|â–ˆâ–ˆâ–ˆâ–ˆâ–ˆâ–‰    | 249/421 [00:01<00:00, 211.90it/s, acc=92.97%, loss=0.2071]
BP Epoch 5/100:  65%|â–ˆâ–ˆâ–ˆâ–ˆâ–ˆâ–ˆâ–   | 272/421 [00:01<00:00, 217.01it/s, acc=92.97%, loss=0.2071]
BP Epoch 5/100:  70%|â–ˆâ–ˆâ–ˆâ–ˆâ–ˆâ–ˆâ–‰   | 294/421 [00:01<00:00, 214.08it/s, acc=92.97%, loss=0.2071]
BP Epoch 5/100:  70%|â–ˆâ–ˆâ–ˆâ–ˆâ–ˆâ–ˆâ–‰   | 294/421 [00:01<00:00, 214.08it/s, acc=89.06%, loss=0.3034]
BP Epoch 5/100:  75%|â–ˆâ–ˆâ–ˆâ–ˆâ–ˆâ–ˆâ–ˆâ–Œ  | 316/421 [00:01<00:00, 215.77it/s, acc=89.06%, loss=0.3034]
BP Epoch 5/100:  80%|â–ˆâ–ˆâ–ˆâ–ˆâ–ˆâ–ˆâ–ˆâ–ˆ  | 338/421 [00:01<00:00, 214.49it/s, acc=89.06%, loss=0.3034]
BP Epoch 5/100:  86%|â–ˆâ–ˆâ–ˆâ–ˆâ–ˆâ–ˆâ–ˆâ–ˆâ–Œ | 360/421 [00:01<00:00, 214.68it/s, acc=89.06%, loss=0.3034]
BP Epoch 5/100:  91%|â–ˆâ–ˆâ–ˆâ–ˆâ–ˆâ–ˆâ–ˆâ–ˆâ–ˆ | 382/421 [00:01<00:00, 214.64it/s, acc=89.06%, loss=0.3034]
BP Epoch 5/100:  91%|â–ˆâ–ˆâ–ˆâ–ˆâ–ˆâ–ˆâ–ˆâ–ˆâ–ˆ | 382/421 [00:01<00:00, 214.64it/s, acc=89.84%, loss=0.2681]
BP Epoch 5/100:  96%|â–ˆâ–ˆâ–ˆâ–ˆâ–ˆâ–ˆâ–ˆâ–ˆâ–ˆâ–Œ| 404/421 [00:01<00:00, 212.76it/s, acc=89.84%, loss=0.2681]
BP Epoch 5/100:  96%|â–ˆâ–ˆâ–ˆâ–ˆâ–ˆâ–ˆâ–ˆâ–ˆâ–ˆâ–Œ| 404/421 [00:02<00:00, 212.76it/s, acc=89.06%, loss=0.2988]
                                                                                           

Evaluating BP Model:   0%|          | 0/24 [00:00<?, ?it/s]
Evaluating BP Model:  38%|â–ˆâ–ˆâ–ˆâ–Š      | 9/24 [00:00<00:00, 79.51it/s]
Evaluating BP Model:  88%|â–ˆâ–ˆâ–ˆâ–ˆâ–ˆâ–ˆâ–ˆâ–ˆâ–Š | 21/24 [00:00<00:00, 96.99it/s]
                                                                    

BP Epoch 6/100:   0%|          | 0/421 [00:00<?, ?it/s]
BP Epoch 6/100:   4%|â–         | 17/421 [00:00<00:02, 162.70it/s]
BP Epoch 6/100:  10%|â–‰         | 41/421 [00:00<00:01, 194.12it/s]
BP Epoch 6/100:  15%|â–ˆâ–Œ        | 64/421 [00:00<00:01, 208.73it/s]
BP Epoch 6/100:  20%|â–ˆâ–ˆ        | 85/421 [00:00<00:01, 205.94it/s]
BP Epoch 6/100:  20%|â–ˆâ–ˆ        | 85/421 [00:00<00:01, 205.94it/s, acc=93.75%, loss=0.1579]
BP Epoch 6/100:  25%|â–ˆâ–ˆâ–Œ       | 107/421 [00:00<00:01, 210.03it/s, acc=93.75%, loss=0.1579]
BP Epoch 6/100:  31%|â–ˆâ–ˆâ–ˆ       | 129/421 [00:00<00:01, 210.79it/s, acc=93.75%, loss=0.1579]
BP Epoch 6/100:  36%|â–ˆâ–ˆâ–ˆâ–Œ      | 151/421 [00:00<00:01, 211.20it/s, acc=93.75%, loss=0.1579]
BP Epoch 6/100:  41%|â–ˆâ–ˆâ–ˆâ–ˆ      | 173/421 [00:00<00:01, 212.89it/s, acc=93.75%, loss=0.1579]
BP Epoch 6/100:  46%|â–ˆâ–ˆâ–ˆâ–ˆâ–‹     | 195/421 [00:00<00:01, 211.55it/s, acc=93.75%, loss=0.1579]
BP Epoch 6/100:  46%|â–ˆâ–ˆâ–ˆâ–ˆâ–‹     | 195/421 [00:00<00:01, 211.55it/s, acc=92.97%, loss=0.2373]
BP Epoch 6/100:  52%|â–ˆâ–ˆâ–ˆâ–ˆâ–ˆâ–    | 218/421 [00:01<00:00, 216.71it/s, acc=92.97%, loss=0.2373]
BP Epoch 6/100:  57%|â–ˆâ–ˆâ–ˆâ–ˆâ–ˆâ–‹    | 240/421 [00:01<00:00, 213.01it/s, acc=92.97%, loss=0.2373]
BP Epoch 6/100:  62%|â–ˆâ–ˆâ–ˆâ–ˆâ–ˆâ–ˆâ–   | 263/421 [00:01<00:00, 210.95it/s, acc=92.97%, loss=0.2373]
BP Epoch 6/100:  68%|â–ˆâ–ˆâ–ˆâ–ˆâ–ˆâ–ˆâ–Š   | 287/421 [00:01<00:00, 212.35it/s, acc=92.97%, loss=0.2373]
BP Epoch 6/100:  68%|â–ˆâ–ˆâ–ˆâ–ˆâ–ˆâ–ˆâ–Š   | 287/421 [00:01<00:00, 212.35it/s, acc=93.75%, loss=0.2176]
BP Epoch 6/100:  74%|â–ˆâ–ˆâ–ˆâ–ˆâ–ˆâ–ˆâ–ˆâ–  | 311/421 [00:01<00:00, 212.82it/s, acc=93.75%, loss=0.2176]
BP Epoch 6/100:  79%|â–ˆâ–ˆâ–ˆâ–ˆâ–ˆâ–ˆâ–ˆâ–‰  | 334/421 [00:01<00:00, 217.26it/s, acc=93.75%, loss=0.2176]
BP Epoch 6/100:  85%|â–ˆâ–ˆâ–ˆâ–ˆâ–ˆâ–ˆâ–ˆâ–ˆâ– | 356/421 [00:01<00:00, 212.01it/s, acc=93.75%, loss=0.2176]
BP Epoch 6/100:  90%|â–ˆâ–ˆâ–ˆâ–ˆâ–ˆâ–ˆâ–ˆâ–ˆâ–ˆ | 379/421 [00:01<00:00, 210.75it/s, acc=93.75%, loss=0.2176]
BP Epoch 6/100:  90%|â–ˆâ–ˆâ–ˆâ–ˆâ–ˆâ–ˆâ–ˆâ–ˆâ–ˆ | 379/421 [00:01<00:00, 210.75it/s, acc=94.53%, loss=0.1792]
BP Epoch 6/100:  95%|â–ˆâ–ˆâ–ˆâ–ˆâ–ˆâ–ˆâ–ˆâ–ˆâ–ˆâ–Œ| 401/421 [00:01<00:00, 212.84it/s, acc=94.53%, loss=0.1792]
BP Epoch 6/100:  95%|â–ˆâ–ˆâ–ˆâ–ˆâ–ˆâ–ˆâ–ˆâ–ˆâ–ˆâ–Œ| 401/421 [00:01<00:00, 212.84it/s, acc=89.06%, loss=0.2661]
                                                                                           

Evaluating BP Model:   0%|          | 0/24 [00:00<?, ?it/s]
Evaluating BP Model:  38%|â–ˆâ–ˆâ–ˆâ–Š      | 9/24 [00:00<00:00, 78.05it/s]
Evaluating BP Model:  88%|â–ˆâ–ˆâ–ˆâ–ˆâ–ˆâ–ˆâ–ˆâ–ˆâ–Š | 21/24 [00:00<00:00, 97.39it/s]
                                                                    

BP Epoch 7/100:   0%|          | 0/421 [00:00<?, ?it/s]
BP Epoch 7/100:   4%|â–         | 17/421 [00:00<00:02, 160.77it/s]
BP Epoch 7/100:  10%|â–‰         | 41/421 [00:00<00:01, 191.89it/s]
BP Epoch 7/100:  15%|â–ˆâ–Œ        | 65/421 [00:00<00:01, 201.91it/s]
BP Epoch 7/100:  21%|â–ˆâ–ˆ        | 89/421 [00:00<00:01, 205.90it/s]
BP Epoch 7/100:  21%|â–ˆâ–ˆ        | 89/421 [00:00<00:01, 205.90it/s, acc=92.97%, loss=0.1964][codecarbon INFO @ 04:14:26] Energy consumed for RAM : 0.000164 kWh. RAM Power : 38.0 W

BP Epoch 7/100:  27%|â–ˆâ–ˆâ–‹       | 113/421 [00:00<00:01, 208.97it/s, acc=92.97%, loss=0.1964]
BP Epoch 7/100:  33%|â–ˆâ–ˆâ–ˆâ–Ž      | 137/421 [00:00<00:01, 210.37it/s, acc=92.97%, loss=0.1964]
BP Epoch 7/100:  38%|â–ˆâ–ˆâ–ˆâ–Š      | 161/421 [00:00<00:01, 211.23it/s, acc=92.97%, loss=0.1964]
BP Epoch 7/100:  44%|â–ˆâ–ˆâ–ˆâ–ˆâ–     | 185/421 [00:00<00:01, 212.24it/s, acc=92.97%, loss=0.1964]
BP Epoch 7/100:  44%|â–ˆâ–ˆâ–ˆâ–ˆâ–     | 185/421 [00:00<00:01, 212.24it/s, acc=89.06%, loss=0.2565]
BP Epoch 7/100:  49%|â–ˆâ–ˆâ–ˆâ–ˆâ–‰     | 208/421 [00:00<00:00, 217.27it/s, acc=89.06%, loss=0.2565][codecarbon INFO @ 04:14:27] Delta energy consumed for CPU with cpu_load : 0.000242 kWh, power : 56.16 W
[codecarbon INFO @ 04:14:27] Energy consumed for All CPU : 0.000242 kWh
[codecarbon INFO @ 04:14:27] Energy consumed for all GPUs : 0.000270 kWh. Total GPU Power : 60.722641749551975 W
[codecarbon INFO @ 04:14:27] 0.000675 kWh of electricity used since the beginning.

BP Epoch 7/100:  55%|â–ˆâ–ˆâ–ˆâ–ˆâ–ˆâ–    | 230/421 [00:01<00:00, 211.56it/s, acc=89.06%, loss=0.2565]
BP Epoch 7/100:  60%|â–ˆâ–ˆâ–ˆâ–ˆâ–ˆâ–ˆ    | 253/421 [00:01<00:00, 211.46it/s, acc=89.06%, loss=0.2565]
BP Epoch 7/100:  66%|â–ˆâ–ˆâ–ˆâ–ˆâ–ˆâ–ˆâ–Œ   | 276/421 [00:01<00:00, 215.99it/s, acc=89.06%, loss=0.2565]
BP Epoch 7/100:  71%|â–ˆâ–ˆâ–ˆâ–ˆâ–ˆâ–ˆâ–ˆ   | 298/421 [00:01<00:00, 210.37it/s, acc=89.06%, loss=0.2565]
BP Epoch 7/100:  71%|â–ˆâ–ˆâ–ˆâ–ˆâ–ˆâ–ˆâ–ˆ   | 298/421 [00:01<00:00, 210.37it/s, acc=89.06%, loss=0.2697]
BP Epoch 7/100:  76%|â–ˆâ–ˆâ–ˆâ–ˆâ–ˆâ–ˆâ–ˆâ–Œ  | 321/421 [00:01<00:00, 210.09it/s, acc=89.06%, loss=0.2697]
BP Epoch 7/100:  82%|â–ˆâ–ˆâ–ˆâ–ˆâ–ˆâ–ˆâ–ˆâ–ˆâ– | 344/421 [00:01<00:00, 215.25it/s, acc=89.06%, loss=0.2697]
BP Epoch 7/100:  87%|â–ˆâ–ˆâ–ˆâ–ˆâ–ˆâ–ˆâ–ˆâ–ˆâ–‹ | 366/421 [00:01<00:00, 210.59it/s, acc=89.06%, loss=0.2697]
BP Epoch 7/100:  92%|â–ˆâ–ˆâ–ˆâ–ˆâ–ˆâ–ˆâ–ˆâ–ˆâ–ˆâ–| 389/421 [00:01<00:00, 211.27it/s, acc=89.06%, loss=0.2697]
BP Epoch 7/100:  92%|â–ˆâ–ˆâ–ˆâ–ˆâ–ˆâ–ˆâ–ˆâ–ˆâ–ˆâ–| 389/421 [00:01<00:00, 211.27it/s, acc=92.19%, loss=0.2415]
BP Epoch 7/100:  98%|â–ˆâ–ˆâ–ˆâ–ˆâ–ˆâ–ˆâ–ˆâ–ˆâ–ˆâ–Š| 411/421 [00:01<00:00, 213.07it/s, acc=92.19%, loss=0.2415]
BP Epoch 7/100:  98%|â–ˆâ–ˆâ–ˆâ–ˆâ–ˆâ–ˆâ–ˆâ–ˆâ–ˆâ–Š| 411/421 [00:02<00:00, 213.07it/s, acc=92.19%, loss=0.1580]
                                                                                           

Evaluating BP Model:   0%|          | 0/24 [00:00<?, ?it/s]
Evaluating BP Model:  38%|â–ˆâ–ˆâ–ˆâ–Š      | 9/24 [00:00<00:00, 80.32it/s]
Evaluating BP Model:  88%|â–ˆâ–ˆâ–ˆâ–ˆâ–ˆâ–ˆâ–ˆâ–ˆâ–Š | 21/24 [00:00<00:00, 98.71it/s]
                                                                    

BP Epoch 8/100:   0%|          | 0/421 [00:00<?, ?it/s]
BP Epoch 8/100:   4%|â–         | 17/421 [00:00<00:02, 155.62it/s]
BP Epoch 8/100:  10%|â–‰         | 41/421 [00:00<00:01, 190.86it/s]
BP Epoch 8/100:  15%|â–ˆâ–Œ        | 65/421 [00:00<00:01, 202.19it/s]
BP Epoch 8/100:  21%|â–ˆâ–ˆ        | 88/421 [00:00<00:01, 212.30it/s]
BP Epoch 8/100:  21%|â–ˆâ–ˆ        | 88/421 [00:00<00:01, 212.30it/s, acc=95.31%, loss=0.1496]
BP Epoch 8/100:  26%|â–ˆâ–ˆâ–Œ       | 110/421 [00:00<00:01, 207.48it/s, acc=95.31%, loss=0.1496]
BP Epoch 8/100:  32%|â–ˆâ–ˆâ–ˆâ–      | 133/421 [00:00<00:01, 211.12it/s, acc=95.31%, loss=0.1496]
BP Epoch 8/100:  37%|â–ˆâ–ˆâ–ˆâ–‹      | 155/421 [00:00<00:01, 212.17it/s, acc=95.31%, loss=0.1496]
BP Epoch 8/100:  42%|â–ˆâ–ˆâ–ˆâ–ˆâ–     | 177/421 [00:00<00:01, 214.15it/s, acc=95.31%, loss=0.1496]
BP Epoch 8/100:  47%|â–ˆâ–ˆâ–ˆâ–ˆâ–‹     | 199/421 [00:00<00:01, 212.21it/s, acc=95.31%, loss=0.1496]
BP Epoch 8/100:  47%|â–ˆâ–ˆâ–ˆâ–ˆâ–‹     | 199/421 [00:00<00:01, 212.21it/s, acc=93.75%, loss=0.2186]
BP Epoch 8/100:  53%|â–ˆâ–ˆâ–ˆâ–ˆâ–ˆâ–Ž    | 222/421 [00:01<00:00, 210.23it/s, acc=93.75%, loss=0.2186]
BP Epoch 8/100:  58%|â–ˆâ–ˆâ–ˆâ–ˆâ–ˆâ–Š    | 246/421 [00:01<00:00, 211.08it/s, acc=93.75%, loss=0.2186]
BP Epoch 8/100:  64%|â–ˆâ–ˆâ–ˆâ–ˆâ–ˆâ–ˆâ–   | 270/421 [00:01<00:00, 211.43it/s, acc=93.75%, loss=0.2186]
BP Epoch 8/100:  70%|â–ˆâ–ˆâ–ˆâ–ˆâ–ˆâ–ˆâ–‰   | 294/421 [00:01<00:00, 211.80it/s, acc=93.75%, loss=0.2186]
BP Epoch 8/100:  70%|â–ˆâ–ˆâ–ˆâ–ˆâ–ˆâ–ˆâ–‰   | 294/421 [00:01<00:00, 211.80it/s, acc=94.53%, loss=0.1484]
BP Epoch 8/100:  76%|â–ˆâ–ˆâ–ˆâ–ˆâ–ˆâ–ˆâ–ˆâ–Œ  | 318/421 [00:01<00:00, 212.16it/s, acc=94.53%, loss=0.1484]
BP Epoch 8/100:  81%|â–ˆâ–ˆâ–ˆâ–ˆâ–ˆâ–ˆâ–ˆâ–ˆ  | 342/421 [00:01<00:00, 212.38it/s, acc=94.53%, loss=0.1484]
BP Epoch 8/100:  87%|â–ˆâ–ˆâ–ˆâ–ˆâ–ˆâ–ˆâ–ˆâ–ˆâ–‹ | 366/421 [00:01<00:00, 212.86it/s, acc=94.53%, loss=0.1484]
BP Epoch 8/100:  93%|â–ˆâ–ˆâ–ˆâ–ˆâ–ˆâ–ˆâ–ˆâ–ˆâ–ˆâ–Ž| 390/421 [00:01<00:00, 212.28it/s, acc=94.53%, loss=0.1484]
BP Epoch 8/100:  93%|â–ˆâ–ˆâ–ˆâ–ˆâ–ˆâ–ˆâ–ˆâ–ˆâ–ˆâ–Ž| 390/421 [00:01<00:00, 212.28it/s, acc=88.28%, loss=0.2874]
BP Epoch 8/100:  98%|â–ˆâ–ˆâ–ˆâ–ˆâ–ˆâ–ˆâ–ˆâ–ˆâ–ˆâ–Š| 414/421 [00:01<00:00, 204.79it/s, acc=88.28%, loss=0.2874]
BP Epoch 8/100:  98%|â–ˆâ–ˆâ–ˆâ–ˆâ–ˆâ–ˆâ–ˆâ–ˆâ–ˆâ–Š| 414/421 [00:01<00:00, 204.79it/s, acc=92.97%, loss=0.1977]
                                                                                           

Evaluating BP Model:   0%|          | 0/24 [00:00<?, ?it/s]
Evaluating BP Model:  38%|â–ˆâ–ˆâ–ˆâ–Š      | 9/24 [00:00<00:00, 79.11it/s]
Evaluating BP Model:  88%|â–ˆâ–ˆâ–ˆâ–ˆâ–ˆâ–ˆâ–ˆâ–ˆâ–Š | 21/24 [00:00<00:00, 98.81it/s]
                                                                    

BP Epoch 9/100:   0%|          | 0/421 [00:00<?, ?it/s]
BP Epoch 9/100:   4%|â–         | 17/421 [00:00<00:02, 160.54it/s]
BP Epoch 9/100:  10%|â–‰         | 41/421 [00:00<00:01, 193.78it/s]
BP Epoch 9/100:  15%|â–ˆâ–Œ        | 65/421 [00:00<00:01, 203.83it/s]
BP Epoch 9/100:  21%|â–ˆâ–ˆ        | 89/421 [00:00<00:01, 208.77it/s]
BP Epoch 9/100:  21%|â–ˆâ–ˆ        | 89/421 [00:00<00:01, 208.77it/s, acc=92.97%, loss=0.2341]
BP Epoch 9/100:  27%|â–ˆâ–ˆâ–‹       | 113/421 [00:00<00:01, 211.10it/s, acc=92.97%, loss=0.2341]
BP Epoch 9/100:  33%|â–ˆâ–ˆâ–ˆâ–Ž      | 137/421 [00:00<00:01, 212.73it/s, acc=92.97%, loss=0.2341]
BP Epoch 9/100:  38%|â–ˆâ–ˆâ–ˆâ–Š      | 161/421 [00:00<00:01, 213.66it/s, acc=92.97%, loss=0.2341]
BP Epoch 9/100:  44%|â–ˆâ–ˆâ–ˆâ–ˆâ–     | 185/421 [00:00<00:01, 214.40it/s, acc=92.97%, loss=0.2341]
BP Epoch 9/100:  44%|â–ˆâ–ˆâ–ˆâ–ˆâ–     | 185/421 [00:00<00:01, 214.40it/s, acc=94.53%, loss=0.1508]
BP Epoch 9/100:  50%|â–ˆâ–ˆâ–ˆâ–ˆâ–‰     | 209/421 [00:00<00:00, 214.91it/s, acc=94.53%, loss=0.1508]
BP Epoch 9/100:  55%|â–ˆâ–ˆâ–ˆâ–ˆâ–ˆâ–Œ    | 233/421 [00:01<00:00, 215.06it/s, acc=94.53%, loss=0.1508]
BP Epoch 9/100:  61%|â–ˆâ–ˆâ–ˆâ–ˆâ–ˆâ–ˆ    | 257/421 [00:01<00:00, 215.69it/s, acc=94.53%, loss=0.1508]
BP Epoch 9/100:  67%|â–ˆâ–ˆâ–ˆâ–ˆâ–ˆâ–ˆâ–‹   | 280/421 [00:01<00:00, 219.70it/s, acc=94.53%, loss=0.1508]
BP Epoch 9/100:  67%|â–ˆâ–ˆâ–ˆâ–ˆâ–ˆâ–ˆâ–‹   | 280/421 [00:01<00:00, 219.70it/s, acc=95.31%, loss=0.1323]
BP Epoch 9/100:  72%|â–ˆâ–ˆâ–ˆâ–ˆâ–ˆâ–ˆâ–ˆâ–  | 302/421 [00:01<00:00, 215.45it/s, acc=95.31%, loss=0.1323]
BP Epoch 9/100:  77%|â–ˆâ–ˆâ–ˆâ–ˆâ–ˆâ–ˆâ–ˆâ–‹  | 325/421 [00:01<00:00, 214.95it/s, acc=95.31%, loss=0.1323]
BP Epoch 9/100:  83%|â–ˆâ–ˆâ–ˆâ–ˆâ–ˆâ–ˆâ–ˆâ–ˆâ–Ž | 348/421 [00:01<00:00, 217.53it/s, acc=95.31%, loss=0.1323]
BP Epoch 9/100:  88%|â–ˆâ–ˆâ–ˆâ–ˆâ–ˆâ–ˆâ–ˆâ–ˆâ–Š | 370/421 [00:01<00:00, 215.74it/s, acc=95.31%, loss=0.1323]
BP Epoch 9/100:  93%|â–ˆâ–ˆâ–ˆâ–ˆâ–ˆâ–ˆâ–ˆâ–ˆâ–ˆâ–Ž| 392/421 [00:01<00:00, 216.18it/s, acc=95.31%, loss=0.1323]
BP Epoch 9/100:  93%|â–ˆâ–ˆâ–ˆâ–ˆâ–ˆâ–ˆâ–ˆâ–ˆâ–ˆâ–Ž| 392/421 [00:01<00:00, 216.18it/s, acc=90.62%, loss=0.2439]
BP Epoch 9/100:  98%|â–ˆâ–ˆâ–ˆâ–ˆâ–ˆâ–ˆâ–ˆâ–ˆâ–ˆâ–Š| 414/421 [00:01<00:00, 207.66it/s, acc=90.62%, loss=0.2439]
BP Epoch 9/100:  98%|â–ˆâ–ˆâ–ˆâ–ˆâ–ˆâ–ˆâ–ˆâ–ˆâ–ˆâ–Š| 414/421 [00:01<00:00, 207.66it/s, acc=91.41%, loss=0.1631]
                                                                                           

Evaluating BP Model:   0%|          | 0/24 [00:00<?, ?it/s]
Evaluating BP Model:  38%|â–ˆâ–ˆâ–ˆâ–Š      | 9/24 [00:00<00:00, 78.83it/s]
Evaluating BP Model:  88%|â–ˆâ–ˆâ–ˆâ–ˆâ–ˆâ–ˆâ–ˆâ–ˆâ–Š | 21/24 [00:00<00:00, 97.91it/s]
                                                                    

BP Epoch 10/100:   0%|          | 0/421 [00:00<?, ?it/s]
BP Epoch 10/100:   4%|â–         | 17/421 [00:00<00:02, 157.75it/s]
BP Epoch 10/100:  10%|â–‰         | 41/421 [00:00<00:01, 191.80it/s]
BP Epoch 10/100:  15%|â–ˆâ–Œ        | 65/421 [00:00<00:01, 202.65it/s]
BP Epoch 10/100:  21%|â–ˆâ–ˆ        | 89/421 [00:00<00:01, 207.09it/s]
BP Epoch 10/100:  21%|â–ˆâ–ˆ        | 89/421 [00:00<00:01, 207.09it/s, acc=92.97%, loss=0.1729]
BP Epoch 10/100:  27%|â–ˆâ–ˆâ–‹       | 113/421 [00:00<00:01, 209.67it/s, acc=92.97%, loss=0.1729]
BP Epoch 10/100:  33%|â–ˆâ–ˆâ–ˆâ–Ž      | 137/421 [00:00<00:01, 210.91it/s, acc=92.97%, loss=0.1729]
BP Epoch 10/100:  38%|â–ˆâ–ˆâ–ˆâ–Š      | 160/421 [00:00<00:01, 216.22it/s, acc=92.97%, loss=0.1729]
BP Epoch 10/100:  43%|â–ˆâ–ˆâ–ˆâ–ˆâ–Ž     | 182/421 [00:00<00:01, 205.16it/s, acc=92.97%, loss=0.1729]
BP Epoch 10/100:  43%|â–ˆâ–ˆâ–ˆâ–ˆâ–Ž     | 182/421 [00:00<00:01, 205.16it/s, acc=92.97%, loss=0.1506]
BP Epoch 10/100:  49%|â–ˆâ–ˆâ–ˆâ–ˆâ–Š     | 205/421 [00:00<00:01, 206.43it/s, acc=92.97%, loss=0.1506]
BP Epoch 10/100:  54%|â–ˆâ–ˆâ–ˆâ–ˆâ–ˆâ–    | 229/421 [00:01<00:00, 208.97it/s, acc=92.97%, loss=0.1506]
BP Epoch 10/100:  60%|â–ˆâ–ˆâ–ˆâ–ˆâ–ˆâ–ˆ    | 253/421 [00:01<00:00, 210.85it/s, acc=92.97%, loss=0.1506]
BP Epoch 10/100:  66%|â–ˆâ–ˆâ–ˆâ–ˆâ–ˆâ–ˆâ–Œ   | 277/421 [00:01<00:00, 212.12it/s, acc=92.97%, loss=0.1506]
BP Epoch 10/100:  66%|â–ˆâ–ˆâ–ˆâ–ˆâ–ˆâ–ˆâ–Œ   | 277/421 [00:01<00:00, 212.12it/s, acc=90.62%, loss=0.1827]
BP Epoch 10/100:  71%|â–ˆâ–ˆâ–ˆâ–ˆâ–ˆâ–ˆâ–ˆâ–  | 300/421 [00:01<00:00, 216.89it/s, acc=90.62%, loss=0.1827]
BP Epoch 10/100:  76%|â–ˆâ–ˆâ–ˆâ–ˆâ–ˆâ–ˆâ–ˆâ–‹  | 322/421 [00:01<00:00, 214.22it/s, acc=90.62%, loss=0.1827]
BP Epoch 10/100:  82%|â–ˆâ–ˆâ–ˆâ–ˆâ–ˆâ–ˆâ–ˆâ–ˆâ– | 345/421 [00:01<00:00, 212.81it/s, acc=90.62%, loss=0.1827]
BP Epoch 10/100:  88%|â–ˆâ–ˆâ–ˆâ–ˆâ–ˆâ–ˆâ–ˆâ–ˆâ–Š | 369/421 [00:01<00:00, 213.45it/s, acc=90.62%, loss=0.1827]
BP Epoch 10/100:  93%|â–ˆâ–ˆâ–ˆâ–ˆâ–ˆâ–ˆâ–ˆâ–ˆâ–ˆâ–Ž| 393/421 [00:01<00:00, 213.85it/s, acc=90.62%, loss=0.1827]
BP Epoch 10/100:  93%|â–ˆâ–ˆâ–ˆâ–ˆâ–ˆâ–ˆâ–ˆâ–ˆâ–ˆâ–Ž| 393/421 [00:01<00:00, 213.85it/s, acc=95.31%, loss=0.1029]
BP Epoch 10/100:  99%|â–ˆâ–ˆâ–ˆâ–ˆâ–ˆâ–ˆâ–ˆâ–ˆâ–ˆâ–Š| 415/421 [00:01<00:00, 212.20it/s, acc=95.31%, loss=0.1029]
BP Epoch 10/100:  99%|â–ˆâ–ˆâ–ˆâ–ˆâ–ˆâ–ˆâ–ˆâ–ˆâ–ˆâ–Š| 415/421 [00:02<00:00, 212.20it/s, acc=92.19%, loss=0.1367]
                                                                                            

Evaluating BP Model:   0%|          | 0/24 [00:00<?, ?it/s]
Evaluating BP Model:  38%|â–ˆâ–ˆâ–ˆâ–Š      | 9/24 [00:00<00:00, 79.89it/s]
Evaluating BP Model:  88%|â–ˆâ–ˆâ–ˆâ–ˆâ–ˆâ–ˆâ–ˆâ–ˆâ–Š | 21/24 [00:00<00:00, 97.82it/s]
                                                                    

BP Epoch 11/100:   0%|          | 0/421 [00:00<?, ?it/s]
BP Epoch 11/100:   4%|â–         | 17/421 [00:00<00:02, 158.67it/s]
BP Epoch 11/100:  10%|â–‰         | 41/421 [00:00<00:01, 192.39it/s]
BP Epoch 11/100:  15%|â–ˆâ–Œ        | 65/421 [00:00<00:01, 203.05it/s]
BP Epoch 11/100:  21%|â–ˆâ–ˆ        | 89/421 [00:00<00:01, 207.63it/s]
BP Epoch 11/100:  21%|â–ˆâ–ˆ        | 89/421 [00:00<00:01, 207.63it/s, acc=97.66%, loss=0.1066]
BP Epoch 11/100:  27%|â–ˆâ–ˆâ–‹       | 113/421 [00:00<00:01, 210.34it/s, acc=97.66%, loss=0.1066]
BP Epoch 11/100:  33%|â–ˆâ–ˆâ–ˆâ–Ž      | 137/421 [00:00<00:01, 212.04it/s, acc=97.66%, loss=0.1066]
BP Epoch 11/100:  38%|â–ˆâ–ˆâ–ˆâ–Š      | 159/421 [00:00<00:01, 213.14it/s, acc=97.66%, loss=0.1066]
BP Epoch 11/100:  43%|â–ˆâ–ˆâ–ˆâ–ˆâ–Ž     | 181/421 [00:00<00:01, 211.37it/s, acc=97.66%, loss=0.1066]
BP Epoch 11/100:  43%|â–ˆâ–ˆâ–ˆâ–ˆâ–Ž     | 181/421 [00:00<00:01, 211.37it/s, acc=97.66%, loss=0.0814]
BP Epoch 11/100:  49%|â–ˆâ–ˆâ–ˆâ–ˆâ–Š     | 205/421 [00:00<00:01, 212.16it/s, acc=97.66%, loss=0.0814]
BP Epoch 11/100:  54%|â–ˆâ–ˆâ–ˆâ–ˆâ–ˆâ–    | 229/421 [00:01<00:00, 212.74it/s, acc=97.66%, loss=0.0814]
BP Epoch 11/100:  60%|â–ˆâ–ˆâ–ˆâ–ˆâ–ˆâ–ˆ    | 253/421 [00:01<00:00, 213.60it/s, acc=97.66%, loss=0.0814]
BP Epoch 11/100:  66%|â–ˆâ–ˆâ–ˆâ–ˆâ–ˆâ–ˆâ–Œ   | 277/421 [00:01<00:00, 214.09it/s, acc=97.66%, loss=0.0814]
BP Epoch 11/100:  66%|â–ˆâ–ˆâ–ˆâ–ˆâ–ˆâ–ˆâ–Œ   | 277/421 [00:01<00:00, 214.09it/s, acc=95.31%, loss=0.1496]
BP Epoch 11/100:  71%|â–ˆâ–ˆâ–ˆâ–ˆâ–ˆâ–ˆâ–ˆâ–  | 300/421 [00:01<00:00, 218.04it/s, acc=95.31%, loss=0.1496]
BP Epoch 11/100:  76%|â–ˆâ–ˆâ–ˆâ–ˆâ–ˆâ–ˆâ–ˆâ–‹  | 322/421 [00:01<00:00, 215.29it/s, acc=95.31%, loss=0.1496]
BP Epoch 11/100:  82%|â–ˆâ–ˆâ–ˆâ–ˆâ–ˆâ–ˆâ–ˆâ–ˆâ– | 345/421 [00:01<00:00, 213.44it/s, acc=95.31%, loss=0.1496]
BP Epoch 11/100:  88%|â–ˆâ–ˆâ–ˆâ–ˆâ–ˆâ–ˆâ–ˆâ–ˆâ–Š | 369/421 [00:01<00:00, 213.56it/s, acc=95.31%, loss=0.1496]
BP Epoch 11/100:  93%|â–ˆâ–ˆâ–ˆâ–ˆâ–ˆâ–ˆâ–ˆâ–ˆâ–ˆâ–Ž| 393/421 [00:01<00:00, 213.60it/s, acc=95.31%, loss=0.1496]
BP Epoch 11/100:  93%|â–ˆâ–ˆâ–ˆâ–ˆâ–ˆâ–ˆâ–ˆâ–ˆâ–ˆâ–Ž| 393/421 [00:01<00:00, 213.60it/s, acc=93.75%, loss=0.1632]
BP Epoch 11/100:  99%|â–ˆâ–ˆâ–ˆâ–ˆâ–ˆâ–ˆâ–ˆâ–ˆâ–ˆâ–Š| 415/421 [00:01<00:00, 210.00it/s, acc=93.75%, loss=0.1632]
BP Epoch 11/100:  99%|â–ˆâ–ˆâ–ˆâ–ˆâ–ˆâ–ˆâ–ˆâ–ˆâ–ˆâ–Š| 415/421 [00:01<00:00, 210.00it/s, acc=94.53%, loss=0.1295]
                                                                                            

Evaluating BP Model:   0%|          | 0/24 [00:00<?, ?it/s]
Evaluating BP Model:  38%|â–ˆâ–ˆâ–ˆâ–Š      | 9/24 [00:00<00:00, 79.75it/s]
Evaluating BP Model:  88%|â–ˆâ–ˆâ–ˆâ–ˆâ–ˆâ–ˆâ–ˆâ–ˆâ–Š | 21/24 [00:00<00:00, 98.54it/s]
                                                                    

BP Epoch 12/100:   0%|          | 0/421 [00:00<?, ?it/s]
BP Epoch 12/100:   4%|â–         | 17/421 [00:00<00:02, 161.12it/s]
BP Epoch 12/100:  10%|â–‰         | 41/421 [00:00<00:01, 194.11it/s]
BP Epoch 12/100:  15%|â–ˆâ–Œ        | 65/421 [00:00<00:01, 203.98it/s]
BP Epoch 12/100:  21%|â–ˆâ–ˆ        | 88/421 [00:00<00:01, 213.05it/s]
BP Epoch 12/100:  21%|â–ˆâ–ˆ        | 88/421 [00:00<00:01, 213.05it/s, acc=94.53%, loss=0.1423]
BP Epoch 12/100:  26%|â–ˆâ–ˆâ–Œ       | 110/421 [00:00<00:01, 212.75it/s, acc=94.53%, loss=0.1423]
BP Epoch 12/100:  31%|â–ˆâ–ˆâ–ˆâ–      | 132/421 [00:00<00:01, 212.51it/s, acc=94.53%, loss=0.1423]
BP Epoch 12/100:  37%|â–ˆâ–ˆâ–ˆâ–‹      | 155/421 [00:00<00:01, 217.33it/s, acc=94.53%, loss=0.1423]
BP Epoch 12/100:  42%|â–ˆâ–ˆâ–ˆâ–ˆâ–     | 177/421 [00:00<00:01, 212.97it/s, acc=94.53%, loss=0.1423]
BP Epoch 12/100:  42%|â–ˆâ–ˆâ–ˆâ–ˆâ–     | 177/421 [00:00<00:01, 212.97it/s, acc=99.22%, loss=0.0664]
BP Epoch 12/100:  48%|â–ˆâ–ˆâ–ˆâ–ˆâ–Š     | 200/421 [00:00<00:01, 209.53it/s, acc=99.22%, loss=0.0664]
BP Epoch 12/100:  53%|â–ˆâ–ˆâ–ˆâ–ˆâ–ˆâ–Ž    | 224/421 [00:01<00:00, 212.02it/s, acc=99.22%, loss=0.0664]
BP Epoch 12/100:  59%|â–ˆâ–ˆâ–ˆâ–ˆâ–ˆâ–‰    | 248/421 [00:01<00:00, 211.95it/s, acc=99.22%, loss=0.0664]
BP Epoch 12/100:  65%|â–ˆâ–ˆâ–ˆâ–ˆâ–ˆâ–ˆâ–   | 272/421 [00:01<00:00, 211.66it/s, acc=99.22%, loss=0.0664]
BP Epoch 12/100:  70%|â–ˆâ–ˆâ–ˆâ–ˆâ–ˆâ–ˆâ–ˆ   | 296/421 [00:01<00:00, 211.69it/s, acc=99.22%, loss=0.0664]
BP Epoch 12/100:  70%|â–ˆâ–ˆâ–ˆâ–ˆâ–ˆâ–ˆâ–ˆ   | 296/421 [00:01<00:00, 211.69it/s, acc=96.09%, loss=0.0974]
BP Epoch 12/100:  76%|â–ˆâ–ˆâ–ˆâ–ˆâ–ˆâ–ˆâ–ˆâ–Œ  | 320/421 [00:01<00:00, 211.79it/s, acc=96.09%, loss=0.0974]
BP Epoch 12/100:  82%|â–ˆâ–ˆâ–ˆâ–ˆâ–ˆâ–ˆâ–ˆâ–ˆâ– | 344/421 [00:01<00:00, 211.59it/s, acc=96.09%, loss=0.0974]
BP Epoch 12/100:  87%|â–ˆâ–ˆâ–ˆâ–ˆâ–ˆâ–ˆâ–ˆâ–ˆâ–‹ | 368/421 [00:01<00:00, 211.57it/s, acc=96.09%, loss=0.0974]
BP Epoch 12/100:  93%|â–ˆâ–ˆâ–ˆâ–ˆâ–ˆâ–ˆâ–ˆâ–ˆâ–ˆâ–Ž| 392/421 [00:01<00:00, 211.95it/s, acc=96.09%, loss=0.0974]
BP Epoch 12/100:  93%|â–ˆâ–ˆâ–ˆâ–ˆâ–ˆâ–ˆâ–ˆâ–ˆâ–ˆâ–Ž| 392/421 [00:01<00:00, 211.95it/s, acc=93.75%, loss=0.1374]
BP Epoch 12/100:  98%|â–ˆâ–ˆâ–ˆâ–ˆâ–ˆâ–ˆâ–ˆâ–ˆâ–ˆâ–Š| 414/421 [00:01<00:00, 210.50it/s, acc=93.75%, loss=0.1374]
BP Epoch 12/100:  98%|â–ˆâ–ˆâ–ˆâ–ˆâ–ˆâ–ˆâ–ˆâ–ˆâ–ˆâ–Š| 414/421 [00:01<00:00, 210.50it/s, acc=94.53%, loss=0.1312]
                                                                                            

Evaluating BP Model:   0%|          | 0/24 [00:00<?, ?it/s]
Evaluating BP Model:  38%|â–ˆâ–ˆâ–ˆâ–Š      | 9/24 [00:00<00:00, 80.71it/s]
Evaluating BP Model:  88%|â–ˆâ–ˆâ–ˆâ–ˆâ–ˆâ–ˆâ–ˆâ–ˆâ–Š | 21/24 [00:00<00:00, 98.81it/s]
                                                                    

BP Epoch 13/100:   0%|          | 0/421 [00:00<?, ?it/s]
BP Epoch 13/100:   4%|â–         | 17/421 [00:00<00:02, 159.77it/s]
BP Epoch 13/100:  10%|â–‰         | 41/421 [00:00<00:01, 192.55it/s]
BP Epoch 13/100:  15%|â–ˆâ–Œ        | 65/421 [00:00<00:01, 201.89it/s]
BP Epoch 13/100:  21%|â–ˆâ–ˆ        | 88/421 [00:00<00:01, 210.94it/s]
BP Epoch 13/100:  21%|â–ˆâ–ˆ        | 88/421 [00:00<00:01, 210.94it/s, acc=97.66%, loss=0.0834]
BP Epoch 13/100:  26%|â–ˆâ–ˆâ–Œ       | 110/421 [00:00<00:01, 210.46it/s, acc=97.66%, loss=0.0834]
BP Epoch 13/100:  31%|â–ˆâ–ˆâ–ˆâ–      | 132/421 [00:00<00:01, 211.01it/s, acc=97.66%, loss=0.0834]
BP Epoch 13/100:  37%|â–ˆâ–ˆâ–ˆâ–‹      | 154/421 [00:00<00:01, 212.50it/s, acc=97.66%, loss=0.0834]
BP Epoch 13/100:  42%|â–ˆâ–ˆâ–ˆâ–ˆâ–     | 176/421 [00:00<00:01, 210.43it/s, acc=97.66%, loss=0.0834]
BP Epoch 13/100:  47%|â–ˆâ–ˆâ–ˆâ–ˆâ–‹     | 199/421 [00:00<00:01, 216.23it/s, acc=97.66%, loss=0.0834]
BP Epoch 13/100:  47%|â–ˆâ–ˆâ–ˆâ–ˆâ–‹     | 199/421 [00:00<00:01, 216.23it/s, acc=96.88%, loss=0.0781]
BP Epoch 13/100:  52%|â–ˆâ–ˆâ–ˆâ–ˆâ–ˆâ–    | 221/421 [00:01<00:00, 210.44it/s, acc=96.88%, loss=0.0781]
BP Epoch 13/100:  58%|â–ˆâ–ˆâ–ˆâ–ˆâ–ˆâ–Š    | 244/421 [00:01<00:00, 209.24it/s, acc=96.88%, loss=0.0781]
BP Epoch 13/100:  64%|â–ˆâ–ˆâ–ˆâ–ˆâ–ˆâ–ˆâ–Ž   | 268/421 [00:01<00:00, 209.64it/s, acc=96.88%, loss=0.0781]
BP Epoch 13/100:  69%|â–ˆâ–ˆâ–ˆâ–ˆâ–ˆâ–ˆâ–‰   | 292/421 [00:01<00:00, 210.36it/s, acc=96.88%, loss=0.0781]
BP Epoch 13/100:  69%|â–ˆâ–ˆâ–ˆâ–ˆâ–ˆâ–ˆâ–‰   | 292/421 [00:01<00:00, 210.36it/s, acc=96.09%, loss=0.0966]
BP Epoch 13/100:  75%|â–ˆâ–ˆâ–ˆâ–ˆâ–ˆâ–ˆâ–ˆâ–Œ  | 316/421 [00:01<00:00, 211.06it/s, acc=96.09%, loss=0.0966]
BP Epoch 13/100:  81%|â–ˆâ–ˆâ–ˆâ–ˆâ–ˆâ–ˆâ–ˆâ–ˆ  | 340/421 [00:01<00:00, 210.75it/s, acc=96.09%, loss=0.0966]
BP Epoch 13/100:  86%|â–ˆâ–ˆâ–ˆâ–ˆâ–ˆâ–ˆâ–ˆâ–ˆâ–‹ | 364/421 [00:01<00:00, 211.01it/s, acc=96.09%, loss=0.0966]
BP Epoch 13/100:  92%|â–ˆâ–ˆâ–ˆâ–ˆâ–ˆâ–ˆâ–ˆâ–ˆâ–ˆâ–| 388/421 [00:01<00:00, 210.98it/s, acc=96.09%, loss=0.0966][codecarbon INFO @ 04:14:41] Energy consumed for RAM : 0.000317 kWh. RAM Power : 38.0 W

BP Epoch 13/100:  92%|â–ˆâ–ˆâ–ˆâ–ˆâ–ˆâ–ˆâ–ˆâ–ˆâ–ˆâ–| 388/421 [00:01<00:00, 210.98it/s, acc=94.53%, loss=0.1160]
BP Epoch 13/100:  98%|â–ˆâ–ˆâ–ˆâ–ˆâ–ˆâ–ˆâ–ˆâ–ˆâ–ˆâ–Š| 412/421 [00:01<00:00, 210.97it/s, acc=94.53%, loss=0.1160]
BP Epoch 13/100:  98%|â–ˆâ–ˆâ–ˆâ–ˆâ–ˆâ–ˆâ–ˆâ–ˆâ–ˆâ–Š| 412/421 [00:02<00:00, 210.97it/s, acc=94.53%, loss=0.1550]
                                                                                            

Evaluating BP Model:   0%|          | 0/24 [00:00<?, ?it/s]
Evaluating BP Model:  38%|â–ˆâ–ˆâ–ˆâ–Š      | 9/24 [00:00<00:00, 79.18it/s]
Evaluating BP Model:  88%|â–ˆâ–ˆâ–ˆâ–ˆâ–ˆâ–ˆâ–ˆâ–ˆâ–Š | 21/24 [00:00<00:00, 99.04it/s]
                                                                    

BP Epoch 14/100:   0%|          | 0/421 [00:00<?, ?it/s]
BP Epoch 14/100:   4%|â–         | 17/421 [00:00<00:02, 160.60it/s][codecarbon INFO @ 04:14:42] Delta energy consumed for CPU with cpu_load : 0.000184 kWh, power : 45.675 W
[codecarbon INFO @ 04:14:42] Energy consumed for All CPU : 0.000426 kWh
[codecarbon INFO @ 04:14:42] Energy consumed for all GPUs : 0.000533 kWh. Total GPU Power : 63.01392424504485 W
[codecarbon INFO @ 04:14:42] 0.001275 kWh of electricity used since the beginning.

BP Epoch 14/100:  10%|â–‰         | 41/421 [00:00<00:01, 191.22it/s]
BP Epoch 14/100:  15%|â–ˆâ–Œ        | 65/421 [00:00<00:01, 200.51it/s]
BP Epoch 14/100:  21%|â–ˆâ–ˆ        | 89/421 [00:00<00:01, 204.46it/s]
BP Epoch 14/100:  21%|â–ˆâ–ˆ        | 89/421 [00:00<00:01, 204.46it/s, acc=99.22%, loss=0.0283]
BP Epoch 14/100:  27%|â–ˆâ–ˆâ–‹       | 113/421 [00:00<00:01, 206.49it/s, acc=99.22%, loss=0.0283]
BP Epoch 14/100:  33%|â–ˆâ–ˆâ–ˆâ–Ž      | 137/421 [00:00<00:01, 208.47it/s, acc=99.22%, loss=0.0283]
BP Epoch 14/100:  38%|â–ˆâ–ˆâ–ˆâ–Š      | 161/421 [00:00<00:01, 209.62it/s, acc=99.22%, loss=0.0283]
BP Epoch 14/100:  44%|â–ˆâ–ˆâ–ˆâ–ˆâ–     | 185/421 [00:00<00:01, 210.65it/s, acc=99.22%, loss=0.0283]
BP Epoch 14/100:  44%|â–ˆâ–ˆâ–ˆâ–ˆâ–     | 185/421 [00:00<00:01, 210.65it/s, acc=96.88%, loss=0.0978]
BP Epoch 14/100:  50%|â–ˆâ–ˆâ–ˆâ–ˆâ–‰     | 209/421 [00:01<00:01, 211.35it/s, acc=96.88%, loss=0.0978]
BP Epoch 14/100:  55%|â–ˆâ–ˆâ–ˆâ–ˆâ–ˆâ–Œ    | 233/421 [00:01<00:00, 211.32it/s, acc=96.88%, loss=0.0978]
BP Epoch 14/100:  61%|â–ˆâ–ˆâ–ˆâ–ˆâ–ˆâ–ˆ    | 257/421 [00:01<00:00, 212.25it/s, acc=96.88%, loss=0.0978]
BP Epoch 14/100:  67%|â–ˆâ–ˆâ–ˆâ–ˆâ–ˆâ–ˆâ–‹   | 281/421 [00:01<00:00, 212.54it/s, acc=96.88%, loss=0.0978]
BP Epoch 14/100:  67%|â–ˆâ–ˆâ–ˆâ–ˆâ–ˆâ–ˆâ–‹   | 281/421 [00:01<00:00, 212.54it/s, acc=96.88%, loss=0.0808]
BP Epoch 14/100:  72%|â–ˆâ–ˆâ–ˆâ–ˆâ–ˆâ–ˆâ–ˆâ–  | 305/421 [00:01<00:00, 212.38it/s, acc=96.88%, loss=0.0808]
BP Epoch 14/100:  78%|â–ˆâ–ˆâ–ˆâ–ˆâ–ˆâ–ˆâ–ˆâ–Š  | 329/421 [00:01<00:00, 212.69it/s, acc=96.88%, loss=0.0808]
BP Epoch 14/100:  84%|â–ˆâ–ˆâ–ˆâ–ˆâ–ˆâ–ˆâ–ˆâ–ˆâ– | 353/421 [00:01<00:00, 212.51it/s, acc=96.88%, loss=0.0808]
BP Epoch 14/100:  89%|â–ˆâ–ˆâ–ˆâ–ˆâ–ˆâ–ˆâ–ˆâ–ˆâ–‰ | 376/421 [00:01<00:00, 217.18it/s, acc=96.88%, loss=0.0808]
BP Epoch 14/100:  95%|â–ˆâ–ˆâ–ˆâ–ˆâ–ˆâ–ˆâ–ˆâ–ˆâ–ˆâ–| 398/421 [00:01<00:00, 212.65it/s, acc=96.88%, loss=0.0808]
BP Epoch 14/100:  95%|â–ˆâ–ˆâ–ˆâ–ˆâ–ˆâ–ˆâ–ˆâ–ˆâ–ˆâ–| 398/421 [00:01<00:00, 212.65it/s, acc=93.75%, loss=0.2228]
BP Epoch 14/100:  95%|â–ˆâ–ˆâ–ˆâ–ˆâ–ˆâ–ˆâ–ˆâ–ˆâ–ˆâ–| 398/421 [00:02<00:00, 212.65it/s, acc=95.31%, loss=0.1286]
BP Epoch 14/100: 100%|â–ˆâ–ˆâ–ˆâ–ˆâ–ˆâ–ˆâ–ˆâ–ˆâ–ˆâ–ˆ| 421/421 [00:02<00:00, 209.42it/s, acc=95.31%, loss=0.1286]
                                                                                            

Evaluating BP Model:   0%|          | 0/24 [00:00<?, ?it/s]
Evaluating BP Model:  38%|â–ˆâ–ˆâ–ˆâ–Š      | 9/24 [00:00<00:00, 80.16it/s]
Evaluating BP Model:  88%|â–ˆâ–ˆâ–ˆâ–ˆâ–ˆâ–ˆâ–ˆâ–ˆâ–Š | 21/24 [00:00<00:00, 97.90it/s]
                                                                    

BP Epoch 15/100:   0%|          | 0/421 [00:00<?, ?it/s]
BP Epoch 15/100:   4%|â–         | 17/421 [00:00<00:02, 160.51it/s]
BP Epoch 15/100:  10%|â–‰         | 41/421 [00:00<00:01, 192.18it/s]
BP Epoch 15/100:  15%|â–ˆâ–Œ        | 65/421 [00:00<00:01, 202.02it/s]
BP Epoch 15/100:  21%|â–ˆâ–ˆ        | 89/421 [00:00<00:01, 205.72it/s]
BP Epoch 15/100:  21%|â–ˆâ–ˆ        | 89/421 [00:00<00:01, 205.72it/s, acc=97.66%, loss=0.0735]
BP Epoch 15/100:  27%|â–ˆâ–ˆâ–‹       | 113/421 [00:00<00:01, 207.48it/s, acc=97.66%, loss=0.0735]
BP Epoch 15/100:  33%|â–ˆâ–ˆâ–ˆâ–Ž      | 137/421 [00:00<00:01, 209.48it/s, acc=97.66%, loss=0.0735]
BP Epoch 15/100:  38%|â–ˆâ–ˆâ–ˆâ–Š      | 161/421 [00:00<00:01, 209.73it/s, acc=97.66%, loss=0.0735]
BP Epoch 15/100:  44%|â–ˆâ–ˆâ–ˆâ–ˆâ–     | 185/421 [00:00<00:01, 209.97it/s, acc=97.66%, loss=0.0735]
BP Epoch 15/100:  44%|â–ˆâ–ˆâ–ˆâ–ˆâ–     | 185/421 [00:00<00:01, 209.97it/s, acc=95.31%, loss=0.1433]
BP Epoch 15/100:  49%|â–ˆâ–ˆâ–ˆâ–ˆâ–‰     | 208/421 [00:01<00:00, 215.23it/s, acc=95.31%, loss=0.1433]
BP Epoch 15/100:  55%|â–ˆâ–ˆâ–ˆâ–ˆâ–ˆâ–    | 230/421 [00:01<00:00, 210.14it/s, acc=95.31%, loss=0.1433]
BP Epoch 15/100:  60%|â–ˆâ–ˆâ–ˆâ–ˆâ–ˆâ–ˆ    | 253/421 [00:01<00:00, 208.33it/s, acc=95.31%, loss=0.1433]
BP Epoch 15/100:  66%|â–ˆâ–ˆâ–ˆâ–ˆâ–ˆâ–ˆâ–Œ   | 277/421 [00:01<00:00, 209.23it/s, acc=95.31%, loss=0.1433]
BP Epoch 15/100:  66%|â–ˆâ–ˆâ–ˆâ–ˆâ–ˆâ–ˆâ–Œ   | 277/421 [00:01<00:00, 209.23it/s, acc=96.88%, loss=0.1209]
BP Epoch 15/100:  71%|â–ˆâ–ˆâ–ˆâ–ˆâ–ˆâ–ˆâ–ˆâ–  | 300/421 [00:01<00:00, 210.82it/s, acc=96.88%, loss=0.1209]
BP Epoch 15/100:  76%|â–ˆâ–ˆâ–ˆâ–ˆâ–ˆâ–ˆâ–ˆâ–‹  | 322/421 [00:01<00:00, 211.55it/s, acc=96.88%, loss=0.1209]
BP Epoch 15/100:  82%|â–ˆâ–ˆâ–ˆâ–ˆâ–ˆâ–ˆâ–ˆâ–ˆâ– | 345/421 [00:01<00:00, 209.56it/s, acc=96.88%, loss=0.1209]
BP Epoch 15/100:  87%|â–ˆâ–ˆâ–ˆâ–ˆâ–ˆâ–ˆâ–ˆâ–ˆâ–‹ | 367/421 [00:01<00:00, 212.39it/s, acc=96.88%, loss=0.1209]
BP Epoch 15/100:  92%|â–ˆâ–ˆâ–ˆâ–ˆâ–ˆâ–ˆâ–ˆâ–ˆâ–ˆâ–| 389/421 [00:01<00:00, 209.24it/s, acc=96.88%, loss=0.1209]
BP Epoch 15/100:  92%|â–ˆâ–ˆâ–ˆâ–ˆâ–ˆâ–ˆâ–ˆâ–ˆâ–ˆâ–| 389/421 [00:01<00:00, 209.24it/s, acc=96.09%, loss=0.0771]
BP Epoch 15/100:  98%|â–ˆâ–ˆâ–ˆâ–ˆâ–ˆâ–ˆâ–ˆâ–ˆâ–ˆâ–Š| 411/421 [00:01<00:00, 209.77it/s, acc=96.09%, loss=0.0771]
BP Epoch 15/100:  98%|â–ˆâ–ˆâ–ˆâ–ˆâ–ˆâ–ˆâ–ˆâ–ˆâ–ˆâ–Š| 411/421 [00:02<00:00, 209.77it/s, acc=98.44%, loss=0.0757]
                                                                                            

Evaluating BP Model:   0%|          | 0/24 [00:00<?, ?it/s]
Evaluating BP Model:  38%|â–ˆâ–ˆâ–ˆâ–Š      | 9/24 [00:00<00:00, 78.35it/s]
Evaluating BP Model:  88%|â–ˆâ–ˆâ–ˆâ–ˆâ–ˆâ–ˆâ–ˆâ–ˆâ–Š | 21/24 [00:00<00:00, 97.94it/s]
                                                                    

BP Epoch 16/100:   0%|          | 0/421 [00:00<?, ?it/s]
BP Epoch 16/100:   4%|â–         | 17/421 [00:00<00:02, 158.51it/s]
BP Epoch 16/100:  10%|â–‰         | 40/421 [00:00<00:01, 198.80it/s]
BP Epoch 16/100:  14%|â–ˆâ–        | 61/421 [00:00<00:01, 196.86it/s]
BP Epoch 16/100:  20%|â–ˆâ–‰        | 84/421 [00:00<00:01, 208.58it/s]
BP Epoch 16/100:  20%|â–ˆâ–‰        | 84/421 [00:00<00:01, 208.58it/s, acc=99.22%, loss=0.0402]
BP Epoch 16/100:  25%|â–ˆâ–ˆâ–       | 105/421 [00:00<00:01, 203.12it/s, acc=99.22%, loss=0.0402]
BP Epoch 16/100:  30%|â–ˆâ–ˆâ–ˆ       | 127/421 [00:00<00:01, 208.36it/s, acc=99.22%, loss=0.0402]
BP Epoch 16/100:  35%|â–ˆâ–ˆâ–ˆâ–Œ      | 149/421 [00:00<00:01, 206.08it/s, acc=99.22%, loss=0.0402]
BP Epoch 16/100:  41%|â–ˆâ–ˆâ–ˆâ–ˆ      | 171/421 [00:00<00:01, 209.79it/s, acc=99.22%, loss=0.0402]
BP Epoch 16/100:  46%|â–ˆâ–ˆâ–ˆâ–ˆâ–Œ     | 193/421 [00:00<00:01, 207.29it/s, acc=99.22%, loss=0.0402]
BP Epoch 16/100:  46%|â–ˆâ–ˆâ–ˆâ–ˆâ–Œ     | 193/421 [00:00<00:01, 207.29it/s, acc=96.88%, loss=0.0988]
BP Epoch 16/100:  51%|â–ˆâ–ˆâ–ˆâ–ˆâ–ˆ     | 215/421 [00:01<00:00, 210.32it/s, acc=96.88%, loss=0.0988]
BP Epoch 16/100:  56%|â–ˆâ–ˆâ–ˆâ–ˆâ–ˆâ–‹    | 237/421 [00:01<00:00, 208.16it/s, acc=96.88%, loss=0.0988]
BP Epoch 16/100:  62%|â–ˆâ–ˆâ–ˆâ–ˆâ–ˆâ–ˆâ–   | 259/421 [00:01<00:00, 210.32it/s, acc=96.88%, loss=0.0988]
BP Epoch 16/100:  67%|â–ˆâ–ˆâ–ˆâ–ˆâ–ˆâ–ˆâ–‹   | 281/421 [00:01<00:00, 208.78it/s, acc=96.88%, loss=0.0988]
BP Epoch 16/100:  67%|â–ˆâ–ˆâ–ˆâ–ˆâ–ˆâ–ˆâ–‹   | 281/421 [00:01<00:00, 208.78it/s, acc=97.66%, loss=0.0769]
BP Epoch 16/100:  72%|â–ˆâ–ˆâ–ˆâ–ˆâ–ˆâ–ˆâ–ˆâ–  | 303/421 [00:01<00:00, 210.56it/s, acc=97.66%, loss=0.0769]
BP Epoch 16/100:  77%|â–ˆâ–ˆâ–ˆâ–ˆâ–ˆâ–ˆâ–ˆâ–‹  | 325/421 [00:01<00:00, 208.75it/s, acc=97.66%, loss=0.0769]
BP Epoch 16/100:  82%|â–ˆâ–ˆâ–ˆâ–ˆâ–ˆâ–ˆâ–ˆâ–ˆâ– | 347/421 [00:01<00:00, 210.95it/s, acc=97.66%, loss=0.0769]
BP Epoch 16/100:  88%|â–ˆâ–ˆâ–ˆâ–ˆâ–ˆâ–ˆâ–ˆâ–ˆâ–Š | 369/421 [00:01<00:00, 209.92it/s, acc=97.66%, loss=0.0769]
BP Epoch 16/100:  93%|â–ˆâ–ˆâ–ˆâ–ˆâ–ˆâ–ˆâ–ˆâ–ˆâ–ˆâ–Ž| 391/421 [00:01<00:00, 210.55it/s, acc=97.66%, loss=0.0769]
BP Epoch 16/100:  93%|â–ˆâ–ˆâ–ˆâ–ˆâ–ˆâ–ˆâ–ˆâ–ˆâ–ˆâ–Ž| 391/421 [00:01<00:00, 210.55it/s, acc=95.31%, loss=0.1458]
BP Epoch 16/100:  98%|â–ˆâ–ˆâ–ˆâ–ˆâ–ˆâ–ˆâ–ˆâ–ˆâ–ˆâ–Š| 413/421 [00:01<00:00, 210.29it/s, acc=95.31%, loss=0.1458]
BP Epoch 16/100:  98%|â–ˆâ–ˆâ–ˆâ–ˆâ–ˆâ–ˆâ–ˆâ–ˆâ–ˆâ–Š| 413/421 [00:02<00:00, 210.29it/s, acc=95.31%, loss=0.1277]
                                                                                            

Evaluating BP Model:   0%|          | 0/24 [00:00<?, ?it/s]
Evaluating BP Model:  38%|â–ˆâ–ˆâ–ˆâ–Š      | 9/24 [00:00<00:00, 78.57it/s]
Evaluating BP Model:  88%|â–ˆâ–ˆâ–ˆâ–ˆâ–ˆâ–ˆâ–ˆâ–ˆâ–Š | 21/24 [00:00<00:00, 98.24it/s]
                                                                    

BP Epoch 17/100:   0%|          | 0/421 [00:00<?, ?it/s]
BP Epoch 17/100:   4%|â–         | 17/421 [00:00<00:02, 160.39it/s]
BP Epoch 17/100:  10%|â–‰         | 41/421 [00:00<00:01, 193.05it/s]
BP Epoch 17/100:  15%|â–ˆâ–Œ        | 65/421 [00:00<00:01, 204.10it/s]
BP Epoch 17/100:  21%|â–ˆâ–ˆ        | 88/421 [00:00<00:01, 211.66it/s]
BP Epoch 17/100:  21%|â–ˆâ–ˆ        | 88/421 [00:00<00:01, 211.66it/s, acc=97.66%, loss=0.0572]
BP Epoch 17/100:  26%|â–ˆâ–ˆâ–Œ       | 110/421 [00:00<00:01, 211.48it/s, acc=97.66%, loss=0.0572]
BP Epoch 17/100:  31%|â–ˆâ–ˆâ–ˆâ–      | 132/421 [00:00<00:01, 211.42it/s, acc=97.66%, loss=0.0572]
BP Epoch 17/100:  37%|â–ˆâ–ˆâ–ˆâ–‹      | 154/421 [00:00<00:01, 212.96it/s, acc=97.66%, loss=0.0572]
BP Epoch 17/100:  42%|â–ˆâ–ˆâ–ˆâ–ˆâ–     | 176/421 [00:00<00:01, 211.47it/s, acc=97.66%, loss=0.0572]
BP Epoch 17/100:  47%|â–ˆâ–ˆâ–ˆâ–ˆâ–‹     | 199/421 [00:00<00:01, 211.49it/s, acc=97.66%, loss=0.0572]
BP Epoch 17/100:  47%|â–ˆâ–ˆâ–ˆâ–ˆâ–‹     | 199/421 [00:00<00:01, 211.49it/s, acc=98.44%, loss=0.0513]
BP Epoch 17/100:  52%|â–ˆâ–ˆâ–ˆâ–ˆâ–ˆâ–    | 221/421 [00:01<00:00, 212.61it/s, acc=98.44%, loss=0.0513]
BP Epoch 17/100:  58%|â–ˆâ–ˆâ–ˆâ–ˆâ–ˆâ–Š    | 243/421 [00:01<00:00, 210.73it/s, acc=98.44%, loss=0.0513]
BP Epoch 17/100:  63%|â–ˆâ–ˆâ–ˆâ–ˆâ–ˆâ–ˆâ–Ž   | 265/421 [00:01<00:00, 212.31it/s, acc=98.44%, loss=0.0513]
BP Epoch 17/100:  68%|â–ˆâ–ˆâ–ˆâ–ˆâ–ˆâ–ˆâ–Š   | 287/421 [00:01<00:00, 209.93it/s, acc=98.44%, loss=0.0513]
BP Epoch 17/100:  68%|â–ˆâ–ˆâ–ˆâ–ˆâ–ˆâ–ˆâ–Š   | 287/421 [00:01<00:00, 209.93it/s, acc=94.53%, loss=0.1365]
BP Epoch 17/100:  73%|â–ˆâ–ˆâ–ˆâ–ˆâ–ˆâ–ˆâ–ˆâ–Ž  | 309/421 [00:01<00:00, 212.51it/s, acc=94.53%, loss=0.1365]
BP Epoch 17/100:  79%|â–ˆâ–ˆâ–ˆâ–ˆâ–ˆâ–ˆâ–ˆâ–Š  | 331/421 [00:01<00:00, 209.27it/s, acc=94.53%, loss=0.1365]
BP Epoch 17/100:  84%|â–ˆâ–ˆâ–ˆâ–ˆâ–ˆâ–ˆâ–ˆâ–ˆâ– | 354/421 [00:01<00:00, 214.70it/s, acc=94.53%, loss=0.1365]
BP Epoch 17/100:  89%|â–ˆâ–ˆâ–ˆâ–ˆâ–ˆâ–ˆâ–ˆâ–ˆâ–‰ | 376/421 [00:01<00:00, 209.59it/s, acc=94.53%, loss=0.1365]
BP Epoch 17/100:  95%|â–ˆâ–ˆâ–ˆâ–ˆâ–ˆâ–ˆâ–ˆâ–ˆâ–ˆâ–| 399/421 [00:01<00:00, 208.92it/s, acc=94.53%, loss=0.1365]
BP Epoch 17/100:  95%|â–ˆâ–ˆâ–ˆâ–ˆâ–ˆâ–ˆâ–ˆâ–ˆâ–ˆâ–| 399/421 [00:01<00:00, 208.92it/s, acc=94.53%, loss=0.1305]
BP Epoch 17/100:  95%|â–ˆâ–ˆâ–ˆâ–ˆâ–ˆâ–ˆâ–ˆâ–ˆâ–ˆâ–| 399/421 [00:02<00:00, 208.92it/s, acc=96.88%, loss=0.1158]
BP Epoch 17/100: 100%|â–ˆâ–ˆâ–ˆâ–ˆâ–ˆâ–ˆâ–ˆâ–ˆâ–ˆâ–ˆ| 421/421 [00:02<00:00, 211.70it/s, acc=96.88%, loss=0.1158]
                                                                                            

Evaluating BP Model:   0%|          | 0/24 [00:00<?, ?it/s]
Evaluating BP Model:  38%|â–ˆâ–ˆâ–ˆâ–Š      | 9/24 [00:00<00:00, 78.84it/s]
Evaluating BP Model:  88%|â–ˆâ–ˆâ–ˆâ–ˆâ–ˆâ–ˆâ–ˆâ–ˆâ–Š | 21/24 [00:00<00:00, 97.51it/s]
                                                                    

BP Epoch 18/100:   0%|          | 0/421 [00:00<?, ?it/s]
BP Epoch 18/100:   4%|â–         | 17/421 [00:00<00:02, 159.85it/s]
BP Epoch 18/100:  10%|â–‰         | 41/421 [00:00<00:01, 192.97it/s]
BP Epoch 18/100:  15%|â–ˆâ–Œ        | 65/421 [00:00<00:01, 202.01it/s]
BP Epoch 18/100:  21%|â–ˆâ–ˆ        | 89/421 [00:00<00:01, 206.67it/s]
BP Epoch 18/100:  21%|â–ˆâ–ˆ        | 89/421 [00:00<00:01, 206.67it/s, acc=98.44%, loss=0.0622]
BP Epoch 18/100:  27%|â–ˆâ–ˆâ–‹       | 112/421 [00:00<00:01, 214.25it/s, acc=98.44%, loss=0.0622]
BP Epoch 18/100:  32%|â–ˆâ–ˆâ–ˆâ–      | 134/421 [00:00<00:01, 210.21it/s, acc=98.44%, loss=0.0622]
BP Epoch 18/100:  37%|â–ˆâ–ˆâ–ˆâ–‹      | 156/421 [00:00<00:01, 212.85it/s, acc=98.44%, loss=0.0622]
BP Epoch 18/100:  42%|â–ˆâ–ˆâ–ˆâ–ˆâ–     | 178/421 [00:00<00:01, 211.33it/s, acc=98.44%, loss=0.0622]
BP Epoch 18/100:  42%|â–ˆâ–ˆâ–ˆâ–ˆâ–     | 178/421 [00:00<00:01, 211.33it/s, acc=99.22%, loss=0.0744]
BP Epoch 18/100:  48%|â–ˆâ–ˆâ–ˆâ–ˆâ–Š     | 200/421 [00:00<00:01, 209.67it/s, acc=99.22%, loss=0.0744]
BP Epoch 18/100:  53%|â–ˆâ–ˆâ–ˆâ–ˆâ–ˆâ–Ž    | 223/421 [00:01<00:00, 211.63it/s, acc=99.22%, loss=0.0744]
BP Epoch 18/100:  58%|â–ˆâ–ˆâ–ˆâ–ˆâ–ˆâ–Š    | 245/421 [00:01<00:00, 210.84it/s, acc=99.22%, loss=0.0744]
BP Epoch 18/100:  63%|â–ˆâ–ˆâ–ˆâ–ˆâ–ˆâ–ˆâ–Ž   | 267/421 [00:01<00:00, 211.36it/s, acc=99.22%, loss=0.0744]
BP Epoch 18/100:  69%|â–ˆâ–ˆâ–ˆâ–ˆâ–ˆâ–ˆâ–Š   | 289/421 [00:01<00:00, 211.96it/s, acc=99.22%, loss=0.0744]
BP Epoch 18/100:  69%|â–ˆâ–ˆâ–ˆâ–ˆâ–ˆâ–ˆâ–Š   | 289/421 [00:01<00:00, 211.96it/s, acc=98.44%, loss=0.0725]
BP Epoch 18/100:  74%|â–ˆâ–ˆâ–ˆâ–ˆâ–ˆâ–ˆâ–ˆâ–  | 311/421 [00:01<00:00, 210.99it/s, acc=98.44%, loss=0.0725]
BP Epoch 18/100:  79%|â–ˆâ–ˆâ–ˆâ–ˆâ–ˆâ–ˆâ–ˆâ–‰  | 333/421 [00:01<00:00, 211.51it/s, acc=98.44%, loss=0.0725]
BP Epoch 18/100:  84%|â–ˆâ–ˆâ–ˆâ–ˆâ–ˆâ–ˆâ–ˆâ–ˆâ– | 355/421 [00:01<00:00, 210.75it/s, acc=98.44%, loss=0.0725]
BP Epoch 18/100:  90%|â–ˆâ–ˆâ–ˆâ–ˆâ–ˆâ–ˆâ–ˆâ–ˆâ–‰ | 377/421 [00:01<00:00, 211.74it/s, acc=98.44%, loss=0.0725]
BP Epoch 18/100:  95%|â–ˆâ–ˆâ–ˆâ–ˆâ–ˆâ–ˆâ–ˆâ–ˆâ–ˆâ–| 399/421 [00:01<00:00, 210.95it/s, acc=98.44%, loss=0.0725]
BP Epoch 18/100:  95%|â–ˆâ–ˆâ–ˆâ–ˆâ–ˆâ–ˆâ–ˆâ–ˆâ–ˆâ–| 399/421 [00:01<00:00, 210.95it/s, acc=98.44%, loss=0.0432]
BP Epoch 18/100:  95%|â–ˆâ–ˆâ–ˆâ–ˆâ–ˆâ–ˆâ–ˆâ–ˆâ–ˆâ–| 399/421 [00:02<00:00, 210.95it/s, acc=97.66%, loss=0.0759]
BP Epoch 18/100: 100%|â–ˆâ–ˆâ–ˆâ–ˆâ–ˆâ–ˆâ–ˆâ–ˆâ–ˆâ–ˆ| 421/421 [00:02<00:00, 205.27it/s, acc=97.66%, loss=0.0759]
                                                                                            

Evaluating BP Model:   0%|          | 0/24 [00:00<?, ?it/s]
Evaluating BP Model:  38%|â–ˆâ–ˆâ–ˆâ–Š      | 9/24 [00:00<00:00, 80.53it/s]
Evaluating BP Model:  88%|â–ˆâ–ˆâ–ˆâ–ˆâ–ˆâ–ˆâ–ˆâ–ˆâ–Š | 21/24 [00:00<00:00, 98.51it/s]
                                                                    

Evaluating BP Model:   0%|          | 0/40 [00:00<?, ?it/s]
Evaluating BP Model:   2%|â–Ž         | 1/40 [00:00<00:04,  8.68it/s]
Evaluating BP Model:  32%|â–ˆâ–ˆâ–ˆâ–Ž      | 13/40 [00:00<00:00, 67.77it/s]
Evaluating BP Model:  62%|â–ˆâ–ˆâ–ˆâ–ˆâ–ˆâ–ˆâ–Ž   | 25/40 [00:00<00:00, 86.72it/s]
Evaluating BP Model:  92%|â–ˆâ–ˆâ–ˆâ–ˆâ–ˆâ–ˆâ–ˆâ–ˆâ–ˆâ–Ž| 37/40 [00:00<00:00, 95.96it/s]
                                                                    
[codecarbon INFO @ 04:14:54] Energy consumed for RAM : 0.000441 kWh. RAM Power : 38.0 W
[codecarbon INFO @ 04:14:54] Delta energy consumed for CPU with cpu_load : 0.000188 kWh, power : 57.66428571428571 W
[codecarbon INFO @ 04:14:54] Energy consumed for All CPU : 0.000614 kWh
[codecarbon INFO @ 04:14:54] Energy consumed for all GPUs : 0.000746 kWh. Total GPU Power : 62.86150305813086 W
[codecarbon INFO @ 04:14:54] 0.001801 kWh of electricity used since the beginning.
wandb: uploading history steps 76-108, summary, console lines 689-987
wandb:                                                                                
wandb: 
wandb: Run history:
wandb:                  BP_Baseline/Epoch â–â–â–‚â–‚â–ƒâ–ƒâ–„â–„â–…â–…â–…â–†â–†â–‡â–‡â–ˆâ–ˆ
wandb:     BP_Baseline/Epoch_Duration_Sec â–ˆâ–‚â–ƒâ–ƒâ–„â–…â–ƒâ–‚â–â–‚â–â–‚â–ƒâ–‚â–‚â–ƒâ–‚
wandb: BP_Baseline/GPU_Mem_Used_MiB_Batch â–â–â–ˆâ–ˆâ–ˆâ–ˆâ–ˆâ–ˆâ–ˆâ–ˆâ–ˆâ–ˆâ–ˆâ–ˆâ–ˆâ–ˆâ–ˆâ–ˆâ–ˆâ–ˆâ–ˆâ–ˆâ–ˆâ–ˆâ–ˆâ–ˆâ–ˆâ–ˆâ–ˆâ–ˆâ–ˆâ–ˆâ–ˆâ–ˆâ–ˆâ–ˆâ–ˆâ–ˆâ–ˆâ–ˆ
wandb:          BP_Baseline/Learning_Rate â–â–â–â–â–â–â–â–â–â–â–â–â–â–â–â–â–
wandb: BP_Baseline/Peak_GPU_Mem_Epoch_MiB â–â–ˆâ–ˆâ–ˆâ–ˆâ–ˆâ–ˆâ–ˆâ–ˆâ–ˆâ–ˆâ–ˆâ–ˆâ–ˆâ–ˆâ–ˆâ–ˆ
wandb:        BP_Baseline/Train_Acc_Batch â–‚â–‚â–„â–‚â–„â–â–…â–ƒâ–…â–†â–…â–ƒâ–…â–†â–ƒâ–…â–…â–…â–„â–†â–‡â–†â–†â–†â–ˆâ–†â–‡â–†â–ˆâ–‡â–‡â–†â–‡â–‡â–ˆâ–†â–‡â–ˆâ–ˆâ–ˆ
wandb:        BP_Baseline/Train_Acc_Epoch â–â–ƒâ–„â–…â–…â–…â–†â–†â–†â–‡â–‡â–‡â–‡â–ˆâ–ˆâ–ˆâ–ˆ
wandb:       BP_Baseline/Train_Loss_Batch â–ˆâ–‡â–‡â–†â–‡â–…â–„â–„â–…â–…â–…â–†â–ƒâ–„â–„â–…â–…â–ƒâ–ƒâ–ƒâ–…â–ƒâ–ƒâ–…â–ƒâ–‚â–ƒâ–‚â–ƒâ–ƒâ–‚â–‚â–ƒâ–â–‚â–â–ƒâ–ƒâ–‚â–
wandb:       BP_Baseline/Train_Loss_Epoch â–ˆâ–†â–…â–„â–„â–ƒâ–ƒâ–ƒâ–‚â–‚â–‚â–‚â–‚â–â–â–â–
wandb:          BP_Baseline/Val_Acc_Epoch â–â–ƒâ–„â–…â–…â–…â–†â–ˆâ–†â–‡â–‡â–‡â–ˆâ–‡â–‡â–†â–‡
wandb:         BP_Baseline/Val_Loss_Epoch â–ˆâ–†â–„â–ƒâ–ƒâ–‚â–‚â–â–ƒâ–‚â–ƒâ–‚â–‚â–„â–…â–‡â–…
wandb:         estimated_bp_update_gflops â–
wandb:               estimated_fwd_gflops â–
wandb:                final/Test_Accuracy â–
wandb:                    final/Test_Loss â–
wandb:   final/codecarbon_emissions_gCO2e â–
wandb:   final/estimated_bp_update_gflops â–
wandb:         final/estimated_fwd_gflops â–
wandb:        final/peak_gpu_mem_used_mib â–
wandb:      final/total_gpu_energy_joules â–
wandb:          final/total_gpu_energy_wh â–
wandb:       final/total_run_duration_sec â–
wandb:        final/training_duration_sec â–
wandb:                        global_step â–â–â–â–â–‚â–‚â–‚â–‚â–ƒâ–ƒâ–ƒâ–ƒâ–ƒâ–ƒâ–„â–„â–„â–„â–…â–…â–…â–…â–…â–…â–…â–†â–†â–†â–†â–†â–‡â–‡â–‡â–‡â–‡â–‡â–ˆâ–ˆâ–ˆâ–ˆ
wandb:           initial_gpu_mem_used_mib â–
wandb:             model_parameters_total â–
wandb:         model_parameters_trainable â–
wandb: 
wandb: Run summary:
wandb:                  BP_Baseline/Epoch 17
wandb:     BP_Baseline/Epoch_Duration_Sec 2.26421
wandb: BP_Baseline/GPU_Mem_Used_MiB_Batch 926
wandb:          BP_Baseline/Learning_Rate 0.00021
wandb: BP_Baseline/Peak_GPU_Mem_Epoch_MiB 926
wandb:        BP_Baseline/Train_Acc_Batch 97.65625
wandb:        BP_Baseline/Train_Acc_Epoch 97.19789
wandb:       BP_Baseline/Train_Loss_Batch 0.07593
wandb:       BP_Baseline/Train_Loss_Epoch 0.078
wandb:          BP_Baseline/Val_Acc_Epoch 90.76667
wandb:         BP_Baseline/Val_Loss_Epoch 0.32649
wandb:             codecarbon_country_iso POL
wandb:                 codecarbon_enabled True
wandb:                    codecarbon_mode offline
wandb:         estimated_bp_update_gflops 0.01076
wandb:               estimated_fwd_gflops 0.00359
wandb:                final/Test_Accuracy 89.29
wandb:                    final/Test_Loss 0.34237
wandb:   final/codecarbon_emissions_gCO2e 1.19227
wandb:   final/estimated_bp_update_gflops 0.01076
wandb:         final/estimated_fwd_gflops 0.00359
wandb:        final/peak_gpu_mem_used_mib 926
wandb:      final/total_gpu_energy_joules 2598.35626
wandb:          final/total_gpu_energy_wh 0.72177
wandb:       final/total_run_duration_sec 44.28918
wandb:        final/training_duration_sec 41.26128
wandb:           initial_gpu_mem_used_mib 336.625
wandb:             model_parameters_total 1823850
wandb:         model_parameters_trainable 1823850
wandb: 
wandb: ðŸš€ View run bp_baseline_fashion_mnist_mlp_2x1000 at: https://wandb.ai/przspyra11/BeyondBackpropagation/runs/x51yy2un
wandb: â­ï¸ View project at: https://wandb.ai/przspyra11/BeyondBackpropagation
wandb: Synced 5 W&B file(s), 0 media file(s), 0 artifact file(s) and 0 other file(s)
wandb: Find logs at: ./wandb/run-20250508_041410-x51yy2un/logs
