 binutils/2.38 loaded.
 bzip2/1.0.8 loaded.
 zlib/1.2.12 loaded.
 ncurses/6.3 loaded.
 libreadline/8.1.2 loaded.
 Tcl/8.6.12 loaded.
 SQLite/3.38.3 loaded.
 XZ/5.2.5 loaded.
 GMP/6.2.1 loaded.
 libffi/3.4.2 loaded.
 OpenSSL/1.1 loaded.
 Python/3.10.4 loaded.
 CUDA/12.4.0 loaded.

Currently Loaded Modules:
  1) binutils/2.38   5) libreadline/8.1.2   9) GMP/6.2.1      13) CUDA/12.4.0
  2) bzip2/1.0.8     6) Tcl/8.6.12         10) libffi/3.4.2
  3) zlib/1.2.12     7) SQLite/3.38.3      11) OpenSSL/1.1
  4) ncurses/6.3     8) XZ/5.2.5           12) Python/3.10.4

 

2025-05-08 04:11:16,262 - src.utils.config_parser - INFO - Successfully merged configuration from configs/mf/cifar100_mlp_3x2000.yaml and configs/base.yaml
wandb: Using wandb-core as the SDK backend.  Please refer to https://wandb.me/wandb-core for more information.
wandb: Currently logged in as: przspyra11 (agh_racing) to https://api.wandb.ai. Use `wandb login --relogin` to force relogin
wandb: Tracking run with wandb version 0.19.8
wandb: Run data is saved locally in /net/tscratch/people/plgspyra/BeyondBackpropagation/wandb/run-20250508_041117-wxf7je5h
wandb: Run `wandb offline` to turn off syncing.
wandb: Syncing run mf_cifar100_mlp_3x2000
wandb: â­ï¸ View project at https://wandb.ai/przspyra11/BeyondBackpropagation
wandb: ðŸš€ View run at https://wandb.ai/przspyra11/BeyondBackpropagation/runs/wxf7je5h
[codecarbon INFO @ 04:11:17] offline tracker init
[codecarbon INFO @ 04:11:17] [setup] RAM Tracking...
[codecarbon INFO @ 04:11:17] [setup] CPU Tracking...
 Linux OS detected: Please ensure RAPL files exist at /sys/class/powercap/intel-rapl/subsystem to measure CPU

[codecarbon INFO @ 04:11:18] CPU Model on constant consumption mode: AMD EPYC 7742 64-Core Processor
[codecarbon INFO @ 04:11:18] [setup] GPU Tracking...
[codecarbon INFO @ 04:11:18] Tracking Nvidia GPU via pynvml
[codecarbon INFO @ 04:11:18] The below tracking methods have been set up:
                RAM Tracking Method: RAM power estimation model
                CPU Tracking Method: cpu_load
                GPU Tracking Method: pynvml
            
[codecarbon INFO @ 04:11:18] >>> Tracker's metadata:
[codecarbon INFO @ 04:11:18]   Platform system: Linux-5.14.0-503.26.1.el9_5.x86_64-x86_64-with-glibc2.34
[codecarbon INFO @ 04:11:18]   Python version: 3.10.4
[codecarbon INFO @ 04:11:18]   CodeCarbon version: 3.0.1
[codecarbon INFO @ 04:11:18]   Available RAM : 125.000 GB
[codecarbon INFO @ 04:11:18]   CPU count: 16 thread(s) in 2 physical CPU(s)
[codecarbon INFO @ 04:11:18]   CPU model: AMD EPYC 7742 64-Core Processor
[codecarbon INFO @ 04:11:18]   GPU count: 1
[codecarbon INFO @ 04:11:18]   GPU model: 1 x NVIDIA A100-SXM4-40GB BUT only tracking these GPU ids : [0]
[codecarbon INFO @ 04:11:18] Emissions data (if any) will be saved to file /net/tscratch/people/plgspyra/BeyondBackpropagation/results/carbon/mf_cifar100_mlp_3x2000_carbon.csv

Layer_W1_M1 Epoch 1/8:   0%|          | 0/351 [00:00<?, ?it/s]
Layer_W1_M1 Epoch 1/8:   0%|          | 1/351 [00:00<01:16,  4.59it/s]
Layer_W1_M1 Epoch 1/8:   4%|â–         | 14/351 [00:00<00:06, 54.09it/s]
Layer_W1_M1 Epoch 1/8:   7%|â–‹         | 23/351 [00:00<00:04, 66.00it/s]
Layer_W1_M1 Epoch 1/8:  10%|â–‰         | 34/351 [00:00<00:04, 72.19it/s]
Layer_W1_M1 Epoch 1/8:  12%|â–ˆâ–        | 43/351 [00:00<00:04, 76.77it/s]
Layer_W1_M1 Epoch 1/8:  15%|â–ˆâ–Œ        | 53/351 [00:00<00:03, 83.49it/s]
Layer_W1_M1 Epoch 1/8:  18%|â–ˆâ–Š        | 62/351 [00:00<00:03, 78.15it/s]
Layer_W1_M1 Epoch 1/8:  20%|â–ˆâ–ˆ        | 71/351 [00:01<00:03, 79.88it/s]
Layer_W1_M1 Epoch 1/8:  23%|â–ˆâ–ˆâ–Ž       | 81/351 [00:01<00:03, 85.26it/s]
Layer_W1_M1 Epoch 1/8:  26%|â–ˆâ–ˆâ–Œ       | 90/351 [00:01<00:03, 80.02it/s]
Layer_W1_M1 Epoch 1/8:  28%|â–ˆâ–ˆâ–Š       | 99/351 [00:01<00:03, 80.41it/s]
Layer_W1_M1 Epoch 1/8:  31%|â–ˆâ–ˆâ–ˆ       | 109/351 [00:01<00:02, 85.61it/s]
Layer_W1_M1 Epoch 1/8:  34%|â–ˆâ–ˆâ–ˆâ–Ž      | 118/351 [00:01<00:02, 81.08it/s]
Layer_W1_M1 Epoch 1/8:  36%|â–ˆâ–ˆâ–ˆâ–Œ      | 127/351 [00:01<00:02, 80.62it/s]
Layer_W1_M1 Epoch 1/8:  39%|â–ˆâ–ˆâ–ˆâ–‰      | 137/351 [00:01<00:02, 85.62it/s]
Layer_W1_M1 Epoch 1/8:  42%|â–ˆâ–ˆâ–ˆâ–ˆâ–     | 146/351 [00:01<00:02, 81.68it/s]
Layer_W1_M1 Epoch 1/8:  44%|â–ˆâ–ˆâ–ˆâ–ˆâ–     | 155/351 [00:02<00:02, 80.42it/s]
Layer_W1_M1 Epoch 1/8:  47%|â–ˆâ–ˆâ–ˆâ–ˆâ–‹     | 165/351 [00:02<00:02, 85.51it/s]
Layer_W1_M1 Epoch 1/8:  50%|â–ˆâ–ˆâ–ˆâ–ˆâ–‰     | 174/351 [00:02<00:02, 82.17it/s]
Layer_W1_M1 Epoch 1/8:  52%|â–ˆâ–ˆâ–ˆâ–ˆâ–ˆâ–    | 183/351 [00:02<00:02, 80.22it/s]
Layer_W1_M1 Epoch 1/8:  55%|â–ˆâ–ˆâ–ˆâ–ˆâ–ˆâ–    | 193/351 [00:02<00:01, 85.27it/s]
Layer_W1_M1 Epoch 1/8:  58%|â–ˆâ–ˆâ–ˆâ–ˆâ–ˆâ–Š    | 202/351 [00:02<00:01, 82.87it/s]
Layer_W1_M1 Epoch 1/8:  60%|â–ˆâ–ˆâ–ˆâ–ˆâ–ˆâ–ˆ    | 211/351 [00:02<00:01, 79.45it/s]
Layer_W1_M1 Epoch 1/8:  63%|â–ˆâ–ˆâ–ˆâ–ˆâ–ˆâ–ˆâ–Ž   | 221/351 [00:02<00:01, 84.66it/s]
Layer_W1_M1 Epoch 1/8:  66%|â–ˆâ–ˆâ–ˆâ–ˆâ–ˆâ–ˆâ–Œ   | 230/351 [00:02<00:01, 83.75it/s]
Layer_W1_M1 Epoch 1/8:  68%|â–ˆâ–ˆâ–ˆâ–ˆâ–ˆâ–ˆâ–Š   | 239/351 [00:03<00:01, 79.09it/s]
Layer_W1_M1 Epoch 1/8:  71%|â–ˆâ–ˆâ–ˆâ–ˆâ–ˆâ–ˆâ–ˆ   | 249/351 [00:03<00:01, 84.28it/s]
Layer_W1_M1 Epoch 1/8:  74%|â–ˆâ–ˆâ–ˆâ–ˆâ–ˆâ–ˆâ–ˆâ–Ž  | 258/351 [00:03<00:01, 84.24it/s]
Layer_W1_M1 Epoch 1/8:  76%|â–ˆâ–ˆâ–ˆâ–ˆâ–ˆâ–ˆâ–ˆâ–Œ  | 267/351 [00:03<00:01, 78.77it/s]
Layer_W1_M1 Epoch 1/8:  79%|â–ˆâ–ˆâ–ˆâ–ˆâ–ˆâ–ˆâ–ˆâ–‰  | 277/351 [00:03<00:00, 84.27it/s]
Layer_W1_M1 Epoch 1/8:  81%|â–ˆâ–ˆâ–ˆâ–ˆâ–ˆâ–ˆâ–ˆâ–ˆâ– | 286/351 [00:03<00:00, 85.19it/s]
Layer_W1_M1 Epoch 1/8:  84%|â–ˆâ–ˆâ–ˆâ–ˆâ–ˆâ–ˆâ–ˆâ–ˆâ– | 295/351 [00:03<00:00, 78.55it/s]
Layer_W1_M1 Epoch 1/8:  87%|â–ˆâ–ˆâ–ˆâ–ˆâ–ˆâ–ˆâ–ˆâ–ˆâ–‹ | 305/351 [00:03<00:00, 83.98it/s]
Layer_W1_M1 Epoch 1/8:  90%|â–ˆâ–ˆâ–ˆâ–ˆâ–ˆâ–ˆâ–ˆâ–ˆâ–‰ | 315/351 [00:03<00:00, 79.33it/s]
Layer_W1_M1 Epoch 1/8:  93%|â–ˆâ–ˆâ–ˆâ–ˆâ–ˆâ–ˆâ–ˆâ–ˆâ–ˆâ–Ž| 325/351 [00:04<00:00, 84.43it/s]
Layer_W1_M1 Epoch 1/8:  95%|â–ˆâ–ˆâ–ˆâ–ˆâ–ˆâ–ˆâ–ˆâ–ˆâ–ˆâ–Œ| 335/351 [00:04<00:00, 79.54it/s]
Layer_W1_M1 Epoch 1/8:  98%|â–ˆâ–ˆâ–ˆâ–ˆâ–ˆâ–ˆâ–ˆâ–ˆâ–ˆâ–Š| 344/351 [00:04<00:00, 79.04it/s]
Layer_W1_M1 Epoch 1/8:  98%|â–ˆâ–ˆâ–ˆâ–ˆâ–ˆâ–ˆâ–ˆâ–ˆâ–ˆâ–Š| 344/351 [00:04<00:00, 79.04it/s, loss=3.706653]
                                                                                       

Layer_W1_M1 Epoch 2/8:   0%|          | 0/351 [00:00<?, ?it/s]
Layer_W1_M1 Epoch 2/8:   1%|â–         | 5/351 [00:00<00:07, 44.10it/s]
Layer_W1_M1 Epoch 2/8:   4%|â–         | 14/351 [00:00<00:04, 69.55it/s]
Layer_W1_M1 Epoch 2/8:   7%|â–‹         | 24/351 [00:00<00:03, 82.81it/s]
Layer_W1_M1 Epoch 2/8:   9%|â–‰         | 33/351 [00:00<00:04, 74.59it/s]
Layer_W1_M1 Epoch 2/8:  12%|â–ˆâ–        | 42/351 [00:00<00:03, 79.36it/s]
Layer_W1_M1 Epoch 2/8:  15%|â–ˆâ–        | 52/351 [00:00<00:03, 85.85it/s]
Layer_W1_M1 Epoch 2/8:  17%|â–ˆâ–‹        | 61/351 [00:00<00:03, 77.93it/s]
Layer_W1_M1 Epoch 2/8:  20%|â–ˆâ–ˆ        | 71/351 [00:00<00:03, 83.79it/s]
Layer_W1_M1 Epoch 2/8:  23%|â–ˆâ–ˆâ–Ž       | 81/351 [00:01<00:03, 78.94it/s]
Layer_W1_M1 Epoch 2/8:  26%|â–ˆâ–ˆâ–Œ       | 90/351 [00:01<00:03, 81.87it/s]
Layer_W1_M1 Epoch 2/8:  28%|â–ˆâ–ˆâ–Š       | 100/351 [00:01<00:02, 86.42it/s]
Layer_W1_M1 Epoch 2/8:  31%|â–ˆâ–ˆâ–ˆ       | 109/351 [00:01<00:03, 78.50it/s]
Layer_W1_M1 Epoch 2/8:  34%|â–ˆâ–ˆâ–ˆâ–      | 119/351 [00:01<00:02, 84.01it/s]
Layer_W1_M1 Epoch 2/8:  37%|â–ˆâ–ˆâ–ˆâ–‹      | 129/351 [00:01<00:02, 79.36it/s]
Layer_W1_M1 Epoch 2/8:  40%|â–ˆâ–ˆâ–ˆâ–‰      | 139/351 [00:01<00:02, 84.51it/s]
Layer_W1_M1 Epoch 2/8:  42%|â–ˆâ–ˆâ–ˆâ–ˆâ–     | 149/351 [00:01<00:02, 79.67it/s]
Layer_W1_M1 Epoch 2/8:  45%|â–ˆâ–ˆâ–ˆâ–ˆâ–Œ     | 159/351 [00:01<00:02, 84.60it/s]
Layer_W1_M1 Epoch 2/8:  48%|â–ˆâ–ˆâ–ˆâ–ˆâ–Š     | 169/351 [00:02<00:02, 79.77it/s]
Layer_W1_M1 Epoch 2/8:  51%|â–ˆâ–ˆâ–ˆâ–ˆâ–ˆ     | 179/351 [00:02<00:02, 84.63it/s]
Layer_W1_M1 Epoch 2/8:  54%|â–ˆâ–ˆâ–ˆâ–ˆâ–ˆâ–    | 189/351 [00:02<00:02, 79.79it/s]
Layer_W1_M1 Epoch 2/8:  57%|â–ˆâ–ˆâ–ˆâ–ˆâ–ˆâ–‹    | 199/351 [00:02<00:01, 84.67it/s]
Layer_W1_M1 Epoch 2/8:  60%|â–ˆâ–ˆâ–ˆâ–ˆâ–ˆâ–‰    | 209/351 [00:02<00:01, 79.75it/s]
Layer_W1_M1 Epoch 2/8:  62%|â–ˆâ–ˆâ–ˆâ–ˆâ–ˆâ–ˆâ–   | 219/351 [00:02<00:01, 84.69it/s]
Layer_W1_M1 Epoch 2/8:  65%|â–ˆâ–ˆâ–ˆâ–ˆâ–ˆâ–ˆâ–Œ   | 229/351 [00:02<00:01, 79.89it/s]
Layer_W1_M1 Epoch 2/8:  68%|â–ˆâ–ˆâ–ˆâ–ˆâ–ˆâ–ˆâ–Š   | 239/351 [00:02<00:01, 84.66it/s]
Layer_W1_M1 Epoch 2/8:  71%|â–ˆâ–ˆâ–ˆâ–ˆâ–ˆâ–ˆâ–ˆ   | 249/351 [00:03<00:01, 79.93it/s]
Layer_W1_M1 Epoch 2/8:  74%|â–ˆâ–ˆâ–ˆâ–ˆâ–ˆâ–ˆâ–ˆâ–  | 259/351 [00:03<00:01, 84.80it/s]
Layer_W1_M1 Epoch 2/8:  77%|â–ˆâ–ˆâ–ˆâ–ˆâ–ˆâ–ˆâ–ˆâ–‹  | 269/351 [00:03<00:01, 79.86it/s]
Layer_W1_M1 Epoch 2/8:  79%|â–ˆâ–ˆâ–ˆâ–ˆâ–ˆâ–ˆâ–ˆâ–‰  | 279/351 [00:03<00:00, 84.80it/s]
Layer_W1_M1 Epoch 2/8:  82%|â–ˆâ–ˆâ–ˆâ–ˆâ–ˆâ–ˆâ–ˆâ–ˆâ– | 289/351 [00:03<00:00, 79.87it/s]
Layer_W1_M1 Epoch 2/8:  85%|â–ˆâ–ˆâ–ˆâ–ˆâ–ˆâ–ˆâ–ˆâ–ˆâ–Œ | 299/351 [00:03<00:00, 84.79it/s]
Layer_W1_M1 Epoch 2/8:  88%|â–ˆâ–ˆâ–ˆâ–ˆâ–ˆâ–ˆâ–ˆâ–ˆâ–Š | 309/351 [00:03<00:00, 79.95it/s]
Layer_W1_M1 Epoch 2/8:  91%|â–ˆâ–ˆâ–ˆâ–ˆâ–ˆâ–ˆâ–ˆâ–ˆâ–ˆ | 319/351 [00:03<00:00, 84.83it/s]
Layer_W1_M1 Epoch 2/8:  94%|â–ˆâ–ˆâ–ˆâ–ˆâ–ˆâ–ˆâ–ˆâ–ˆâ–ˆâ–Ž| 329/351 [00:04<00:00, 79.94it/s]
Layer_W1_M1 Epoch 2/8:  97%|â–ˆâ–ˆâ–ˆâ–ˆâ–ˆâ–ˆâ–ˆâ–ˆâ–ˆâ–‹| 339/351 [00:04<00:00, 84.95it/s]
Layer_W1_M1 Epoch 2/8:  99%|â–ˆâ–ˆâ–ˆâ–ˆâ–ˆâ–ˆâ–ˆâ–ˆâ–ˆâ–‰| 349/351 [00:04<00:00, 80.23it/s]
Layer_W1_M1 Epoch 2/8:  99%|â–ˆâ–ˆâ–ˆâ–ˆâ–ˆâ–ˆâ–ˆâ–ˆâ–ˆâ–‰| 349/351 [00:04<00:00, 80.23it/s, loss=3.548337]
                                                                                       

Layer_W1_M1 Epoch 3/8:   0%|          | 0/351 [00:00<?, ?it/s]
Layer_W1_M1 Epoch 3/8:   1%|â–         | 5/351 [00:00<00:08, 43.17it/s]
Layer_W1_M1 Epoch 3/8:   4%|â–         | 15/351 [00:00<00:04, 74.34it/s]
Layer_W1_M1 Epoch 3/8:   7%|â–‹         | 25/351 [00:00<00:04, 72.42it/s]
Layer_W1_M1 Epoch 3/8:  10%|â–‰         | 35/351 [00:00<00:03, 81.83it/s]
Layer_W1_M1 Epoch 3/8:  13%|â–ˆâ–Ž        | 45/351 [00:00<00:03, 77.23it/s]
Layer_W1_M1 Epoch 3/8:  16%|â–ˆâ–Œ        | 55/351 [00:00<00:03, 83.69it/s]
Layer_W1_M1 Epoch 3/8:  19%|â–ˆâ–Š        | 65/351 [00:00<00:03, 78.75it/s]
Layer_W1_M1 Epoch 3/8:  21%|â–ˆâ–ˆâ–       | 75/351 [00:00<00:03, 84.20it/s]
Layer_W1_M1 Epoch 3/8:  24%|â–ˆâ–ˆâ–       | 85/351 [00:01<00:03, 79.22it/s]
Layer_W1_M1 Epoch 3/8:  27%|â–ˆâ–ˆâ–‹       | 94/351 [00:01<00:03, 82.04it/s]
Layer_W1_M1 Epoch 3/8:  30%|â–ˆâ–ˆâ–‰       | 104/351 [00:01<00:02, 86.55it/s]
Layer_W1_M1 Epoch 3/8:  32%|â–ˆâ–ˆâ–ˆâ–      | 113/351 [00:01<00:03, 78.79it/s]
Layer_W1_M1 Epoch 3/8:  35%|â–ˆâ–ˆâ–ˆâ–Œ      | 123/351 [00:01<00:02, 84.15it/s]
Layer_W1_M1 Epoch 3/8:  38%|â–ˆâ–ˆâ–ˆâ–Š      | 133/351 [00:01<00:02, 79.34it/s]
Layer_W1_M1 Epoch 3/8:  41%|â–ˆâ–ˆâ–ˆâ–ˆ      | 143/351 [00:01<00:02, 84.59it/s]
Layer_W1_M1 Epoch 3/8:  44%|â–ˆâ–ˆâ–ˆâ–ˆâ–Ž     | 153/351 [00:01<00:02, 79.85it/s]
Layer_W1_M1 Epoch 3/8:  46%|â–ˆâ–ˆâ–ˆâ–ˆâ–‹     | 163/351 [00:02<00:02, 84.73it/s]
Layer_W1_M1 Epoch 3/8:  49%|â–ˆâ–ˆâ–ˆâ–ˆâ–‰     | 173/351 [00:02<00:02, 80.08it/s]
Layer_W1_M1 Epoch 3/8:  52%|â–ˆâ–ˆâ–ˆâ–ˆâ–ˆâ–    | 183/351 [00:02<00:01, 84.92it/s]
Layer_W1_M1 Epoch 3/8:  55%|â–ˆâ–ˆâ–ˆâ–ˆâ–ˆâ–    | 193/351 [00:02<00:01, 80.10it/s]
Layer_W1_M1 Epoch 3/8:  58%|â–ˆâ–ˆâ–ˆâ–ˆâ–ˆâ–Š    | 203/351 [00:02<00:01, 84.98it/s]
Layer_W1_M1 Epoch 3/8:  61%|â–ˆâ–ˆâ–ˆâ–ˆâ–ˆâ–ˆ    | 213/351 [00:02<00:01, 79.93it/s]
Layer_W1_M1 Epoch 3/8:  64%|â–ˆâ–ˆâ–ˆâ–ˆâ–ˆâ–ˆâ–Ž   | 223/351 [00:02<00:01, 84.95it/s]
Layer_W1_M1 Epoch 3/8:  66%|â–ˆâ–ˆâ–ˆâ–ˆâ–ˆâ–ˆâ–‹   | 233/351 [00:02<00:01, 80.13it/s][codecarbon INFO @ 04:11:33] Energy consumed for RAM : 0.000164 kWh. RAM Power : 38.0 W

Layer_W1_M1 Epoch 3/8:  69%|â–ˆâ–ˆâ–ˆâ–ˆâ–ˆâ–ˆâ–‰   | 243/351 [00:02<00:01, 85.14it/s]
Layer_W1_M1 Epoch 3/8:  72%|â–ˆâ–ˆâ–ˆâ–ˆâ–ˆâ–ˆâ–ˆâ–  | 253/351 [00:03<00:01, 80.33it/s]
Layer_W1_M1 Epoch 3/8:  75%|â–ˆâ–ˆâ–ˆâ–ˆâ–ˆâ–ˆâ–ˆâ–  | 263/351 [00:03<00:01, 85.23it/s]
Layer_W1_M1 Epoch 3/8:  78%|â–ˆâ–ˆâ–ˆâ–ˆâ–ˆâ–ˆâ–ˆâ–Š  | 273/351 [00:03<00:00, 80.18it/s][codecarbon INFO @ 04:11:34] Delta energy consumed for CPU with cpu_load : 0.000312 kWh, power : 72.47999999999999 W
[codecarbon INFO @ 04:11:34] Energy consumed for All CPU : 0.000312 kWh
[codecarbon INFO @ 04:11:34] Energy consumed for all GPUs : 0.000278 kWh. Total GPU Power : 62.50756303673217 W
[codecarbon INFO @ 04:11:34] 0.000754 kWh of electricity used since the beginning.

Layer_W1_M1 Epoch 3/8:  81%|â–ˆâ–ˆâ–ˆâ–ˆâ–ˆâ–ˆâ–ˆâ–ˆ  | 283/351 [00:03<00:00, 85.02it/s]
Layer_W1_M1 Epoch 3/8:  83%|â–ˆâ–ˆâ–ˆâ–ˆâ–ˆâ–ˆâ–ˆâ–ˆâ–Ž | 293/351 [00:03<00:00, 79.98it/s]
Layer_W1_M1 Epoch 3/8:  86%|â–ˆâ–ˆâ–ˆâ–ˆâ–ˆâ–ˆâ–ˆâ–ˆâ–‹ | 303/351 [00:03<00:00, 84.96it/s]
Layer_W1_M1 Epoch 3/8:  89%|â–ˆâ–ˆâ–ˆâ–ˆâ–ˆâ–ˆâ–ˆâ–ˆâ–‰ | 313/351 [00:03<00:00, 80.01it/s]
Layer_W1_M1 Epoch 3/8:  92%|â–ˆâ–ˆâ–ˆâ–ˆâ–ˆâ–ˆâ–ˆâ–ˆâ–ˆâ–| 323/351 [00:03<00:00, 84.97it/s]
Layer_W1_M1 Epoch 3/8:  95%|â–ˆâ–ˆâ–ˆâ–ˆâ–ˆâ–ˆâ–ˆâ–ˆâ–ˆâ–| 333/351 [00:04<00:00, 80.22it/s]
Layer_W1_M1 Epoch 3/8:  98%|â–ˆâ–ˆâ–ˆâ–ˆâ–ˆâ–ˆâ–ˆâ–ˆâ–ˆâ–Š| 343/351 [00:04<00:00, 85.18it/s]
Layer_W1_M1 Epoch 3/8:  98%|â–ˆâ–ˆâ–ˆâ–ˆâ–ˆâ–ˆâ–ˆâ–ˆâ–ˆâ–Š| 343/351 [00:04<00:00, 85.18it/s, loss=3.326686]
                                                                                       

Layer_W1_M1 Epoch 4/8:   0%|          | 0/351 [00:00<?, ?it/s]
Layer_W1_M1 Epoch 4/8:   1%|â–         | 5/351 [00:00<00:08, 43.06it/s]
Layer_W1_M1 Epoch 4/8:   4%|â–         | 15/351 [00:00<00:04, 74.24it/s]
Layer_W1_M1 Epoch 4/8:   7%|â–‹         | 25/351 [00:00<00:04, 72.47it/s]
Layer_W1_M1 Epoch 4/8:  10%|â–‰         | 35/351 [00:00<00:03, 81.83it/s]
Layer_W1_M1 Epoch 4/8:  13%|â–ˆâ–Ž        | 45/351 [00:00<00:03, 77.18it/s]
Layer_W1_M1 Epoch 4/8:  16%|â–ˆâ–Œ        | 55/351 [00:00<00:03, 83.51it/s]
Layer_W1_M1 Epoch 4/8:  19%|â–ˆâ–Š        | 65/351 [00:00<00:03, 78.91it/s]
Layer_W1_M1 Epoch 4/8:  21%|â–ˆâ–ˆâ–       | 75/351 [00:00<00:03, 84.37it/s]
Layer_W1_M1 Epoch 4/8:  24%|â–ˆâ–ˆâ–       | 85/351 [00:01<00:03, 79.99it/s]
Layer_W1_M1 Epoch 4/8:  27%|â–ˆâ–ˆâ–‹       | 95/351 [00:01<00:03, 84.97it/s]
Layer_W1_M1 Epoch 4/8:  30%|â–ˆâ–ˆâ–‰       | 105/351 [00:01<00:03, 80.50it/s]
Layer_W1_M1 Epoch 4/8:  33%|â–ˆâ–ˆâ–ˆâ–Ž      | 115/351 [00:01<00:02, 85.22it/s]
Layer_W1_M1 Epoch 4/8:  36%|â–ˆâ–ˆâ–ˆâ–Œ      | 125/351 [00:01<00:02, 80.68it/s]
Layer_W1_M1 Epoch 4/8:  38%|â–ˆâ–ˆâ–ˆâ–Š      | 135/351 [00:01<00:02, 84.61it/s]
Layer_W1_M1 Epoch 4/8:  41%|â–ˆâ–ˆâ–ˆâ–ˆâ–     | 145/351 [00:01<00:02, 81.08it/s]
Layer_W1_M1 Epoch 4/8:  44%|â–ˆâ–ˆâ–ˆâ–ˆâ–     | 155/351 [00:01<00:02, 84.10it/s]
Layer_W1_M1 Epoch 4/8:  47%|â–ˆâ–ˆâ–ˆâ–ˆâ–‹     | 165/351 [00:02<00:02, 81.63it/s]
Layer_W1_M1 Epoch 4/8:  50%|â–ˆâ–ˆâ–ˆâ–ˆâ–‰     | 175/351 [00:02<00:02, 83.77it/s]
Layer_W1_M1 Epoch 4/8:  53%|â–ˆâ–ˆâ–ˆâ–ˆâ–ˆâ–Ž    | 185/351 [00:02<00:02, 81.96it/s]
Layer_W1_M1 Epoch 4/8:  56%|â–ˆâ–ˆâ–ˆâ–ˆâ–ˆâ–Œ    | 195/351 [00:02<00:01, 82.68it/s]
Layer_W1_M1 Epoch 4/8:  58%|â–ˆâ–ˆâ–ˆâ–ˆâ–ˆâ–Š    | 205/351 [00:02<00:01, 82.51it/s]
Layer_W1_M1 Epoch 4/8:  61%|â–ˆâ–ˆâ–ˆâ–ˆâ–ˆâ–ˆâ–   | 215/351 [00:02<00:01, 82.54it/s]
Layer_W1_M1 Epoch 4/8:  64%|â–ˆâ–ˆâ–ˆâ–ˆâ–ˆâ–ˆâ–   | 225/351 [00:02<00:01, 82.93it/s]
Layer_W1_M1 Epoch 4/8:  67%|â–ˆâ–ˆâ–ˆâ–ˆâ–ˆâ–ˆâ–‹   | 235/351 [00:02<00:01, 82.42it/s]
Layer_W1_M1 Epoch 4/8:  70%|â–ˆâ–ˆâ–ˆâ–ˆâ–ˆâ–ˆâ–‰   | 245/351 [00:03<00:01, 83.09it/s]
Layer_W1_M1 Epoch 4/8:  72%|â–ˆâ–ˆâ–ˆâ–ˆâ–ˆâ–ˆâ–ˆâ–  | 254/351 [00:03<00:01, 84.85it/s]
Layer_W1_M1 Epoch 4/8:  75%|â–ˆâ–ˆâ–ˆâ–ˆâ–ˆâ–ˆâ–ˆâ–  | 263/351 [00:03<00:01, 81.72it/s]
Layer_W1_M1 Epoch 4/8:  78%|â–ˆâ–ˆâ–ˆâ–ˆâ–ˆâ–ˆâ–ˆâ–Š  | 273/351 [00:03<00:00, 82.72it/s]
Layer_W1_M1 Epoch 4/8:  80%|â–ˆâ–ˆâ–ˆâ–ˆâ–ˆâ–ˆâ–ˆâ–ˆ  | 282/351 [00:03<00:00, 84.32it/s]
Layer_W1_M1 Epoch 4/8:  83%|â–ˆâ–ˆâ–ˆâ–ˆâ–ˆâ–ˆâ–ˆâ–ˆâ–Ž | 291/351 [00:03<00:00, 81.23it/s]
Layer_W1_M1 Epoch 4/8:  86%|â–ˆâ–ˆâ–ˆâ–ˆâ–ˆâ–ˆâ–ˆâ–ˆâ–Œ | 301/351 [00:03<00:00, 83.38it/s]
Layer_W1_M1 Epoch 4/8:  88%|â–ˆâ–ˆâ–ˆâ–ˆâ–ˆâ–ˆâ–ˆâ–ˆâ–Š | 310/351 [00:03<00:00, 83.85it/s]
Layer_W1_M1 Epoch 4/8:  91%|â–ˆâ–ˆâ–ˆâ–ˆâ–ˆâ–ˆâ–ˆâ–ˆâ–ˆ | 319/351 [00:03<00:00, 80.78it/s]
Layer_W1_M1 Epoch 4/8:  94%|â–ˆâ–ˆâ–ˆâ–ˆâ–ˆâ–ˆâ–ˆâ–ˆâ–ˆâ–Ž| 329/351 [00:04<00:00, 83.90it/s]
Layer_W1_M1 Epoch 4/8:  96%|â–ˆâ–ˆâ–ˆâ–ˆâ–ˆâ–ˆâ–ˆâ–ˆâ–ˆâ–‹| 338/351 [00:04<00:00, 83.08it/s]
Layer_W1_M1 Epoch 4/8:  99%|â–ˆâ–ˆâ–ˆâ–ˆâ–ˆâ–ˆâ–ˆâ–ˆâ–ˆâ–‰| 347/351 [00:04<00:00, 80.24it/s]
Layer_W1_M1 Epoch 4/8:  99%|â–ˆâ–ˆâ–ˆâ–ˆâ–ˆâ–ˆâ–ˆâ–ˆâ–ˆâ–‰| 347/351 [00:04<00:00, 80.24it/s, loss=3.417497]
                                                                                       

Layer_W1_M1 Epoch 5/8:   0%|          | 0/351 [00:00<?, ?it/s]
Layer_W1_M1 Epoch 5/8:   1%|â–         | 5/351 [00:00<00:07, 44.33it/s]
Layer_W1_M1 Epoch 5/8:   4%|â–         | 15/351 [00:00<00:04, 75.32it/s]
Layer_W1_M1 Epoch 5/8:   7%|â–‹         | 25/351 [00:00<00:04, 73.06it/s]
Layer_W1_M1 Epoch 5/8:  10%|â–‰         | 35/351 [00:00<00:03, 82.03it/s]
Layer_W1_M1 Epoch 5/8:  13%|â–ˆâ–Ž        | 45/351 [00:00<00:03, 77.26it/s]
Layer_W1_M1 Epoch 5/8:  15%|â–ˆâ–Œ        | 54/351 [00:00<00:03, 80.98it/s]
Layer_W1_M1 Epoch 5/8:  18%|â–ˆâ–Š        | 64/351 [00:00<00:03, 86.60it/s]
Layer_W1_M1 Epoch 5/8:  21%|â–ˆâ–ˆ        | 73/351 [00:00<00:03, 79.04it/s]
Layer_W1_M1 Epoch 5/8:  24%|â–ˆâ–ˆâ–Ž       | 83/351 [00:01<00:03, 84.40it/s]
Layer_W1_M1 Epoch 5/8:  26%|â–ˆâ–ˆâ–‹       | 93/351 [00:01<00:03, 79.95it/s]
Layer_W1_M1 Epoch 5/8:  29%|â–ˆâ–ˆâ–‰       | 103/351 [00:01<00:02, 85.02it/s]
Layer_W1_M1 Epoch 5/8:  32%|â–ˆâ–ˆâ–ˆâ–      | 113/351 [00:01<00:02, 80.39it/s]
Layer_W1_M1 Epoch 5/8:  35%|â–ˆâ–ˆâ–ˆâ–      | 122/351 [00:01<00:02, 82.77it/s]
Layer_W1_M1 Epoch 5/8:  38%|â–ˆâ–ˆâ–ˆâ–Š      | 132/351 [00:01<00:02, 87.33it/s]
Layer_W1_M1 Epoch 5/8:  40%|â–ˆâ–ˆâ–ˆâ–ˆ      | 141/351 [00:01<00:02, 80.09it/s]
Layer_W1_M1 Epoch 5/8:  43%|â–ˆâ–ˆâ–ˆâ–ˆâ–Ž     | 150/351 [00:01<00:02, 82.45it/s]
Layer_W1_M1 Epoch 5/8:  46%|â–ˆâ–ˆâ–ˆâ–ˆâ–Œ     | 160/351 [00:01<00:02, 87.01it/s]
Layer_W1_M1 Epoch 5/8:  48%|â–ˆâ–ˆâ–ˆâ–ˆâ–Š     | 169/351 [00:02<00:02, 79.92it/s]
Layer_W1_M1 Epoch 5/8:  51%|â–ˆâ–ˆâ–ˆâ–ˆâ–ˆ     | 178/351 [00:02<00:02, 82.28it/s]
Layer_W1_M1 Epoch 5/8:  53%|â–ˆâ–ˆâ–ˆâ–ˆâ–ˆâ–Ž    | 187/351 [00:02<00:01, 84.36it/s]
Layer_W1_M1 Epoch 5/8:  56%|â–ˆâ–ˆâ–ˆâ–ˆâ–ˆâ–Œ    | 196/351 [00:02<00:01, 85.94it/s]
Layer_W1_M1 Epoch 5/8:  58%|â–ˆâ–ˆâ–ˆâ–ˆâ–ˆâ–Š    | 205/351 [00:02<00:01, 79.80it/s]
Layer_W1_M1 Epoch 5/8:  61%|â–ˆâ–ˆâ–ˆâ–ˆâ–ˆâ–ˆ    | 214/351 [00:02<00:01, 81.78it/s]
Layer_W1_M1 Epoch 5/8:  64%|â–ˆâ–ˆâ–ˆâ–ˆâ–ˆâ–ˆâ–   | 224/351 [00:02<00:01, 85.57it/s]
Layer_W1_M1 Epoch 5/8:  66%|â–ˆâ–ˆâ–ˆâ–ˆâ–ˆâ–ˆâ–‹   | 233/351 [00:02<00:01, 80.24it/s]
Layer_W1_M1 Epoch 5/8:  69%|â–ˆâ–ˆâ–ˆâ–ˆâ–ˆâ–ˆâ–‰   | 242/351 [00:02<00:01, 82.28it/s]
Layer_W1_M1 Epoch 5/8:  72%|â–ˆâ–ˆâ–ˆâ–ˆâ–ˆâ–ˆâ–ˆâ–  | 252/351 [00:03<00:01, 85.00it/s]
Layer_W1_M1 Epoch 5/8:  74%|â–ˆâ–ˆâ–ˆâ–ˆâ–ˆâ–ˆâ–ˆâ–  | 261/351 [00:03<00:01, 80.76it/s]
Layer_W1_M1 Epoch 5/8:  77%|â–ˆâ–ˆâ–ˆâ–ˆâ–ˆâ–ˆâ–ˆâ–‹  | 270/351 [00:03<00:00, 82.80it/s]
Layer_W1_M1 Epoch 5/8:  79%|â–ˆâ–ˆâ–ˆâ–ˆâ–ˆâ–ˆâ–ˆâ–‰  | 279/351 [00:03<00:00, 84.62it/s]
Layer_W1_M1 Epoch 5/8:  82%|â–ˆâ–ˆâ–ˆâ–ˆâ–ˆâ–ˆâ–ˆâ–ˆâ– | 288/351 [00:03<00:00, 83.90it/s]
Layer_W1_M1 Epoch 5/8:  85%|â–ˆâ–ˆâ–ˆâ–ˆâ–ˆâ–ˆâ–ˆâ–ˆâ– | 297/351 [00:03<00:00, 80.31it/s]
Layer_W1_M1 Epoch 5/8:  87%|â–ˆâ–ˆâ–ˆâ–ˆâ–ˆâ–ˆâ–ˆâ–ˆâ–‹ | 307/351 [00:03<00:00, 84.57it/s]
Layer_W1_M1 Epoch 5/8:  90%|â–ˆâ–ˆâ–ˆâ–ˆâ–ˆâ–ˆâ–ˆâ–ˆâ–ˆ | 316/351 [00:03<00:00, 83.45it/s]
Layer_W1_M1 Epoch 5/8:  93%|â–ˆâ–ˆâ–ˆâ–ˆâ–ˆâ–ˆâ–ˆâ–ˆâ–ˆâ–Ž| 325/351 [00:03<00:00, 79.93it/s]
Layer_W1_M1 Epoch 5/8:  95%|â–ˆâ–ˆâ–ˆâ–ˆâ–ˆâ–ˆâ–ˆâ–ˆâ–ˆâ–Œ| 335/351 [00:04<00:00, 84.51it/s]
Layer_W1_M1 Epoch 5/8:  98%|â–ˆâ–ˆâ–ˆâ–ˆâ–ˆâ–ˆâ–ˆâ–ˆâ–ˆâ–Š| 344/351 [00:04<00:00, 80.89it/s]
Layer_W1_M1 Epoch 5/8:  98%|â–ˆâ–ˆâ–ˆâ–ˆâ–ˆâ–ˆâ–ˆâ–ˆâ–ˆâ–Š| 344/351 [00:04<00:00, 80.89it/s, loss=3.493312]
                                                                                       

Layer_W1_M1 Epoch 6/8:   0%|          | 0/351 [00:00<?, ?it/s]
Layer_W1_M1 Epoch 6/8:   1%|â–         | 5/351 [00:00<00:07, 46.95it/s]
Layer_W1_M1 Epoch 6/8:   4%|â–         | 14/351 [00:00<00:04, 71.31it/s]
Layer_W1_M1 Epoch 6/8:   7%|â–‹         | 24/351 [00:00<00:03, 83.58it/s]
Layer_W1_M1 Epoch 6/8:   9%|â–‰         | 33/351 [00:00<00:04, 75.01it/s]
Layer_W1_M1 Epoch 6/8:  12%|â–ˆâ–        | 42/351 [00:00<00:03, 79.43it/s]
Layer_W1_M1 Epoch 6/8:  15%|â–ˆâ–        | 52/351 [00:00<00:03, 85.89it/s]
Layer_W1_M1 Epoch 6/8:  17%|â–ˆâ–‹        | 61/351 [00:00<00:03, 77.97it/s]
Layer_W1_M1 Epoch 6/8:  20%|â–ˆâ–ˆ        | 71/351 [00:00<00:03, 83.68it/s]
Layer_W1_M1 Epoch 6/8:  23%|â–ˆâ–ˆâ–Ž       | 81/351 [00:01<00:03, 79.50it/s]
Layer_W1_M1 Epoch 6/8:  26%|â–ˆâ–ˆâ–Œ       | 90/351 [00:01<00:03, 82.07it/s]
Layer_W1_M1 Epoch 6/8:  28%|â–ˆâ–ˆâ–Š       | 99/351 [00:01<00:02, 84.15it/s]
Layer_W1_M1 Epoch 6/8:  31%|â–ˆâ–ˆâ–ˆ       | 109/351 [00:01<00:03, 80.35it/s]
Layer_W1_M1 Epoch 6/8:  34%|â–ˆâ–ˆâ–ˆâ–Ž      | 118/351 [00:01<00:02, 82.21it/s]
Layer_W1_M1 Epoch 6/8:  36%|â–ˆâ–ˆâ–ˆâ–Œ      | 127/351 [00:01<00:02, 84.21it/s]
Layer_W1_M1 Epoch 6/8:  39%|â–ˆâ–ˆâ–ˆâ–‰      | 137/351 [00:01<00:02, 80.67it/s]
Layer_W1_M1 Epoch 6/8:  42%|â–ˆâ–ˆâ–ˆâ–ˆâ–     | 146/351 [00:01<00:02, 82.31it/s]
Layer_W1_M1 Epoch 6/8:  44%|â–ˆâ–ˆâ–ˆâ–ˆâ–     | 155/351 [00:01<00:02, 84.15it/s]
Layer_W1_M1 Epoch 6/8:  47%|â–ˆâ–ˆâ–ˆâ–ˆâ–‹     | 165/351 [00:02<00:02, 80.96it/s]
Layer_W1_M1 Epoch 6/8:  50%|â–ˆâ–ˆâ–ˆâ–ˆâ–‰     | 174/351 [00:02<00:02, 82.34it/s]
Layer_W1_M1 Epoch 6/8:  52%|â–ˆâ–ˆâ–ˆâ–ˆâ–ˆâ–    | 183/351 [00:02<00:01, 84.02it/s]
Layer_W1_M1 Epoch 6/8:  55%|â–ˆâ–ˆâ–ˆâ–ˆâ–ˆâ–    | 193/351 [00:02<00:01, 80.93it/s]
Layer_W1_M1 Epoch 6/8:  58%|â–ˆâ–ˆâ–ˆâ–ˆâ–ˆâ–Š    | 202/351 [00:02<00:01, 82.31it/s]
Layer_W1_M1 Epoch 6/8:  60%|â–ˆâ–ˆâ–ˆâ–ˆâ–ˆâ–ˆ    | 211/351 [00:02<00:01, 84.14it/s]
Layer_W1_M1 Epoch 6/8:  63%|â–ˆâ–ˆâ–ˆâ–ˆâ–ˆâ–ˆâ–Ž   | 221/351 [00:02<00:01, 80.88it/s]
Layer_W1_M1 Epoch 6/8:  66%|â–ˆâ–ˆâ–ˆâ–ˆâ–ˆâ–ˆâ–Œ   | 230/351 [00:02<00:01, 82.61it/s]
Layer_W1_M1 Epoch 6/8:  68%|â–ˆâ–ˆâ–ˆâ–ˆâ–ˆâ–ˆâ–Š   | 239/351 [00:02<00:01, 84.15it/s]
Layer_W1_M1 Epoch 6/8:  71%|â–ˆâ–ˆâ–ˆâ–ˆâ–ˆâ–ˆâ–ˆ   | 249/351 [00:03<00:01, 80.57it/s]
Layer_W1_M1 Epoch 6/8:  74%|â–ˆâ–ˆâ–ˆâ–ˆâ–ˆâ–ˆâ–ˆâ–Ž  | 258/351 [00:03<00:01, 82.91it/s]
Layer_W1_M1 Epoch 6/8:  76%|â–ˆâ–ˆâ–ˆâ–ˆâ–ˆâ–ˆâ–ˆâ–Œ  | 267/351 [00:03<00:00, 84.15it/s]
Layer_W1_M1 Epoch 6/8:  79%|â–ˆâ–ˆâ–ˆâ–ˆâ–ˆâ–ˆâ–ˆâ–‰  | 277/351 [00:03<00:00, 80.75it/s]
Layer_W1_M1 Epoch 6/8:  81%|â–ˆâ–ˆâ–ˆâ–ˆâ–ˆâ–ˆâ–ˆâ–ˆâ– | 286/351 [00:03<00:00, 82.85it/s]
Layer_W1_M1 Epoch 6/8:  84%|â–ˆâ–ˆâ–ˆâ–ˆâ–ˆâ–ˆâ–ˆâ–ˆâ– | 295/351 [00:03<00:00, 84.07it/s]
Layer_W1_M1 Epoch 6/8:  87%|â–ˆâ–ˆâ–ˆâ–ˆâ–ˆâ–ˆâ–ˆâ–ˆâ–‹ | 305/351 [00:03<00:00, 80.43it/s]
Layer_W1_M1 Epoch 6/8:  90%|â–ˆâ–ˆâ–ˆâ–ˆâ–ˆâ–ˆâ–ˆâ–ˆâ–‰ | 315/351 [00:03<00:00, 84.43it/s]
Layer_W1_M1 Epoch 6/8:  93%|â–ˆâ–ˆâ–ˆâ–ˆâ–ˆâ–ˆâ–ˆâ–ˆâ–ˆâ–Ž| 325/351 [00:03<00:00, 80.46it/s]
Layer_W1_M1 Epoch 6/8:  95%|â–ˆâ–ˆâ–ˆâ–ˆâ–ˆâ–ˆâ–ˆâ–ˆâ–ˆâ–Œ| 335/351 [00:04<00:00, 84.51it/s]
Layer_W1_M1 Epoch 6/8:  98%|â–ˆâ–ˆâ–ˆâ–ˆâ–ˆâ–ˆâ–ˆâ–ˆâ–ˆâ–Š| 344/351 [00:04<00:00, 82.67it/s]
Layer_W1_M1 Epoch 6/8:  98%|â–ˆâ–ˆâ–ˆâ–ˆâ–ˆâ–ˆâ–ˆâ–ˆâ–ˆâ–Š| 344/351 [00:04<00:00, 82.67it/s, loss=3.317091]
                                                                                       
[codecarbon INFO @ 04:11:48] Energy consumed for RAM : 0.000317 kWh. RAM Power : 38.0 W

Layer_W1_M1 Epoch 7/8:   0%|          | 0/351 [00:00<?, ?it/s]
Layer_W1_M1 Epoch 7/8:   1%|â–         | 5/351 [00:00<00:07, 44.24it/s]
Layer_W1_M1 Epoch 7/8:   4%|â–         | 15/351 [00:00<00:04, 75.30it/s]
Layer_W1_M1 Epoch 7/8:   7%|â–‹         | 25/351 [00:00<00:04, 73.07it/s][codecarbon INFO @ 04:11:49] Delta energy consumed for CPU with cpu_load : 0.000304 kWh, power : 75.62812500000001 W
[codecarbon INFO @ 04:11:49] Energy consumed for All CPU : 0.000617 kWh
[codecarbon INFO @ 04:11:49] Energy consumed for all GPUs : 0.000559 kWh. Total GPU Power : 67.58440737767492 W
[codecarbon INFO @ 04:11:49] 0.001493 kWh of electricity used since the beginning.

Layer_W1_M1 Epoch 7/8:  10%|â–‰         | 35/351 [00:00<00:03, 82.39it/s]
Layer_W1_M1 Epoch 7/8:  13%|â–ˆâ–Ž        | 45/351 [00:00<00:03, 77.39it/s]
Layer_W1_M1 Epoch 7/8:  16%|â–ˆâ–Œ        | 55/351 [00:00<00:03, 83.82it/s]
Layer_W1_M1 Epoch 7/8:  18%|â–ˆâ–Š        | 64/351 [00:00<00:03, 85.56it/s]
Layer_W1_M1 Epoch 7/8:  21%|â–ˆâ–ˆ        | 73/351 [00:00<00:03, 78.02it/s]
Layer_W1_M1 Epoch 7/8:  24%|â–ˆâ–ˆâ–Ž       | 83/351 [00:01<00:03, 83.88it/s]
Layer_W1_M1 Epoch 7/8:  26%|â–ˆâ–ˆâ–‹       | 93/351 [00:01<00:03, 79.10it/s]
Layer_W1_M1 Epoch 7/8:  29%|â–ˆâ–ˆâ–‰       | 103/351 [00:01<00:02, 84.56it/s]
Layer_W1_M1 Epoch 7/8:  32%|â–ˆâ–ˆâ–ˆâ–      | 113/351 [00:01<00:02, 79.65it/s]
Layer_W1_M1 Epoch 7/8:  35%|â–ˆâ–ˆâ–ˆâ–Œ      | 123/351 [00:01<00:02, 84.82it/s]
Layer_W1_M1 Epoch 7/8:  38%|â–ˆâ–ˆâ–ˆâ–Š      | 133/351 [00:01<00:02, 79.81it/s]
Layer_W1_M1 Epoch 7/8:  41%|â–ˆâ–ˆâ–ˆâ–ˆ      | 143/351 [00:01<00:02, 84.92it/s]
Layer_W1_M1 Epoch 7/8:  44%|â–ˆâ–ˆâ–ˆâ–ˆâ–Ž     | 153/351 [00:01<00:02, 80.07it/s]
Layer_W1_M1 Epoch 7/8:  46%|â–ˆâ–ˆâ–ˆâ–ˆâ–‹     | 163/351 [00:02<00:02, 85.00it/s]
Layer_W1_M1 Epoch 7/8:  49%|â–ˆâ–ˆâ–ˆâ–ˆâ–‰     | 173/351 [00:02<00:02, 80.16it/s]
Layer_W1_M1 Epoch 7/8:  52%|â–ˆâ–ˆâ–ˆâ–ˆâ–ˆâ–    | 183/351 [00:02<00:01, 85.01it/s]
Layer_W1_M1 Epoch 7/8:  55%|â–ˆâ–ˆâ–ˆâ–ˆâ–ˆâ–    | 193/351 [00:02<00:01, 80.05it/s]
Layer_W1_M1 Epoch 7/8:  58%|â–ˆâ–ˆâ–ˆâ–ˆâ–ˆâ–Š    | 203/351 [00:02<00:01, 84.93it/s]
Layer_W1_M1 Epoch 7/8:  61%|â–ˆâ–ˆâ–ˆâ–ˆâ–ˆâ–ˆ    | 213/351 [00:02<00:01, 79.98it/s]
Layer_W1_M1 Epoch 7/8:  64%|â–ˆâ–ˆâ–ˆâ–ˆâ–ˆâ–ˆâ–Ž   | 223/351 [00:02<00:01, 84.92it/s]
Layer_W1_M1 Epoch 7/8:  66%|â–ˆâ–ˆâ–ˆâ–ˆâ–ˆâ–ˆâ–‹   | 233/351 [00:02<00:01, 80.13it/s]
Layer_W1_M1 Epoch 7/8:  69%|â–ˆâ–ˆâ–ˆâ–ˆâ–ˆâ–ˆâ–‰   | 243/351 [00:02<00:01, 84.89it/s]
Layer_W1_M1 Epoch 7/8:  72%|â–ˆâ–ˆâ–ˆâ–ˆâ–ˆâ–ˆâ–ˆâ–  | 253/351 [00:03<00:01, 80.06it/s]
Layer_W1_M1 Epoch 7/8:  75%|â–ˆâ–ˆâ–ˆâ–ˆâ–ˆâ–ˆâ–ˆâ–  | 263/351 [00:03<00:01, 84.99it/s]
Layer_W1_M1 Epoch 7/8:  78%|â–ˆâ–ˆâ–ˆâ–ˆâ–ˆâ–ˆâ–ˆâ–Š  | 273/351 [00:03<00:00, 80.08it/s]
Layer_W1_M1 Epoch 7/8:  81%|â–ˆâ–ˆâ–ˆâ–ˆâ–ˆâ–ˆâ–ˆâ–ˆ  | 283/351 [00:03<00:00, 84.91it/s]
Layer_W1_M1 Epoch 7/8:  83%|â–ˆâ–ˆâ–ˆâ–ˆâ–ˆâ–ˆâ–ˆâ–ˆâ–Ž | 293/351 [00:03<00:00, 79.92it/s]
Layer_W1_M1 Epoch 7/8:  86%|â–ˆâ–ˆâ–ˆâ–ˆâ–ˆâ–ˆâ–ˆâ–ˆâ–‹ | 303/351 [00:03<00:00, 84.87it/s]
Layer_W1_M1 Epoch 7/8:  89%|â–ˆâ–ˆâ–ˆâ–ˆâ–ˆâ–ˆâ–ˆâ–ˆâ–‰ | 313/351 [00:03<00:00, 79.99it/s]
Layer_W1_M1 Epoch 7/8:  92%|â–ˆâ–ˆâ–ˆâ–ˆâ–ˆâ–ˆâ–ˆâ–ˆâ–ˆâ–| 323/351 [00:03<00:00, 84.82it/s]
Layer_W1_M1 Epoch 7/8:  95%|â–ˆâ–ˆâ–ˆâ–ˆâ–ˆâ–ˆâ–ˆâ–ˆâ–ˆâ–| 333/351 [00:04<00:00, 80.11it/s]
Layer_W1_M1 Epoch 7/8:  98%|â–ˆâ–ˆâ–ˆâ–ˆâ–ˆâ–ˆâ–ˆâ–ˆâ–ˆâ–Š| 343/351 [00:04<00:00, 84.99it/s]
Layer_W1_M1 Epoch 7/8:  98%|â–ˆâ–ˆâ–ˆâ–ˆâ–ˆâ–ˆâ–ˆâ–ˆâ–ˆâ–Š| 343/351 [00:04<00:00, 84.99it/s, loss=3.300699]
                                                                                       

Layer_W1_M1 Epoch 8/8:   0%|          | 0/351 [00:00<?, ?it/s]
Layer_W1_M1 Epoch 8/8:   1%|â–         | 5/351 [00:00<00:07, 45.69it/s]
Layer_W1_M1 Epoch 8/8:   4%|â–         | 14/351 [00:00<00:04, 70.26it/s]
Layer_W1_M1 Epoch 8/8:   7%|â–‹         | 24/351 [00:00<00:03, 83.43it/s]
Layer_W1_M1 Epoch 8/8:   9%|â–‰         | 33/351 [00:00<00:04, 74.40it/s]
Layer_W1_M1 Epoch 8/8:  13%|â–ˆâ–Ž        | 44/351 [00:00<00:03, 85.44it/s]
Layer_W1_M1 Epoch 8/8:  15%|â–ˆâ–Œ        | 53/351 [00:00<00:03, 77.03it/s]
Layer_W1_M1 Epoch 8/8:  18%|â–ˆâ–Š        | 63/351 [00:00<00:03, 83.42it/s]
Layer_W1_M1 Epoch 8/8:  21%|â–ˆâ–ˆ        | 73/351 [00:00<00:03, 78.69it/s]
Layer_W1_M1 Epoch 8/8:  24%|â–ˆâ–ˆâ–Ž       | 83/351 [00:01<00:03, 84.10it/s]
Layer_W1_M1 Epoch 8/8:  26%|â–ˆâ–ˆâ–Œ       | 92/351 [00:01<00:03, 85.70it/s]
Layer_W1_M1 Epoch 8/8:  29%|â–ˆâ–ˆâ–‰       | 101/351 [00:01<00:03, 78.00it/s]
Layer_W1_M1 Epoch 8/8:  32%|â–ˆâ–ˆâ–ˆâ–      | 111/351 [00:01<00:02, 83.56it/s]
Layer_W1_M1 Epoch 8/8:  34%|â–ˆâ–ˆâ–ˆâ–      | 121/351 [00:01<00:02, 78.97it/s]
Layer_W1_M1 Epoch 8/8:  37%|â–ˆâ–ˆâ–ˆâ–‹      | 131/351 [00:01<00:02, 84.11it/s]
Layer_W1_M1 Epoch 8/8:  40%|â–ˆâ–ˆâ–ˆâ–ˆ      | 141/351 [00:01<00:02, 79.50it/s]
Layer_W1_M1 Epoch 8/8:  43%|â–ˆâ–ˆâ–ˆâ–ˆâ–Ž     | 151/351 [00:01<00:02, 84.43it/s]
Layer_W1_M1 Epoch 8/8:  46%|â–ˆâ–ˆâ–ˆâ–ˆâ–Œ     | 161/351 [00:02<00:02, 79.65it/s]
Layer_W1_M1 Epoch 8/8:  49%|â–ˆâ–ˆâ–ˆâ–ˆâ–Š     | 171/351 [00:02<00:02, 84.53it/s]
Layer_W1_M1 Epoch 8/8:  52%|â–ˆâ–ˆâ–ˆâ–ˆâ–ˆâ–    | 181/351 [00:02<00:02, 79.91it/s]
Layer_W1_M1 Epoch 8/8:  54%|â–ˆâ–ˆâ–ˆâ–ˆâ–ˆâ–    | 191/351 [00:02<00:01, 84.92it/s]
Layer_W1_M1 Epoch 8/8:  57%|â–ˆâ–ˆâ–ˆâ–ˆâ–ˆâ–‹    | 201/351 [00:02<00:01, 79.93it/s]
Layer_W1_M1 Epoch 8/8:  60%|â–ˆâ–ˆâ–ˆâ–ˆâ–ˆâ–ˆ    | 211/351 [00:02<00:01, 84.84it/s]
Layer_W1_M1 Epoch 8/8:  63%|â–ˆâ–ˆâ–ˆâ–ˆâ–ˆâ–ˆâ–Ž   | 221/351 [00:02<00:01, 80.21it/s]
Layer_W1_M1 Epoch 8/8:  66%|â–ˆâ–ˆâ–ˆâ–ˆâ–ˆâ–ˆâ–Œ   | 231/351 [00:02<00:01, 85.04it/s]
Layer_W1_M1 Epoch 8/8:  69%|â–ˆâ–ˆâ–ˆâ–ˆâ–ˆâ–ˆâ–Š   | 241/351 [00:02<00:01, 80.21it/s]
Layer_W1_M1 Epoch 8/8:  72%|â–ˆâ–ˆâ–ˆâ–ˆâ–ˆâ–ˆâ–ˆâ–  | 251/351 [00:03<00:01, 85.10it/s]
Layer_W1_M1 Epoch 8/8:  74%|â–ˆâ–ˆâ–ˆâ–ˆâ–ˆâ–ˆâ–ˆâ–  | 261/351 [00:03<00:01, 80.06it/s]
Layer_W1_M1 Epoch 8/8:  77%|â–ˆâ–ˆâ–ˆâ–ˆâ–ˆâ–ˆâ–ˆâ–‹  | 271/351 [00:03<00:00, 85.03it/s]
Layer_W1_M1 Epoch 8/8:  80%|â–ˆâ–ˆâ–ˆâ–ˆâ–ˆâ–ˆâ–ˆâ–ˆ  | 281/351 [00:03<00:00, 80.10it/s]
Layer_W1_M1 Epoch 8/8:  83%|â–ˆâ–ˆâ–ˆâ–ˆâ–ˆâ–ˆâ–ˆâ–ˆâ–Ž | 291/351 [00:03<00:00, 84.97it/s]
Layer_W1_M1 Epoch 8/8:  86%|â–ˆâ–ˆâ–ˆâ–ˆâ–ˆâ–ˆâ–ˆâ–ˆâ–Œ | 301/351 [00:03<00:00, 80.19it/s]
Layer_W1_M1 Epoch 8/8:  89%|â–ˆâ–ˆâ–ˆâ–ˆâ–ˆâ–ˆâ–ˆâ–ˆâ–Š | 311/351 [00:03<00:00, 84.95it/s]
Layer_W1_M1 Epoch 8/8:  91%|â–ˆâ–ˆâ–ˆâ–ˆâ–ˆâ–ˆâ–ˆâ–ˆâ–ˆâ–| 321/351 [00:03<00:00, 80.07it/s]
Layer_W1_M1 Epoch 8/8:  94%|â–ˆâ–ˆâ–ˆâ–ˆâ–ˆâ–ˆâ–ˆâ–ˆâ–ˆâ–| 331/351 [00:04<00:00, 84.88it/s]
Layer_W1_M1 Epoch 8/8:  97%|â–ˆâ–ˆâ–ˆâ–ˆâ–ˆâ–ˆâ–ˆâ–ˆâ–ˆâ–‹| 341/351 [00:04<00:00, 79.97it/s]
Layer_W1_M1 Epoch 8/8:  97%|â–ˆâ–ˆâ–ˆâ–ˆâ–ˆâ–ˆâ–ˆâ–ˆâ–ˆâ–‹| 341/351 [00:04<00:00, 79.97it/s, loss=3.193185]
Layer_W1_M1 Epoch 8/8: 100%|â–ˆâ–ˆâ–ˆâ–ˆâ–ˆâ–ˆâ–ˆâ–ˆâ–ˆâ–ˆ| 351/351 [00:04<00:00, 84.50it/s, loss=3.193185]
                                                                                       

Layer_W2_M2 Epoch 1/8:   0%|          | 0/351 [00:00<?, ?it/s]
Layer_W2_M2 Epoch 1/8:   1%|â–         | 5/351 [00:00<00:07, 44.17it/s]
Layer_W2_M2 Epoch 1/8:   4%|â–         | 15/351 [00:00<00:04, 74.96it/s]
Layer_W2_M2 Epoch 1/8:   7%|â–‹         | 25/351 [00:00<00:04, 72.92it/s]
Layer_W2_M2 Epoch 1/8:  10%|â–ˆ         | 36/351 [00:00<00:03, 85.39it/s]
Layer_W2_M2 Epoch 1/8:  13%|â–ˆâ–Ž        | 45/351 [00:00<00:03, 77.01it/s]
Layer_W2_M2 Epoch 1/8:  16%|â–ˆâ–Œ        | 56/351 [00:00<00:03, 86.33it/s]
Layer_W2_M2 Epoch 1/8:  19%|â–ˆâ–Š        | 65/351 [00:00<00:03, 78.37it/s]
Layer_W2_M2 Epoch 1/8:  21%|â–ˆâ–ˆâ–       | 75/351 [00:00<00:03, 84.14it/s]
Layer_W2_M2 Epoch 1/8:  24%|â–ˆâ–ˆâ–       | 85/351 [00:01<00:03, 79.37it/s]
Layer_W2_M2 Epoch 1/8:  27%|â–ˆâ–ˆâ–‹       | 95/351 [00:01<00:03, 84.78it/s]
Layer_W2_M2 Epoch 1/8:  30%|â–ˆâ–ˆâ–‰       | 105/351 [00:01<00:03, 80.06it/s]
Layer_W2_M2 Epoch 1/8:  33%|â–ˆâ–ˆâ–ˆâ–Ž      | 115/351 [00:01<00:02, 85.23it/s]
Layer_W2_M2 Epoch 1/8:  36%|â–ˆâ–ˆâ–ˆâ–Œ      | 125/351 [00:01<00:02, 80.62it/s]
Layer_W2_M2 Epoch 1/8:  38%|â–ˆâ–ˆâ–ˆâ–Š      | 135/351 [00:01<00:02, 85.63it/s]
Layer_W2_M2 Epoch 1/8:  41%|â–ˆâ–ˆâ–ˆâ–ˆ      | 144/351 [00:01<00:02, 86.05it/s]
Layer_W2_M2 Epoch 1/8:  44%|â–ˆâ–ˆâ–ˆâ–ˆâ–Ž     | 153/351 [00:01<00:02, 79.35it/s]
Layer_W2_M2 Epoch 1/8:  46%|â–ˆâ–ˆâ–ˆâ–ˆâ–‹     | 163/351 [00:01<00:02, 84.61it/s]
Layer_W2_M2 Epoch 1/8:  49%|â–ˆâ–ˆâ–ˆâ–ˆâ–‰     | 172/351 [00:02<00:02, 85.10it/s]
Layer_W2_M2 Epoch 1/8:  52%|â–ˆâ–ˆâ–ˆâ–ˆâ–ˆâ–    | 181/351 [00:02<00:02, 79.50it/s]
Layer_W2_M2 Epoch 1/8:  55%|â–ˆâ–ˆâ–ˆâ–ˆâ–ˆâ–    | 192/351 [00:02<00:01, 85.07it/s]
Layer_W2_M2 Epoch 1/8:  57%|â–ˆâ–ˆâ–ˆâ–ˆâ–ˆâ–‹    | 201/351 [00:02<00:01, 79.98it/s]
Layer_W2_M2 Epoch 1/8:  60%|â–ˆâ–ˆâ–ˆâ–ˆâ–ˆâ–ˆ    | 211/351 [00:02<00:01, 85.21it/s]
Layer_W2_M2 Epoch 1/8:  63%|â–ˆâ–ˆâ–ˆâ–ˆâ–ˆâ–ˆâ–Ž   | 220/351 [00:02<00:01, 84.27it/s]
Layer_W2_M2 Epoch 1/8:  65%|â–ˆâ–ˆâ–ˆâ–ˆâ–ˆâ–ˆâ–Œ   | 229/351 [00:02<00:01, 79.71it/s]
Layer_W2_M2 Epoch 1/8:  68%|â–ˆâ–ˆâ–ˆâ–ˆâ–ˆâ–ˆâ–Š   | 239/351 [00:02<00:01, 85.11it/s]
Layer_W2_M2 Epoch 1/8:  71%|â–ˆâ–ˆâ–ˆâ–ˆâ–ˆâ–ˆâ–ˆ   | 248/351 [00:03<00:01, 83.57it/s]
Layer_W2_M2 Epoch 1/8:  73%|â–ˆâ–ˆâ–ˆâ–ˆâ–ˆâ–ˆâ–ˆâ–Ž  | 257/351 [00:03<00:01, 79.52it/s]
Layer_W2_M2 Epoch 1/8:  76%|â–ˆâ–ˆâ–ˆâ–ˆâ–ˆâ–ˆâ–ˆâ–Œ  | 267/351 [00:03<00:00, 84.95it/s]
Layer_W2_M2 Epoch 1/8:  79%|â–ˆâ–ˆâ–ˆâ–ˆâ–ˆâ–ˆâ–ˆâ–Š  | 276/351 [00:03<00:00, 83.39it/s]
Layer_W2_M2 Epoch 1/8:  81%|â–ˆâ–ˆâ–ˆâ–ˆâ–ˆâ–ˆâ–ˆâ–ˆ  | 285/351 [00:03<00:00, 79.81it/s]
Layer_W2_M2 Epoch 1/8:  84%|â–ˆâ–ˆâ–ˆâ–ˆâ–ˆâ–ˆâ–ˆâ–ˆâ– | 295/351 [00:03<00:00, 85.11it/s]
Layer_W2_M2 Epoch 1/8:  87%|â–ˆâ–ˆâ–ˆâ–ˆâ–ˆâ–ˆâ–ˆâ–ˆâ–‹ | 304/351 [00:03<00:00, 82.78it/s]
Layer_W2_M2 Epoch 1/8:  89%|â–ˆâ–ˆâ–ˆâ–ˆâ–ˆâ–ˆâ–ˆâ–ˆâ–‰ | 313/351 [00:03<00:00, 79.91it/s]
Layer_W2_M2 Epoch 1/8:  92%|â–ˆâ–ˆâ–ˆâ–ˆâ–ˆâ–ˆâ–ˆâ–ˆâ–ˆâ–| 323/351 [00:03<00:00, 85.24it/s]
Layer_W2_M2 Epoch 1/8:  95%|â–ˆâ–ˆâ–ˆâ–ˆâ–ˆâ–ˆâ–ˆâ–ˆâ–ˆâ–| 332/351 [00:04<00:00, 82.16it/s]
Layer_W2_M2 Epoch 1/8:  97%|â–ˆâ–ˆâ–ˆâ–ˆâ–ˆâ–ˆâ–ˆâ–ˆâ–ˆâ–‹| 341/351 [00:04<00:00, 80.15it/s]
Layer_W2_M2 Epoch 1/8: 100%|â–ˆâ–ˆâ–ˆâ–ˆâ–ˆâ–ˆâ–ˆâ–ˆâ–ˆâ–‰| 350/351 [00:04<00:00, 81.96it/s]
Layer_W2_M2 Epoch 1/8: 100%|â–ˆâ–ˆâ–ˆâ–ˆâ–ˆâ–ˆâ–ˆâ–ˆâ–ˆâ–‰| 350/351 [00:04<00:00, 81.96it/s, loss=3.111697]
                                                                                       

Layer_W2_M2 Epoch 2/8:   0%|          | 0/351 [00:00<?, ?it/s]
Layer_W2_M2 Epoch 2/8:   1%|â–         | 5/351 [00:00<00:07, 44.29it/s]
Layer_W2_M2 Epoch 2/8:   4%|â–         | 15/351 [00:00<00:04, 74.74it/s]
Layer_W2_M2 Epoch 2/8:   7%|â–‹         | 25/351 [00:00<00:04, 72.10it/s]
Layer_W2_M2 Epoch 2/8:  10%|â–‰         | 35/351 [00:00<00:03, 81.68it/s]
Layer_W2_M2 Epoch 2/8:  13%|â–ˆâ–Ž        | 45/351 [00:00<00:03, 77.17it/s]
Layer_W2_M2 Epoch 2/8:  16%|â–ˆâ–Œ        | 55/351 [00:00<00:03, 83.68it/s]
Layer_W2_M2 Epoch 2/8:  19%|â–ˆâ–Š        | 65/351 [00:00<00:03, 78.62it/s]
Layer_W2_M2 Epoch 2/8:  21%|â–ˆâ–ˆâ–       | 75/351 [00:00<00:03, 84.27it/s]
Layer_W2_M2 Epoch 2/8:  24%|â–ˆâ–ˆâ–       | 85/351 [00:01<00:03, 79.34it/s]
Layer_W2_M2 Epoch 2/8:  27%|â–ˆâ–ˆâ–‹       | 95/351 [00:01<00:03, 84.55it/s][codecarbon INFO @ 04:12:03] Energy consumed for RAM : 0.000470 kWh. RAM Power : 38.0 W

Layer_W2_M2 Epoch 2/8:  30%|â–ˆâ–ˆâ–‰       | 105/351 [00:01<00:03, 79.66it/s]
Layer_W2_M2 Epoch 2/8:  33%|â–ˆâ–ˆâ–ˆâ–Ž      | 115/351 [00:01<00:02, 84.69it/s]
Layer_W2_M2 Epoch 2/8:  36%|â–ˆâ–ˆâ–ˆâ–Œ      | 125/351 [00:01<00:02, 79.98it/s]
Layer_W2_M2 Epoch 2/8:  38%|â–ˆâ–ˆâ–ˆâ–Š      | 134/351 [00:01<00:02, 82.51it/s][codecarbon INFO @ 04:12:04] Delta energy consumed for CPU with cpu_load : 0.000303 kWh, power : 75.234375 W
[codecarbon INFO @ 04:12:04] Energy consumed for All CPU : 0.000920 kWh
[codecarbon INFO @ 04:12:04] Energy consumed for all GPUs : 0.000834 kWh. Total GPU Power : 66.0052303850881 W
[codecarbon INFO @ 04:12:04] 0.002224 kWh of electricity used since the beginning.

Layer_W2_M2 Epoch 2/8:  41%|â–ˆâ–ˆâ–ˆâ–ˆ      | 144/351 [00:01<00:02, 87.01it/s]
Layer_W2_M2 Epoch 2/8:  44%|â–ˆâ–ˆâ–ˆâ–ˆâ–Ž     | 153/351 [00:01<00:02, 79.20it/s]
Layer_W2_M2 Epoch 2/8:  46%|â–ˆâ–ˆâ–ˆâ–ˆâ–Œ     | 162/351 [00:02<00:02, 81.90it/s]
Layer_W2_M2 Epoch 2/8:  49%|â–ˆâ–ˆâ–ˆâ–ˆâ–‰     | 172/351 [00:02<00:02, 86.53it/s]
Layer_W2_M2 Epoch 2/8:  52%|â–ˆâ–ˆâ–ˆâ–ˆâ–ˆâ–    | 181/351 [00:02<00:02, 79.08it/s]
Layer_W2_M2 Epoch 2/8:  54%|â–ˆâ–ˆâ–ˆâ–ˆâ–ˆâ–    | 190/351 [00:02<00:01, 81.66it/s]
Layer_W2_M2 Epoch 2/8:  57%|â–ˆâ–ˆâ–ˆâ–ˆâ–ˆâ–‹    | 200/351 [00:02<00:01, 86.45it/s]
Layer_W2_M2 Epoch 2/8:  60%|â–ˆâ–ˆâ–ˆâ–ˆâ–ˆâ–‰    | 209/351 [00:02<00:01, 79.14it/s]
Layer_W2_M2 Epoch 2/8:  62%|â–ˆâ–ˆâ–ˆâ–ˆâ–ˆâ–ˆâ–   | 218/351 [00:02<00:01, 81.49it/s]
Layer_W2_M2 Epoch 2/8:  65%|â–ˆâ–ˆâ–ˆâ–ˆâ–ˆâ–ˆâ–   | 228/351 [00:02<00:01, 86.41it/s]
Layer_W2_M2 Epoch 2/8:  68%|â–ˆâ–ˆâ–ˆâ–ˆâ–ˆâ–ˆâ–Š   | 237/351 [00:02<00:01, 79.10it/s]
Layer_W2_M2 Epoch 2/8:  70%|â–ˆâ–ˆâ–ˆâ–ˆâ–ˆâ–ˆâ–ˆ   | 246/351 [00:03<00:01, 81.48it/s]
Layer_W2_M2 Epoch 2/8:  73%|â–ˆâ–ˆâ–ˆâ–ˆâ–ˆâ–ˆâ–ˆâ–Ž  | 256/351 [00:03<00:01, 86.33it/s]
Layer_W2_M2 Epoch 2/8:  75%|â–ˆâ–ˆâ–ˆâ–ˆâ–ˆâ–ˆâ–ˆâ–Œ  | 265/351 [00:03<00:01, 79.20it/s]
Layer_W2_M2 Epoch 2/8:  78%|â–ˆâ–ˆâ–ˆâ–ˆâ–ˆâ–ˆâ–ˆâ–Š  | 274/351 [00:03<00:00, 81.24it/s]
Layer_W2_M2 Epoch 2/8:  81%|â–ˆâ–ˆâ–ˆâ–ˆâ–ˆâ–ˆâ–ˆâ–ˆ  | 284/351 [00:03<00:00, 86.07it/s]
Layer_W2_M2 Epoch 2/8:  83%|â–ˆâ–ˆâ–ˆâ–ˆâ–ˆâ–ˆâ–ˆâ–ˆâ–Ž | 293/351 [00:03<00:00, 79.38it/s]
Layer_W2_M2 Epoch 2/8:  86%|â–ˆâ–ˆâ–ˆâ–ˆâ–ˆâ–ˆâ–ˆâ–ˆâ–Œ | 302/351 [00:03<00:00, 80.80it/s]
Layer_W2_M2 Epoch 2/8:  89%|â–ˆâ–ˆâ–ˆâ–ˆâ–ˆâ–ˆâ–ˆâ–ˆâ–‰ | 312/351 [00:03<00:00, 85.62it/s]
Layer_W2_M2 Epoch 2/8:  91%|â–ˆâ–ˆâ–ˆâ–ˆâ–ˆâ–ˆâ–ˆâ–ˆâ–ˆâ–| 321/351 [00:03<00:00, 79.94it/s]
Layer_W2_M2 Epoch 2/8:  94%|â–ˆâ–ˆâ–ˆâ–ˆâ–ˆâ–ˆâ–ˆâ–ˆâ–ˆâ–| 330/351 [00:04<00:00, 81.15it/s]
Layer_W2_M2 Epoch 2/8:  97%|â–ˆâ–ˆâ–ˆâ–ˆâ–ˆâ–ˆâ–ˆâ–ˆâ–ˆâ–‹| 340/351 [00:04<00:00, 86.14it/s]
Layer_W2_M2 Epoch 2/8:  99%|â–ˆâ–ˆâ–ˆâ–ˆâ–ˆâ–ˆâ–ˆâ–ˆâ–ˆâ–‰| 349/351 [00:04<00:00, 80.31it/s]
Layer_W2_M2 Epoch 2/8:  99%|â–ˆâ–ˆâ–ˆâ–ˆâ–ˆâ–ˆâ–ˆâ–ˆâ–ˆâ–‰| 349/351 [00:04<00:00, 80.31it/s, loss=3.142729]
                                                                                       

Layer_W2_M2 Epoch 3/8:   0%|          | 0/351 [00:00<?, ?it/s]
Layer_W2_M2 Epoch 3/8:   1%|â–         | 5/351 [00:00<00:07, 45.05it/s]
Layer_W2_M2 Epoch 3/8:   4%|â–         | 14/351 [00:00<00:04, 70.26it/s]
Layer_W2_M2 Epoch 3/8:   7%|â–‹         | 23/351 [00:00<00:04, 78.75it/s]
Layer_W2_M2 Epoch 3/8:   9%|â–‰         | 33/351 [00:00<00:04, 75.66it/s]
Layer_W2_M2 Epoch 3/8:  12%|â–ˆâ–        | 42/351 [00:00<00:03, 79.99it/s]
Layer_W2_M2 Epoch 3/8:  15%|â–ˆâ–        | 52/351 [00:00<00:03, 86.15it/s]
Layer_W2_M2 Epoch 3/8:  17%|â–ˆâ–‹        | 61/351 [00:00<00:03, 78.35it/s]
Layer_W2_M2 Epoch 3/8:  20%|â–ˆâ–‰        | 70/351 [00:00<00:03, 81.46it/s]
Layer_W2_M2 Epoch 3/8:  23%|â–ˆâ–ˆâ–Ž       | 80/351 [00:00<00:03, 86.77it/s]
Layer_W2_M2 Epoch 3/8:  25%|â–ˆâ–ˆâ–Œ       | 89/351 [00:01<00:03, 79.02it/s]
Layer_W2_M2 Epoch 3/8:  28%|â–ˆâ–ˆâ–Š       | 98/351 [00:01<00:03, 81.83it/s]
Layer_W2_M2 Epoch 3/8:  31%|â–ˆâ–ˆâ–ˆ       | 108/351 [00:01<00:02, 86.72it/s]
Layer_W2_M2 Epoch 3/8:  33%|â–ˆâ–ˆâ–ˆâ–Ž      | 117/351 [00:01<00:02, 79.30it/s]
Layer_W2_M2 Epoch 3/8:  36%|â–ˆâ–ˆâ–ˆâ–Œ      | 126/351 [00:01<00:02, 81.80it/s]
Layer_W2_M2 Epoch 3/8:  39%|â–ˆâ–ˆâ–ˆâ–Š      | 136/351 [00:01<00:02, 86.53it/s]
Layer_W2_M2 Epoch 3/8:  41%|â–ˆâ–ˆâ–ˆâ–ˆâ–     | 145/351 [00:01<00:02, 79.36it/s]
Layer_W2_M2 Epoch 3/8:  44%|â–ˆâ–ˆâ–ˆâ–ˆâ–     | 154/351 [00:01<00:02, 82.06it/s]
Layer_W2_M2 Epoch 3/8:  47%|â–ˆâ–ˆâ–ˆâ–ˆâ–‹     | 164/351 [00:02<00:02, 86.36it/s]
Layer_W2_M2 Epoch 3/8:  49%|â–ˆâ–ˆâ–ˆâ–ˆâ–‰     | 173/351 [00:02<00:02, 79.82it/s]
Layer_W2_M2 Epoch 3/8:  52%|â–ˆâ–ˆâ–ˆâ–ˆâ–ˆâ–    | 182/351 [00:02<00:02, 82.41it/s]
Layer_W2_M2 Epoch 3/8:  55%|â–ˆâ–ˆâ–ˆâ–ˆâ–ˆâ–    | 192/351 [00:02<00:01, 86.07it/s]
Layer_W2_M2 Epoch 3/8:  57%|â–ˆâ–ˆâ–ˆâ–ˆâ–ˆâ–‹    | 201/351 [00:02<00:01, 80.33it/s]
Layer_W2_M2 Epoch 3/8:  60%|â–ˆâ–ˆâ–ˆâ–ˆâ–ˆâ–‰    | 210/351 [00:02<00:01, 82.52it/s]
Layer_W2_M2 Epoch 3/8:  63%|â–ˆâ–ˆâ–ˆâ–ˆâ–ˆâ–ˆâ–Ž   | 220/351 [00:02<00:01, 85.45it/s]
Layer_W2_M2 Epoch 3/8:  65%|â–ˆâ–ˆâ–ˆâ–ˆâ–ˆâ–ˆâ–Œ   | 229/351 [00:02<00:01, 80.08it/s]
Layer_W2_M2 Epoch 3/8:  68%|â–ˆâ–ˆâ–ˆâ–ˆâ–ˆâ–ˆâ–Š   | 238/351 [00:02<00:01, 82.69it/s]
Layer_W2_M2 Epoch 3/8:  71%|â–ˆâ–ˆâ–ˆâ–ˆâ–ˆâ–ˆâ–ˆ   | 248/351 [00:03<00:01, 85.21it/s]
Layer_W2_M2 Epoch 3/8:  73%|â–ˆâ–ˆâ–ˆâ–ˆâ–ˆâ–ˆâ–ˆâ–Ž  | 257/351 [00:03<00:01, 80.77it/s]
Layer_W2_M2 Epoch 3/8:  76%|â–ˆâ–ˆâ–ˆâ–ˆâ–ˆâ–ˆâ–ˆâ–Œ  | 266/351 [00:03<00:01, 82.79it/s]
Layer_W2_M2 Epoch 3/8:  79%|â–ˆâ–ˆâ–ˆâ–ˆâ–ˆâ–ˆâ–ˆâ–Š  | 276/351 [00:03<00:00, 84.83it/s]
Layer_W2_M2 Epoch 3/8:  81%|â–ˆâ–ˆâ–ˆâ–ˆâ–ˆâ–ˆâ–ˆâ–ˆ  | 285/351 [00:03<00:00, 80.57it/s]
Layer_W2_M2 Epoch 3/8:  84%|â–ˆâ–ˆâ–ˆâ–ˆâ–ˆâ–ˆâ–ˆâ–ˆâ– | 294/351 [00:03<00:00, 82.97it/s]
Layer_W2_M2 Epoch 3/8:  87%|â–ˆâ–ˆâ–ˆâ–ˆâ–ˆâ–ˆâ–ˆâ–ˆâ–‹ | 304/351 [00:03<00:00, 84.73it/s]
Layer_W2_M2 Epoch 3/8:  89%|â–ˆâ–ˆâ–ˆâ–ˆâ–ˆâ–ˆâ–ˆâ–ˆâ–‰ | 313/351 [00:03<00:00, 80.14it/s]
Layer_W2_M2 Epoch 3/8:  92%|â–ˆâ–ˆâ–ˆâ–ˆâ–ˆâ–ˆâ–ˆâ–ˆâ–ˆâ–| 323/351 [00:03<00:00, 85.17it/s]
Layer_W2_M2 Epoch 3/8:  95%|â–ˆâ–ˆâ–ˆâ–ˆâ–ˆâ–ˆâ–ˆâ–ˆâ–ˆâ–| 332/351 [00:04<00:00, 84.47it/s]
Layer_W2_M2 Epoch 3/8:  97%|â–ˆâ–ˆâ–ˆâ–ˆâ–ˆâ–ˆâ–ˆâ–ˆâ–ˆâ–‹| 341/351 [00:04<00:00, 79.06it/s]
Layer_W2_M2 Epoch 3/8:  97%|â–ˆâ–ˆâ–ˆâ–ˆâ–ˆâ–ˆâ–ˆâ–ˆâ–ˆâ–‹| 341/351 [00:04<00:00, 79.06it/s, loss=3.190762]
Layer_W2_M2 Epoch 3/8: 100%|â–ˆâ–ˆâ–ˆâ–ˆâ–ˆâ–ˆâ–ˆâ–ˆâ–ˆâ–ˆ| 351/351 [00:04<00:00, 84.15it/s, loss=3.190762]
                                                                                       

Layer_W2_M2 Epoch 4/8:   0%|          | 0/351 [00:00<?, ?it/s]
Layer_W2_M2 Epoch 4/8:   1%|â–         | 5/351 [00:00<00:08, 43.09it/s]
Layer_W2_M2 Epoch 4/8:   4%|â–         | 15/351 [00:00<00:04, 74.27it/s]
Layer_W2_M2 Epoch 4/8:   7%|â–‹         | 25/351 [00:00<00:04, 72.18it/s]
Layer_W2_M2 Epoch 4/8:  10%|â–‰         | 35/351 [00:00<00:03, 81.39it/s]
Layer_W2_M2 Epoch 4/8:  13%|â–ˆâ–Ž        | 44/351 [00:00<00:03, 84.16it/s]
Layer_W2_M2 Epoch 4/8:  15%|â–ˆâ–Œ        | 53/351 [00:00<00:03, 76.04it/s]
Layer_W2_M2 Epoch 4/8:  18%|â–ˆâ–Š        | 63/351 [00:00<00:03, 82.49it/s]
Layer_W2_M2 Epoch 4/8:  21%|â–ˆâ–ˆ        | 73/351 [00:00<00:03, 77.95it/s]
Layer_W2_M2 Epoch 4/8:  23%|â–ˆâ–ˆâ–Ž       | 82/351 [00:01<00:03, 81.19it/s]
Layer_W2_M2 Epoch 4/8:  26%|â–ˆâ–ˆâ–Œ       | 92/351 [00:01<00:03, 86.01it/s]
Layer_W2_M2 Epoch 4/8:  29%|â–ˆâ–ˆâ–‰       | 101/351 [00:01<00:03, 78.04it/s]
Layer_W2_M2 Epoch 4/8:  32%|â–ˆâ–ˆâ–ˆâ–      | 111/351 [00:01<00:02, 83.58it/s]
Layer_W2_M2 Epoch 4/8:  34%|â–ˆâ–ˆâ–ˆâ–      | 120/351 [00:01<00:02, 85.30it/s]
Layer_W2_M2 Epoch 4/8:  37%|â–ˆâ–ˆâ–ˆâ–‹      | 129/351 [00:01<00:02, 77.54it/s]
Layer_W2_M2 Epoch 4/8:  40%|â–ˆâ–ˆâ–ˆâ–‰      | 139/351 [00:01<00:02, 83.37it/s]
Layer_W2_M2 Epoch 4/8:  42%|â–ˆâ–ˆâ–ˆâ–ˆâ–     | 149/351 [00:01<00:02, 78.92it/s]
Layer_W2_M2 Epoch 4/8:  45%|â–ˆâ–ˆâ–ˆâ–ˆâ–Œ     | 159/351 [00:01<00:02, 84.37it/s]
Layer_W2_M2 Epoch 4/8:  48%|â–ˆâ–ˆâ–ˆâ–ˆâ–Š     | 169/351 [00:02<00:02, 79.62it/s]
Layer_W2_M2 Epoch 4/8:  51%|â–ˆâ–ˆâ–ˆâ–ˆâ–ˆ     | 179/351 [00:02<00:02, 84.76it/s]
Layer_W2_M2 Epoch 4/8:  54%|â–ˆâ–ˆâ–ˆâ–ˆâ–ˆâ–    | 189/351 [00:02<00:02, 80.16it/s]
Layer_W2_M2 Epoch 4/8:  57%|â–ˆâ–ˆâ–ˆâ–ˆâ–ˆâ–‹    | 199/351 [00:02<00:01, 85.08it/s]
Layer_W2_M2 Epoch 4/8:  60%|â–ˆâ–ˆâ–ˆâ–ˆâ–ˆâ–‰    | 209/351 [00:02<00:01, 80.31it/s]
Layer_W2_M2 Epoch 4/8:  62%|â–ˆâ–ˆâ–ˆâ–ˆâ–ˆâ–ˆâ–   | 219/351 [00:02<00:01, 85.25it/s]
Layer_W2_M2 Epoch 4/8:  65%|â–ˆâ–ˆâ–ˆâ–ˆâ–ˆâ–ˆâ–Œ   | 229/351 [00:02<00:01, 80.44it/s]
Layer_W2_M2 Epoch 4/8:  68%|â–ˆâ–ˆâ–ˆâ–ˆâ–ˆâ–ˆâ–Š   | 240/351 [00:02<00:01, 87.65it/s]
Layer_W2_M2 Epoch 4/8:  71%|â–ˆâ–ˆâ–ˆâ–ˆâ–ˆâ–ˆâ–ˆ   | 250/351 [00:03<00:01, 82.10it/s]
Layer_W2_M2 Epoch 4/8:  74%|â–ˆâ–ˆâ–ˆâ–ˆâ–ˆâ–ˆâ–ˆâ–  | 260/351 [00:03<00:01, 86.64it/s]
Layer_W2_M2 Epoch 4/8:  77%|â–ˆâ–ˆâ–ˆâ–ˆâ–ˆâ–ˆâ–ˆâ–‹  | 269/351 [00:03<00:01, 79.24it/s]
Layer_W2_M2 Epoch 4/8:  79%|â–ˆâ–ˆâ–ˆâ–ˆâ–ˆâ–ˆâ–ˆâ–‰  | 279/351 [00:03<00:00, 84.48it/s]
Layer_W2_M2 Epoch 4/8:  82%|â–ˆâ–ˆâ–ˆâ–ˆâ–ˆâ–ˆâ–ˆâ–ˆâ– | 288/351 [00:03<00:00, 85.77it/s]
Layer_W2_M2 Epoch 4/8:  85%|â–ˆâ–ˆâ–ˆâ–ˆâ–ˆâ–ˆâ–ˆâ–ˆâ– | 297/351 [00:03<00:00, 78.78it/s]
Layer_W2_M2 Epoch 4/8:  87%|â–ˆâ–ˆâ–ˆâ–ˆâ–ˆâ–ˆâ–ˆâ–ˆâ–‹ | 307/351 [00:03<00:00, 84.20it/s]
Layer_W2_M2 Epoch 4/8:  90%|â–ˆâ–ˆâ–ˆâ–ˆâ–ˆâ–ˆâ–ˆâ–ˆâ–ˆ | 316/351 [00:03<00:00, 85.33it/s]
Layer_W2_M2 Epoch 4/8:  93%|â–ˆâ–ˆâ–ˆâ–ˆâ–ˆâ–ˆâ–ˆâ–ˆâ–ˆâ–Ž| 325/351 [00:03<00:00, 78.56it/s]
Layer_W2_M2 Epoch 4/8:  95%|â–ˆâ–ˆâ–ˆâ–ˆâ–ˆâ–ˆâ–ˆâ–ˆâ–ˆâ–Œ| 335/351 [00:04<00:00, 84.10it/s]
Layer_W2_M2 Epoch 4/8:  98%|â–ˆâ–ˆâ–ˆâ–ˆâ–ˆâ–ˆâ–ˆâ–ˆâ–ˆâ–Š| 344/351 [00:04<00:00, 83.15it/s]
Layer_W2_M2 Epoch 4/8:  98%|â–ˆâ–ˆâ–ˆâ–ˆâ–ˆâ–ˆâ–ˆâ–ˆâ–ˆâ–Š| 344/351 [00:04<00:00, 83.15it/s, loss=3.383027]
                                                                                       

Layer_W2_M2 Epoch 5/8:   0%|          | 0/351 [00:00<?, ?it/s]
Layer_W2_M2 Epoch 5/8:   1%|â–         | 5/351 [00:00<00:07, 45.29it/s]
Layer_W2_M2 Epoch 5/8:   4%|â–         | 15/351 [00:00<00:04, 75.82it/s]
Layer_W2_M2 Epoch 5/8:   7%|â–‹         | 25/351 [00:00<00:04, 73.37it/s]
Layer_W2_M2 Epoch 5/8:  10%|â–‰         | 35/351 [00:00<00:03, 81.97it/s]
Layer_W2_M2 Epoch 5/8:  13%|â–ˆâ–Ž        | 45/351 [00:00<00:03, 77.63it/s]
Layer_W2_M2 Epoch 5/8:  16%|â–ˆâ–Œ        | 55/351 [00:00<00:03, 83.66it/s]
Layer_W2_M2 Epoch 5/8:  19%|â–ˆâ–Š        | 65/351 [00:00<00:03, 79.05it/s]
Layer_W2_M2 Epoch 5/8:  21%|â–ˆâ–ˆâ–       | 75/351 [00:00<00:03, 83.96it/s]
Layer_W2_M2 Epoch 5/8:  24%|â–ˆâ–ˆâ–       | 85/351 [00:01<00:03, 79.85it/s]
Layer_W2_M2 Epoch 5/8:  27%|â–ˆâ–ˆâ–‹       | 95/351 [00:01<00:03, 84.22it/s]
Layer_W2_M2 Epoch 5/8:  30%|â–ˆâ–ˆâ–‰       | 105/351 [00:01<00:03, 80.45it/s]
Layer_W2_M2 Epoch 5/8:  33%|â–ˆâ–ˆâ–ˆâ–Ž      | 115/351 [00:01<00:02, 84.22it/s]
Layer_W2_M2 Epoch 5/8:  36%|â–ˆâ–ˆâ–ˆâ–Œ      | 125/351 [00:01<00:02, 80.74it/s]
Layer_W2_M2 Epoch 5/8:  38%|â–ˆâ–ˆâ–ˆâ–Š      | 135/351 [00:01<00:02, 83.96it/s]
Layer_W2_M2 Epoch 5/8:  41%|â–ˆâ–ˆâ–ˆâ–ˆ      | 144/351 [00:01<00:02, 85.47it/s]
Layer_W2_M2 Epoch 5/8:  44%|â–ˆâ–ˆâ–ˆâ–ˆâ–Ž     | 153/351 [00:01<00:02, 79.93it/s]
Layer_W2_M2 Epoch 5/8:  46%|â–ˆâ–ˆâ–ˆâ–ˆâ–‹     | 163/351 [00:02<00:02, 82.81it/s]
Layer_W2_M2 Epoch 5/8:  49%|â–ˆâ–ˆâ–ˆâ–ˆâ–‰     | 173/351 [00:02<00:02, 80.68it/s]
Layer_W2_M2 Epoch 5/8:  52%|â–ˆâ–ˆâ–ˆâ–ˆâ–ˆâ–    | 183/351 [00:02<00:02, 82.97it/s]
Layer_W2_M2 Epoch 5/8:  55%|â–ˆâ–ˆâ–ˆâ–ˆâ–ˆâ–    | 193/351 [00:02<00:01, 81.08it/s]
Layer_W2_M2 Epoch 5/8:  58%|â–ˆâ–ˆâ–ˆâ–ˆâ–ˆâ–Š    | 203/351 [00:02<00:01, 83.23it/s]
Layer_W2_M2 Epoch 5/8:  60%|â–ˆâ–ˆâ–ˆâ–ˆâ–ˆâ–ˆ    | 212/351 [00:02<00:01, 84.95it/s][codecarbon INFO @ 04:12:18] Energy consumed for RAM : 0.000623 kWh. RAM Power : 38.0 W

Layer_W2_M2 Epoch 5/8:  63%|â–ˆâ–ˆâ–ˆâ–ˆâ–ˆâ–ˆâ–Ž   | 221/351 [00:02<00:01, 80.25it/s]
Layer_W2_M2 Epoch 5/8:  66%|â–ˆâ–ˆâ–ˆâ–ˆâ–ˆâ–ˆâ–Œ   | 231/351 [00:02<00:01, 83.63it/s]
Layer_W2_M2 Epoch 5/8:  68%|â–ˆâ–ˆâ–ˆâ–ˆâ–ˆâ–ˆâ–Š   | 240/351 [00:02<00:01, 84.74it/s]
Layer_W2_M2 Epoch 5/8:  71%|â–ˆâ–ˆâ–ˆâ–ˆâ–ˆâ–ˆâ–ˆ   | 249/351 [00:03<00:01, 79.86it/s]
Layer_W2_M2 Epoch 5/8:  74%|â–ˆâ–ˆâ–ˆâ–ˆâ–ˆâ–ˆâ–ˆâ–  | 259/351 [00:03<00:01, 83.93it/s][codecarbon INFO @ 04:12:19] Delta energy consumed for CPU with cpu_load : 0.000303 kWh, power : 75.26250000000002 W
[codecarbon INFO @ 04:12:19] Energy consumed for All CPU : 0.001223 kWh
[codecarbon INFO @ 04:12:19] Energy consumed for all GPUs : 0.001104 kWh. Total GPU Power : 64.75691696323761 W
[codecarbon INFO @ 04:12:19] 0.002950 kWh of electricity used since the beginning.

Layer_W2_M2 Epoch 5/8:  76%|â–ˆâ–ˆâ–ˆâ–ˆâ–ˆâ–ˆâ–ˆâ–‹  | 268/351 [00:03<00:00, 84.71it/s]
Layer_W2_M2 Epoch 5/8:  79%|â–ˆâ–ˆâ–ˆâ–ˆâ–ˆâ–ˆâ–ˆâ–‰  | 277/351 [00:03<00:00, 79.74it/s]
Layer_W2_M2 Epoch 5/8:  82%|â–ˆâ–ˆâ–ˆâ–ˆâ–ˆâ–ˆâ–ˆâ–ˆâ– | 287/351 [00:03<00:00, 84.00it/s]
Layer_W2_M2 Epoch 5/8:  84%|â–ˆâ–ˆâ–ˆâ–ˆâ–ˆâ–ˆâ–ˆâ–ˆâ– | 296/351 [00:03<00:00, 84.68it/s]
Layer_W2_M2 Epoch 5/8:  87%|â–ˆâ–ˆâ–ˆâ–ˆâ–ˆâ–ˆâ–ˆâ–ˆâ–‹ | 305/351 [00:03<00:00, 79.25it/s]
Layer_W2_M2 Epoch 5/8:  90%|â–ˆâ–ˆâ–ˆâ–ˆâ–ˆâ–ˆâ–ˆâ–ˆâ–‰ | 315/351 [00:03<00:00, 84.32it/s]
Layer_W2_M2 Epoch 5/8:  92%|â–ˆâ–ˆâ–ˆâ–ˆâ–ˆâ–ˆâ–ˆâ–ˆâ–ˆâ–| 324/351 [00:03<00:00, 84.70it/s]
Layer_W2_M2 Epoch 5/8:  95%|â–ˆâ–ˆâ–ˆâ–ˆâ–ˆâ–ˆâ–ˆâ–ˆâ–ˆâ–| 333/351 [00:04<00:00, 78.97it/s]
Layer_W2_M2 Epoch 5/8:  98%|â–ˆâ–ˆâ–ˆâ–ˆâ–ˆâ–ˆâ–ˆâ–ˆâ–ˆâ–Š| 343/351 [00:04<00:00, 84.35it/s]
Layer_W2_M2 Epoch 5/8:  98%|â–ˆâ–ˆâ–ˆâ–ˆâ–ˆâ–ˆâ–ˆâ–ˆâ–ˆâ–Š| 343/351 [00:04<00:00, 84.35it/s, loss=2.931177]
                                                                                       

Layer_W2_M2 Epoch 6/8:   0%|          | 0/351 [00:00<?, ?it/s]
Layer_W2_M2 Epoch 6/8:   1%|â–         | 5/351 [00:00<00:07, 43.81it/s]
Layer_W2_M2 Epoch 6/8:   4%|â–         | 15/351 [00:00<00:04, 74.64it/s]
Layer_W2_M2 Epoch 6/8:   7%|â–‹         | 25/351 [00:00<00:04, 72.53it/s]
Layer_W2_M2 Epoch 6/8:  10%|â–‰         | 35/351 [00:00<00:03, 81.89it/s]
Layer_W2_M2 Epoch 6/8:  13%|â–ˆâ–Ž        | 45/351 [00:00<00:03, 77.14it/s]
Layer_W2_M2 Epoch 6/8:  16%|â–ˆâ–Œ        | 55/351 [00:00<00:03, 83.65it/s]
Layer_W2_M2 Epoch 6/8:  19%|â–ˆâ–Š        | 65/351 [00:00<00:03, 78.79it/s]
Layer_W2_M2 Epoch 6/8:  21%|â–ˆâ–ˆâ–       | 75/351 [00:00<00:03, 84.19it/s]
Layer_W2_M2 Epoch 6/8:  24%|â–ˆâ–ˆâ–       | 85/351 [00:01<00:03, 79.51it/s]
Layer_W2_M2 Epoch 6/8:  27%|â–ˆâ–ˆâ–‹       | 95/351 [00:01<00:03, 84.70it/s]
Layer_W2_M2 Epoch 6/8:  30%|â–ˆâ–ˆâ–‰       | 105/351 [00:01<00:03, 79.83it/s]
Layer_W2_M2 Epoch 6/8:  33%|â–ˆâ–ˆâ–ˆâ–Ž      | 115/351 [00:01<00:02, 85.04it/s]
Layer_W2_M2 Epoch 6/8:  36%|â–ˆâ–ˆâ–ˆâ–Œ      | 125/351 [00:01<00:02, 80.04it/s]
Layer_W2_M2 Epoch 6/8:  38%|â–ˆâ–ˆâ–ˆâ–Š      | 135/351 [00:01<00:02, 85.09it/s]
Layer_W2_M2 Epoch 6/8:  41%|â–ˆâ–ˆâ–ˆâ–ˆâ–     | 145/351 [00:01<00:02, 80.08it/s]
Layer_W2_M2 Epoch 6/8:  44%|â–ˆâ–ˆâ–ˆâ–ˆâ–     | 155/351 [00:01<00:02, 85.10it/s]
Layer_W2_M2 Epoch 6/8:  47%|â–ˆâ–ˆâ–ˆâ–ˆâ–‹     | 165/351 [00:02<00:02, 80.07it/s]
Layer_W2_M2 Epoch 6/8:  50%|â–ˆâ–ˆâ–ˆâ–ˆâ–‰     | 175/351 [00:02<00:02, 85.07it/s]
Layer_W2_M2 Epoch 6/8:  53%|â–ˆâ–ˆâ–ˆâ–ˆâ–ˆâ–Ž    | 185/351 [00:02<00:02, 79.95it/s]
Layer_W2_M2 Epoch 6/8:  56%|â–ˆâ–ˆâ–ˆâ–ˆâ–ˆâ–Œ    | 195/351 [00:02<00:01, 84.92it/s]
Layer_W2_M2 Epoch 6/8:  58%|â–ˆâ–ˆâ–ˆâ–ˆâ–ˆâ–Š    | 205/351 [00:02<00:01, 80.00it/s]
Layer_W2_M2 Epoch 6/8:  62%|â–ˆâ–ˆâ–ˆâ–ˆâ–ˆâ–ˆâ–   | 216/351 [00:02<00:01, 87.32it/s]
Layer_W2_M2 Epoch 6/8:  64%|â–ˆâ–ˆâ–ˆâ–ˆâ–ˆâ–ˆâ–   | 226/351 [00:02<00:01, 81.54it/s]
Layer_W2_M2 Epoch 6/8:  67%|â–ˆâ–ˆâ–ˆâ–ˆâ–ˆâ–ˆâ–‹   | 236/351 [00:02<00:01, 86.07it/s]
Layer_W2_M2 Epoch 6/8:  70%|â–ˆâ–ˆâ–ˆâ–ˆâ–ˆâ–ˆâ–‰   | 245/351 [00:03<00:01, 78.70it/s]
Layer_W2_M2 Epoch 6/8:  73%|â–ˆâ–ˆâ–ˆâ–ˆâ–ˆâ–ˆâ–ˆâ–Ž  | 256/351 [00:03<00:01, 86.48it/s]
Layer_W2_M2 Epoch 6/8:  75%|â–ˆâ–ˆâ–ˆâ–ˆâ–ˆâ–ˆâ–ˆâ–Œ  | 265/351 [00:03<00:01, 79.00it/s]
Layer_W2_M2 Epoch 6/8:  78%|â–ˆâ–ˆâ–ˆâ–ˆâ–ˆâ–ˆâ–ˆâ–Š  | 275/351 [00:03<00:00, 84.23it/s]
Layer_W2_M2 Epoch 6/8:  81%|â–ˆâ–ˆâ–ˆâ–ˆâ–ˆâ–ˆâ–ˆâ–ˆ  | 284/351 [00:03<00:00, 85.74it/s]
Layer_W2_M2 Epoch 6/8:  83%|â–ˆâ–ˆâ–ˆâ–ˆâ–ˆâ–ˆâ–ˆâ–ˆâ–Ž | 293/351 [00:03<00:00, 78.45it/s]
Layer_W2_M2 Epoch 6/8:  86%|â–ˆâ–ˆâ–ˆâ–ˆâ–ˆâ–ˆâ–ˆâ–ˆâ–‹ | 303/351 [00:03<00:00, 83.96it/s]
Layer_W2_M2 Epoch 6/8:  89%|â–ˆâ–ˆâ–ˆâ–ˆâ–ˆâ–ˆâ–ˆâ–ˆâ–‰ | 313/351 [00:03<00:00, 79.13it/s]
Layer_W2_M2 Epoch 6/8:  92%|â–ˆâ–ˆâ–ˆâ–ˆâ–ˆâ–ˆâ–ˆâ–ˆâ–ˆâ–| 322/351 [00:03<00:00, 81.89it/s]
Layer_W2_M2 Epoch 6/8:  95%|â–ˆâ–ˆâ–ˆâ–ˆâ–ˆâ–ˆâ–ˆâ–ˆâ–ˆâ–| 333/351 [00:04<00:00, 80.44it/s]
Layer_W2_M2 Epoch 6/8:  98%|â–ˆâ–ˆâ–ˆâ–ˆâ–ˆâ–ˆâ–ˆâ–ˆâ–ˆâ–Š| 343/351 [00:04<00:00, 85.39it/s]
Layer_W2_M2 Epoch 6/8:  98%|â–ˆâ–ˆâ–ˆâ–ˆâ–ˆâ–ˆâ–ˆâ–ˆâ–ˆâ–Š| 343/351 [00:04<00:00, 85.39it/s, loss=2.847121]
                                                                                       

Layer_W2_M2 Epoch 7/8:   0%|          | 0/351 [00:00<?, ?it/s]
Layer_W2_M2 Epoch 7/8:   1%|â–         | 5/351 [00:00<00:07, 43.26it/s]
Layer_W2_M2 Epoch 7/8:   4%|â–         | 14/351 [00:00<00:04, 68.82it/s]
Layer_W2_M2 Epoch 7/8:   7%|â–‹         | 24/351 [00:00<00:03, 82.02it/s]
Layer_W2_M2 Epoch 7/8:   9%|â–‰         | 33/351 [00:00<00:04, 74.19it/s]
Layer_W2_M2 Epoch 7/8:  12%|â–ˆâ–        | 42/351 [00:00<00:03, 79.07it/s]
Layer_W2_M2 Epoch 7/8:  15%|â–ˆâ–        | 52/351 [00:00<00:03, 85.38it/s]
Layer_W2_M2 Epoch 7/8:  17%|â–ˆâ–‹        | 61/351 [00:00<00:03, 78.32it/s]
Layer_W2_M2 Epoch 7/8:  20%|â–ˆâ–‰        | 70/351 [00:00<00:03, 80.70it/s]
Layer_W2_M2 Epoch 7/8:  23%|â–ˆâ–ˆâ–Ž       | 80/351 [00:00<00:03, 86.24it/s]
Layer_W2_M2 Epoch 7/8:  25%|â–ˆâ–ˆâ–Œ       | 89/351 [00:01<00:03, 79.73it/s]
Layer_W2_M2 Epoch 7/8:  28%|â–ˆâ–ˆâ–Š       | 98/351 [00:01<00:03, 81.85it/s]
Layer_W2_M2 Epoch 7/8:  31%|â–ˆâ–ˆâ–ˆ       | 108/351 [00:01<00:02, 86.73it/s]
Layer_W2_M2 Epoch 7/8:  33%|â–ˆâ–ˆâ–ˆâ–Ž      | 117/351 [00:01<00:02, 80.25it/s]
Layer_W2_M2 Epoch 7/8:  36%|â–ˆâ–ˆâ–ˆâ–Œ      | 126/351 [00:01<00:02, 82.12it/s]
Layer_W2_M2 Epoch 7/8:  39%|â–ˆâ–ˆâ–ˆâ–Š      | 136/351 [00:01<00:02, 86.98it/s]
Layer_W2_M2 Epoch 7/8:  41%|â–ˆâ–ˆâ–ˆâ–ˆâ–     | 145/351 [00:01<00:02, 80.52it/s]
Layer_W2_M2 Epoch 7/8:  44%|â–ˆâ–ˆâ–ˆâ–ˆâ–     | 154/351 [00:01<00:02, 82.17it/s]
Layer_W2_M2 Epoch 7/8:  47%|â–ˆâ–ˆâ–ˆâ–ˆâ–‹     | 164/351 [00:02<00:02, 86.98it/s]
Layer_W2_M2 Epoch 7/8:  49%|â–ˆâ–ˆâ–ˆâ–ˆâ–‰     | 173/351 [00:02<00:02, 80.61it/s]
Layer_W2_M2 Epoch 7/8:  52%|â–ˆâ–ˆâ–ˆâ–ˆâ–ˆâ–    | 182/351 [00:02<00:02, 82.17it/s]
Layer_W2_M2 Epoch 7/8:  54%|â–ˆâ–ˆâ–ˆâ–ˆâ–ˆâ–    | 191/351 [00:02<00:01, 84.12it/s]
Layer_W2_M2 Epoch 7/8:  57%|â–ˆâ–ˆâ–ˆâ–ˆâ–ˆâ–‹    | 200/351 [00:02<00:01, 85.78it/s]
Layer_W2_M2 Epoch 7/8:  60%|â–ˆâ–ˆâ–ˆâ–ˆâ–ˆâ–‰    | 209/351 [00:02<00:01, 80.48it/s]
Layer_W2_M2 Epoch 7/8:  62%|â–ˆâ–ˆâ–ˆâ–ˆâ–ˆâ–ˆâ–   | 218/351 [00:02<00:01, 81.81it/s]
Layer_W2_M2 Epoch 7/8:  65%|â–ˆâ–ˆâ–ˆâ–ˆâ–ˆâ–ˆâ–   | 227/351 [00:02<00:01, 83.43it/s]
Layer_W2_M2 Epoch 7/8:  67%|â–ˆâ–ˆâ–ˆâ–ˆâ–ˆâ–ˆâ–‹   | 236/351 [00:02<00:01, 85.24it/s]
Layer_W2_M2 Epoch 7/8:  70%|â–ˆâ–ˆâ–ˆâ–ˆâ–ˆâ–ˆâ–‰   | 245/351 [00:03<00:01, 80.98it/s]
Layer_W2_M2 Epoch 7/8:  72%|â–ˆâ–ˆâ–ˆâ–ˆâ–ˆâ–ˆâ–ˆâ–  | 254/351 [00:03<00:01, 82.11it/s]
Layer_W2_M2 Epoch 7/8:  75%|â–ˆâ–ˆâ–ˆâ–ˆâ–ˆâ–ˆâ–ˆâ–  | 263/351 [00:03<00:01, 83.00it/s]
Layer_W2_M2 Epoch 7/8:  77%|â–ˆâ–ˆâ–ˆâ–ˆâ–ˆâ–ˆâ–ˆâ–‹  | 272/351 [00:03<00:00, 84.56it/s]
Layer_W2_M2 Epoch 7/8:  80%|â–ˆâ–ˆâ–ˆâ–ˆâ–ˆâ–ˆâ–ˆâ–ˆ  | 281/351 [00:03<00:00, 81.35it/s]
Layer_W2_M2 Epoch 7/8:  83%|â–ˆâ–ˆâ–ˆâ–ˆâ–ˆâ–ˆâ–ˆâ–ˆâ–Ž | 290/351 [00:03<00:00, 82.33it/s]
Layer_W2_M2 Epoch 7/8:  85%|â–ˆâ–ˆâ–ˆâ–ˆâ–ˆâ–ˆâ–ˆâ–ˆâ–Œ | 299/351 [00:03<00:00, 82.57it/s]
Layer_W2_M2 Epoch 7/8:  88%|â–ˆâ–ˆâ–ˆâ–ˆâ–ˆâ–ˆâ–ˆâ–ˆâ–Š | 308/351 [00:03<00:00, 84.04it/s]
Layer_W2_M2 Epoch 7/8:  90%|â–ˆâ–ˆâ–ˆâ–ˆâ–ˆâ–ˆâ–ˆâ–ˆâ–ˆ | 317/351 [00:03<00:00, 82.22it/s]
Layer_W2_M2 Epoch 7/8:  93%|â–ˆâ–ˆâ–ˆâ–ˆâ–ˆâ–ˆâ–ˆâ–ˆâ–ˆâ–Ž| 326/351 [00:03<00:00, 82.26it/s]
Layer_W2_M2 Epoch 7/8:  95%|â–ˆâ–ˆâ–ˆâ–ˆâ–ˆâ–ˆâ–ˆâ–ˆâ–ˆâ–Œ| 335/351 [00:04<00:00, 82.41it/s]
Layer_W2_M2 Epoch 7/8:  98%|â–ˆâ–ˆâ–ˆâ–ˆâ–ˆâ–ˆâ–ˆâ–ˆâ–ˆâ–Š| 344/351 [00:04<00:00, 82.13it/s]
Layer_W2_M2 Epoch 7/8:  98%|â–ˆâ–ˆâ–ˆâ–ˆâ–ˆâ–ˆâ–ˆâ–ˆâ–ˆâ–Š| 344/351 [00:04<00:00, 82.13it/s, loss=2.960794]
                                                                                       

Layer_W2_M2 Epoch 8/8:   0%|          | 0/351 [00:00<?, ?it/s]
Layer_W2_M2 Epoch 8/8:   1%|â–         | 5/351 [00:00<00:07, 45.78it/s]
Layer_W2_M2 Epoch 8/8:   4%|â–         | 14/351 [00:00<00:04, 69.79it/s]
Layer_W2_M2 Epoch 8/8:   7%|â–‹         | 24/351 [00:00<00:03, 82.69it/s]
Layer_W2_M2 Epoch 8/8:   9%|â–‰         | 33/351 [00:00<00:04, 75.85it/s]
Layer_W2_M2 Epoch 8/8:  12%|â–ˆâ–        | 42/351 [00:00<00:03, 78.81it/s]
Layer_W2_M2 Epoch 8/8:  15%|â–ˆâ–        | 52/351 [00:00<00:03, 85.37it/s]
Layer_W2_M2 Epoch 8/8:  17%|â–ˆâ–‹        | 61/351 [00:00<00:03, 79.62it/s]
Layer_W2_M2 Epoch 8/8:  20%|â–ˆâ–‰        | 70/351 [00:00<00:03, 80.15it/s]
Layer_W2_M2 Epoch 8/8:  23%|â–ˆâ–ˆâ–Ž       | 80/351 [00:00<00:03, 85.59it/s]
Layer_W2_M2 Epoch 8/8:  25%|â–ˆâ–ˆâ–Œ       | 89/351 [00:01<00:03, 81.17it/s]
Layer_W2_M2 Epoch 8/8:  28%|â–ˆâ–ˆâ–Š       | 98/351 [00:01<00:03, 80.28it/s]
Layer_W2_M2 Epoch 8/8:  31%|â–ˆâ–ˆâ–ˆ       | 108/351 [00:01<00:02, 85.39it/s]
Layer_W2_M2 Epoch 8/8:  33%|â–ˆâ–ˆâ–ˆâ–Ž      | 117/351 [00:01<00:02, 81.93it/s]
Layer_W2_M2 Epoch 8/8:  36%|â–ˆâ–ˆâ–ˆâ–Œ      | 126/351 [00:01<00:02, 79.95it/s]
Layer_W2_M2 Epoch 8/8:  39%|â–ˆâ–ˆâ–ˆâ–Š      | 136/351 [00:01<00:02, 85.30it/s]
Layer_W2_M2 Epoch 8/8:  41%|â–ˆâ–ˆâ–ˆâ–ˆâ–     | 145/351 [00:01<00:02, 82.78it/s]
Layer_W2_M2 Epoch 8/8:  44%|â–ˆâ–ˆâ–ˆâ–ˆâ–     | 154/351 [00:01<00:02, 79.71it/s]
Layer_W2_M2 Epoch 8/8:  47%|â–ˆâ–ˆâ–ˆâ–ˆâ–‹     | 164/351 [00:02<00:02, 84.93it/s]
Layer_W2_M2 Epoch 8/8:  49%|â–ˆâ–ˆâ–ˆâ–ˆâ–‰     | 173/351 [00:02<00:02, 83.48it/s]
Layer_W2_M2 Epoch 8/8:  52%|â–ˆâ–ˆâ–ˆâ–ˆâ–ˆâ–    | 182/351 [00:02<00:02, 79.25it/s]
Layer_W2_M2 Epoch 8/8:  55%|â–ˆâ–ˆâ–ˆâ–ˆâ–ˆâ–    | 192/351 [00:02<00:01, 84.54it/s]
Layer_W2_M2 Epoch 8/8:  57%|â–ˆâ–ˆâ–ˆâ–ˆâ–ˆâ–‹    | 201/351 [00:02<00:01, 84.18it/s]
Layer_W2_M2 Epoch 8/8:  60%|â–ˆâ–ˆâ–ˆâ–ˆâ–ˆâ–‰    | 210/351 [00:02<00:01, 79.08it/s]
Layer_W2_M2 Epoch 8/8:  63%|â–ˆâ–ˆâ–ˆâ–ˆâ–ˆâ–ˆâ–Ž   | 220/351 [00:02<00:01, 84.62it/s]
Layer_W2_M2 Epoch 8/8:  65%|â–ˆâ–ˆâ–ˆâ–ˆâ–ˆâ–ˆâ–Œ   | 229/351 [00:02<00:01, 84.26it/s]
Layer_W2_M2 Epoch 8/8:  68%|â–ˆâ–ˆâ–ˆâ–ˆâ–ˆâ–ˆâ–Š   | 238/351 [00:02<00:01, 78.99it/s]
Layer_W2_M2 Epoch 8/8:  71%|â–ˆâ–ˆâ–ˆâ–ˆâ–ˆâ–ˆâ–ˆ   | 248/351 [00:03<00:01, 84.56it/s]
Layer_W2_M2 Epoch 8/8:  73%|â–ˆâ–ˆâ–ˆâ–ˆâ–ˆâ–ˆâ–ˆâ–Ž  | 257/351 [00:03<00:01, 84.91it/s]
Layer_W2_M2 Epoch 8/8:  76%|â–ˆâ–ˆâ–ˆâ–ˆâ–ˆâ–ˆâ–ˆâ–Œ  | 266/351 [00:03<00:01, 78.63it/s]
Layer_W2_M2 Epoch 8/8:  79%|â–ˆâ–ˆâ–ˆâ–ˆâ–ˆâ–ˆâ–ˆâ–Š  | 276/351 [00:03<00:00, 84.07it/s]
Layer_W2_M2 Epoch 8/8:  81%|â–ˆâ–ˆâ–ˆâ–ˆâ–ˆâ–ˆâ–ˆâ–ˆ  | 285/351 [00:03<00:00, 85.35it/s]
Layer_W2_M2 Epoch 8/8:  84%|â–ˆâ–ˆâ–ˆâ–ˆâ–ˆâ–ˆâ–ˆâ–ˆâ– | 294/351 [00:03<00:00, 78.40it/s]
Layer_W2_M2 Epoch 8/8:  87%|â–ˆâ–ˆâ–ˆâ–ˆâ–ˆâ–ˆâ–ˆâ–ˆâ–‹ | 304/351 [00:03<00:00, 84.11it/s]
Layer_W2_M2 Epoch 8/8:  89%|â–ˆâ–ˆâ–ˆâ–ˆâ–ˆâ–ˆâ–ˆâ–ˆâ–‰ | 313/351 [00:03<00:00, 85.60it/s]
Layer_W2_M2 Epoch 8/8:  92%|â–ˆâ–ˆâ–ˆâ–ˆâ–ˆâ–ˆâ–ˆâ–ˆâ–ˆâ–| 322/351 [00:03<00:00, 78.15it/s]
Layer_W2_M2 Epoch 8/8:  95%|â–ˆâ–ˆâ–ˆâ–ˆâ–ˆâ–ˆâ–ˆâ–ˆâ–ˆâ–| 332/351 [00:04<00:00, 83.74it/s][codecarbon INFO @ 04:12:33] Energy consumed for RAM : 0.000776 kWh. RAM Power : 38.0 W

Layer_W2_M2 Epoch 8/8:  97%|â–ˆâ–ˆâ–ˆâ–ˆâ–ˆâ–ˆâ–ˆâ–ˆâ–ˆâ–‹| 342/351 [00:04<00:00, 79.07it/s]
Layer_W2_M2 Epoch 8/8:  97%|â–ˆâ–ˆâ–ˆâ–ˆâ–ˆâ–ˆâ–ˆâ–ˆâ–ˆâ–‹| 342/351 [00:04<00:00, 79.07it/s, loss=2.843061]
Layer_W2_M2 Epoch 8/8: 100%|â–ˆâ–ˆâ–ˆâ–ˆâ–ˆâ–ˆâ–ˆâ–ˆâ–ˆâ–ˆ| 351/351 [00:04<00:00, 81.76it/s, loss=2.843061]
                                                                                       

Layer_W3_M3 Epoch 1/8:   0%|          | 0/351 [00:00<?, ?it/s][codecarbon INFO @ 04:12:34] Delta energy consumed for CPU with cpu_load : 0.000303 kWh, power : 75.15 W
[codecarbon INFO @ 04:12:34] Energy consumed for All CPU : 0.001525 kWh
[codecarbon INFO @ 04:12:34] Energy consumed for all GPUs : 0.001374 kWh. Total GPU Power : 64.6799132838356 W
[codecarbon INFO @ 04:12:34] 0.003675 kWh of electricity used since the beginning.

Layer_W3_M3 Epoch 1/8:   1%|â–         | 5/351 [00:00<00:07, 46.80it/s]
Layer_W3_M3 Epoch 1/8:   4%|â–         | 14/351 [00:00<00:04, 71.18it/s]
Layer_W3_M3 Epoch 1/8:   7%|â–‹         | 24/351 [00:00<00:03, 83.53it/s]
Layer_W3_M3 Epoch 1/8:   9%|â–‰         | 33/351 [00:00<00:04, 75.75it/s]
Layer_W3_M3 Epoch 1/8:  12%|â–ˆâ–        | 42/351 [00:00<00:03, 79.33it/s]
Layer_W3_M3 Epoch 1/8:  15%|â–ˆâ–        | 52/351 [00:00<00:03, 85.51it/s]
Layer_W3_M3 Epoch 1/8:  17%|â–ˆâ–‹        | 61/351 [00:00<00:03, 79.27it/s]
Layer_W3_M3 Epoch 1/8:  20%|â–ˆâ–‰        | 70/351 [00:00<00:03, 80.64it/s]
Layer_W3_M3 Epoch 1/8:  23%|â–ˆâ–ˆâ–Ž       | 80/351 [00:00<00:03, 86.07it/s]
Layer_W3_M3 Epoch 1/8:  25%|â–ˆâ–ˆâ–Œ       | 89/351 [00:01<00:03, 80.44it/s]
Layer_W3_M3 Epoch 1/8:  28%|â–ˆâ–ˆâ–Š       | 98/351 [00:01<00:03, 80.76it/s]
Layer_W3_M3 Epoch 1/8:  31%|â–ˆâ–ˆâ–ˆ       | 108/351 [00:01<00:02, 86.05it/s]
Layer_W3_M3 Epoch 1/8:  33%|â–ˆâ–ˆâ–ˆâ–Ž      | 117/351 [00:01<00:02, 81.00it/s]
Layer_W3_M3 Epoch 1/8:  36%|â–ˆâ–ˆâ–ˆâ–Œ      | 126/351 [00:01<00:02, 80.77it/s]
Layer_W3_M3 Epoch 1/8:  39%|â–ˆâ–ˆâ–ˆâ–Š      | 136/351 [00:01<00:02, 85.72it/s]
Layer_W3_M3 Epoch 1/8:  41%|â–ˆâ–ˆâ–ˆâ–ˆâ–     | 145/351 [00:01<00:02, 81.59it/s]
Layer_W3_M3 Epoch 1/8:  44%|â–ˆâ–ˆâ–ˆâ–ˆâ–     | 154/351 [00:01<00:02, 80.12it/s]
Layer_W3_M3 Epoch 1/8:  47%|â–ˆâ–ˆâ–ˆâ–ˆâ–‹     | 164/351 [00:02<00:02, 85.21it/s]
Layer_W3_M3 Epoch 1/8:  49%|â–ˆâ–ˆâ–ˆâ–ˆâ–‰     | 173/351 [00:02<00:02, 82.16it/s]
Layer_W3_M3 Epoch 1/8:  52%|â–ˆâ–ˆâ–ˆâ–ˆâ–ˆâ–    | 182/351 [00:02<00:02, 80.01it/s]
Layer_W3_M3 Epoch 1/8:  55%|â–ˆâ–ˆâ–ˆâ–ˆâ–ˆâ–    | 192/351 [00:02<00:01, 85.14it/s]
Layer_W3_M3 Epoch 1/8:  57%|â–ˆâ–ˆâ–ˆâ–ˆâ–ˆâ–‹    | 201/351 [00:02<00:01, 82.09it/s]
Layer_W3_M3 Epoch 1/8:  60%|â–ˆâ–ˆâ–ˆâ–ˆâ–ˆâ–‰    | 210/351 [00:02<00:01, 79.87it/s]
Layer_W3_M3 Epoch 1/8:  63%|â–ˆâ–ˆâ–ˆâ–ˆâ–ˆâ–ˆâ–Ž   | 220/351 [00:02<00:01, 85.17it/s]
Layer_W3_M3 Epoch 1/8:  65%|â–ˆâ–ˆâ–ˆâ–ˆâ–ˆâ–ˆâ–Œ   | 229/351 [00:02<00:01, 82.27it/s]
Layer_W3_M3 Epoch 1/8:  68%|â–ˆâ–ˆâ–ˆâ–ˆâ–ˆâ–ˆâ–Š   | 238/351 [00:02<00:01, 79.92it/s]
Layer_W3_M3 Epoch 1/8:  71%|â–ˆâ–ˆâ–ˆâ–ˆâ–ˆâ–ˆâ–ˆ   | 248/351 [00:03<00:01, 85.23it/s]
Layer_W3_M3 Epoch 1/8:  73%|â–ˆâ–ˆâ–ˆâ–ˆâ–ˆâ–ˆâ–ˆâ–Ž  | 257/351 [00:03<00:01, 82.43it/s]
Layer_W3_M3 Epoch 1/8:  76%|â–ˆâ–ˆâ–ˆâ–ˆâ–ˆâ–ˆâ–ˆâ–Œ  | 266/351 [00:03<00:01, 79.74it/s]
Layer_W3_M3 Epoch 1/8:  79%|â–ˆâ–ˆâ–ˆâ–ˆâ–ˆâ–ˆâ–ˆâ–Š  | 276/351 [00:03<00:00, 84.95it/s]
Layer_W3_M3 Epoch 1/8:  81%|â–ˆâ–ˆâ–ˆâ–ˆâ–ˆâ–ˆâ–ˆâ–ˆ  | 285/351 [00:03<00:00, 82.61it/s]
Layer_W3_M3 Epoch 1/8:  84%|â–ˆâ–ˆâ–ˆâ–ˆâ–ˆâ–ˆâ–ˆâ–ˆâ– | 294/351 [00:03<00:00, 79.54it/s]
Layer_W3_M3 Epoch 1/8:  87%|â–ˆâ–ˆâ–ˆâ–ˆâ–ˆâ–ˆâ–ˆâ–ˆâ–‹ | 304/351 [00:03<00:00, 84.87it/s]
Layer_W3_M3 Epoch 1/8:  89%|â–ˆâ–ˆâ–ˆâ–ˆâ–ˆâ–ˆâ–ˆâ–ˆâ–‰ | 313/351 [00:03<00:00, 82.76it/s]
Layer_W3_M3 Epoch 1/8:  92%|â–ˆâ–ˆâ–ˆâ–ˆâ–ˆâ–ˆâ–ˆâ–ˆâ–ˆâ–| 322/351 [00:03<00:00, 79.58it/s]
Layer_W3_M3 Epoch 1/8:  95%|â–ˆâ–ˆâ–ˆâ–ˆâ–ˆâ–ˆâ–ˆâ–ˆâ–ˆâ–| 332/351 [00:04<00:00, 84.90it/s]
Layer_W3_M3 Epoch 1/8:  97%|â–ˆâ–ˆâ–ˆâ–ˆâ–ˆâ–ˆâ–ˆâ–ˆâ–ˆâ–‹| 341/351 [00:04<00:00, 83.70it/s]
Layer_W3_M3 Epoch 1/8: 100%|â–ˆâ–ˆâ–ˆâ–ˆâ–ˆâ–ˆâ–ˆâ–ˆâ–ˆâ–‰| 350/351 [00:04<00:00, 79.25it/s]
Layer_W3_M3 Epoch 1/8: 100%|â–ˆâ–ˆâ–ˆâ–ˆâ–ˆâ–ˆâ–ˆâ–ˆâ–ˆâ–‰| 350/351 [00:04<00:00, 79.25it/s, loss=3.357800]
                                                                                       

Layer_W3_M3 Epoch 2/8:   0%|          | 0/351 [00:00<?, ?it/s]
Layer_W3_M3 Epoch 2/8:   1%|â–         | 5/351 [00:00<00:07, 45.58it/s]
Layer_W3_M3 Epoch 2/8:   4%|â–         | 14/351 [00:00<00:04, 69.89it/s]
Layer_W3_M3 Epoch 2/8:   7%|â–‹         | 24/351 [00:00<00:03, 83.06it/s]
Layer_W3_M3 Epoch 2/8:   9%|â–‰         | 33/351 [00:00<00:04, 75.45it/s]
Layer_W3_M3 Epoch 2/8:  12%|â–ˆâ–        | 42/351 [00:00<00:03, 79.14it/s]
Layer_W3_M3 Epoch 2/8:  15%|â–ˆâ–        | 52/351 [00:00<00:03, 85.47it/s]
Layer_W3_M3 Epoch 2/8:  17%|â–ˆâ–‹        | 61/351 [00:00<00:03, 78.72it/s]
Layer_W3_M3 Epoch 2/8:  20%|â–ˆâ–‰        | 70/351 [00:00<00:03, 80.21it/s]
Layer_W3_M3 Epoch 2/8:  23%|â–ˆâ–ˆâ–Ž       | 80/351 [00:00<00:03, 85.58it/s]
Layer_W3_M3 Epoch 2/8:  25%|â–ˆâ–ˆâ–Œ       | 89/351 [00:01<00:03, 80.19it/s]
Layer_W3_M3 Epoch 2/8:  28%|â–ˆâ–ˆâ–Š       | 98/351 [00:01<00:03, 80.66it/s]
Layer_W3_M3 Epoch 2/8:  31%|â–ˆâ–ˆâ–ˆ       | 108/351 [00:01<00:02, 85.83it/s]
Layer_W3_M3 Epoch 2/8:  33%|â–ˆâ–ˆâ–ˆâ–Ž      | 117/351 [00:01<00:02, 81.25it/s]
Layer_W3_M3 Epoch 2/8:  36%|â–ˆâ–ˆâ–ˆâ–Œ      | 126/351 [00:01<00:02, 80.60it/s]
Layer_W3_M3 Epoch 2/8:  39%|â–ˆâ–ˆâ–ˆâ–‰      | 137/351 [00:01<00:02, 82.55it/s]
Layer_W3_M3 Epoch 2/8:  42%|â–ˆâ–ˆâ–ˆâ–ˆâ–     | 146/351 [00:01<00:02, 81.48it/s]
Layer_W3_M3 Epoch 2/8:  44%|â–ˆâ–ˆâ–ˆâ–ˆâ–     | 156/351 [00:01<00:02, 86.31it/s]
Layer_W3_M3 Epoch 2/8:  47%|â–ˆâ–ˆâ–ˆâ–ˆâ–‹     | 165/351 [00:02<00:02, 82.43it/s]
Layer_W3_M3 Epoch 2/8:  50%|â–ˆâ–ˆâ–ˆâ–ˆâ–‰     | 174/351 [00:02<00:02, 80.73it/s]
Layer_W3_M3 Epoch 2/8:  52%|â–ˆâ–ˆâ–ˆâ–ˆâ–ˆâ–    | 184/351 [00:02<00:01, 85.56it/s]
Layer_W3_M3 Epoch 2/8:  55%|â–ˆâ–ˆâ–ˆâ–ˆâ–ˆâ–    | 193/351 [00:02<00:01, 82.63it/s]
Layer_W3_M3 Epoch 2/8:  58%|â–ˆâ–ˆâ–ˆâ–ˆâ–ˆâ–Š    | 202/351 [00:02<00:01, 80.59it/s]
Layer_W3_M3 Epoch 2/8:  60%|â–ˆâ–ˆâ–ˆâ–ˆâ–ˆâ–ˆ    | 211/351 [00:02<00:01, 82.67it/s]
Layer_W3_M3 Epoch 2/8:  63%|â–ˆâ–ˆâ–ˆâ–ˆâ–ˆâ–ˆâ–Ž   | 221/351 [00:02<00:01, 83.62it/s]
Layer_W3_M3 Epoch 2/8:  66%|â–ˆâ–ˆâ–ˆâ–ˆâ–ˆâ–ˆâ–Œ   | 230/351 [00:02<00:01, 80.63it/s]
Layer_W3_M3 Epoch 2/8:  68%|â–ˆâ–ˆâ–ˆâ–ˆâ–ˆâ–ˆâ–Š   | 239/351 [00:02<00:01, 82.62it/s]
Layer_W3_M3 Epoch 2/8:  71%|â–ˆâ–ˆâ–ˆâ–ˆâ–ˆâ–ˆâ–ˆ   | 249/351 [00:03<00:01, 84.47it/s]
Layer_W3_M3 Epoch 2/8:  74%|â–ˆâ–ˆâ–ˆâ–ˆâ–ˆâ–ˆâ–ˆâ–Ž  | 258/351 [00:03<00:01, 80.61it/s]
Layer_W3_M3 Epoch 2/8:  76%|â–ˆâ–ˆâ–ˆâ–ˆâ–ˆâ–ˆâ–ˆâ–Œ  | 267/351 [00:03<00:01, 82.31it/s]
Layer_W3_M3 Epoch 2/8:  79%|â–ˆâ–ˆâ–ˆâ–ˆâ–ˆâ–ˆâ–ˆâ–‰  | 277/351 [00:03<00:00, 84.97it/s]
Layer_W3_M3 Epoch 2/8:  81%|â–ˆâ–ˆâ–ˆâ–ˆâ–ˆâ–ˆâ–ˆâ–ˆâ– | 286/351 [00:03<00:00, 80.54it/s]
Layer_W3_M3 Epoch 2/8:  84%|â–ˆâ–ˆâ–ˆâ–ˆâ–ˆâ–ˆâ–ˆâ–ˆâ– | 295/351 [00:03<00:00, 81.91it/s]
Layer_W3_M3 Epoch 2/8:  87%|â–ˆâ–ˆâ–ˆâ–ˆâ–ˆâ–ˆâ–ˆâ–ˆâ–‹ | 305/351 [00:03<00:00, 85.62it/s]
Layer_W3_M3 Epoch 2/8:  89%|â–ˆâ–ˆâ–ˆâ–ˆâ–ˆâ–ˆâ–ˆâ–ˆâ–‰ | 314/351 [00:03<00:00, 80.61it/s]
Layer_W3_M3 Epoch 2/8:  92%|â–ˆâ–ˆâ–ˆâ–ˆâ–ˆâ–ˆâ–ˆâ–ˆâ–ˆâ–| 323/351 [00:03<00:00, 81.54it/s]
Layer_W3_M3 Epoch 2/8:  95%|â–ˆâ–ˆâ–ˆâ–ˆâ–ˆâ–ˆâ–ˆâ–ˆâ–ˆâ–| 333/351 [00:04<00:00, 86.10it/s]
Layer_W3_M3 Epoch 2/8:  97%|â–ˆâ–ˆâ–ˆâ–ˆâ–ˆâ–ˆâ–ˆâ–ˆâ–ˆâ–‹| 342/351 [00:04<00:00, 80.47it/s]
Layer_W3_M3 Epoch 2/8:  97%|â–ˆâ–ˆâ–ˆâ–ˆâ–ˆâ–ˆâ–ˆâ–ˆâ–ˆâ–‹| 342/351 [00:04<00:00, 80.47it/s, loss=2.945361]
Layer_W3_M3 Epoch 2/8: 100%|â–ˆâ–ˆâ–ˆâ–ˆâ–ˆâ–ˆâ–ˆâ–ˆâ–ˆâ–ˆ| 351/351 [00:04<00:00, 81.01it/s, loss=2.945361]
                                                                                       

Layer_W3_M3 Epoch 3/8:   0%|          | 0/351 [00:00<?, ?it/s]
Layer_W3_M3 Epoch 3/8:   1%|â–         | 5/351 [00:00<00:07, 43.50it/s]
Layer_W3_M3 Epoch 3/8:   4%|â–         | 15/351 [00:00<00:04, 74.62it/s]
Layer_W3_M3 Epoch 3/8:   7%|â–‹         | 25/351 [00:00<00:04, 72.63it/s]
Layer_W3_M3 Epoch 3/8:  10%|â–‰         | 35/351 [00:00<00:03, 81.91it/s]
Layer_W3_M3 Epoch 3/8:  13%|â–ˆâ–Ž        | 45/351 [00:00<00:03, 77.29it/s]
Layer_W3_M3 Epoch 3/8:  15%|â–ˆâ–Œ        | 54/351 [00:00<00:03, 81.00it/s]
Layer_W3_M3 Epoch 3/8:  18%|â–ˆâ–Š        | 64/351 [00:00<00:03, 86.28it/s]
Layer_W3_M3 Epoch 3/8:  21%|â–ˆâ–ˆ        | 73/351 [00:00<00:03, 78.23it/s]
Layer_W3_M3 Epoch 3/8:  24%|â–ˆâ–ˆâ–Ž       | 83/351 [00:01<00:03, 83.98it/s]
Layer_W3_M3 Epoch 3/8:  26%|â–ˆâ–ˆâ–‹       | 93/351 [00:01<00:03, 79.23it/s]
Layer_W3_M3 Epoch 3/8:  29%|â–ˆâ–ˆâ–‰       | 103/351 [00:01<00:02, 84.42it/s]
Layer_W3_M3 Epoch 3/8:  32%|â–ˆâ–ˆâ–ˆâ–      | 113/351 [00:01<00:02, 79.90it/s]
Layer_W3_M3 Epoch 3/8:  35%|â–ˆâ–ˆâ–ˆâ–Œ      | 124/351 [00:01<00:02, 87.36it/s]
Layer_W3_M3 Epoch 3/8:  38%|â–ˆâ–ˆâ–ˆâ–Š      | 133/351 [00:01<00:02, 79.60it/s]
Layer_W3_M3 Epoch 3/8:  40%|â–ˆâ–ˆâ–ˆâ–ˆ      | 142/351 [00:01<00:02, 82.27it/s]
Layer_W3_M3 Epoch 3/8:  43%|â–ˆâ–ˆâ–ˆâ–ˆâ–Ž     | 152/351 [00:01<00:02, 86.83it/s]
Layer_W3_M3 Epoch 3/8:  46%|â–ˆâ–ˆâ–ˆâ–ˆâ–Œ     | 161/351 [00:02<00:02, 79.92it/s]
Layer_W3_M3 Epoch 3/8:  48%|â–ˆâ–ˆâ–ˆâ–ˆâ–Š     | 170/351 [00:02<00:02, 81.57it/s]
Layer_W3_M3 Epoch 3/8:  51%|â–ˆâ–ˆâ–ˆâ–ˆâ–ˆâ–    | 180/351 [00:02<00:01, 86.41it/s]
Layer_W3_M3 Epoch 3/8:  54%|â–ˆâ–ˆâ–ˆâ–ˆâ–ˆâ–    | 189/351 [00:02<00:02, 80.57it/s]
Layer_W3_M3 Epoch 3/8:  56%|â–ˆâ–ˆâ–ˆâ–ˆâ–ˆâ–‹    | 198/351 [00:02<00:01, 81.18it/s]
Layer_W3_M3 Epoch 3/8:  59%|â–ˆâ–ˆâ–ˆâ–ˆâ–ˆâ–‰    | 208/351 [00:02<00:01, 86.20it/s]
Layer_W3_M3 Epoch 3/8:  62%|â–ˆâ–ˆâ–ˆâ–ˆâ–ˆâ–ˆâ–   | 217/351 [00:02<00:01, 81.11it/s]
Layer_W3_M3 Epoch 3/8:  64%|â–ˆâ–ˆâ–ˆâ–ˆâ–ˆâ–ˆâ–   | 226/351 [00:02<00:01, 80.90it/s]
Layer_W3_M3 Epoch 3/8:  68%|â–ˆâ–ˆâ–ˆâ–ˆâ–ˆâ–ˆâ–Š   | 237/351 [00:02<00:01, 82.60it/s]
Layer_W3_M3 Epoch 3/8:  70%|â–ˆâ–ˆâ–ˆâ–ˆâ–ˆâ–ˆâ–ˆ   | 246/351 [00:03<00:01, 81.39it/s]
Layer_W3_M3 Epoch 3/8:  73%|â–ˆâ–ˆâ–ˆâ–ˆâ–ˆâ–ˆâ–ˆâ–Ž  | 256/351 [00:03<00:01, 86.26it/s]
Layer_W3_M3 Epoch 3/8:  75%|â–ˆâ–ˆâ–ˆâ–ˆâ–ˆâ–ˆâ–ˆâ–Œ  | 265/351 [00:03<00:01, 82.36it/s]
Layer_W3_M3 Epoch 3/8:  78%|â–ˆâ–ˆâ–ˆâ–ˆâ–ˆâ–ˆâ–ˆâ–Š  | 274/351 [00:03<00:00, 80.62it/s]
Layer_W3_M3 Epoch 3/8:  81%|â–ˆâ–ˆâ–ˆâ–ˆâ–ˆâ–ˆâ–ˆâ–ˆ  | 284/351 [00:03<00:00, 85.81it/s]
Layer_W3_M3 Epoch 3/8:  83%|â–ˆâ–ˆâ–ˆâ–ˆâ–ˆâ–ˆâ–ˆâ–ˆâ–Ž | 293/351 [00:03<00:00, 82.40it/s]
Layer_W3_M3 Epoch 3/8:  86%|â–ˆâ–ˆâ–ˆâ–ˆâ–ˆâ–ˆâ–ˆâ–ˆâ–Œ | 302/351 [00:03<00:00, 80.21it/s]
Layer_W3_M3 Epoch 3/8:  89%|â–ˆâ–ˆâ–ˆâ–ˆâ–ˆâ–ˆâ–ˆâ–ˆâ–‰ | 312/351 [00:03<00:00, 85.41it/s]
Layer_W3_M3 Epoch 3/8:  91%|â–ˆâ–ˆâ–ˆâ–ˆâ–ˆâ–ˆâ–ˆâ–ˆâ–ˆâ–| 321/351 [00:03<00:00, 82.70it/s]
Layer_W3_M3 Epoch 3/8:  94%|â–ˆâ–ˆâ–ˆâ–ˆâ–ˆâ–ˆâ–ˆâ–ˆâ–ˆâ–| 330/351 [00:04<00:00, 79.82it/s]
Layer_W3_M3 Epoch 3/8:  97%|â–ˆâ–ˆâ–ˆâ–ˆâ–ˆâ–ˆâ–ˆâ–ˆâ–ˆâ–‹| 340/351 [00:04<00:00, 84.93it/s]
Layer_W3_M3 Epoch 3/8:  99%|â–ˆâ–ˆâ–ˆâ–ˆâ–ˆâ–ˆâ–ˆâ–ˆâ–ˆâ–‰| 349/351 [00:04<00:00, 83.13it/s]
Layer_W3_M3 Epoch 3/8:  99%|â–ˆâ–ˆâ–ˆâ–ˆâ–ˆâ–ˆâ–ˆâ–ˆâ–ˆâ–‰| 349/351 [00:04<00:00, 83.13it/s, loss=2.838435]
                                                                                       

Layer_W3_M3 Epoch 4/8:   0%|          | 0/351 [00:00<?, ?it/s]
Layer_W3_M3 Epoch 4/8:   1%|â–         | 5/351 [00:00<00:07, 44.99it/s]
Layer_W3_M3 Epoch 4/8:   4%|â–         | 15/351 [00:00<00:04, 75.87it/s]
Layer_W3_M3 Epoch 4/8:   7%|â–‹         | 25/351 [00:00<00:04, 73.06it/s]
Layer_W3_M3 Epoch 4/8:  10%|â–‰         | 35/351 [00:00<00:03, 82.09it/s]
Layer_W3_M3 Epoch 4/8:  13%|â–ˆâ–Ž        | 45/351 [00:00<00:03, 78.11it/s]
Layer_W3_M3 Epoch 4/8:  15%|â–ˆâ–Œ        | 54/351 [00:00<00:03, 80.40it/s]
Layer_W3_M3 Epoch 4/8:  18%|â–ˆâ–Š        | 64/351 [00:00<00:03, 86.15it/s]
Layer_W3_M3 Epoch 4/8:  21%|â–ˆâ–ˆ        | 73/351 [00:00<00:03, 79.66it/s][codecarbon INFO @ 04:12:48] Energy consumed for RAM : 0.000929 kWh. RAM Power : 38.0 W

Layer_W3_M3 Epoch 4/8:  23%|â–ˆâ–ˆâ–Ž       | 82/351 [00:01<00:03, 80.84it/s]
Layer_W3_M3 Epoch 4/8:  26%|â–ˆâ–ˆâ–Œ       | 92/351 [00:01<00:03, 86.02it/s]
Layer_W3_M3 Epoch 4/8:  29%|â–ˆâ–ˆâ–‰       | 101/351 [00:01<00:03, 80.59it/s]
Layer_W3_M3 Epoch 4/8:  31%|â–ˆâ–ˆâ–ˆâ–      | 110/351 [00:01<00:02, 80.70it/s][codecarbon INFO @ 04:12:49] Delta energy consumed for CPU with cpu_load : 0.000302 kWh, power : 75.009375 W
[codecarbon INFO @ 04:12:49] Energy consumed for All CPU : 0.001827 kWh
[codecarbon INFO @ 04:12:49] Energy consumed for all GPUs : 0.001644 kWh. Total GPU Power : 64.94651248066104 W
[codecarbon INFO @ 04:12:49] 0.004400 kWh of electricity used since the beginning.

Layer_W3_M3 Epoch 4/8:  34%|â–ˆâ–ˆâ–ˆâ–      | 120/351 [00:01<00:02, 85.89it/s]
Layer_W3_M3 Epoch 4/8:  37%|â–ˆâ–ˆâ–ˆâ–‹      | 129/351 [00:01<00:02, 81.08it/s]
Layer_W3_M3 Epoch 4/8:  39%|â–ˆâ–ˆâ–ˆâ–‰      | 138/351 [00:01<00:02, 80.39it/s]
Layer_W3_M3 Epoch 4/8:  42%|â–ˆâ–ˆâ–ˆâ–ˆâ–     | 148/351 [00:01<00:02, 85.62it/s]
Layer_W3_M3 Epoch 4/8:  45%|â–ˆâ–ˆâ–ˆâ–ˆâ–     | 157/351 [00:01<00:02, 82.04it/s]
Layer_W3_M3 Epoch 4/8:  47%|â–ˆâ–ˆâ–ˆâ–ˆâ–‹     | 166/351 [00:02<00:02, 80.16it/s]
Layer_W3_M3 Epoch 4/8:  50%|â–ˆâ–ˆâ–ˆâ–ˆâ–ˆ     | 176/351 [00:02<00:02, 85.43it/s]
Layer_W3_M3 Epoch 4/8:  53%|â–ˆâ–ˆâ–ˆâ–ˆâ–ˆâ–Ž    | 185/351 [00:02<00:02, 82.61it/s]
Layer_W3_M3 Epoch 4/8:  55%|â–ˆâ–ˆâ–ˆâ–ˆâ–ˆâ–Œ    | 194/351 [00:02<00:01, 79.98it/s]
Layer_W3_M3 Epoch 4/8:  58%|â–ˆâ–ˆâ–ˆâ–ˆâ–ˆâ–Š    | 204/351 [00:02<00:01, 85.31it/s]
Layer_W3_M3 Epoch 4/8:  61%|â–ˆâ–ˆâ–ˆâ–ˆâ–ˆâ–ˆ    | 213/351 [00:02<00:01, 83.27it/s]
Layer_W3_M3 Epoch 4/8:  63%|â–ˆâ–ˆâ–ˆâ–ˆâ–ˆâ–ˆâ–Ž   | 222/351 [00:02<00:01, 79.54it/s]
Layer_W3_M3 Epoch 4/8:  66%|â–ˆâ–ˆâ–ˆâ–ˆâ–ˆâ–ˆâ–Œ   | 232/351 [00:02<00:01, 84.86it/s]
Layer_W3_M3 Epoch 4/8:  69%|â–ˆâ–ˆâ–ˆâ–ˆâ–ˆâ–ˆâ–Š   | 241/351 [00:02<00:01, 83.76it/s]
Layer_W3_M3 Epoch 4/8:  71%|â–ˆâ–ˆâ–ˆâ–ˆâ–ˆâ–ˆâ–ˆ   | 250/351 [00:03<00:01, 79.06it/s]
Layer_W3_M3 Epoch 4/8:  74%|â–ˆâ–ˆâ–ˆâ–ˆâ–ˆâ–ˆâ–ˆâ–  | 260/351 [00:03<00:01, 84.58it/s]
Layer_W3_M3 Epoch 4/8:  77%|â–ˆâ–ˆâ–ˆâ–ˆâ–ˆâ–ˆâ–ˆâ–‹  | 269/351 [00:03<00:00, 84.30it/s]
Layer_W3_M3 Epoch 4/8:  79%|â–ˆâ–ˆâ–ˆâ–ˆâ–ˆâ–ˆâ–ˆâ–‰  | 278/351 [00:03<00:00, 78.84it/s]
Layer_W3_M3 Epoch 4/8:  82%|â–ˆâ–ˆâ–ˆâ–ˆâ–ˆâ–ˆâ–ˆâ–ˆâ– | 288/351 [00:03<00:00, 84.25it/s]
Layer_W3_M3 Epoch 4/8:  85%|â–ˆâ–ˆâ–ˆâ–ˆâ–ˆâ–ˆâ–ˆâ–ˆâ– | 297/351 [00:03<00:00, 84.93it/s]
Layer_W3_M3 Epoch 4/8:  87%|â–ˆâ–ˆâ–ˆâ–ˆâ–ˆâ–ˆâ–ˆâ–ˆâ–‹ | 306/351 [00:03<00:00, 78.34it/s]
Layer_W3_M3 Epoch 4/8:  90%|â–ˆâ–ˆâ–ˆâ–ˆâ–ˆâ–ˆâ–ˆâ–ˆâ–ˆ | 316/351 [00:03<00:00, 83.93it/s]
Layer_W3_M3 Epoch 4/8:  93%|â–ˆâ–ˆâ–ˆâ–ˆâ–ˆâ–ˆâ–ˆâ–ˆâ–ˆâ–Ž| 326/351 [00:04<00:00, 79.04it/s]
Layer_W3_M3 Epoch 4/8:  96%|â–ˆâ–ˆâ–ˆâ–ˆâ–ˆâ–ˆâ–ˆâ–ˆâ–ˆâ–Œ| 336/351 [00:04<00:00, 84.25it/s]
Layer_W3_M3 Epoch 4/8:  98%|â–ˆâ–ˆâ–ˆâ–ˆâ–ˆâ–ˆâ–ˆâ–ˆâ–ˆâ–Š| 345/351 [00:04<00:00, 82.76it/s]
Layer_W3_M3 Epoch 4/8:  98%|â–ˆâ–ˆâ–ˆâ–ˆâ–ˆâ–ˆâ–ˆâ–ˆâ–ˆâ–Š| 345/351 [00:04<00:00, 82.76it/s, loss=2.758645]
                                                                                       

Layer_W3_M3 Epoch 5/8:   0%|          | 0/351 [00:00<?, ?it/s]
Layer_W3_M3 Epoch 5/8:   1%|â–         | 5/351 [00:00<00:07, 45.80it/s]
Layer_W3_M3 Epoch 5/8:   4%|â–         | 14/351 [00:00<00:04, 69.92it/s]
Layer_W3_M3 Epoch 5/8:   7%|â–‹         | 24/351 [00:00<00:03, 82.95it/s]
Layer_W3_M3 Epoch 5/8:   9%|â–‰         | 33/351 [00:00<00:04, 75.39it/s]
Layer_W3_M3 Epoch 5/8:  12%|â–ˆâ–        | 42/351 [00:00<00:03, 79.74it/s]
Layer_W3_M3 Epoch 5/8:  15%|â–ˆâ–        | 52/351 [00:00<00:03, 86.08it/s]
Layer_W3_M3 Epoch 5/8:  17%|â–ˆâ–‹        | 61/351 [00:00<00:03, 78.53it/s]
Layer_W3_M3 Epoch 5/8:  20%|â–ˆâ–‰        | 70/351 [00:00<00:03, 81.16it/s]
Layer_W3_M3 Epoch 5/8:  23%|â–ˆâ–ˆâ–Ž       | 80/351 [00:00<00:03, 86.17it/s]
Layer_W3_M3 Epoch 5/8:  25%|â–ˆâ–ˆâ–Œ       | 89/351 [00:01<00:03, 79.52it/s]
Layer_W3_M3 Epoch 5/8:  28%|â–ˆâ–ˆâ–Š       | 98/351 [00:01<00:03, 81.95it/s]
Layer_W3_M3 Epoch 5/8:  31%|â–ˆâ–ˆâ–ˆ       | 108/351 [00:01<00:02, 85.67it/s]
Layer_W3_M3 Epoch 5/8:  33%|â–ˆâ–ˆâ–ˆâ–Ž      | 117/351 [00:01<00:02, 80.14it/s]
Layer_W3_M3 Epoch 5/8:  36%|â–ˆâ–ˆâ–ˆâ–Œ      | 126/351 [00:01<00:02, 82.15it/s]
Layer_W3_M3 Epoch 5/8:  39%|â–ˆâ–ˆâ–ˆâ–Š      | 136/351 [00:01<00:02, 85.46it/s]
Layer_W3_M3 Epoch 5/8:  41%|â–ˆâ–ˆâ–ˆâ–ˆâ–     | 145/351 [00:01<00:02, 80.26it/s]
Layer_W3_M3 Epoch 5/8:  44%|â–ˆâ–ˆâ–ˆâ–ˆâ–     | 154/351 [00:01<00:02, 82.14it/s]
Layer_W3_M3 Epoch 5/8:  47%|â–ˆâ–ˆâ–ˆâ–ˆâ–‹     | 164/351 [00:02<00:02, 85.07it/s]
Layer_W3_M3 Epoch 5/8:  49%|â–ˆâ–ˆâ–ˆâ–ˆâ–‰     | 173/351 [00:02<00:02, 80.73it/s]
Layer_W3_M3 Epoch 5/8:  52%|â–ˆâ–ˆâ–ˆâ–ˆâ–ˆâ–    | 182/351 [00:02<00:02, 82.19it/s]
Layer_W3_M3 Epoch 5/8:  55%|â–ˆâ–ˆâ–ˆâ–ˆâ–ˆâ–    | 192/351 [00:02<00:01, 84.75it/s]
Layer_W3_M3 Epoch 5/8:  57%|â–ˆâ–ˆâ–ˆâ–ˆâ–ˆâ–‹    | 201/351 [00:02<00:01, 81.22it/s]
Layer_W3_M3 Epoch 5/8:  60%|â–ˆâ–ˆâ–ˆâ–ˆâ–ˆâ–‰    | 210/351 [00:02<00:01, 82.22it/s]
Layer_W3_M3 Epoch 5/8:  63%|â–ˆâ–ˆâ–ˆâ–ˆâ–ˆâ–ˆâ–Ž   | 220/351 [00:02<00:01, 84.17it/s]
Layer_W3_M3 Epoch 5/8:  65%|â–ˆâ–ˆâ–ˆâ–ˆâ–ˆâ–ˆâ–Œ   | 229/351 [00:02<00:01, 81.75it/s]
Layer_W3_M3 Epoch 5/8:  68%|â–ˆâ–ˆâ–ˆâ–ˆâ–ˆâ–ˆâ–Š   | 238/351 [00:02<00:01, 82.14it/s]
Layer_W3_M3 Epoch 5/8:  71%|â–ˆâ–ˆâ–ˆâ–ˆâ–ˆâ–ˆâ–ˆ   | 248/351 [00:03<00:01, 83.82it/s]
Layer_W3_M3 Epoch 5/8:  73%|â–ˆâ–ˆâ–ˆâ–ˆâ–ˆâ–ˆâ–ˆâ–Ž  | 257/351 [00:03<00:01, 82.00it/s]
Layer_W3_M3 Epoch 5/8:  76%|â–ˆâ–ˆâ–ˆâ–ˆâ–ˆâ–ˆâ–ˆâ–Œ  | 266/351 [00:03<00:01, 82.03it/s]
Layer_W3_M3 Epoch 5/8:  79%|â–ˆâ–ˆâ–ˆâ–ˆâ–ˆâ–ˆâ–ˆâ–Š  | 276/351 [00:03<00:00, 83.29it/s]
Layer_W3_M3 Epoch 5/8:  81%|â–ˆâ–ˆâ–ˆâ–ˆâ–ˆâ–ˆâ–ˆâ–ˆ  | 285/351 [00:03<00:00, 82.43it/s]
Layer_W3_M3 Epoch 5/8:  84%|â–ˆâ–ˆâ–ˆâ–ˆâ–ˆâ–ˆâ–ˆâ–ˆâ– | 294/351 [00:03<00:00, 82.00it/s]
Layer_W3_M3 Epoch 5/8:  87%|â–ˆâ–ˆâ–ˆâ–ˆâ–ˆâ–ˆâ–ˆâ–ˆâ–‹ | 304/351 [00:03<00:00, 83.13it/s]
Layer_W3_M3 Epoch 5/8:  89%|â–ˆâ–ˆâ–ˆâ–ˆâ–ˆâ–ˆâ–ˆâ–ˆâ–‰ | 313/351 [00:03<00:00, 82.77it/s]
Layer_W3_M3 Epoch 5/8:  92%|â–ˆâ–ˆâ–ˆâ–ˆâ–ˆâ–ˆâ–ˆâ–ˆâ–ˆâ–| 322/351 [00:03<00:00, 81.77it/s]
Layer_W3_M3 Epoch 5/8:  95%|â–ˆâ–ˆâ–ˆâ–ˆâ–ˆâ–ˆâ–ˆâ–ˆâ–ˆâ–| 332/351 [00:04<00:00, 83.10it/s]
Layer_W3_M3 Epoch 5/8:  97%|â–ˆâ–ˆâ–ˆâ–ˆâ–ˆâ–ˆâ–ˆâ–ˆâ–ˆâ–‹| 341/351 [00:04<00:00, 83.18it/s]
Layer_W3_M3 Epoch 5/8: 100%|â–ˆâ–ˆâ–ˆâ–ˆâ–ˆâ–ˆâ–ˆâ–ˆâ–ˆâ–‰| 350/351 [00:04<00:00, 81.54it/s]
Layer_W3_M3 Epoch 5/8: 100%|â–ˆâ–ˆâ–ˆâ–ˆâ–ˆâ–ˆâ–ˆâ–ˆâ–ˆâ–‰| 350/351 [00:04<00:00, 81.54it/s, loss=2.680880]
                                                                                       

Layer_W3_M3 Epoch 6/8:   0%|          | 0/351 [00:00<?, ?it/s]
Layer_W3_M3 Epoch 6/8:   1%|â–         | 5/351 [00:00<00:07, 45.61it/s]
Layer_W3_M3 Epoch 6/8:   4%|â–         | 15/351 [00:00<00:04, 76.19it/s]
Layer_W3_M3 Epoch 6/8:   7%|â–‹         | 25/351 [00:00<00:04, 73.49it/s]
Layer_W3_M3 Epoch 6/8:  10%|â–‰         | 35/351 [00:00<00:03, 82.52it/s]
Layer_W3_M3 Epoch 6/8:  13%|â–ˆâ–Ž        | 45/351 [00:00<00:03, 77.70it/s]
Layer_W3_M3 Epoch 6/8:  16%|â–ˆâ–Œ        | 55/351 [00:00<00:03, 84.03it/s]
Layer_W3_M3 Epoch 6/8:  19%|â–ˆâ–Š        | 65/351 [00:00<00:03, 79.15it/s]
Layer_W3_M3 Epoch 6/8:  21%|â–ˆâ–ˆâ–       | 75/351 [00:00<00:03, 84.43it/s]
Layer_W3_M3 Epoch 6/8:  24%|â–ˆâ–ˆâ–       | 85/351 [00:01<00:03, 80.35it/s]
Layer_W3_M3 Epoch 6/8:  27%|â–ˆâ–ˆâ–‹       | 94/351 [00:01<00:03, 81.94it/s]
Layer_W3_M3 Epoch 6/8:  30%|â–ˆâ–ˆâ–‰       | 104/351 [00:01<00:02, 86.52it/s]
Layer_W3_M3 Epoch 6/8:  32%|â–ˆâ–ˆâ–ˆâ–      | 113/351 [00:01<00:02, 80.42it/s]
Layer_W3_M3 Epoch 6/8:  35%|â–ˆâ–ˆâ–ˆâ–      | 122/351 [00:01<00:02, 81.01it/s]
Layer_W3_M3 Epoch 6/8:  37%|â–ˆâ–ˆâ–ˆâ–‹      | 131/351 [00:01<00:02, 83.32it/s]
Layer_W3_M3 Epoch 6/8:  40%|â–ˆâ–ˆâ–ˆâ–ˆ      | 141/351 [00:01<00:02, 81.70it/s]
Layer_W3_M3 Epoch 6/8:  43%|â–ˆâ–ˆâ–ˆâ–ˆâ–Ž     | 150/351 [00:01<00:02, 80.90it/s]
Layer_W3_M3 Epoch 6/8:  46%|â–ˆâ–ˆâ–ˆâ–ˆâ–Œ     | 160/351 [00:01<00:02, 85.82it/s]
Layer_W3_M3 Epoch 6/8:  48%|â–ˆâ–ˆâ–ˆâ–ˆâ–Š     | 169/351 [00:02<00:02, 81.99it/s]
Layer_W3_M3 Epoch 6/8:  51%|â–ˆâ–ˆâ–ˆâ–ˆâ–ˆ     | 178/351 [00:02<00:02, 80.31it/s]
Layer_W3_M3 Epoch 6/8:  54%|â–ˆâ–ˆâ–ˆâ–ˆâ–ˆâ–Ž    | 188/351 [00:02<00:01, 85.34it/s]
Layer_W3_M3 Epoch 6/8:  56%|â–ˆâ–ˆâ–ˆâ–ˆâ–ˆâ–Œ    | 197/351 [00:02<00:01, 82.38it/s]
Layer_W3_M3 Epoch 6/8:  59%|â–ˆâ–ˆâ–ˆâ–ˆâ–ˆâ–Š    | 206/351 [00:02<00:01, 79.77it/s]
Layer_W3_M3 Epoch 6/8:  62%|â–ˆâ–ˆâ–ˆâ–ˆâ–ˆâ–ˆâ–   | 216/351 [00:02<00:01, 84.86it/s]
Layer_W3_M3 Epoch 6/8:  64%|â–ˆâ–ˆâ–ˆâ–ˆâ–ˆâ–ˆâ–   | 225/351 [00:02<00:01, 82.99it/s]
Layer_W3_M3 Epoch 6/8:  67%|â–ˆâ–ˆâ–ˆâ–ˆâ–ˆâ–ˆâ–‹   | 234/351 [00:02<00:01, 79.20it/s]
Layer_W3_M3 Epoch 6/8:  70%|â–ˆâ–ˆâ–ˆâ–ˆâ–ˆâ–ˆâ–‰   | 244/351 [00:02<00:01, 84.46it/s]
Layer_W3_M3 Epoch 6/8:  72%|â–ˆâ–ˆâ–ˆâ–ˆâ–ˆâ–ˆâ–ˆâ–  | 253/351 [00:03<00:01, 83.92it/s]
Layer_W3_M3 Epoch 6/8:  75%|â–ˆâ–ˆâ–ˆâ–ˆâ–ˆâ–ˆâ–ˆâ–  | 262/351 [00:03<00:01, 78.54it/s]
Layer_W3_M3 Epoch 6/8:  77%|â–ˆâ–ˆâ–ˆâ–ˆâ–ˆâ–ˆâ–ˆâ–‹  | 272/351 [00:03<00:00, 83.95it/s]
Layer_W3_M3 Epoch 6/8:  80%|â–ˆâ–ˆâ–ˆâ–ˆâ–ˆâ–ˆâ–ˆâ–ˆ  | 281/351 [00:03<00:00, 84.79it/s]
Layer_W3_M3 Epoch 6/8:  83%|â–ˆâ–ˆâ–ˆâ–ˆâ–ˆâ–ˆâ–ˆâ–ˆâ–Ž | 290/351 [00:03<00:00, 78.08it/s]
Layer_W3_M3 Epoch 6/8:  85%|â–ˆâ–ˆâ–ˆâ–ˆâ–ˆâ–ˆâ–ˆâ–ˆâ–Œ | 300/351 [00:03<00:00, 83.62it/s]
Layer_W3_M3 Epoch 6/8:  88%|â–ˆâ–ˆâ–ˆâ–ˆâ–ˆâ–ˆâ–ˆâ–ˆâ–Š | 310/351 [00:03<00:00, 78.91it/s]
Layer_W3_M3 Epoch 6/8:  91%|â–ˆâ–ˆâ–ˆâ–ˆâ–ˆâ–ˆâ–ˆâ–ˆâ–ˆ | 319/351 [00:03<00:00, 81.78it/s]
Layer_W3_M3 Epoch 6/8:  94%|â–ˆâ–ˆâ–ˆâ–ˆâ–ˆâ–ˆâ–ˆâ–ˆâ–ˆâ–Ž| 329/351 [00:04<00:00, 86.33it/s]
Layer_W3_M3 Epoch 6/8:  96%|â–ˆâ–ˆâ–ˆâ–ˆâ–ˆâ–ˆâ–ˆâ–ˆâ–ˆâ–‹| 338/351 [00:04<00:00, 78.42it/s]
Layer_W3_M3 Epoch 6/8:  99%|â–ˆâ–ˆâ–ˆâ–ˆâ–ˆâ–ˆâ–ˆâ–ˆâ–ˆâ–‰| 348/351 [00:04<00:00, 83.81it/s]
Layer_W3_M3 Epoch 6/8:  99%|â–ˆâ–ˆâ–ˆâ–ˆâ–ˆâ–ˆâ–ˆâ–ˆâ–ˆâ–‰| 348/351 [00:04<00:00, 83.81it/s, loss=2.526917]
                                                                                       

Layer_W3_M3 Epoch 7/8:   0%|          | 0/351 [00:00<?, ?it/s]
Layer_W3_M3 Epoch 7/8:   1%|â–         | 5/351 [00:00<00:07, 45.51it/s]
Layer_W3_M3 Epoch 7/8:   4%|â–         | 14/351 [00:00<00:04, 70.53it/s]
Layer_W3_M3 Epoch 7/8:   7%|â–‹         | 24/351 [00:00<00:03, 83.15it/s]
Layer_W3_M3 Epoch 7/8:   9%|â–‰         | 33/351 [00:00<00:04, 74.43it/s]
Layer_W3_M3 Epoch 7/8:  12%|â–ˆâ–        | 43/351 [00:00<00:03, 82.15it/s]
Layer_W3_M3 Epoch 7/8:  15%|â–ˆâ–Œ        | 53/351 [00:00<00:03, 77.75it/s]
Layer_W3_M3 Epoch 7/8:  18%|â–ˆâ–Š        | 63/351 [00:00<00:03, 83.78it/s]
Layer_W3_M3 Epoch 7/8:  21%|â–ˆâ–ˆ        | 73/351 [00:00<00:03, 78.92it/s]
Layer_W3_M3 Epoch 7/8:  24%|â–ˆâ–ˆâ–Ž       | 83/351 [00:01<00:03, 84.29it/s]
Layer_W3_M3 Epoch 7/8:  26%|â–ˆâ–ˆâ–‹       | 93/351 [00:01<00:03, 79.53it/s]
Layer_W3_M3 Epoch 7/8:  29%|â–ˆâ–ˆâ–‰       | 103/351 [00:01<00:02, 84.50it/s]
Layer_W3_M3 Epoch 7/8:  32%|â–ˆâ–ˆâ–ˆâ–      | 113/351 [00:01<00:02, 80.08it/s]
Layer_W3_M3 Epoch 7/8:  35%|â–ˆâ–ˆâ–ˆâ–Œ      | 123/351 [00:01<00:02, 84.37it/s]
Layer_W3_M3 Epoch 7/8:  38%|â–ˆâ–ˆâ–ˆâ–Š      | 133/351 [00:01<00:02, 80.53it/s]
Layer_W3_M3 Epoch 7/8:  41%|â–ˆâ–ˆâ–ˆâ–ˆ      | 143/351 [00:01<00:02, 84.25it/s]
Layer_W3_M3 Epoch 7/8:  44%|â–ˆâ–ˆâ–ˆâ–ˆâ–Ž     | 153/351 [00:01<00:02, 80.67it/s]
Layer_W3_M3 Epoch 7/8:  46%|â–ˆâ–ˆâ–ˆâ–ˆâ–‹     | 163/351 [00:02<00:02, 84.11it/s]
Layer_W3_M3 Epoch 7/8:  49%|â–ˆâ–ˆâ–ˆâ–ˆâ–‰     | 173/351 [00:02<00:02, 80.96it/s]
Layer_W3_M3 Epoch 7/8:  52%|â–ˆâ–ˆâ–ˆâ–ˆâ–ˆâ–    | 183/351 [00:02<00:02, 83.99it/s][codecarbon INFO @ 04:13:03] Energy consumed for RAM : 0.001082 kWh. RAM Power : 38.0 W

Layer_W3_M3 Epoch 7/8:  55%|â–ˆâ–ˆâ–ˆâ–ˆâ–ˆâ–    | 193/351 [00:02<00:01, 81.06it/s]
Layer_W3_M3 Epoch 7/8:  58%|â–ˆâ–ˆâ–ˆâ–ˆâ–ˆâ–Š    | 203/351 [00:02<00:01, 83.90it/s]
Layer_W3_M3 Epoch 7/8:  61%|â–ˆâ–ˆâ–ˆâ–ˆâ–ˆâ–ˆ    | 213/351 [00:02<00:01, 80.90it/s]
Layer_W3_M3 Epoch 7/8:  64%|â–ˆâ–ˆâ–ˆâ–ˆâ–ˆâ–ˆâ–Ž   | 223/351 [00:02<00:01, 84.22it/s][codecarbon INFO @ 04:13:04] Delta energy consumed for CPU with cpu_load : 0.000303 kWh, power : 75.31875 W
[codecarbon INFO @ 04:13:04] Energy consumed for All CPU : 0.002131 kWh
[codecarbon INFO @ 04:13:04] Energy consumed for all GPUs : 0.001913 kWh. Total GPU Power : 64.57143000582845 W
[codecarbon INFO @ 04:13:04] 0.005126 kWh of electricity used since the beginning.

Layer_W3_M3 Epoch 7/8:  66%|â–ˆâ–ˆâ–ˆâ–ˆâ–ˆâ–ˆâ–‹   | 233/351 [00:02<00:01, 80.70it/s]
Layer_W3_M3 Epoch 7/8:  69%|â–ˆâ–ˆâ–ˆâ–ˆâ–ˆâ–ˆâ–‰   | 243/351 [00:02<00:01, 84.39it/s]
Layer_W3_M3 Epoch 7/8:  72%|â–ˆâ–ˆâ–ˆâ–ˆâ–ˆâ–ˆâ–ˆâ–  | 253/351 [00:03<00:01, 81.18it/s]
Layer_W3_M3 Epoch 7/8:  75%|â–ˆâ–ˆâ–ˆâ–ˆâ–ˆâ–ˆâ–ˆâ–  | 263/351 [00:03<00:01, 84.42it/s]
Layer_W3_M3 Epoch 7/8:  78%|â–ˆâ–ˆâ–ˆâ–ˆâ–ˆâ–ˆâ–ˆâ–Š  | 273/351 [00:03<00:00, 81.40it/s]
Layer_W3_M3 Epoch 7/8:  81%|â–ˆâ–ˆâ–ˆâ–ˆâ–ˆâ–ˆâ–ˆâ–ˆ  | 283/351 [00:03<00:00, 84.52it/s]
Layer_W3_M3 Epoch 7/8:  83%|â–ˆâ–ˆâ–ˆâ–ˆâ–ˆâ–ˆâ–ˆâ–ˆâ–Ž | 293/351 [00:03<00:00, 81.49it/s]
Layer_W3_M3 Epoch 7/8:  86%|â–ˆâ–ˆâ–ˆâ–ˆâ–ˆâ–ˆâ–ˆâ–ˆâ–‹ | 303/351 [00:03<00:00, 84.52it/s]
Layer_W3_M3 Epoch 7/8:  89%|â–ˆâ–ˆâ–ˆâ–ˆâ–ˆâ–ˆâ–ˆâ–ˆâ–‰ | 313/351 [00:03<00:00, 81.54it/s]
Layer_W3_M3 Epoch 7/8:  92%|â–ˆâ–ˆâ–ˆâ–ˆâ–ˆâ–ˆâ–ˆâ–ˆâ–ˆâ–| 323/351 [00:03<00:00, 84.51it/s]
Layer_W3_M3 Epoch 7/8:  95%|â–ˆâ–ˆâ–ˆâ–ˆâ–ˆâ–ˆâ–ˆâ–ˆâ–ˆâ–| 333/351 [00:04<00:00, 81.57it/s]
Layer_W3_M3 Epoch 7/8:  98%|â–ˆâ–ˆâ–ˆâ–ˆâ–ˆâ–ˆâ–ˆâ–ˆâ–ˆâ–Š| 343/351 [00:04<00:00, 84.28it/s]
Layer_W3_M3 Epoch 7/8:  98%|â–ˆâ–ˆâ–ˆâ–ˆâ–ˆâ–ˆâ–ˆâ–ˆâ–ˆâ–Š| 343/351 [00:04<00:00, 84.28it/s, loss=3.082206]
                                                                                       

Layer_W3_M3 Epoch 8/8:   0%|          | 0/351 [00:00<?, ?it/s]
Layer_W3_M3 Epoch 8/8:   1%|â–         | 5/351 [00:00<00:07, 47.46it/s]
Layer_W3_M3 Epoch 8/8:   4%|â–         | 15/351 [00:00<00:04, 77.00it/s]
Layer_W3_M3 Epoch 8/8:   7%|â–‹         | 25/351 [00:00<00:04, 73.67it/s]
Layer_W3_M3 Epoch 8/8:  10%|â–‰         | 35/351 [00:00<00:03, 82.63it/s]
Layer_W3_M3 Epoch 8/8:  13%|â–ˆâ–Ž        | 45/351 [00:00<00:03, 77.69it/s]
Layer_W3_M3 Epoch 8/8:  15%|â–ˆâ–Œ        | 54/351 [00:00<00:03, 81.30it/s]
Layer_W3_M3 Epoch 8/8:  19%|â–ˆâ–Š        | 65/351 [00:00<00:03, 79.87it/s]
Layer_W3_M3 Epoch 8/8:  21%|â–ˆâ–ˆâ–       | 75/351 [00:00<00:03, 85.20it/s]
Layer_W3_M3 Epoch 8/8:  24%|â–ˆâ–ˆâ–       | 85/351 [00:01<00:03, 80.16it/s]
Layer_W3_M3 Epoch 8/8:  27%|â–ˆâ–ˆâ–‹       | 94/351 [00:01<00:03, 82.31it/s]
Layer_W3_M3 Epoch 8/8:  30%|â–ˆâ–ˆâ–‰       | 105/351 [00:01<00:03, 81.12it/s]
Layer_W3_M3 Epoch 8/8:  32%|â–ˆâ–ˆâ–ˆâ–      | 114/351 [00:01<00:02, 82.73it/s]
Layer_W3_M3 Epoch 8/8:  35%|â–ˆâ–ˆâ–ˆâ–Œ      | 124/351 [00:01<00:02, 87.21it/s]
Layer_W3_M3 Epoch 8/8:  38%|â–ˆâ–ˆâ–ˆâ–Š      | 133/351 [00:01<00:02, 80.43it/s]
Layer_W3_M3 Epoch 8/8:  40%|â–ˆâ–ˆâ–ˆâ–ˆ      | 142/351 [00:01<00:02, 81.74it/s]
Layer_W3_M3 Epoch 8/8:  43%|â–ˆâ–ˆâ–ˆâ–ˆâ–Ž     | 152/351 [00:01<00:02, 86.40it/s]
Layer_W3_M3 Epoch 8/8:  46%|â–ˆâ–ˆâ–ˆâ–ˆâ–Œ     | 161/351 [00:01<00:02, 80.13it/s]
Layer_W3_M3 Epoch 8/8:  48%|â–ˆâ–ˆâ–ˆâ–ˆâ–Š     | 170/351 [00:02<00:02, 81.25it/s]
Layer_W3_M3 Epoch 8/8:  51%|â–ˆâ–ˆâ–ˆâ–ˆâ–ˆâ–    | 180/351 [00:02<00:01, 86.08it/s]
Layer_W3_M3 Epoch 8/8:  54%|â–ˆâ–ˆâ–ˆâ–ˆâ–ˆâ–    | 189/351 [00:02<00:02, 80.12it/s]
Layer_W3_M3 Epoch 8/8:  56%|â–ˆâ–ˆâ–ˆâ–ˆâ–ˆâ–‹    | 198/351 [00:02<00:01, 81.01it/s]
Layer_W3_M3 Epoch 8/8:  59%|â–ˆâ–ˆâ–ˆâ–ˆâ–ˆâ–‰    | 208/351 [00:02<00:01, 86.04it/s]
Layer_W3_M3 Epoch 8/8:  62%|â–ˆâ–ˆâ–ˆâ–ˆâ–ˆâ–ˆâ–   | 217/351 [00:02<00:01, 80.41it/s]
Layer_W3_M3 Epoch 8/8:  64%|â–ˆâ–ˆâ–ˆâ–ˆâ–ˆâ–ˆâ–   | 226/351 [00:02<00:01, 80.93it/s]
Layer_W3_M3 Epoch 8/8:  67%|â–ˆâ–ˆâ–ˆâ–ˆâ–ˆâ–ˆâ–‹   | 236/351 [00:02<00:01, 85.86it/s]
Layer_W3_M3 Epoch 8/8:  70%|â–ˆâ–ˆâ–ˆâ–ˆâ–ˆâ–ˆâ–‰   | 245/351 [00:03<00:01, 80.51it/s]
Layer_W3_M3 Epoch 8/8:  72%|â–ˆâ–ˆâ–ˆâ–ˆâ–ˆâ–ˆâ–ˆâ–  | 254/351 [00:03<00:01, 80.73it/s]
Layer_W3_M3 Epoch 8/8:  75%|â–ˆâ–ˆâ–ˆâ–ˆâ–ˆâ–ˆâ–ˆâ–Œ  | 264/351 [00:03<00:01, 85.66it/s]
Layer_W3_M3 Epoch 8/8:  78%|â–ˆâ–ˆâ–ˆâ–ˆâ–ˆâ–ˆâ–ˆâ–Š  | 273/351 [00:03<00:00, 80.63it/s]
Layer_W3_M3 Epoch 8/8:  80%|â–ˆâ–ˆâ–ˆâ–ˆâ–ˆâ–ˆâ–ˆâ–ˆ  | 282/351 [00:03<00:00, 80.67it/s]
Layer_W3_M3 Epoch 8/8:  83%|â–ˆâ–ˆâ–ˆâ–ˆâ–ˆâ–ˆâ–ˆâ–ˆâ–Ž | 292/351 [00:03<00:00, 85.69it/s]
Layer_W3_M3 Epoch 8/8:  86%|â–ˆâ–ˆâ–ˆâ–ˆâ–ˆâ–ˆâ–ˆâ–ˆâ–Œ | 301/351 [00:03<00:00, 80.48it/s]
Layer_W3_M3 Epoch 8/8:  88%|â–ˆâ–ˆâ–ˆâ–ˆâ–ˆâ–ˆâ–ˆâ–ˆâ–Š | 310/351 [00:03<00:00, 80.77it/s]
Layer_W3_M3 Epoch 8/8:  91%|â–ˆâ–ˆâ–ˆâ–ˆâ–ˆâ–ˆâ–ˆâ–ˆâ–ˆ | 320/351 [00:03<00:00, 85.83it/s]
Layer_W3_M3 Epoch 8/8:  94%|â–ˆâ–ˆâ–ˆâ–ˆâ–ˆâ–ˆâ–ˆâ–ˆâ–ˆâ–Ž| 329/351 [00:04<00:00, 81.17it/s]
Layer_W3_M3 Epoch 8/8:  96%|â–ˆâ–ˆâ–ˆâ–ˆâ–ˆâ–ˆâ–ˆâ–ˆâ–ˆâ–‹| 338/351 [00:04<00:00, 80.90it/s]
Layer_W3_M3 Epoch 8/8:  99%|â–ˆâ–ˆâ–ˆâ–ˆâ–ˆâ–ˆâ–ˆâ–ˆâ–ˆâ–‰| 348/351 [00:04<00:00, 86.01it/s]
Layer_W3_M3 Epoch 8/8:  99%|â–ˆâ–ˆâ–ˆâ–ˆâ–ˆâ–ˆâ–ˆâ–ˆâ–ˆâ–‰| 348/351 [00:04<00:00, 86.01it/s, loss=2.704643]
                                                                                       

Evaluating MF MF_MLP (BP-style):   0%|          | 0/40 [00:00<?, ?it/s]
Evaluating MF MF_MLP (BP-style):   2%|â–Ž         | 1/40 [00:00<00:04,  8.72it/s]
Evaluating MF MF_MLP (BP-style):  32%|â–ˆâ–ˆâ–ˆâ–Ž      | 13/40 [00:00<00:00, 66.29it/s]
Evaluating MF MF_MLP (BP-style):  62%|â–ˆâ–ˆâ–ˆâ–ˆâ–ˆâ–ˆâ–Ž   | 25/40 [00:00<00:00, 79.01it/s]
Evaluating MF MF_MLP (BP-style):  92%|â–ˆâ–ˆâ–ˆâ–ˆâ–ˆâ–ˆâ–ˆâ–ˆâ–ˆâ–Ž| 37/40 [00:00<00:00, 85.36it/s]
                                                                                
[codecarbon INFO @ 04:13:10] Energy consumed for RAM : 0.001153 kWh. RAM Power : 38.0 W
[codecarbon INFO @ 04:13:11] Delta energy consumed for CPU with cpu_load : 0.000136 kWh, power : 72.6 W
[codecarbon INFO @ 04:13:11] Energy consumed for All CPU : 0.002266 kWh
[codecarbon INFO @ 04:13:11] Energy consumed for all GPUs : 0.002042 kWh. Total GPU Power : 64.06019594019304 W
[codecarbon INFO @ 04:13:11] 0.005461 kWh of electricity used since the beginning.
[codecarbon INFO @ 04:13:11] 0.031920 g.CO2eq/s mean an estimation of 1,006.6220197680208 kg.CO2eq/year
wandb: uploading history steps 69-76, summary, console lines 536-619
wandb:                                                                                
wandb: 
wandb: Run history:
wandb:         Layer_W1_M1/Epochs_Trained â–
wandb: Layer_W1_M1/GPU_Mem_Used_MiB_Batch â–â–ˆâ–ˆâ–ˆâ–ˆâ–ˆâ–ˆâ–ˆ
wandb: Layer_W1_M1/Peak_GPU_Mem_Epoch_MiB â–â–ˆâ–ˆâ–ˆâ–ˆâ–ˆâ–ˆâ–ˆ
wandb: Layer_W1_M1/Peak_GPU_Mem_Layer_MiB â–
wandb:       Layer_W1_M1/Train_Loss_Batch â–ˆâ–†â–ƒâ–„â–…â–ƒâ–‚â–
wandb:    Layer_W1_M1/Train_Loss_EpochAvg â–ˆâ–…â–„â–ƒâ–‚â–‚â–â–
wandb:    Layer_W1_M1/Train_Loss_LayerAvg â–
wandb:    Layer_W1_M1/Val_LocalLoss_Epoch â–ˆâ–†â–…â–„â–ƒâ–‚â–‚â–
wandb:         Layer_W2_M2/Epochs_Trained â–
wandb: Layer_W2_M2/GPU_Mem_Used_MiB_Batch â–â–â–â–â–â–â–â–
wandb: Layer_W2_M2/Peak_GPU_Mem_Epoch_MiB â–â–â–â–â–â–â–â–
wandb: Layer_W2_M2/Peak_GPU_Mem_Layer_MiB â–
wandb:       Layer_W2_M2/Train_Loss_Batch â–„â–…â–†â–ˆâ–‚â–â–ƒâ–
wandb:    Layer_W2_M2/Train_Loss_EpochAvg â–ˆâ–…â–„â–ƒâ–‚â–‚â–â–
wandb:    Layer_W2_M2/Train_Loss_LayerAvg â–
wandb:    Layer_W2_M2/Val_LocalLoss_Epoch â–ˆâ–…â–„â–ƒâ–‚â–â–â–
wandb:         Layer_W3_M3/Epochs_Trained â–
wandb: Layer_W3_M3/GPU_Mem_Used_MiB_Batch â–â–â–â–â–â–â–â–
wandb: Layer_W3_M3/Peak_GPU_Mem_Epoch_MiB â–â–â–â–â–â–â–â–
wandb: Layer_W3_M3/Peak_GPU_Mem_Layer_MiB â–
wandb:       Layer_W3_M3/Train_Loss_Batch â–ˆâ–…â–„â–ƒâ–‚â–â–†â–‚
wandb:    Layer_W3_M3/Train_Loss_EpochAvg â–ˆâ–…â–„â–ƒâ–‚â–‚â–â–
wandb:    Layer_W3_M3/Train_Loss_LayerAvg â–
wandb:    Layer_W3_M3/Val_LocalLoss_Epoch â–ˆâ–„â–ƒâ–ƒâ–‚â–‚â–â–
wandb:               estimated_fwd_gflops â–
wandb:                final/Test_Accuracy â–
wandb:   final/codecarbon_emissions_gCO2e â–
wandb:         final/estimated_fwd_gflops â–
wandb:        final/peak_gpu_mem_used_mib â–
wandb:      final/total_gpu_energy_joules â–
wandb:          final/total_gpu_energy_wh â–
wandb:       final/total_run_duration_sec â–
wandb:        final/training_duration_sec â–
wandb:                        global_step â–â–â–â–â–‚â–‚â–‚â–ƒâ–ƒâ–ƒâ–ƒâ–ƒâ–ƒâ–„â–„â–„â–„â–„â–„â–…â–…â–…â–…â–…â–†â–†â–†â–†â–†â–†â–†â–†â–†â–‡â–‡â–‡â–‡â–‡â–ˆâ–ˆ
wandb:           initial_gpu_mem_used_mib â–
wandb:             model_parameters_total â–
wandb:         model_parameters_trainable â–
wandb: 
wandb: Run summary:
wandb:         Layer_W1_M1/Epochs_Trained 8
wandb: Layer_W1_M1/GPU_Mem_Used_MiB_Batch 1074
wandb: Layer_W1_M1/Peak_GPU_Mem_Epoch_MiB 1074
wandb: Layer_W1_M1/Peak_GPU_Mem_Layer_MiB 1074
wandb:       Layer_W1_M1/Train_Loss_Batch 3.19318
wandb:    Layer_W1_M1/Train_Loss_EpochAvg 3.24541
wandb:    Layer_W1_M1/Train_Loss_LayerAvg 3.24541
wandb:    Layer_W1_M1/Val_LocalLoss_Epoch 3.15929
wandb:         Layer_W2_M2/Epochs_Trained 8
wandb: Layer_W2_M2/GPU_Mem_Used_MiB_Batch 1126
wandb: Layer_W2_M2/Peak_GPU_Mem_Epoch_MiB 1126
wandb: Layer_W2_M2/Peak_GPU_Mem_Layer_MiB 1126
wandb:       Layer_W2_M2/Train_Loss_Batch 2.84306
wandb:    Layer_W2_M2/Train_Loss_EpochAvg 2.87774
wandb:    Layer_W2_M2/Train_Loss_LayerAvg 2.87774
wandb:    Layer_W2_M2/Val_LocalLoss_Epoch 2.96037
wandb:         Layer_W3_M3/Epochs_Trained 8
wandb: Layer_W3_M3/GPU_Mem_Used_MiB_Batch 1142
wandb: Layer_W3_M3/Peak_GPU_Mem_Epoch_MiB 1142
wandb: Layer_W3_M3/Peak_GPU_Mem_Layer_MiB 1142
wandb:       Layer_W3_M3/Train_Loss_Batch 2.70464
wandb:    Layer_W3_M3/Train_Loss_EpochAvg 2.61225
wandb:    Layer_W3_M3/Train_Loss_LayerAvg 2.61225
wandb:    Layer_W3_M3/Val_LocalLoss_Epoch 2.89544
wandb:             codecarbon_country_iso POL
wandb:                 codecarbon_enabled True
wandb:                    codecarbon_mode offline
wandb:         estimated_bp_update_gflops nan
wandb:               estimated_fwd_gflops 0.02869
wandb:                final/Test_Accuracy 30.19
wandb:                    final/Test_Loss nan
wandb:   final/codecarbon_emissions_gCO2e 3.6147
wandb:   final/estimated_bp_update_gflops nan
wandb:         final/estimated_fwd_gflops 0.02869
wandb:        final/peak_gpu_mem_used_mib 1142
wandb:      final/total_gpu_energy_joules 7149.99359
wandb:          final/total_gpu_energy_wh 1.98611
wandb:       final/total_run_duration_sec 114.55156
wandb:        final/training_duration_sec 109.14068
wandb:           initial_gpu_mem_used_mib 336.625
wandb:             model_parameters_total 15257300
wandb:         model_parameters_trainable 15257300
wandb: 
wandb: ðŸš€ View run mf_cifar100_mlp_3x2000 at: https://wandb.ai/przspyra11/BeyondBackpropagation/runs/wxf7je5h
wandb: â­ï¸ View project at: https://wandb.ai/przspyra11/BeyondBackpropagation
wandb: Synced 5 W&B file(s), 0 media file(s), 0 artifact file(s) and 0 other file(s)
wandb: Find logs at: ./wandb/run-20250508_041117-wxf7je5h/logs
