 binutils/2.38 loaded.
 bzip2/1.0.8 loaded.
 zlib/1.2.12 loaded.
 ncurses/6.3 loaded.
 libreadline/8.1.2 loaded.
 Tcl/8.6.12 loaded.
 SQLite/3.38.3 loaded.
 XZ/5.2.5 loaded.
 GMP/6.2.1 loaded.
 libffi/3.4.2 loaded.
 OpenSSL/1.1 loaded.
 Python/3.10.4 loaded.
 CUDA/12.4.0 loaded.

Currently Loaded Modules:
  1) binutils/2.38   5) libreadline/8.1.2   9) GMP/6.2.1      13) CUDA/12.4.0
  2) bzip2/1.0.8     6) Tcl/8.6.12         10) libffi/3.4.2
  3) zlib/1.2.12     7) SQLite/3.38.3      11) OpenSSL/1.1
  4) ncurses/6.3     8) XZ/5.2.5           12) Python/3.10.4

 

2025-05-07 20:53:17,437 - src.utils.config_parser - INFO - Successfully merged configuration from configs/mf/cifar100_mlp_3x2000.yaml and configs/base.yaml
wandb: Using wandb-core as the SDK backend.  Please refer to https://wandb.me/wandb-core for more information.
wandb: Currently logged in as: przspyra11 (agh_racing) to https://api.wandb.ai. Use `wandb login --relogin` to force relogin
wandb: Tracking run with wandb version 0.19.8
wandb: Run data is saved locally in /net/tscratch/people/plgspyra/BeyondBackpropagation/wandb/run-20250507_205318-mfxnnuwa
wandb: Run `wandb offline` to turn off syncing.
wandb: Syncing run mf_cifar100_mlp_3x2000
wandb: â­ï¸ View project at https://wandb.ai/przspyra11/BeyondBackpropagation
wandb: ðŸš€ View run at https://wandb.ai/przspyra11/BeyondBackpropagation/runs/mfxnnuwa
[codecarbon INFO @ 20:53:18] offline tracker init
[codecarbon INFO @ 20:53:18] [setup] RAM Tracking...
[codecarbon INFO @ 20:53:18] [setup] CPU Tracking...
 Linux OS detected: Please ensure RAPL files exist at /sys/class/powercap/intel-rapl/subsystem to measure CPU

[codecarbon INFO @ 20:53:19] CPU Model on constant consumption mode: AMD EPYC 7742 64-Core Processor
[codecarbon INFO @ 20:53:19] [setup] GPU Tracking...
[codecarbon INFO @ 20:53:19] Tracking Nvidia GPU via pynvml
[codecarbon INFO @ 20:53:19] The below tracking methods have been set up:
                RAM Tracking Method: RAM power estimation model
                CPU Tracking Method: cpu_load
                GPU Tracking Method: pynvml
            
[codecarbon INFO @ 20:53:19] >>> Tracker's metadata:
[codecarbon INFO @ 20:53:19]   Platform system: Linux-5.14.0-503.26.1.el9_5.x86_64-x86_64-with-glibc2.34
[codecarbon INFO @ 20:53:19]   Python version: 3.10.4
[codecarbon INFO @ 20:53:19]   CodeCarbon version: 3.0.1
[codecarbon INFO @ 20:53:19]   Available RAM : 125.000 GB
[codecarbon INFO @ 20:53:19]   CPU count: 16 thread(s) in 2 physical CPU(s)
[codecarbon INFO @ 20:53:19]   CPU model: AMD EPYC 7742 64-Core Processor
[codecarbon INFO @ 20:53:19]   GPU count: 1
[codecarbon INFO @ 20:53:19]   GPU model: 1 x NVIDIA A100-SXM4-40GB BUT only tracking these GPU ids : [0]
[codecarbon INFO @ 20:53:19] Emissions data (if any) will be saved to file /net/tscratch/people/plgspyra/BeyondBackpropagation/results/carbon/mf_cifar100_mlp_3x2000_carbon.csv

Layer_W1_M1 Epoch 1/8:   0%|          | 0/351 [00:00<?, ?it/s]
Layer_W1_M1 Epoch 1/8:   0%|          | 1/351 [00:00<01:16,  4.56it/s]
Layer_W1_M1 Epoch 1/8:   4%|â–         | 14/351 [00:00<00:06, 52.57it/s]
Layer_W1_M1 Epoch 1/8:   7%|â–‹         | 23/351 [00:00<00:05, 65.17it/s]
Layer_W1_M1 Epoch 1/8:   9%|â–‰         | 32/351 [00:00<00:04, 73.35it/s]
Layer_W1_M1 Epoch 1/8:  12%|â–ˆâ–        | 42/351 [00:00<00:04, 72.09it/s]
Layer_W1_M1 Epoch 1/8:  15%|â–ˆâ–        | 52/351 [00:00<00:03, 79.68it/s]
Layer_W1_M1 Epoch 1/8:  17%|â–ˆâ–‹        | 61/351 [00:00<00:03, 82.31it/s]
Layer_W1_M1 Epoch 1/8:  20%|â–ˆâ–‰        | 70/351 [00:01<00:03, 76.16it/s]
Layer_W1_M1 Epoch 1/8:  22%|â–ˆâ–ˆâ–       | 78/351 [00:01<00:03, 77.13it/s]
Layer_W1_M1 Epoch 1/8:  25%|â–ˆâ–ˆâ–Œ       | 88/351 [00:01<00:03, 83.31it/s]
Layer_W1_M1 Epoch 1/8:  28%|â–ˆâ–ˆâ–Š       | 97/351 [00:01<00:02, 84.83it/s]
Layer_W1_M1 Epoch 1/8:  30%|â–ˆâ–ˆâ–ˆ       | 106/351 [00:01<00:03, 77.24it/s]
Layer_W1_M1 Epoch 1/8:  33%|â–ˆâ–ˆâ–ˆâ–Ž      | 116/351 [00:01<00:02, 83.29it/s]
Layer_W1_M1 Epoch 1/8:  36%|â–ˆâ–ˆâ–ˆâ–Œ      | 126/351 [00:01<00:02, 78.77it/s]
Layer_W1_M1 Epoch 1/8:  39%|â–ˆâ–ˆâ–ˆâ–Š      | 136/351 [00:01<00:02, 83.98it/s]
Layer_W1_M1 Epoch 1/8:  42%|â–ˆâ–ˆâ–ˆâ–ˆâ–     | 146/351 [00:01<00:02, 79.40it/s]
Layer_W1_M1 Epoch 1/8:  44%|â–ˆâ–ˆâ–ˆâ–ˆâ–     | 155/351 [00:02<00:02, 82.08it/s]
Layer_W1_M1 Epoch 1/8:  47%|â–ˆâ–ˆâ–ˆâ–ˆâ–‹     | 165/351 [00:02<00:02, 86.58it/s]
Layer_W1_M1 Epoch 1/8:  50%|â–ˆâ–ˆâ–ˆâ–ˆâ–‰     | 174/351 [00:02<00:02, 78.76it/s]
Layer_W1_M1 Epoch 1/8:  52%|â–ˆâ–ˆâ–ˆâ–ˆâ–ˆâ–    | 184/351 [00:02<00:01, 84.06it/s]
Layer_W1_M1 Epoch 1/8:  55%|â–ˆâ–ˆâ–ˆâ–ˆâ–ˆâ–    | 193/351 [00:02<00:01, 85.20it/s]
Layer_W1_M1 Epoch 1/8:  58%|â–ˆâ–ˆâ–ˆâ–ˆâ–ˆâ–Š    | 202/351 [00:02<00:01, 78.16it/s]
Layer_W1_M1 Epoch 1/8:  60%|â–ˆâ–ˆâ–ˆâ–ˆâ–ˆâ–ˆ    | 211/351 [00:02<00:01, 80.75it/s]
Layer_W1_M1 Epoch 1/8:  63%|â–ˆâ–ˆâ–ˆâ–ˆâ–ˆâ–ˆâ–Ž   | 221/351 [00:02<00:01, 85.85it/s]
Layer_W1_M1 Epoch 1/8:  66%|â–ˆâ–ˆâ–ˆâ–ˆâ–ˆâ–ˆâ–Œ   | 230/351 [00:02<00:01, 78.08it/s]
Layer_W1_M1 Epoch 1/8:  68%|â–ˆâ–ˆâ–ˆâ–ˆâ–ˆâ–ˆâ–Š   | 239/351 [00:03<00:01, 80.80it/s]
Layer_W1_M1 Epoch 1/8:  71%|â–ˆâ–ˆâ–ˆâ–ˆâ–ˆâ–ˆâ–ˆ   | 249/351 [00:03<00:01, 85.80it/s]
Layer_W1_M1 Epoch 1/8:  74%|â–ˆâ–ˆâ–ˆâ–ˆâ–ˆâ–ˆâ–ˆâ–Ž  | 258/351 [00:03<00:01, 77.35it/s]
Layer_W1_M1 Epoch 1/8:  76%|â–ˆâ–ˆâ–ˆâ–ˆâ–ˆâ–ˆâ–ˆâ–Œ  | 267/351 [00:03<00:01, 80.44it/s]
Layer_W1_M1 Epoch 1/8:  79%|â–ˆâ–ˆâ–ˆâ–ˆâ–ˆâ–ˆâ–ˆâ–Š  | 276/351 [00:03<00:00, 82.77it/s]
Layer_W1_M1 Epoch 1/8:  81%|â–ˆâ–ˆâ–ˆâ–ˆâ–ˆâ–ˆâ–ˆâ–ˆ  | 285/351 [00:03<00:00, 84.57it/s]
Layer_W1_M1 Epoch 1/8:  84%|â–ˆâ–ˆâ–ˆâ–ˆâ–ˆâ–ˆâ–ˆâ–ˆâ– | 294/351 [00:03<00:00, 77.12it/s]
Layer_W1_M1 Epoch 1/8:  86%|â–ˆâ–ˆâ–ˆâ–ˆâ–ˆâ–ˆâ–ˆâ–ˆâ–‹ | 303/351 [00:03<00:00, 80.51it/s]
Layer_W1_M1 Epoch 1/8:  89%|â–ˆâ–ˆâ–ˆâ–ˆâ–ˆâ–ˆâ–ˆâ–ˆâ–‰ | 312/351 [00:03<00:00, 82.84it/s]
Layer_W1_M1 Epoch 1/8:  91%|â–ˆâ–ˆâ–ˆâ–ˆâ–ˆâ–ˆâ–ˆâ–ˆâ–ˆâ–| 321/351 [00:04<00:00, 84.74it/s]
Layer_W1_M1 Epoch 1/8:  94%|â–ˆâ–ˆâ–ˆâ–ˆâ–ˆâ–ˆâ–ˆâ–ˆâ–ˆâ–| 330/351 [00:04<00:00, 77.43it/s]
Layer_W1_M1 Epoch 1/8:  97%|â–ˆâ–ˆâ–ˆâ–ˆâ–ˆâ–ˆâ–ˆâ–ˆâ–ˆâ–‹| 339/351 [00:04<00:00, 80.75it/s]
Layer_W1_M1 Epoch 1/8:  99%|â–ˆâ–ˆâ–ˆâ–ˆâ–ˆâ–ˆâ–ˆâ–ˆâ–ˆâ–‰| 349/351 [00:04<00:00, 85.73it/s]
Layer_W1_M1 Epoch 1/8:  99%|â–ˆâ–ˆâ–ˆâ–ˆâ–ˆâ–ˆâ–ˆâ–ˆâ–ˆâ–‰| 349/351 [00:04<00:00, 85.73it/s, loss=3.999563]
                                                                                       

Layer_W1_M1 Epoch 2/8:   0%|          | 0/351 [00:00<?, ?it/s]
Layer_W1_M1 Epoch 2/8:   1%|â–         | 5/351 [00:00<00:08, 42.57it/s]
Layer_W1_M1 Epoch 2/8:   5%|â–         | 16/351 [00:00<00:04, 78.71it/s]
Layer_W1_M1 Epoch 2/8:   7%|â–‹         | 25/351 [00:00<00:04, 71.72it/s]
Layer_W1_M1 Epoch 2/8:  10%|â–‰         | 35/351 [00:00<00:03, 81.30it/s]
Layer_W1_M1 Epoch 2/8:  13%|â–ˆâ–Ž        | 45/351 [00:00<00:03, 77.12it/s]
Layer_W1_M1 Epoch 2/8:  16%|â–ˆâ–Œ        | 55/351 [00:00<00:03, 83.55it/s]
Layer_W1_M1 Epoch 2/8:  19%|â–ˆâ–Š        | 65/351 [00:00<00:03, 79.04it/s]
Layer_W1_M1 Epoch 2/8:  21%|â–ˆâ–ˆâ–       | 75/351 [00:00<00:03, 84.34it/s]
Layer_W1_M1 Epoch 2/8:  24%|â–ˆâ–ˆâ–       | 84/351 [00:01<00:03, 85.53it/s]
Layer_W1_M1 Epoch 2/8:  26%|â–ˆâ–ˆâ–‹       | 93/351 [00:01<00:03, 79.15it/s]
Layer_W1_M1 Epoch 2/8:  29%|â–ˆâ–ˆâ–‰       | 102/351 [00:01<00:03, 81.71it/s]
Layer_W1_M1 Epoch 2/8:  32%|â–ˆâ–ˆâ–ˆâ–      | 111/351 [00:01<00:02, 84.01it/s]
Layer_W1_M1 Epoch 2/8:  34%|â–ˆâ–ˆâ–ˆâ–      | 120/351 [00:01<00:02, 84.70it/s]
Layer_W1_M1 Epoch 2/8:  37%|â–ˆâ–ˆâ–ˆâ–‹      | 129/351 [00:01<00:02, 79.77it/s]
Layer_W1_M1 Epoch 2/8:  39%|â–ˆâ–ˆâ–ˆâ–‰      | 138/351 [00:01<00:02, 81.45it/s]
Layer_W1_M1 Epoch 2/8:  42%|â–ˆâ–ˆâ–ˆâ–ˆâ–     | 148/351 [00:01<00:02, 84.15it/s]
Layer_W1_M1 Epoch 2/8:  45%|â–ˆâ–ˆâ–ˆâ–ˆâ–     | 157/351 [00:01<00:02, 80.57it/s]
Layer_W1_M1 Epoch 2/8:  47%|â–ˆâ–ˆâ–ˆâ–ˆâ–‹     | 166/351 [00:02<00:02, 81.69it/s]
Layer_W1_M1 Epoch 2/8:  50%|â–ˆâ–ˆâ–ˆâ–ˆâ–ˆ     | 176/351 [00:02<00:02, 83.51it/s]
Layer_W1_M1 Epoch 2/8:  53%|â–ˆâ–ˆâ–ˆâ–ˆâ–ˆâ–Ž    | 185/351 [00:02<00:02, 81.27it/s]
Layer_W1_M1 Epoch 2/8:  55%|â–ˆâ–ˆâ–ˆâ–ˆâ–ˆâ–Œ    | 194/351 [00:02<00:01, 81.89it/s]
Layer_W1_M1 Epoch 2/8:  58%|â–ˆâ–ˆâ–ˆâ–ˆâ–ˆâ–Š    | 204/351 [00:02<00:01, 82.98it/s]
Layer_W1_M1 Epoch 2/8:  61%|â–ˆâ–ˆâ–ˆâ–ˆâ–ˆâ–ˆ    | 213/351 [00:02<00:01, 81.85it/s]
Layer_W1_M1 Epoch 2/8:  63%|â–ˆâ–ˆâ–ˆâ–ˆâ–ˆâ–ˆâ–Ž   | 222/351 [00:02<00:01, 82.06it/s]
Layer_W1_M1 Epoch 2/8:  66%|â–ˆâ–ˆâ–ˆâ–ˆâ–ˆâ–ˆâ–Œ   | 232/351 [00:02<00:01, 82.24it/s]
Layer_W1_M1 Epoch 2/8:  69%|â–ˆâ–ˆâ–ˆâ–ˆâ–ˆâ–ˆâ–Š   | 241/351 [00:02<00:01, 82.67it/s]
Layer_W1_M1 Epoch 2/8:  71%|â–ˆâ–ˆâ–ˆâ–ˆâ–ˆâ–ˆâ–ˆ   | 250/351 [00:03<00:01, 82.38it/s]
Layer_W1_M1 Epoch 2/8:  74%|â–ˆâ–ˆâ–ˆâ–ˆâ–ˆâ–ˆâ–ˆâ–  | 260/351 [00:03<00:01, 81.36it/s]
Layer_W1_M1 Epoch 2/8:  77%|â–ˆâ–ˆâ–ˆâ–ˆâ–ˆâ–ˆâ–ˆâ–‹  | 269/351 [00:03<00:00, 83.48it/s]
Layer_W1_M1 Epoch 2/8:  79%|â–ˆâ–ˆâ–ˆâ–ˆâ–ˆâ–ˆâ–ˆâ–‰  | 278/351 [00:03<00:00, 82.60it/s]
Layer_W1_M1 Epoch 2/8:  82%|â–ˆâ–ˆâ–ˆâ–ˆâ–ˆâ–ˆâ–ˆâ–ˆâ– | 288/351 [00:03<00:00, 80.82it/s]
Layer_W1_M1 Epoch 2/8:  85%|â–ˆâ–ˆâ–ˆâ–ˆâ–ˆâ–ˆâ–ˆâ–ˆâ– | 297/351 [00:03<00:00, 83.15it/s]
Layer_W1_M1 Epoch 2/8:  87%|â–ˆâ–ˆâ–ˆâ–ˆâ–ˆâ–ˆâ–ˆâ–ˆâ–‹ | 306/351 [00:03<00:00, 83.16it/s]
Layer_W1_M1 Epoch 2/8:  90%|â–ˆâ–ˆâ–ˆâ–ˆâ–ˆâ–ˆâ–ˆâ–ˆâ–ˆ | 316/351 [00:03<00:00, 80.49it/s]
Layer_W1_M1 Epoch 2/8:  93%|â–ˆâ–ˆâ–ˆâ–ˆâ–ˆâ–ˆâ–ˆâ–ˆâ–ˆâ–Ž| 325/351 [00:03<00:00, 82.91it/s]
Layer_W1_M1 Epoch 2/8:  95%|â–ˆâ–ˆâ–ˆâ–ˆâ–ˆâ–ˆâ–ˆâ–ˆâ–ˆâ–Œ| 334/351 [00:04<00:00, 83.59it/s]
Layer_W1_M1 Epoch 2/8:  98%|â–ˆâ–ˆâ–ˆâ–ˆâ–ˆâ–ˆâ–ˆâ–ˆâ–ˆâ–Š| 344/351 [00:04<00:00, 76.09it/s]
Layer_W1_M1 Epoch 2/8:  98%|â–ˆâ–ˆâ–ˆâ–ˆâ–ˆâ–ˆâ–ˆâ–ˆâ–ˆâ–Š| 344/351 [00:04<00:00, 76.09it/s, loss=3.466203]
                                                                                       

Layer_W1_M1 Epoch 3/8:   0%|          | 0/351 [00:00<?, ?it/s]
Layer_W1_M1 Epoch 3/8:   1%|â–         | 5/351 [00:00<00:08, 41.61it/s]
Layer_W1_M1 Epoch 3/8:   4%|â–         | 14/351 [00:00<00:04, 67.62it/s]
Layer_W1_M1 Epoch 3/8:   7%|â–‹         | 23/351 [00:00<00:04, 77.37it/s]
Layer_W1_M1 Epoch 3/8:   9%|â–‰         | 32/351 [00:00<00:03, 81.67it/s]
Layer_W1_M1 Epoch 3/8:  12%|â–ˆâ–        | 41/351 [00:00<00:04, 74.69it/s]
Layer_W1_M1 Epoch 3/8:  14%|â–ˆâ–        | 50/351 [00:00<00:03, 78.55it/s]
Layer_W1_M1 Epoch 3/8:  17%|â–ˆâ–‹        | 59/351 [00:00<00:03, 81.49it/s]
Layer_W1_M1 Epoch 3/8:  20%|â–ˆâ–‰        | 69/351 [00:00<00:03, 78.59it/s]
Layer_W1_M1 Epoch 3/8:  22%|â–ˆâ–ˆâ–       | 78/351 [00:01<00:03, 79.85it/s]
Layer_W1_M1 Epoch 3/8:  25%|â–ˆâ–ˆâ–Œ       | 88/351 [00:01<00:03, 85.04it/s]
Layer_W1_M1 Epoch 3/8:  28%|â–ˆâ–ˆâ–Š       | 97/351 [00:01<00:03, 79.95it/s]
Layer_W1_M1 Epoch 3/8:  30%|â–ˆâ–ˆâ–ˆ       | 106/351 [00:01<00:03, 80.68it/s]
Layer_W1_M1 Epoch 3/8:  33%|â–ˆâ–ˆâ–ˆâ–Ž      | 116/351 [00:01<00:02, 85.82it/s]
Layer_W1_M1 Epoch 3/8:  36%|â–ˆâ–ˆâ–ˆâ–Œ      | 125/351 [00:01<00:02, 80.38it/s]
Layer_W1_M1 Epoch 3/8:  38%|â–ˆâ–ˆâ–ˆâ–Š      | 134/351 [00:01<00:02, 80.94it/s]
Layer_W1_M1 Epoch 3/8:  41%|â–ˆâ–ˆâ–ˆâ–ˆ      | 144/351 [00:01<00:02, 86.04it/s]
Layer_W1_M1 Epoch 3/8:  44%|â–ˆâ–ˆâ–ˆâ–ˆâ–Ž     | 153/351 [00:01<00:02, 80.46it/s]
Layer_W1_M1 Epoch 3/8:  46%|â–ˆâ–ˆâ–ˆâ–ˆâ–Œ     | 162/351 [00:02<00:02, 81.32it/s]
Layer_W1_M1 Epoch 3/8:  49%|â–ˆâ–ˆâ–ˆâ–ˆâ–‰     | 172/351 [00:02<00:02, 86.27it/s]
Layer_W1_M1 Epoch 3/8:  52%|â–ˆâ–ˆâ–ˆâ–ˆâ–ˆâ–    | 181/351 [00:02<00:02, 80.26it/s]
Layer_W1_M1 Epoch 3/8:  54%|â–ˆâ–ˆâ–ˆâ–ˆâ–ˆâ–    | 190/351 [00:02<00:01, 81.49it/s]
Layer_W1_M1 Epoch 3/8:  57%|â–ˆâ–ˆâ–ˆâ–ˆâ–ˆâ–‹    | 200/351 [00:02<00:01, 85.83it/s]
Layer_W1_M1 Epoch 3/8:  60%|â–ˆâ–ˆâ–ˆâ–ˆâ–ˆâ–‰    | 209/351 [00:02<00:01, 80.17it/s][codecarbon INFO @ 20:53:34] Energy consumed for RAM : 0.000164 kWh. RAM Power : 38.0 W

Layer_W1_M1 Epoch 3/8:  62%|â–ˆâ–ˆâ–ˆâ–ˆâ–ˆâ–ˆâ–   | 218/351 [00:02<00:01, 81.47it/s]
Layer_W1_M1 Epoch 3/8:  65%|â–ˆâ–ˆâ–ˆâ–ˆâ–ˆâ–ˆâ–   | 228/351 [00:02<00:01, 84.68it/s]
Layer_W1_M1 Epoch 3/8:  68%|â–ˆâ–ˆâ–ˆâ–ˆâ–ˆâ–ˆâ–Š   | 237/351 [00:02<00:01, 80.44it/s]
Layer_W1_M1 Epoch 3/8:  70%|â–ˆâ–ˆâ–ˆâ–ˆâ–ˆâ–ˆâ–ˆ   | 246/351 [00:03<00:01, 81.81it/s]
Layer_W1_M1 Epoch 3/8:  73%|â–ˆâ–ˆâ–ˆâ–ˆâ–ˆâ–ˆâ–ˆâ–Ž  | 256/351 [00:03<00:01, 83.52it/s][codecarbon INFO @ 20:53:35] Delta energy consumed for CPU with cpu_load : 0.000194 kWh, power : 45.0 W
[codecarbon INFO @ 20:53:35] Energy consumed for All CPU : 0.000194 kWh
[codecarbon INFO @ 20:53:35] Energy consumed for all GPUs : 0.000277 kWh. Total GPU Power : 62.19064322825838 W
[codecarbon INFO @ 20:53:35] 0.000634 kWh of electricity used since the beginning.

Layer_W1_M1 Epoch 3/8:  75%|â–ˆâ–ˆâ–ˆâ–ˆâ–ˆâ–ˆâ–ˆâ–Œ  | 265/351 [00:03<00:01, 80.92it/s]
Layer_W1_M1 Epoch 3/8:  78%|â–ˆâ–ˆâ–ˆâ–ˆâ–ˆâ–ˆâ–ˆâ–Š  | 274/351 [00:03<00:00, 82.34it/s]
Layer_W1_M1 Epoch 3/8:  81%|â–ˆâ–ˆâ–ˆâ–ˆâ–ˆâ–ˆâ–ˆâ–ˆ  | 284/351 [00:03<00:00, 82.09it/s]
Layer_W1_M1 Epoch 3/8:  83%|â–ˆâ–ˆâ–ˆâ–ˆâ–ˆâ–ˆâ–ˆâ–ˆâ–Ž | 293/351 [00:03<00:00, 81.31it/s]
Layer_W1_M1 Epoch 3/8:  86%|â–ˆâ–ˆâ–ˆâ–ˆâ–ˆâ–ˆâ–ˆâ–ˆâ–Œ | 302/351 [00:03<00:00, 82.76it/s]
Layer_W1_M1 Epoch 3/8:  89%|â–ˆâ–ˆâ–ˆâ–ˆâ–ˆâ–ˆâ–ˆâ–ˆâ–‰ | 312/351 [00:03<00:00, 81.12it/s]
Layer_W1_M1 Epoch 3/8:  91%|â–ˆâ–ˆâ–ˆâ–ˆâ–ˆâ–ˆâ–ˆâ–ˆâ–ˆâ–| 321/351 [00:03<00:00, 81.79it/s]
Layer_W1_M1 Epoch 3/8:  94%|â–ˆâ–ˆâ–ˆâ–ˆâ–ˆâ–ˆâ–ˆâ–ˆâ–ˆâ–| 330/351 [00:04<00:00, 83.36it/s]
Layer_W1_M1 Epoch 3/8:  97%|â–ˆâ–ˆâ–ˆâ–ˆâ–ˆâ–ˆâ–ˆâ–ˆâ–ˆâ–‹| 340/351 [00:04<00:00, 80.42it/s]
Layer_W1_M1 Epoch 3/8:  99%|â–ˆâ–ˆâ–ˆâ–ˆâ–ˆâ–ˆâ–ˆâ–ˆâ–ˆâ–‰| 349/351 [00:04<00:00, 82.53it/s]
Layer_W1_M1 Epoch 3/8:  99%|â–ˆâ–ˆâ–ˆâ–ˆâ–ˆâ–ˆâ–ˆâ–ˆâ–ˆâ–‰| 349/351 [00:04<00:00, 82.53it/s, loss=3.564522]
                                                                                       

Layer_W1_M1 Epoch 4/8:   0%|          | 0/351 [00:00<?, ?it/s]
Layer_W1_M1 Epoch 4/8:   1%|â–         | 5/351 [00:00<00:07, 45.55it/s]
Layer_W1_M1 Epoch 4/8:   4%|â–         | 14/351 [00:00<00:04, 70.48it/s]
Layer_W1_M1 Epoch 4/8:   7%|â–‹         | 23/351 [00:00<00:04, 78.74it/s]
Layer_W1_M1 Epoch 4/8:   9%|â–‰         | 33/351 [00:00<00:04, 75.56it/s]
Layer_W1_M1 Epoch 4/8:  12%|â–ˆâ–        | 42/351 [00:00<00:03, 79.66it/s]
Layer_W1_M1 Epoch 4/8:  15%|â–ˆâ–        | 51/351 [00:00<00:03, 82.57it/s]
Layer_W1_M1 Epoch 4/8:  17%|â–ˆâ–‹        | 61/351 [00:00<00:03, 79.25it/s]
Layer_W1_M1 Epoch 4/8:  20%|â–ˆâ–‰        | 70/351 [00:00<00:03, 81.64it/s]
Layer_W1_M1 Epoch 4/8:  23%|â–ˆâ–ˆâ–Ž       | 79/351 [00:00<00:03, 83.70it/s]
Layer_W1_M1 Epoch 4/8:  25%|â–ˆâ–ˆâ–Œ       | 88/351 [00:01<00:03, 85.50it/s]
Layer_W1_M1 Epoch 4/8:  28%|â–ˆâ–ˆâ–Š       | 97/351 [00:01<00:03, 79.70it/s]
Layer_W1_M1 Epoch 4/8:  30%|â–ˆâ–ˆâ–ˆ       | 106/351 [00:01<00:03, 81.54it/s]
Layer_W1_M1 Epoch 4/8:  33%|â–ˆâ–ˆâ–ˆâ–Ž      | 115/351 [00:01<00:02, 83.06it/s]
Layer_W1_M1 Epoch 4/8:  36%|â–ˆâ–ˆâ–ˆâ–Œ      | 125/351 [00:01<00:02, 80.50it/s]
Layer_W1_M1 Epoch 4/8:  38%|â–ˆâ–ˆâ–ˆâ–Š      | 134/351 [00:01<00:02, 82.48it/s]
Layer_W1_M1 Epoch 4/8:  41%|â–ˆâ–ˆâ–ˆâ–ˆ      | 143/351 [00:01<00:02, 83.19it/s]
Layer_W1_M1 Epoch 4/8:  44%|â–ˆâ–ˆâ–ˆâ–ˆâ–Ž     | 153/351 [00:01<00:02, 80.87it/s]
Layer_W1_M1 Epoch 4/8:  46%|â–ˆâ–ˆâ–ˆâ–ˆâ–Œ     | 162/351 [00:02<00:02, 83.13it/s]
Layer_W1_M1 Epoch 4/8:  49%|â–ˆâ–ˆâ–ˆâ–ˆâ–Š     | 171/351 [00:02<00:02, 82.96it/s]
Layer_W1_M1 Epoch 4/8:  52%|â–ˆâ–ˆâ–ˆâ–ˆâ–ˆâ–    | 181/351 [00:02<00:02, 81.04it/s]
Layer_W1_M1 Epoch 4/8:  54%|â–ˆâ–ˆâ–ˆâ–ˆâ–ˆâ–    | 190/351 [00:02<00:01, 83.27it/s]
Layer_W1_M1 Epoch 4/8:  57%|â–ˆâ–ˆâ–ˆâ–ˆâ–ˆâ–‹    | 199/351 [00:02<00:01, 82.68it/s]
Layer_W1_M1 Epoch 4/8:  59%|â–ˆâ–ˆâ–ˆâ–ˆâ–ˆâ–‰    | 208/351 [00:02<00:01, 84.66it/s]
Layer_W1_M1 Epoch 4/8:  62%|â–ˆâ–ˆâ–ˆâ–ˆâ–ˆâ–ˆâ–   | 217/351 [00:02<00:01, 80.51it/s]
Layer_W1_M1 Epoch 4/8:  64%|â–ˆâ–ˆâ–ˆâ–ˆâ–ˆâ–ˆâ–   | 226/351 [00:02<00:01, 82.83it/s]
Layer_W1_M1 Epoch 4/8:  67%|â–ˆâ–ˆâ–ˆâ–ˆâ–ˆâ–ˆâ–‹   | 235/351 [00:02<00:01, 81.83it/s]
Layer_W1_M1 Epoch 4/8:  70%|â–ˆâ–ˆâ–ˆâ–ˆâ–ˆâ–ˆâ–‰   | 245/351 [00:03<00:01, 82.05it/s]
Layer_W1_M1 Epoch 4/8:  72%|â–ˆâ–ˆâ–ˆâ–ˆâ–ˆâ–ˆâ–ˆâ–  | 254/351 [00:03<00:01, 82.50it/s]
Layer_W1_M1 Epoch 4/8:  75%|â–ˆâ–ˆâ–ˆâ–ˆâ–ˆâ–ˆâ–ˆâ–  | 263/351 [00:03<00:01, 81.86it/s]
Layer_W1_M1 Epoch 4/8:  78%|â–ˆâ–ˆâ–ˆâ–ˆâ–ˆâ–ˆâ–ˆâ–Š  | 273/351 [00:03<00:00, 82.92it/s]
Layer_W1_M1 Epoch 4/8:  80%|â–ˆâ–ˆâ–ˆâ–ˆâ–ˆâ–ˆâ–ˆâ–ˆ  | 282/351 [00:03<00:00, 82.09it/s]
Layer_W1_M1 Epoch 4/8:  83%|â–ˆâ–ˆâ–ˆâ–ˆâ–ˆâ–ˆâ–ˆâ–ˆâ–Ž | 291/351 [00:03<00:00, 81.47it/s]
Layer_W1_M1 Epoch 4/8:  86%|â–ˆâ–ˆâ–ˆâ–ˆâ–ˆâ–ˆâ–ˆâ–ˆâ–Œ | 301/351 [00:03<00:00, 83.70it/s]
Layer_W1_M1 Epoch 4/8:  88%|â–ˆâ–ˆâ–ˆâ–ˆâ–ˆâ–ˆâ–ˆâ–ˆâ–Š | 310/351 [00:03<00:00, 82.11it/s]
Layer_W1_M1 Epoch 4/8:  91%|â–ˆâ–ˆâ–ˆâ–ˆâ–ˆâ–ˆâ–ˆâ–ˆâ–ˆ | 319/351 [00:03<00:00, 81.21it/s]
Layer_W1_M1 Epoch 4/8:  94%|â–ˆâ–ˆâ–ˆâ–ˆâ–ˆâ–ˆâ–ˆâ–ˆâ–ˆâ–Ž| 329/351 [00:04<00:00, 84.10it/s]
Layer_W1_M1 Epoch 4/8:  96%|â–ˆâ–ˆâ–ˆâ–ˆâ–ˆâ–ˆâ–ˆâ–ˆâ–ˆâ–‹| 338/351 [00:04<00:00, 82.51it/s]
Layer_W1_M1 Epoch 4/8:  99%|â–ˆâ–ˆâ–ˆâ–ˆâ–ˆâ–ˆâ–ˆâ–ˆâ–ˆâ–‰| 347/351 [00:04<00:00, 80.61it/s]
Layer_W1_M1 Epoch 4/8:  99%|â–ˆâ–ˆâ–ˆâ–ˆâ–ˆâ–ˆâ–ˆâ–ˆâ–ˆâ–‰| 347/351 [00:04<00:00, 80.61it/s, loss=3.708837]
                                                                                       

Layer_W1_M1 Epoch 5/8:   0%|          | 0/351 [00:00<?, ?it/s]
Layer_W1_M1 Epoch 5/8:   1%|â–         | 5/351 [00:00<00:07, 45.14it/s]
Layer_W1_M1 Epoch 5/8:   4%|â–Ž         | 13/351 [00:00<00:05, 64.40it/s]
Layer_W1_M1 Epoch 5/8:   6%|â–‹         | 22/351 [00:00<00:04, 75.44it/s]
Layer_W1_M1 Epoch 5/8:   9%|â–‰         | 32/351 [00:00<00:03, 84.70it/s]
Layer_W1_M1 Epoch 5/8:  12%|â–ˆâ–        | 41/351 [00:00<00:04, 76.00it/s]
Layer_W1_M1 Epoch 5/8:  15%|â–ˆâ–        | 51/351 [00:00<00:03, 82.93it/s]
Layer_W1_M1 Epoch 5/8:  17%|â–ˆâ–‹        | 61/351 [00:00<00:03, 78.25it/s]
Layer_W1_M1 Epoch 5/8:  20%|â–ˆâ–ˆ        | 71/351 [00:00<00:03, 83.96it/s]
Layer_W1_M1 Epoch 5/8:  23%|â–ˆâ–ˆâ–Ž       | 81/351 [00:01<00:03, 79.20it/s]
Layer_W1_M1 Epoch 5/8:  26%|â–ˆâ–ˆâ–Œ       | 91/351 [00:01<00:03, 84.50it/s]
Layer_W1_M1 Epoch 5/8:  29%|â–ˆâ–ˆâ–‰       | 101/351 [00:01<00:03, 79.62it/s]
Layer_W1_M1 Epoch 5/8:  32%|â–ˆâ–ˆâ–ˆâ–      | 111/351 [00:01<00:02, 84.70it/s]
Layer_W1_M1 Epoch 5/8:  34%|â–ˆâ–ˆâ–ˆâ–      | 121/351 [00:01<00:02, 79.72it/s]
Layer_W1_M1 Epoch 5/8:  37%|â–ˆâ–ˆâ–ˆâ–‹      | 131/351 [00:01<00:02, 84.51it/s]
Layer_W1_M1 Epoch 5/8:  40%|â–ˆâ–ˆâ–ˆâ–ˆ      | 141/351 [00:01<00:02, 79.87it/s]
Layer_W1_M1 Epoch 5/8:  43%|â–ˆâ–ˆâ–ˆâ–ˆâ–Ž     | 151/351 [00:01<00:02, 84.75it/s]
Layer_W1_M1 Epoch 5/8:  46%|â–ˆâ–ˆâ–ˆâ–ˆâ–Œ     | 161/351 [00:02<00:02, 79.98it/s]
Layer_W1_M1 Epoch 5/8:  49%|â–ˆâ–ˆâ–ˆâ–ˆâ–Š     | 171/351 [00:02<00:02, 84.75it/s]
Layer_W1_M1 Epoch 5/8:  52%|â–ˆâ–ˆâ–ˆâ–ˆâ–ˆâ–    | 181/351 [00:02<00:02, 80.01it/s]
Layer_W1_M1 Epoch 5/8:  54%|â–ˆâ–ˆâ–ˆâ–ˆâ–ˆâ–    | 191/351 [00:02<00:01, 84.93it/s]
Layer_W1_M1 Epoch 5/8:  57%|â–ˆâ–ˆâ–ˆâ–ˆâ–ˆâ–‹    | 201/351 [00:02<00:01, 80.16it/s]
Layer_W1_M1 Epoch 5/8:  60%|â–ˆâ–ˆâ–ˆâ–ˆâ–ˆâ–ˆ    | 211/351 [00:02<00:01, 84.96it/s]
Layer_W1_M1 Epoch 5/8:  63%|â–ˆâ–ˆâ–ˆâ–ˆâ–ˆâ–ˆâ–Ž   | 221/351 [00:02<00:01, 80.08it/s]
Layer_W1_M1 Epoch 5/8:  66%|â–ˆâ–ˆâ–ˆâ–ˆâ–ˆâ–ˆâ–Œ   | 231/351 [00:02<00:01, 84.85it/s]
Layer_W1_M1 Epoch 5/8:  69%|â–ˆâ–ˆâ–ˆâ–ˆâ–ˆâ–ˆâ–Š   | 241/351 [00:02<00:01, 79.95it/s]
Layer_W1_M1 Epoch 5/8:  72%|â–ˆâ–ˆâ–ˆâ–ˆâ–ˆâ–ˆâ–ˆâ–  | 251/351 [00:03<00:01, 84.74it/s]
Layer_W1_M1 Epoch 5/8:  74%|â–ˆâ–ˆâ–ˆâ–ˆâ–ˆâ–ˆâ–ˆâ–  | 261/351 [00:03<00:01, 79.98it/s]
Layer_W1_M1 Epoch 5/8:  77%|â–ˆâ–ˆâ–ˆâ–ˆâ–ˆâ–ˆâ–ˆâ–‹  | 270/351 [00:03<00:00, 81.08it/s]
Layer_W1_M1 Epoch 5/8:  80%|â–ˆâ–ˆâ–ˆâ–ˆâ–ˆâ–ˆâ–ˆâ–ˆ  | 281/351 [00:03<00:00, 81.25it/s]
Layer_W1_M1 Epoch 5/8:  83%|â–ˆâ–ˆâ–ˆâ–ˆâ–ˆâ–ˆâ–ˆâ–ˆâ–Ž | 291/351 [00:03<00:00, 85.80it/s]
Layer_W1_M1 Epoch 5/8:  86%|â–ˆâ–ˆâ–ˆâ–ˆâ–ˆâ–ˆâ–ˆâ–ˆâ–Œ | 301/351 [00:03<00:00, 80.64it/s]
Layer_W1_M1 Epoch 5/8:  89%|â–ˆâ–ˆâ–ˆâ–ˆâ–ˆâ–ˆâ–ˆâ–ˆâ–Š | 311/351 [00:03<00:00, 85.39it/s]
Layer_W1_M1 Epoch 5/8:  91%|â–ˆâ–ˆâ–ˆâ–ˆâ–ˆâ–ˆâ–ˆâ–ˆâ–ˆâ–| 321/351 [00:03<00:00, 80.37it/s]
Layer_W1_M1 Epoch 5/8:  94%|â–ˆâ–ˆâ–ˆâ–ˆâ–ˆâ–ˆâ–ˆâ–ˆâ–ˆâ–| 331/351 [00:04<00:00, 85.01it/s]
Layer_W1_M1 Epoch 5/8:  97%|â–ˆâ–ˆâ–ˆâ–ˆâ–ˆâ–ˆâ–ˆâ–ˆâ–ˆâ–‹| 340/351 [00:04<00:00, 86.31it/s]
Layer_W1_M1 Epoch 5/8:  99%|â–ˆâ–ˆâ–ˆâ–ˆâ–ˆâ–ˆâ–ˆâ–ˆâ–ˆâ–‰| 349/351 [00:04<00:00, 79.09it/s]
Layer_W1_M1 Epoch 5/8:  99%|â–ˆâ–ˆâ–ˆâ–ˆâ–ˆâ–ˆâ–ˆâ–ˆâ–ˆâ–‰| 349/351 [00:04<00:00, 79.09it/s, loss=3.296484]
                                                                                       

Layer_W1_M1 Epoch 6/8:   0%|          | 0/351 [00:00<?, ?it/s]
Layer_W1_M1 Epoch 6/8:   1%|â–         | 5/351 [00:00<00:08, 41.46it/s]
Layer_W1_M1 Epoch 6/8:   4%|â–         | 14/351 [00:00<00:04, 67.61it/s]
Layer_W1_M1 Epoch 6/8:   7%|â–‹         | 23/351 [00:00<00:04, 77.19it/s]
Layer_W1_M1 Epoch 6/8:   9%|â–‰         | 33/351 [00:00<00:04, 74.10it/s]
Layer_W1_M1 Epoch 6/8:  12%|â–ˆâ–        | 42/351 [00:00<00:03, 79.19it/s]
Layer_W1_M1 Epoch 6/8:  15%|â–ˆâ–        | 52/351 [00:00<00:03, 85.32it/s]
Layer_W1_M1 Epoch 6/8:  17%|â–ˆâ–‹        | 61/351 [00:00<00:03, 77.10it/s]
Layer_W1_M1 Epoch 6/8:  20%|â–ˆâ–‰        | 70/351 [00:00<00:03, 80.71it/s]
Layer_W1_M1 Epoch 6/8:  23%|â–ˆâ–ˆâ–Ž       | 80/351 [00:01<00:03, 85.82it/s]
Layer_W1_M1 Epoch 6/8:  25%|â–ˆâ–ˆâ–Œ       | 89/351 [00:01<00:03, 78.01it/s]
Layer_W1_M1 Epoch 6/8:  28%|â–ˆâ–ˆâ–Š       | 98/351 [00:01<00:03, 80.98it/s]
Layer_W1_M1 Epoch 6/8:  31%|â–ˆâ–ˆâ–ˆ       | 108/351 [00:01<00:02, 85.86it/s]
Layer_W1_M1 Epoch 6/8:  33%|â–ˆâ–ˆâ–ˆâ–Ž      | 117/351 [00:01<00:02, 78.45it/s]
Layer_W1_M1 Epoch 6/8:  36%|â–ˆâ–ˆâ–ˆâ–Œ      | 126/351 [00:01<00:02, 81.21it/s]
Layer_W1_M1 Epoch 6/8:  38%|â–ˆâ–ˆâ–ˆâ–Š      | 135/351 [00:01<00:02, 83.61it/s]
Layer_W1_M1 Epoch 6/8:  41%|â–ˆâ–ˆâ–ˆâ–ˆâ–     | 145/351 [00:01<00:02, 79.35it/s]
Layer_W1_M1 Epoch 6/8:  44%|â–ˆâ–ˆâ–ˆâ–ˆâ–     | 154/351 [00:01<00:02, 81.55it/s]
Layer_W1_M1 Epoch 6/8:  47%|â–ˆâ–ˆâ–ˆâ–ˆâ–‹     | 164/351 [00:02<00:02, 86.19it/s]
Layer_W1_M1 Epoch 6/8:  49%|â–ˆâ–ˆâ–ˆâ–ˆâ–‰     | 173/351 [00:02<00:02, 79.05it/s]
Layer_W1_M1 Epoch 6/8:  52%|â–ˆâ–ˆâ–ˆâ–ˆâ–ˆâ–    | 182/351 [00:02<00:02, 81.20it/s]
Layer_W1_M1 Epoch 6/8:  55%|â–ˆâ–ˆâ–ˆâ–ˆâ–ˆâ–    | 192/351 [00:02<00:01, 85.91it/s]
Layer_W1_M1 Epoch 6/8:  57%|â–ˆâ–ˆâ–ˆâ–ˆâ–ˆâ–‹    | 201/351 [00:02<00:01, 79.19it/s]
Layer_W1_M1 Epoch 6/8:  60%|â–ˆâ–ˆâ–ˆâ–ˆâ–ˆâ–‰    | 210/351 [00:02<00:01, 80.78it/s]
Layer_W1_M1 Epoch 6/8:  63%|â–ˆâ–ˆâ–ˆâ–ˆâ–ˆâ–ˆâ–Ž   | 220/351 [00:02<00:01, 85.76it/s]
Layer_W1_M1 Epoch 6/8:  65%|â–ˆâ–ˆâ–ˆâ–ˆâ–ˆâ–ˆâ–Œ   | 229/351 [00:02<00:01, 79.28it/s]
Layer_W1_M1 Epoch 6/8:  68%|â–ˆâ–ˆâ–ˆâ–ˆâ–ˆâ–ˆâ–Š   | 238/351 [00:02<00:01, 80.80it/s]
Layer_W1_M1 Epoch 6/8:  70%|â–ˆâ–ˆâ–ˆâ–ˆâ–ˆâ–ˆâ–ˆ   | 247/351 [00:03<00:01, 83.22it/s]
Layer_W1_M1 Epoch 6/8:  73%|â–ˆâ–ˆâ–ˆâ–ˆâ–ˆâ–ˆâ–ˆâ–Ž  | 257/351 [00:03<00:01, 79.95it/s]
Layer_W1_M1 Epoch 6/8:  76%|â–ˆâ–ˆâ–ˆâ–ˆâ–ˆâ–ˆâ–ˆâ–Œ  | 266/351 [00:03<00:01, 80.96it/s]
Layer_W1_M1 Epoch 6/8:  78%|â–ˆâ–ˆâ–ˆâ–ˆâ–ˆâ–ˆâ–ˆâ–Š  | 275/351 [00:03<00:00, 83.39it/s]
Layer_W1_M1 Epoch 6/8:  81%|â–ˆâ–ˆâ–ˆâ–ˆâ–ˆâ–ˆâ–ˆâ–ˆ  | 284/351 [00:03<00:00, 84.87it/s]
Layer_W1_M1 Epoch 6/8:  83%|â–ˆâ–ˆâ–ˆâ–ˆâ–ˆâ–ˆâ–ˆâ–ˆâ–Ž | 293/351 [00:03<00:00, 79.06it/s]
Layer_W1_M1 Epoch 6/8:  86%|â–ˆâ–ˆâ–ˆâ–ˆâ–ˆâ–ˆâ–ˆâ–ˆâ–Œ | 302/351 [00:03<00:00, 80.36it/s]
Layer_W1_M1 Epoch 6/8:  89%|â–ˆâ–ˆâ–ˆâ–ˆâ–ˆâ–ˆâ–ˆâ–ˆâ–‰ | 312/351 [00:03<00:00, 85.28it/s]
Layer_W1_M1 Epoch 6/8:  91%|â–ˆâ–ˆâ–ˆâ–ˆâ–ˆâ–ˆâ–ˆâ–ˆâ–ˆâ–| 321/351 [00:03<00:00, 79.91it/s][codecarbon INFO @ 20:53:49] Energy consumed for RAM : 0.000317 kWh. RAM Power : 38.0 W

Layer_W1_M1 Epoch 6/8:  94%|â–ˆâ–ˆâ–ˆâ–ˆâ–ˆâ–ˆâ–ˆâ–ˆâ–ˆâ–| 330/351 [00:04<00:00, 80.85it/s]
Layer_W1_M1 Epoch 6/8:  97%|â–ˆâ–ˆâ–ˆâ–ˆâ–ˆâ–ˆâ–ˆâ–ˆâ–ˆâ–‹| 340/351 [00:04<00:00, 85.86it/s]
Layer_W1_M1 Epoch 6/8:  99%|â–ˆâ–ˆâ–ˆâ–ˆâ–ˆâ–ˆâ–ˆâ–ˆâ–ˆâ–‰| 349/351 [00:04<00:00, 80.44it/s]
Layer_W1_M1 Epoch 6/8:  99%|â–ˆâ–ˆâ–ˆâ–ˆâ–ˆâ–ˆâ–ˆâ–ˆâ–ˆâ–‰| 349/351 [00:04<00:00, 80.44it/s, loss=3.223358]
                                                                                       
[codecarbon INFO @ 20:53:50] Delta energy consumed for CPU with cpu_load : 0.000181 kWh, power : 45.0 W
[codecarbon INFO @ 20:53:50] Energy consumed for All CPU : 0.000375 kWh
[codecarbon INFO @ 20:53:50] Energy consumed for all GPUs : 0.000558 kWh. Total GPU Power : 67.58136692034392 W
[codecarbon INFO @ 20:53:50] 0.001250 kWh of electricity used since the beginning.

Layer_W1_M1 Epoch 7/8:   0%|          | 0/351 [00:00<?, ?it/s]
Layer_W1_M1 Epoch 7/8:   1%|â–         | 5/351 [00:00<00:07, 43.58it/s]
Layer_W1_M1 Epoch 7/8:   4%|â–         | 14/351 [00:00<00:04, 69.15it/s]
Layer_W1_M1 Epoch 7/8:   7%|â–‹         | 24/351 [00:00<00:03, 82.58it/s]
Layer_W1_M1 Epoch 7/8:   9%|â–‰         | 33/351 [00:00<00:04, 73.85it/s]
Layer_W1_M1 Epoch 7/8:  12%|â–ˆâ–        | 43/351 [00:00<00:03, 81.88it/s]
Layer_W1_M1 Epoch 7/8:  15%|â–ˆâ–Œ        | 53/351 [00:00<00:03, 77.37it/s]
Layer_W1_M1 Epoch 7/8:  18%|â–ˆâ–Š        | 63/351 [00:00<00:03, 83.76it/s]
Layer_W1_M1 Epoch 7/8:  21%|â–ˆâ–ˆ        | 73/351 [00:00<00:03, 79.31it/s]
Layer_W1_M1 Epoch 7/8:  24%|â–ˆâ–ˆâ–Ž       | 83/351 [00:01<00:03, 84.54it/s]
Layer_W1_M1 Epoch 7/8:  26%|â–ˆâ–ˆâ–‹       | 93/351 [00:01<00:03, 79.69it/s]
Layer_W1_M1 Epoch 7/8:  29%|â–ˆâ–ˆâ–‰       | 102/351 [00:01<00:03, 82.31it/s]
Layer_W1_M1 Epoch 7/8:  32%|â–ˆâ–ˆâ–ˆâ–      | 112/351 [00:01<00:02, 86.86it/s]
Layer_W1_M1 Epoch 7/8:  34%|â–ˆâ–ˆâ–ˆâ–      | 121/351 [00:01<00:02, 78.80it/s]
Layer_W1_M1 Epoch 7/8:  38%|â–ˆâ–ˆâ–ˆâ–Š      | 132/351 [00:01<00:02, 86.66it/s]
Layer_W1_M1 Epoch 7/8:  40%|â–ˆâ–ˆâ–ˆâ–ˆ      | 141/351 [00:01<00:02, 78.96it/s]
Layer_W1_M1 Epoch 7/8:  43%|â–ˆâ–ˆâ–ˆâ–ˆâ–Ž     | 150/351 [00:01<00:02, 81.53it/s]
Layer_W1_M1 Epoch 7/8:  46%|â–ˆâ–ˆâ–ˆâ–ˆâ–Œ     | 160/351 [00:01<00:02, 86.24it/s]
Layer_W1_M1 Epoch 7/8:  48%|â–ˆâ–ˆâ–ˆâ–ˆâ–Š     | 169/351 [00:02<00:02, 78.44it/s]
Layer_W1_M1 Epoch 7/8:  51%|â–ˆâ–ˆâ–ˆâ–ˆâ–ˆâ–    | 180/351 [00:02<00:01, 86.25it/s]
Layer_W1_M1 Epoch 7/8:  54%|â–ˆâ–ˆâ–ˆâ–ˆâ–ˆâ–    | 189/351 [00:02<00:02, 78.71it/s]
Layer_W1_M1 Epoch 7/8:  57%|â–ˆâ–ˆâ–ˆâ–ˆâ–ˆâ–‹    | 199/351 [00:02<00:01, 84.15it/s]
Layer_W1_M1 Epoch 7/8:  59%|â–ˆâ–ˆâ–ˆâ–ˆâ–ˆâ–‰    | 208/351 [00:02<00:01, 85.03it/s]
Layer_W1_M1 Epoch 7/8:  62%|â–ˆâ–ˆâ–ˆâ–ˆâ–ˆâ–ˆâ–   | 217/351 [00:02<00:01, 78.60it/s]
Layer_W1_M1 Epoch 7/8:  65%|â–ˆâ–ˆâ–ˆâ–ˆâ–ˆâ–ˆâ–   | 227/351 [00:02<00:01, 83.92it/s]
Layer_W1_M1 Epoch 7/8:  67%|â–ˆâ–ˆâ–ˆâ–ˆâ–ˆâ–ˆâ–‹   | 236/351 [00:02<00:01, 83.68it/s]
Layer_W1_M1 Epoch 7/8:  70%|â–ˆâ–ˆâ–ˆâ–ˆâ–ˆâ–ˆâ–‰   | 245/351 [00:03<00:01, 78.76it/s]
Layer_W1_M1 Epoch 7/8:  73%|â–ˆâ–ˆâ–ˆâ–ˆâ–ˆâ–ˆâ–ˆâ–Ž  | 255/351 [00:03<00:01, 84.29it/s]
Layer_W1_M1 Epoch 7/8:  75%|â–ˆâ–ˆâ–ˆâ–ˆâ–ˆâ–ˆâ–ˆâ–Œ  | 264/351 [00:03<00:01, 82.34it/s]
Layer_W1_M1 Epoch 7/8:  78%|â–ˆâ–ˆâ–ˆâ–ˆâ–ˆâ–ˆâ–ˆâ–Š  | 273/351 [00:03<00:00, 79.47it/s]
Layer_W1_M1 Epoch 7/8:  81%|â–ˆâ–ˆâ–ˆâ–ˆâ–ˆâ–ˆâ–ˆâ–ˆ  | 283/351 [00:03<00:00, 84.69it/s]
Layer_W1_M1 Epoch 7/8:  83%|â–ˆâ–ˆâ–ˆâ–ˆâ–ˆâ–ˆâ–ˆâ–ˆâ–Ž | 292/351 [00:03<00:00, 81.37it/s]
Layer_W1_M1 Epoch 7/8:  86%|â–ˆâ–ˆâ–ˆâ–ˆâ–ˆâ–ˆâ–ˆâ–ˆâ–Œ | 301/351 [00:03<00:00, 79.95it/s]
Layer_W1_M1 Epoch 7/8:  89%|â–ˆâ–ˆâ–ˆâ–ˆâ–ˆâ–ˆâ–ˆâ–ˆâ–Š | 311/351 [00:03<00:00, 85.01it/s]
Layer_W1_M1 Epoch 7/8:  91%|â–ˆâ–ˆâ–ˆâ–ˆâ–ˆâ–ˆâ–ˆâ–ˆâ–ˆ | 320/351 [00:03<00:00, 80.52it/s]
Layer_W1_M1 Epoch 7/8:  94%|â–ˆâ–ˆâ–ˆâ–ˆâ–ˆâ–ˆâ–ˆâ–ˆâ–ˆâ–Ž| 329/351 [00:04<00:00, 80.61it/s]
Layer_W1_M1 Epoch 7/8:  97%|â–ˆâ–ˆâ–ˆâ–ˆâ–ˆâ–ˆâ–ˆâ–ˆâ–ˆâ–‹| 339/351 [00:04<00:00, 85.50it/s]
Layer_W1_M1 Epoch 7/8:  99%|â–ˆâ–ˆâ–ˆâ–ˆâ–ˆâ–ˆâ–ˆâ–ˆâ–ˆâ–‰| 348/351 [00:04<00:00, 80.10it/s]
Layer_W1_M1 Epoch 7/8:  99%|â–ˆâ–ˆâ–ˆâ–ˆâ–ˆâ–ˆâ–ˆâ–ˆâ–ˆâ–‰| 348/351 [00:04<00:00, 80.10it/s, loss=3.096957]
                                                                                       

Layer_W1_M1 Epoch 8/8:   0%|          | 0/351 [00:00<?, ?it/s]
Layer_W1_M1 Epoch 8/8:   1%|â–         | 5/351 [00:00<00:08, 42.75it/s]
Layer_W1_M1 Epoch 8/8:   4%|â–         | 14/351 [00:00<00:04, 68.33it/s]
Layer_W1_M1 Epoch 8/8:   7%|â–‹         | 24/351 [00:00<00:03, 82.04it/s]
Layer_W1_M1 Epoch 8/8:   9%|â–‰         | 33/351 [00:00<00:04, 73.60it/s]
Layer_W1_M1 Epoch 8/8:  12%|â–ˆâ–        | 43/351 [00:00<00:03, 81.75it/s]
Layer_W1_M1 Epoch 8/8:  15%|â–ˆâ–Œ        | 53/351 [00:00<00:03, 77.79it/s]
Layer_W1_M1 Epoch 8/8:  18%|â–ˆâ–Š        | 62/351 [00:00<00:03, 81.23it/s]
Layer_W1_M1 Epoch 8/8:  21%|â–ˆâ–ˆ        | 72/351 [00:00<00:03, 86.21it/s]
Layer_W1_M1 Epoch 8/8:  23%|â–ˆâ–ˆâ–Ž       | 81/351 [00:01<00:03, 78.20it/s]
Layer_W1_M1 Epoch 8/8:  26%|â–ˆâ–ˆâ–Œ       | 91/351 [00:01<00:03, 83.67it/s]
Layer_W1_M1 Epoch 8/8:  29%|â–ˆâ–ˆâ–‰       | 101/351 [00:01<00:03, 78.99it/s]
Layer_W1_M1 Epoch 8/8:  31%|â–ˆâ–ˆâ–ˆâ–      | 110/351 [00:01<00:02, 81.87it/s]
Layer_W1_M1 Epoch 8/8:  34%|â–ˆâ–ˆâ–ˆâ–      | 120/351 [00:01<00:02, 86.46it/s]
Layer_W1_M1 Epoch 8/8:  37%|â–ˆâ–ˆâ–ˆâ–‹      | 129/351 [00:01<00:02, 78.36it/s]
Layer_W1_M1 Epoch 8/8:  40%|â–ˆâ–ˆâ–ˆâ–‰      | 139/351 [00:01<00:02, 83.69it/s]
Layer_W1_M1 Epoch 8/8:  42%|â–ˆâ–ˆâ–ˆâ–ˆâ–     | 148/351 [00:01<00:02, 85.30it/s]
Layer_W1_M1 Epoch 8/8:  45%|â–ˆâ–ˆâ–ˆâ–ˆâ–     | 157/351 [00:01<00:02, 77.88it/s]
Layer_W1_M1 Epoch 8/8:  48%|â–ˆâ–ˆâ–ˆâ–ˆâ–Š     | 167/351 [00:02<00:02, 83.38it/s]
Layer_W1_M1 Epoch 8/8:  50%|â–ˆâ–ˆâ–ˆâ–ˆâ–ˆ     | 177/351 [00:02<00:02, 78.84it/s]
Layer_W1_M1 Epoch 8/8:  53%|â–ˆâ–ˆâ–ˆâ–ˆâ–ˆâ–Ž    | 187/351 [00:02<00:01, 83.88it/s]
Layer_W1_M1 Epoch 8/8:  56%|â–ˆâ–ˆâ–ˆâ–ˆâ–ˆâ–Œ    | 197/351 [00:02<00:01, 79.40it/s]
Layer_W1_M1 Epoch 8/8:  59%|â–ˆâ–ˆâ–ˆâ–ˆâ–ˆâ–‰    | 207/351 [00:02<00:01, 84.26it/s]
Layer_W1_M1 Epoch 8/8:  62%|â–ˆâ–ˆâ–ˆâ–ˆâ–ˆâ–ˆâ–   | 217/351 [00:02<00:01, 79.53it/s]
Layer_W1_M1 Epoch 8/8:  65%|â–ˆâ–ˆâ–ˆâ–ˆâ–ˆâ–ˆâ–   | 227/351 [00:02<00:01, 84.52it/s]
Layer_W1_M1 Epoch 8/8:  68%|â–ˆâ–ˆâ–ˆâ–ˆâ–ˆâ–ˆâ–Š   | 237/351 [00:02<00:01, 79.76it/s]
Layer_W1_M1 Epoch 8/8:  70%|â–ˆâ–ˆâ–ˆâ–ˆâ–ˆâ–ˆâ–ˆ   | 246/351 [00:03<00:01, 82.33it/s]
Layer_W1_M1 Epoch 8/8:  73%|â–ˆâ–ˆâ–ˆâ–ˆâ–ˆâ–ˆâ–ˆâ–Ž  | 255/351 [00:03<00:01, 84.36it/s]
Layer_W1_M1 Epoch 8/8:  75%|â–ˆâ–ˆâ–ˆâ–ˆâ–ˆâ–ˆâ–ˆâ–Œ  | 265/351 [00:03<00:01, 79.46it/s]
Layer_W1_M1 Epoch 8/8:  78%|â–ˆâ–ˆâ–ˆâ–ˆâ–ˆâ–ˆâ–ˆâ–Š  | 275/351 [00:03<00:00, 84.48it/s]
Layer_W1_M1 Epoch 8/8:  81%|â–ˆâ–ˆâ–ˆâ–ˆâ–ˆâ–ˆâ–ˆâ–ˆ  | 284/351 [00:03<00:00, 85.96it/s]
Layer_W1_M1 Epoch 8/8:  83%|â–ˆâ–ˆâ–ˆâ–ˆâ–ˆâ–ˆâ–ˆâ–ˆâ–Ž | 293/351 [00:03<00:00, 78.36it/s]
Layer_W1_M1 Epoch 8/8:  86%|â–ˆâ–ˆâ–ˆâ–ˆâ–ˆâ–ˆâ–ˆâ–ˆâ–Œ | 302/351 [00:03<00:00, 81.34it/s]
Layer_W1_M1 Epoch 8/8:  89%|â–ˆâ–ˆâ–ˆâ–ˆâ–ˆâ–ˆâ–ˆâ–ˆâ–‰ | 312/351 [00:03<00:00, 85.99it/s]
Layer_W1_M1 Epoch 8/8:  91%|â–ˆâ–ˆâ–ˆâ–ˆâ–ˆâ–ˆâ–ˆâ–ˆâ–ˆâ–| 321/351 [00:03<00:00, 78.53it/s]
Layer_W1_M1 Epoch 8/8:  94%|â–ˆâ–ˆâ–ˆâ–ˆâ–ˆâ–ˆâ–ˆâ–ˆâ–ˆâ–| 331/351 [00:04<00:00, 83.78it/s]
Layer_W1_M1 Epoch 8/8:  97%|â–ˆâ–ˆâ–ˆâ–ˆâ–ˆâ–ˆâ–ˆâ–ˆâ–ˆâ–‹| 341/351 [00:04<00:00, 79.18it/s]
Layer_W1_M1 Epoch 8/8:  97%|â–ˆâ–ˆâ–ˆâ–ˆâ–ˆâ–ˆâ–ˆâ–ˆâ–ˆâ–‹| 341/351 [00:04<00:00, 79.18it/s, loss=3.057659]
Layer_W1_M1 Epoch 8/8: 100%|â–ˆâ–ˆâ–ˆâ–ˆâ–ˆâ–ˆâ–ˆâ–ˆâ–ˆâ–ˆ| 351/351 [00:04<00:00, 83.97it/s, loss=3.057659]
                                                                                       

Layer_W2_M2 Epoch 1/8:   0%|          | 0/351 [00:00<?, ?it/s]
Layer_W2_M2 Epoch 1/8:   1%|â–         | 5/351 [00:00<00:07, 45.11it/s]
Layer_W2_M2 Epoch 1/8:   4%|â–         | 14/351 [00:00<00:04, 69.96it/s]
Layer_W2_M2 Epoch 1/8:   7%|â–‹         | 24/351 [00:00<00:03, 82.83it/s]
Layer_W2_M2 Epoch 1/8:   9%|â–‰         | 33/351 [00:00<00:04, 74.08it/s]
Layer_W2_M2 Epoch 1/8:  12%|â–ˆâ–        | 43/351 [00:00<00:03, 81.89it/s]
Layer_W2_M2 Epoch 1/8:  15%|â–ˆâ–Œ        | 53/351 [00:00<00:03, 78.04it/s]
Layer_W2_M2 Epoch 1/8:  18%|â–ˆâ–Š        | 63/351 [00:00<00:03, 83.14it/s]
Layer_W2_M2 Epoch 1/8:  21%|â–ˆâ–ˆ        | 73/351 [00:00<00:03, 79.00it/s]
Layer_W2_M2 Epoch 1/8:  24%|â–ˆâ–ˆâ–Ž       | 83/351 [00:01<00:03, 83.88it/s]
Layer_W2_M2 Epoch 1/8:  26%|â–ˆâ–ˆâ–‹       | 93/351 [00:01<00:03, 79.43it/s]
Layer_W2_M2 Epoch 1/8:  29%|â–ˆâ–ˆâ–‰       | 103/351 [00:01<00:02, 84.15it/s]
Layer_W2_M2 Epoch 1/8:  32%|â–ˆâ–ˆâ–ˆâ–      | 113/351 [00:01<00:02, 79.70it/s]
Layer_W2_M2 Epoch 1/8:  35%|â–ˆâ–ˆâ–ˆâ–Œ      | 123/351 [00:01<00:02, 84.33it/s]
Layer_W2_M2 Epoch 1/8:  38%|â–ˆâ–ˆâ–ˆâ–Š      | 133/351 [00:01<00:02, 79.73it/s]
Layer_W2_M2 Epoch 1/8:  41%|â–ˆâ–ˆâ–ˆâ–ˆ      | 143/351 [00:01<00:02, 84.39it/s]
Layer_W2_M2 Epoch 1/8:  44%|â–ˆâ–ˆâ–ˆâ–ˆâ–Ž     | 153/351 [00:01<00:02, 79.74it/s]
Layer_W2_M2 Epoch 1/8:  46%|â–ˆâ–ˆâ–ˆâ–ˆâ–‹     | 163/351 [00:02<00:02, 84.46it/s]
Layer_W2_M2 Epoch 1/8:  49%|â–ˆâ–ˆâ–ˆâ–ˆâ–‰     | 173/351 [00:02<00:02, 79.90it/s]
Layer_W2_M2 Epoch 1/8:  52%|â–ˆâ–ˆâ–ˆâ–ˆâ–ˆâ–    | 183/351 [00:02<00:01, 84.47it/s]
Layer_W2_M2 Epoch 1/8:  55%|â–ˆâ–ˆâ–ˆâ–ˆâ–ˆâ–    | 193/351 [00:02<00:01, 79.83it/s]
Layer_W2_M2 Epoch 1/8:  58%|â–ˆâ–ˆâ–ˆâ–ˆâ–ˆâ–Š    | 203/351 [00:02<00:01, 84.56it/s]
Layer_W2_M2 Epoch 1/8:  61%|â–ˆâ–ˆâ–ˆâ–ˆâ–ˆâ–ˆ    | 213/351 [00:02<00:01, 79.83it/s]
Layer_W2_M2 Epoch 1/8:  64%|â–ˆâ–ˆâ–ˆâ–ˆâ–ˆâ–ˆâ–Ž   | 223/351 [00:02<00:01, 84.37it/s]
Layer_W2_M2 Epoch 1/8:  66%|â–ˆâ–ˆâ–ˆâ–ˆâ–ˆâ–ˆâ–‹   | 233/351 [00:02<00:01, 79.66it/s]
Layer_W2_M2 Epoch 1/8:  69%|â–ˆâ–ˆâ–ˆâ–ˆâ–ˆâ–ˆâ–‰   | 243/351 [00:02<00:01, 84.54it/s]
Layer_W2_M2 Epoch 1/8:  72%|â–ˆâ–ˆâ–ˆâ–ˆâ–ˆâ–ˆâ–ˆâ–  | 253/351 [00:03<00:01, 79.70it/s]
Layer_W2_M2 Epoch 1/8:  75%|â–ˆâ–ˆâ–ˆâ–ˆâ–ˆâ–ˆâ–ˆâ–  | 263/351 [00:03<00:01, 84.39it/s]
Layer_W2_M2 Epoch 1/8:  78%|â–ˆâ–ˆâ–ˆâ–ˆâ–ˆâ–ˆâ–ˆâ–Š  | 273/351 [00:03<00:00, 79.75it/s]
Layer_W2_M2 Epoch 1/8:  81%|â–ˆâ–ˆâ–ˆâ–ˆâ–ˆâ–ˆâ–ˆâ–ˆ  | 283/351 [00:03<00:00, 84.38it/s]
Layer_W2_M2 Epoch 1/8:  83%|â–ˆâ–ˆâ–ˆâ–ˆâ–ˆâ–ˆâ–ˆâ–ˆâ–Ž | 293/351 [00:03<00:00, 79.67it/s]
Layer_W2_M2 Epoch 1/8:  86%|â–ˆâ–ˆâ–ˆâ–ˆâ–ˆâ–ˆâ–ˆâ–ˆâ–‹ | 303/351 [00:03<00:00, 84.34it/s]
Layer_W2_M2 Epoch 1/8:  89%|â–ˆâ–ˆâ–ˆâ–ˆâ–ˆâ–ˆâ–ˆâ–ˆâ–‰ | 313/351 [00:03<00:00, 79.66it/s]
Layer_W2_M2 Epoch 1/8:  92%|â–ˆâ–ˆâ–ˆâ–ˆâ–ˆâ–ˆâ–ˆâ–ˆâ–ˆâ–| 323/351 [00:03<00:00, 84.29it/s]
Layer_W2_M2 Epoch 1/8:  95%|â–ˆâ–ˆâ–ˆâ–ˆâ–ˆâ–ˆâ–ˆâ–ˆâ–ˆâ–| 333/351 [00:04<00:00, 79.76it/s]
Layer_W2_M2 Epoch 1/8:  98%|â–ˆâ–ˆâ–ˆâ–ˆâ–ˆâ–ˆâ–ˆâ–ˆâ–ˆâ–Š| 343/351 [00:04<00:00, 84.37it/s]
Layer_W2_M2 Epoch 1/8:  98%|â–ˆâ–ˆâ–ˆâ–ˆâ–ˆâ–ˆâ–ˆâ–ˆâ–ˆâ–Š| 343/351 [00:04<00:00, 84.37it/s, loss=3.344350]
                                                                                       

Layer_W2_M2 Epoch 2/8:   0%|          | 0/351 [00:00<?, ?it/s]
Layer_W2_M2 Epoch 2/8:   1%|â–         | 5/351 [00:00<00:08, 42.37it/s]
Layer_W2_M2 Epoch 2/8:   4%|â–         | 15/351 [00:00<00:04, 73.55it/s]
Layer_W2_M2 Epoch 2/8:   7%|â–‹         | 24/351 [00:00<00:04, 80.74it/s]
Layer_W2_M2 Epoch 2/8:   9%|â–‰         | 33/351 [00:00<00:04, 72.88it/s]
Layer_W2_M2 Epoch 2/8:  12%|â–ˆâ–        | 43/351 [00:00<00:03, 81.13it/s]
Layer_W2_M2 Epoch 2/8:  15%|â–ˆâ–Œ        | 53/351 [00:00<00:03, 77.03it/s][codecarbon INFO @ 20:54:04] Energy consumed for RAM : 0.000470 kWh. RAM Power : 38.0 W

Layer_W2_M2 Epoch 2/8:  18%|â–ˆâ–Š        | 63/351 [00:00<00:03, 83.33it/s]
Layer_W2_M2 Epoch 2/8:  21%|â–ˆâ–ˆ        | 73/351 [00:00<00:03, 78.58it/s]
Layer_W2_M2 Epoch 2/8:  24%|â–ˆâ–ˆâ–Ž       | 83/351 [00:01<00:03, 84.07it/s]
Layer_W2_M2 Epoch 2/8:  26%|â–ˆâ–ˆâ–‹       | 93/351 [00:01<00:03, 79.30it/s][codecarbon INFO @ 20:54:05] Delta energy consumed for CPU with cpu_load : 0.000181 kWh, power : 45.0 W
[codecarbon INFO @ 20:54:05] Energy consumed for All CPU : 0.000556 kWh
[codecarbon INFO @ 20:54:05] Energy consumed for all GPUs : 0.000834 kWh. Total GPU Power : 66.26926983410033 W
[codecarbon INFO @ 20:54:05] 0.001860 kWh of electricity used since the beginning.

Layer_W2_M2 Epoch 2/8:  29%|â–ˆâ–ˆâ–‰       | 103/351 [00:01<00:02, 84.40it/s]
Layer_W2_M2 Epoch 2/8:  32%|â–ˆâ–ˆâ–ˆâ–      | 113/351 [00:01<00:02, 79.54it/s]
Layer_W2_M2 Epoch 2/8:  35%|â–ˆâ–ˆâ–ˆâ–Œ      | 123/351 [00:01<00:02, 84.53it/s]
Layer_W2_M2 Epoch 2/8:  38%|â–ˆâ–ˆâ–ˆâ–Š      | 133/351 [00:01<00:02, 79.54it/s]
Layer_W2_M2 Epoch 2/8:  41%|â–ˆâ–ˆâ–ˆâ–ˆ      | 143/351 [00:01<00:02, 84.60it/s]
Layer_W2_M2 Epoch 2/8:  43%|â–ˆâ–ˆâ–ˆâ–ˆâ–Ž     | 152/351 [00:01<00:02, 85.95it/s]
Layer_W2_M2 Epoch 2/8:  46%|â–ˆâ–ˆâ–ˆâ–ˆâ–Œ     | 161/351 [00:02<00:02, 78.34it/s]
Layer_W2_M2 Epoch 2/8:  49%|â–ˆâ–ˆâ–ˆâ–ˆâ–Š     | 171/351 [00:02<00:02, 83.68it/s]
Layer_W2_M2 Epoch 2/8:  52%|â–ˆâ–ˆâ–ˆâ–ˆâ–ˆâ–    | 181/351 [00:02<00:02, 79.11it/s]
Layer_W2_M2 Epoch 2/8:  54%|â–ˆâ–ˆâ–ˆâ–ˆâ–ˆâ–    | 191/351 [00:02<00:01, 84.30it/s]
Layer_W2_M2 Epoch 2/8:  57%|â–ˆâ–ˆâ–ˆâ–ˆâ–ˆâ–‹    | 201/351 [00:02<00:01, 79.62it/s]
Layer_W2_M2 Epoch 2/8:  60%|â–ˆâ–ˆâ–ˆâ–ˆâ–ˆâ–ˆ    | 211/351 [00:02<00:01, 84.76it/s]
Layer_W2_M2 Epoch 2/8:  63%|â–ˆâ–ˆâ–ˆâ–ˆâ–ˆâ–ˆâ–Ž   | 221/351 [00:02<00:01, 79.81it/s]
Layer_W2_M2 Epoch 2/8:  66%|â–ˆâ–ˆâ–ˆâ–ˆâ–ˆâ–ˆâ–Œ   | 231/351 [00:02<00:01, 84.77it/s]
Layer_W2_M2 Epoch 2/8:  69%|â–ˆâ–ˆâ–ˆâ–ˆâ–ˆâ–ˆâ–Š   | 241/351 [00:02<00:01, 79.77it/s]
Layer_W2_M2 Epoch 2/8:  71%|â–ˆâ–ˆâ–ˆâ–ˆâ–ˆâ–ˆâ–ˆ   | 250/351 [00:03<00:01, 82.32it/s]
Layer_W2_M2 Epoch 2/8:  74%|â–ˆâ–ˆâ–ˆâ–ˆâ–ˆâ–ˆâ–ˆâ–  | 260/351 [00:03<00:01, 86.74it/s]
Layer_W2_M2 Epoch 2/8:  77%|â–ˆâ–ˆâ–ˆâ–ˆâ–ˆâ–ˆâ–ˆâ–‹  | 269/351 [00:03<00:01, 78.91it/s]
Layer_W2_M2 Epoch 2/8:  79%|â–ˆâ–ˆâ–ˆâ–ˆâ–ˆâ–ˆâ–ˆâ–‰  | 279/351 [00:03<00:00, 84.29it/s]
Layer_W2_M2 Epoch 2/8:  82%|â–ˆâ–ˆâ–ˆâ–ˆâ–ˆâ–ˆâ–ˆâ–ˆâ– | 289/351 [00:03<00:00, 79.53it/s]
Layer_W2_M2 Epoch 2/8:  85%|â–ˆâ–ˆâ–ˆâ–ˆâ–ˆâ–ˆâ–ˆâ–ˆâ–Œ | 299/351 [00:03<00:00, 84.66it/s]
Layer_W2_M2 Epoch 2/8:  88%|â–ˆâ–ˆâ–ˆâ–ˆâ–ˆâ–ˆâ–ˆâ–ˆâ–Š | 309/351 [00:03<00:00, 79.59it/s]
Layer_W2_M2 Epoch 2/8:  91%|â–ˆâ–ˆâ–ˆâ–ˆâ–ˆâ–ˆâ–ˆâ–ˆâ–ˆ | 319/351 [00:03<00:00, 84.44it/s]
Layer_W2_M2 Epoch 2/8:  94%|â–ˆâ–ˆâ–ˆâ–ˆâ–ˆâ–ˆâ–ˆâ–ˆâ–ˆâ–Ž| 329/351 [00:04<00:00, 79.62it/s]
Layer_W2_M2 Epoch 2/8:  97%|â–ˆâ–ˆâ–ˆâ–ˆâ–ˆâ–ˆâ–ˆâ–ˆâ–ˆâ–‹| 339/351 [00:04<00:00, 84.68it/s]
Layer_W2_M2 Epoch 2/8:  99%|â–ˆâ–ˆâ–ˆâ–ˆâ–ˆâ–ˆâ–ˆâ–ˆâ–ˆâ–‰| 349/351 [00:04<00:00, 80.02it/s]
Layer_W2_M2 Epoch 2/8:  99%|â–ˆâ–ˆâ–ˆâ–ˆâ–ˆâ–ˆâ–ˆâ–ˆâ–ˆâ–‰| 349/351 [00:04<00:00, 80.02it/s, loss=3.361332]
                                                                                       

Layer_W2_M2 Epoch 3/8:   0%|          | 0/351 [00:00<?, ?it/s]
Layer_W2_M2 Epoch 3/8:   1%|â–         | 5/351 [00:00<00:07, 43.84it/s]
Layer_W2_M2 Epoch 3/8:   4%|â–         | 15/351 [00:00<00:04, 74.40it/s]
Layer_W2_M2 Epoch 3/8:   7%|â–‹         | 25/351 [00:00<00:04, 73.21it/s]
Layer_W2_M2 Epoch 3/8:  10%|â–‰         | 34/351 [00:00<00:04, 78.94it/s]
Layer_W2_M2 Epoch 3/8:  13%|â–ˆâ–Ž        | 44/351 [00:00<00:03, 85.53it/s]
Layer_W2_M2 Epoch 3/8:  15%|â–ˆâ–Œ        | 53/351 [00:00<00:03, 77.35it/s]
Layer_W2_M2 Epoch 3/8:  18%|â–ˆâ–Š        | 62/351 [00:00<00:03, 80.78it/s]
Layer_W2_M2 Epoch 3/8:  21%|â–ˆâ–ˆ        | 72/351 [00:00<00:03, 85.92it/s]
Layer_W2_M2 Epoch 3/8:  23%|â–ˆâ–ˆâ–Ž       | 81/351 [00:01<00:03, 78.79it/s]
Layer_W2_M2 Epoch 3/8:  26%|â–ˆâ–ˆâ–Œ       | 90/351 [00:01<00:03, 81.05it/s]
Layer_W2_M2 Epoch 3/8:  28%|â–ˆâ–ˆâ–Š       | 99/351 [00:01<00:03, 83.41it/s]
Layer_W2_M2 Epoch 3/8:  31%|â–ˆâ–ˆâ–ˆ       | 109/351 [00:01<00:03, 80.20it/s]
Layer_W2_M2 Epoch 3/8:  34%|â–ˆâ–ˆâ–ˆâ–Ž      | 118/351 [00:01<00:02, 81.48it/s]
Layer_W2_M2 Epoch 3/8:  36%|â–ˆâ–ˆâ–ˆâ–‹      | 128/351 [00:01<00:02, 86.45it/s]
Layer_W2_M2 Epoch 3/8:  39%|â–ˆâ–ˆâ–ˆâ–‰      | 137/351 [00:01<00:02, 80.07it/s]
Layer_W2_M2 Epoch 3/8:  42%|â–ˆâ–ˆâ–ˆâ–ˆâ–     | 146/351 [00:01<00:02, 81.26it/s]
Layer_W2_M2 Epoch 3/8:  44%|â–ˆâ–ˆâ–ˆâ–ˆâ–     | 156/351 [00:01<00:02, 86.27it/s]
Layer_W2_M2 Epoch 3/8:  47%|â–ˆâ–ˆâ–ˆâ–ˆâ–‹     | 165/351 [00:02<00:02, 80.09it/s]
Layer_W2_M2 Epoch 3/8:  50%|â–ˆâ–ˆâ–ˆâ–ˆâ–‰     | 174/351 [00:02<00:02, 81.67it/s]
Layer_W2_M2 Epoch 3/8:  52%|â–ˆâ–ˆâ–ˆâ–ˆâ–ˆâ–    | 184/351 [00:02<00:01, 86.49it/s]
Layer_W2_M2 Epoch 3/8:  55%|â–ˆâ–ˆâ–ˆâ–ˆâ–ˆâ–    | 193/351 [00:02<00:01, 79.60it/s]
Layer_W2_M2 Epoch 3/8:  58%|â–ˆâ–ˆâ–ˆâ–ˆâ–ˆâ–Š    | 202/351 [00:02<00:01, 81.38it/s]
Layer_W2_M2 Epoch 3/8:  60%|â–ˆâ–ˆâ–ˆâ–ˆâ–ˆâ–ˆ    | 212/351 [00:02<00:01, 86.35it/s]
Layer_W2_M2 Epoch 3/8:  63%|â–ˆâ–ˆâ–ˆâ–ˆâ–ˆâ–ˆâ–Ž   | 221/351 [00:02<00:01, 78.98it/s]
Layer_W2_M2 Epoch 3/8:  66%|â–ˆâ–ˆâ–ˆâ–ˆâ–ˆâ–ˆâ–Œ   | 230/351 [00:02<00:01, 81.81it/s]
Layer_W2_M2 Epoch 3/8:  68%|â–ˆâ–ˆâ–ˆâ–ˆâ–ˆâ–ˆâ–Š   | 240/351 [00:02<00:01, 86.49it/s]
Layer_W2_M2 Epoch 3/8:  71%|â–ˆâ–ˆâ–ˆâ–ˆâ–ˆâ–ˆâ–ˆ   | 249/351 [00:03<00:01, 78.90it/s]
Layer_W2_M2 Epoch 3/8:  74%|â–ˆâ–ˆâ–ˆâ–ˆâ–ˆâ–ˆâ–ˆâ–Ž  | 258/351 [00:03<00:01, 81.85it/s]
Layer_W2_M2 Epoch 3/8:  76%|â–ˆâ–ˆâ–ˆâ–ˆâ–ˆâ–ˆâ–ˆâ–‹  | 268/351 [00:03<00:00, 86.46it/s]
Layer_W2_M2 Epoch 3/8:  79%|â–ˆâ–ˆâ–ˆâ–ˆâ–ˆâ–ˆâ–ˆâ–‰  | 277/351 [00:03<00:00, 78.65it/s]
Layer_W2_M2 Epoch 3/8:  82%|â–ˆâ–ˆâ–ˆâ–ˆâ–ˆâ–ˆâ–ˆâ–ˆâ– | 287/351 [00:03<00:00, 84.00it/s]
Layer_W2_M2 Epoch 3/8:  84%|â–ˆâ–ˆâ–ˆâ–ˆâ–ˆâ–ˆâ–ˆâ–ˆâ– | 296/351 [00:03<00:00, 85.29it/s]
Layer_W2_M2 Epoch 3/8:  87%|â–ˆâ–ˆâ–ˆâ–ˆâ–ˆâ–ˆâ–ˆâ–ˆâ–‹ | 305/351 [00:03<00:00, 78.02it/s]
Layer_W2_M2 Epoch 3/8:  90%|â–ˆâ–ˆâ–ˆâ–ˆâ–ˆâ–ˆâ–ˆâ–ˆâ–‰ | 315/351 [00:03<00:00, 83.50it/s]
Layer_W2_M2 Epoch 3/8:  93%|â–ˆâ–ˆâ–ˆâ–ˆâ–ˆâ–ˆâ–ˆâ–ˆâ–ˆâ–Ž| 325/351 [00:04<00:00, 78.97it/s]
Layer_W2_M2 Epoch 3/8:  95%|â–ˆâ–ˆâ–ˆâ–ˆâ–ˆâ–ˆâ–ˆâ–ˆâ–ˆâ–Œ| 334/351 [00:04<00:00, 81.72it/s]
Layer_W2_M2 Epoch 3/8:  98%|â–ˆâ–ˆâ–ˆâ–ˆâ–ˆâ–ˆâ–ˆâ–ˆâ–ˆâ–Š| 344/351 [00:04<00:00, 83.88it/s]
Layer_W2_M2 Epoch 3/8:  98%|â–ˆâ–ˆâ–ˆâ–ˆâ–ˆâ–ˆâ–ˆâ–ˆâ–ˆâ–Š| 344/351 [00:04<00:00, 83.88it/s, loss=3.357057]
                                                                                       

Layer_W2_M2 Epoch 4/8:   0%|          | 0/351 [00:00<?, ?it/s]
Layer_W2_M2 Epoch 4/8:   1%|â–         | 5/351 [00:00<00:07, 44.30it/s]
Layer_W2_M2 Epoch 4/8:   4%|â–         | 14/351 [00:00<00:04, 69.11it/s]
Layer_W2_M2 Epoch 4/8:   7%|â–‹         | 24/351 [00:00<00:03, 82.50it/s]
Layer_W2_M2 Epoch 4/8:   9%|â–‰         | 33/351 [00:00<00:04, 73.96it/s]
Layer_W2_M2 Epoch 4/8:  12%|â–ˆâ–        | 43/351 [00:00<00:03, 81.97it/s]
Layer_W2_M2 Epoch 4/8:  15%|â–ˆâ–        | 52/351 [00:00<00:03, 84.42it/s]
Layer_W2_M2 Epoch 4/8:  17%|â–ˆâ–‹        | 61/351 [00:00<00:03, 76.80it/s]
Layer_W2_M2 Epoch 4/8:  20%|â–ˆâ–‰        | 70/351 [00:00<00:03, 80.50it/s]
Layer_W2_M2 Epoch 4/8:  23%|â–ˆâ–ˆâ–Ž       | 79/351 [00:00<00:03, 82.81it/s]
Layer_W2_M2 Epoch 4/8:  25%|â–ˆâ–ˆâ–Œ       | 89/351 [00:01<00:03, 78.21it/s]
Layer_W2_M2 Epoch 4/8:  28%|â–ˆâ–ˆâ–Š       | 98/351 [00:01<00:03, 81.36it/s]
Layer_W2_M2 Epoch 4/8:  31%|â–ˆâ–ˆâ–ˆ       | 108/351 [00:01<00:02, 86.20it/s]
Layer_W2_M2 Epoch 4/8:  33%|â–ˆâ–ˆâ–ˆâ–Ž      | 117/351 [00:01<00:02, 78.13it/s]
Layer_W2_M2 Epoch 4/8:  36%|â–ˆâ–ˆâ–ˆâ–Œ      | 127/351 [00:01<00:02, 83.59it/s]
Layer_W2_M2 Epoch 4/8:  39%|â–ˆâ–ˆâ–ˆâ–Š      | 136/351 [00:01<00:02, 84.89it/s]
Layer_W2_M2 Epoch 4/8:  41%|â–ˆâ–ˆâ–ˆâ–ˆâ–     | 145/351 [00:01<00:02, 77.88it/s]
Layer_W2_M2 Epoch 4/8:  44%|â–ˆâ–ˆâ–ˆâ–ˆâ–     | 155/351 [00:01<00:02, 83.58it/s]
Layer_W2_M2 Epoch 4/8:  47%|â–ˆâ–ˆâ–ˆâ–ˆâ–‹     | 165/351 [00:02<00:02, 78.83it/s]
Layer_W2_M2 Epoch 4/8:  50%|â–ˆâ–ˆâ–ˆâ–ˆâ–‰     | 174/351 [00:02<00:02, 81.65it/s]
Layer_W2_M2 Epoch 4/8:  52%|â–ˆâ–ˆâ–ˆâ–ˆâ–ˆâ–    | 183/351 [00:02<00:02, 83.77it/s]
Layer_W2_M2 Epoch 4/8:  55%|â–ˆâ–ˆâ–ˆâ–ˆâ–ˆâ–    | 193/351 [00:02<00:01, 79.13it/s]
Layer_W2_M2 Epoch 4/8:  58%|â–ˆâ–ˆâ–ˆâ–ˆâ–ˆâ–Š    | 202/351 [00:02<00:01, 81.98it/s]
Layer_W2_M2 Epoch 4/8:  60%|â–ˆâ–ˆâ–ˆâ–ˆâ–ˆâ–ˆ    | 212/351 [00:02<00:01, 86.56it/s]
Layer_W2_M2 Epoch 4/8:  63%|â–ˆâ–ˆâ–ˆâ–ˆâ–ˆâ–ˆâ–Ž   | 221/351 [00:02<00:01, 78.60it/s]
Layer_W2_M2 Epoch 4/8:  66%|â–ˆâ–ˆâ–ˆâ–ˆâ–ˆâ–ˆâ–Œ   | 230/351 [00:02<00:01, 81.61it/s]
Layer_W2_M2 Epoch 4/8:  68%|â–ˆâ–ˆâ–ˆâ–ˆâ–ˆâ–ˆâ–Š   | 240/351 [00:02<00:01, 86.20it/s]
Layer_W2_M2 Epoch 4/8:  71%|â–ˆâ–ˆâ–ˆâ–ˆâ–ˆâ–ˆâ–ˆ   | 249/351 [00:03<00:01, 78.12it/s]
Layer_W2_M2 Epoch 4/8:  74%|â–ˆâ–ˆâ–ˆâ–ˆâ–ˆâ–ˆâ–ˆâ–  | 260/351 [00:03<00:01, 86.23it/s]
Layer_W2_M2 Epoch 4/8:  77%|â–ˆâ–ˆâ–ˆâ–ˆâ–ˆâ–ˆâ–ˆâ–‹  | 269/351 [00:03<00:01, 78.72it/s]
Layer_W2_M2 Epoch 4/8:  79%|â–ˆâ–ˆâ–ˆâ–ˆâ–ˆâ–ˆâ–ˆâ–‰  | 279/351 [00:03<00:00, 83.99it/s]
Layer_W2_M2 Epoch 4/8:  82%|â–ˆâ–ˆâ–ˆâ–ˆâ–ˆâ–ˆâ–ˆâ–ˆâ– | 289/351 [00:03<00:00, 79.37it/s]
Layer_W2_M2 Epoch 4/8:  85%|â–ˆâ–ˆâ–ˆâ–ˆâ–ˆâ–ˆâ–ˆâ–ˆâ–Œ | 299/351 [00:03<00:00, 84.38it/s]
Layer_W2_M2 Epoch 4/8:  88%|â–ˆâ–ˆâ–ˆâ–ˆâ–ˆâ–ˆâ–ˆâ–ˆâ–Š | 309/351 [00:03<00:00, 79.71it/s]
Layer_W2_M2 Epoch 4/8:  91%|â–ˆâ–ˆâ–ˆâ–ˆâ–ˆâ–ˆâ–ˆâ–ˆâ–ˆ | 319/351 [00:03<00:00, 84.74it/s]
Layer_W2_M2 Epoch 4/8:  94%|â–ˆâ–ˆâ–ˆâ–ˆâ–ˆâ–ˆâ–ˆâ–ˆâ–ˆâ–Ž| 329/351 [00:04<00:00, 79.85it/s]
Layer_W2_M2 Epoch 4/8:  97%|â–ˆâ–ˆâ–ˆâ–ˆâ–ˆâ–ˆâ–ˆâ–ˆâ–ˆâ–‹| 339/351 [00:04<00:00, 84.85it/s]
Layer_W2_M2 Epoch 4/8:  99%|â–ˆâ–ˆâ–ˆâ–ˆâ–ˆâ–ˆâ–ˆâ–ˆâ–ˆâ–‰| 348/351 [00:04<00:00, 83.84it/s]
Layer_W2_M2 Epoch 4/8:  99%|â–ˆâ–ˆâ–ˆâ–ˆâ–ˆâ–ˆâ–ˆâ–ˆâ–ˆâ–‰| 348/351 [00:04<00:00, 83.84it/s, loss=3.594692]
                                                                                       

Layer_W2_M2 Epoch 5/8:   0%|          | 0/351 [00:00<?, ?it/s]
Layer_W2_M2 Epoch 5/8:   1%|â–         | 5/351 [00:00<00:07, 45.00it/s]
Layer_W2_M2 Epoch 5/8:   4%|â–         | 15/351 [00:00<00:04, 75.28it/s]
Layer_W2_M2 Epoch 5/8:   7%|â–‹         | 25/351 [00:00<00:04, 73.60it/s]
Layer_W2_M2 Epoch 5/8:  10%|â–‰         | 34/351 [00:00<00:04, 78.91it/s]
Layer_W2_M2 Epoch 5/8:  13%|â–ˆâ–Ž        | 44/351 [00:00<00:03, 85.61it/s]
Layer_W2_M2 Epoch 5/8:  15%|â–ˆâ–Œ        | 53/351 [00:00<00:03, 77.96it/s]
Layer_W2_M2 Epoch 5/8:  18%|â–ˆâ–Š        | 62/351 [00:00<00:03, 80.37it/s]
Layer_W2_M2 Epoch 5/8:  21%|â–ˆâ–ˆ        | 72/351 [00:00<00:03, 85.73it/s]
Layer_W2_M2 Epoch 5/8:  23%|â–ˆâ–ˆâ–Ž       | 81/351 [00:01<00:03, 79.00it/s]
Layer_W2_M2 Epoch 5/8:  26%|â–ˆâ–ˆâ–Œ       | 90/351 [00:01<00:03, 80.79it/s]
Layer_W2_M2 Epoch 5/8:  28%|â–ˆâ–ˆâ–Š       | 100/351 [00:01<00:02, 85.83it/s]
Layer_W2_M2 Epoch 5/8:  31%|â–ˆâ–ˆâ–ˆ       | 109/351 [00:01<00:03, 79.66it/s]
Layer_W2_M2 Epoch 5/8:  34%|â–ˆâ–ˆâ–ˆâ–Ž      | 118/351 [00:01<00:02, 80.62it/s]
Layer_W2_M2 Epoch 5/8:  36%|â–ˆâ–ˆâ–ˆâ–Œ      | 127/351 [00:01<00:02, 83.15it/s]
Layer_W2_M2 Epoch 5/8:  39%|â–ˆâ–ˆâ–ˆâ–Š      | 136/351 [00:01<00:02, 84.99it/s]
Layer_W2_M2 Epoch 5/8:  41%|â–ˆâ–ˆâ–ˆâ–ˆâ–     | 145/351 [00:01<00:02, 79.83it/s]
Layer_W2_M2 Epoch 5/8:  44%|â–ˆâ–ˆâ–ˆâ–ˆâ–     | 154/351 [00:01<00:02, 79.73it/s]
Layer_W2_M2 Epoch 5/8:  47%|â–ˆâ–ˆâ–ˆâ–ˆâ–‹     | 164/351 [00:02<00:02, 85.00it/s][codecarbon INFO @ 20:54:19] Energy consumed for RAM : 0.000623 kWh. RAM Power : 38.0 W

Layer_W2_M2 Epoch 5/8:  49%|â–ˆâ–ˆâ–ˆâ–ˆâ–‰     | 173/351 [00:02<00:02, 81.11it/s]
Layer_W2_M2 Epoch 5/8:  52%|â–ˆâ–ˆâ–ˆâ–ˆâ–ˆâ–    | 182/351 [00:02<00:02, 79.59it/s]
Layer_W2_M2 Epoch 5/8:  55%|â–ˆâ–ˆâ–ˆâ–ˆâ–ˆâ–    | 192/351 [00:02<00:01, 84.75it/s]
Layer_W2_M2 Epoch 5/8:  57%|â–ˆâ–ˆâ–ˆâ–ˆâ–ˆâ–‹    | 201/351 [00:02<00:01, 81.71it/s][codecarbon INFO @ 20:54:20] Delta energy consumed for CPU with cpu_load : 0.000181 kWh, power : 45.0 W
[codecarbon INFO @ 20:54:20] Energy consumed for All CPU : 0.000737 kWh
[codecarbon INFO @ 20:54:20] Energy consumed for all GPUs : 0.001104 kWh. Total GPU Power : 64.78002537636952 W
[codecarbon INFO @ 20:54:20] 0.002464 kWh of electricity used since the beginning.

Layer_W2_M2 Epoch 5/8:  60%|â–ˆâ–ˆâ–ˆâ–ˆâ–ˆâ–‰    | 210/351 [00:02<00:01, 79.43it/s]
Layer_W2_M2 Epoch 5/8:  63%|â–ˆâ–ˆâ–ˆâ–ˆâ–ˆâ–ˆâ–Ž   | 220/351 [00:02<00:01, 84.75it/s]
Layer_W2_M2 Epoch 5/8:  65%|â–ˆâ–ˆâ–ˆâ–ˆâ–ˆâ–ˆâ–Œ   | 229/351 [00:02<00:01, 82.20it/s]
Layer_W2_M2 Epoch 5/8:  68%|â–ˆâ–ˆâ–ˆâ–ˆâ–ˆâ–ˆâ–Š   | 238/351 [00:02<00:01, 79.18it/s]
Layer_W2_M2 Epoch 5/8:  71%|â–ˆâ–ˆâ–ˆâ–ˆâ–ˆâ–ˆâ–ˆ   | 248/351 [00:03<00:01, 84.45it/s]
Layer_W2_M2 Epoch 5/8:  73%|â–ˆâ–ˆâ–ˆâ–ˆâ–ˆâ–ˆâ–ˆâ–Ž  | 257/351 [00:03<00:01, 82.67it/s]
Layer_W2_M2 Epoch 5/8:  76%|â–ˆâ–ˆâ–ˆâ–ˆâ–ˆâ–ˆâ–ˆâ–Œ  | 266/351 [00:03<00:01, 78.97it/s]
Layer_W2_M2 Epoch 5/8:  79%|â–ˆâ–ˆâ–ˆâ–ˆâ–ˆâ–ˆâ–ˆâ–Š  | 276/351 [00:03<00:00, 84.31it/s]
Layer_W2_M2 Epoch 5/8:  81%|â–ˆâ–ˆâ–ˆâ–ˆâ–ˆâ–ˆâ–ˆâ–ˆ  | 285/351 [00:03<00:00, 83.28it/s]
Layer_W2_M2 Epoch 5/8:  84%|â–ˆâ–ˆâ–ˆâ–ˆâ–ˆâ–ˆâ–ˆâ–ˆâ– | 294/351 [00:03<00:00, 79.12it/s]
Layer_W2_M2 Epoch 5/8:  87%|â–ˆâ–ˆâ–ˆâ–ˆâ–ˆâ–ˆâ–ˆâ–ˆâ–‹ | 304/351 [00:03<00:00, 84.61it/s]
Layer_W2_M2 Epoch 5/8:  89%|â–ˆâ–ˆâ–ˆâ–ˆâ–ˆâ–ˆâ–ˆâ–ˆâ–‰ | 313/351 [00:03<00:00, 83.51it/s]
Layer_W2_M2 Epoch 5/8:  92%|â–ˆâ–ˆâ–ˆâ–ˆâ–ˆâ–ˆâ–ˆâ–ˆâ–ˆâ–| 322/351 [00:03<00:00, 79.05it/s]
Layer_W2_M2 Epoch 5/8:  95%|â–ˆâ–ˆâ–ˆâ–ˆâ–ˆâ–ˆâ–ˆâ–ˆâ–ˆâ–| 332/351 [00:04<00:00, 84.29it/s]
Layer_W2_M2 Epoch 5/8:  97%|â–ˆâ–ˆâ–ˆâ–ˆâ–ˆâ–ˆâ–ˆâ–ˆâ–ˆâ–‹| 341/351 [00:04<00:00, 83.60it/s]
Layer_W2_M2 Epoch 5/8: 100%|â–ˆâ–ˆâ–ˆâ–ˆâ–ˆâ–ˆâ–ˆâ–ˆâ–ˆâ–‰| 350/351 [00:04<00:00, 79.09it/s]
Layer_W2_M2 Epoch 5/8: 100%|â–ˆâ–ˆâ–ˆâ–ˆâ–ˆâ–ˆâ–ˆâ–ˆâ–ˆâ–‰| 350/351 [00:04<00:00, 79.09it/s, loss=2.900331]
                                                                                       

Layer_W2_M2 Epoch 6/8:   0%|          | 0/351 [00:00<?, ?it/s]
Layer_W2_M2 Epoch 6/8:   1%|â–         | 5/351 [00:00<00:07, 44.95it/s]
Layer_W2_M2 Epoch 6/8:   4%|â–         | 14/351 [00:00<00:04, 69.71it/s]
Layer_W2_M2 Epoch 6/8:   7%|â–‹         | 24/351 [00:00<00:03, 82.64it/s]
Layer_W2_M2 Epoch 6/8:   9%|â–‰         | 33/351 [00:00<00:04, 74.87it/s]
Layer_W2_M2 Epoch 6/8:  12%|â–ˆâ–        | 42/351 [00:00<00:03, 78.85it/s]
Layer_W2_M2 Epoch 6/8:  15%|â–ˆâ–        | 52/351 [00:00<00:03, 85.24it/s]
Layer_W2_M2 Epoch 6/8:  17%|â–ˆâ–‹        | 61/351 [00:00<00:03, 77.98it/s]
Layer_W2_M2 Epoch 6/8:  20%|â–ˆâ–‰        | 70/351 [00:00<00:03, 80.48it/s]
Layer_W2_M2 Epoch 6/8:  23%|â–ˆâ–ˆâ–Ž       | 80/351 [00:00<00:03, 85.83it/s]
Layer_W2_M2 Epoch 6/8:  25%|â–ˆâ–ˆâ–Œ       | 89/351 [00:01<00:03, 78.90it/s]
Layer_W2_M2 Epoch 6/8:  28%|â–ˆâ–ˆâ–Š       | 98/351 [00:01<00:03, 80.79it/s]
Layer_W2_M2 Epoch 6/8:  31%|â–ˆâ–ˆâ–ˆ       | 108/351 [00:01<00:02, 85.80it/s]
Layer_W2_M2 Epoch 6/8:  33%|â–ˆâ–ˆâ–ˆâ–Ž      | 117/351 [00:01<00:02, 79.69it/s]
Layer_W2_M2 Epoch 6/8:  36%|â–ˆâ–ˆâ–ˆâ–Œ      | 126/351 [00:01<00:02, 80.48it/s]
Layer_W2_M2 Epoch 6/8:  38%|â–ˆâ–ˆâ–ˆâ–Š      | 135/351 [00:01<00:02, 83.06it/s]
Layer_W2_M2 Epoch 6/8:  41%|â–ˆâ–ˆâ–ˆâ–ˆâ–     | 145/351 [00:01<00:02, 81.14it/s]
Layer_W2_M2 Epoch 6/8:  44%|â–ˆâ–ˆâ–ˆâ–ˆâ–     | 154/351 [00:01<00:02, 80.72it/s]
Layer_W2_M2 Epoch 6/8:  47%|â–ˆâ–ˆâ–ˆâ–ˆâ–‹     | 164/351 [00:02<00:02, 85.62it/s]
Layer_W2_M2 Epoch 6/8:  49%|â–ˆâ–ˆâ–ˆâ–ˆâ–‰     | 173/351 [00:02<00:02, 81.43it/s]
Layer_W2_M2 Epoch 6/8:  52%|â–ˆâ–ˆâ–ˆâ–ˆâ–ˆâ–    | 182/351 [00:02<00:02, 80.02it/s]
Layer_W2_M2 Epoch 6/8:  55%|â–ˆâ–ˆâ–ˆâ–ˆâ–ˆâ–    | 192/351 [00:02<00:01, 85.11it/s]
Layer_W2_M2 Epoch 6/8:  57%|â–ˆâ–ˆâ–ˆâ–ˆâ–ˆâ–‹    | 201/351 [00:02<00:01, 81.85it/s]
Layer_W2_M2 Epoch 6/8:  60%|â–ˆâ–ˆâ–ˆâ–ˆâ–ˆâ–‰    | 210/351 [00:02<00:01, 79.47it/s]
Layer_W2_M2 Epoch 6/8:  63%|â–ˆâ–ˆâ–ˆâ–ˆâ–ˆâ–ˆâ–Ž   | 220/351 [00:02<00:01, 84.59it/s]
Layer_W2_M2 Epoch 6/8:  65%|â–ˆâ–ˆâ–ˆâ–ˆâ–ˆâ–ˆâ–Œ   | 229/351 [00:02<00:01, 82.16it/s]
Layer_W2_M2 Epoch 6/8:  68%|â–ˆâ–ˆâ–ˆâ–ˆâ–ˆâ–ˆâ–Š   | 238/351 [00:02<00:01, 75.61it/s]
Layer_W2_M2 Epoch 6/8:  71%|â–ˆâ–ˆâ–ˆâ–ˆâ–ˆâ–ˆâ–ˆ   | 248/351 [00:03<00:01, 81.58it/s]
Layer_W2_M2 Epoch 6/8:  74%|â–ˆâ–ˆâ–ˆâ–ˆâ–ˆâ–ˆâ–ˆâ–Ž  | 258/351 [00:03<00:01, 77.81it/s]
Layer_W2_M2 Epoch 6/8:  76%|â–ˆâ–ˆâ–ˆâ–ˆâ–ˆâ–ˆâ–ˆâ–‹  | 268/351 [00:03<00:00, 83.26it/s]
Layer_W2_M2 Epoch 6/8:  79%|â–ˆâ–ˆâ–ˆâ–ˆâ–ˆâ–ˆâ–ˆâ–‰  | 278/351 [00:03<00:00, 78.63it/s]
Layer_W2_M2 Epoch 6/8:  82%|â–ˆâ–ˆâ–ˆâ–ˆâ–ˆâ–ˆâ–ˆâ–ˆâ– | 288/351 [00:03<00:00, 83.85it/s]
Layer_W2_M2 Epoch 6/8:  85%|â–ˆâ–ˆâ–ˆâ–ˆâ–ˆâ–ˆâ–ˆâ–ˆâ– | 298/351 [00:03<00:00, 79.23it/s]
Layer_W2_M2 Epoch 6/8:  88%|â–ˆâ–ˆâ–ˆâ–ˆâ–ˆâ–ˆâ–ˆâ–ˆâ–Š | 308/351 [00:03<00:00, 84.27it/s]
Layer_W2_M2 Epoch 6/8:  91%|â–ˆâ–ˆâ–ˆâ–ˆâ–ˆâ–ˆâ–ˆâ–ˆâ–ˆ | 318/351 [00:03<00:00, 79.84it/s]
Layer_W2_M2 Epoch 6/8:  93%|â–ˆâ–ˆâ–ˆâ–ˆâ–ˆâ–ˆâ–ˆâ–ˆâ–ˆâ–Ž| 328/351 [00:04<00:00, 84.78it/s]
Layer_W2_M2 Epoch 6/8:  96%|â–ˆâ–ˆâ–ˆâ–ˆâ–ˆâ–ˆâ–ˆâ–ˆâ–ˆâ–‹| 338/351 [00:04<00:00, 80.07it/s]
Layer_W2_M2 Epoch 6/8:  99%|â–ˆâ–ˆâ–ˆâ–ˆâ–ˆâ–ˆâ–ˆâ–ˆâ–ˆâ–‰| 347/351 [00:04<00:00, 81.45it/s]
Layer_W2_M2 Epoch 6/8:  99%|â–ˆâ–ˆâ–ˆâ–ˆâ–ˆâ–ˆâ–ˆâ–ˆâ–ˆâ–‰| 347/351 [00:04<00:00, 81.45it/s, loss=2.934530]
                                                                                       

Layer_W2_M2 Epoch 7/8:   0%|          | 0/351 [00:00<?, ?it/s]
Layer_W2_M2 Epoch 7/8:   1%|â–         | 5/351 [00:00<00:08, 42.94it/s]
Layer_W2_M2 Epoch 7/8:   4%|â–         | 15/351 [00:00<00:04, 73.71it/s]
Layer_W2_M2 Epoch 7/8:   7%|â–‹         | 25/351 [00:00<00:04, 72.72it/s]
Layer_W2_M2 Epoch 7/8:  10%|â–‰         | 35/351 [00:00<00:03, 82.05it/s]
Layer_W2_M2 Epoch 7/8:  13%|â–ˆâ–Ž        | 44/351 [00:00<00:03, 84.18it/s]
Layer_W2_M2 Epoch 7/8:  15%|â–ˆâ–Œ        | 53/351 [00:00<00:03, 77.39it/s]
Layer_W2_M2 Epoch 7/8:  18%|â–ˆâ–Š        | 63/351 [00:00<00:03, 83.78it/s]
Layer_W2_M2 Epoch 7/8:  21%|â–ˆâ–ˆ        | 72/351 [00:00<00:03, 82.97it/s]
Layer_W2_M2 Epoch 7/8:  23%|â–ˆâ–ˆâ–Ž       | 81/351 [00:01<00:03, 78.82it/s]
Layer_W2_M2 Epoch 7/8:  26%|â–ˆâ–ˆâ–Œ       | 92/351 [00:01<00:03, 82.62it/s]
Layer_W2_M2 Epoch 7/8:  29%|â–ˆâ–ˆâ–‰       | 101/351 [00:01<00:03, 80.58it/s]
Layer_W2_M2 Epoch 7/8:  32%|â–ˆâ–ˆâ–ˆâ–      | 111/351 [00:01<00:02, 85.65it/s]
Layer_W2_M2 Epoch 7/8:  34%|â–ˆâ–ˆâ–ˆâ–      | 120/351 [00:01<00:02, 81.75it/s]
Layer_W2_M2 Epoch 7/8:  37%|â–ˆâ–ˆâ–ˆâ–‹      | 129/351 [00:01<00:02, 80.77it/s]
Layer_W2_M2 Epoch 7/8:  39%|â–ˆâ–ˆâ–ˆâ–‰      | 138/351 [00:01<00:02, 83.24it/s]
Layer_W2_M2 Epoch 7/8:  42%|â–ˆâ–ˆâ–ˆâ–ˆâ–     | 148/351 [00:01<00:02, 81.88it/s]
Layer_W2_M2 Epoch 7/8:  45%|â–ˆâ–ˆâ–ˆâ–ˆâ–     | 157/351 [00:01<00:02, 81.44it/s]
Layer_W2_M2 Epoch 7/8:  47%|â–ˆâ–ˆâ–ˆâ–ˆâ–‹     | 166/351 [00:02<00:02, 82.84it/s]
Layer_W2_M2 Epoch 7/8:  50%|â–ˆâ–ˆâ–ˆâ–ˆâ–ˆ     | 176/351 [00:02<00:02, 81.57it/s]
Layer_W2_M2 Epoch 7/8:  53%|â–ˆâ–ˆâ–ˆâ–ˆâ–ˆâ–Ž    | 185/351 [00:02<00:02, 82.45it/s]
Layer_W2_M2 Epoch 7/8:  55%|â–ˆâ–ˆâ–ˆâ–ˆâ–ˆâ–Œ    | 194/351 [00:02<00:01, 82.26it/s]
Layer_W2_M2 Epoch 7/8:  58%|â–ˆâ–ˆâ–ˆâ–ˆâ–ˆâ–Š    | 204/351 [00:02<00:01, 80.96it/s]
Layer_W2_M2 Epoch 7/8:  61%|â–ˆâ–ˆâ–ˆâ–ˆâ–ˆâ–ˆ    | 214/351 [00:02<00:01, 82.48it/s]
Layer_W2_M2 Epoch 7/8:  64%|â–ˆâ–ˆâ–ˆâ–ˆâ–ˆâ–ˆâ–   | 224/351 [00:02<00:01, 81.05it/s]
Layer_W2_M2 Epoch 7/8:  66%|â–ˆâ–ˆâ–ˆâ–ˆâ–ˆâ–ˆâ–‹   | 233/351 [00:02<00:01, 83.25it/s]
Layer_W2_M2 Epoch 7/8:  69%|â–ˆâ–ˆâ–ˆâ–ˆâ–ˆâ–ˆâ–‰   | 242/351 [00:02<00:01, 82.43it/s]
Layer_W2_M2 Epoch 7/8:  72%|â–ˆâ–ˆâ–ˆâ–ˆâ–ˆâ–ˆâ–ˆâ–  | 252/351 [00:03<00:01, 80.28it/s]
Layer_W2_M2 Epoch 7/8:  74%|â–ˆâ–ˆâ–ˆâ–ˆâ–ˆâ–ˆâ–ˆâ–  | 261/351 [00:03<00:01, 82.70it/s]
Layer_W2_M2 Epoch 7/8:  77%|â–ˆâ–ˆâ–ˆâ–ˆâ–ˆâ–ˆâ–ˆâ–‹  | 270/351 [00:03<00:00, 82.18it/s]
Layer_W2_M2 Epoch 7/8:  80%|â–ˆâ–ˆâ–ˆâ–ˆâ–ˆâ–ˆâ–ˆâ–‰  | 280/351 [00:03<00:00, 79.94it/s]
Layer_W2_M2 Epoch 7/8:  83%|â–ˆâ–ˆâ–ˆâ–ˆâ–ˆâ–ˆâ–ˆâ–ˆâ–Ž | 290/351 [00:03<00:00, 82.53it/s]
Layer_W2_M2 Epoch 7/8:  85%|â–ˆâ–ˆâ–ˆâ–ˆâ–ˆâ–ˆâ–ˆâ–ˆâ–Œ | 299/351 [00:03<00:00, 84.52it/s]
Layer_W2_M2 Epoch 7/8:  88%|â–ˆâ–ˆâ–ˆâ–ˆâ–ˆâ–ˆâ–ˆâ–ˆâ–Š | 308/351 [00:03<00:00, 79.06it/s]
Layer_W2_M2 Epoch 7/8:  90%|â–ˆâ–ˆâ–ˆâ–ˆâ–ˆâ–ˆâ–ˆâ–ˆâ–ˆ | 317/351 [00:03<00:00, 81.98it/s]
Layer_W2_M2 Epoch 7/8:  93%|â–ˆâ–ˆâ–ˆâ–ˆâ–ˆâ–ˆâ–ˆâ–ˆâ–ˆâ–Ž| 326/351 [00:04<00:00, 82.09it/s]
Layer_W2_M2 Epoch 7/8:  96%|â–ˆâ–ˆâ–ˆâ–ˆâ–ˆâ–ˆâ–ˆâ–ˆâ–ˆâ–Œ| 336/351 [00:04<00:00, 79.39it/s]
Layer_W2_M2 Epoch 7/8:  98%|â–ˆâ–ˆâ–ˆâ–ˆâ–ˆâ–ˆâ–ˆâ–ˆâ–ˆâ–Š| 345/351 [00:04<00:00, 79.50it/s]
Layer_W2_M2 Epoch 7/8:  98%|â–ˆâ–ˆâ–ˆâ–ˆâ–ˆâ–ˆâ–ˆâ–ˆâ–ˆâ–Š| 345/351 [00:04<00:00, 79.50it/s, loss=3.037287]
                                                                                       

Layer_W2_M2 Epoch 8/8:   0%|          | 0/351 [00:00<?, ?it/s]
Layer_W2_M2 Epoch 8/8:   1%|â–         | 5/351 [00:00<00:08, 43.15it/s]
Layer_W2_M2 Epoch 8/8:   4%|â–         | 15/351 [00:00<00:04, 74.52it/s]
Layer_W2_M2 Epoch 8/8:   7%|â–‹         | 25/351 [00:00<00:04, 72.55it/s]
Layer_W2_M2 Epoch 8/8:  10%|â–‰         | 35/351 [00:00<00:03, 81.83it/s]
Layer_W2_M2 Epoch 8/8:  13%|â–ˆâ–Ž        | 45/351 [00:00<00:03, 77.33it/s]
Layer_W2_M2 Epoch 8/8:  16%|â–ˆâ–Œ        | 55/351 [00:00<00:03, 83.24it/s]
Layer_W2_M2 Epoch 8/8:  19%|â–ˆâ–Š        | 65/351 [00:00<00:03, 79.23it/s]
Layer_W2_M2 Epoch 8/8:  21%|â–ˆâ–ˆâ–       | 75/351 [00:00<00:03, 83.77it/s]
Layer_W2_M2 Epoch 8/8:  24%|â–ˆâ–ˆâ–       | 85/351 [00:01<00:03, 80.09it/s]
Layer_W2_M2 Epoch 8/8:  27%|â–ˆâ–ˆâ–‹       | 94/351 [00:01<00:03, 82.24it/s]
Layer_W2_M2 Epoch 8/8:  29%|â–ˆâ–ˆâ–‰       | 103/351 [00:01<00:02, 84.30it/s]
Layer_W2_M2 Epoch 8/8:  32%|â–ˆâ–ˆâ–ˆâ–      | 113/351 [00:01<00:02, 80.61it/s]
Layer_W2_M2 Epoch 8/8:  35%|â–ˆâ–ˆâ–ˆâ–      | 122/351 [00:01<00:02, 81.48it/s]
Layer_W2_M2 Epoch 8/8:  38%|â–ˆâ–ˆâ–ˆâ–Š      | 132/351 [00:01<00:02, 86.35it/s]
Layer_W2_M2 Epoch 8/8:  40%|â–ˆâ–ˆâ–ˆâ–ˆ      | 141/351 [00:01<00:02, 80.60it/s]
Layer_W2_M2 Epoch 8/8:  43%|â–ˆâ–ˆâ–ˆâ–ˆâ–Ž     | 150/351 [00:01<00:02, 81.10it/s]
Layer_W2_M2 Epoch 8/8:  46%|â–ˆâ–ˆâ–ˆâ–ˆâ–Œ     | 160/351 [00:01<00:02, 85.87it/s]
Layer_W2_M2 Epoch 8/8:  48%|â–ˆâ–ˆâ–ˆâ–ˆâ–Š     | 169/351 [00:02<00:02, 80.89it/s]
Layer_W2_M2 Epoch 8/8:  51%|â–ˆâ–ˆâ–ˆâ–ˆâ–ˆ     | 178/351 [00:02<00:02, 80.58it/s]
Layer_W2_M2 Epoch 8/8:  54%|â–ˆâ–ˆâ–ˆâ–ˆâ–ˆâ–Ž    | 188/351 [00:02<00:01, 85.58it/s]
Layer_W2_M2 Epoch 8/8:  56%|â–ˆâ–ˆâ–ˆâ–ˆâ–ˆâ–Œ    | 197/351 [00:02<00:01, 81.08it/s]
Layer_W2_M2 Epoch 8/8:  59%|â–ˆâ–ˆâ–ˆâ–ˆâ–ˆâ–Š    | 206/351 [00:02<00:01, 80.39it/s]
Layer_W2_M2 Epoch 8/8:  62%|â–ˆâ–ˆâ–ˆâ–ˆâ–ˆâ–ˆâ–   | 216/351 [00:02<00:01, 85.44it/s]
Layer_W2_M2 Epoch 8/8:  64%|â–ˆâ–ˆâ–ˆâ–ˆâ–ˆâ–ˆâ–   | 225/351 [00:02<00:01, 81.64it/s]
Layer_W2_M2 Epoch 8/8:  67%|â–ˆâ–ˆâ–ˆâ–ˆâ–ˆâ–ˆâ–‹   | 234/351 [00:02<00:01, 79.85it/s]
Layer_W2_M2 Epoch 8/8:  70%|â–ˆâ–ˆâ–ˆâ–ˆâ–ˆâ–ˆâ–‰   | 244/351 [00:02<00:01, 84.99it/s]
Layer_W2_M2 Epoch 8/8:  72%|â–ˆâ–ˆâ–ˆâ–ˆâ–ˆâ–ˆâ–ˆâ–  | 253/351 [00:03<00:01, 82.31it/s]
Layer_W2_M2 Epoch 8/8:  75%|â–ˆâ–ˆâ–ˆâ–ˆâ–ˆâ–ˆâ–ˆâ–  | 262/351 [00:03<00:01, 79.70it/s]
Layer_W2_M2 Epoch 8/8:  77%|â–ˆâ–ˆâ–ˆâ–ˆâ–ˆâ–ˆâ–ˆâ–‹  | 272/351 [00:03<00:00, 84.90it/s][codecarbon INFO @ 20:54:34] Energy consumed for RAM : 0.000776 kWh. RAM Power : 38.0 W

Layer_W2_M2 Epoch 8/8:  80%|â–ˆâ–ˆâ–ˆâ–ˆâ–ˆâ–ˆâ–ˆâ–ˆ  | 281/351 [00:03<00:00, 82.89it/s]
Layer_W2_M2 Epoch 8/8:  83%|â–ˆâ–ˆâ–ˆâ–ˆâ–ˆâ–ˆâ–ˆâ–ˆâ–Ž | 290/351 [00:03<00:00, 79.46it/s]
Layer_W2_M2 Epoch 8/8:  85%|â–ˆâ–ˆâ–ˆâ–ˆâ–ˆâ–ˆâ–ˆâ–ˆâ–Œ | 300/351 [00:03<00:00, 84.68it/s]
Layer_W2_M2 Epoch 8/8:  88%|â–ˆâ–ˆâ–ˆâ–ˆâ–ˆâ–ˆâ–ˆâ–ˆâ–Š | 309/351 [00:03<00:00, 83.13it/s][codecarbon INFO @ 20:54:35] Delta energy consumed for CPU with cpu_load : 0.000181 kWh, power : 45.0 W
[codecarbon INFO @ 20:54:35] Energy consumed for All CPU : 0.000919 kWh
[codecarbon INFO @ 20:54:35] Energy consumed for all GPUs : 0.001375 kWh. Total GPU Power : 65.14218895991094 W
[codecarbon INFO @ 20:54:35] 0.003070 kWh of electricity used since the beginning.

Layer_W2_M2 Epoch 8/8:  91%|â–ˆâ–ˆâ–ˆâ–ˆâ–ˆâ–ˆâ–ˆâ–ˆâ–ˆ | 318/351 [00:03<00:00, 79.25it/s]
Layer_W2_M2 Epoch 8/8:  93%|â–ˆâ–ˆâ–ˆâ–ˆâ–ˆâ–ˆâ–ˆâ–ˆâ–ˆâ–Ž| 328/351 [00:04<00:00, 84.68it/s]
Layer_W2_M2 Epoch 8/8:  96%|â–ˆâ–ˆâ–ˆâ–ˆâ–ˆâ–ˆâ–ˆâ–ˆâ–ˆâ–Œ| 337/351 [00:04<00:00, 83.71it/s]
Layer_W2_M2 Epoch 8/8:  99%|â–ˆâ–ˆâ–ˆâ–ˆâ–ˆâ–ˆâ–ˆâ–ˆâ–ˆâ–Š| 346/351 [00:04<00:00, 77.65it/s]
Layer_W2_M2 Epoch 8/8:  99%|â–ˆâ–ˆâ–ˆâ–ˆâ–ˆâ–ˆâ–ˆâ–ˆâ–ˆâ–Š| 346/351 [00:04<00:00, 77.65it/s, loss=2.972367]
                                                                                       

Layer_W3_M3 Epoch 1/8:   0%|          | 0/351 [00:00<?, ?it/s]
Layer_W3_M3 Epoch 1/8:   1%|â–         | 5/351 [00:00<00:07, 45.22it/s]
Layer_W3_M3 Epoch 1/8:   4%|â–         | 14/351 [00:00<00:04, 70.26it/s]
Layer_W3_M3 Epoch 1/8:   7%|â–‹         | 24/351 [00:00<00:03, 82.80it/s]
Layer_W3_M3 Epoch 1/8:   9%|â–‰         | 33/351 [00:00<00:04, 74.87it/s]
Layer_W3_M3 Epoch 1/8:  12%|â–ˆâ–        | 42/351 [00:00<00:03, 79.59it/s]
Layer_W3_M3 Epoch 1/8:  15%|â–ˆâ–        | 52/351 [00:00<00:03, 85.65it/s]
Layer_W3_M3 Epoch 1/8:  17%|â–ˆâ–‹        | 61/351 [00:00<00:03, 78.01it/s]
Layer_W3_M3 Epoch 1/8:  20%|â–ˆâ–‰        | 70/351 [00:00<00:03, 80.75it/s]
Layer_W3_M3 Epoch 1/8:  23%|â–ˆâ–ˆâ–Ž       | 80/351 [00:00<00:03, 86.05it/s]
Layer_W3_M3 Epoch 1/8:  25%|â–ˆâ–ˆâ–Œ       | 89/351 [00:01<00:03, 79.07it/s]
Layer_W3_M3 Epoch 1/8:  28%|â–ˆâ–ˆâ–Š       | 98/351 [00:01<00:03, 81.52it/s]
Layer_W3_M3 Epoch 1/8:  30%|â–ˆâ–ˆâ–ˆ       | 107/351 [00:01<00:02, 83.81it/s]
Layer_W3_M3 Epoch 1/8:  33%|â–ˆâ–ˆâ–ˆâ–Ž      | 117/351 [00:01<00:02, 80.16it/s]
Layer_W3_M3 Epoch 1/8:  36%|â–ˆâ–ˆâ–ˆâ–Œ      | 126/351 [00:01<00:02, 82.01it/s]
Layer_W3_M3 Epoch 1/8:  39%|â–ˆâ–ˆâ–ˆâ–Š      | 136/351 [00:01<00:02, 86.75it/s]
Layer_W3_M3 Epoch 1/8:  41%|â–ˆâ–ˆâ–ˆâ–ˆâ–     | 145/351 [00:01<00:02, 79.72it/s]
Layer_W3_M3 Epoch 1/8:  44%|â–ˆâ–ˆâ–ˆâ–ˆâ–     | 154/351 [00:01<00:02, 81.93it/s]
Layer_W3_M3 Epoch 1/8:  47%|â–ˆâ–ˆâ–ˆâ–ˆâ–‹     | 164/351 [00:02<00:02, 86.25it/s]
Layer_W3_M3 Epoch 1/8:  49%|â–ˆâ–ˆâ–ˆâ–ˆâ–‰     | 173/351 [00:02<00:02, 79.49it/s]
Layer_W3_M3 Epoch 1/8:  52%|â–ˆâ–ˆâ–ˆâ–ˆâ–ˆâ–    | 182/351 [00:02<00:02, 82.06it/s]
Layer_W3_M3 Epoch 1/8:  55%|â–ˆâ–ˆâ–ˆâ–ˆâ–ˆâ–    | 192/351 [00:02<00:01, 85.93it/s]
Layer_W3_M3 Epoch 1/8:  57%|â–ˆâ–ˆâ–ˆâ–ˆâ–ˆâ–‹    | 201/351 [00:02<00:01, 79.11it/s]
Layer_W3_M3 Epoch 1/8:  60%|â–ˆâ–ˆâ–ˆâ–ˆâ–ˆâ–‰    | 210/351 [00:02<00:01, 81.89it/s]
Layer_W3_M3 Epoch 1/8:  63%|â–ˆâ–ˆâ–ˆâ–ˆâ–ˆâ–ˆâ–Ž   | 220/351 [00:02<00:01, 85.95it/s]
Layer_W3_M3 Epoch 1/8:  65%|â–ˆâ–ˆâ–ˆâ–ˆâ–ˆâ–ˆâ–Œ   | 229/351 [00:02<00:01, 79.37it/s]
Layer_W3_M3 Epoch 1/8:  68%|â–ˆâ–ˆâ–ˆâ–ˆâ–ˆâ–ˆâ–Š   | 238/351 [00:02<00:01, 81.61it/s]
Layer_W3_M3 Epoch 1/8:  71%|â–ˆâ–ˆâ–ˆâ–ˆâ–ˆâ–ˆâ–ˆ   | 248/351 [00:03<00:01, 85.85it/s]
Layer_W3_M3 Epoch 1/8:  73%|â–ˆâ–ˆâ–ˆâ–ˆâ–ˆâ–ˆâ–ˆâ–Ž  | 257/351 [00:03<00:01, 79.37it/s]
Layer_W3_M3 Epoch 1/8:  76%|â–ˆâ–ˆâ–ˆâ–ˆâ–ˆâ–ˆâ–ˆâ–Œ  | 266/351 [00:03<00:01, 80.98it/s]
Layer_W3_M3 Epoch 1/8:  78%|â–ˆâ–ˆâ–ˆâ–ˆâ–ˆâ–ˆâ–ˆâ–Š  | 275/351 [00:03<00:00, 83.44it/s]
Layer_W3_M3 Epoch 1/8:  81%|â–ˆâ–ˆâ–ˆâ–ˆâ–ˆâ–ˆâ–ˆâ–ˆ  | 285/351 [00:03<00:00, 80.42it/s]
Layer_W3_M3 Epoch 1/8:  84%|â–ˆâ–ˆâ–ˆâ–ˆâ–ˆâ–ˆâ–ˆâ–ˆâ– | 294/351 [00:03<00:00, 81.23it/s]
Layer_W3_M3 Epoch 1/8:  86%|â–ˆâ–ˆâ–ˆâ–ˆâ–ˆâ–ˆâ–ˆâ–ˆâ–‹ | 303/351 [00:03<00:00, 83.52it/s]
Layer_W3_M3 Epoch 1/8:  89%|â–ˆâ–ˆâ–ˆâ–ˆâ–ˆâ–ˆâ–ˆâ–ˆâ–‰ | 313/351 [00:03<00:00, 81.19it/s]
Layer_W3_M3 Epoch 1/8:  92%|â–ˆâ–ˆâ–ˆâ–ˆâ–ˆâ–ˆâ–ˆâ–ˆâ–ˆâ–| 322/351 [00:03<00:00, 80.43it/s]
Layer_W3_M3 Epoch 1/8:  95%|â–ˆâ–ˆâ–ˆâ–ˆâ–ˆâ–ˆâ–ˆâ–ˆâ–ˆâ–| 332/351 [00:04<00:00, 85.52it/s]
Layer_W3_M3 Epoch 1/8:  97%|â–ˆâ–ˆâ–ˆâ–ˆâ–ˆâ–ˆâ–ˆâ–ˆâ–ˆâ–‹| 341/351 [00:04<00:00, 81.13it/s]
Layer_W3_M3 Epoch 1/8: 100%|â–ˆâ–ˆâ–ˆâ–ˆâ–ˆâ–ˆâ–ˆâ–ˆâ–ˆâ–‰| 350/351 [00:04<00:00, 79.96it/s]
Layer_W3_M3 Epoch 1/8: 100%|â–ˆâ–ˆâ–ˆâ–ˆâ–ˆâ–ˆâ–ˆâ–ˆâ–ˆâ–‰| 350/351 [00:04<00:00, 79.96it/s, loss=3.098099]
                                                                                       

Layer_W3_M3 Epoch 2/8:   0%|          | 0/351 [00:00<?, ?it/s]
Layer_W3_M3 Epoch 2/8:   1%|â–         | 5/351 [00:00<00:07, 44.07it/s]
Layer_W3_M3 Epoch 2/8:   4%|â–         | 15/351 [00:00<00:04, 74.90it/s]
Layer_W3_M3 Epoch 2/8:   7%|â–‹         | 25/351 [00:00<00:04, 72.27it/s]
Layer_W3_M3 Epoch 2/8:   9%|â–‰         | 33/351 [00:00<00:04, 74.57it/s]
Layer_W3_M3 Epoch 2/8:  13%|â–ˆâ–Ž        | 44/351 [00:00<00:03, 86.14it/s]
Layer_W3_M3 Epoch 2/8:  15%|â–ˆâ–Œ        | 53/351 [00:00<00:03, 77.33it/s]
Layer_W3_M3 Epoch 2/8:  18%|â–ˆâ–Š        | 63/351 [00:00<00:03, 83.57it/s]
Layer_W3_M3 Epoch 2/8:  21%|â–ˆâ–ˆ        | 73/351 [00:00<00:03, 78.80it/s]
Layer_W3_M3 Epoch 2/8:  23%|â–ˆâ–ˆâ–Ž       | 82/351 [00:01<00:03, 81.79it/s]
Layer_W3_M3 Epoch 2/8:  26%|â–ˆâ–ˆâ–Œ       | 92/351 [00:01<00:02, 86.64it/s]
Layer_W3_M3 Epoch 2/8:  29%|â–ˆâ–ˆâ–‰       | 101/351 [00:01<00:03, 78.52it/s]
Layer_W3_M3 Epoch 2/8:  32%|â–ˆâ–ˆâ–ˆâ–      | 111/351 [00:01<00:02, 84.08it/s]
Layer_W3_M3 Epoch 2/8:  34%|â–ˆâ–ˆâ–ˆâ–      | 121/351 [00:01<00:02, 79.24it/s]
Layer_W3_M3 Epoch 2/8:  37%|â–ˆâ–ˆâ–ˆâ–‹      | 130/351 [00:01<00:02, 82.03it/s]
Layer_W3_M3 Epoch 2/8:  40%|â–ˆâ–ˆâ–ˆâ–‰      | 139/351 [00:01<00:02, 84.19it/s]
Layer_W3_M3 Epoch 2/8:  42%|â–ˆâ–ˆâ–ˆâ–ˆâ–     | 149/351 [00:01<00:02, 79.08it/s]
Layer_W3_M3 Epoch 2/8:  45%|â–ˆâ–ˆâ–ˆâ–ˆâ–Œ     | 159/351 [00:01<00:02, 84.23it/s]
Layer_W3_M3 Epoch 2/8:  48%|â–ˆâ–ˆâ–ˆâ–ˆâ–Š     | 169/351 [00:02<00:02, 79.67it/s]
Layer_W3_M3 Epoch 2/8:  51%|â–ˆâ–ˆâ–ˆâ–ˆâ–ˆ     | 179/351 [00:02<00:02, 84.69it/s]
Layer_W3_M3 Epoch 2/8:  54%|â–ˆâ–ˆâ–ˆâ–ˆâ–ˆâ–    | 189/351 [00:02<00:02, 79.97it/s]
Layer_W3_M3 Epoch 2/8:  56%|â–ˆâ–ˆâ–ˆâ–ˆâ–ˆâ–‹    | 198/351 [00:02<00:01, 82.49it/s]
Layer_W3_M3 Epoch 2/8:  59%|â–ˆâ–ˆâ–ˆâ–ˆâ–ˆâ–‰    | 208/351 [00:02<00:01, 86.84it/s]
Layer_W3_M3 Epoch 2/8:  62%|â–ˆâ–ˆâ–ˆâ–ˆâ–ˆâ–ˆâ–   | 217/351 [00:02<00:01, 79.16it/s]
Layer_W3_M3 Epoch 2/8:  64%|â–ˆâ–ˆâ–ˆâ–ˆâ–ˆâ–ˆâ–   | 226/351 [00:02<00:01, 81.49it/s]
Layer_W3_M3 Epoch 2/8:  67%|â–ˆâ–ˆâ–ˆâ–ˆâ–ˆâ–ˆâ–‹   | 235/351 [00:02<00:01, 83.78it/s]
Layer_W3_M3 Epoch 2/8:  70%|â–ˆâ–ˆâ–ˆâ–ˆâ–ˆâ–ˆâ–‰   | 245/351 [00:03<00:01, 79.79it/s]
Layer_W3_M3 Epoch 2/8:  72%|â–ˆâ–ˆâ–ˆâ–ˆâ–ˆâ–ˆâ–ˆâ–  | 254/351 [00:03<00:01, 81.93it/s]
Layer_W3_M3 Epoch 2/8:  75%|â–ˆâ–ˆâ–ˆâ–ˆâ–ˆâ–ˆâ–ˆâ–Œ  | 264/351 [00:03<00:01, 86.49it/s]
Layer_W3_M3 Epoch 2/8:  78%|â–ˆâ–ˆâ–ˆâ–ˆâ–ˆâ–ˆâ–ˆâ–Š  | 273/351 [00:03<00:00, 79.24it/s]
Layer_W3_M3 Epoch 2/8:  80%|â–ˆâ–ˆâ–ˆâ–ˆâ–ˆâ–ˆâ–ˆâ–ˆ  | 282/351 [00:03<00:00, 81.34it/s]
Layer_W3_M3 Epoch 2/8:  83%|â–ˆâ–ˆâ–ˆâ–ˆâ–ˆâ–ˆâ–ˆâ–ˆâ–Ž | 292/351 [00:03<00:00, 86.09it/s]
Layer_W3_M3 Epoch 2/8:  86%|â–ˆâ–ˆâ–ˆâ–ˆâ–ˆâ–ˆâ–ˆâ–ˆâ–Œ | 301/351 [00:03<00:00, 79.12it/s]
Layer_W3_M3 Epoch 2/8:  88%|â–ˆâ–ˆâ–ˆâ–ˆâ–ˆâ–ˆâ–ˆâ–ˆâ–Š | 310/351 [00:03<00:00, 81.19it/s]
Layer_W3_M3 Epoch 2/8:  91%|â–ˆâ–ˆâ–ˆâ–ˆâ–ˆâ–ˆâ–ˆâ–ˆâ–ˆ | 320/351 [00:03<00:00, 86.15it/s]
Layer_W3_M3 Epoch 2/8:  94%|â–ˆâ–ˆâ–ˆâ–ˆâ–ˆâ–ˆâ–ˆâ–ˆâ–ˆâ–Ž| 329/351 [00:04<00:00, 79.05it/s]
Layer_W3_M3 Epoch 2/8:  96%|â–ˆâ–ˆâ–ˆâ–ˆâ–ˆâ–ˆâ–ˆâ–ˆâ–ˆâ–‹| 338/351 [00:04<00:00, 81.49it/s]
Layer_W3_M3 Epoch 2/8:  99%|â–ˆâ–ˆâ–ˆâ–ˆâ–ˆâ–ˆâ–ˆâ–ˆâ–ˆâ–‰| 347/351 [00:04<00:00, 83.27it/s]
Layer_W3_M3 Epoch 2/8:  99%|â–ˆâ–ˆâ–ˆâ–ˆâ–ˆâ–ˆâ–ˆâ–ˆâ–ˆâ–‰| 347/351 [00:04<00:00, 83.27it/s, loss=3.239364]
                                                                                       

Layer_W3_M3 Epoch 3/8:   0%|          | 0/351 [00:00<?, ?it/s]
Layer_W3_M3 Epoch 3/8:   1%|â–         | 5/351 [00:00<00:08, 43.20it/s]
Layer_W3_M3 Epoch 3/8:   4%|â–         | 15/351 [00:00<00:04, 74.02it/s]
Layer_W3_M3 Epoch 3/8:   7%|â–‹         | 25/351 [00:00<00:04, 72.11it/s]
Layer_W3_M3 Epoch 3/8:  10%|â–‰         | 35/351 [00:00<00:03, 81.43it/s]
Layer_W3_M3 Epoch 3/8:  13%|â–ˆâ–Ž        | 45/351 [00:00<00:03, 76.89it/s]
Layer_W3_M3 Epoch 3/8:  15%|â–ˆâ–Œ        | 54/351 [00:00<00:03, 80.64it/s]
Layer_W3_M3 Epoch 3/8:  18%|â–ˆâ–Š        | 64/351 [00:00<00:03, 86.14it/s]
Layer_W3_M3 Epoch 3/8:  21%|â–ˆâ–ˆ        | 73/351 [00:00<00:03, 78.08it/s]
Layer_W3_M3 Epoch 3/8:  24%|â–ˆâ–ˆâ–Ž       | 83/351 [00:01<00:03, 83.67it/s]
Layer_W3_M3 Epoch 3/8:  26%|â–ˆâ–ˆâ–‹       | 93/351 [00:01<00:03, 78.73it/s]
Layer_W3_M3 Epoch 3/8:  29%|â–ˆâ–ˆâ–‰       | 103/351 [00:01<00:02, 84.15it/s]
Layer_W3_M3 Epoch 3/8:  32%|â–ˆâ–ˆâ–ˆâ–      | 113/351 [00:01<00:03, 79.20it/s]
Layer_W3_M3 Epoch 3/8:  35%|â–ˆâ–ˆâ–ˆâ–      | 122/351 [00:01<00:02, 81.98it/s]
Layer_W3_M3 Epoch 3/8:  38%|â–ˆâ–ˆâ–ˆâ–Š      | 132/351 [00:01<00:02, 86.65it/s]
Layer_W3_M3 Epoch 3/8:  40%|â–ˆâ–ˆâ–ˆâ–ˆ      | 141/351 [00:01<00:02, 78.79it/s]
Layer_W3_M3 Epoch 3/8:  43%|â–ˆâ–ˆâ–ˆâ–ˆâ–Ž     | 151/351 [00:01<00:02, 84.02it/s]
Layer_W3_M3 Epoch 3/8:  46%|â–ˆâ–ˆâ–ˆâ–ˆâ–Œ     | 161/351 [00:02<00:02, 79.16it/s]
Layer_W3_M3 Epoch 3/8:  49%|â–ˆâ–ˆâ–ˆâ–ˆâ–Š     | 171/351 [00:02<00:02, 84.16it/s]
Layer_W3_M3 Epoch 3/8:  52%|â–ˆâ–ˆâ–ˆâ–ˆâ–ˆâ–    | 181/351 [00:02<00:02, 79.44it/s]
Layer_W3_M3 Epoch 3/8:  54%|â–ˆâ–ˆâ–ˆâ–ˆâ–ˆâ–    | 191/351 [00:02<00:01, 84.54it/s]
Layer_W3_M3 Epoch 3/8:  57%|â–ˆâ–ˆâ–ˆâ–ˆâ–ˆâ–‹    | 201/351 [00:02<00:01, 79.64it/s]
Layer_W3_M3 Epoch 3/8:  60%|â–ˆâ–ˆâ–ˆâ–ˆâ–ˆâ–ˆ    | 211/351 [00:02<00:01, 84.74it/s]
Layer_W3_M3 Epoch 3/8:  63%|â–ˆâ–ˆâ–ˆâ–ˆâ–ˆâ–ˆâ–Ž   | 221/351 [00:02<00:01, 79.85it/s]
Layer_W3_M3 Epoch 3/8:  66%|â–ˆâ–ˆâ–ˆâ–ˆâ–ˆâ–ˆâ–Œ   | 231/351 [00:02<00:01, 84.74it/s]
Layer_W3_M3 Epoch 3/8:  68%|â–ˆâ–ˆâ–ˆâ–ˆâ–ˆâ–ˆâ–Š   | 240/351 [00:02<00:01, 85.54it/s]
Layer_W3_M3 Epoch 3/8:  71%|â–ˆâ–ˆâ–ˆâ–ˆâ–ˆâ–ˆâ–ˆ   | 249/351 [00:03<00:01, 78.92it/s]
Layer_W3_M3 Epoch 3/8:  74%|â–ˆâ–ˆâ–ˆâ–ˆâ–ˆâ–ˆâ–ˆâ–  | 259/351 [00:03<00:01, 84.25it/s]
Layer_W3_M3 Epoch 3/8:  76%|â–ˆâ–ˆâ–ˆâ–ˆâ–ˆâ–ˆâ–ˆâ–‹  | 268/351 [00:03<00:00, 84.10it/s]
Layer_W3_M3 Epoch 3/8:  79%|â–ˆâ–ˆâ–ˆâ–ˆâ–ˆâ–ˆâ–ˆâ–‰  | 277/351 [00:03<00:00, 78.85it/s]
Layer_W3_M3 Epoch 3/8:  82%|â–ˆâ–ˆâ–ˆâ–ˆâ–ˆâ–ˆâ–ˆâ–ˆâ– | 287/351 [00:03<00:00, 84.14it/s]
Layer_W3_M3 Epoch 3/8:  84%|â–ˆâ–ˆâ–ˆâ–ˆâ–ˆâ–ˆâ–ˆâ–ˆâ– | 296/351 [00:03<00:00, 82.90it/s]
Layer_W3_M3 Epoch 3/8:  87%|â–ˆâ–ˆâ–ˆâ–ˆâ–ˆâ–ˆâ–ˆâ–ˆâ–‹ | 305/351 [00:03<00:00, 78.69it/s]
Layer_W3_M3 Epoch 3/8:  90%|â–ˆâ–ˆâ–ˆâ–ˆâ–ˆâ–ˆâ–ˆâ–ˆâ–‰ | 315/351 [00:03<00:00, 84.14it/s]
Layer_W3_M3 Epoch 3/8:  92%|â–ˆâ–ˆâ–ˆâ–ˆâ–ˆâ–ˆâ–ˆâ–ˆâ–ˆâ–| 324/351 [00:03<00:00, 81.97it/s]
Layer_W3_M3 Epoch 3/8:  95%|â–ˆâ–ˆâ–ˆâ–ˆâ–ˆâ–ˆâ–ˆâ–ˆâ–ˆâ–| 333/351 [00:04<00:00, 79.09it/s]
Layer_W3_M3 Epoch 3/8:  98%|â–ˆâ–ˆâ–ˆâ–ˆâ–ˆâ–ˆâ–ˆâ–ˆâ–ˆâ–Š| 343/351 [00:04<00:00, 84.58it/s]
Layer_W3_M3 Epoch 3/8:  98%|â–ˆâ–ˆâ–ˆâ–ˆâ–ˆâ–ˆâ–ˆâ–ˆâ–ˆâ–Š| 343/351 [00:04<00:00, 84.58it/s, loss=2.956863]
                                                                                       
[codecarbon INFO @ 20:54:49] Energy consumed for RAM : 0.000929 kWh. RAM Power : 38.0 W

Layer_W3_M3 Epoch 4/8:   0%|          | 0/351 [00:00<?, ?it/s]
Layer_W3_M3 Epoch 4/8:   1%|â–         | 5/351 [00:00<00:08, 43.03it/s]
Layer_W3_M3 Epoch 4/8:   4%|â–         | 14/351 [00:00<00:04, 68.42it/s]
Layer_W3_M3 Epoch 4/8:   7%|â–‹         | 24/351 [00:00<00:04, 81.74it/s]
Layer_W3_M3 Epoch 4/8:   9%|â–‰         | 33/351 [00:00<00:04, 73.49it/s][codecarbon INFO @ 20:54:50] Delta energy consumed for CPU with cpu_load : 0.000181 kWh, power : 45.0 W
[codecarbon INFO @ 20:54:50] Energy consumed for All CPU : 0.001100 kWh
[codecarbon INFO @ 20:54:50] Energy consumed for all GPUs : 0.001644 kWh. Total GPU Power : 64.55388299736327 W
[codecarbon INFO @ 20:54:50] 0.003673 kWh of electricity used since the beginning.

Layer_W3_M3 Epoch 4/8:  12%|â–ˆâ–        | 42/351 [00:00<00:03, 78.48it/s]
Layer_W3_M3 Epoch 4/8:  15%|â–ˆâ–        | 51/351 [00:00<00:03, 81.82it/s]
Layer_W3_M3 Epoch 4/8:  17%|â–ˆâ–‹        | 61/351 [00:00<00:03, 77.29it/s]
Layer_W3_M3 Epoch 4/8:  20%|â–ˆâ–ˆ        | 71/351 [00:00<00:03, 83.22it/s]
Layer_W3_M3 Epoch 4/8:  23%|â–ˆâ–ˆâ–Ž       | 80/351 [00:01<00:03, 84.76it/s]
Layer_W3_M3 Epoch 4/8:  25%|â–ˆâ–ˆâ–Œ       | 89/351 [00:01<00:03, 77.18it/s]
Layer_W3_M3 Epoch 4/8:  28%|â–ˆâ–ˆâ–Š       | 99/351 [00:01<00:03, 83.09it/s]
Layer_W3_M3 Epoch 4/8:  31%|â–ˆâ–ˆâ–ˆ       | 109/351 [00:01<00:03, 78.48it/s]
Layer_W3_M3 Epoch 4/8:  34%|â–ˆâ–ˆâ–ˆâ–      | 119/351 [00:01<00:02, 83.98it/s]
Layer_W3_M3 Epoch 4/8:  37%|â–ˆâ–ˆâ–ˆâ–‹      | 129/351 [00:01<00:02, 79.18it/s]
Layer_W3_M3 Epoch 4/8:  40%|â–ˆâ–ˆâ–ˆâ–‰      | 139/351 [00:01<00:02, 84.35it/s]
Layer_W3_M3 Epoch 4/8:  42%|â–ˆâ–ˆâ–ˆâ–ˆâ–     | 149/351 [00:01<00:02, 79.43it/s]
Layer_W3_M3 Epoch 4/8:  45%|â–ˆâ–ˆâ–ˆâ–ˆâ–Œ     | 159/351 [00:01<00:02, 84.33it/s]
Layer_W3_M3 Epoch 4/8:  48%|â–ˆâ–ˆâ–ˆâ–ˆâ–Š     | 169/351 [00:02<00:02, 79.39it/s]
Layer_W3_M3 Epoch 4/8:  51%|â–ˆâ–ˆâ–ˆâ–ˆâ–ˆ     | 179/351 [00:02<00:02, 84.31it/s]
Layer_W3_M3 Epoch 4/8:  54%|â–ˆâ–ˆâ–ˆâ–ˆâ–ˆâ–    | 189/351 [00:02<00:02, 79.33it/s]
Layer_W3_M3 Epoch 4/8:  57%|â–ˆâ–ˆâ–ˆâ–ˆâ–ˆâ–‹    | 199/351 [00:02<00:01, 84.31it/s]
Layer_W3_M3 Epoch 4/8:  60%|â–ˆâ–ˆâ–ˆâ–ˆâ–ˆâ–‰    | 209/351 [00:02<00:01, 79.30it/s]
Layer_W3_M3 Epoch 4/8:  62%|â–ˆâ–ˆâ–ˆâ–ˆâ–ˆâ–ˆâ–   | 218/351 [00:02<00:01, 81.89it/s]
Layer_W3_M3 Epoch 4/8:  65%|â–ˆâ–ˆâ–ˆâ–ˆâ–ˆâ–ˆâ–   | 227/351 [00:02<00:01, 83.62it/s]
Layer_W3_M3 Epoch 4/8:  67%|â–ˆâ–ˆâ–ˆâ–ˆâ–ˆâ–ˆâ–‹   | 236/351 [00:02<00:01, 85.07it/s]
Layer_W3_M3 Epoch 4/8:  70%|â–ˆâ–ˆâ–ˆâ–ˆâ–ˆâ–ˆâ–‰   | 245/351 [00:03<00:01, 77.30it/s]
Layer_W3_M3 Epoch 4/8:  72%|â–ˆâ–ˆâ–ˆâ–ˆâ–ˆâ–ˆâ–ˆâ–  | 254/351 [00:03<00:01, 80.64it/s]
Layer_W3_M3 Epoch 4/8:  75%|â–ˆâ–ˆâ–ˆâ–ˆâ–ˆâ–ˆâ–ˆâ–  | 263/351 [00:03<00:01, 82.99it/s]
Layer_W3_M3 Epoch 4/8:  77%|â–ˆâ–ˆâ–ˆâ–ˆâ–ˆâ–ˆâ–ˆâ–‹  | 272/351 [00:03<00:00, 84.69it/s]
Layer_W3_M3 Epoch 4/8:  80%|â–ˆâ–ˆâ–ˆâ–ˆâ–ˆâ–ˆâ–ˆâ–ˆ  | 281/351 [00:03<00:00, 76.92it/s]
Layer_W3_M3 Epoch 4/8:  83%|â–ˆâ–ˆâ–ˆâ–ˆâ–ˆâ–ˆâ–ˆâ–ˆâ–Ž | 290/351 [00:03<00:00, 80.29it/s]
Layer_W3_M3 Epoch 4/8:  85%|â–ˆâ–ˆâ–ˆâ–ˆâ–ˆâ–ˆâ–ˆâ–ˆâ–Œ | 299/351 [00:03<00:00, 82.62it/s]
Layer_W3_M3 Epoch 4/8:  88%|â–ˆâ–ˆâ–ˆâ–ˆâ–ˆâ–ˆâ–ˆâ–ˆâ–Š | 308/351 [00:03<00:00, 84.04it/s]
Layer_W3_M3 Epoch 4/8:  90%|â–ˆâ–ˆâ–ˆâ–ˆâ–ˆâ–ˆâ–ˆâ–ˆâ–ˆ | 317/351 [00:03<00:00, 77.04it/s]
Layer_W3_M3 Epoch 4/8:  93%|â–ˆâ–ˆâ–ˆâ–ˆâ–ˆâ–ˆâ–ˆâ–ˆâ–ˆâ–Ž| 327/351 [00:04<00:00, 82.82it/s]
Layer_W3_M3 Epoch 4/8:  96%|â–ˆâ–ˆâ–ˆâ–ˆâ–ˆâ–ˆâ–ˆâ–ˆâ–ˆâ–Œ| 336/351 [00:04<00:00, 84.68it/s]
Layer_W3_M3 Epoch 4/8:  98%|â–ˆâ–ˆâ–ˆâ–ˆâ–ˆâ–ˆâ–ˆâ–ˆâ–ˆâ–Š| 345/351 [00:04<00:00, 77.36it/s]
Layer_W3_M3 Epoch 4/8:  98%|â–ˆâ–ˆâ–ˆâ–ˆâ–ˆâ–ˆâ–ˆâ–ˆâ–ˆâ–Š| 345/351 [00:04<00:00, 77.36it/s, loss=3.264407]
                                                                                       

Layer_W3_M3 Epoch 5/8:   0%|          | 0/351 [00:00<?, ?it/s]
Layer_W3_M3 Epoch 5/8:   1%|â–         | 5/351 [00:00<00:07, 43.41it/s]
Layer_W3_M3 Epoch 5/8:   4%|â–         | 15/351 [00:00<00:04, 74.24it/s]
Layer_W3_M3 Epoch 5/8:   7%|â–‹         | 25/351 [00:00<00:04, 72.15it/s]
Layer_W3_M3 Epoch 5/8:  10%|â–ˆ         | 36/351 [00:00<00:03, 84.69it/s]
Layer_W3_M3 Epoch 5/8:  13%|â–ˆâ–Ž        | 45/351 [00:00<00:04, 76.20it/s]
Layer_W3_M3 Epoch 5/8:  16%|â–ˆâ–Œ        | 55/351 [00:00<00:03, 82.92it/s]
Layer_W3_M3 Epoch 5/8:  19%|â–ˆâ–Š        | 65/351 [00:00<00:03, 78.26it/s]
Layer_W3_M3 Epoch 5/8:  21%|â–ˆâ–ˆ        | 74/351 [00:00<00:03, 81.32it/s]
Layer_W3_M3 Epoch 5/8:  24%|â–ˆâ–ˆâ–       | 84/351 [00:01<00:03, 86.26it/s]
Layer_W3_M3 Epoch 5/8:  26%|â–ˆâ–ˆâ–‹       | 93/351 [00:01<00:03, 78.60it/s]
Layer_W3_M3 Epoch 5/8:  29%|â–ˆâ–ˆâ–‰       | 102/351 [00:01<00:03, 81.28it/s]
Layer_W3_M3 Epoch 5/8:  32%|â–ˆâ–ˆâ–ˆâ–      | 112/351 [00:01<00:02, 86.16it/s]
Layer_W3_M3 Epoch 5/8:  34%|â–ˆâ–ˆâ–ˆâ–      | 121/351 [00:01<00:02, 78.69it/s]
Layer_W3_M3 Epoch 5/8:  37%|â–ˆâ–ˆâ–ˆâ–‹      | 130/351 [00:01<00:02, 81.21it/s]
Layer_W3_M3 Epoch 5/8:  40%|â–ˆâ–ˆâ–ˆâ–‰      | 139/351 [00:01<00:02, 83.35it/s]
Layer_W3_M3 Epoch 5/8:  42%|â–ˆâ–ˆâ–ˆâ–ˆâ–     | 149/351 [00:01<00:02, 79.89it/s]
Layer_W3_M3 Epoch 5/8:  45%|â–ˆâ–ˆâ–ˆâ–ˆâ–Œ     | 158/351 [00:01<00:02, 81.52it/s]
Layer_W3_M3 Epoch 5/8:  48%|â–ˆâ–ˆâ–ˆâ–ˆâ–Š     | 168/351 [00:02<00:02, 86.48it/s]
Layer_W3_M3 Epoch 5/8:  50%|â–ˆâ–ˆâ–ˆâ–ˆâ–ˆ     | 177/351 [00:02<00:02, 79.51it/s]
Layer_W3_M3 Epoch 5/8:  53%|â–ˆâ–ˆâ–ˆâ–ˆâ–ˆâ–Ž    | 186/351 [00:02<00:02, 81.35it/s]
Layer_W3_M3 Epoch 5/8:  56%|â–ˆâ–ˆâ–ˆâ–ˆâ–ˆâ–Œ    | 196/351 [00:02<00:01, 86.43it/s]
Layer_W3_M3 Epoch 5/8:  58%|â–ˆâ–ˆâ–ˆâ–ˆâ–ˆâ–Š    | 205/351 [00:02<00:01, 79.63it/s]
Layer_W3_M3 Epoch 5/8:  61%|â–ˆâ–ˆâ–ˆâ–ˆâ–ˆâ–ˆ    | 214/351 [00:02<00:01, 81.45it/s]
Layer_W3_M3 Epoch 5/8:  64%|â–ˆâ–ˆâ–ˆâ–ˆâ–ˆâ–ˆâ–   | 224/351 [00:02<00:01, 86.34it/s]
Layer_W3_M3 Epoch 5/8:  66%|â–ˆâ–ˆâ–ˆâ–ˆâ–ˆâ–ˆâ–‹   | 233/351 [00:02<00:01, 80.02it/s]
Layer_W3_M3 Epoch 5/8:  69%|â–ˆâ–ˆâ–ˆâ–ˆâ–ˆâ–ˆâ–‰   | 242/351 [00:02<00:01, 81.04it/s]
Layer_W3_M3 Epoch 5/8:  72%|â–ˆâ–ˆâ–ˆâ–ˆâ–ˆâ–ˆâ–ˆâ–  | 252/351 [00:03<00:01, 85.93it/s]
Layer_W3_M3 Epoch 5/8:  74%|â–ˆâ–ˆâ–ˆâ–ˆâ–ˆâ–ˆâ–ˆâ–  | 261/351 [00:03<00:01, 80.34it/s]
Layer_W3_M3 Epoch 5/8:  77%|â–ˆâ–ˆâ–ˆâ–ˆâ–ˆâ–ˆâ–ˆâ–‹  | 270/351 [00:03<00:00, 81.48it/s]
Layer_W3_M3 Epoch 5/8:  80%|â–ˆâ–ˆâ–ˆâ–ˆâ–ˆâ–ˆâ–ˆâ–‰  | 280/351 [00:03<00:00, 86.54it/s]
Layer_W3_M3 Epoch 5/8:  82%|â–ˆâ–ˆâ–ˆâ–ˆâ–ˆâ–ˆâ–ˆâ–ˆâ– | 289/351 [00:03<00:00, 80.77it/s]
Layer_W3_M3 Epoch 5/8:  85%|â–ˆâ–ˆâ–ˆâ–ˆâ–ˆâ–ˆâ–ˆâ–ˆâ– | 298/351 [00:03<00:00, 81.50it/s]
Layer_W3_M3 Epoch 5/8:  88%|â–ˆâ–ˆâ–ˆâ–ˆâ–ˆâ–ˆâ–ˆâ–ˆâ–Š | 309/351 [00:03<00:00, 81.88it/s]
Layer_W3_M3 Epoch 5/8:  91%|â–ˆâ–ˆâ–ˆâ–ˆâ–ˆâ–ˆâ–ˆâ–ˆâ–ˆ | 318/351 [00:03<00:00, 82.27it/s]
Layer_W3_M3 Epoch 5/8:  93%|â–ˆâ–ˆâ–ˆâ–ˆâ–ˆâ–ˆâ–ˆâ–ˆâ–ˆâ–Ž| 328/351 [00:04<00:00, 87.04it/s]
Layer_W3_M3 Epoch 5/8:  96%|â–ˆâ–ˆâ–ˆâ–ˆâ–ˆâ–ˆâ–ˆâ–ˆâ–ˆâ–Œ| 337/351 [00:04<00:00, 81.11it/s]
Layer_W3_M3 Epoch 5/8:  99%|â–ˆâ–ˆâ–ˆâ–ˆâ–ˆâ–ˆâ–ˆâ–ˆâ–ˆâ–Š| 346/351 [00:04<00:00, 81.80it/s]
Layer_W3_M3 Epoch 5/8:  99%|â–ˆâ–ˆâ–ˆâ–ˆâ–ˆâ–ˆâ–ˆâ–ˆâ–ˆâ–Š| 346/351 [00:04<00:00, 81.80it/s, loss=2.760464]
                                                                                       

Layer_W3_M3 Epoch 6/8:   0%|          | 0/351 [00:00<?, ?it/s]
Layer_W3_M3 Epoch 6/8:   1%|â–         | 5/351 [00:00<00:07, 45.24it/s]
Layer_W3_M3 Epoch 6/8:   4%|â–         | 14/351 [00:00<00:04, 69.82it/s]
Layer_W3_M3 Epoch 6/8:   7%|â–‹         | 24/351 [00:00<00:03, 82.78it/s]
Layer_W3_M3 Epoch 6/8:   9%|â–‰         | 33/351 [00:00<00:04, 75.49it/s]
Layer_W3_M3 Epoch 6/8:  12%|â–ˆâ–        | 42/351 [00:00<00:03, 78.85it/s]
Layer_W3_M3 Epoch 6/8:  15%|â–ˆâ–        | 52/351 [00:00<00:03, 85.21it/s]
Layer_W3_M3 Epoch 6/8:  17%|â–ˆâ–‹        | 61/351 [00:00<00:03, 78.87it/s]
Layer_W3_M3 Epoch 6/8:  20%|â–ˆâ–‰        | 70/351 [00:00<00:03, 80.66it/s]
Layer_W3_M3 Epoch 6/8:  23%|â–ˆâ–ˆâ–Ž       | 80/351 [00:00<00:03, 86.04it/s]
Layer_W3_M3 Epoch 6/8:  25%|â–ˆâ–ˆâ–Œ       | 89/351 [00:01<00:03, 78.95it/s]
Layer_W3_M3 Epoch 6/8:  28%|â–ˆâ–ˆâ–Š       | 98/351 [00:01<00:03, 81.43it/s]
Layer_W3_M3 Epoch 6/8:  30%|â–ˆâ–ˆâ–ˆ       | 107/351 [00:01<00:02, 83.72it/s]
Layer_W3_M3 Epoch 6/8:  33%|â–ˆâ–ˆâ–ˆâ–Ž      | 116/351 [00:01<00:02, 85.29it/s]
Layer_W3_M3 Epoch 6/8:  36%|â–ˆâ–ˆâ–ˆâ–Œ      | 125/351 [00:01<00:02, 77.39it/s]
Layer_W3_M3 Epoch 6/8:  38%|â–ˆâ–ˆâ–ˆâ–Š      | 135/351 [00:01<00:02, 83.22it/s]
Layer_W3_M3 Epoch 6/8:  41%|â–ˆâ–ˆâ–ˆâ–ˆ      | 144/351 [00:01<00:02, 84.96it/s]
Layer_W3_M3 Epoch 6/8:  44%|â–ˆâ–ˆâ–ˆâ–ˆâ–Ž     | 153/351 [00:01<00:02, 77.98it/s]
Layer_W3_M3 Epoch 6/8:  46%|â–ˆâ–ˆâ–ˆâ–ˆâ–‹     | 163/351 [00:02<00:02, 83.58it/s]
Layer_W3_M3 Epoch 6/8:  49%|â–ˆâ–ˆâ–ˆâ–ˆâ–‰     | 172/351 [00:02<00:02, 84.84it/s]
Layer_W3_M3 Epoch 6/8:  52%|â–ˆâ–ˆâ–ˆâ–ˆâ–ˆâ–    | 181/351 [00:02<00:02, 78.02it/s]
Layer_W3_M3 Epoch 6/8:  55%|â–ˆâ–ˆâ–ˆâ–ˆâ–ˆâ–    | 192/351 [00:02<00:01, 84.98it/s]
Layer_W3_M3 Epoch 6/8:  57%|â–ˆâ–ˆâ–ˆâ–ˆâ–ˆâ–‹    | 201/351 [00:02<00:01, 78.96it/s]
Layer_W3_M3 Epoch 6/8:  60%|â–ˆâ–ˆâ–ˆâ–ˆâ–ˆâ–ˆ    | 211/351 [00:02<00:01, 84.42it/s]
Layer_W3_M3 Epoch 6/8:  63%|â–ˆâ–ˆâ–ˆâ–ˆâ–ˆâ–ˆâ–Ž   | 220/351 [00:02<00:01, 84.15it/s]
Layer_W3_M3 Epoch 6/8:  65%|â–ˆâ–ˆâ–ˆâ–ˆâ–ˆâ–ˆâ–Œ   | 229/351 [00:02<00:01, 78.94it/s]
Layer_W3_M3 Epoch 6/8:  68%|â–ˆâ–ˆâ–ˆâ–ˆâ–ˆâ–ˆâ–Š   | 239/351 [00:02<00:01, 84.43it/s]
Layer_W3_M3 Epoch 6/8:  71%|â–ˆâ–ˆâ–ˆâ–ˆâ–ˆâ–ˆâ–ˆ   | 248/351 [00:03<00:01, 83.51it/s]
Layer_W3_M3 Epoch 6/8:  73%|â–ˆâ–ˆâ–ˆâ–ˆâ–ˆâ–ˆâ–ˆâ–Ž  | 257/351 [00:03<00:01, 79.02it/s]
Layer_W3_M3 Epoch 6/8:  76%|â–ˆâ–ˆâ–ˆâ–ˆâ–ˆâ–ˆâ–ˆâ–‹  | 268/351 [00:03<00:00, 83.75it/s]
Layer_W3_M3 Epoch 6/8:  79%|â–ˆâ–ˆâ–ˆâ–ˆâ–ˆâ–ˆâ–ˆâ–‰  | 277/351 [00:03<00:00, 80.31it/s]
Layer_W3_M3 Epoch 6/8:  82%|â–ˆâ–ˆâ–ˆâ–ˆâ–ˆâ–ˆâ–ˆâ–ˆâ– | 288/351 [00:03<00:00, 83.21it/s]
Layer_W3_M3 Epoch 6/8:  85%|â–ˆâ–ˆâ–ˆâ–ˆâ–ˆâ–ˆâ–ˆâ–ˆâ– | 297/351 [00:03<00:00, 81.37it/s]
Layer_W3_M3 Epoch 6/8:  87%|â–ˆâ–ˆâ–ˆâ–ˆâ–ˆâ–ˆâ–ˆâ–ˆâ–‹ | 307/351 [00:03<00:00, 85.81it/s]
Layer_W3_M3 Epoch 6/8:  90%|â–ˆâ–ˆâ–ˆâ–ˆâ–ˆâ–ˆâ–ˆâ–ˆâ–ˆ | 316/351 [00:03<00:00, 81.65it/s]
Layer_W3_M3 Epoch 6/8:  93%|â–ˆâ–ˆâ–ˆâ–ˆâ–ˆâ–ˆâ–ˆâ–ˆâ–ˆâ–Ž| 325/351 [00:03<00:00, 81.43it/s]
Layer_W3_M3 Epoch 6/8:  95%|â–ˆâ–ˆâ–ˆâ–ˆâ–ˆâ–ˆâ–ˆâ–ˆâ–ˆâ–Œ| 335/351 [00:04<00:00, 85.25it/s]
Layer_W3_M3 Epoch 6/8:  98%|â–ˆâ–ˆâ–ˆâ–ˆâ–ˆâ–ˆâ–ˆâ–ˆâ–ˆâ–Š| 344/351 [00:04<00:00, 77.84it/s]
Layer_W3_M3 Epoch 6/8:  98%|â–ˆâ–ˆâ–ˆâ–ˆâ–ˆâ–ˆâ–ˆâ–ˆâ–ˆâ–Š| 344/351 [00:04<00:00, 77.84it/s, loss=2.608500]
                                                                                       

Layer_W3_M3 Epoch 7/8:   0%|          | 0/351 [00:00<?, ?it/s]
Layer_W3_M3 Epoch 7/8:   1%|â–         | 5/351 [00:00<00:07, 43.89it/s]
Layer_W3_M3 Epoch 7/8:   4%|â–Ž         | 13/351 [00:00<00:05, 63.80it/s]
Layer_W3_M3 Epoch 7/8:   7%|â–‹         | 23/351 [00:00<00:04, 79.74it/s]
Layer_W3_M3 Epoch 7/8:   9%|â–‰         | 33/351 [00:00<00:04, 75.19it/s]
Layer_W3_M3 Epoch 7/8:  12%|â–ˆâ–        | 43/351 [00:00<00:03, 82.82it/s]
Layer_W3_M3 Epoch 7/8:  15%|â–ˆâ–Œ        | 53/351 [00:00<00:03, 77.72it/s]
Layer_W3_M3 Epoch 7/8:  18%|â–ˆâ–Š        | 62/351 [00:00<00:03, 81.19it/s]
Layer_W3_M3 Epoch 7/8:  21%|â–ˆâ–ˆ        | 72/351 [00:00<00:03, 86.30it/s]
Layer_W3_M3 Epoch 7/8:  23%|â–ˆâ–ˆâ–Ž       | 81/351 [00:01<00:03, 78.16it/s]
Layer_W3_M3 Epoch 7/8:  26%|â–ˆâ–ˆâ–Œ       | 91/351 [00:01<00:03, 83.81it/s]
Layer_W3_M3 Epoch 7/8:  29%|â–ˆâ–ˆâ–‰       | 101/351 [00:01<00:03, 78.86it/s][codecarbon INFO @ 20:55:04] Energy consumed for RAM : 0.001082 kWh. RAM Power : 38.0 W

Layer_W3_M3 Epoch 7/8:  32%|â–ˆâ–ˆâ–ˆâ–      | 111/351 [00:01<00:02, 84.00it/s]
Layer_W3_M3 Epoch 7/8:  34%|â–ˆâ–ˆâ–ˆâ–      | 121/351 [00:01<00:02, 79.05it/s]
Layer_W3_M3 Epoch 7/8:  37%|â–ˆâ–ˆâ–ˆâ–‹      | 131/351 [00:01<00:02, 84.16it/s]
Layer_W3_M3 Epoch 7/8:  40%|â–ˆâ–ˆâ–ˆâ–ˆ      | 141/351 [00:01<00:02, 79.30it/s][codecarbon INFO @ 20:55:05] Delta energy consumed for CPU with cpu_load : 0.000181 kWh, power : 45.0 W
[codecarbon INFO @ 20:55:05] Energy consumed for All CPU : 0.001281 kWh
[codecarbon INFO @ 20:55:05] Energy consumed for all GPUs : 0.001914 kWh. Total GPU Power : 64.66436627090091 W
[codecarbon INFO @ 20:55:05] 0.004276 kWh of electricity used since the beginning.

Layer_W3_M3 Epoch 7/8:  43%|â–ˆâ–ˆâ–ˆâ–ˆâ–Ž     | 151/351 [00:01<00:02, 84.25it/s]
Layer_W3_M3 Epoch 7/8:  46%|â–ˆâ–ˆâ–ˆâ–ˆâ–Œ     | 161/351 [00:02<00:02, 79.73it/s]
Layer_W3_M3 Epoch 7/8:  49%|â–ˆâ–ˆâ–ˆâ–ˆâ–Š     | 171/351 [00:02<00:02, 84.71it/s]
Layer_W3_M3 Epoch 7/8:  52%|â–ˆâ–ˆâ–ˆâ–ˆâ–ˆâ–    | 181/351 [00:02<00:02, 79.80it/s]
Layer_W3_M3 Epoch 7/8:  54%|â–ˆâ–ˆâ–ˆâ–ˆâ–ˆâ–    | 191/351 [00:02<00:01, 84.89it/s]
Layer_W3_M3 Epoch 7/8:  57%|â–ˆâ–ˆâ–ˆâ–ˆâ–ˆâ–‹    | 201/351 [00:02<00:01, 79.89it/s]
Layer_W3_M3 Epoch 7/8:  60%|â–ˆâ–ˆâ–ˆâ–ˆâ–ˆâ–ˆ    | 211/351 [00:02<00:01, 84.63it/s]
Layer_W3_M3 Epoch 7/8:  63%|â–ˆâ–ˆâ–ˆâ–ˆâ–ˆâ–ˆâ–Ž   | 221/351 [00:02<00:01, 79.62it/s]
Layer_W3_M3 Epoch 7/8:  66%|â–ˆâ–ˆâ–ˆâ–ˆâ–ˆâ–ˆâ–Œ   | 230/351 [00:02<00:01, 82.20it/s]
Layer_W3_M3 Epoch 7/8:  69%|â–ˆâ–ˆâ–ˆâ–ˆâ–ˆâ–ˆâ–Š   | 241/351 [00:02<00:01, 80.38it/s]
Layer_W3_M3 Epoch 7/8:  72%|â–ˆâ–ˆâ–ˆâ–ˆâ–ˆâ–ˆâ–ˆâ–  | 251/351 [00:03<00:01, 85.20it/s]
Layer_W3_M3 Epoch 7/8:  74%|â–ˆâ–ˆâ–ˆâ–ˆâ–ˆâ–ˆâ–ˆâ–  | 261/351 [00:03<00:01, 79.99it/s]
Layer_W3_M3 Epoch 7/8:  77%|â–ˆâ–ˆâ–ˆâ–ˆâ–ˆâ–ˆâ–ˆâ–‹  | 271/351 [00:03<00:00, 84.97it/s]
Layer_W3_M3 Epoch 7/8:  80%|â–ˆâ–ˆâ–ˆâ–ˆâ–ˆâ–ˆâ–ˆâ–ˆ  | 281/351 [00:03<00:00, 79.94it/s]
Layer_W3_M3 Epoch 7/8:  83%|â–ˆâ–ˆâ–ˆâ–ˆâ–ˆâ–ˆâ–ˆâ–ˆâ–Ž | 291/351 [00:03<00:00, 84.93it/s]
Layer_W3_M3 Epoch 7/8:  86%|â–ˆâ–ˆâ–ˆâ–ˆâ–ˆâ–ˆâ–ˆâ–ˆâ–Œ | 301/351 [00:03<00:00, 80.06it/s]
Layer_W3_M3 Epoch 7/8:  89%|â–ˆâ–ˆâ–ˆâ–ˆâ–ˆâ–ˆâ–ˆâ–ˆâ–Š | 311/351 [00:03<00:00, 85.01it/s]
Layer_W3_M3 Epoch 7/8:  91%|â–ˆâ–ˆâ–ˆâ–ˆâ–ˆâ–ˆâ–ˆâ–ˆâ–ˆâ–| 321/351 [00:03<00:00, 79.99it/s]
Layer_W3_M3 Epoch 7/8:  94%|â–ˆâ–ˆâ–ˆâ–ˆâ–ˆâ–ˆâ–ˆâ–ˆâ–ˆâ–| 331/351 [00:04<00:00, 84.84it/s]
Layer_W3_M3 Epoch 7/8:  97%|â–ˆâ–ˆâ–ˆâ–ˆâ–ˆâ–ˆâ–ˆâ–ˆâ–ˆâ–‹| 341/351 [00:04<00:00, 80.04it/s]
Layer_W3_M3 Epoch 7/8:  97%|â–ˆâ–ˆâ–ˆâ–ˆâ–ˆâ–ˆâ–ˆâ–ˆâ–ˆâ–‹| 341/351 [00:04<00:00, 80.04it/s, loss=2.677130]
Layer_W3_M3 Epoch 7/8: 100%|â–ˆâ–ˆâ–ˆâ–ˆâ–ˆâ–ˆâ–ˆâ–ˆâ–ˆâ–ˆ| 351/351 [00:04<00:00, 84.78it/s, loss=2.677130]
                                                                                       

Layer_W3_M3 Epoch 8/8:   0%|          | 0/351 [00:00<?, ?it/s]
Layer_W3_M3 Epoch 8/8:   1%|â–         | 5/351 [00:00<00:07, 45.07it/s]
Layer_W3_M3 Epoch 8/8:   4%|â–         | 15/351 [00:00<00:04, 75.18it/s]
Layer_W3_M3 Epoch 8/8:   7%|â–‹         | 24/351 [00:00<00:04, 80.20it/s]
Layer_W3_M3 Epoch 8/8:   9%|â–‰         | 33/351 [00:00<00:04, 74.22it/s]
Layer_W3_M3 Epoch 8/8:  12%|â–ˆâ–        | 42/351 [00:00<00:03, 79.10it/s]
Layer_W3_M3 Epoch 8/8:  15%|â–ˆâ–        | 51/351 [00:00<00:03, 82.05it/s]
Layer_W3_M3 Epoch 8/8:  17%|â–ˆâ–‹        | 60/351 [00:00<00:03, 82.23it/s]
Layer_W3_M3 Epoch 8/8:  20%|â–ˆâ–‰        | 69/351 [00:00<00:03, 77.99it/s]
Layer_W3_M3 Epoch 8/8:  22%|â–ˆâ–ˆâ–       | 78/351 [00:00<00:03, 81.29it/s]
Layer_W3_M3 Epoch 8/8:  25%|â–ˆâ–ˆâ–       | 87/351 [00:01<00:03, 82.58it/s]
Layer_W3_M3 Epoch 8/8:  27%|â–ˆâ–ˆâ–‹       | 96/351 [00:01<00:03, 81.58it/s]
Layer_W3_M3 Epoch 8/8:  30%|â–ˆâ–ˆâ–‰       | 105/351 [00:01<00:03, 79.62it/s]
Layer_W3_M3 Epoch 8/8:  32%|â–ˆâ–ˆâ–ˆâ–      | 114/351 [00:01<00:02, 81.81it/s]
Layer_W3_M3 Epoch 8/8:  35%|â–ˆâ–ˆâ–ˆâ–Œ      | 123/351 [00:01<00:02, 82.37it/s]
Layer_W3_M3 Epoch 8/8:  38%|â–ˆâ–ˆâ–ˆâ–Š      | 132/351 [00:01<00:02, 80.47it/s]
Layer_W3_M3 Epoch 8/8:  40%|â–ˆâ–ˆâ–ˆâ–ˆ      | 141/351 [00:01<00:02, 81.02it/s]
Layer_W3_M3 Epoch 8/8:  43%|â–ˆâ–ˆâ–ˆâ–ˆâ–Ž     | 150/351 [00:01<00:02, 82.17it/s]
Layer_W3_M3 Epoch 8/8:  45%|â–ˆâ–ˆâ–ˆâ–ˆâ–Œ     | 159/351 [00:01<00:02, 82.01it/s]
Layer_W3_M3 Epoch 8/8:  48%|â–ˆâ–ˆâ–ˆâ–ˆâ–Š     | 168/351 [00:02<00:02, 78.99it/s]
Layer_W3_M3 Epoch 8/8:  50%|â–ˆâ–ˆâ–ˆâ–ˆâ–ˆ     | 177/351 [00:02<00:02, 81.59it/s]
Layer_W3_M3 Epoch 8/8:  53%|â–ˆâ–ˆâ–ˆâ–ˆâ–ˆâ–Ž    | 186/351 [00:02<00:01, 82.78it/s]
Layer_W3_M3 Epoch 8/8:  56%|â–ˆâ–ˆâ–ˆâ–ˆâ–ˆâ–Œ    | 195/351 [00:02<00:01, 81.95it/s]
Layer_W3_M3 Epoch 8/8:  58%|â–ˆâ–ˆâ–ˆâ–ˆâ–ˆâ–Š    | 204/351 [00:02<00:01, 78.20it/s]
Layer_W3_M3 Epoch 8/8:  61%|â–ˆâ–ˆâ–ˆâ–ˆâ–ˆâ–ˆ    | 213/351 [00:02<00:01, 80.99it/s]
Layer_W3_M3 Epoch 8/8:  63%|â–ˆâ–ˆâ–ˆâ–ˆâ–ˆâ–ˆâ–Ž   | 222/351 [00:02<00:01, 83.22it/s]
Layer_W3_M3 Epoch 8/8:  66%|â–ˆâ–ˆâ–ˆâ–ˆâ–ˆâ–ˆâ–Œ   | 231/351 [00:02<00:01, 82.24it/s]
Layer_W3_M3 Epoch 8/8:  68%|â–ˆâ–ˆâ–ˆâ–ˆâ–ˆâ–ˆâ–Š   | 240/351 [00:03<00:01, 77.58it/s]
Layer_W3_M3 Epoch 8/8:  71%|â–ˆâ–ˆâ–ˆâ–ˆâ–ˆâ–ˆâ–ˆ   | 249/351 [00:03<00:01, 80.76it/s]
Layer_W3_M3 Epoch 8/8:  74%|â–ˆâ–ˆâ–ˆâ–ˆâ–ˆâ–ˆâ–ˆâ–Ž  | 258/351 [00:03<00:01, 83.27it/s]
Layer_W3_M3 Epoch 8/8:  76%|â–ˆâ–ˆâ–ˆâ–ˆâ–ˆâ–ˆâ–ˆâ–Œ  | 267/351 [00:03<00:01, 82.15it/s]
Layer_W3_M3 Epoch 8/8:  79%|â–ˆâ–ˆâ–ˆâ–ˆâ–ˆâ–ˆâ–ˆâ–Š  | 276/351 [00:03<00:00, 77.57it/s]
Layer_W3_M3 Epoch 8/8:  81%|â–ˆâ–ˆâ–ˆâ–ˆâ–ˆâ–ˆâ–ˆâ–ˆ  | 285/351 [00:03<00:00, 80.70it/s]
Layer_W3_M3 Epoch 8/8:  84%|â–ˆâ–ˆâ–ˆâ–ˆâ–ˆâ–ˆâ–ˆâ–ˆâ– | 294/351 [00:03<00:00, 83.03it/s]
Layer_W3_M3 Epoch 8/8:  86%|â–ˆâ–ˆâ–ˆâ–ˆâ–ˆâ–ˆâ–ˆâ–ˆâ–‹ | 303/351 [00:03<00:00, 82.90it/s]
Layer_W3_M3 Epoch 8/8:  89%|â–ˆâ–ˆâ–ˆâ–ˆâ–ˆâ–ˆâ–ˆâ–ˆâ–‰ | 312/351 [00:03<00:00, 77.36it/s]
Layer_W3_M3 Epoch 8/8:  91%|â–ˆâ–ˆâ–ˆâ–ˆâ–ˆâ–ˆâ–ˆâ–ˆâ–ˆâ–| 321/351 [00:03<00:00, 80.49it/s]
Layer_W3_M3 Epoch 8/8:  94%|â–ˆâ–ˆâ–ˆâ–ˆâ–ˆâ–ˆâ–ˆâ–ˆâ–ˆâ–| 330/351 [00:04<00:00, 82.96it/s]
Layer_W3_M3 Epoch 8/8:  97%|â–ˆâ–ˆâ–ˆâ–ˆâ–ˆâ–ˆâ–ˆâ–ˆâ–ˆâ–‹| 339/351 [00:04<00:00, 83.36it/s]
Layer_W3_M3 Epoch 8/8:  99%|â–ˆâ–ˆâ–ˆâ–ˆâ–ˆâ–ˆâ–ˆâ–ˆâ–ˆâ–‰| 348/351 [00:04<00:00, 75.90it/s]
Layer_W3_M3 Epoch 8/8:  99%|â–ˆâ–ˆâ–ˆâ–ˆâ–ˆâ–ˆâ–ˆâ–ˆâ–ˆâ–‰| 348/351 [00:04<00:00, 75.90it/s, loss=2.291896]
                                                                                       

Evaluating MF MF_MLP (BP-style):   0%|          | 0/40 [00:00<?, ?it/s]
Evaluating MF MF_MLP (BP-style):   2%|â–Ž         | 1/40 [00:00<00:05,  7.04it/s]
Evaluating MF MF_MLP (BP-style):  32%|â–ˆâ–ˆâ–ˆâ–Ž      | 13/40 [00:00<00:00, 60.34it/s]
Evaluating MF MF_MLP (BP-style):  62%|â–ˆâ–ˆâ–ˆâ–ˆâ–ˆâ–ˆâ–Ž   | 25/40 [00:00<00:00, 74.17it/s]
Evaluating MF MF_MLP (BP-style):  92%|â–ˆâ–ˆâ–ˆâ–ˆâ–ˆâ–ˆâ–ˆâ–ˆâ–ˆâ–Ž| 37/40 [00:00<00:00, 80.82it/s]
                                                                                
[codecarbon INFO @ 20:55:13] Energy consumed for RAM : 0.001165 kWh. RAM Power : 38.0 W
[codecarbon INFO @ 20:55:13] Delta energy consumed for CPU with cpu_load : 0.000099 kWh, power : 45.0 W
[codecarbon INFO @ 20:55:13] Energy consumed for All CPU : 0.001380 kWh
[codecarbon INFO @ 20:55:13] Energy consumed for all GPUs : 0.002064 kWh. Total GPU Power : 64.41473965089628 W
[codecarbon INFO @ 20:55:13] 0.004610 kWh of electricity used since the beginning.
[codecarbon INFO @ 20:55:13] 0.026663 g.CO2eq/s mean an estimation of 840.8522229894372 kg.CO2eq/year
wandb: uploading history steps 69-76, summary, console lines 536-619
wandb:                                                                                
wandb: 
wandb: Run history:
wandb:         Layer_W1_M1/Epochs_Trained â–
wandb: Layer_W1_M1/GPU_Mem_Used_MiB_Batch â–â–ˆâ–ˆâ–ˆâ–ˆâ–ˆâ–ˆâ–ˆ
wandb: Layer_W1_M1/Peak_GPU_Mem_Epoch_MiB â–â–ˆâ–ˆâ–ˆâ–ˆâ–ˆâ–ˆâ–ˆ
wandb: Layer_W1_M1/Peak_GPU_Mem_Layer_MiB â–
wandb:       Layer_W1_M1/Train_Loss_Batch â–ˆâ–„â–…â–†â–ƒâ–‚â–â–
wandb:    Layer_W1_M1/Train_Loss_EpochAvg â–ˆâ–…â–„â–ƒâ–‚â–‚â–â–
wandb:    Layer_W1_M1/Train_Loss_LayerAvg â–
wandb:    Layer_W1_M1/Val_LocalLoss_Epoch â–ˆâ–†â–…â–„â–ƒâ–‚â–‚â–
wandb:         Layer_W2_M2/Epochs_Trained â–
wandb: Layer_W2_M2/GPU_Mem_Used_MiB_Batch â–â–â–â–â–â–â–â–
wandb: Layer_W2_M2/Peak_GPU_Mem_Epoch_MiB â–â–â–â–â–â–â–â–
wandb: Layer_W2_M2/Peak_GPU_Mem_Layer_MiB â–
wandb:       Layer_W2_M2/Train_Loss_Batch â–…â–†â–†â–ˆâ–â–â–‚â–‚
wandb:    Layer_W2_M2/Train_Loss_EpochAvg â–ˆâ–…â–„â–ƒâ–‚â–‚â–â–
wandb:    Layer_W2_M2/Train_Loss_LayerAvg â–
wandb:    Layer_W2_M2/Val_LocalLoss_Epoch â–ˆâ–†â–„â–ƒâ–ƒâ–‚â–â–
wandb:         Layer_W3_M3/Epochs_Trained â–
wandb: Layer_W3_M3/GPU_Mem_Used_MiB_Batch â–â–â–â–â–â–â–â–
wandb: Layer_W3_M3/Peak_GPU_Mem_Epoch_MiB â–â–â–â–â–â–â–â–
wandb: Layer_W3_M3/Peak_GPU_Mem_Layer_MiB â–
wandb:       Layer_W3_M3/Train_Loss_Batch â–‡â–ˆâ–†â–ˆâ–„â–ƒâ–„â–
wandb:    Layer_W3_M3/Train_Loss_EpochAvg â–ˆâ–…â–„â–ƒâ–‚â–‚â–â–
wandb:    Layer_W3_M3/Train_Loss_LayerAvg â–
wandb:    Layer_W3_M3/Val_LocalLoss_Epoch â–ˆâ–…â–ƒâ–ƒâ–‚â–‚â–â–‚
wandb:               estimated_fwd_gflops â–
wandb:                final/Test_Accuracy â–
wandb:   final/codecarbon_emissions_gCO2e â–
wandb:         final/estimated_fwd_gflops â–
wandb:        final/peak_gpu_mem_used_mib â–
wandb:      final/total_gpu_energy_joules â–
wandb:          final/total_gpu_energy_wh â–
wandb:       final/total_run_duration_sec â–
wandb:        final/training_duration_sec â–
wandb:                        global_step â–â–â–â–‚â–‚â–‚â–‚â–‚â–‚â–‚â–ƒâ–ƒâ–ƒâ–ƒâ–ƒâ–„â–„â–„â–„â–„â–…â–…â–…â–…â–…â–…â–…â–…â–†â–†â–†â–†â–‡â–‡â–‡â–‡â–‡â–‡â–ˆâ–ˆ
wandb:           initial_gpu_mem_used_mib â–
wandb:             model_parameters_total â–
wandb:         model_parameters_trainable â–
wandb: 
wandb: Run summary:
wandb:         Layer_W1_M1/Epochs_Trained 8
wandb: Layer_W1_M1/GPU_Mem_Used_MiB_Batch 1074
wandb: Layer_W1_M1/Peak_GPU_Mem_Epoch_MiB 1074
wandb: Layer_W1_M1/Peak_GPU_Mem_Layer_MiB 1074
wandb:       Layer_W1_M1/Train_Loss_Batch 3.05766
wandb:    Layer_W1_M1/Train_Loss_EpochAvg 3.2457
wandb:    Layer_W1_M1/Train_Loss_LayerAvg 3.2457
wandb:    Layer_W1_M1/Val_LocalLoss_Epoch 3.21447
wandb:         Layer_W2_M2/Epochs_Trained 8
wandb: Layer_W2_M2/GPU_Mem_Used_MiB_Batch 1126
wandb: Layer_W2_M2/Peak_GPU_Mem_Epoch_MiB 1126
wandb: Layer_W2_M2/Peak_GPU_Mem_Layer_MiB 1126
wandb:       Layer_W2_M2/Train_Loss_Batch 2.97237
wandb:    Layer_W2_M2/Train_Loss_EpochAvg 2.88073
wandb:    Layer_W2_M2/Train_Loss_LayerAvg 2.88073
wandb:    Layer_W2_M2/Val_LocalLoss_Epoch 3.01527
wandb:         Layer_W3_M3/Epochs_Trained 8
wandb: Layer_W3_M3/GPU_Mem_Used_MiB_Batch 1142
wandb: Layer_W3_M3/Peak_GPU_Mem_Epoch_MiB 1142
wandb: Layer_W3_M3/Peak_GPU_Mem_Layer_MiB 1142
wandb:       Layer_W3_M3/Train_Loss_Batch 2.2919
wandb:    Layer_W3_M3/Train_Loss_EpochAvg 2.60515
wandb:    Layer_W3_M3/Train_Loss_LayerAvg 2.60515
wandb:    Layer_W3_M3/Val_LocalLoss_Epoch 2.96791
wandb:             codecarbon_country_iso POL
wandb:                 codecarbon_enabled True
wandb:                    codecarbon_mode offline
wandb:         estimated_bp_update_gflops nan
wandb:               estimated_fwd_gflops 0.02869
wandb:                final/Test_Accuracy 30.26
wandb:                    final/Test_Loss nan
wandb:   final/codecarbon_emissions_gCO2e 3.05124
wandb:   final/estimated_bp_update_gflops nan
wandb:         final/estimated_fwd_gflops 0.02869
wandb:        final/peak_gpu_mem_used_mib 1142
wandb:      final/total_gpu_energy_joules 7238.3993
wandb:          final/total_gpu_energy_wh 2.01067
wandb:       final/total_run_duration_sec 115.73006
wandb:        final/training_duration_sec 110.2085
wandb:           initial_gpu_mem_used_mib 336.625
wandb:             model_parameters_total 15257300
wandb:         model_parameters_trainable 15257300
wandb: 
wandb: ðŸš€ View run mf_cifar100_mlp_3x2000 at: https://wandb.ai/przspyra11/BeyondBackpropagation/runs/mfxnnuwa
wandb: â­ï¸ View project at: https://wandb.ai/przspyra11/BeyondBackpropagation
wandb: Synced 5 W&B file(s), 0 media file(s), 0 artifact file(s) and 0 other file(s)
wandb: Find logs at: ./wandb/run-20250507_205318-mfxnnuwa/logs
