 binutils/2.38 loaded.
 bzip2/1.0.8 loaded.
 zlib/1.2.12 loaded.
 ncurses/6.3 loaded.
 libreadline/8.1.2 loaded.
 Tcl/8.6.12 loaded.
 SQLite/3.38.3 loaded.
 XZ/5.2.5 loaded.
 GMP/6.2.1 loaded.
 libffi/3.4.2 loaded.
 OpenSSL/1.1 loaded.
 Python/3.10.4 loaded.
 CUDA/12.4.0 loaded.

Currently Loaded Modules:
  1) binutils/2.38   5) libreadline/8.1.2   9) GMP/6.2.1      13) CUDA/12.4.0
  2) bzip2/1.0.8     6) Tcl/8.6.12         10) libffi/3.4.2
  3) zlib/1.2.12     7) SQLite/3.38.3      11) OpenSSL/1.1
  4) ncurses/6.3     8) XZ/5.2.5           12) Python/3.10.4

 

2025-05-08 04:11:16,262 - src.utils.config_parser - INFO - Successfully merged configuration from configs/mf/cifar100_mlp_3x2000.yaml and configs/base.yaml
wandb: Using wandb-core as the SDK backend.  Please refer to https://wandb.me/wandb-core for more information.
wandb: Currently logged in as: przspyra11 (agh_racing) to https://api.wandb.ai. Use `wandb login --relogin` to force relogin
wandb: Tracking run with wandb version 0.19.8
wandb: Run data is saved locally in /net/tscratch/people/plgspyra/BeyondBackpropagation/wandb/run-20250508_041116-7a0up4gi
wandb: Run `wandb offline` to turn off syncing.
wandb: Syncing run mf_cifar100_mlp_3x2000
wandb: â­ï¸ View project at https://wandb.ai/przspyra11/BeyondBackpropagation
wandb: ðŸš€ View run at https://wandb.ai/przspyra11/BeyondBackpropagation/runs/7a0up4gi
[codecarbon INFO @ 04:11:17] offline tracker init
[codecarbon INFO @ 04:11:17] [setup] RAM Tracking...
[codecarbon INFO @ 04:11:17] [setup] CPU Tracking...
 Linux OS detected: Please ensure RAPL files exist at /sys/class/powercap/intel-rapl/subsystem to measure CPU

[codecarbon INFO @ 04:11:18] CPU Model on constant consumption mode: AMD EPYC 7742 64-Core Processor
[codecarbon INFO @ 04:11:18] [setup] GPU Tracking...
[codecarbon INFO @ 04:11:18] Tracking Nvidia GPU via pynvml
[codecarbon INFO @ 04:11:18] The below tracking methods have been set up:
                RAM Tracking Method: RAM power estimation model
                CPU Tracking Method: cpu_load
                GPU Tracking Method: pynvml
            
[codecarbon INFO @ 04:11:18] >>> Tracker's metadata:
[codecarbon INFO @ 04:11:18]   Platform system: Linux-5.14.0-503.26.1.el9_5.x86_64-x86_64-with-glibc2.34
[codecarbon INFO @ 04:11:18]   Python version: 3.10.4
[codecarbon INFO @ 04:11:18]   CodeCarbon version: 3.0.1
[codecarbon INFO @ 04:11:18]   Available RAM : 125.000 GB
[codecarbon INFO @ 04:11:18]   CPU count: 16 thread(s) in 2 physical CPU(s)
[codecarbon INFO @ 04:11:18]   CPU model: AMD EPYC 7742 64-Core Processor
[codecarbon INFO @ 04:11:18]   GPU count: 1
[codecarbon INFO @ 04:11:18]   GPU model: 1 x NVIDIA A100-SXM4-40GB BUT only tracking these GPU ids : [0]
[codecarbon INFO @ 04:11:18] Emissions data (if any) will be saved to file /net/tscratch/people/plgspyra/BeyondBackpropagation/results/carbon/mf_cifar100_mlp_3x2000_carbon.csv

Layer_W1_M1 Epoch 1/8:   0%|          | 0/351 [00:00<?, ?it/s]
Layer_W1_M1 Epoch 1/8:   0%|          | 1/351 [00:00<01:16,  4.60it/s]
Layer_W1_M1 Epoch 1/8:   4%|â–         | 14/351 [00:00<00:06, 53.02it/s]
Layer_W1_M1 Epoch 1/8:   6%|â–‹         | 22/351 [00:00<00:05, 62.29it/s]
Layer_W1_M1 Epoch 1/8:   9%|â–‰         | 31/351 [00:00<00:04, 70.67it/s]
Layer_W1_M1 Epoch 1/8:  11%|â–ˆâ–        | 40/351 [00:00<00:04, 76.56it/s]
Layer_W1_M1 Epoch 1/8:  14%|â–ˆâ–        | 49/351 [00:00<00:03, 80.28it/s]
Layer_W1_M1 Epoch 1/8:  17%|â–ˆâ–‹        | 58/351 [00:00<00:03, 75.08it/s]
Layer_W1_M1 Epoch 1/8:  19%|â–ˆâ–‰        | 66/351 [00:00<00:03, 76.44it/s]
Layer_W1_M1 Epoch 1/8:  21%|â–ˆâ–ˆâ–       | 75/351 [00:01<00:03, 78.59it/s]
Layer_W1_M1 Epoch 1/8:  24%|â–ˆâ–ˆâ–       | 84/351 [00:01<00:03, 81.72it/s]
Layer_W1_M1 Epoch 1/8:  26%|â–ˆâ–ˆâ–‹       | 93/351 [00:01<00:03, 83.77it/s]
Layer_W1_M1 Epoch 1/8:  29%|â–ˆâ–ˆâ–‰       | 102/351 [00:01<00:03, 77.19it/s]
Layer_W1_M1 Epoch 1/8:  32%|â–ˆâ–ˆâ–ˆâ–      | 111/351 [00:01<00:03, 79.14it/s]
Layer_W1_M1 Epoch 1/8:  34%|â–ˆâ–ˆâ–ˆâ–      | 120/351 [00:01<00:02, 82.12it/s]
Layer_W1_M1 Epoch 1/8:  37%|â–ˆâ–ˆâ–ˆâ–‹      | 129/351 [00:01<00:02, 84.21it/s]
Layer_W1_M1 Epoch 1/8:  39%|â–ˆâ–ˆâ–ˆâ–‰      | 138/351 [00:01<00:02, 77.39it/s]
Layer_W1_M1 Epoch 1/8:  42%|â–ˆâ–ˆâ–ˆâ–ˆâ–     | 147/351 [00:01<00:02, 79.42it/s]
Layer_W1_M1 Epoch 1/8:  44%|â–ˆâ–ˆâ–ˆâ–ˆâ–     | 156/351 [00:02<00:02, 82.10it/s]
Layer_W1_M1 Epoch 1/8:  47%|â–ˆâ–ˆâ–ˆâ–ˆâ–‹     | 165/351 [00:02<00:02, 83.96it/s]
Layer_W1_M1 Epoch 1/8:  50%|â–ˆâ–ˆâ–ˆâ–ˆâ–‰     | 174/351 [00:02<00:02, 77.58it/s]
Layer_W1_M1 Epoch 1/8:  52%|â–ˆâ–ˆâ–ˆâ–ˆâ–ˆâ–    | 183/351 [00:02<00:02, 79.61it/s]
Layer_W1_M1 Epoch 1/8:  55%|â–ˆâ–ˆâ–ˆâ–ˆâ–ˆâ–    | 192/351 [00:02<00:01, 82.35it/s]
Layer_W1_M1 Epoch 1/8:  57%|â–ˆâ–ˆâ–ˆâ–ˆâ–ˆâ–‹    | 201/351 [00:02<00:01, 84.28it/s]
Layer_W1_M1 Epoch 1/8:  60%|â–ˆâ–ˆâ–ˆâ–ˆâ–ˆâ–‰    | 210/351 [00:02<00:01, 77.62it/s]
Layer_W1_M1 Epoch 1/8:  62%|â–ˆâ–ˆâ–ˆâ–ˆâ–ˆâ–ˆâ–   | 219/351 [00:02<00:01, 79.63it/s]
Layer_W1_M1 Epoch 1/8:  65%|â–ˆâ–ˆâ–ˆâ–ˆâ–ˆâ–ˆâ–   | 228/351 [00:02<00:01, 82.11it/s]
Layer_W1_M1 Epoch 1/8:  68%|â–ˆâ–ˆâ–ˆâ–ˆâ–ˆâ–ˆâ–Š   | 237/351 [00:03<00:01, 84.14it/s]
Layer_W1_M1 Epoch 1/8:  70%|â–ˆâ–ˆâ–ˆâ–ˆâ–ˆâ–ˆâ–ˆ   | 246/351 [00:03<00:01, 77.46it/s]
Layer_W1_M1 Epoch 1/8:  73%|â–ˆâ–ˆâ–ˆâ–ˆâ–ˆâ–ˆâ–ˆâ–Ž  | 255/351 [00:03<00:01, 79.62it/s]
Layer_W1_M1 Epoch 1/8:  75%|â–ˆâ–ˆâ–ˆâ–ˆâ–ˆâ–ˆâ–ˆâ–Œ  | 264/351 [00:03<00:01, 82.31it/s]
Layer_W1_M1 Epoch 1/8:  78%|â–ˆâ–ˆâ–ˆâ–ˆâ–ˆâ–ˆâ–ˆâ–Š  | 273/351 [00:03<00:00, 84.21it/s]
Layer_W1_M1 Epoch 1/8:  80%|â–ˆâ–ˆâ–ˆâ–ˆâ–ˆâ–ˆâ–ˆâ–ˆ  | 282/351 [00:03<00:00, 77.44it/s]
Layer_W1_M1 Epoch 1/8:  83%|â–ˆâ–ˆâ–ˆâ–ˆâ–ˆâ–ˆâ–ˆâ–ˆâ–Ž | 291/351 [00:03<00:00, 79.44it/s]
Layer_W1_M1 Epoch 1/8:  85%|â–ˆâ–ˆâ–ˆâ–ˆâ–ˆâ–ˆâ–ˆâ–ˆâ–Œ | 300/351 [00:03<00:00, 82.21it/s]
Layer_W1_M1 Epoch 1/8:  88%|â–ˆâ–ˆâ–ˆâ–ˆâ–ˆâ–ˆâ–ˆâ–ˆâ–Š | 309/351 [00:03<00:00, 83.92it/s]
Layer_W1_M1 Epoch 1/8:  91%|â–ˆâ–ˆâ–ˆâ–ˆâ–ˆâ–ˆâ–ˆâ–ˆâ–ˆ | 318/351 [00:04<00:00, 77.37it/s]
Layer_W1_M1 Epoch 1/8:  93%|â–ˆâ–ˆâ–ˆâ–ˆâ–ˆâ–ˆâ–ˆâ–ˆâ–ˆâ–Ž| 327/351 [00:04<00:00, 79.74it/s]
Layer_W1_M1 Epoch 1/8:  96%|â–ˆâ–ˆâ–ˆâ–ˆâ–ˆâ–ˆâ–ˆâ–ˆâ–ˆâ–Œ| 336/351 [00:04<00:00, 82.30it/s]
Layer_W1_M1 Epoch 1/8:  98%|â–ˆâ–ˆâ–ˆâ–ˆâ–ˆâ–ˆâ–ˆâ–ˆâ–ˆâ–Š| 345/351 [00:04<00:00, 81.09it/s]
Layer_W1_M1 Epoch 1/8:  98%|â–ˆâ–ˆâ–ˆâ–ˆâ–ˆâ–ˆâ–ˆâ–ˆâ–ˆâ–Š| 345/351 [00:04<00:00, 81.09it/s, loss=3.769150]
                                                                                       

Layer_W1_M1 Epoch 2/8:   0%|          | 0/351 [00:00<?, ?it/s]
Layer_W1_M1 Epoch 2/8:   1%|â–         | 5/351 [00:00<00:08, 41.48it/s]
Layer_W1_M1 Epoch 2/8:   4%|â–Ž         | 13/351 [00:00<00:05, 61.98it/s]
Layer_W1_M1 Epoch 2/8:   6%|â–Œ         | 21/351 [00:00<00:04, 69.61it/s]
Layer_W1_M1 Epoch 2/8:   9%|â–‰         | 31/351 [00:00<00:03, 80.74it/s]
Layer_W1_M1 Epoch 2/8:  11%|â–ˆâ–        | 40/351 [00:00<00:03, 83.56it/s]
Layer_W1_M1 Epoch 2/8:  14%|â–ˆâ–        | 49/351 [00:00<00:04, 75.48it/s]
Layer_W1_M1 Epoch 2/8:  17%|â–ˆâ–‹        | 58/351 [00:00<00:03, 79.58it/s]
Layer_W1_M1 Epoch 2/8:  19%|â–ˆâ–‰        | 67/351 [00:00<00:03, 82.57it/s]
Layer_W1_M1 Epoch 2/8:  22%|â–ˆâ–ˆâ–       | 76/351 [00:00<00:03, 84.56it/s]
Layer_W1_M1 Epoch 2/8:  24%|â–ˆâ–ˆâ–       | 85/351 [00:01<00:03, 76.40it/s]
Layer_W1_M1 Epoch 2/8:  27%|â–ˆâ–ˆâ–‹       | 94/351 [00:01<00:03, 79.76it/s]
Layer_W1_M1 Epoch 2/8:  29%|â–ˆâ–ˆâ–‰       | 103/351 [00:01<00:03, 82.40it/s]
Layer_W1_M1 Epoch 2/8:  32%|â–ˆâ–ˆâ–ˆâ–      | 113/351 [00:01<00:03, 77.99it/s]
Layer_W1_M1 Epoch 2/8:  35%|â–ˆâ–ˆâ–ˆâ–      | 122/351 [00:01<00:02, 81.00it/s]
Layer_W1_M1 Epoch 2/8:  37%|â–ˆâ–ˆâ–ˆâ–‹      | 131/351 [00:01<00:02, 83.40it/s]
Layer_W1_M1 Epoch 2/8:  40%|â–ˆâ–ˆâ–ˆâ–‰      | 140/351 [00:01<00:02, 85.05it/s]
Layer_W1_M1 Epoch 2/8:  42%|â–ˆâ–ˆâ–ˆâ–ˆâ–     | 149/351 [00:01<00:02, 77.22it/s]
Layer_W1_M1 Epoch 2/8:  45%|â–ˆâ–ˆâ–ˆâ–ˆâ–     | 157/351 [00:02<00:02, 77.95it/s]
Layer_W1_M1 Epoch 2/8:  47%|â–ˆâ–ˆâ–ˆâ–ˆâ–‹     | 166/351 [00:02<00:02, 80.85it/s]
Layer_W1_M1 Epoch 2/8:  50%|â–ˆâ–ˆâ–ˆâ–ˆâ–‰     | 175/351 [00:02<00:02, 82.93it/s]
Layer_W1_M1 Epoch 2/8:  52%|â–ˆâ–ˆâ–ˆâ–ˆâ–ˆâ–    | 184/351 [00:02<00:01, 84.68it/s]
Layer_W1_M1 Epoch 2/8:  55%|â–ˆâ–ˆâ–ˆâ–ˆâ–ˆâ–    | 193/351 [00:02<00:02, 77.94it/s]
Layer_W1_M1 Epoch 2/8:  58%|â–ˆâ–ˆâ–ˆâ–ˆâ–ˆâ–Š    | 202/351 [00:02<00:01, 79.74it/s]
Layer_W1_M1 Epoch 2/8:  60%|â–ˆâ–ˆâ–ˆâ–ˆâ–ˆâ–ˆ    | 211/351 [00:02<00:01, 82.31it/s]
Layer_W1_M1 Epoch 2/8:  63%|â–ˆâ–ˆâ–ˆâ–ˆâ–ˆâ–ˆâ–Ž   | 220/351 [00:02<00:01, 84.10it/s]
Layer_W1_M1 Epoch 2/8:  65%|â–ˆâ–ˆâ–ˆâ–ˆâ–ˆâ–ˆâ–Œ   | 229/351 [00:02<00:01, 78.31it/s]
Layer_W1_M1 Epoch 2/8:  68%|â–ˆâ–ˆâ–ˆâ–ˆâ–ˆâ–ˆâ–Š   | 238/351 [00:02<00:01, 79.12it/s]
Layer_W1_M1 Epoch 2/8:  70%|â–ˆâ–ˆâ–ˆâ–ˆâ–ˆâ–ˆâ–ˆ   | 247/351 [00:03<00:01, 81.52it/s]
Layer_W1_M1 Epoch 2/8:  73%|â–ˆâ–ˆâ–ˆâ–ˆâ–ˆâ–ˆâ–ˆâ–Ž  | 256/351 [00:03<00:01, 83.49it/s]
Layer_W1_M1 Epoch 2/8:  75%|â–ˆâ–ˆâ–ˆâ–ˆâ–ˆâ–ˆâ–ˆâ–Œ  | 265/351 [00:03<00:01, 79.02it/s]
Layer_W1_M1 Epoch 2/8:  78%|â–ˆâ–ˆâ–ˆâ–ˆâ–ˆâ–ˆâ–ˆâ–Š  | 274/351 [00:03<00:00, 78.69it/s]
Layer_W1_M1 Epoch 2/8:  81%|â–ˆâ–ˆâ–ˆâ–ˆâ–ˆâ–ˆâ–ˆâ–ˆ  | 283/351 [00:03<00:00, 81.44it/s]
Layer_W1_M1 Epoch 2/8:  83%|â–ˆâ–ˆâ–ˆâ–ˆâ–ˆâ–ˆâ–ˆâ–ˆâ–Ž | 292/351 [00:03<00:00, 83.55it/s]
Layer_W1_M1 Epoch 2/8:  86%|â–ˆâ–ˆâ–ˆâ–ˆâ–ˆâ–ˆâ–ˆâ–ˆâ–Œ | 301/351 [00:03<00:00, 79.87it/s]
Layer_W1_M1 Epoch 2/8:  88%|â–ˆâ–ˆâ–ˆâ–ˆâ–ˆâ–ˆâ–ˆâ–ˆâ–Š | 310/351 [00:03<00:00, 78.41it/s]
Layer_W1_M1 Epoch 2/8:  91%|â–ˆâ–ˆâ–ˆâ–ˆâ–ˆâ–ˆâ–ˆâ–ˆâ–ˆ | 319/351 [00:03<00:00, 81.19it/s]
Layer_W1_M1 Epoch 2/8:  93%|â–ˆâ–ˆâ–ˆâ–ˆâ–ˆâ–ˆâ–ˆâ–ˆâ–ˆâ–Ž| 328/351 [00:04<00:00, 83.45it/s]
Layer_W1_M1 Epoch 2/8:  96%|â–ˆâ–ˆâ–ˆâ–ˆâ–ˆâ–ˆâ–ˆâ–ˆâ–ˆâ–Œ| 337/351 [00:04<00:00, 80.46it/s]
Layer_W1_M1 Epoch 2/8:  99%|â–ˆâ–ˆâ–ˆâ–ˆâ–ˆâ–ˆâ–ˆâ–ˆâ–ˆâ–Š| 346/351 [00:04<00:00, 78.09it/s]
Layer_W1_M1 Epoch 2/8:  99%|â–ˆâ–ˆâ–ˆâ–ˆâ–ˆâ–ˆâ–ˆâ–ˆâ–ˆâ–Š| 346/351 [00:04<00:00, 78.09it/s, loss=3.475569]
                                                                                       

Layer_W1_M1 Epoch 3/8:   0%|          | 0/351 [00:00<?, ?it/s]
Layer_W1_M1 Epoch 3/8:   1%|â–         | 5/351 [00:00<00:07, 43.67it/s]
Layer_W1_M1 Epoch 3/8:   4%|â–         | 14/351 [00:00<00:04, 69.04it/s]
Layer_W1_M1 Epoch 3/8:   7%|â–‹         | 23/351 [00:00<00:04, 78.08it/s]
Layer_W1_M1 Epoch 3/8:   9%|â–‰         | 32/351 [00:00<00:03, 82.31it/s]
Layer_W1_M1 Epoch 3/8:  12%|â–ˆâ–        | 41/351 [00:00<00:04, 73.67it/s]
Layer_W1_M1 Epoch 3/8:  14%|â–ˆâ–        | 50/351 [00:00<00:03, 78.29it/s]
Layer_W1_M1 Epoch 3/8:  17%|â–ˆâ–‹        | 59/351 [00:00<00:03, 81.37it/s]
Layer_W1_M1 Epoch 3/8:  19%|â–ˆâ–‰        | 68/351 [00:00<00:03, 83.55it/s]
Layer_W1_M1 Epoch 3/8:  22%|â–ˆâ–ˆâ–       | 77/351 [00:01<00:03, 75.57it/s]
Layer_W1_M1 Epoch 3/8:  25%|â–ˆâ–ˆâ–       | 86/351 [00:01<00:03, 79.27it/s]
Layer_W1_M1 Epoch 3/8:  27%|â–ˆâ–ˆâ–‹       | 95/351 [00:01<00:03, 81.84it/s]
Layer_W1_M1 Epoch 3/8:  30%|â–ˆâ–ˆâ–‰       | 104/351 [00:01<00:02, 83.72it/s]
Layer_W1_M1 Epoch 3/8:  32%|â–ˆâ–ˆâ–ˆâ–      | 113/351 [00:01<00:03, 75.90it/s]
Layer_W1_M1 Epoch 3/8:  34%|â–ˆâ–ˆâ–ˆâ–      | 121/351 [00:01<00:02, 76.93it/s]
Layer_W1_M1 Epoch 3/8:  37%|â–ˆâ–ˆâ–ˆâ–‹      | 129/351 [00:01<00:02, 77.60it/s]
Layer_W1_M1 Epoch 3/8:  39%|â–ˆâ–ˆâ–ˆâ–‰      | 138/351 [00:01<00:02, 80.83it/s]
Layer_W1_M1 Epoch 3/8:  42%|â–ˆâ–ˆâ–ˆâ–ˆâ–     | 147/351 [00:01<00:02, 82.76it/s]
Layer_W1_M1 Epoch 3/8:  44%|â–ˆâ–ˆâ–ˆâ–ˆâ–     | 156/351 [00:01<00:02, 84.43it/s]
Layer_W1_M1 Epoch 3/8:  47%|â–ˆâ–ˆâ–ˆâ–ˆâ–‹     | 165/351 [00:02<00:02, 76.34it/s]
Layer_W1_M1 Epoch 3/8:  50%|â–ˆâ–ˆâ–ˆâ–ˆâ–‰     | 174/351 [00:02<00:02, 79.62it/s]
Layer_W1_M1 Epoch 3/8:  52%|â–ˆâ–ˆâ–ˆâ–ˆâ–ˆâ–    | 183/351 [00:02<00:02, 81.93it/s]
Layer_W1_M1 Epoch 3/8:  55%|â–ˆâ–ˆâ–ˆâ–ˆâ–ˆâ–    | 192/351 [00:02<00:01, 83.74it/s]
Layer_W1_M1 Epoch 3/8:  57%|â–ˆâ–ˆâ–ˆâ–ˆâ–ˆâ–‹    | 201/351 [00:02<00:01, 76.07it/s]
Layer_W1_M1 Epoch 3/8:  60%|â–ˆâ–ˆâ–ˆâ–ˆâ–ˆâ–‰    | 210/351 [00:02<00:01, 79.40it/s][codecarbon INFO @ 04:11:33] Energy consumed for RAM : 0.000164 kWh. RAM Power : 38.0 W

Layer_W1_M1 Epoch 3/8:  62%|â–ˆâ–ˆâ–ˆâ–ˆâ–ˆâ–ˆâ–   | 219/351 [00:02<00:01, 81.84it/s]
Layer_W1_M1 Epoch 3/8:  65%|â–ˆâ–ˆâ–ˆâ–ˆâ–ˆâ–ˆâ–   | 228/351 [00:02<00:01, 83.55it/s]
Layer_W1_M1 Epoch 3/8:  68%|â–ˆâ–ˆâ–ˆâ–ˆâ–ˆâ–ˆâ–Š   | 237/351 [00:03<00:01, 76.22it/s]
Layer_W1_M1 Epoch 3/8:  70%|â–ˆâ–ˆâ–ˆâ–ˆâ–ˆâ–ˆâ–ˆ   | 246/351 [00:03<00:01, 79.47it/s]
Layer_W1_M1 Epoch 3/8:  73%|â–ˆâ–ˆâ–ˆâ–ˆâ–ˆâ–ˆâ–ˆâ–Ž  | 255/351 [00:03<00:01, 81.87it/s][codecarbon INFO @ 04:11:34] Delta energy consumed for CPU with cpu_load : 0.000306 kWh, power : 70.97999999999999 W
[codecarbon INFO @ 04:11:34] Energy consumed for All CPU : 0.000306 kWh
[codecarbon INFO @ 04:11:34] Energy consumed for all GPUs : 0.000280 kWh. Total GPU Power : 63.0368050963625 W
[codecarbon INFO @ 04:11:34] 0.000750 kWh of electricity used since the beginning.

Layer_W1_M1 Epoch 3/8:  75%|â–ˆâ–ˆâ–ˆâ–ˆâ–ˆâ–ˆâ–ˆâ–Œ  | 264/351 [00:03<00:01, 83.56it/s]
Layer_W1_M1 Epoch 3/8:  78%|â–ˆâ–ˆâ–ˆâ–ˆâ–ˆâ–ˆâ–ˆâ–Š  | 273/351 [00:03<00:01, 75.70it/s]
Layer_W1_M1 Epoch 3/8:  80%|â–ˆâ–ˆâ–ˆâ–ˆâ–ˆâ–ˆâ–ˆâ–ˆ  | 281/351 [00:03<00:00, 76.81it/s]
Layer_W1_M1 Epoch 3/8:  82%|â–ˆâ–ˆâ–ˆâ–ˆâ–ˆâ–ˆâ–ˆâ–ˆâ– | 289/351 [00:03<00:00, 77.65it/s]
Layer_W1_M1 Epoch 3/8:  85%|â–ˆâ–ˆâ–ˆâ–ˆâ–ˆâ–ˆâ–ˆâ–ˆâ– | 298/351 [00:03<00:00, 81.00it/s]
Layer_W1_M1 Epoch 3/8:  87%|â–ˆâ–ˆâ–ˆâ–ˆâ–ˆâ–ˆâ–ˆâ–ˆâ–‹ | 307/351 [00:03<00:00, 83.41it/s]
Layer_W1_M1 Epoch 3/8:  90%|â–ˆâ–ˆâ–ˆâ–ˆâ–ˆâ–ˆâ–ˆâ–ˆâ–ˆ | 316/351 [00:03<00:00, 85.02it/s]
Layer_W1_M1 Epoch 3/8:  93%|â–ˆâ–ˆâ–ˆâ–ˆâ–ˆâ–ˆâ–ˆâ–ˆâ–ˆâ–Ž| 325/351 [00:04<00:00, 76.90it/s]
Layer_W1_M1 Epoch 3/8:  95%|â–ˆâ–ˆâ–ˆâ–ˆâ–ˆâ–ˆâ–ˆâ–ˆâ–ˆâ–Œ| 334/351 [00:04<00:00, 80.23it/s]
Layer_W1_M1 Epoch 3/8:  98%|â–ˆâ–ˆâ–ˆâ–ˆâ–ˆâ–ˆâ–ˆâ–ˆâ–ˆâ–Š| 343/351 [00:04<00:00, 82.58it/s]
Layer_W1_M1 Epoch 3/8:  98%|â–ˆâ–ˆâ–ˆâ–ˆâ–ˆâ–ˆâ–ˆâ–ˆâ–ˆâ–Š| 343/351 [00:04<00:00, 82.58it/s, loss=3.377224]
                                                                                       

Layer_W1_M1 Epoch 4/8:   0%|          | 0/351 [00:00<?, ?it/s]
Layer_W1_M1 Epoch 4/8:   1%|â–         | 5/351 [00:00<00:07, 45.02it/s]
Layer_W1_M1 Epoch 4/8:   4%|â–Ž         | 13/351 [00:00<00:05, 64.57it/s]
Layer_W1_M1 Epoch 4/8:   6%|â–Œ         | 21/351 [00:00<00:04, 71.06it/s]
Layer_W1_M1 Epoch 4/8:   8%|â–Š         | 29/351 [00:00<00:04, 74.20it/s]
Layer_W1_M1 Epoch 4/8:  11%|â–ˆ         | 38/351 [00:00<00:03, 79.52it/s]
Layer_W1_M1 Epoch 4/8:  13%|â–ˆâ–Ž        | 46/351 [00:00<00:03, 79.66it/s]
Layer_W1_M1 Epoch 4/8:  16%|â–ˆâ–Œ        | 55/351 [00:00<00:03, 82.57it/s]
Layer_W1_M1 Epoch 4/8:  18%|â–ˆâ–Š        | 64/351 [00:00<00:03, 84.35it/s]
Layer_W1_M1 Epoch 4/8:  21%|â–ˆâ–ˆ        | 73/351 [00:00<00:03, 75.76it/s]
Layer_W1_M1 Epoch 4/8:  23%|â–ˆâ–ˆâ–Ž       | 81/351 [00:01<00:03, 76.94it/s]
Layer_W1_M1 Epoch 4/8:  26%|â–ˆâ–ˆâ–Œ       | 90/351 [00:01<00:03, 80.23it/s]
Layer_W1_M1 Epoch 4/8:  28%|â–ˆâ–ˆâ–Š       | 99/351 [00:01<00:03, 82.69it/s]
Layer_W1_M1 Epoch 4/8:  31%|â–ˆâ–ˆâ–ˆ       | 108/351 [00:01<00:02, 84.34it/s]
Layer_W1_M1 Epoch 4/8:  33%|â–ˆâ–ˆâ–ˆâ–Ž      | 117/351 [00:01<00:03, 76.17it/s]
Layer_W1_M1 Epoch 4/8:  36%|â–ˆâ–ˆâ–ˆâ–Œ      | 126/351 [00:01<00:02, 79.49it/s]
Layer_W1_M1 Epoch 4/8:  38%|â–ˆâ–ˆâ–ˆâ–Š      | 135/351 [00:01<00:02, 82.07it/s]
Layer_W1_M1 Epoch 4/8:  41%|â–ˆâ–ˆâ–ˆâ–ˆ      | 144/351 [00:01<00:02, 83.96it/s]
Layer_W1_M1 Epoch 4/8:  44%|â–ˆâ–ˆâ–ˆâ–ˆâ–Ž     | 153/351 [00:01<00:02, 76.32it/s]
Layer_W1_M1 Epoch 4/8:  46%|â–ˆâ–ˆâ–ˆâ–ˆâ–Œ     | 162/351 [00:02<00:02, 79.63it/s]
Layer_W1_M1 Epoch 4/8:  49%|â–ˆâ–ˆâ–ˆâ–ˆâ–Š     | 171/351 [00:02<00:02, 82.18it/s]
Layer_W1_M1 Epoch 4/8:  51%|â–ˆâ–ˆâ–ˆâ–ˆâ–ˆâ–    | 180/351 [00:02<00:02, 84.16it/s]
Layer_W1_M1 Epoch 4/8:  54%|â–ˆâ–ˆâ–ˆâ–ˆâ–ˆâ–    | 189/351 [00:02<00:02, 76.45it/s]
Layer_W1_M1 Epoch 4/8:  56%|â–ˆâ–ˆâ–ˆâ–ˆâ–ˆâ–‹    | 198/351 [00:02<00:01, 79.82it/s]
Layer_W1_M1 Epoch 4/8:  59%|â–ˆâ–ˆâ–ˆâ–ˆâ–ˆâ–‰    | 207/351 [00:02<00:01, 82.49it/s]
Layer_W1_M1 Epoch 4/8:  62%|â–ˆâ–ˆâ–ˆâ–ˆâ–ˆâ–ˆâ–   | 216/351 [00:02<00:01, 84.27it/s]
Layer_W1_M1 Epoch 4/8:  64%|â–ˆâ–ˆâ–ˆâ–ˆâ–ˆâ–ˆâ–   | 225/351 [00:02<00:01, 76.35it/s]
Layer_W1_M1 Epoch 4/8:  67%|â–ˆâ–ˆâ–ˆâ–ˆâ–ˆâ–ˆâ–‹   | 234/351 [00:02<00:01, 79.72it/s]
Layer_W1_M1 Epoch 4/8:  69%|â–ˆâ–ˆâ–ˆâ–ˆâ–ˆâ–ˆâ–‰   | 243/351 [00:03<00:01, 82.05it/s]
Layer_W1_M1 Epoch 4/8:  72%|â–ˆâ–ˆâ–ˆâ–ˆâ–ˆâ–ˆâ–ˆâ–  | 252/351 [00:03<00:01, 83.76it/s]
Layer_W1_M1 Epoch 4/8:  74%|â–ˆâ–ˆâ–ˆâ–ˆâ–ˆâ–ˆâ–ˆâ–  | 261/351 [00:03<00:01, 76.08it/s]
Layer_W1_M1 Epoch 4/8:  77%|â–ˆâ–ˆâ–ˆâ–ˆâ–ˆâ–ˆâ–ˆâ–‹  | 271/351 [00:03<00:00, 82.13it/s]
Layer_W1_M1 Epoch 4/8:  80%|â–ˆâ–ˆâ–ˆâ–ˆâ–ˆâ–ˆâ–ˆâ–‰  | 280/351 [00:03<00:00, 84.03it/s]
Layer_W1_M1 Epoch 4/8:  82%|â–ˆâ–ˆâ–ˆâ–ˆâ–ˆâ–ˆâ–ˆâ–ˆâ– | 289/351 [00:03<00:00, 76.71it/s]
Layer_W1_M1 Epoch 4/8:  85%|â–ˆâ–ˆâ–ˆâ–ˆâ–ˆâ–ˆâ–ˆâ–ˆâ– | 298/351 [00:03<00:00, 79.96it/s]
Layer_W1_M1 Epoch 4/8:  87%|â–ˆâ–ˆâ–ˆâ–ˆâ–ˆâ–ˆâ–ˆâ–ˆâ–‹ | 307/351 [00:03<00:00, 82.16it/s]
Layer_W1_M1 Epoch 4/8:  90%|â–ˆâ–ˆâ–ˆâ–ˆâ–ˆâ–ˆâ–ˆâ–ˆâ–ˆ | 316/351 [00:03<00:00, 83.95it/s]
Layer_W1_M1 Epoch 4/8:  93%|â–ˆâ–ˆâ–ˆâ–ˆâ–ˆâ–ˆâ–ˆâ–ˆâ–ˆâ–Ž| 325/351 [00:04<00:00, 76.48it/s]
Layer_W1_M1 Epoch 4/8:  95%|â–ˆâ–ˆâ–ˆâ–ˆâ–ˆâ–ˆâ–ˆâ–ˆâ–ˆâ–Œ| 334/351 [00:04<00:00, 79.81it/s]
Layer_W1_M1 Epoch 4/8:  98%|â–ˆâ–ˆâ–ˆâ–ˆâ–ˆâ–ˆâ–ˆâ–ˆâ–ˆâ–Š| 343/351 [00:04<00:00, 81.72it/s]
Layer_W1_M1 Epoch 4/8:  98%|â–ˆâ–ˆâ–ˆâ–ˆâ–ˆâ–ˆâ–ˆâ–ˆâ–ˆâ–Š| 343/351 [00:04<00:00, 81.72it/s, loss=3.588693]
                                                                                       

Layer_W1_M1 Epoch 5/8:   0%|          | 0/351 [00:00<?, ?it/s]
Layer_W1_M1 Epoch 5/8:   1%|â–         | 5/351 [00:00<00:08, 42.10it/s]
Layer_W1_M1 Epoch 5/8:   4%|â–Ž         | 13/351 [00:00<00:05, 62.71it/s]
Layer_W1_M1 Epoch 5/8:   6%|â–‹         | 22/351 [00:00<00:04, 74.11it/s]
Layer_W1_M1 Epoch 5/8:   9%|â–‰         | 31/351 [00:00<00:04, 79.80it/s]
Layer_W1_M1 Epoch 5/8:  11%|â–ˆâ–        | 40/351 [00:00<00:03, 83.15it/s]
Layer_W1_M1 Epoch 5/8:  14%|â–ˆâ–        | 49/351 [00:00<00:04, 74.73it/s]
Layer_W1_M1 Epoch 5/8:  17%|â–ˆâ–‹        | 58/351 [00:00<00:03, 79.21it/s]
Layer_W1_M1 Epoch 5/8:  19%|â–ˆâ–‰        | 67/351 [00:00<00:03, 82.25it/s]
Layer_W1_M1 Epoch 5/8:  22%|â–ˆâ–ˆâ–       | 76/351 [00:00<00:03, 84.35it/s]
Layer_W1_M1 Epoch 5/8:  24%|â–ˆâ–ˆâ–       | 85/351 [00:01<00:03, 76.52it/s]
Layer_W1_M1 Epoch 5/8:  27%|â–ˆâ–ˆâ–‹       | 94/351 [00:01<00:03, 79.67it/s]
Layer_W1_M1 Epoch 5/8:  29%|â–ˆâ–ˆâ–‰       | 103/351 [00:01<00:03, 82.27it/s]
Layer_W1_M1 Epoch 5/8:  32%|â–ˆâ–ˆâ–ˆâ–      | 112/351 [00:01<00:02, 84.04it/s]
Layer_W1_M1 Epoch 5/8:  34%|â–ˆâ–ˆâ–ˆâ–      | 121/351 [00:01<00:02, 76.80it/s]
Layer_W1_M1 Epoch 5/8:  37%|â–ˆâ–ˆâ–ˆâ–‹      | 130/351 [00:01<00:02, 79.37it/s]
Layer_W1_M1 Epoch 5/8:  40%|â–ˆâ–ˆâ–ˆâ–‰      | 139/351 [00:01<00:02, 82.01it/s]
Layer_W1_M1 Epoch 5/8:  42%|â–ˆâ–ˆâ–ˆâ–ˆâ–     | 148/351 [00:01<00:02, 83.88it/s]
Layer_W1_M1 Epoch 5/8:  45%|â–ˆâ–ˆâ–ˆâ–ˆâ–     | 157/351 [00:02<00:02, 77.15it/s]
Layer_W1_M1 Epoch 5/8:  47%|â–ˆâ–ˆâ–ˆâ–ˆâ–‹     | 166/351 [00:02<00:02, 79.04it/s]
Layer_W1_M1 Epoch 5/8:  50%|â–ˆâ–ˆâ–ˆâ–ˆâ–‰     | 175/351 [00:02<00:02, 81.78it/s]
Layer_W1_M1 Epoch 5/8:  52%|â–ˆâ–ˆâ–ˆâ–ˆâ–ˆâ–    | 184/351 [00:02<00:01, 83.66it/s]
Layer_W1_M1 Epoch 5/8:  55%|â–ˆâ–ˆâ–ˆâ–ˆâ–ˆâ–    | 193/351 [00:02<00:02, 78.07it/s]
Layer_W1_M1 Epoch 5/8:  58%|â–ˆâ–ˆâ–ˆâ–ˆâ–ˆâ–Š    | 202/351 [00:02<00:01, 78.62it/s]
Layer_W1_M1 Epoch 5/8:  60%|â–ˆâ–ˆâ–ˆâ–ˆâ–ˆâ–ˆ    | 211/351 [00:02<00:01, 81.48it/s]
Layer_W1_M1 Epoch 5/8:  63%|â–ˆâ–ˆâ–ˆâ–ˆâ–ˆâ–ˆâ–Ž   | 220/351 [00:02<00:01, 83.37it/s]
Layer_W1_M1 Epoch 5/8:  65%|â–ˆâ–ˆâ–ˆâ–ˆâ–ˆâ–ˆâ–Œ   | 229/351 [00:02<00:01, 78.61it/s]
Layer_W1_M1 Epoch 5/8:  68%|â–ˆâ–ˆâ–ˆâ–ˆâ–ˆâ–ˆâ–Š   | 238/351 [00:03<00:01, 78.43it/s]
Layer_W1_M1 Epoch 5/8:  70%|â–ˆâ–ˆâ–ˆâ–ˆâ–ˆâ–ˆâ–ˆ   | 246/351 [00:03<00:01, 78.84it/s]
Layer_W1_M1 Epoch 5/8:  73%|â–ˆâ–ˆâ–ˆâ–ˆâ–ˆâ–ˆâ–ˆâ–Ž  | 255/351 [00:03<00:01, 81.54it/s]
Layer_W1_M1 Epoch 5/8:  75%|â–ˆâ–ˆâ–ˆâ–ˆâ–ˆâ–ˆâ–ˆâ–Œ  | 264/351 [00:03<00:01, 83.58it/s]
Layer_W1_M1 Epoch 5/8:  78%|â–ˆâ–ˆâ–ˆâ–ˆâ–ˆâ–ˆâ–ˆâ–Š  | 273/351 [00:03<00:00, 79.85it/s]
Layer_W1_M1 Epoch 5/8:  80%|â–ˆâ–ˆâ–ˆâ–ˆâ–ˆâ–ˆâ–ˆâ–ˆ  | 282/351 [00:03<00:00, 78.11it/s]
Layer_W1_M1 Epoch 5/8:  83%|â–ˆâ–ˆâ–ˆâ–ˆâ–ˆâ–ˆâ–ˆâ–ˆâ–Ž | 291/351 [00:03<00:00, 81.00it/s]
Layer_W1_M1 Epoch 5/8:  85%|â–ˆâ–ˆâ–ˆâ–ˆâ–ˆâ–ˆâ–ˆâ–ˆâ–Œ | 300/351 [00:03<00:00, 83.12it/s]
Layer_W1_M1 Epoch 5/8:  88%|â–ˆâ–ˆâ–ˆâ–ˆâ–ˆâ–ˆâ–ˆâ–ˆâ–Š | 309/351 [00:03<00:00, 80.53it/s]
Layer_W1_M1 Epoch 5/8:  91%|â–ˆâ–ˆâ–ˆâ–ˆâ–ˆâ–ˆâ–ˆâ–ˆâ–ˆ | 318/351 [00:04<00:00, 77.73it/s]
Layer_W1_M1 Epoch 5/8:  93%|â–ˆâ–ˆâ–ˆâ–ˆâ–ˆâ–ˆâ–ˆâ–ˆâ–ˆâ–Ž| 327/351 [00:04<00:00, 80.68it/s]
Layer_W1_M1 Epoch 5/8:  96%|â–ˆâ–ˆâ–ˆâ–ˆâ–ˆâ–ˆâ–ˆâ–ˆâ–ˆâ–Œ| 336/351 [00:04<00:00, 82.95it/s]
Layer_W1_M1 Epoch 5/8:  98%|â–ˆâ–ˆâ–ˆâ–ˆâ–ˆâ–ˆâ–ˆâ–ˆâ–ˆâ–Š| 345/351 [00:04<00:00, 80.83it/s]
Layer_W1_M1 Epoch 5/8:  98%|â–ˆâ–ˆâ–ˆâ–ˆâ–ˆâ–ˆâ–ˆâ–ˆâ–ˆâ–Š| 345/351 [00:04<00:00, 80.83it/s, loss=3.475632]
                                                                                       

Layer_W1_M1 Epoch 6/8:   0%|          | 0/351 [00:00<?, ?it/s]
Layer_W1_M1 Epoch 6/8:   1%|â–         | 5/351 [00:00<00:07, 46.86it/s]
Layer_W1_M1 Epoch 6/8:   4%|â–         | 14/351 [00:00<00:04, 69.64it/s]
Layer_W1_M1 Epoch 6/8:   7%|â–‹         | 23/351 [00:00<00:04, 78.03it/s]
Layer_W1_M1 Epoch 6/8:   9%|â–‰         | 31/351 [00:00<00:04, 78.54it/s]
Layer_W1_M1 Epoch 6/8:  11%|â–ˆâ–        | 40/351 [00:00<00:03, 82.10it/s]
Layer_W1_M1 Epoch 6/8:  14%|â–ˆâ–        | 49/351 [00:00<00:04, 74.94it/s]
Layer_W1_M1 Epoch 6/8:  17%|â–ˆâ–‹        | 58/351 [00:00<00:03, 77.80it/s]
Layer_W1_M1 Epoch 6/8:  19%|â–ˆâ–‰        | 66/351 [00:00<00:03, 78.44it/s]
Layer_W1_M1 Epoch 6/8:  21%|â–ˆâ–ˆ        | 74/351 [00:00<00:03, 78.88it/s]
Layer_W1_M1 Epoch 6/8:  23%|â–ˆâ–ˆâ–Ž       | 82/351 [00:01<00:03, 79.14it/s]
Layer_W1_M1 Epoch 6/8:  26%|â–ˆâ–ˆâ–Œ       | 91/351 [00:01<00:03, 82.03it/s]
Layer_W1_M1 Epoch 6/8:  28%|â–ˆâ–ˆâ–Š       | 100/351 [00:01<00:02, 84.24it/s]
Layer_W1_M1 Epoch 6/8:  31%|â–ˆâ–ˆâ–ˆ       | 109/351 [00:01<00:03, 77.28it/s]
Layer_W1_M1 Epoch 6/8:  34%|â–ˆâ–ˆâ–ˆâ–Ž      | 118/351 [00:01<00:02, 79.58it/s]
Layer_W1_M1 Epoch 6/8:  36%|â–ˆâ–ˆâ–ˆâ–Œ      | 127/351 [00:01<00:02, 82.08it/s]
Layer_W1_M1 Epoch 6/8:  39%|â–ˆâ–ˆâ–ˆâ–Š      | 136/351 [00:01<00:02, 83.87it/s]
Layer_W1_M1 Epoch 6/8:  41%|â–ˆâ–ˆâ–ˆâ–ˆâ–     | 145/351 [00:01<00:02, 76.83it/s]
Layer_W1_M1 Epoch 6/8:  44%|â–ˆâ–ˆâ–ˆâ–ˆâ–     | 154/351 [00:01<00:02, 79.29it/s]
Layer_W1_M1 Epoch 6/8:  46%|â–ˆâ–ˆâ–ˆâ–ˆâ–‹     | 163/351 [00:02<00:02, 81.90it/s]
Layer_W1_M1 Epoch 6/8:  49%|â–ˆâ–ˆâ–ˆâ–ˆâ–‰     | 172/351 [00:02<00:02, 83.82it/s]
Layer_W1_M1 Epoch 6/8:  52%|â–ˆâ–ˆâ–ˆâ–ˆâ–ˆâ–    | 181/351 [00:02<00:02, 77.29it/s]
Layer_W1_M1 Epoch 6/8:  54%|â–ˆâ–ˆâ–ˆâ–ˆâ–ˆâ–    | 190/351 [00:02<00:02, 79.02it/s]
Layer_W1_M1 Epoch 6/8:  57%|â–ˆâ–ˆâ–ˆâ–ˆâ–ˆâ–‹    | 199/351 [00:02<00:01, 81.51it/s]
Layer_W1_M1 Epoch 6/8:  59%|â–ˆâ–ˆâ–ˆâ–ˆâ–ˆâ–‰    | 208/351 [00:02<00:01, 83.47it/s]
Layer_W1_M1 Epoch 6/8:  62%|â–ˆâ–ˆâ–ˆâ–ˆâ–ˆâ–ˆâ–   | 217/351 [00:02<00:01, 77.77it/s]
Layer_W1_M1 Epoch 6/8:  64%|â–ˆâ–ˆâ–ˆâ–ˆâ–ˆâ–ˆâ–   | 226/351 [00:02<00:01, 78.71it/s]
Layer_W1_M1 Epoch 6/8:  67%|â–ˆâ–ˆâ–ˆâ–ˆâ–ˆâ–ˆâ–‹   | 235/351 [00:02<00:01, 81.37it/s]
Layer_W1_M1 Epoch 6/8:  70%|â–ˆâ–ˆâ–ˆâ–ˆâ–ˆâ–ˆâ–‰   | 244/351 [00:03<00:01, 83.43it/s]
Layer_W1_M1 Epoch 6/8:  72%|â–ˆâ–ˆâ–ˆâ–ˆâ–ˆâ–ˆâ–ˆâ–  | 253/351 [00:03<00:01, 77.90it/s]
Layer_W1_M1 Epoch 6/8:  75%|â–ˆâ–ˆâ–ˆâ–ˆâ–ˆâ–ˆâ–ˆâ–  | 262/351 [00:03<00:01, 78.66it/s]
Layer_W1_M1 Epoch 6/8:  77%|â–ˆâ–ˆâ–ˆâ–ˆâ–ˆâ–ˆâ–ˆâ–‹  | 271/351 [00:03<00:00, 81.50it/s]
Layer_W1_M1 Epoch 6/8:  80%|â–ˆâ–ˆâ–ˆâ–ˆâ–ˆâ–ˆâ–ˆâ–‰  | 280/351 [00:03<00:00, 83.55it/s]
Layer_W1_M1 Epoch 6/8:  82%|â–ˆâ–ˆâ–ˆâ–ˆâ–ˆâ–ˆâ–ˆâ–ˆâ– | 289/351 [00:03<00:00, 77.85it/s]
Layer_W1_M1 Epoch 6/8:  85%|â–ˆâ–ˆâ–ˆâ–ˆâ–ˆâ–ˆâ–ˆâ–ˆâ– | 298/351 [00:03<00:00, 78.79it/s][codecarbon INFO @ 04:11:48] Energy consumed for RAM : 0.000317 kWh. RAM Power : 38.0 W

Layer_W1_M1 Epoch 6/8:  87%|â–ˆâ–ˆâ–ˆâ–ˆâ–ˆâ–ˆâ–ˆâ–ˆâ–‹ | 306/351 [00:03<00:00, 79.03it/s]
Layer_W1_M1 Epoch 6/8:  89%|â–ˆâ–ˆâ–ˆâ–ˆâ–ˆâ–ˆâ–ˆâ–ˆâ–‰ | 314/351 [00:03<00:00, 79.26it/s]
Layer_W1_M1 Epoch 6/8:  92%|â–ˆâ–ˆâ–ˆâ–ˆâ–ˆâ–ˆâ–ˆâ–ˆâ–ˆâ–| 322/351 [00:04<00:00, 79.37it/s]
Layer_W1_M1 Epoch 6/8:  94%|â–ˆâ–ˆâ–ˆâ–ˆâ–ˆâ–ˆâ–ˆâ–ˆâ–ˆâ–| 330/351 [00:04<00:00, 79.49it/s]
Layer_W1_M1 Epoch 6/8:  96%|â–ˆâ–ˆâ–ˆâ–ˆâ–ˆâ–ˆâ–ˆâ–ˆâ–ˆâ–‹| 338/351 [00:04<00:00, 79.59it/s][codecarbon INFO @ 04:11:49] Delta energy consumed for CPU with cpu_load : 0.000305 kWh, power : 75.628125 W
[codecarbon INFO @ 04:11:49] Energy consumed for All CPU : 0.000610 kWh
[codecarbon INFO @ 04:11:49] Energy consumed for all GPUs : 0.000562 kWh. Total GPU Power : 67.71478222673093 W
[codecarbon INFO @ 04:11:49] 0.001489 kWh of electricity used since the beginning.

Layer_W1_M1 Epoch 6/8:  99%|â–ˆâ–ˆâ–ˆâ–ˆâ–ˆâ–ˆâ–ˆâ–ˆâ–ˆâ–Š| 346/351 [00:04<00:00, 79.58it/s]
Layer_W1_M1 Epoch 6/8:  99%|â–ˆâ–ˆâ–ˆâ–ˆâ–ˆâ–ˆâ–ˆâ–ˆâ–ˆâ–Š| 346/351 [00:04<00:00, 79.58it/s, loss=3.412058]
                                                                                       

Layer_W1_M1 Epoch 7/8:   0%|          | 0/351 [00:00<?, ?it/s]
Layer_W1_M1 Epoch 7/8:   1%|â–         | 5/351 [00:00<00:07, 44.32it/s]
Layer_W1_M1 Epoch 7/8:   4%|â–         | 14/351 [00:00<00:04, 69.50it/s]
Layer_W1_M1 Epoch 7/8:   7%|â–‹         | 23/351 [00:00<00:04, 78.46it/s]
Layer_W1_M1 Epoch 7/8:   9%|â–‰         | 32/351 [00:00<00:03, 82.66it/s]
Layer_W1_M1 Epoch 7/8:  12%|â–ˆâ–        | 41/351 [00:00<00:04, 74.18it/s]
Layer_W1_M1 Epoch 7/8:  14%|â–ˆâ–        | 50/351 [00:00<00:03, 78.90it/s]
Layer_W1_M1 Epoch 7/8:  17%|â–ˆâ–‹        | 59/351 [00:00<00:03, 81.85it/s]
Layer_W1_M1 Epoch 7/8:  19%|â–ˆâ–‰        | 68/351 [00:00<00:03, 84.13it/s]
Layer_W1_M1 Epoch 7/8:  22%|â–ˆâ–ˆâ–       | 77/351 [00:01<00:03, 76.58it/s]
Layer_W1_M1 Epoch 7/8:  25%|â–ˆâ–ˆâ–       | 86/351 [00:01<00:03, 79.18it/s]
Layer_W1_M1 Epoch 7/8:  27%|â–ˆâ–ˆâ–‹       | 95/351 [00:01<00:03, 81.92it/s]
Layer_W1_M1 Epoch 7/8:  30%|â–ˆâ–ˆâ–‰       | 104/351 [00:01<00:02, 83.90it/s]
Layer_W1_M1 Epoch 7/8:  32%|â–ˆâ–ˆâ–ˆâ–      | 113/351 [00:01<00:03, 77.65it/s]
Layer_W1_M1 Epoch 7/8:  35%|â–ˆâ–ˆâ–ˆâ–      | 122/351 [00:01<00:02, 78.97it/s]
Layer_W1_M1 Epoch 7/8:  37%|â–ˆâ–ˆâ–ˆâ–‹      | 131/351 [00:01<00:02, 81.59it/s]
Layer_W1_M1 Epoch 7/8:  40%|â–ˆâ–ˆâ–ˆâ–‰      | 140/351 [00:01<00:02, 83.53it/s]
Layer_W1_M1 Epoch 7/8:  42%|â–ˆâ–ˆâ–ˆâ–ˆâ–     | 149/351 [00:01<00:02, 78.53it/s]
Layer_W1_M1 Epoch 7/8:  45%|â–ˆâ–ˆâ–ˆâ–ˆâ–Œ     | 158/351 [00:02<00:02, 78.51it/s]
Layer_W1_M1 Epoch 7/8:  48%|â–ˆâ–ˆâ–ˆâ–ˆâ–Š     | 167/351 [00:02<00:02, 81.22it/s]
Layer_W1_M1 Epoch 7/8:  50%|â–ˆâ–ˆâ–ˆâ–ˆâ–ˆ     | 176/351 [00:02<00:02, 83.24it/s]
Layer_W1_M1 Epoch 7/8:  53%|â–ˆâ–ˆâ–ˆâ–ˆâ–ˆâ–Ž    | 185/351 [00:02<00:02, 79.33it/s]
Layer_W1_M1 Epoch 7/8:  55%|â–ˆâ–ˆâ–ˆâ–ˆâ–ˆâ–Œ    | 194/351 [00:02<00:02, 77.88it/s]
Layer_W1_M1 Epoch 7/8:  58%|â–ˆâ–ˆâ–ˆâ–ˆâ–ˆâ–Š    | 203/351 [00:02<00:01, 80.88it/s]
Layer_W1_M1 Epoch 7/8:  60%|â–ˆâ–ˆâ–ˆâ–ˆâ–ˆâ–ˆ    | 212/351 [00:02<00:01, 83.09it/s]
Layer_W1_M1 Epoch 7/8:  63%|â–ˆâ–ˆâ–ˆâ–ˆâ–ˆâ–ˆâ–Ž   | 221/351 [00:02<00:01, 80.74it/s]
Layer_W1_M1 Epoch 7/8:  66%|â–ˆâ–ˆâ–ˆâ–ˆâ–ˆâ–ˆâ–Œ   | 230/351 [00:02<00:01, 77.59it/s]
Layer_W1_M1 Epoch 7/8:  68%|â–ˆâ–ˆâ–ˆâ–ˆâ–ˆâ–ˆâ–Š   | 239/351 [00:03<00:01, 80.59it/s]
Layer_W1_M1 Epoch 7/8:  71%|â–ˆâ–ˆâ–ˆâ–ˆâ–ˆâ–ˆâ–ˆ   | 248/351 [00:03<00:01, 82.77it/s]
Layer_W1_M1 Epoch 7/8:  73%|â–ˆâ–ˆâ–ˆâ–ˆâ–ˆâ–ˆâ–ˆâ–Ž  | 257/351 [00:03<00:01, 81.92it/s]
Layer_W1_M1 Epoch 7/8:  76%|â–ˆâ–ˆâ–ˆâ–ˆâ–ˆâ–ˆâ–ˆâ–Œ  | 266/351 [00:03<00:01, 77.17it/s]
Layer_W1_M1 Epoch 7/8:  78%|â–ˆâ–ˆâ–ˆâ–ˆâ–ˆâ–ˆâ–ˆâ–Š  | 274/351 [00:03<00:00, 77.90it/s]
Layer_W1_M1 Epoch 7/8:  81%|â–ˆâ–ˆâ–ˆâ–ˆâ–ˆâ–ˆâ–ˆâ–ˆ  | 283/351 [00:03<00:00, 80.96it/s]
Layer_W1_M1 Epoch 7/8:  83%|â–ˆâ–ˆâ–ˆâ–ˆâ–ˆâ–ˆâ–ˆâ–ˆâ–Ž | 292/351 [00:03<00:00, 83.17it/s]
Layer_W1_M1 Epoch 7/8:  86%|â–ˆâ–ˆâ–ˆâ–ˆâ–ˆâ–ˆâ–ˆâ–ˆâ–Œ | 301/351 [00:03<00:00, 83.29it/s]
Layer_W1_M1 Epoch 7/8:  88%|â–ˆâ–ˆâ–ˆâ–ˆâ–ˆâ–ˆâ–ˆâ–ˆâ–Š | 310/351 [00:03<00:00, 76.88it/s]
Layer_W1_M1 Epoch 7/8:  91%|â–ˆâ–ˆâ–ˆâ–ˆâ–ˆâ–ˆâ–ˆâ–ˆâ–ˆ | 319/351 [00:03<00:00, 80.21it/s]
Layer_W1_M1 Epoch 7/8:  93%|â–ˆâ–ˆâ–ˆâ–ˆâ–ˆâ–ˆâ–ˆâ–ˆâ–ˆâ–Ž| 328/351 [00:04<00:00, 82.61it/s]
Layer_W1_M1 Epoch 7/8:  96%|â–ˆâ–ˆâ–ˆâ–ˆâ–ˆâ–ˆâ–ˆâ–ˆâ–ˆâ–Œ| 337/351 [00:04<00:00, 83.95it/s]
Layer_W1_M1 Epoch 7/8:  99%|â–ˆâ–ˆâ–ˆâ–ˆâ–ˆâ–ˆâ–ˆâ–ˆâ–ˆâ–Š| 346/351 [00:04<00:00, 76.60it/s]
Layer_W1_M1 Epoch 7/8:  99%|â–ˆâ–ˆâ–ˆâ–ˆâ–ˆâ–ˆâ–ˆâ–ˆâ–ˆâ–Š| 346/351 [00:04<00:00, 76.60it/s, loss=3.447175]
                                                                                       

Layer_W1_M1 Epoch 8/8:   0%|          | 0/351 [00:00<?, ?it/s]
Layer_W1_M1 Epoch 8/8:   1%|â–         | 5/351 [00:00<00:07, 46.68it/s]
Layer_W1_M1 Epoch 8/8:   4%|â–         | 14/351 [00:00<00:04, 69.26it/s]
Layer_W1_M1 Epoch 8/8:   6%|â–‹         | 22/351 [00:00<00:04, 73.88it/s]
Layer_W1_M1 Epoch 8/8:   9%|â–Š         | 30/351 [00:00<00:04, 75.79it/s]
Layer_W1_M1 Epoch 8/8:  11%|â–ˆ         | 38/351 [00:00<00:04, 77.17it/s]
Layer_W1_M1 Epoch 8/8:  13%|â–ˆâ–Ž        | 46/351 [00:00<00:03, 77.94it/s]
Layer_W1_M1 Epoch 8/8:  16%|â–ˆâ–Œ        | 55/351 [00:00<00:03, 81.38it/s]
Layer_W1_M1 Epoch 8/8:  18%|â–ˆâ–Š        | 64/351 [00:00<00:03, 83.47it/s]
Layer_W1_M1 Epoch 8/8:  21%|â–ˆâ–ˆ        | 73/351 [00:00<00:03, 78.53it/s]
Layer_W1_M1 Epoch 8/8:  23%|â–ˆâ–ˆâ–Ž       | 82/351 [00:01<00:03, 77.96it/s]
Layer_W1_M1 Epoch 8/8:  26%|â–ˆâ–ˆâ–Œ       | 90/351 [00:01<00:03, 78.18it/s]
Layer_W1_M1 Epoch 8/8:  28%|â–ˆâ–ˆâ–Š       | 99/351 [00:01<00:03, 81.34it/s]
Layer_W1_M1 Epoch 8/8:  31%|â–ˆâ–ˆâ–ˆ       | 108/351 [00:01<00:02, 82.94it/s]
Layer_W1_M1 Epoch 8/8:  33%|â–ˆâ–ˆâ–ˆâ–Ž      | 117/351 [00:01<00:02, 80.01it/s]
Layer_W1_M1 Epoch 8/8:  36%|â–ˆâ–ˆâ–ˆâ–Œ      | 126/351 [00:01<00:02, 77.32it/s]
Layer_W1_M1 Epoch 8/8:  38%|â–ˆâ–ˆâ–ˆâ–Š      | 134/351 [00:01<00:02, 77.91it/s]
Layer_W1_M1 Epoch 8/8:  41%|â–ˆâ–ˆâ–ˆâ–ˆ      | 143/351 [00:01<00:02, 81.13it/s]
Layer_W1_M1 Epoch 8/8:  43%|â–ˆâ–ˆâ–ˆâ–ˆâ–Ž     | 152/351 [00:01<00:02, 83.30it/s]
Layer_W1_M1 Epoch 8/8:  46%|â–ˆâ–ˆâ–ˆâ–ˆâ–Œ     | 161/351 [00:02<00:02, 81.87it/s]
Layer_W1_M1 Epoch 8/8:  48%|â–ˆâ–ˆâ–ˆâ–ˆâ–Š     | 170/351 [00:02<00:02, 77.48it/s]
Layer_W1_M1 Epoch 8/8:  51%|â–ˆâ–ˆâ–ˆâ–ˆâ–ˆ     | 179/351 [00:02<00:02, 80.50it/s]
Layer_W1_M1 Epoch 8/8:  54%|â–ˆâ–ˆâ–ˆâ–ˆâ–ˆâ–Ž    | 188/351 [00:02<00:01, 82.76it/s]
Layer_W1_M1 Epoch 8/8:  56%|â–ˆâ–ˆâ–ˆâ–ˆâ–ˆâ–Œ    | 197/351 [00:02<00:01, 82.41it/s]
Layer_W1_M1 Epoch 8/8:  59%|â–ˆâ–ˆâ–ˆâ–ˆâ–ˆâ–Š    | 206/351 [00:02<00:01, 76.98it/s]
Layer_W1_M1 Epoch 8/8:  61%|â–ˆâ–ˆâ–ˆâ–ˆâ–ˆâ–ˆâ–   | 215/351 [00:02<00:01, 80.00it/s]
Layer_W1_M1 Epoch 8/8:  64%|â–ˆâ–ˆâ–ˆâ–ˆâ–ˆâ–ˆâ–   | 224/351 [00:02<00:01, 82.43it/s]
Layer_W1_M1 Epoch 8/8:  66%|â–ˆâ–ˆâ–ˆâ–ˆâ–ˆâ–ˆâ–‹   | 233/351 [00:02<00:01, 83.24it/s]
Layer_W1_M1 Epoch 8/8:  69%|â–ˆâ–ˆâ–ˆâ–ˆâ–ˆâ–ˆâ–‰   | 242/351 [00:03<00:01, 76.97it/s]
Layer_W1_M1 Epoch 8/8:  72%|â–ˆâ–ˆâ–ˆâ–ˆâ–ˆâ–ˆâ–ˆâ–  | 251/351 [00:03<00:01, 79.81it/s]
Layer_W1_M1 Epoch 8/8:  74%|â–ˆâ–ˆâ–ˆâ–ˆâ–ˆâ–ˆâ–ˆâ–  | 260/351 [00:03<00:01, 82.24it/s]
Layer_W1_M1 Epoch 8/8:  77%|â–ˆâ–ˆâ–ˆâ–ˆâ–ˆâ–ˆâ–ˆâ–‹  | 269/351 [00:03<00:00, 83.65it/s]
Layer_W1_M1 Epoch 8/8:  79%|â–ˆâ–ˆâ–ˆâ–ˆâ–ˆâ–ˆâ–ˆâ–‰  | 278/351 [00:03<00:00, 76.48it/s]
Layer_W1_M1 Epoch 8/8:  82%|â–ˆâ–ˆâ–ˆâ–ˆâ–ˆâ–ˆâ–ˆâ–ˆâ– | 287/351 [00:03<00:00, 79.40it/s]
Layer_W1_M1 Epoch 8/8:  84%|â–ˆâ–ˆâ–ˆâ–ˆâ–ˆâ–ˆâ–ˆâ–ˆâ– | 296/351 [00:03<00:00, 81.81it/s]
Layer_W1_M1 Epoch 8/8:  87%|â–ˆâ–ˆâ–ˆâ–ˆâ–ˆâ–ˆâ–ˆâ–ˆâ–‹ | 305/351 [00:03<00:00, 83.39it/s]
Layer_W1_M1 Epoch 8/8:  89%|â–ˆâ–ˆâ–ˆâ–ˆâ–ˆâ–ˆâ–ˆâ–ˆâ–‰ | 314/351 [00:03<00:00, 76.39it/s]
Layer_W1_M1 Epoch 8/8:  92%|â–ˆâ–ˆâ–ˆâ–ˆâ–ˆâ–ˆâ–ˆâ–ˆâ–ˆâ–| 323/351 [00:04<00:00, 79.20it/s]
Layer_W1_M1 Epoch 8/8:  95%|â–ˆâ–ˆâ–ˆâ–ˆâ–ˆâ–ˆâ–ˆâ–ˆâ–ˆâ–| 332/351 [00:04<00:00, 81.94it/s]
Layer_W1_M1 Epoch 8/8:  97%|â–ˆâ–ˆâ–ˆâ–ˆâ–ˆâ–ˆâ–ˆâ–ˆâ–ˆâ–‹| 341/351 [00:04<00:00, 83.82it/s]
Layer_W1_M1 Epoch 8/8: 100%|â–ˆâ–ˆâ–ˆâ–ˆâ–ˆâ–ˆâ–ˆâ–ˆâ–ˆâ–‰| 350/351 [00:04<00:00, 76.59it/s]
Layer_W1_M1 Epoch 8/8: 100%|â–ˆâ–ˆâ–ˆâ–ˆâ–ˆâ–ˆâ–ˆâ–ˆâ–ˆâ–‰| 350/351 [00:04<00:00, 76.59it/s, loss=3.318224]
                                                                                       

Layer_W2_M2 Epoch 1/8:   0%|          | 0/351 [00:00<?, ?it/s]
Layer_W2_M2 Epoch 1/8:   1%|â–         | 5/351 [00:00<00:07, 44.04it/s]
Layer_W2_M2 Epoch 1/8:   4%|â–         | 14/351 [00:00<00:04, 69.61it/s]
Layer_W2_M2 Epoch 1/8:   7%|â–‹         | 23/351 [00:00<00:04, 78.47it/s]
Layer_W2_M2 Epoch 1/8:   9%|â–‰         | 31/351 [00:00<00:04, 79.03it/s]
Layer_W2_M2 Epoch 1/8:  11%|â–ˆ         | 39/351 [00:00<00:03, 79.09it/s]
Layer_W2_M2 Epoch 1/8:  14%|â–ˆâ–        | 49/351 [00:00<00:04, 74.86it/s]
Layer_W2_M2 Epoch 1/8:  17%|â–ˆâ–‹        | 58/351 [00:00<00:03, 79.09it/s]
Layer_W2_M2 Epoch 1/8:  19%|â–ˆâ–‰        | 67/351 [00:00<00:03, 82.03it/s]
Layer_W2_M2 Epoch 1/8:  22%|â–ˆâ–ˆâ–       | 76/351 [00:00<00:03, 83.99it/s]
Layer_W2_M2 Epoch 1/8:  24%|â–ˆâ–ˆâ–       | 85/351 [00:01<00:03, 75.98it/s]
Layer_W2_M2 Epoch 1/8:  27%|â–ˆâ–ˆâ–‹       | 94/351 [00:01<00:03, 79.49it/s]
Layer_W2_M2 Epoch 1/8:  29%|â–ˆâ–ˆâ–‰       | 103/351 [00:01<00:03, 82.17it/s]
Layer_W2_M2 Epoch 1/8:  32%|â–ˆâ–ˆâ–ˆâ–      | 112/351 [00:01<00:02, 84.24it/s]
Layer_W2_M2 Epoch 1/8:  34%|â–ˆâ–ˆâ–ˆâ–      | 121/351 [00:01<00:03, 76.48it/s]
Layer_W2_M2 Epoch 1/8:  37%|â–ˆâ–ˆâ–ˆâ–‹      | 130/351 [00:01<00:02, 79.96it/s]
Layer_W2_M2 Epoch 1/8:  40%|â–ˆâ–ˆâ–ˆâ–‰      | 139/351 [00:01<00:02, 82.57it/s]
Layer_W2_M2 Epoch 1/8:  42%|â–ˆâ–ˆâ–ˆâ–ˆâ–     | 148/351 [00:01<00:02, 84.33it/s]
Layer_W2_M2 Epoch 1/8:  45%|â–ˆâ–ˆâ–ˆâ–ˆâ–     | 157/351 [00:02<00:02, 76.33it/s]
Layer_W2_M2 Epoch 1/8:  47%|â–ˆâ–ˆâ–ˆâ–ˆâ–‹     | 166/351 [00:02<00:02, 79.69it/s]
Layer_W2_M2 Epoch 1/8:  50%|â–ˆâ–ˆâ–ˆâ–ˆâ–‰     | 175/351 [00:02<00:02, 82.34it/s]
Layer_W2_M2 Epoch 1/8:  52%|â–ˆâ–ˆâ–ˆâ–ˆâ–ˆâ–    | 184/351 [00:02<00:01, 84.28it/s]
Layer_W2_M2 Epoch 1/8:  55%|â–ˆâ–ˆâ–ˆâ–ˆâ–ˆâ–    | 193/351 [00:02<00:02, 76.44it/s]
Layer_W2_M2 Epoch 1/8:  58%|â–ˆâ–ˆâ–ˆâ–ˆâ–ˆâ–Š    | 202/351 [00:02<00:01, 79.80it/s]
Layer_W2_M2 Epoch 1/8:  60%|â–ˆâ–ˆâ–ˆâ–ˆâ–ˆâ–ˆ    | 211/351 [00:02<00:01, 82.40it/s]
Layer_W2_M2 Epoch 1/8:  63%|â–ˆâ–ˆâ–ˆâ–ˆâ–ˆâ–ˆâ–Ž   | 220/351 [00:02<00:01, 84.36it/s]
Layer_W2_M2 Epoch 1/8:  65%|â–ˆâ–ˆâ–ˆâ–ˆâ–ˆâ–ˆâ–Œ   | 229/351 [00:02<00:01, 76.31it/s]
Layer_W2_M2 Epoch 1/8:  68%|â–ˆâ–ˆâ–ˆâ–ˆâ–ˆâ–ˆâ–Š   | 238/351 [00:02<00:01, 79.74it/s]
Layer_W2_M2 Epoch 1/8:  70%|â–ˆâ–ˆâ–ˆâ–ˆâ–ˆâ–ˆâ–ˆ   | 247/351 [00:03<00:01, 82.29it/s]
Layer_W2_M2 Epoch 1/8:  73%|â–ˆâ–ˆâ–ˆâ–ˆâ–ˆâ–ˆâ–ˆâ–Ž  | 256/351 [00:03<00:01, 84.25it/s]
Layer_W2_M2 Epoch 1/8:  75%|â–ˆâ–ˆâ–ˆâ–ˆâ–ˆâ–ˆâ–ˆâ–Œ  | 265/351 [00:03<00:01, 76.24it/s]
Layer_W2_M2 Epoch 1/8:  78%|â–ˆâ–ˆâ–ˆâ–ˆâ–ˆâ–ˆâ–ˆâ–Š  | 274/351 [00:03<00:00, 79.63it/s]
Layer_W2_M2 Epoch 1/8:  81%|â–ˆâ–ˆâ–ˆâ–ˆâ–ˆâ–ˆâ–ˆâ–ˆ  | 283/351 [00:03<00:00, 82.22it/s]
Layer_W2_M2 Epoch 1/8:  83%|â–ˆâ–ˆâ–ˆâ–ˆâ–ˆâ–ˆâ–ˆâ–ˆâ–Ž | 292/351 [00:03<00:00, 84.04it/s]
Layer_W2_M2 Epoch 1/8:  86%|â–ˆâ–ˆâ–ˆâ–ˆâ–ˆâ–ˆâ–ˆâ–ˆâ–Œ | 301/351 [00:03<00:00, 76.16it/s]
Layer_W2_M2 Epoch 1/8:  88%|â–ˆâ–ˆâ–ˆâ–ˆâ–ˆâ–ˆâ–ˆâ–ˆâ–Š | 310/351 [00:03<00:00, 79.46it/s]
Layer_W2_M2 Epoch 1/8:  91%|â–ˆâ–ˆâ–ˆâ–ˆâ–ˆâ–ˆâ–ˆâ–ˆâ–ˆ | 319/351 [00:03<00:00, 82.29it/s]
Layer_W2_M2 Epoch 1/8:  93%|â–ˆâ–ˆâ–ˆâ–ˆâ–ˆâ–ˆâ–ˆâ–ˆâ–ˆâ–Ž| 328/351 [00:04<00:00, 84.31it/s]
Layer_W2_M2 Epoch 1/8:  96%|â–ˆâ–ˆâ–ˆâ–ˆâ–ˆâ–ˆâ–ˆâ–ˆâ–ˆâ–Œ| 337/351 [00:04<00:00, 75.65it/s]
Layer_W2_M2 Epoch 1/8:  99%|â–ˆâ–ˆâ–ˆâ–ˆâ–ˆâ–ˆâ–ˆâ–ˆâ–ˆâ–‰| 349/351 [00:04<00:00, 78.47it/s]
Layer_W2_M2 Epoch 1/8:  99%|â–ˆâ–ˆâ–ˆâ–ˆâ–ˆâ–ˆâ–ˆâ–ˆâ–ˆâ–‰| 349/351 [00:04<00:00, 78.47it/s, loss=3.482135]
                                                                                       

Layer_W2_M2 Epoch 2/8:   0%|          | 0/351 [00:00<?, ?it/s]
Layer_W2_M2 Epoch 2/8:   1%|â–         | 5/351 [00:00<00:08, 42.20it/s][codecarbon INFO @ 04:12:03] Energy consumed for RAM : 0.000470 kWh. RAM Power : 38.0 W

Layer_W2_M2 Epoch 2/8:   4%|â–Ž         | 13/351 [00:00<00:05, 62.82it/s]
Layer_W2_M2 Epoch 2/8:   6%|â–‹         | 22/351 [00:00<00:04, 73.56it/s]
Layer_W2_M2 Epoch 2/8:   9%|â–Š         | 30/351 [00:00<00:04, 75.87it/s]
Layer_W2_M2 Epoch 2/8:  11%|â–ˆ         | 38/351 [00:00<00:04, 77.30it/s]
Layer_W2_M2 Epoch 2/8:  13%|â–ˆâ–Ž        | 46/351 [00:00<00:03, 78.18it/s][codecarbon INFO @ 04:12:04] Delta energy consumed for CPU with cpu_load : 0.000303 kWh, power : 75.29062500000002 W
[codecarbon INFO @ 04:12:04] Energy consumed for All CPU : 0.000913 kWh
[codecarbon INFO @ 04:12:04] Energy consumed for all GPUs : 0.000843 kWh. Total GPU Power : 67.25938828893432 W
[codecarbon INFO @ 04:12:04] 0.002226 kWh of electricity used since the beginning.

Layer_W2_M2 Epoch 2/8:  15%|â–ˆâ–Œ        | 54/351 [00:00<00:03, 78.56it/s]
Layer_W2_M2 Epoch 2/8:  18%|â–ˆâ–Š        | 63/351 [00:00<00:03, 81.96it/s]
Layer_W2_M2 Epoch 2/8:  21%|â–ˆâ–ˆ        | 72/351 [00:00<00:03, 84.42it/s]
Layer_W2_M2 Epoch 2/8:  23%|â–ˆâ–ˆâ–Ž       | 81/351 [00:01<00:03, 77.59it/s]
Layer_W2_M2 Epoch 2/8:  25%|â–ˆâ–ˆâ–Œ       | 89/351 [00:01<00:03, 78.17it/s]
Layer_W2_M2 Epoch 2/8:  28%|â–ˆâ–ˆâ–Š       | 98/351 [00:01<00:03, 80.35it/s]
Layer_W2_M2 Epoch 2/8:  30%|â–ˆâ–ˆâ–ˆ       | 107/351 [00:01<00:02, 83.02it/s]
Layer_W2_M2 Epoch 2/8:  33%|â–ˆâ–ˆâ–ˆâ–Ž      | 116/351 [00:01<00:02, 84.73it/s]
Layer_W2_M2 Epoch 2/8:  36%|â–ˆâ–ˆâ–ˆâ–Œ      | 125/351 [00:01<00:02, 76.59it/s]
Layer_W2_M2 Epoch 2/8:  38%|â–ˆâ–ˆâ–ˆâ–Š      | 134/351 [00:01<00:02, 80.11it/s]
Layer_W2_M2 Epoch 2/8:  41%|â–ˆâ–ˆâ–ˆâ–ˆ      | 143/351 [00:01<00:02, 82.78it/s]
Layer_W2_M2 Epoch 2/8:  43%|â–ˆâ–ˆâ–ˆâ–ˆâ–Ž     | 152/351 [00:01<00:02, 84.40it/s]
Layer_W2_M2 Epoch 2/8:  46%|â–ˆâ–ˆâ–ˆâ–ˆâ–Œ     | 161/351 [00:02<00:02, 76.42it/s]
Layer_W2_M2 Epoch 2/8:  48%|â–ˆâ–ˆâ–ˆâ–ˆâ–Š     | 170/351 [00:02<00:02, 79.80it/s]
Layer_W2_M2 Epoch 2/8:  51%|â–ˆâ–ˆâ–ˆâ–ˆâ–ˆ     | 179/351 [00:02<00:02, 82.42it/s]
Layer_W2_M2 Epoch 2/8:  54%|â–ˆâ–ˆâ–ˆâ–ˆâ–ˆâ–Ž    | 188/351 [00:02<00:01, 84.18it/s]
Layer_W2_M2 Epoch 2/8:  56%|â–ˆâ–ˆâ–ˆâ–ˆâ–ˆâ–Œ    | 197/351 [00:02<00:02, 76.41it/s]
Layer_W2_M2 Epoch 2/8:  59%|â–ˆâ–ˆâ–ˆâ–ˆâ–ˆâ–Š    | 206/351 [00:02<00:01, 79.77it/s]
Layer_W2_M2 Epoch 2/8:  61%|â–ˆâ–ˆâ–ˆâ–ˆâ–ˆâ–ˆâ–   | 215/351 [00:02<00:01, 82.45it/s]
Layer_W2_M2 Epoch 2/8:  64%|â–ˆâ–ˆâ–ˆâ–ˆâ–ˆâ–ˆâ–   | 224/351 [00:02<00:01, 84.34it/s]
Layer_W2_M2 Epoch 2/8:  66%|â–ˆâ–ˆâ–ˆâ–ˆâ–ˆâ–ˆâ–‹   | 233/351 [00:02<00:01, 76.41it/s]
Layer_W2_M2 Epoch 2/8:  69%|â–ˆâ–ˆâ–ˆâ–ˆâ–ˆâ–ˆâ–‰   | 242/351 [00:03<00:01, 79.73it/s]
Layer_W2_M2 Epoch 2/8:  72%|â–ˆâ–ˆâ–ˆâ–ˆâ–ˆâ–ˆâ–ˆâ–  | 251/351 [00:03<00:01, 82.25it/s]
Layer_W2_M2 Epoch 2/8:  74%|â–ˆâ–ˆâ–ˆâ–ˆâ–ˆâ–ˆâ–ˆâ–  | 260/351 [00:03<00:01, 84.24it/s]
Layer_W2_M2 Epoch 2/8:  77%|â–ˆâ–ˆâ–ˆâ–ˆâ–ˆâ–ˆâ–ˆâ–‹  | 269/351 [00:03<00:01, 76.58it/s]
Layer_W2_M2 Epoch 2/8:  79%|â–ˆâ–ˆâ–ˆâ–ˆâ–ˆâ–ˆâ–ˆâ–‰  | 278/351 [00:03<00:00, 79.87it/s]
Layer_W2_M2 Epoch 2/8:  82%|â–ˆâ–ˆâ–ˆâ–ˆâ–ˆâ–ˆâ–ˆâ–ˆâ– | 287/351 [00:03<00:00, 82.38it/s]
Layer_W2_M2 Epoch 2/8:  84%|â–ˆâ–ˆâ–ˆâ–ˆâ–ˆâ–ˆâ–ˆâ–ˆâ– | 296/351 [00:03<00:00, 84.36it/s]
Layer_W2_M2 Epoch 2/8:  87%|â–ˆâ–ˆâ–ˆâ–ˆâ–ˆâ–ˆâ–ˆâ–ˆâ–‹ | 305/351 [00:03<00:00, 76.56it/s]
Layer_W2_M2 Epoch 2/8:  89%|â–ˆâ–ˆâ–ˆâ–ˆâ–ˆâ–ˆâ–ˆâ–ˆâ–‰ | 314/351 [00:03<00:00, 79.82it/s]
Layer_W2_M2 Epoch 2/8:  92%|â–ˆâ–ˆâ–ˆâ–ˆâ–ˆâ–ˆâ–ˆâ–ˆâ–ˆâ–| 323/351 [00:04<00:00, 82.33it/s]
Layer_W2_M2 Epoch 2/8:  95%|â–ˆâ–ˆâ–ˆâ–ˆâ–ˆâ–ˆâ–ˆâ–ˆâ–ˆâ–| 332/351 [00:04<00:00, 84.28it/s]
Layer_W2_M2 Epoch 2/8:  97%|â–ˆâ–ˆâ–ˆâ–ˆâ–ˆâ–ˆâ–ˆâ–ˆâ–ˆâ–‹| 341/351 [00:04<00:00, 76.33it/s]
Layer_W2_M2 Epoch 2/8: 100%|â–ˆâ–ˆâ–ˆâ–ˆâ–ˆâ–ˆâ–ˆâ–ˆâ–ˆâ–‰| 350/351 [00:04<00:00, 79.88it/s]
Layer_W2_M2 Epoch 2/8: 100%|â–ˆâ–ˆâ–ˆâ–ˆâ–ˆâ–ˆâ–ˆâ–ˆâ–ˆâ–‰| 350/351 [00:04<00:00, 79.88it/s, loss=3.121239]
                                                                                       

Layer_W2_M2 Epoch 3/8:   0%|          | 0/351 [00:00<?, ?it/s]
Layer_W2_M2 Epoch 3/8:   1%|â–         | 5/351 [00:00<00:07, 44.99it/s]
Layer_W2_M2 Epoch 3/8:   4%|â–         | 14/351 [00:00<00:04, 69.90it/s]
Layer_W2_M2 Epoch 3/8:   7%|â–‹         | 23/351 [00:00<00:04, 78.23it/s]
Layer_W2_M2 Epoch 3/8:   9%|â–‰         | 32/351 [00:00<00:03, 82.54it/s]
Layer_W2_M2 Epoch 3/8:  12%|â–ˆâ–        | 41/351 [00:00<00:04, 73.96it/s]
Layer_W2_M2 Epoch 3/8:  14%|â–ˆâ–        | 49/351 [00:00<00:03, 75.73it/s]
Layer_W2_M2 Epoch 3/8:  17%|â–ˆâ–‹        | 58/351 [00:00<00:03, 79.72it/s]
Layer_W2_M2 Epoch 3/8:  19%|â–ˆâ–‰        | 67/351 [00:00<00:03, 82.59it/s]
Layer_W2_M2 Epoch 3/8:  22%|â–ˆâ–ˆâ–       | 76/351 [00:00<00:03, 84.50it/s]
Layer_W2_M2 Epoch 3/8:  24%|â–ˆâ–ˆâ–       | 85/351 [00:01<00:03, 76.16it/s]
Layer_W2_M2 Epoch 3/8:  27%|â–ˆâ–ˆâ–‹       | 94/351 [00:01<00:03, 79.63it/s]
Layer_W2_M2 Epoch 3/8:  29%|â–ˆâ–ˆâ–‰       | 103/351 [00:01<00:03, 82.33it/s]
Layer_W2_M2 Epoch 3/8:  32%|â–ˆâ–ˆâ–ˆâ–      | 112/351 [00:01<00:02, 84.14it/s]
Layer_W2_M2 Epoch 3/8:  34%|â–ˆâ–ˆâ–ˆâ–      | 121/351 [00:01<00:03, 76.25it/s]
Layer_W2_M2 Epoch 3/8:  37%|â–ˆâ–ˆâ–ˆâ–‹      | 129/351 [00:01<00:02, 77.17it/s]
Layer_W2_M2 Epoch 3/8:  39%|â–ˆâ–ˆâ–ˆâ–‰      | 138/351 [00:01<00:02, 80.56it/s]
Layer_W2_M2 Epoch 3/8:  42%|â–ˆâ–ˆâ–ˆâ–ˆâ–     | 147/351 [00:01<00:02, 83.02it/s]
Layer_W2_M2 Epoch 3/8:  44%|â–ˆâ–ˆâ–ˆâ–ˆâ–     | 156/351 [00:01<00:02, 84.63it/s]
Layer_W2_M2 Epoch 3/8:  47%|â–ˆâ–ˆâ–ˆâ–ˆâ–‹     | 165/351 [00:02<00:02, 76.71it/s]
Layer_W2_M2 Epoch 3/8:  49%|â–ˆâ–ˆâ–ˆâ–ˆâ–‰     | 173/351 [00:02<00:02, 77.55it/s]
Layer_W2_M2 Epoch 3/8:  52%|â–ˆâ–ˆâ–ˆâ–ˆâ–ˆâ–    | 183/351 [00:02<00:02, 83.41it/s]
Layer_W2_M2 Epoch 3/8:  55%|â–ˆâ–ˆâ–ˆâ–ˆâ–ˆâ–    | 192/351 [00:02<00:01, 84.91it/s]
Layer_W2_M2 Epoch 3/8:  57%|â–ˆâ–ˆâ–ˆâ–ˆâ–ˆâ–‹    | 201/351 [00:02<00:01, 76.73it/s]
Layer_W2_M2 Epoch 3/8:  60%|â–ˆâ–ˆâ–ˆâ–ˆâ–ˆâ–‰    | 210/351 [00:02<00:01, 79.90it/s]
Layer_W2_M2 Epoch 3/8:  62%|â–ˆâ–ˆâ–ˆâ–ˆâ–ˆâ–ˆâ–   | 219/351 [00:02<00:01, 82.46it/s]
Layer_W2_M2 Epoch 3/8:  65%|â–ˆâ–ˆâ–ˆâ–ˆâ–ˆâ–ˆâ–   | 228/351 [00:02<00:01, 84.37it/s]
Layer_W2_M2 Epoch 3/8:  68%|â–ˆâ–ˆâ–ˆâ–ˆâ–ˆâ–ˆâ–Š   | 237/351 [00:02<00:01, 76.49it/s]
Layer_W2_M2 Epoch 3/8:  70%|â–ˆâ–ˆâ–ˆâ–ˆâ–ˆâ–ˆâ–ˆ   | 246/351 [00:03<00:01, 79.84it/s]
Layer_W2_M2 Epoch 3/8:  73%|â–ˆâ–ˆâ–ˆâ–ˆâ–ˆâ–ˆâ–ˆâ–Ž  | 255/351 [00:03<00:01, 82.34it/s]
Layer_W2_M2 Epoch 3/8:  75%|â–ˆâ–ˆâ–ˆâ–ˆâ–ˆâ–ˆâ–ˆâ–Œ  | 264/351 [00:03<00:01, 84.28it/s]
Layer_W2_M2 Epoch 3/8:  78%|â–ˆâ–ˆâ–ˆâ–ˆâ–ˆâ–ˆâ–ˆâ–Š  | 273/351 [00:03<00:01, 76.48it/s]
Layer_W2_M2 Epoch 3/8:  80%|â–ˆâ–ˆâ–ˆâ–ˆâ–ˆâ–ˆâ–ˆâ–ˆ  | 282/351 [00:03<00:00, 79.73it/s]
Layer_W2_M2 Epoch 3/8:  83%|â–ˆâ–ˆâ–ˆâ–ˆâ–ˆâ–ˆâ–ˆâ–ˆâ–Ž | 291/351 [00:03<00:00, 82.37it/s]
Layer_W2_M2 Epoch 3/8:  85%|â–ˆâ–ˆâ–ˆâ–ˆâ–ˆâ–ˆâ–ˆâ–ˆâ–Œ | 300/351 [00:03<00:00, 84.21it/s]
Layer_W2_M2 Epoch 3/8:  88%|â–ˆâ–ˆâ–ˆâ–ˆâ–ˆâ–ˆâ–ˆâ–ˆâ–Š | 309/351 [00:03<00:00, 76.21it/s]
Layer_W2_M2 Epoch 3/8:  91%|â–ˆâ–ˆâ–ˆâ–ˆâ–ˆâ–ˆâ–ˆâ–ˆâ–ˆ | 318/351 [00:03<00:00, 79.65it/s]
Layer_W2_M2 Epoch 3/8:  93%|â–ˆâ–ˆâ–ˆâ–ˆâ–ˆâ–ˆâ–ˆâ–ˆâ–ˆâ–Ž| 327/351 [00:04<00:00, 82.06it/s]
Layer_W2_M2 Epoch 3/8:  96%|â–ˆâ–ˆâ–ˆâ–ˆâ–ˆâ–ˆâ–ˆâ–ˆâ–ˆâ–Œ| 336/351 [00:04<00:00, 83.98it/s]
Layer_W2_M2 Epoch 3/8:  98%|â–ˆâ–ˆâ–ˆâ–ˆâ–ˆâ–ˆâ–ˆâ–ˆâ–ˆâ–Š| 345/351 [00:04<00:00, 76.04it/s]
Layer_W2_M2 Epoch 3/8:  98%|â–ˆâ–ˆâ–ˆâ–ˆâ–ˆâ–ˆâ–ˆâ–ˆâ–ˆâ–Š| 345/351 [00:04<00:00, 76.04it/s, loss=3.182047]
                                                                                       

Layer_W2_M2 Epoch 4/8:   0%|          | 0/351 [00:00<?, ?it/s]
Layer_W2_M2 Epoch 4/8:   1%|â–         | 5/351 [00:00<00:07, 44.31it/s]
Layer_W2_M2 Epoch 4/8:   4%|â–Ž         | 13/351 [00:00<00:05, 63.94it/s]
Layer_W2_M2 Epoch 4/8:   6%|â–‹         | 22/351 [00:00<00:04, 75.24it/s]
Layer_W2_M2 Epoch 4/8:   9%|â–‰         | 31/351 [00:00<00:03, 80.53it/s]
Layer_W2_M2 Epoch 4/8:  11%|â–ˆâ–        | 40/351 [00:00<00:03, 83.80it/s]
Layer_W2_M2 Epoch 4/8:  14%|â–ˆâ–        | 49/351 [00:00<00:04, 74.65it/s]
Layer_W2_M2 Epoch 4/8:  17%|â–ˆâ–‹        | 58/351 [00:00<00:03, 79.05it/s]
Layer_W2_M2 Epoch 4/8:  19%|â–ˆâ–‰        | 67/351 [00:00<00:03, 82.14it/s]
Layer_W2_M2 Epoch 4/8:  22%|â–ˆâ–ˆâ–       | 76/351 [00:00<00:03, 84.15it/s]
Layer_W2_M2 Epoch 4/8:  24%|â–ˆâ–ˆâ–       | 85/351 [00:01<00:03, 76.13it/s]
Layer_W2_M2 Epoch 4/8:  27%|â–ˆâ–ˆâ–‹       | 94/351 [00:01<00:03, 79.58it/s]
Layer_W2_M2 Epoch 4/8:  29%|â–ˆâ–ˆâ–‰       | 103/351 [00:01<00:03, 82.05it/s]
Layer_W2_M2 Epoch 4/8:  32%|â–ˆâ–ˆâ–ˆâ–      | 112/351 [00:01<00:02, 84.05it/s]
Layer_W2_M2 Epoch 4/8:  34%|â–ˆâ–ˆâ–ˆâ–      | 121/351 [00:01<00:03, 76.18it/s]
Layer_W2_M2 Epoch 4/8:  37%|â–ˆâ–ˆâ–ˆâ–‹      | 130/351 [00:01<00:02, 79.63it/s]
Layer_W2_M2 Epoch 4/8:  40%|â–ˆâ–ˆâ–ˆâ–‰      | 139/351 [00:01<00:02, 82.18it/s]
Layer_W2_M2 Epoch 4/8:  42%|â–ˆâ–ˆâ–ˆâ–ˆâ–     | 149/351 [00:01<00:02, 77.68it/s]
Layer_W2_M2 Epoch 4/8:  45%|â–ˆâ–ˆâ–ˆâ–ˆâ–Œ     | 158/351 [00:02<00:02, 80.78it/s]
Layer_W2_M2 Epoch 4/8:  48%|â–ˆâ–ˆâ–ˆâ–ˆâ–Š     | 167/351 [00:02<00:02, 83.03it/s]
Layer_W2_M2 Epoch 4/8:  50%|â–ˆâ–ˆâ–ˆâ–ˆâ–ˆ     | 177/351 [00:02<00:02, 78.45it/s]
Layer_W2_M2 Epoch 4/8:  53%|â–ˆâ–ˆâ–ˆâ–ˆâ–ˆâ–Ž    | 186/351 [00:02<00:02, 80.69it/s]
Layer_W2_M2 Epoch 4/8:  56%|â–ˆâ–ˆâ–ˆâ–ˆâ–ˆâ–Œ    | 195/351 [00:02<00:01, 83.04it/s]
Layer_W2_M2 Epoch 4/8:  58%|â–ˆâ–ˆâ–ˆâ–ˆâ–ˆâ–Š    | 204/351 [00:02<00:01, 84.54it/s]
Layer_W2_M2 Epoch 4/8:  61%|â–ˆâ–ˆâ–ˆâ–ˆâ–ˆâ–ˆ    | 213/351 [00:02<00:01, 77.69it/s]
Layer_W2_M2 Epoch 4/8:  63%|â–ˆâ–ˆâ–ˆâ–ˆâ–ˆâ–ˆâ–Ž   | 222/351 [00:02<00:01, 79.72it/s]
Layer_W2_M2 Epoch 4/8:  66%|â–ˆâ–ˆâ–ˆâ–ˆâ–ˆâ–ˆâ–Œ   | 231/351 [00:02<00:01, 81.93it/s]
Layer_W2_M2 Epoch 4/8:  68%|â–ˆâ–ˆâ–ˆâ–ˆâ–ˆâ–ˆâ–Š   | 240/351 [00:02<00:01, 83.82it/s]
Layer_W2_M2 Epoch 4/8:  71%|â–ˆâ–ˆâ–ˆâ–ˆâ–ˆâ–ˆâ–ˆ   | 249/351 [00:03<00:01, 77.93it/s]
Layer_W2_M2 Epoch 4/8:  74%|â–ˆâ–ˆâ–ˆâ–ˆâ–ˆâ–ˆâ–ˆâ–Ž  | 258/351 [00:03<00:01, 79.20it/s]
Layer_W2_M2 Epoch 4/8:  76%|â–ˆâ–ˆâ–ˆâ–ˆâ–ˆâ–ˆâ–ˆâ–Œ  | 267/351 [00:03<00:01, 81.80it/s]
Layer_W2_M2 Epoch 4/8:  79%|â–ˆâ–ˆâ–ˆâ–ˆâ–ˆâ–ˆâ–ˆâ–Š  | 276/351 [00:03<00:00, 83.94it/s]
Layer_W2_M2 Epoch 4/8:  81%|â–ˆâ–ˆâ–ˆâ–ˆâ–ˆâ–ˆâ–ˆâ–ˆ  | 285/351 [00:03<00:00, 78.26it/s]
Layer_W2_M2 Epoch 4/8:  84%|â–ˆâ–ˆâ–ˆâ–ˆâ–ˆâ–ˆâ–ˆâ–ˆâ– | 294/351 [00:03<00:00, 78.89it/s]
Layer_W2_M2 Epoch 4/8:  86%|â–ˆâ–ˆâ–ˆâ–ˆâ–ˆâ–ˆâ–ˆâ–ˆâ–‹ | 303/351 [00:03<00:00, 81.68it/s]
Layer_W2_M2 Epoch 4/8:  89%|â–ˆâ–ˆâ–ˆâ–ˆâ–ˆâ–ˆâ–ˆâ–ˆâ–‰ | 312/351 [00:03<00:00, 83.80it/s]
Layer_W2_M2 Epoch 4/8:  91%|â–ˆâ–ˆâ–ˆâ–ˆâ–ˆâ–ˆâ–ˆâ–ˆâ–ˆâ–| 321/351 [00:04<00:00, 78.91it/s]
Layer_W2_M2 Epoch 4/8:  94%|â–ˆâ–ˆâ–ˆâ–ˆâ–ˆâ–ˆâ–ˆâ–ˆâ–ˆâ–| 330/351 [00:04<00:00, 78.72it/s]
Layer_W2_M2 Epoch 4/8:  97%|â–ˆâ–ˆâ–ˆâ–ˆâ–ˆâ–ˆâ–ˆâ–ˆâ–ˆâ–‹| 339/351 [00:04<00:00, 81.65it/s]
Layer_W2_M2 Epoch 4/8:  99%|â–ˆâ–ˆâ–ˆâ–ˆâ–ˆâ–ˆâ–ˆâ–ˆâ–ˆâ–‰| 348/351 [00:04<00:00, 82.20it/s]
Layer_W2_M2 Epoch 4/8:  99%|â–ˆâ–ˆâ–ˆâ–ˆâ–ˆâ–ˆâ–ˆâ–ˆâ–ˆâ–‰| 348/351 [00:04<00:00, 82.20it/s, loss=3.156800]
                                                                                       

Layer_W2_M2 Epoch 5/8:   0%|          | 0/351 [00:00<?, ?it/s]
Layer_W2_M2 Epoch 5/8:   1%|â–         | 5/351 [00:00<00:08, 42.23it/s]
Layer_W2_M2 Epoch 5/8:   4%|â–         | 14/351 [00:00<00:04, 68.07it/s]
Layer_W2_M2 Epoch 5/8:   7%|â–‹         | 23/351 [00:00<00:04, 77.29it/s]
Layer_W2_M2 Epoch 5/8:   9%|â–‰         | 32/351 [00:00<00:03, 81.73it/s]
Layer_W2_M2 Epoch 5/8:  12%|â–ˆâ–        | 41/351 [00:00<00:04, 73.17it/s]
Layer_W2_M2 Epoch 5/8:  14%|â–ˆâ–        | 50/351 [00:00<00:03, 77.97it/s]
Layer_W2_M2 Epoch 5/8:  17%|â–ˆâ–‹        | 60/351 [00:00<00:03, 84.31it/s]
Layer_W2_M2 Epoch 5/8:  20%|â–ˆâ–‰        | 69/351 [00:00<00:03, 76.24it/s]
Layer_W2_M2 Epoch 5/8:  22%|â–ˆâ–ˆâ–       | 78/351 [00:01<00:03, 79.95it/s]
Layer_W2_M2 Epoch 5/8:  25%|â–ˆâ–ˆâ–       | 87/351 [00:01<00:03, 82.77it/s]
Layer_W2_M2 Epoch 5/8:  27%|â–ˆâ–ˆâ–‹       | 96/351 [00:01<00:03, 84.60it/s][codecarbon INFO @ 04:12:18] Energy consumed for RAM : 0.000623 kWh. RAM Power : 38.0 W

Layer_W2_M2 Epoch 5/8:  30%|â–ˆâ–ˆâ–‰       | 105/351 [00:01<00:03, 76.65it/s]
Layer_W2_M2 Epoch 5/8:  32%|â–ˆâ–ˆâ–ˆâ–      | 114/351 [00:01<00:02, 80.24it/s]
Layer_W2_M2 Epoch 5/8:  35%|â–ˆâ–ˆâ–ˆâ–Œ      | 123/351 [00:01<00:02, 82.68it/s]
Layer_W2_M2 Epoch 5/8:  38%|â–ˆâ–ˆâ–ˆâ–Š      | 132/351 [00:01<00:02, 84.02it/s]
Layer_W2_M2 Epoch 5/8:  40%|â–ˆâ–ˆâ–ˆâ–ˆ      | 141/351 [00:01<00:02, 77.03it/s][codecarbon INFO @ 04:12:19] Delta energy consumed for CPU with cpu_load : 0.000303 kWh, power : 75.26250000000002 W
[codecarbon INFO @ 04:12:19] Energy consumed for All CPU : 0.001216 kWh
[codecarbon INFO @ 04:12:19] Energy consumed for all GPUs : 0.001115 kWh. Total GPU Power : 65.49432171160436 W
[codecarbon INFO @ 04:12:19] 0.002955 kWh of electricity used since the beginning.

Layer_W2_M2 Epoch 5/8:  43%|â–ˆâ–ˆâ–ˆâ–ˆâ–Ž     | 150/351 [00:01<00:02, 80.30it/s]
Layer_W2_M2 Epoch 5/8:  45%|â–ˆâ–ˆâ–ˆâ–ˆâ–Œ     | 159/351 [00:02<00:02, 82.72it/s]
Layer_W2_M2 Epoch 5/8:  48%|â–ˆâ–ˆâ–ˆâ–ˆâ–Š     | 168/351 [00:02<00:02, 83.22it/s]
Layer_W2_M2 Epoch 5/8:  50%|â–ˆâ–ˆâ–ˆâ–ˆâ–ˆ     | 177/351 [00:02<00:02, 77.19it/s]
Layer_W2_M2 Epoch 5/8:  53%|â–ˆâ–ˆâ–ˆâ–ˆâ–ˆâ–Ž    | 186/351 [00:02<00:02, 80.63it/s]
Layer_W2_M2 Epoch 5/8:  56%|â–ˆâ–ˆâ–ˆâ–ˆâ–ˆâ–Œ    | 195/351 [00:02<00:01, 81.98it/s]
Layer_W2_M2 Epoch 5/8:  58%|â–ˆâ–ˆâ–ˆâ–ˆâ–ˆâ–Š    | 204/351 [00:02<00:01, 82.79it/s]
Layer_W2_M2 Epoch 5/8:  61%|â–ˆâ–ˆâ–ˆâ–ˆâ–ˆâ–ˆ    | 213/351 [00:02<00:01, 77.98it/s]
Layer_W2_M2 Epoch 5/8:  63%|â–ˆâ–ˆâ–ˆâ–ˆâ–ˆâ–ˆâ–Ž   | 222/351 [00:02<00:01, 81.20it/s]
Layer_W2_M2 Epoch 5/8:  66%|â–ˆâ–ˆâ–ˆâ–ˆâ–ˆâ–ˆâ–Œ   | 231/351 [00:02<00:01, 81.30it/s]
Layer_W2_M2 Epoch 5/8:  68%|â–ˆâ–ˆâ–ˆâ–ˆâ–ˆâ–ˆâ–Š   | 240/351 [00:03<00:01, 82.47it/s]
Layer_W2_M2 Epoch 5/8:  71%|â–ˆâ–ˆâ–ˆâ–ˆâ–ˆâ–ˆâ–ˆ   | 249/351 [00:03<00:01, 78.67it/s]
Layer_W2_M2 Epoch 5/8:  74%|â–ˆâ–ˆâ–ˆâ–ˆâ–ˆâ–ˆâ–ˆâ–Ž  | 258/351 [00:03<00:01, 81.68it/s]
Layer_W2_M2 Epoch 5/8:  76%|â–ˆâ–ˆâ–ˆâ–ˆâ–ˆâ–ˆâ–ˆâ–Œ  | 267/351 [00:03<00:01, 80.72it/s]
Layer_W2_M2 Epoch 5/8:  79%|â–ˆâ–ˆâ–ˆâ–ˆâ–ˆâ–ˆâ–ˆâ–Š  | 276/351 [00:03<00:00, 81.89it/s]
Layer_W2_M2 Epoch 5/8:  81%|â–ˆâ–ˆâ–ˆâ–ˆâ–ˆâ–ˆâ–ˆâ–ˆ  | 285/351 [00:03<00:00, 79.19it/s]
Layer_W2_M2 Epoch 5/8:  84%|â–ˆâ–ˆâ–ˆâ–ˆâ–ˆâ–ˆâ–ˆâ–ˆâ– | 295/351 [00:03<00:00, 80.52it/s]
Layer_W2_M2 Epoch 5/8:  87%|â–ˆâ–ˆâ–ˆâ–ˆâ–ˆâ–ˆâ–ˆâ–ˆâ–‹ | 304/351 [00:03<00:00, 81.82it/s]
Layer_W2_M2 Epoch 5/8:  89%|â–ˆâ–ˆâ–ˆâ–ˆâ–ˆâ–ˆâ–ˆâ–ˆâ–‰ | 313/351 [00:03<00:00, 79.91it/s]
Layer_W2_M2 Epoch 5/8:  92%|â–ˆâ–ˆâ–ˆâ–ˆâ–ˆâ–ˆâ–ˆâ–ˆâ–ˆâ–| 322/351 [00:04<00:00, 82.62it/s]
Layer_W2_M2 Epoch 5/8:  94%|â–ˆâ–ˆâ–ˆâ–ˆâ–ˆâ–ˆâ–ˆâ–ˆâ–ˆâ–| 331/351 [00:04<00:00, 79.45it/s]
Layer_W2_M2 Epoch 5/8:  97%|â–ˆâ–ˆâ–ˆâ–ˆâ–ˆâ–ˆâ–ˆâ–ˆâ–ˆâ–‹| 340/351 [00:04<00:00, 81.07it/s]
Layer_W2_M2 Epoch 5/8:  99%|â–ˆâ–ˆâ–ˆâ–ˆâ–ˆâ–ˆâ–ˆâ–ˆâ–ˆâ–‰| 349/351 [00:04<00:00, 80.16it/s]
Layer_W2_M2 Epoch 5/8:  99%|â–ˆâ–ˆâ–ˆâ–ˆâ–ˆâ–ˆâ–ˆâ–ˆâ–ˆâ–‰| 349/351 [00:04<00:00, 80.16it/s, loss=2.877945]
                                                                                       

Layer_W2_M2 Epoch 6/8:   0%|          | 0/351 [00:00<?, ?it/s]
Layer_W2_M2 Epoch 6/8:   1%|â–         | 5/351 [00:00<00:07, 44.31it/s]
Layer_W2_M2 Epoch 6/8:   4%|â–         | 14/351 [00:00<00:04, 69.72it/s]
Layer_W2_M2 Epoch 6/8:   7%|â–‹         | 23/351 [00:00<00:04, 78.30it/s]
Layer_W2_M2 Epoch 6/8:   9%|â–‰         | 32/351 [00:00<00:03, 82.39it/s]
Layer_W2_M2 Epoch 6/8:  12%|â–ˆâ–        | 41/351 [00:00<00:04, 73.59it/s]
Layer_W2_M2 Epoch 6/8:  14%|â–ˆâ–        | 49/351 [00:00<00:04, 75.08it/s]
Layer_W2_M2 Epoch 6/8:  17%|â–ˆâ–‹        | 58/351 [00:00<00:03, 79.58it/s]
Layer_W2_M2 Epoch 6/8:  19%|â–ˆâ–‰        | 67/351 [00:00<00:03, 82.59it/s]
Layer_W2_M2 Epoch 6/8:  22%|â–ˆâ–ˆâ–       | 76/351 [00:00<00:03, 84.52it/s]
Layer_W2_M2 Epoch 6/8:  24%|â–ˆâ–ˆâ–       | 85/351 [00:01<00:03, 76.24it/s]
Layer_W2_M2 Epoch 6/8:  27%|â–ˆâ–ˆâ–‹       | 94/351 [00:01<00:03, 79.77it/s]
Layer_W2_M2 Epoch 6/8:  29%|â–ˆâ–ˆâ–‰       | 103/351 [00:01<00:03, 82.30it/s]
Layer_W2_M2 Epoch 6/8:  32%|â–ˆâ–ˆâ–ˆâ–      | 112/351 [00:01<00:02, 84.12it/s]
Layer_W2_M2 Epoch 6/8:  34%|â–ˆâ–ˆâ–ˆâ–      | 121/351 [00:01<00:03, 76.23it/s]
Layer_W2_M2 Epoch 6/8:  37%|â–ˆâ–ˆâ–ˆâ–‹      | 130/351 [00:01<00:02, 79.56it/s]
Layer_W2_M2 Epoch 6/8:  40%|â–ˆâ–ˆâ–ˆâ–‰      | 139/351 [00:01<00:02, 81.99it/s]
Layer_W2_M2 Epoch 6/8:  42%|â–ˆâ–ˆâ–ˆâ–ˆâ–     | 148/351 [00:01<00:02, 84.06it/s]
Layer_W2_M2 Epoch 6/8:  45%|â–ˆâ–ˆâ–ˆâ–ˆâ–     | 157/351 [00:02<00:02, 76.34it/s]
Layer_W2_M2 Epoch 6/8:  47%|â–ˆâ–ˆâ–ˆâ–ˆâ–‹     | 166/351 [00:02<00:02, 79.76it/s]
Layer_W2_M2 Epoch 6/8:  50%|â–ˆâ–ˆâ–ˆâ–ˆâ–‰     | 175/351 [00:02<00:02, 81.94it/s]
Layer_W2_M2 Epoch 6/8:  52%|â–ˆâ–ˆâ–ˆâ–ˆâ–ˆâ–    | 184/351 [00:02<00:01, 84.10it/s]
Layer_W2_M2 Epoch 6/8:  55%|â–ˆâ–ˆâ–ˆâ–ˆâ–ˆâ–    | 193/351 [00:02<00:02, 76.40it/s]
Layer_W2_M2 Epoch 6/8:  58%|â–ˆâ–ˆâ–ˆâ–ˆâ–ˆâ–Š    | 202/351 [00:02<00:01, 79.75it/s]
Layer_W2_M2 Epoch 6/8:  60%|â–ˆâ–ˆâ–ˆâ–ˆâ–ˆâ–ˆ    | 211/351 [00:02<00:01, 82.05it/s]
Layer_W2_M2 Epoch 6/8:  63%|â–ˆâ–ˆâ–ˆâ–ˆâ–ˆâ–ˆâ–Ž   | 220/351 [00:02<00:01, 84.00it/s]
Layer_W2_M2 Epoch 6/8:  65%|â–ˆâ–ˆâ–ˆâ–ˆâ–ˆâ–ˆâ–Œ   | 229/351 [00:02<00:01, 76.40it/s]
Layer_W2_M2 Epoch 6/8:  68%|â–ˆâ–ˆâ–ˆâ–ˆâ–ˆâ–ˆâ–Š   | 237/351 [00:02<00:01, 77.33it/s]
Layer_W2_M2 Epoch 6/8:  70%|â–ˆâ–ˆâ–ˆâ–ˆâ–ˆâ–ˆâ–ˆ   | 246/351 [00:03<00:01, 80.50it/s]
Layer_W2_M2 Epoch 6/8:  73%|â–ˆâ–ˆâ–ˆâ–ˆâ–ˆâ–ˆâ–ˆâ–Ž  | 255/351 [00:03<00:01, 82.40it/s]
Layer_W2_M2 Epoch 6/8:  75%|â–ˆâ–ˆâ–ˆâ–ˆâ–ˆâ–ˆâ–ˆâ–Œ  | 264/351 [00:03<00:01, 84.05it/s]
Layer_W2_M2 Epoch 6/8:  78%|â–ˆâ–ˆâ–ˆâ–ˆâ–ˆâ–ˆâ–ˆâ–Š  | 273/351 [00:03<00:01, 76.36it/s]
Layer_W2_M2 Epoch 6/8:  80%|â–ˆâ–ˆâ–ˆâ–ˆâ–ˆâ–ˆâ–ˆâ–ˆ  | 282/351 [00:03<00:00, 79.69it/s]
Layer_W2_M2 Epoch 6/8:  83%|â–ˆâ–ˆâ–ˆâ–ˆâ–ˆâ–ˆâ–ˆâ–ˆâ–Ž | 291/351 [00:03<00:00, 81.78it/s]
Layer_W2_M2 Epoch 6/8:  85%|â–ˆâ–ˆâ–ˆâ–ˆâ–ˆâ–ˆâ–ˆâ–ˆâ–Œ | 300/351 [00:03<00:00, 83.66it/s]
Layer_W2_M2 Epoch 6/8:  88%|â–ˆâ–ˆâ–ˆâ–ˆâ–ˆâ–ˆâ–ˆâ–ˆâ–Š | 309/351 [00:03<00:00, 76.49it/s]
Layer_W2_M2 Epoch 6/8:  91%|â–ˆâ–ˆâ–ˆâ–ˆâ–ˆâ–ˆâ–ˆâ–ˆâ–ˆ | 318/351 [00:03<00:00, 79.87it/s]
Layer_W2_M2 Epoch 6/8:  93%|â–ˆâ–ˆâ–ˆâ–ˆâ–ˆâ–ˆâ–ˆâ–ˆâ–ˆâ–Ž| 327/351 [00:04<00:00, 81.20it/s]
Layer_W2_M2 Epoch 6/8:  96%|â–ˆâ–ˆâ–ˆâ–ˆâ–ˆâ–ˆâ–ˆâ–ˆâ–ˆâ–Œ| 336/351 [00:04<00:00, 83.32it/s]
Layer_W2_M2 Epoch 6/8:  98%|â–ˆâ–ˆâ–ˆâ–ˆâ–ˆâ–ˆâ–ˆâ–ˆâ–ˆâ–Š| 345/351 [00:04<00:00, 76.83it/s]
Layer_W2_M2 Epoch 6/8:  98%|â–ˆâ–ˆâ–ˆâ–ˆâ–ˆâ–ˆâ–ˆâ–ˆâ–ˆâ–Š| 345/351 [00:04<00:00, 76.83it/s, loss=2.621110]
                                                                                       

Layer_W2_M2 Epoch 7/8:   0%|          | 0/351 [00:00<?, ?it/s]
Layer_W2_M2 Epoch 7/8:   1%|â–         | 5/351 [00:00<00:07, 44.84it/s]
Layer_W2_M2 Epoch 7/8:   4%|â–         | 14/351 [00:00<00:04, 69.82it/s]
Layer_W2_M2 Epoch 7/8:   7%|â–‹         | 23/351 [00:00<00:04, 78.59it/s]
Layer_W2_M2 Epoch 7/8:   9%|â–‰         | 32/351 [00:00<00:03, 82.54it/s]
Layer_W2_M2 Epoch 7/8:  12%|â–ˆâ–        | 41/351 [00:00<00:04, 74.40it/s]
Layer_W2_M2 Epoch 7/8:  14%|â–ˆâ–        | 50/351 [00:00<00:03, 79.01it/s]
Layer_W2_M2 Epoch 7/8:  17%|â–ˆâ–‹        | 59/351 [00:00<00:03, 80.80it/s]
Layer_W2_M2 Epoch 7/8:  19%|â–ˆâ–‰        | 68/351 [00:00<00:03, 83.09it/s]
Layer_W2_M2 Epoch 7/8:  22%|â–ˆâ–ˆâ–       | 77/351 [00:00<00:03, 77.35it/s]
Layer_W2_M2 Epoch 7/8:  25%|â–ˆâ–ˆâ–       | 86/351 [00:01<00:03, 80.60it/s]
Layer_W2_M2 Epoch 7/8:  27%|â–ˆâ–ˆâ–‹       | 95/351 [00:01<00:03, 80.34it/s]
Layer_W2_M2 Epoch 7/8:  30%|â–ˆâ–ˆâ–‰       | 104/351 [00:01<00:02, 82.74it/s]
Layer_W2_M2 Epoch 7/8:  32%|â–ˆâ–ˆâ–ˆâ–      | 113/351 [00:01<00:03, 78.66it/s]
Layer_W2_M2 Epoch 7/8:  35%|â–ˆâ–ˆâ–ˆâ–      | 122/351 [00:01<00:02, 81.17it/s]
Layer_W2_M2 Epoch 7/8:  37%|â–ˆâ–ˆâ–ˆâ–‹      | 131/351 [00:01<00:02, 79.81it/s]
Layer_W2_M2 Epoch 7/8:  40%|â–ˆâ–ˆâ–ˆâ–‰      | 140/351 [00:01<00:02, 82.39it/s]
Layer_W2_M2 Epoch 7/8:  42%|â–ˆâ–ˆâ–ˆâ–ˆâ–     | 149/351 [00:01<00:02, 79.28it/s]
Layer_W2_M2 Epoch 7/8:  45%|â–ˆâ–ˆâ–ˆâ–ˆâ–Œ     | 158/351 [00:01<00:02, 81.37it/s]
Layer_W2_M2 Epoch 7/8:  48%|â–ˆâ–ˆâ–ˆâ–ˆâ–Š     | 167/351 [00:02<00:02, 79.57it/s]
Layer_W2_M2 Epoch 7/8:  50%|â–ˆâ–ˆâ–ˆâ–ˆâ–ˆ     | 176/351 [00:02<00:02, 82.07it/s]
Layer_W2_M2 Epoch 7/8:  53%|â–ˆâ–ˆâ–ˆâ–ˆâ–ˆâ–Ž    | 185/351 [00:02<00:02, 79.76it/s]
Layer_W2_M2 Epoch 7/8:  55%|â–ˆâ–ˆâ–ˆâ–ˆâ–ˆâ–Œ    | 194/351 [00:02<00:01, 81.45it/s]
Layer_W2_M2 Epoch 7/8:  58%|â–ˆâ–ˆâ–ˆâ–ˆâ–ˆâ–Š    | 203/351 [00:02<00:01, 79.04it/s]
Layer_W2_M2 Epoch 7/8:  60%|â–ˆâ–ˆâ–ˆâ–ˆâ–ˆâ–ˆ    | 212/351 [00:02<00:01, 81.70it/s]
Layer_W2_M2 Epoch 7/8:  63%|â–ˆâ–ˆâ–ˆâ–ˆâ–ˆâ–ˆâ–Ž   | 221/351 [00:02<00:01, 80.51it/s]
Layer_W2_M2 Epoch 7/8:  66%|â–ˆâ–ˆâ–ˆâ–ˆâ–ˆâ–ˆâ–Œ   | 230/351 [00:02<00:01, 81.68it/s]
Layer_W2_M2 Epoch 7/8:  68%|â–ˆâ–ˆâ–ˆâ–ˆâ–ˆâ–ˆâ–Š   | 239/351 [00:03<00:01, 78.25it/s]
Layer_W2_M2 Epoch 7/8:  71%|â–ˆâ–ˆâ–ˆâ–ˆâ–ˆâ–ˆâ–ˆ   | 248/351 [00:03<00:01, 81.06it/s]
Layer_W2_M2 Epoch 7/8:  73%|â–ˆâ–ˆâ–ˆâ–ˆâ–ˆâ–ˆâ–ˆâ–Ž  | 257/351 [00:03<00:01, 81.41it/s]
Layer_W2_M2 Epoch 7/8:  76%|â–ˆâ–ˆâ–ˆâ–ˆâ–ˆâ–ˆâ–ˆâ–Œ  | 266/351 [00:03<00:01, 81.76it/s]
Layer_W2_M2 Epoch 7/8:  78%|â–ˆâ–ˆâ–ˆâ–ˆâ–ˆâ–ˆâ–ˆâ–Š  | 275/351 [00:03<00:00, 77.74it/s]
Layer_W2_M2 Epoch 7/8:  81%|â–ˆâ–ˆâ–ˆâ–ˆâ–ˆâ–ˆâ–ˆâ–ˆ  | 284/351 [00:03<00:00, 80.76it/s]
Layer_W2_M2 Epoch 7/8:  83%|â–ˆâ–ˆâ–ˆâ–ˆâ–ˆâ–ˆâ–ˆâ–ˆâ–Ž | 293/351 [00:03<00:00, 82.31it/s]
Layer_W2_M2 Epoch 7/8:  86%|â–ˆâ–ˆâ–ˆâ–ˆâ–ˆâ–ˆâ–ˆâ–ˆâ–Œ | 302/351 [00:03<00:00, 82.11it/s]
Layer_W2_M2 Epoch 7/8:  89%|â–ˆâ–ˆâ–ˆâ–ˆâ–ˆâ–ˆâ–ˆâ–ˆâ–Š | 311/351 [00:03<00:00, 77.48it/s]
Layer_W2_M2 Epoch 7/8:  91%|â–ˆâ–ˆâ–ˆâ–ˆâ–ˆâ–ˆâ–ˆâ–ˆâ–ˆ | 320/351 [00:04<00:00, 80.75it/s]
Layer_W2_M2 Epoch 7/8:  94%|â–ˆâ–ˆâ–ˆâ–ˆâ–ˆâ–ˆâ–ˆâ–ˆâ–ˆâ–Ž| 329/351 [00:04<00:00, 82.25it/s]
Layer_W2_M2 Epoch 7/8:  96%|â–ˆâ–ˆâ–ˆâ–ˆâ–ˆâ–ˆâ–ˆâ–ˆâ–ˆâ–‹| 338/351 [00:04<00:00, 82.11it/s]
Layer_W2_M2 Epoch 7/8:  99%|â–ˆâ–ˆâ–ˆâ–ˆâ–ˆâ–ˆâ–ˆâ–ˆâ–ˆâ–‰| 347/351 [00:04<00:00, 77.15it/s]
Layer_W2_M2 Epoch 7/8:  99%|â–ˆâ–ˆâ–ˆâ–ˆâ–ˆâ–ˆâ–ˆâ–ˆâ–ˆâ–‰| 347/351 [00:04<00:00, 77.15it/s, loss=2.717016]
                                                                                       

Layer_W2_M2 Epoch 8/8:   0%|          | 0/351 [00:00<?, ?it/s]
Layer_W2_M2 Epoch 8/8:   1%|â–         | 5/351 [00:00<00:07, 44.28it/s]
Layer_W2_M2 Epoch 8/8:   4%|â–Ž         | 13/351 [00:00<00:05, 64.14it/s]
Layer_W2_M2 Epoch 8/8:   6%|â–‹         | 22/351 [00:00<00:04, 75.10it/s]
Layer_W2_M2 Epoch 8/8:   9%|â–‰         | 31/351 [00:00<00:03, 80.37it/s]
Layer_W2_M2 Epoch 8/8:  11%|â–ˆâ–        | 40/351 [00:00<00:03, 82.99it/s]
Layer_W2_M2 Epoch 8/8:  14%|â–ˆâ–        | 49/351 [00:00<00:04, 74.70it/s]
Layer_W2_M2 Epoch 8/8:  17%|â–ˆâ–‹        | 58/351 [00:00<00:03, 79.12it/s]
Layer_W2_M2 Epoch 8/8:  19%|â–ˆâ–‰        | 67/351 [00:00<00:03, 82.24it/s]
Layer_W2_M2 Epoch 8/8:  22%|â–ˆâ–ˆâ–       | 76/351 [00:00<00:03, 84.36it/s]
Layer_W2_M2 Epoch 8/8:  24%|â–ˆâ–ˆâ–       | 85/351 [00:01<00:03, 76.20it/s]
Layer_W2_M2 Epoch 8/8:  27%|â–ˆâ–ˆâ–‹       | 94/351 [00:01<00:03, 79.78it/s]
Layer_W2_M2 Epoch 8/8:  29%|â–ˆâ–ˆâ–‰       | 103/351 [00:01<00:03, 82.43it/s]
Layer_W2_M2 Epoch 8/8:  32%|â–ˆâ–ˆâ–ˆâ–      | 112/351 [00:01<00:02, 84.45it/s]
Layer_W2_M2 Epoch 8/8:  34%|â–ˆâ–ˆâ–ˆâ–      | 121/351 [00:01<00:03, 76.44it/s]
Layer_W2_M2 Epoch 8/8:  37%|â–ˆâ–ˆâ–ˆâ–‹      | 130/351 [00:01<00:02, 79.76it/s]
Layer_W2_M2 Epoch 8/8:  40%|â–ˆâ–ˆâ–ˆâ–‰      | 139/351 [00:01<00:02, 82.41it/s]
Layer_W2_M2 Epoch 8/8:  42%|â–ˆâ–ˆâ–ˆâ–ˆâ–     | 148/351 [00:01<00:02, 84.30it/s]
Layer_W2_M2 Epoch 8/8:  45%|â–ˆâ–ˆâ–ˆâ–ˆâ–     | 157/351 [00:01<00:02, 76.36it/s]
Layer_W2_M2 Epoch 8/8:  47%|â–ˆâ–ˆâ–ˆâ–ˆâ–‹     | 166/351 [00:02<00:02, 79.96it/s]
Layer_W2_M2 Epoch 8/8:  50%|â–ˆâ–ˆâ–ˆâ–ˆâ–‰     | 175/351 [00:02<00:02, 82.43it/s]
Layer_W2_M2 Epoch 8/8:  52%|â–ˆâ–ˆâ–ˆâ–ˆâ–ˆâ–    | 184/351 [00:02<00:01, 84.31it/s][codecarbon INFO @ 04:12:33] Energy consumed for RAM : 0.000776 kWh. RAM Power : 38.0 W

Layer_W2_M2 Epoch 8/8:  55%|â–ˆâ–ˆâ–ˆâ–ˆâ–ˆâ–    | 193/351 [00:02<00:02, 76.63it/s]
Layer_W2_M2 Epoch 8/8:  58%|â–ˆâ–ˆâ–ˆâ–ˆâ–ˆâ–Š    | 202/351 [00:02<00:01, 79.99it/s]
Layer_W2_M2 Epoch 8/8:  60%|â–ˆâ–ˆâ–ˆâ–ˆâ–ˆâ–ˆ    | 211/351 [00:02<00:01, 82.50it/s]
Layer_W2_M2 Epoch 8/8:  63%|â–ˆâ–ˆâ–ˆâ–ˆâ–ˆâ–ˆâ–Ž   | 220/351 [00:02<00:01, 84.36it/s]
Layer_W2_M2 Epoch 8/8:  65%|â–ˆâ–ˆâ–ˆâ–ˆâ–ˆâ–ˆâ–Œ   | 229/351 [00:02<00:01, 76.50it/s][codecarbon INFO @ 04:12:34] Delta energy consumed for CPU with cpu_load : 0.000302 kWh, power : 75.121875 W
[codecarbon INFO @ 04:12:34] Energy consumed for All CPU : 0.001519 kWh
[codecarbon INFO @ 04:12:34] Energy consumed for all GPUs : 0.001388 kWh. Total GPU Power : 65.47176953158633 W
[codecarbon INFO @ 04:12:34] 0.003683 kWh of electricity used since the beginning.

Layer_W2_M2 Epoch 8/8:  68%|â–ˆâ–ˆâ–ˆâ–ˆâ–ˆâ–ˆâ–Š   | 238/351 [00:02<00:01, 79.90it/s]
Layer_W2_M2 Epoch 8/8:  70%|â–ˆâ–ˆâ–ˆâ–ˆâ–ˆâ–ˆâ–ˆ   | 247/351 [00:03<00:01, 82.52it/s]
Layer_W2_M2 Epoch 8/8:  73%|â–ˆâ–ˆâ–ˆâ–ˆâ–ˆâ–ˆâ–ˆâ–Ž  | 256/351 [00:03<00:01, 84.10it/s]
Layer_W2_M2 Epoch 8/8:  75%|â–ˆâ–ˆâ–ˆâ–ˆâ–ˆâ–ˆâ–ˆâ–Œ  | 265/351 [00:03<00:01, 76.78it/s]
Layer_W2_M2 Epoch 8/8:  78%|â–ˆâ–ˆâ–ˆâ–ˆâ–ˆâ–ˆâ–ˆâ–Š  | 273/351 [00:03<00:01, 77.62it/s]
Layer_W2_M2 Epoch 8/8:  80%|â–ˆâ–ˆâ–ˆâ–ˆâ–ˆâ–ˆâ–ˆâ–ˆ  | 282/351 [00:03<00:00, 80.87it/s]
Layer_W2_M2 Epoch 8/8:  83%|â–ˆâ–ˆâ–ˆâ–ˆâ–ˆâ–ˆâ–ˆâ–ˆâ–Ž | 291/351 [00:03<00:00, 83.31it/s]
Layer_W2_M2 Epoch 8/8:  85%|â–ˆâ–ˆâ–ˆâ–ˆâ–ˆâ–ˆâ–ˆâ–ˆâ–Œ | 300/351 [00:03<00:00, 85.21it/s]
Layer_W2_M2 Epoch 8/8:  88%|â–ˆâ–ˆâ–ˆâ–ˆâ–ˆâ–ˆâ–ˆâ–ˆâ–Š | 309/351 [00:03<00:00, 77.04it/s]
Layer_W2_M2 Epoch 8/8:  91%|â–ˆâ–ˆâ–ˆâ–ˆâ–ˆâ–ˆâ–ˆâ–ˆâ–ˆ | 318/351 [00:03<00:00, 80.50it/s]
Layer_W2_M2 Epoch 8/8:  93%|â–ˆâ–ˆâ–ˆâ–ˆâ–ˆâ–ˆâ–ˆâ–ˆâ–ˆâ–Ž| 327/351 [00:04<00:00, 83.13it/s]
Layer_W2_M2 Epoch 8/8:  96%|â–ˆâ–ˆâ–ˆâ–ˆâ–ˆâ–ˆâ–ˆâ–ˆâ–ˆâ–Œ| 336/351 [00:04<00:00, 84.91it/s]
Layer_W2_M2 Epoch 8/8:  98%|â–ˆâ–ˆâ–ˆâ–ˆâ–ˆâ–ˆâ–ˆâ–ˆâ–ˆâ–Š| 345/351 [00:04<00:00, 76.80it/s]
Layer_W2_M2 Epoch 8/8:  98%|â–ˆâ–ˆâ–ˆâ–ˆâ–ˆâ–ˆâ–ˆâ–ˆâ–ˆâ–Š| 345/351 [00:04<00:00, 76.80it/s, loss=2.630553]
                                                                                       

Layer_W3_M3 Epoch 1/8:   0%|          | 0/351 [00:00<?, ?it/s]
Layer_W3_M3 Epoch 1/8:   1%|â–         | 5/351 [00:00<00:07, 47.05it/s]
Layer_W3_M3 Epoch 1/8:   4%|â–         | 14/351 [00:00<00:04, 69.61it/s]
Layer_W3_M3 Epoch 1/8:   7%|â–‹         | 23/351 [00:00<00:04, 78.03it/s]
Layer_W3_M3 Epoch 1/8:   9%|â–‰         | 32/351 [00:00<00:03, 82.19it/s]
Layer_W3_M3 Epoch 1/8:  12%|â–ˆâ–        | 41/351 [00:00<00:04, 75.14it/s]
Layer_W3_M3 Epoch 1/8:  14%|â–ˆâ–        | 50/351 [00:00<00:03, 77.68it/s]
Layer_W3_M3 Epoch 1/8:  17%|â–ˆâ–‹        | 59/351 [00:00<00:03, 81.03it/s]
Layer_W3_M3 Epoch 1/8:  19%|â–ˆâ–‰        | 68/351 [00:00<00:03, 83.38it/s]
Layer_W3_M3 Epoch 1/8:  22%|â–ˆâ–ˆâ–       | 77/351 [00:00<00:03, 77.56it/s]
Layer_W3_M3 Epoch 1/8:  25%|â–ˆâ–ˆâ–       | 86/351 [00:01<00:03, 78.50it/s]
Layer_W3_M3 Epoch 1/8:  27%|â–ˆâ–ˆâ–‹       | 95/351 [00:01<00:03, 81.54it/s]
Layer_W3_M3 Epoch 1/8:  30%|â–ˆâ–ˆâ–‰       | 104/351 [00:01<00:02, 83.78it/s]
Layer_W3_M3 Epoch 1/8:  32%|â–ˆâ–ˆâ–ˆâ–      | 113/351 [00:01<00:03, 78.56it/s]
Layer_W3_M3 Epoch 1/8:  35%|â–ˆâ–ˆâ–ˆâ–      | 122/351 [00:01<00:02, 79.02it/s]
Layer_W3_M3 Epoch 1/8:  37%|â–ˆâ–ˆâ–ˆâ–‹      | 131/351 [00:01<00:02, 82.01it/s]
Layer_W3_M3 Epoch 1/8:  40%|â–ˆâ–ˆâ–ˆâ–‰      | 140/351 [00:01<00:02, 84.16it/s]
Layer_W3_M3 Epoch 1/8:  42%|â–ˆâ–ˆâ–ˆâ–ˆâ–     | 149/351 [00:01<00:02, 78.54it/s]
Layer_W3_M3 Epoch 1/8:  45%|â–ˆâ–ˆâ–ˆâ–ˆâ–Œ     | 158/351 [00:01<00:02, 79.44it/s]
Layer_W3_M3 Epoch 1/8:  48%|â–ˆâ–ˆâ–ˆâ–ˆâ–Š     | 167/351 [00:02<00:02, 82.22it/s]
Layer_W3_M3 Epoch 1/8:  50%|â–ˆâ–ˆâ–ˆâ–ˆâ–ˆ     | 176/351 [00:02<00:02, 83.39it/s]
Layer_W3_M3 Epoch 1/8:  53%|â–ˆâ–ˆâ–ˆâ–ˆâ–ˆâ–Ž    | 185/351 [00:02<00:02, 78.63it/s]
Layer_W3_M3 Epoch 1/8:  55%|â–ˆâ–ˆâ–ˆâ–ˆâ–ˆâ–Œ    | 194/351 [00:02<00:01, 79.67it/s]
Layer_W3_M3 Epoch 1/8:  58%|â–ˆâ–ˆâ–ˆâ–ˆâ–ˆâ–Š    | 203/351 [00:02<00:01, 82.34it/s]
Layer_W3_M3 Epoch 1/8:  60%|â–ˆâ–ˆâ–ˆâ–ˆâ–ˆâ–ˆ    | 212/351 [00:02<00:01, 82.36it/s]
Layer_W3_M3 Epoch 1/8:  63%|â–ˆâ–ˆâ–ˆâ–ˆâ–ˆâ–ˆâ–Ž   | 221/351 [00:02<00:01, 78.74it/s]
Layer_W3_M3 Epoch 1/8:  66%|â–ˆâ–ˆâ–ˆâ–ˆâ–ˆâ–ˆâ–Œ   | 230/351 [00:02<00:01, 79.97it/s]
Layer_W3_M3 Epoch 1/8:  68%|â–ˆâ–ˆâ–ˆâ–ˆâ–ˆâ–ˆâ–Š   | 239/351 [00:02<00:01, 82.66it/s]
Layer_W3_M3 Epoch 1/8:  71%|â–ˆâ–ˆâ–ˆâ–ˆâ–ˆâ–ˆâ–ˆ   | 248/351 [00:03<00:01, 81.33it/s]
Layer_W3_M3 Epoch 1/8:  73%|â–ˆâ–ˆâ–ˆâ–ˆâ–ˆâ–ˆâ–ˆâ–Ž  | 257/351 [00:03<00:01, 78.95it/s]
Layer_W3_M3 Epoch 1/8:  76%|â–ˆâ–ˆâ–ˆâ–ˆâ–ˆâ–ˆâ–ˆâ–Œ  | 266/351 [00:03<00:01, 79.78it/s]
Layer_W3_M3 Epoch 1/8:  78%|â–ˆâ–ˆâ–ˆâ–ˆâ–ˆâ–ˆâ–ˆâ–Š  | 275/351 [00:03<00:00, 82.35it/s]
Layer_W3_M3 Epoch 1/8:  81%|â–ˆâ–ˆâ–ˆâ–ˆâ–ˆâ–ˆâ–ˆâ–ˆ  | 284/351 [00:03<00:00, 80.96it/s]
Layer_W3_M3 Epoch 1/8:  83%|â–ˆâ–ˆâ–ˆâ–ˆâ–ˆâ–ˆâ–ˆâ–ˆâ–Ž | 293/351 [00:03<00:00, 79.62it/s]
Layer_W3_M3 Epoch 1/8:  86%|â–ˆâ–ˆâ–ˆâ–ˆâ–ˆâ–ˆâ–ˆâ–ˆâ–Œ | 302/351 [00:03<00:00, 79.14it/s]
Layer_W3_M3 Epoch 1/8:  89%|â–ˆâ–ˆâ–ˆâ–ˆâ–ˆâ–ˆâ–ˆâ–ˆâ–Š | 311/351 [00:03<00:00, 81.79it/s]
Layer_W3_M3 Epoch 1/8:  91%|â–ˆâ–ˆâ–ˆâ–ˆâ–ˆâ–ˆâ–ˆâ–ˆâ–ˆ | 320/351 [00:03<00:00, 80.97it/s]
Layer_W3_M3 Epoch 1/8:  94%|â–ˆâ–ˆâ–ˆâ–ˆâ–ˆâ–ˆâ–ˆâ–ˆâ–ˆâ–Ž| 329/351 [00:04<00:00, 80.19it/s]
Layer_W3_M3 Epoch 1/8:  96%|â–ˆâ–ˆâ–ˆâ–ˆâ–ˆâ–ˆâ–ˆâ–ˆâ–ˆâ–‹| 338/351 [00:04<00:00, 79.23it/s]
Layer_W3_M3 Epoch 1/8:  99%|â–ˆâ–ˆâ–ˆâ–ˆâ–ˆâ–ˆâ–ˆâ–ˆâ–ˆâ–‰| 347/351 [00:04<00:00, 81.87it/s]
Layer_W3_M3 Epoch 1/8:  99%|â–ˆâ–ˆâ–ˆâ–ˆâ–ˆâ–ˆâ–ˆâ–ˆâ–ˆâ–‰| 347/351 [00:04<00:00, 81.87it/s, loss=3.262772]
                                                                                       

Layer_W3_M3 Epoch 2/8:   0%|          | 0/351 [00:00<?, ?it/s]
Layer_W3_M3 Epoch 2/8:   1%|â–         | 5/351 [00:00<00:07, 44.77it/s]
Layer_W3_M3 Epoch 2/8:   4%|â–         | 14/351 [00:00<00:04, 69.53it/s]
Layer_W3_M3 Epoch 2/8:   7%|â–‹         | 23/351 [00:00<00:04, 76.81it/s]
Layer_W3_M3 Epoch 2/8:   9%|â–‰         | 32/351 [00:00<00:03, 81.75it/s]
Layer_W3_M3 Epoch 2/8:  12%|â–ˆâ–        | 41/351 [00:00<00:04, 74.60it/s]
Layer_W3_M3 Epoch 2/8:  14%|â–ˆâ–        | 50/351 [00:00<00:03, 78.91it/s]
Layer_W3_M3 Epoch 2/8:  17%|â–ˆâ–‹        | 59/351 [00:00<00:03, 80.39it/s]
Layer_W3_M3 Epoch 2/8:  19%|â–ˆâ–‰        | 68/351 [00:00<00:03, 83.02it/s]
Layer_W3_M3 Epoch 2/8:  22%|â–ˆâ–ˆâ–       | 77/351 [00:01<00:03, 76.84it/s]
Layer_W3_M3 Epoch 2/8:  25%|â–ˆâ–ˆâ–       | 86/351 [00:01<00:03, 80.31it/s]
Layer_W3_M3 Epoch 2/8:  27%|â–ˆâ–ˆâ–‹       | 95/351 [00:01<00:03, 81.16it/s]
Layer_W3_M3 Epoch 2/8:  30%|â–ˆâ–ˆâ–‰       | 105/351 [00:01<00:03, 78.39it/s]
Layer_W3_M3 Epoch 2/8:  32%|â–ˆâ–ˆâ–ˆâ–      | 114/351 [00:01<00:02, 80.98it/s]
Layer_W3_M3 Epoch 2/8:  35%|â–ˆâ–ˆâ–ˆâ–Œ      | 123/351 [00:01<00:02, 82.11it/s]
Layer_W3_M3 Epoch 2/8:  38%|â–ˆâ–ˆâ–ˆâ–Š      | 132/351 [00:01<00:02, 84.09it/s]
Layer_W3_M3 Epoch 2/8:  40%|â–ˆâ–ˆâ–ˆâ–ˆ      | 141/351 [00:01<00:02, 77.93it/s]
Layer_W3_M3 Epoch 2/8:  42%|â–ˆâ–ˆâ–ˆâ–ˆâ–     | 149/351 [00:01<00:02, 78.48it/s]
Layer_W3_M3 Epoch 2/8:  45%|â–ˆâ–ˆâ–ˆâ–ˆâ–Œ     | 158/351 [00:01<00:02, 81.37it/s]
Layer_W3_M3 Epoch 2/8:  48%|â–ˆâ–ˆâ–ˆâ–ˆâ–Š     | 167/351 [00:02<00:02, 82.45it/s]
Layer_W3_M3 Epoch 2/8:  50%|â–ˆâ–ˆâ–ˆâ–ˆâ–ˆ     | 176/351 [00:02<00:02, 84.30it/s]
Layer_W3_M3 Epoch 2/8:  53%|â–ˆâ–ˆâ–ˆâ–ˆâ–ˆâ–Ž    | 185/351 [00:02<00:02, 77.34it/s]
Layer_W3_M3 Epoch 2/8:  55%|â–ˆâ–ˆâ–ˆâ–ˆâ–ˆâ–Œ    | 194/351 [00:02<00:01, 80.71it/s]
Layer_W3_M3 Epoch 2/8:  58%|â–ˆâ–ˆâ–ˆâ–ˆâ–ˆâ–Š    | 203/351 [00:02<00:01, 82.24it/s]
Layer_W3_M3 Epoch 2/8:  60%|â–ˆâ–ˆâ–ˆâ–ˆâ–ˆâ–ˆ    | 212/351 [00:02<00:01, 83.72it/s]
Layer_W3_M3 Epoch 2/8:  63%|â–ˆâ–ˆâ–ˆâ–ˆâ–ˆâ–ˆâ–Ž   | 221/351 [00:02<00:01, 77.44it/s]
Layer_W3_M3 Epoch 2/8:  66%|â–ˆâ–ˆâ–ˆâ–ˆâ–ˆâ–ˆâ–Œ   | 230/351 [00:02<00:01, 80.51it/s]
Layer_W3_M3 Epoch 2/8:  68%|â–ˆâ–ˆâ–ˆâ–ˆâ–ˆâ–ˆâ–Š   | 239/351 [00:02<00:01, 82.15it/s]
Layer_W3_M3 Epoch 2/8:  71%|â–ˆâ–ˆâ–ˆâ–ˆâ–ˆâ–ˆâ–ˆ   | 248/351 [00:03<00:01, 84.17it/s]
Layer_W3_M3 Epoch 2/8:  73%|â–ˆâ–ˆâ–ˆâ–ˆâ–ˆâ–ˆâ–ˆâ–Ž  | 257/351 [00:03<00:01, 76.99it/s]
Layer_W3_M3 Epoch 2/8:  76%|â–ˆâ–ˆâ–ˆâ–ˆâ–ˆâ–ˆâ–ˆâ–Œ  | 266/351 [00:03<00:01, 80.29it/s]
Layer_W3_M3 Epoch 2/8:  78%|â–ˆâ–ˆâ–ˆâ–ˆâ–ˆâ–ˆâ–ˆâ–Š  | 275/351 [00:03<00:00, 82.20it/s]
Layer_W3_M3 Epoch 2/8:  81%|â–ˆâ–ˆâ–ˆâ–ˆâ–ˆâ–ˆâ–ˆâ–ˆ  | 284/351 [00:03<00:00, 84.34it/s]
Layer_W3_M3 Epoch 2/8:  83%|â–ˆâ–ˆâ–ˆâ–ˆâ–ˆâ–ˆâ–ˆâ–ˆâ–Ž | 293/351 [00:03<00:00, 76.70it/s]
Layer_W3_M3 Epoch 2/8:  86%|â–ˆâ–ˆâ–ˆâ–ˆâ–ˆâ–ˆâ–ˆâ–ˆâ–Œ | 302/351 [00:03<00:00, 79.95it/s]
Layer_W3_M3 Epoch 2/8:  89%|â–ˆâ–ˆâ–ˆâ–ˆâ–ˆâ–ˆâ–ˆâ–ˆâ–Š | 311/351 [00:03<00:00, 82.29it/s]
Layer_W3_M3 Epoch 2/8:  91%|â–ˆâ–ˆâ–ˆâ–ˆâ–ˆâ–ˆâ–ˆâ–ˆâ–ˆ | 320/351 [00:03<00:00, 83.79it/s]
Layer_W3_M3 Epoch 2/8:  94%|â–ˆâ–ˆâ–ˆâ–ˆâ–ˆâ–ˆâ–ˆâ–ˆâ–ˆâ–Ž| 329/351 [00:04<00:00, 76.67it/s]
Layer_W3_M3 Epoch 2/8:  96%|â–ˆâ–ˆâ–ˆâ–ˆâ–ˆâ–ˆâ–ˆâ–ˆâ–ˆâ–‹| 338/351 [00:04<00:00, 80.14it/s]
Layer_W3_M3 Epoch 2/8:  99%|â–ˆâ–ˆâ–ˆâ–ˆâ–ˆâ–ˆâ–ˆâ–ˆâ–ˆâ–‰| 347/351 [00:04<00:00, 82.70it/s]
Layer_W3_M3 Epoch 2/8:  99%|â–ˆâ–ˆâ–ˆâ–ˆâ–ˆâ–ˆâ–ˆâ–ˆâ–ˆâ–‰| 347/351 [00:04<00:00, 82.70it/s, loss=2.873598]
                                                                                       

Layer_W3_M3 Epoch 3/8:   0%|          | 0/351 [00:00<?, ?it/s]
Layer_W3_M3 Epoch 3/8:   1%|â–         | 5/351 [00:00<00:07, 44.13it/s]
Layer_W3_M3 Epoch 3/8:   4%|â–         | 15/351 [00:00<00:04, 74.63it/s]
Layer_W3_M3 Epoch 3/8:   7%|â–‹         | 24/351 [00:00<00:04, 81.13it/s]
Layer_W3_M3 Epoch 3/8:   9%|â–‰         | 33/351 [00:00<00:04, 72.16it/s]
Layer_W3_M3 Epoch 3/8:  12%|â–ˆâ–        | 42/351 [00:00<00:03, 77.71it/s]
Layer_W3_M3 Epoch 3/8:  15%|â–ˆâ–        | 51/351 [00:00<00:03, 81.39it/s]
Layer_W3_M3 Epoch 3/8:  17%|â–ˆâ–‹        | 60/351 [00:00<00:03, 83.69it/s]
Layer_W3_M3 Epoch 3/8:  20%|â–ˆâ–‰        | 69/351 [00:00<00:03, 75.61it/s]
Layer_W3_M3 Epoch 3/8:  22%|â–ˆâ–ˆâ–       | 78/351 [00:01<00:03, 79.41it/s]
Layer_W3_M3 Epoch 3/8:  25%|â–ˆâ–ˆâ–       | 87/351 [00:01<00:03, 82.14it/s]
Layer_W3_M3 Epoch 3/8:  27%|â–ˆâ–ˆâ–‹       | 96/351 [00:01<00:03, 84.23it/s]
Layer_W3_M3 Epoch 3/8:  30%|â–ˆâ–ˆâ–‰       | 105/351 [00:01<00:03, 76.44it/s]
Layer_W3_M3 Epoch 3/8:  32%|â–ˆâ–ˆâ–ˆâ–      | 114/351 [00:01<00:02, 79.87it/s]
Layer_W3_M3 Epoch 3/8:  35%|â–ˆâ–ˆâ–ˆâ–Œ      | 123/351 [00:01<00:02, 82.65it/s]
Layer_W3_M3 Epoch 3/8:  38%|â–ˆâ–ˆâ–ˆâ–Š      | 133/351 [00:01<00:02, 77.84it/s]
Layer_W3_M3 Epoch 3/8:  40%|â–ˆâ–ˆâ–ˆâ–ˆ      | 142/351 [00:01<00:02, 80.82it/s]
Layer_W3_M3 Epoch 3/8:  43%|â–ˆâ–ˆâ–ˆâ–ˆâ–Ž     | 151/351 [00:01<00:02, 83.32it/s]
Layer_W3_M3 Epoch 3/8:  46%|â–ˆâ–ˆâ–ˆâ–ˆâ–Œ     | 161/351 [00:02<00:02, 78.41it/s]
Layer_W3_M3 Epoch 3/8:  48%|â–ˆâ–ˆâ–ˆâ–ˆâ–Š     | 170/351 [00:02<00:02, 81.36it/s]
Layer_W3_M3 Epoch 3/8:  51%|â–ˆâ–ˆâ–ˆâ–ˆâ–ˆ     | 179/351 [00:02<00:02, 83.60it/s]
Layer_W3_M3 Epoch 3/8:  54%|â–ˆâ–ˆâ–ˆâ–ˆâ–ˆâ–Ž    | 188/351 [00:02<00:01, 85.12it/s]
Layer_W3_M3 Epoch 3/8:  56%|â–ˆâ–ˆâ–ˆâ–ˆâ–ˆâ–Œ    | 197/351 [00:02<00:01, 77.55it/s]
Layer_W3_M3 Epoch 3/8:  59%|â–ˆâ–ˆâ–ˆâ–ˆâ–ˆâ–Š    | 206/351 [00:02<00:01, 79.93it/s]
Layer_W3_M3 Epoch 3/8:  61%|â–ˆâ–ˆâ–ˆâ–ˆâ–ˆâ–ˆâ–   | 215/351 [00:02<00:01, 82.30it/s]
Layer_W3_M3 Epoch 3/8:  64%|â–ˆâ–ˆâ–ˆâ–ˆâ–ˆâ–ˆâ–   | 224/351 [00:02<00:01, 84.03it/s]
Layer_W3_M3 Epoch 3/8:  66%|â–ˆâ–ˆâ–ˆâ–ˆâ–ˆâ–ˆâ–‹   | 233/351 [00:02<00:01, 77.82it/s]
Layer_W3_M3 Epoch 3/8:  69%|â–ˆâ–ˆâ–ˆâ–ˆâ–ˆâ–ˆâ–‰   | 242/351 [00:03<00:01, 79.11it/s]
Layer_W3_M3 Epoch 3/8:  72%|â–ˆâ–ˆâ–ˆâ–ˆâ–ˆâ–ˆâ–ˆâ–  | 251/351 [00:03<00:01, 81.88it/s]
Layer_W3_M3 Epoch 3/8:  74%|â–ˆâ–ˆâ–ˆâ–ˆâ–ˆâ–ˆâ–ˆâ–  | 260/351 [00:03<00:01, 84.07it/s]
Layer_W3_M3 Epoch 3/8:  77%|â–ˆâ–ˆâ–ˆâ–ˆâ–ˆâ–ˆâ–ˆâ–‹  | 269/351 [00:03<00:01, 77.94it/s]
Layer_W3_M3 Epoch 3/8:  79%|â–ˆâ–ˆâ–ˆâ–ˆâ–ˆâ–ˆâ–ˆâ–‰  | 278/351 [00:03<00:00, 79.69it/s][codecarbon INFO @ 04:12:48] Energy consumed for RAM : 0.000929 kWh. RAM Power : 38.0 W

Layer_W3_M3 Epoch 3/8:  82%|â–ˆâ–ˆâ–ˆâ–ˆâ–ˆâ–ˆâ–ˆâ–ˆâ– | 287/351 [00:03<00:00, 82.26it/s]
Layer_W3_M3 Epoch 3/8:  84%|â–ˆâ–ˆâ–ˆâ–ˆâ–ˆâ–ˆâ–ˆâ–ˆâ– | 296/351 [00:03<00:00, 84.24it/s]
Layer_W3_M3 Epoch 3/8:  87%|â–ˆâ–ˆâ–ˆâ–ˆâ–ˆâ–ˆâ–ˆâ–ˆâ–‹ | 305/351 [00:03<00:00, 78.08it/s]
Layer_W3_M3 Epoch 3/8:  89%|â–ˆâ–ˆâ–ˆâ–ˆâ–ˆâ–ˆâ–ˆâ–ˆâ–‰ | 314/351 [00:03<00:00, 79.89it/s][codecarbon INFO @ 04:12:49] Delta energy consumed for CPU with cpu_load : 0.000302 kWh, power : 74.95312500000001 W
[codecarbon INFO @ 04:12:49] Energy consumed for All CPU : 0.001821 kWh
[codecarbon INFO @ 04:12:49] Energy consumed for all GPUs : 0.001662 kWh. Total GPU Power : 65.69918645926566 W
[codecarbon INFO @ 04:12:49] 0.004411 kWh of electricity used since the beginning.

Layer_W3_M3 Epoch 3/8:  92%|â–ˆâ–ˆâ–ˆâ–ˆâ–ˆâ–ˆâ–ˆâ–ˆâ–ˆâ–| 323/351 [00:04<00:00, 82.49it/s]
Layer_W3_M3 Epoch 3/8:  95%|â–ˆâ–ˆâ–ˆâ–ˆâ–ˆâ–ˆâ–ˆâ–ˆâ–ˆâ–| 332/351 [00:04<00:00, 83.49it/s]
Layer_W3_M3 Epoch 3/8:  97%|â–ˆâ–ˆâ–ˆâ–ˆâ–ˆâ–ˆâ–ˆâ–ˆâ–ˆâ–‹| 341/351 [00:04<00:00, 78.11it/s]
Layer_W3_M3 Epoch 3/8: 100%|â–ˆâ–ˆâ–ˆâ–ˆâ–ˆâ–ˆâ–ˆâ–ˆâ–ˆâ–‰| 350/351 [00:04<00:00, 80.36it/s]
Layer_W3_M3 Epoch 3/8: 100%|â–ˆâ–ˆâ–ˆâ–ˆâ–ˆâ–ˆâ–ˆâ–ˆâ–ˆâ–‰| 350/351 [00:04<00:00, 80.36it/s, loss=2.937312]
                                                                                       

Layer_W3_M3 Epoch 4/8:   0%|          | 0/351 [00:00<?, ?it/s]
Layer_W3_M3 Epoch 4/8:   1%|â–         | 5/351 [00:00<00:07, 44.15it/s]
Layer_W3_M3 Epoch 4/8:   4%|â–         | 14/351 [00:00<00:04, 69.27it/s]
Layer_W3_M3 Epoch 4/8:   6%|â–‹         | 22/351 [00:00<00:04, 73.92it/s]
Layer_W3_M3 Epoch 4/8:   9%|â–Š         | 30/351 [00:00<00:04, 76.08it/s]
Layer_W3_M3 Epoch 4/8:  11%|â–ˆ         | 38/351 [00:00<00:04, 77.39it/s]
Layer_W3_M3 Epoch 4/8:  13%|â–ˆâ–Ž        | 46/351 [00:00<00:03, 78.15it/s]
Layer_W3_M3 Epoch 4/8:  15%|â–ˆâ–Œ        | 54/351 [00:00<00:03, 78.48it/s]
Layer_W3_M3 Epoch 4/8:  18%|â–ˆâ–Š        | 62/351 [00:00<00:03, 78.82it/s]
Layer_W3_M3 Epoch 4/8:  20%|â–ˆâ–‰        | 70/351 [00:00<00:03, 79.08it/s]
Layer_W3_M3 Epoch 4/8:  22%|â–ˆâ–ˆâ–       | 78/351 [00:01<00:03, 79.19it/s]
Layer_W3_M3 Epoch 4/8:  25%|â–ˆâ–ˆâ–       | 86/351 [00:01<00:03, 79.33it/s]
Layer_W3_M3 Epoch 4/8:  27%|â–ˆâ–ˆâ–‹       | 94/351 [00:01<00:03, 79.44it/s]
Layer_W3_M3 Epoch 4/8:  29%|â–ˆâ–ˆâ–‰       | 102/351 [00:01<00:03, 79.40it/s]
Layer_W3_M3 Epoch 4/8:  31%|â–ˆâ–ˆâ–ˆâ–      | 110/351 [00:01<00:03, 79.39it/s]
Layer_W3_M3 Epoch 4/8:  34%|â–ˆâ–ˆâ–ˆâ–Ž      | 118/351 [00:01<00:02, 79.54it/s]
Layer_W3_M3 Epoch 4/8:  36%|â–ˆâ–ˆâ–ˆâ–Œ      | 126/351 [00:01<00:02, 79.61it/s]
Layer_W3_M3 Epoch 4/8:  38%|â–ˆâ–ˆâ–ˆâ–Š      | 135/351 [00:01<00:02, 82.43it/s]
Layer_W3_M3 Epoch 4/8:  41%|â–ˆâ–ˆâ–ˆâ–ˆ      | 144/351 [00:01<00:02, 84.17it/s]
Layer_W3_M3 Epoch 4/8:  44%|â–ˆâ–ˆâ–ˆâ–ˆâ–Ž     | 153/351 [00:01<00:02, 75.76it/s]
Layer_W3_M3 Epoch 4/8:  46%|â–ˆâ–ˆâ–ˆâ–ˆâ–Œ     | 161/351 [00:02<00:02, 76.84it/s]
Layer_W3_M3 Epoch 4/8:  48%|â–ˆâ–ˆâ–ˆâ–ˆâ–Š     | 170/351 [00:02<00:02, 80.17it/s]
Layer_W3_M3 Epoch 4/8:  51%|â–ˆâ–ˆâ–ˆâ–ˆâ–ˆ     | 179/351 [00:02<00:02, 82.50it/s]
Layer_W3_M3 Epoch 4/8:  54%|â–ˆâ–ˆâ–ˆâ–ˆâ–ˆâ–Ž    | 188/351 [00:02<00:01, 84.27it/s]
Layer_W3_M3 Epoch 4/8:  56%|â–ˆâ–ˆâ–ˆâ–ˆâ–ˆâ–Œ    | 197/351 [00:02<00:02, 75.48it/s]
Layer_W3_M3 Epoch 4/8:  58%|â–ˆâ–ˆâ–ˆâ–ˆâ–ˆâ–Š    | 205/351 [00:02<00:01, 76.68it/s]
Layer_W3_M3 Epoch 4/8:  61%|â–ˆâ–ˆâ–ˆâ–ˆâ–ˆâ–ˆ    | 213/351 [00:02<00:01, 77.56it/s]
Layer_W3_M3 Epoch 4/8:  63%|â–ˆâ–ˆâ–ˆâ–ˆâ–ˆâ–ˆâ–Ž   | 221/351 [00:02<00:01, 78.24it/s]
Layer_W3_M3 Epoch 4/8:  65%|â–ˆâ–ˆâ–ˆâ–ˆâ–ˆâ–ˆâ–Œ   | 229/351 [00:02<00:01, 78.72it/s]
Layer_W3_M3 Epoch 4/8:  68%|â–ˆâ–ˆâ–ˆâ–ˆâ–ˆâ–ˆâ–Š   | 239/351 [00:03<00:01, 84.52it/s]
Layer_W3_M3 Epoch 4/8:  71%|â–ˆâ–ˆâ–ˆâ–ˆâ–ˆâ–ˆâ–ˆ   | 249/351 [00:03<00:01, 78.85it/s]
Layer_W3_M3 Epoch 4/8:  74%|â–ˆâ–ˆâ–ˆâ–ˆâ–ˆâ–ˆâ–ˆâ–Ž  | 258/351 [00:03<00:01, 81.80it/s]
Layer_W3_M3 Epoch 4/8:  76%|â–ˆâ–ˆâ–ˆâ–ˆâ–ˆâ–ˆâ–ˆâ–Œ  | 267/351 [00:03<00:00, 84.03it/s]
Layer_W3_M3 Epoch 4/8:  79%|â–ˆâ–ˆâ–ˆâ–ˆâ–ˆâ–ˆâ–ˆâ–Š  | 276/351 [00:03<00:00, 85.56it/s]
Layer_W3_M3 Epoch 4/8:  81%|â–ˆâ–ˆâ–ˆâ–ˆâ–ˆâ–ˆâ–ˆâ–ˆ  | 285/351 [00:03<00:00, 77.39it/s]
Layer_W3_M3 Epoch 4/8:  84%|â–ˆâ–ˆâ–ˆâ–ˆâ–ˆâ–ˆâ–ˆâ–ˆâ– | 294/351 [00:03<00:00, 80.62it/s]
Layer_W3_M3 Epoch 4/8:  86%|â–ˆâ–ˆâ–ˆâ–ˆâ–ˆâ–ˆâ–ˆâ–ˆâ–‹ | 303/351 [00:03<00:00, 83.01it/s]
Layer_W3_M3 Epoch 4/8:  89%|â–ˆâ–ˆâ–ˆâ–ˆâ–ˆâ–ˆâ–ˆâ–ˆâ–‰ | 313/351 [00:03<00:00, 78.04it/s]
Layer_W3_M3 Epoch 4/8:  92%|â–ˆâ–ˆâ–ˆâ–ˆâ–ˆâ–ˆâ–ˆâ–ˆâ–ˆâ–| 322/351 [00:04<00:00, 81.11it/s]
Layer_W3_M3 Epoch 4/8:  94%|â–ˆâ–ˆâ–ˆâ–ˆâ–ˆâ–ˆâ–ˆâ–ˆâ–ˆâ–| 331/351 [00:04<00:00, 83.28it/s]
Layer_W3_M3 Epoch 4/8:  97%|â–ˆâ–ˆâ–ˆâ–ˆâ–ˆâ–ˆâ–ˆâ–ˆâ–ˆâ–‹| 340/351 [00:04<00:00, 84.89it/s]
Layer_W3_M3 Epoch 4/8:  99%|â–ˆâ–ˆâ–ˆâ–ˆâ–ˆâ–ˆâ–ˆâ–ˆâ–ˆâ–‰| 349/351 [00:04<00:00, 77.22it/s]
Layer_W3_M3 Epoch 4/8:  99%|â–ˆâ–ˆâ–ˆâ–ˆâ–ˆâ–ˆâ–ˆâ–ˆâ–ˆâ–‰| 349/351 [00:04<00:00, 77.22it/s, loss=3.221720]
                                                                                       

Layer_W3_M3 Epoch 5/8:   0%|          | 0/351 [00:00<?, ?it/s]
Layer_W3_M3 Epoch 5/8:   1%|â–         | 5/351 [00:00<00:07, 44.27it/s]
Layer_W3_M3 Epoch 5/8:   4%|â–         | 14/351 [00:00<00:04, 69.48it/s]
Layer_W3_M3 Epoch 5/8:   7%|â–‹         | 24/351 [00:00<00:03, 82.34it/s]
Layer_W3_M3 Epoch 5/8:   9%|â–‰         | 33/351 [00:00<00:04, 73.49it/s]
Layer_W3_M3 Epoch 5/8:  12%|â–ˆâ–        | 42/351 [00:00<00:03, 77.85it/s]
Layer_W3_M3 Epoch 5/8:  15%|â–ˆâ–        | 51/351 [00:00<00:03, 81.34it/s]
Layer_W3_M3 Epoch 5/8:  17%|â–ˆâ–‹        | 60/351 [00:00<00:03, 83.51it/s]
Layer_W3_M3 Epoch 5/8:  20%|â–ˆâ–‰        | 69/351 [00:00<00:03, 77.16it/s]
Layer_W3_M3 Epoch 5/8:  22%|â–ˆâ–ˆâ–       | 78/351 [00:01<00:03, 78.50it/s]
Layer_W3_M3 Epoch 5/8:  25%|â–ˆâ–ˆâ–       | 87/351 [00:01<00:03, 81.35it/s]
Layer_W3_M3 Epoch 5/8:  27%|â–ˆâ–ˆâ–‹       | 96/351 [00:01<00:03, 83.54it/s]
Layer_W3_M3 Epoch 5/8:  30%|â–ˆâ–ˆâ–‰       | 105/351 [00:01<00:03, 78.14it/s]
Layer_W3_M3 Epoch 5/8:  32%|â–ˆâ–ˆâ–ˆâ–      | 114/351 [00:01<00:03, 78.41it/s]
Layer_W3_M3 Epoch 5/8:  35%|â–ˆâ–ˆâ–ˆâ–      | 122/351 [00:01<00:02, 78.82it/s]
Layer_W3_M3 Epoch 5/8:  37%|â–ˆâ–ˆâ–ˆâ–‹      | 131/351 [00:01<00:02, 81.77it/s]
Layer_W3_M3 Epoch 5/8:  40%|â–ˆâ–ˆâ–ˆâ–‰      | 140/351 [00:01<00:02, 83.88it/s]
Layer_W3_M3 Epoch 5/8:  42%|â–ˆâ–ˆâ–ˆâ–ˆâ–     | 149/351 [00:01<00:02, 79.62it/s]
Layer_W3_M3 Epoch 5/8:  45%|â–ˆâ–ˆâ–ˆâ–ˆâ–Œ     | 158/351 [00:02<00:02, 78.37it/s]
Layer_W3_M3 Epoch 5/8:  48%|â–ˆâ–ˆâ–ˆâ–ˆâ–Š     | 167/351 [00:02<00:02, 81.37it/s]
Layer_W3_M3 Epoch 5/8:  50%|â–ˆâ–ˆâ–ˆâ–ˆâ–ˆ     | 176/351 [00:02<00:02, 83.68it/s]
Layer_W3_M3 Epoch 5/8:  53%|â–ˆâ–ˆâ–ˆâ–ˆâ–ˆâ–Ž    | 185/351 [00:02<00:02, 80.05it/s]
Layer_W3_M3 Epoch 5/8:  55%|â–ˆâ–ˆâ–ˆâ–ˆâ–ˆâ–Œ    | 194/351 [00:02<00:01, 78.62it/s]
Layer_W3_M3 Epoch 5/8:  58%|â–ˆâ–ˆâ–ˆâ–ˆâ–ˆâ–Š    | 203/351 [00:02<00:01, 81.64it/s]
Layer_W3_M3 Epoch 5/8:  60%|â–ˆâ–ˆâ–ˆâ–ˆâ–ˆâ–ˆ    | 212/351 [00:02<00:01, 83.54it/s]
Layer_W3_M3 Epoch 5/8:  63%|â–ˆâ–ˆâ–ˆâ–ˆâ–ˆâ–ˆâ–Ž   | 221/351 [00:02<00:01, 80.71it/s]
Layer_W3_M3 Epoch 5/8:  66%|â–ˆâ–ˆâ–ˆâ–ˆâ–ˆâ–ˆâ–Œ   | 230/351 [00:02<00:01, 78.48it/s]
Layer_W3_M3 Epoch 5/8:  68%|â–ˆâ–ˆâ–ˆâ–ˆâ–ˆâ–ˆâ–Š   | 239/351 [00:02<00:01, 81.17it/s]
Layer_W3_M3 Epoch 5/8:  71%|â–ˆâ–ˆâ–ˆâ–ˆâ–ˆâ–ˆâ–ˆ   | 248/351 [00:03<00:01, 83.28it/s]
Layer_W3_M3 Epoch 5/8:  73%|â–ˆâ–ˆâ–ˆâ–ˆâ–ˆâ–ˆâ–ˆâ–Ž  | 257/351 [00:03<00:01, 81.13it/s]
Layer_W3_M3 Epoch 5/8:  76%|â–ˆâ–ˆâ–ˆâ–ˆâ–ˆâ–ˆâ–ˆâ–Œ  | 266/351 [00:03<00:01, 78.38it/s]
Layer_W3_M3 Epoch 5/8:  78%|â–ˆâ–ˆâ–ˆâ–ˆâ–ˆâ–ˆâ–ˆâ–Š  | 275/351 [00:03<00:00, 80.63it/s]
Layer_W3_M3 Epoch 5/8:  81%|â–ˆâ–ˆâ–ˆâ–ˆâ–ˆâ–ˆâ–ˆâ–ˆ  | 284/351 [00:03<00:00, 83.01it/s]
Layer_W3_M3 Epoch 5/8:  83%|â–ˆâ–ˆâ–ˆâ–ˆâ–ˆâ–ˆâ–ˆâ–ˆâ–Ž | 293/351 [00:03<00:00, 80.76it/s]
Layer_W3_M3 Epoch 5/8:  86%|â–ˆâ–ˆâ–ˆâ–ˆâ–ˆâ–ˆâ–ˆâ–ˆâ–Œ | 302/351 [00:03<00:00, 79.05it/s]
Layer_W3_M3 Epoch 5/8:  89%|â–ˆâ–ˆâ–ˆâ–ˆâ–ˆâ–ˆâ–ˆâ–ˆâ–Š | 311/351 [00:03<00:00, 80.29it/s]
Layer_W3_M3 Epoch 5/8:  91%|â–ˆâ–ˆâ–ˆâ–ˆâ–ˆâ–ˆâ–ˆâ–ˆâ–ˆ | 320/351 [00:03<00:00, 82.75it/s]
Layer_W3_M3 Epoch 5/8:  94%|â–ˆâ–ˆâ–ˆâ–ˆâ–ˆâ–ˆâ–ˆâ–ˆâ–ˆâ–Ž| 329/351 [00:04<00:00, 80.51it/s]
Layer_W3_M3 Epoch 5/8:  96%|â–ˆâ–ˆâ–ˆâ–ˆâ–ˆâ–ˆâ–ˆâ–ˆâ–ˆâ–‹| 338/351 [00:04<00:00, 79.11it/s]
Layer_W3_M3 Epoch 5/8:  99%|â–ˆâ–ˆâ–ˆâ–ˆâ–ˆâ–ˆâ–ˆâ–ˆâ–ˆâ–Š| 346/351 [00:04<00:00, 77.00it/s]
Layer_W3_M3 Epoch 5/8:  99%|â–ˆâ–ˆâ–ˆâ–ˆâ–ˆâ–ˆâ–ˆâ–ˆâ–ˆâ–Š| 346/351 [00:04<00:00, 77.00it/s, loss=3.041797]
                                                                                       

Layer_W3_M3 Epoch 6/8:   0%|          | 0/351 [00:00<?, ?it/s]
Layer_W3_M3 Epoch 6/8:   1%|â–         | 5/351 [00:00<00:07, 45.42it/s]
Layer_W3_M3 Epoch 6/8:   4%|â–         | 14/351 [00:00<00:04, 69.79it/s]
Layer_W3_M3 Epoch 6/8:   7%|â–‹         | 23/351 [00:00<00:04, 78.43it/s]
Layer_W3_M3 Epoch 6/8:   9%|â–‰         | 32/351 [00:00<00:03, 82.67it/s]
Layer_W3_M3 Epoch 6/8:  12%|â–ˆâ–        | 41/351 [00:00<00:04, 74.10it/s]
Layer_W3_M3 Epoch 6/8:  14%|â–ˆâ–        | 50/351 [00:00<00:03, 78.70it/s]
Layer_W3_M3 Epoch 6/8:  17%|â–ˆâ–‹        | 59/351 [00:00<00:03, 81.81it/s]
Layer_W3_M3 Epoch 6/8:  19%|â–ˆâ–‰        | 68/351 [00:00<00:03, 84.00it/s]
Layer_W3_M3 Epoch 6/8:  22%|â–ˆâ–ˆâ–       | 77/351 [00:01<00:03, 75.76it/s]
Layer_W3_M3 Epoch 6/8:  25%|â–ˆâ–ˆâ–       | 86/351 [00:01<00:03, 79.41it/s]
Layer_W3_M3 Epoch 6/8:  27%|â–ˆâ–ˆâ–‹       | 95/351 [00:01<00:03, 82.21it/s]
Layer_W3_M3 Epoch 6/8:  30%|â–ˆâ–ˆâ–‰       | 104/351 [00:01<00:02, 84.26it/s]
Layer_W3_M3 Epoch 6/8:  32%|â–ˆâ–ˆâ–ˆâ–      | 113/351 [00:01<00:03, 76.18it/s]
Layer_W3_M3 Epoch 6/8:  34%|â–ˆâ–ˆâ–ˆâ–      | 121/351 [00:01<00:02, 77.13it/s]
Layer_W3_M3 Epoch 6/8:  37%|â–ˆâ–ˆâ–ˆâ–‹      | 130/351 [00:01<00:02, 80.35it/s]
Layer_W3_M3 Epoch 6/8:  40%|â–ˆâ–ˆâ–ˆâ–‰      | 139/351 [00:01<00:02, 82.91it/s]
Layer_W3_M3 Epoch 6/8:  42%|â–ˆâ–ˆâ–ˆâ–ˆâ–     | 148/351 [00:01<00:02, 84.86it/s]
Layer_W3_M3 Epoch 6/8:  45%|â–ˆâ–ˆâ–ˆâ–ˆâ–     | 157/351 [00:01<00:02, 76.94it/s]
Layer_W3_M3 Epoch 6/8:  47%|â–ˆâ–ˆâ–ˆâ–ˆâ–‹     | 165/351 [00:02<00:02, 77.65it/s]
Layer_W3_M3 Epoch 6/8:  50%|â–ˆâ–ˆâ–ˆâ–ˆâ–‰     | 174/351 [00:02<00:02, 80.74it/s]
Layer_W3_M3 Epoch 6/8:  52%|â–ˆâ–ˆâ–ˆâ–ˆâ–ˆâ–    | 183/351 [00:02<00:02, 83.29it/s]
Layer_W3_M3 Epoch 6/8:  55%|â–ˆâ–ˆâ–ˆâ–ˆâ–ˆâ–    | 192/351 [00:02<00:01, 84.99it/s]
Layer_W3_M3 Epoch 6/8:  57%|â–ˆâ–ˆâ–ˆâ–ˆâ–ˆâ–‹    | 201/351 [00:02<00:01, 76.74it/s]
Layer_W3_M3 Epoch 6/8:  60%|â–ˆâ–ˆâ–ˆâ–ˆâ–ˆâ–‰    | 210/351 [00:02<00:01, 80.04it/s]
Layer_W3_M3 Epoch 6/8:  62%|â–ˆâ–ˆâ–ˆâ–ˆâ–ˆâ–ˆâ–   | 219/351 [00:02<00:01, 82.52it/s]
Layer_W3_M3 Epoch 6/8:  65%|â–ˆâ–ˆâ–ˆâ–ˆâ–ˆâ–ˆâ–   | 228/351 [00:02<00:01, 84.45it/s]
Layer_W3_M3 Epoch 6/8:  68%|â–ˆâ–ˆâ–ˆâ–ˆâ–ˆâ–ˆâ–Š   | 237/351 [00:02<00:01, 76.50it/s]
Layer_W3_M3 Epoch 6/8:  70%|â–ˆâ–ˆâ–ˆâ–ˆâ–ˆâ–ˆâ–ˆ   | 246/351 [00:03<00:01, 79.78it/s]
Layer_W3_M3 Epoch 6/8:  73%|â–ˆâ–ˆâ–ˆâ–ˆâ–ˆâ–ˆâ–ˆâ–Ž  | 255/351 [00:03<00:01, 82.35it/s]
Layer_W3_M3 Epoch 6/8:  75%|â–ˆâ–ˆâ–ˆâ–ˆâ–ˆâ–ˆâ–ˆâ–Œ  | 264/351 [00:03<00:01, 84.17it/s]
Layer_W3_M3 Epoch 6/8:  78%|â–ˆâ–ˆâ–ˆâ–ˆâ–ˆâ–ˆâ–ˆâ–Š  | 273/351 [00:03<00:01, 76.24it/s]
Layer_W3_M3 Epoch 6/8:  80%|â–ˆâ–ˆâ–ˆâ–ˆâ–ˆâ–ˆâ–ˆâ–ˆ  | 282/351 [00:03<00:00, 79.63it/s]
Layer_W3_M3 Epoch 6/8:  83%|â–ˆâ–ˆâ–ˆâ–ˆâ–ˆâ–ˆâ–ˆâ–ˆâ–Ž | 291/351 [00:03<00:00, 82.14it/s]
Layer_W3_M3 Epoch 6/8:  85%|â–ˆâ–ˆâ–ˆâ–ˆâ–ˆâ–ˆâ–ˆâ–ˆâ–Œ | 300/351 [00:03<00:00, 84.16it/s]
Layer_W3_M3 Epoch 6/8:  88%|â–ˆâ–ˆâ–ˆâ–ˆâ–ˆâ–ˆâ–ˆâ–ˆâ–Š | 309/351 [00:03<00:00, 76.50it/s]
Layer_W3_M3 Epoch 6/8:  91%|â–ˆâ–ˆâ–ˆâ–ˆâ–ˆâ–ˆâ–ˆâ–ˆâ–ˆ | 318/351 [00:03<00:00, 79.99it/s]
Layer_W3_M3 Epoch 6/8:  93%|â–ˆâ–ˆâ–ˆâ–ˆâ–ˆâ–ˆâ–ˆâ–ˆâ–ˆâ–Ž| 327/351 [00:04<00:00, 82.53it/s]
Layer_W3_M3 Epoch 6/8:  96%|â–ˆâ–ˆâ–ˆâ–ˆâ–ˆâ–ˆâ–ˆâ–ˆâ–ˆâ–Œ| 337/351 [00:04<00:00, 77.87it/s]
Layer_W3_M3 Epoch 6/8:  98%|â–ˆâ–ˆâ–ˆâ–ˆâ–ˆâ–ˆâ–ˆâ–ˆâ–ˆâ–Š| 345/351 [00:04<00:00, 77.48it/s]
Layer_W3_M3 Epoch 6/8:  98%|â–ˆâ–ˆâ–ˆâ–ˆâ–ˆâ–ˆâ–ˆâ–ˆâ–ˆâ–Š| 345/351 [00:04<00:00, 77.48it/s, loss=2.617203]
                                                                                       
[codecarbon INFO @ 04:13:03] Energy consumed for RAM : 0.001082 kWh. RAM Power : 38.0 W

Layer_W3_M3 Epoch 7/8:   0%|          | 0/351 [00:00<?, ?it/s]
Layer_W3_M3 Epoch 7/8:   1%|â–         | 5/351 [00:00<00:07, 45.30it/s]
Layer_W3_M3 Epoch 7/8:   4%|â–         | 14/351 [00:00<00:04, 70.05it/s]
Layer_W3_M3 Epoch 7/8:   7%|â–‹         | 23/351 [00:00<00:04, 78.38it/s]
Layer_W3_M3 Epoch 7/8:   9%|â–‰         | 33/351 [00:00<00:04, 74.43it/s][codecarbon INFO @ 04:13:04] Delta energy consumed for CPU with cpu_load : 0.000303 kWh, power : 75.290625 W
[codecarbon INFO @ 04:13:04] Energy consumed for All CPU : 0.002124 kWh
[codecarbon INFO @ 04:13:04] Energy consumed for all GPUs : 0.001934 kWh. Total GPU Power : 65.37010802598398 W
[codecarbon INFO @ 04:13:04] 0.005140 kWh of electricity used since the beginning.

Layer_W3_M3 Epoch 7/8:  12%|â–ˆâ–        | 42/351 [00:00<00:03, 79.06it/s]
Layer_W3_M3 Epoch 7/8:  15%|â–ˆâ–        | 51/351 [00:00<00:03, 82.32it/s]
Layer_W3_M3 Epoch 7/8:  17%|â–ˆâ–‹        | 60/351 [00:00<00:03, 84.34it/s]
Layer_W3_M3 Epoch 7/8:  20%|â–ˆâ–‰        | 69/351 [00:00<00:03, 76.61it/s]
Layer_W3_M3 Epoch 7/8:  22%|â–ˆâ–ˆâ–       | 78/351 [00:01<00:03, 80.31it/s]
Layer_W3_M3 Epoch 7/8:  25%|â–ˆâ–ˆâ–       | 87/351 [00:01<00:03, 81.42it/s]
Layer_W3_M3 Epoch 7/8:  27%|â–ˆâ–ˆâ–‹       | 96/351 [00:01<00:03, 83.47it/s]
Layer_W3_M3 Epoch 7/8:  30%|â–ˆâ–ˆâ–‰       | 105/351 [00:01<00:03, 77.61it/s]
Layer_W3_M3 Epoch 7/8:  32%|â–ˆâ–ˆâ–ˆâ–      | 114/351 [00:01<00:02, 80.76it/s]
Layer_W3_M3 Epoch 7/8:  35%|â–ˆâ–ˆâ–ˆâ–Œ      | 123/351 [00:01<00:02, 80.64it/s]
Layer_W3_M3 Epoch 7/8:  38%|â–ˆâ–ˆâ–ˆâ–Š      | 132/351 [00:01<00:02, 82.82it/s]
Layer_W3_M3 Epoch 7/8:  40%|â–ˆâ–ˆâ–ˆâ–ˆ      | 141/351 [00:01<00:02, 78.49it/s]
Layer_W3_M3 Epoch 7/8:  43%|â–ˆâ–ˆâ–ˆâ–ˆâ–Ž     | 150/351 [00:01<00:02, 81.11it/s]
Layer_W3_M3 Epoch 7/8:  45%|â–ˆâ–ˆâ–ˆâ–ˆâ–Œ     | 159/351 [00:02<00:02, 79.78it/s]
Layer_W3_M3 Epoch 7/8:  48%|â–ˆâ–ˆâ–ˆâ–ˆâ–Š     | 168/351 [00:02<00:02, 82.16it/s]
Layer_W3_M3 Epoch 7/8:  50%|â–ˆâ–ˆâ–ˆâ–ˆâ–ˆ     | 177/351 [00:02<00:02, 79.45it/s]
Layer_W3_M3 Epoch 7/8:  53%|â–ˆâ–ˆâ–ˆâ–ˆâ–ˆâ–Ž    | 186/351 [00:02<00:02, 81.61it/s]
Layer_W3_M3 Epoch 7/8:  56%|â–ˆâ–ˆâ–ˆâ–ˆâ–ˆâ–Œ    | 195/351 [00:02<00:01, 78.94it/s]
Layer_W3_M3 Epoch 7/8:  58%|â–ˆâ–ˆâ–ˆâ–ˆâ–ˆâ–Š    | 203/351 [00:02<00:01, 79.17it/s]
Layer_W3_M3 Epoch 7/8:  60%|â–ˆâ–ˆâ–ˆâ–ˆâ–ˆâ–ˆ    | 211/351 [00:02<00:01, 79.35it/s]
Layer_W3_M3 Epoch 7/8:  63%|â–ˆâ–ˆâ–ˆâ–ˆâ–ˆâ–ˆâ–Ž   | 220/351 [00:02<00:01, 82.08it/s]
Layer_W3_M3 Epoch 7/8:  65%|â–ˆâ–ˆâ–ˆâ–ˆâ–ˆâ–ˆâ–Œ   | 229/351 [00:02<00:01, 81.45it/s]
Layer_W3_M3 Epoch 7/8:  68%|â–ˆâ–ˆâ–ˆâ–ˆâ–ˆâ–ˆâ–Š   | 238/351 [00:02<00:01, 82.90it/s]
Layer_W3_M3 Epoch 7/8:  70%|â–ˆâ–ˆâ–ˆâ–ˆâ–ˆâ–ˆâ–ˆ   | 247/351 [00:03<00:01, 77.72it/s]
Layer_W3_M3 Epoch 7/8:  73%|â–ˆâ–ˆâ–ˆâ–ˆâ–ˆâ–ˆâ–ˆâ–Ž  | 256/351 [00:03<00:01, 80.76it/s]
Layer_W3_M3 Epoch 7/8:  75%|â–ˆâ–ˆâ–ˆâ–ˆâ–ˆâ–ˆâ–ˆâ–Œ  | 265/351 [00:03<00:01, 81.74it/s]
Layer_W3_M3 Epoch 7/8:  78%|â–ˆâ–ˆâ–ˆâ–ˆâ–ˆâ–ˆâ–ˆâ–Š  | 274/351 [00:03<00:00, 82.81it/s]
Layer_W3_M3 Epoch 7/8:  81%|â–ˆâ–ˆâ–ˆâ–ˆâ–ˆâ–ˆâ–ˆâ–ˆ  | 283/351 [00:03<00:00, 77.50it/s]
Layer_W3_M3 Epoch 7/8:  83%|â–ˆâ–ˆâ–ˆâ–ˆâ–ˆâ–ˆâ–ˆâ–ˆâ–Ž | 292/351 [00:03<00:00, 80.56it/s]
Layer_W3_M3 Epoch 7/8:  86%|â–ˆâ–ˆâ–ˆâ–ˆâ–ˆâ–ˆâ–ˆâ–ˆâ–Œ | 301/351 [00:03<00:00, 81.56it/s]
Layer_W3_M3 Epoch 7/8:  88%|â–ˆâ–ˆâ–ˆâ–ˆâ–ˆâ–ˆâ–ˆâ–ˆâ–Š | 310/351 [00:03<00:00, 83.50it/s]
Layer_W3_M3 Epoch 7/8:  91%|â–ˆâ–ˆâ–ˆâ–ˆâ–ˆâ–ˆâ–ˆâ–ˆâ–ˆ | 319/351 [00:04<00:00, 77.37it/s]
Layer_W3_M3 Epoch 7/8:  93%|â–ˆâ–ˆâ–ˆâ–ˆâ–ˆâ–ˆâ–ˆâ–ˆâ–ˆâ–Ž| 328/351 [00:04<00:00, 80.50it/s]
Layer_W3_M3 Epoch 7/8:  96%|â–ˆâ–ˆâ–ˆâ–ˆâ–ˆâ–ˆâ–ˆâ–ˆâ–ˆâ–Œ| 337/351 [00:04<00:00, 81.46it/s]
Layer_W3_M3 Epoch 7/8:  99%|â–ˆâ–ˆâ–ˆâ–ˆâ–ˆâ–ˆâ–ˆâ–ˆâ–ˆâ–Š| 346/351 [00:04<00:00, 82.22it/s]
Layer_W3_M3 Epoch 7/8:  99%|â–ˆâ–ˆâ–ˆâ–ˆâ–ˆâ–ˆâ–ˆâ–ˆâ–ˆâ–Š| 346/351 [00:04<00:00, 82.22it/s, loss=2.959813]
                                                                                       

Layer_W3_M3 Epoch 8/8:   0%|          | 0/351 [00:00<?, ?it/s]
Layer_W3_M3 Epoch 8/8:   1%|â–         | 5/351 [00:00<00:08, 43.00it/s]
Layer_W3_M3 Epoch 8/8:   4%|â–Ž         | 13/351 [00:00<00:05, 63.17it/s]
Layer_W3_M3 Epoch 8/8:   6%|â–‹         | 22/351 [00:00<00:04, 74.78it/s]
Layer_W3_M3 Epoch 8/8:   9%|â–‰         | 32/351 [00:00<00:03, 84.44it/s]
Layer_W3_M3 Epoch 8/8:  12%|â–ˆâ–        | 41/351 [00:00<00:04, 74.98it/s]
Layer_W3_M3 Epoch 8/8:  14%|â–ˆâ–        | 50/351 [00:00<00:03, 79.38it/s]
Layer_W3_M3 Epoch 8/8:  17%|â–ˆâ–‹        | 59/351 [00:00<00:03, 82.12it/s]
Layer_W3_M3 Epoch 8/8:  19%|â–ˆâ–‰        | 68/351 [00:00<00:03, 84.05it/s]
Layer_W3_M3 Epoch 8/8:  22%|â–ˆâ–ˆâ–       | 77/351 [00:01<00:03, 76.96it/s]
Layer_W3_M3 Epoch 8/8:  25%|â–ˆâ–ˆâ–       | 86/351 [00:01<00:03, 80.49it/s]
Layer_W3_M3 Epoch 8/8:  27%|â–ˆâ–ˆâ–‹       | 95/351 [00:01<00:03, 81.27it/s]
Layer_W3_M3 Epoch 8/8:  30%|â–ˆâ–ˆâ–‰       | 104/351 [00:01<00:02, 83.34it/s]
Layer_W3_M3 Epoch 8/8:  32%|â–ˆâ–ˆâ–ˆâ–      | 113/351 [00:01<00:03, 77.88it/s]
Layer_W3_M3 Epoch 8/8:  35%|â–ˆâ–ˆâ–ˆâ–      | 122/351 [00:01<00:02, 80.45it/s]
Layer_W3_M3 Epoch 8/8:  37%|â–ˆâ–ˆâ–ˆâ–‹      | 131/351 [00:01<00:02, 80.61it/s]
Layer_W3_M3 Epoch 8/8:  40%|â–ˆâ–ˆâ–ˆâ–‰      | 140/351 [00:01<00:02, 82.99it/s]
Layer_W3_M3 Epoch 8/8:  42%|â–ˆâ–ˆâ–ˆâ–ˆâ–     | 149/351 [00:01<00:02, 78.65it/s]
Layer_W3_M3 Epoch 8/8:  45%|â–ˆâ–ˆâ–ˆâ–ˆâ–Œ     | 158/351 [00:01<00:02, 80.71it/s]
Layer_W3_M3 Epoch 8/8:  48%|â–ˆâ–ˆâ–ˆâ–ˆâ–Š     | 167/351 [00:02<00:02, 80.01it/s]
Layer_W3_M3 Epoch 8/8:  50%|â–ˆâ–ˆâ–ˆâ–ˆâ–ˆ     | 176/351 [00:02<00:02, 82.62it/s]
Layer_W3_M3 Epoch 8/8:  53%|â–ˆâ–ˆâ–ˆâ–ˆâ–ˆâ–Ž    | 185/351 [00:02<00:02, 79.39it/s]
Layer_W3_M3 Epoch 8/8:  55%|â–ˆâ–ˆâ–ˆâ–ˆâ–ˆâ–Œ    | 194/351 [00:02<00:01, 80.07it/s]
Layer_W3_M3 Epoch 8/8:  58%|â–ˆâ–ˆâ–ˆâ–ˆâ–ˆâ–Š    | 203/351 [00:02<00:01, 80.22it/s]
Layer_W3_M3 Epoch 8/8:  60%|â–ˆâ–ˆâ–ˆâ–ˆâ–ˆâ–ˆ    | 212/351 [00:02<00:01, 82.66it/s]
Layer_W3_M3 Epoch 8/8:  63%|â–ˆâ–ˆâ–ˆâ–ˆâ–ˆâ–ˆâ–Ž   | 221/351 [00:02<00:01, 79.82it/s]
Layer_W3_M3 Epoch 8/8:  66%|â–ˆâ–ˆâ–ˆâ–ˆâ–ˆâ–ˆâ–Œ   | 230/351 [00:02<00:01, 79.39it/s]
Layer_W3_M3 Epoch 8/8:  68%|â–ˆâ–ˆâ–ˆâ–ˆâ–ˆâ–ˆâ–Š   | 239/351 [00:03<00:01, 80.90it/s]
Layer_W3_M3 Epoch 8/8:  71%|â–ˆâ–ˆâ–ˆâ–ˆâ–ˆâ–ˆâ–ˆ   | 248/351 [00:03<00:01, 83.18it/s]
Layer_W3_M3 Epoch 8/8:  73%|â–ˆâ–ˆâ–ˆâ–ˆâ–ˆâ–ˆâ–ˆâ–Ž  | 257/351 [00:03<00:01, 79.42it/s]
Layer_W3_M3 Epoch 8/8:  76%|â–ˆâ–ˆâ–ˆâ–ˆâ–ˆâ–ˆâ–ˆâ–Œ  | 266/351 [00:03<00:01, 79.14it/s]
Layer_W3_M3 Epoch 8/8:  78%|â–ˆâ–ˆâ–ˆâ–ˆâ–ˆâ–ˆâ–ˆâ–Š  | 275/351 [00:03<00:00, 80.91it/s]
Layer_W3_M3 Epoch 8/8:  81%|â–ˆâ–ˆâ–ˆâ–ˆâ–ˆâ–ˆâ–ˆâ–ˆ  | 284/351 [00:03<00:00, 83.37it/s]
Layer_W3_M3 Epoch 8/8:  83%|â–ˆâ–ˆâ–ˆâ–ˆâ–ˆâ–ˆâ–ˆâ–ˆâ–Ž | 293/351 [00:03<00:00, 79.68it/s]
Layer_W3_M3 Epoch 8/8:  86%|â–ˆâ–ˆâ–ˆâ–ˆâ–ˆâ–ˆâ–ˆâ–ˆâ–Œ | 302/351 [00:03<00:00, 78.97it/s]
Layer_W3_M3 Epoch 8/8:  89%|â–ˆâ–ˆâ–ˆâ–ˆâ–ˆâ–ˆâ–ˆâ–ˆâ–Š | 311/351 [00:03<00:00, 81.35it/s]
Layer_W3_M3 Epoch 8/8:  91%|â–ˆâ–ˆâ–ˆâ–ˆâ–ˆâ–ˆâ–ˆâ–ˆâ–ˆ | 320/351 [00:03<00:00, 83.59it/s]
Layer_W3_M3 Epoch 8/8:  94%|â–ˆâ–ˆâ–ˆâ–ˆâ–ˆâ–ˆâ–ˆâ–ˆâ–ˆâ–Ž| 329/351 [00:04<00:00, 79.31it/s]
Layer_W3_M3 Epoch 8/8:  96%|â–ˆâ–ˆâ–ˆâ–ˆâ–ˆâ–ˆâ–ˆâ–ˆâ–ˆâ–‹| 338/351 [00:04<00:00, 79.74it/s]
Layer_W3_M3 Epoch 8/8:  99%|â–ˆâ–ˆâ–ˆâ–ˆâ–ˆâ–ˆâ–ˆâ–ˆâ–ˆâ–‰| 347/351 [00:04<00:00, 81.64it/s]
Layer_W3_M3 Epoch 8/8:  99%|â–ˆâ–ˆâ–ˆâ–ˆâ–ˆâ–ˆâ–ˆâ–ˆâ–ˆâ–‰| 347/351 [00:04<00:00, 81.64it/s, loss=2.432277]
                                                                                       

Evaluating MF MF_MLP (BP-style):   0%|          | 0/40 [00:00<?, ?it/s]
Evaluating MF MF_MLP (BP-style):   2%|â–Ž         | 1/40 [00:00<00:04,  9.48it/s]
Evaluating MF MF_MLP (BP-style):  32%|â–ˆâ–ˆâ–ˆâ–Ž      | 13/40 [00:00<00:00, 64.18it/s]
Evaluating MF MF_MLP (BP-style):  62%|â–ˆâ–ˆâ–ˆâ–ˆâ–ˆâ–ˆâ–Ž   | 25/40 [00:00<00:00, 77.01it/s]
Evaluating MF MF_MLP (BP-style):  92%|â–ˆâ–ˆâ–ˆâ–ˆâ–ˆâ–ˆâ–ˆâ–ˆâ–ˆâ–Ž| 37/40 [00:00<00:00, 83.01it/s]
                                                                                
[codecarbon INFO @ 04:13:13] Energy consumed for RAM : 0.001180 kWh. RAM Power : 38.0 W
[codecarbon INFO @ 04:13:13] Delta energy consumed for CPU with cpu_load : 0.000174 kWh, power : 67.00909090909092 W
[codecarbon INFO @ 04:13:13] Energy consumed for All CPU : 0.002298 kWh
[codecarbon INFO @ 04:13:13] Energy consumed for all GPUs : 0.002112 kWh. Total GPU Power : 65.10981315749396 W
[codecarbon INFO @ 04:13:13] 0.005590 kWh of electricity used since the beginning.
[codecarbon INFO @ 04:13:13] 0.031940 g.CO2eq/s mean an estimation of 1,007.2469298367478 kg.CO2eq/year
wandb:                                                                                
wandb: 
wandb: Run history:
wandb:         Layer_W1_M1/Epochs_Trained â–
wandb: Layer_W1_M1/GPU_Mem_Used_MiB_Batch â–â–ˆâ–ˆâ–ˆâ–ˆâ–ˆâ–ˆâ–ˆ
wandb: Layer_W1_M1/Peak_GPU_Mem_Epoch_MiB â–â–ˆâ–ˆâ–ˆâ–ˆâ–ˆâ–ˆâ–ˆ
wandb: Layer_W1_M1/Peak_GPU_Mem_Layer_MiB â–
wandb:       Layer_W1_M1/Train_Loss_Batch â–ˆâ–ƒâ–‚â–…â–ƒâ–‚â–ƒâ–
wandb:    Layer_W1_M1/Train_Loss_EpochAvg â–ˆâ–…â–„â–ƒâ–‚â–‚â–â–
wandb:    Layer_W1_M1/Train_Loss_LayerAvg â–
wandb:    Layer_W1_M1/Val_LocalLoss_Epoch â–ˆâ–†â–…â–ƒâ–‚â–‚â–â–‚
wandb:         Layer_W2_M2/Epochs_Trained â–
wandb: Layer_W2_M2/GPU_Mem_Used_MiB_Batch â–â–â–â–â–â–â–â–
wandb: Layer_W2_M2/Peak_GPU_Mem_Epoch_MiB â–â–â–â–â–â–â–â–
wandb: Layer_W2_M2/Peak_GPU_Mem_Layer_MiB â–
wandb:       Layer_W2_M2/Train_Loss_Batch â–ˆâ–…â–†â–…â–ƒâ–â–‚â–
wandb:    Layer_W2_M2/Train_Loss_EpochAvg â–ˆâ–…â–„â–ƒâ–‚â–‚â–â–
wandb:    Layer_W2_M2/Train_Loss_LayerAvg â–
wandb:    Layer_W2_M2/Val_LocalLoss_Epoch â–ˆâ–…â–„â–ƒâ–‚â–â–â–
wandb:         Layer_W3_M3/Epochs_Trained â–
wandb: Layer_W3_M3/GPU_Mem_Used_MiB_Batch â–â–â–â–â–â–â–â–
wandb: Layer_W3_M3/Peak_GPU_Mem_Epoch_MiB â–â–â–â–â–â–â–â–
wandb: Layer_W3_M3/Peak_GPU_Mem_Layer_MiB â–
wandb:       Layer_W3_M3/Train_Loss_Batch â–ˆâ–…â–…â–ˆâ–†â–ƒâ–…â–
wandb:    Layer_W3_M3/Train_Loss_EpochAvg â–ˆâ–…â–„â–ƒâ–‚â–‚â–â–
wandb:    Layer_W3_M3/Train_Loss_LayerAvg â–
wandb:    Layer_W3_M3/Val_LocalLoss_Epoch â–ˆâ–…â–„â–ƒâ–‚â–‚â–‚â–
wandb:               estimated_fwd_gflops â–
wandb:                final/Test_Accuracy â–
wandb:   final/codecarbon_emissions_gCO2e â–
wandb:         final/estimated_fwd_gflops â–
wandb:        final/peak_gpu_mem_used_mib â–
wandb:      final/total_gpu_energy_joules â–
wandb:          final/total_gpu_energy_wh â–
wandb:       final/total_run_duration_sec â–
wandb:        final/training_duration_sec â–
wandb:                        global_step â–â–â–â–‚â–‚â–‚â–‚â–‚â–‚â–‚â–ƒâ–ƒâ–ƒâ–ƒâ–ƒâ–„â–„â–„â–„â–„â–„â–…â–…â–…â–…â–…â–…â–…â–†â–†â–‡â–‡â–‡â–‡â–‡â–‡â–‡â–‡â–ˆâ–ˆ
wandb:           initial_gpu_mem_used_mib â–
wandb:             model_parameters_total â–
wandb:         model_parameters_trainable â–
wandb: 
wandb: Run summary:
wandb:         Layer_W1_M1/Epochs_Trained 8
wandb: Layer_W1_M1/GPU_Mem_Used_MiB_Batch 1074
wandb: Layer_W1_M1/Peak_GPU_Mem_Epoch_MiB 1074
wandb: Layer_W1_M1/Peak_GPU_Mem_Layer_MiB 1074
wandb:       Layer_W1_M1/Train_Loss_Batch 3.31822
wandb:    Layer_W1_M1/Train_Loss_EpochAvg 3.24251
wandb:    Layer_W1_M1/Train_Loss_LayerAvg 3.24251
wandb:    Layer_W1_M1/Val_LocalLoss_Epoch 3.27137
wandb:         Layer_W2_M2/Epochs_Trained 8
wandb: Layer_W2_M2/GPU_Mem_Used_MiB_Batch 1126
wandb: Layer_W2_M2/Peak_GPU_Mem_Epoch_MiB 1126
wandb: Layer_W2_M2/Peak_GPU_Mem_Layer_MiB 1126
wandb:       Layer_W2_M2/Train_Loss_Batch 2.63055
wandb:    Layer_W2_M2/Train_Loss_EpochAvg 2.87757
wandb:    Layer_W2_M2/Train_Loss_LayerAvg 2.87757
wandb:    Layer_W2_M2/Val_LocalLoss_Epoch 3.02355
wandb:         Layer_W3_M3/Epochs_Trained 8
wandb: Layer_W3_M3/GPU_Mem_Used_MiB_Batch 1142
wandb: Layer_W3_M3/Peak_GPU_Mem_Epoch_MiB 1142
wandb: Layer_W3_M3/Peak_GPU_Mem_Layer_MiB 1142
wandb:       Layer_W3_M3/Train_Loss_Batch 2.43228
wandb:    Layer_W3_M3/Train_Loss_EpochAvg 2.60308
wandb:    Layer_W3_M3/Train_Loss_LayerAvg 2.60308
wandb:    Layer_W3_M3/Val_LocalLoss_Epoch 2.9463
wandb:             codecarbon_country_iso POL
wandb:                 codecarbon_enabled True
wandb:                    codecarbon_mode offline
wandb:         estimated_bp_update_gflops nan
wandb:               estimated_fwd_gflops 0.02869
wandb:                final/Test_Accuracy 30.48
wandb:                    final/Test_Loss nan
wandb:   final/codecarbon_emissions_gCO2e 3.70004
wandb:   final/estimated_bp_update_gflops nan
wandb:         final/estimated_fwd_gflops 0.02869
wandb:        final/peak_gpu_mem_used_mib 1142
wandb:      final/total_gpu_energy_joules 7379.92646
wandb:          final/total_gpu_energy_wh 2.04998
wandb:       final/total_run_duration_sec 117.15895
wandb:        final/training_duration_sec 111.73765
wandb:           initial_gpu_mem_used_mib 336.625
wandb:             model_parameters_total 15257300
wandb:         model_parameters_trainable 15257300
wandb: 
wandb: ðŸš€ View run mf_cifar100_mlp_3x2000 at: https://wandb.ai/przspyra11/BeyondBackpropagation/runs/7a0up4gi
wandb: â­ï¸ View project at: https://wandb.ai/przspyra11/BeyondBackpropagation
wandb: Synced 5 W&B file(s), 0 media file(s), 0 artifact file(s) and 0 other file(s)
wandb: Find logs at: ./wandb/run-20250508_041116-7a0up4gi/logs
