 binutils/2.38 loaded.
 bzip2/1.0.8 loaded.
 zlib/1.2.12 loaded.
 ncurses/6.3 loaded.
 libreadline/8.1.2 loaded.
 Tcl/8.6.12 loaded.
 SQLite/3.38.3 loaded.
 XZ/5.2.5 loaded.
 GMP/6.2.1 loaded.
 libffi/3.4.2 loaded.
 OpenSSL/1.1 loaded.
 Python/3.10.4 loaded.
 CUDA/12.4.0 loaded.

Currently Loaded Modules:
  1) binutils/2.38   5) libreadline/8.1.2   9) GMP/6.2.1      13) CUDA/12.4.0
  2) bzip2/1.0.8     6) Tcl/8.6.12         10) libffi/3.4.2
  3) zlib/1.2.12     7) SQLite/3.38.3      11) OpenSSL/1.1
  4) ncurses/6.3     8) XZ/5.2.5           12) Python/3.10.4

 

2025-05-08 04:08:39,253 - src.utils.config_parser - INFO - Successfully merged configuration from configs/mf/fashion_mnist_mlp_2x1000.yaml and configs/base.yaml
wandb: Using wandb-core as the SDK backend.  Please refer to https://wandb.me/wandb-core for more information.
wandb: Currently logged in as: przspyra11 (agh_racing) to https://api.wandb.ai. Use `wandb login --relogin` to force relogin
wandb: Tracking run with wandb version 0.19.8
wandb: Run data is saved locally in /net/tscratch/people/plgspyra/BeyondBackpropagation/wandb/run-20250508_040839-j21xymit
wandb: Run `wandb offline` to turn off syncing.
wandb: Syncing run mf_fashion_mnist_mlp_2x1000
wandb: â­ï¸ View project at https://wandb.ai/przspyra11/BeyondBackpropagation
wandb: ðŸš€ View run at https://wandb.ai/przspyra11/BeyondBackpropagation/runs/j21xymit
[codecarbon INFO @ 04:08:40] offline tracker init
[codecarbon INFO @ 04:08:40] [setup] RAM Tracking...
[codecarbon INFO @ 04:08:40] [setup] CPU Tracking...
 Linux OS detected: Please ensure RAPL files exist at /sys/class/powercap/intel-rapl/subsystem to measure CPU

[codecarbon INFO @ 04:08:40] CPU Model on constant consumption mode: AMD EPYC 7742 64-Core Processor
[codecarbon INFO @ 04:08:40] [setup] GPU Tracking...
[codecarbon INFO @ 04:08:40] Tracking Nvidia GPU via pynvml
[codecarbon INFO @ 04:08:40] The below tracking methods have been set up:
                RAM Tracking Method: RAM power estimation model
                CPU Tracking Method: cpu_load
                GPU Tracking Method: pynvml
            
[codecarbon INFO @ 04:08:40] >>> Tracker's metadata:
[codecarbon INFO @ 04:08:40]   Platform system: Linux-5.14.0-503.26.1.el9_5.x86_64-x86_64-with-glibc2.34
[codecarbon INFO @ 04:08:40]   Python version: 3.10.4
[codecarbon INFO @ 04:08:40]   CodeCarbon version: 3.0.1
[codecarbon INFO @ 04:08:40]   Available RAM : 125.000 GB
[codecarbon INFO @ 04:08:40]   CPU count: 16 thread(s) in 2 physical CPU(s)
[codecarbon INFO @ 04:08:40]   CPU model: AMD EPYC 7742 64-Core Processor
[codecarbon INFO @ 04:08:40]   GPU count: 1
[codecarbon INFO @ 04:08:40]   GPU model: 1 x NVIDIA A100-SXM4-40GB BUT only tracking these GPU ids : [0]
[codecarbon INFO @ 04:08:40] Emissions data (if any) will be saved to file /net/tscratch/people/plgspyra/BeyondBackpropagation/results/carbon/mf_fashion_mnist_mlp_2x1000_carbon.csv

Layer_W1_M1 Epoch 1/12:   0%|          | 0/421 [00:00<?, ?it/s]
Layer_W1_M1 Epoch 1/12:   0%|          | 1/421 [00:00<00:45,  9.30it/s]
Layer_W1_M1 Epoch 1/12:   6%|â–‹         | 27/421 [00:00<00:02, 146.89it/s]
Layer_W1_M1 Epoch 1/12:  12%|â–ˆâ–        | 50/421 [00:00<00:02, 181.77it/s]
Layer_W1_M1 Epoch 1/12:  17%|â–ˆâ–‹        | 71/421 [00:00<00:01, 188.41it/s]
Layer_W1_M1 Epoch 1/12:  23%|â–ˆâ–ˆâ–Ž       | 95/421 [00:00<00:01, 197.03it/s]
Layer_W1_M1 Epoch 1/12:  28%|â–ˆâ–ˆâ–Š       | 119/421 [00:00<00:01, 200.83it/s]
Layer_W1_M1 Epoch 1/12:  34%|â–ˆâ–ˆâ–ˆâ–      | 143/421 [00:00<00:01, 203.78it/s]
Layer_W1_M1 Epoch 1/12:  40%|â–ˆâ–ˆâ–ˆâ–‰      | 167/421 [00:00<00:01, 206.47it/s]
Layer_W1_M1 Epoch 1/12:  45%|â–ˆâ–ˆâ–ˆâ–ˆâ–Œ     | 191/421 [00:00<00:01, 208.10it/s]
Layer_W1_M1 Epoch 1/12:  51%|â–ˆâ–ˆâ–ˆâ–ˆâ–ˆ     | 215/421 [00:01<00:00, 208.54it/s]
Layer_W1_M1 Epoch 1/12:  57%|â–ˆâ–ˆâ–ˆâ–ˆâ–ˆâ–‹    | 239/421 [00:01<00:00, 209.30it/s]
Layer_W1_M1 Epoch 1/12:  62%|â–ˆâ–ˆâ–ˆâ–ˆâ–ˆâ–ˆâ–   | 262/421 [00:01<00:00, 214.74it/s]
Layer_W1_M1 Epoch 1/12:  67%|â–ˆâ–ˆâ–ˆâ–ˆâ–ˆâ–ˆâ–‹   | 284/421 [00:01<00:00, 209.47it/s]
Layer_W1_M1 Epoch 1/12:  73%|â–ˆâ–ˆâ–ˆâ–ˆâ–ˆâ–ˆâ–ˆâ–Ž  | 307/421 [00:01<00:00, 207.89it/s]
Layer_W1_M1 Epoch 1/12:  78%|â–ˆâ–ˆâ–ˆâ–ˆâ–ˆâ–ˆâ–ˆâ–Š  | 330/421 [00:01<00:00, 213.32it/s]
Layer_W1_M1 Epoch 1/12:  84%|â–ˆâ–ˆâ–ˆâ–ˆâ–ˆâ–ˆâ–ˆâ–ˆâ–Ž | 352/421 [00:01<00:00, 210.21it/s]
Layer_W1_M1 Epoch 1/12:  89%|â–ˆâ–ˆâ–ˆâ–ˆâ–ˆâ–ˆâ–ˆâ–ˆâ–‰ | 374/421 [00:01<00:00, 212.72it/s]
Layer_W1_M1 Epoch 1/12:  94%|â–ˆâ–ˆâ–ˆâ–ˆâ–ˆâ–ˆâ–ˆâ–ˆâ–ˆâ–| 396/421 [00:01<00:00, 209.42it/s]
Layer_W1_M1 Epoch 1/12:  99%|â–ˆâ–ˆâ–ˆâ–ˆâ–ˆâ–ˆâ–ˆâ–ˆâ–ˆâ–‰| 417/421 [00:02<00:00, 207.32it/s]
Layer_W1_M1 Epoch 1/12:  99%|â–ˆâ–ˆâ–ˆâ–ˆâ–ˆâ–ˆâ–ˆâ–ˆâ–ˆâ–‰| 417/421 [00:02<00:00, 207.32it/s, loss=0.358022]
                                                                                         

Layer_W1_M1 Epoch 2/12:   0%|          | 0/421 [00:00<?, ?it/s]
Layer_W1_M1 Epoch 2/12:   4%|â–         | 16/421 [00:00<00:02, 159.98it/s]
Layer_W1_M1 Epoch 2/12:   9%|â–‰         | 37/421 [00:00<00:02, 185.37it/s]
Layer_W1_M1 Epoch 2/12:  14%|â–ˆâ–        | 58/421 [00:00<00:01, 195.82it/s]
Layer_W1_M1 Epoch 2/12:  19%|â–ˆâ–‰        | 81/421 [00:00<00:01, 204.13it/s]
Layer_W1_M1 Epoch 2/12:  24%|â–ˆâ–ˆâ–       | 103/421 [00:00<00:01, 208.69it/s]
Layer_W1_M1 Epoch 2/12:  30%|â–ˆâ–ˆâ–‰       | 125/421 [00:00<00:01, 208.93it/s]
Layer_W1_M1 Epoch 2/12:  35%|â–ˆâ–ˆâ–ˆâ–      | 146/421 [00:00<00:01, 209.21it/s]
Layer_W1_M1 Epoch 2/12:  40%|â–ˆâ–ˆâ–ˆâ–ˆ      | 169/421 [00:00<00:01, 211.04it/s]
Layer_W1_M1 Epoch 2/12:  45%|â–ˆâ–ˆâ–ˆâ–ˆâ–Œ     | 191/421 [00:00<00:01, 213.49it/s]
Layer_W1_M1 Epoch 2/12:  51%|â–ˆâ–ˆâ–ˆâ–ˆâ–ˆ     | 213/421 [00:01<00:00, 211.26it/s]
Layer_W1_M1 Epoch 2/12:  56%|â–ˆâ–ˆâ–ˆâ–ˆâ–ˆâ–Œ    | 236/421 [00:01<00:00, 215.36it/s]
Layer_W1_M1 Epoch 2/12:  61%|â–ˆâ–ˆâ–ˆâ–ˆâ–ˆâ–ˆâ–   | 258/421 [00:01<00:00, 212.14it/s]
Layer_W1_M1 Epoch 2/12:  67%|â–ˆâ–ˆâ–ˆâ–ˆâ–ˆâ–ˆâ–‹   | 280/421 [00:01<00:00, 213.40it/s]
Layer_W1_M1 Epoch 2/12:  72%|â–ˆâ–ˆâ–ˆâ–ˆâ–ˆâ–ˆâ–ˆâ–  | 302/421 [00:01<00:00, 212.51it/s]
Layer_W1_M1 Epoch 2/12:  77%|â–ˆâ–ˆâ–ˆâ–ˆâ–ˆâ–ˆâ–ˆâ–‹  | 324/421 [00:01<00:00, 212.06it/s]
Layer_W1_M1 Epoch 2/12:  82%|â–ˆâ–ˆâ–ˆâ–ˆâ–ˆâ–ˆâ–ˆâ–ˆâ– | 346/421 [00:01<00:00, 212.27it/s]
Layer_W1_M1 Epoch 2/12:  87%|â–ˆâ–ˆâ–ˆâ–ˆâ–ˆâ–ˆâ–ˆâ–ˆâ–‹ | 368/421 [00:01<00:00, 211.00it/s]
Layer_W1_M1 Epoch 2/12:  93%|â–ˆâ–ˆâ–ˆâ–ˆâ–ˆâ–ˆâ–ˆâ–ˆâ–ˆâ–Ž| 390/421 [00:01<00:00, 212.39it/s]
Layer_W1_M1 Epoch 2/12:  98%|â–ˆâ–ˆâ–ˆâ–ˆâ–ˆâ–ˆâ–ˆâ–ˆâ–ˆâ–Š| 412/421 [00:01<00:00, 210.46it/s]
Layer_W1_M1 Epoch 2/12:  98%|â–ˆâ–ˆâ–ˆâ–ˆâ–ˆâ–ˆâ–ˆâ–ˆâ–ˆâ–Š| 412/421 [00:02<00:00, 210.46it/s, loss=0.268242]
                                                                                         

Layer_W1_M1 Epoch 3/12:   0%|          | 0/421 [00:00<?, ?it/s]
Layer_W1_M1 Epoch 3/12:   4%|â–         | 17/421 [00:00<00:02, 160.16it/s]
Layer_W1_M1 Epoch 3/12:  10%|â–‰         | 41/421 [00:00<00:01, 192.53it/s]
Layer_W1_M1 Epoch 3/12:  15%|â–ˆâ–Œ        | 65/421 [00:00<00:01, 202.67it/s]
Layer_W1_M1 Epoch 3/12:  21%|â–ˆâ–ˆ        | 89/421 [00:00<00:01, 207.29it/s]
Layer_W1_M1 Epoch 3/12:  27%|â–ˆâ–ˆâ–‹       | 112/421 [00:00<00:01, 213.59it/s]
Layer_W1_M1 Epoch 3/12:  32%|â–ˆâ–ˆâ–ˆâ–      | 134/421 [00:00<00:01, 211.05it/s]
Layer_W1_M1 Epoch 3/12:  37%|â–ˆâ–ˆâ–ˆâ–‹      | 156/421 [00:00<00:01, 211.57it/s]
Layer_W1_M1 Epoch 3/12:  42%|â–ˆâ–ˆâ–ˆâ–ˆâ–     | 178/421 [00:00<00:01, 211.51it/s]
Layer_W1_M1 Epoch 3/12:  48%|â–ˆâ–ˆâ–ˆâ–ˆâ–Š     | 200/421 [00:00<00:01, 209.68it/s]
Layer_W1_M1 Epoch 3/12:  53%|â–ˆâ–ˆâ–ˆâ–ˆâ–ˆâ–Ž    | 222/421 [00:01<00:00, 212.40it/s]
Layer_W1_M1 Epoch 3/12:  58%|â–ˆâ–ˆâ–ˆâ–ˆâ–ˆâ–Š    | 244/421 [00:01<00:00, 208.22it/s]
Layer_W1_M1 Epoch 3/12:  63%|â–ˆâ–ˆâ–ˆâ–ˆâ–ˆâ–ˆâ–Ž   | 267/421 [00:01<00:00, 214.34it/s]
Layer_W1_M1 Epoch 3/12:  69%|â–ˆâ–ˆâ–ˆâ–ˆâ–ˆâ–ˆâ–Š   | 289/421 [00:01<00:00, 208.97it/s]
Layer_W1_M1 Epoch 3/12:  74%|â–ˆâ–ˆâ–ˆâ–ˆâ–ˆâ–ˆâ–ˆâ–  | 312/421 [00:01<00:00, 207.11it/s]
Layer_W1_M1 Epoch 3/12:  80%|â–ˆâ–ˆâ–ˆâ–ˆâ–ˆâ–ˆâ–ˆâ–‰  | 336/421 [00:01<00:00, 207.55it/s]
Layer_W1_M1 Epoch 3/12:  86%|â–ˆâ–ˆâ–ˆâ–ˆâ–ˆâ–ˆâ–ˆâ–ˆâ–Œ | 360/421 [00:01<00:00, 208.95it/s]
Layer_W1_M1 Epoch 3/12:  91%|â–ˆâ–ˆâ–ˆâ–ˆâ–ˆâ–ˆâ–ˆâ–ˆâ–ˆ | 384/421 [00:01<00:00, 209.20it/s]
Layer_W1_M1 Epoch 3/12:  97%|â–ˆâ–ˆâ–ˆâ–ˆâ–ˆâ–ˆâ–ˆâ–ˆâ–ˆâ–‹| 408/421 [00:01<00:00, 209.46it/s]
Layer_W1_M1 Epoch 3/12:  97%|â–ˆâ–ˆâ–ˆâ–ˆâ–ˆâ–ˆâ–ˆâ–ˆâ–ˆâ–‹| 408/421 [00:02<00:00, 209.46it/s, loss=0.400772]
                                                                                         

Layer_W1_M1 Epoch 4/12:   0%|          | 0/421 [00:00<?, ?it/s]
Layer_W1_M1 Epoch 4/12:   4%|â–         | 17/421 [00:00<00:02, 158.36it/s]
Layer_W1_M1 Epoch 4/12:  10%|â–‰         | 41/421 [00:00<00:01, 190.75it/s]
Layer_W1_M1 Epoch 4/12:  15%|â–ˆâ–Œ        | 65/421 [00:00<00:01, 200.05it/s]
Layer_W1_M1 Epoch 4/12:  21%|â–ˆâ–ˆ        | 89/421 [00:00<00:01, 204.09it/s]
Layer_W1_M1 Epoch 4/12:  27%|â–ˆâ–ˆâ–‹       | 113/421 [00:00<00:01, 206.36it/s]
Layer_W1_M1 Epoch 4/12:  32%|â–ˆâ–ˆâ–ˆâ–      | 136/421 [00:00<00:01, 213.49it/s]
Layer_W1_M1 Epoch 4/12:  38%|â–ˆâ–ˆâ–ˆâ–Š      | 158/421 [00:00<00:01, 208.59it/s]
Layer_W1_M1 Epoch 4/12:  43%|â–ˆâ–ˆâ–ˆâ–ˆâ–Ž     | 181/421 [00:00<00:01, 207.00it/s]
Layer_W1_M1 Epoch 4/12:  48%|â–ˆâ–ˆâ–ˆâ–ˆâ–Š     | 204/421 [00:00<00:01, 212.83it/s]
Layer_W1_M1 Epoch 4/12:  54%|â–ˆâ–ˆâ–ˆâ–ˆâ–ˆâ–Ž    | 226/421 [00:01<00:00, 208.88it/s]
Layer_W1_M1 Epoch 4/12:  59%|â–ˆâ–ˆâ–ˆâ–ˆâ–ˆâ–‰    | 248/421 [00:01<00:00, 212.05it/s]
Layer_W1_M1 Epoch 4/12:  64%|â–ˆâ–ˆâ–ˆâ–ˆâ–ˆâ–ˆâ–   | 270/421 [00:01<00:00, 207.58it/s]
Layer_W1_M1 Epoch 4/12:  70%|â–ˆâ–ˆâ–ˆâ–ˆâ–ˆâ–ˆâ–‰   | 293/421 [00:01<00:00, 206.70it/s]
Layer_W1_M1 Epoch 4/12:  75%|â–ˆâ–ˆâ–ˆâ–ˆâ–ˆâ–ˆâ–ˆâ–Œ  | 316/421 [00:01<00:00, 211.88it/s]
Layer_W1_M1 Epoch 4/12:  80%|â–ˆâ–ˆâ–ˆâ–ˆâ–ˆâ–ˆâ–ˆâ–ˆ  | 338/421 [00:01<00:00, 208.58it/s]
Layer_W1_M1 Epoch 4/12:  86%|â–ˆâ–ˆâ–ˆâ–ˆâ–ˆâ–ˆâ–ˆâ–ˆâ–Œ | 360/421 [00:01<00:00, 211.39it/s]
Layer_W1_M1 Epoch 4/12:  91%|â–ˆâ–ˆâ–ˆâ–ˆâ–ˆâ–ˆâ–ˆâ–ˆâ–ˆ | 382/421 [00:01<00:00, 207.72it/s]
Layer_W1_M1 Epoch 4/12:  96%|â–ˆâ–ˆâ–ˆâ–ˆâ–ˆâ–ˆâ–ˆâ–ˆâ–ˆâ–Œ| 404/421 [00:01<00:00, 210.72it/s]
Layer_W1_M1 Epoch 4/12:  96%|â–ˆâ–ˆâ–ˆâ–ˆâ–ˆâ–ˆâ–ˆâ–ˆâ–ˆâ–Œ| 404/421 [00:02<00:00, 210.72it/s, loss=0.252913]
                                                                                         

Layer_W1_M1 Epoch 5/12:   0%|          | 0/421 [00:00<?, ?it/s]
Layer_W1_M1 Epoch 5/12:   4%|â–         | 17/421 [00:00<00:02, 158.93it/s]
Layer_W1_M1 Epoch 5/12:  10%|â–‰         | 40/421 [00:00<00:01, 198.98it/s]
Layer_W1_M1 Epoch 5/12:  14%|â–ˆâ–        | 61/421 [00:00<00:01, 195.72it/s]
Layer_W1_M1 Epoch 5/12:  20%|â–ˆâ–‰        | 84/421 [00:00<00:01, 208.42it/s]
Layer_W1_M1 Epoch 5/12:  25%|â–ˆâ–ˆâ–       | 105/421 [00:00<00:01, 202.29it/s]
Layer_W1_M1 Epoch 5/12:  30%|â–ˆâ–ˆâ–ˆ       | 128/421 [00:00<00:01, 211.18it/s]
Layer_W1_M1 Epoch 5/12:  36%|â–ˆâ–ˆâ–ˆâ–Œ      | 150/421 [00:00<00:01, 207.08it/s]
Layer_W1_M1 Epoch 5/12:  41%|â–ˆâ–ˆâ–ˆâ–ˆ      | 173/421 [00:00<00:01, 206.11it/s]
Layer_W1_M1 Epoch 5/12:  47%|â–ˆâ–ˆâ–ˆâ–ˆâ–‹     | 196/421 [00:00<00:01, 212.85it/s]
Layer_W1_M1 Epoch 5/12:  52%|â–ˆâ–ˆâ–ˆâ–ˆâ–ˆâ–    | 218/421 [00:01<00:00, 208.67it/s]
Layer_W1_M1 Epoch 5/12:  57%|â–ˆâ–ˆâ–ˆâ–ˆâ–ˆâ–‹    | 241/421 [00:01<00:00, 207.33it/s]
Layer_W1_M1 Epoch 5/12:  63%|â–ˆâ–ˆâ–ˆâ–ˆâ–ˆâ–ˆâ–Ž   | 264/421 [00:01<00:00, 213.58it/s]
Layer_W1_M1 Epoch 5/12:  68%|â–ˆâ–ˆâ–ˆâ–ˆâ–ˆâ–ˆâ–Š   | 286/421 [00:01<00:00, 209.20it/s]
Layer_W1_M1 Epoch 5/12:  73%|â–ˆâ–ˆâ–ˆâ–ˆâ–ˆâ–ˆâ–ˆâ–Ž  | 309/421 [00:01<00:00, 207.51it/s]
Layer_W1_M1 Epoch 5/12:  79%|â–ˆâ–ˆâ–ˆâ–ˆâ–ˆâ–ˆâ–ˆâ–‰  | 332/421 [00:01<00:00, 213.69it/s]
Layer_W1_M1 Epoch 5/12:  84%|â–ˆâ–ˆâ–ˆâ–ˆâ–ˆâ–ˆâ–ˆâ–ˆâ– | 354/421 [00:01<00:00, 208.72it/s]
Layer_W1_M1 Epoch 5/12:  90%|â–ˆâ–ˆâ–ˆâ–ˆâ–ˆâ–ˆâ–ˆâ–ˆâ–‰ | 377/421 [00:01<00:00, 207.23it/s]
Layer_W1_M1 Epoch 5/12:  95%|â–ˆâ–ˆâ–ˆâ–ˆâ–ˆâ–ˆâ–ˆâ–ˆâ–ˆâ–Œ| 400/421 [00:01<00:00, 212.96it/s]
Layer_W1_M1 Epoch 5/12:  95%|â–ˆâ–ˆâ–ˆâ–ˆâ–ˆâ–ˆâ–ˆâ–ˆâ–ˆâ–Œ| 400/421 [00:02<00:00, 212.96it/s, loss=0.299733]
                                                                                         

Layer_W1_M1 Epoch 6/12:   0%|          | 0/421 [00:00<?, ?it/s]
Layer_W1_M1 Epoch 6/12:   4%|â–         | 17/421 [00:00<00:02, 154.37it/s]
Layer_W1_M1 Epoch 6/12:  10%|â–‰         | 41/421 [00:00<00:02, 187.99it/s]
Layer_W1_M1 Epoch 6/12:  15%|â–ˆâ–Œ        | 65/421 [00:00<00:01, 198.63it/s]
Layer_W1_M1 Epoch 6/12:  21%|â–ˆâ–ˆ        | 89/421 [00:00<00:01, 203.35it/s]
Layer_W1_M1 Epoch 6/12:  27%|â–ˆâ–ˆâ–‹       | 113/421 [00:00<00:01, 205.97it/s]
Layer_W1_M1 Epoch 6/12:  33%|â–ˆâ–ˆâ–ˆâ–Ž      | 137/421 [00:00<00:01, 207.62it/s]
Layer_W1_M1 Epoch 6/12:  38%|â–ˆâ–ˆâ–ˆâ–Š      | 161/421 [00:00<00:01, 208.72it/s]
Layer_W1_M1 Epoch 6/12:  44%|â–ˆâ–ˆâ–ˆâ–ˆâ–     | 185/421 [00:00<00:01, 209.84it/s]
Layer_W1_M1 Epoch 6/12:  49%|â–ˆâ–ˆâ–ˆâ–ˆâ–‰     | 208/421 [00:01<00:00, 214.87it/s]
Layer_W1_M1 Epoch 6/12:  55%|â–ˆâ–ˆâ–ˆâ–ˆâ–ˆâ–    | 230/421 [00:01<00:00, 211.85it/s]
Layer_W1_M1 Epoch 6/12:  60%|â–ˆâ–ˆâ–ˆâ–ˆâ–ˆâ–‰    | 252/421 [00:01<00:00, 212.70it/s]
Layer_W1_M1 Epoch 6/12:  65%|â–ˆâ–ˆâ–ˆâ–ˆâ–ˆâ–ˆâ–Œ   | 274/421 [00:01<00:00, 211.82it/s]
Layer_W1_M1 Epoch 6/12:  70%|â–ˆâ–ˆâ–ˆâ–ˆâ–ˆâ–ˆâ–ˆ   | 296/421 [00:01<00:00, 211.17it/s]
Layer_W1_M1 Epoch 6/12:  76%|â–ˆâ–ˆâ–ˆâ–ˆâ–ˆâ–ˆâ–ˆâ–Œ  | 318/421 [00:01<00:00, 212.10it/s]
Layer_W1_M1 Epoch 6/12:  81%|â–ˆâ–ˆâ–ˆâ–ˆâ–ˆâ–ˆâ–ˆâ–ˆ  | 340/421 [00:01<00:00, 209.99it/s]
Layer_W1_M1 Epoch 6/12:  86%|â–ˆâ–ˆâ–ˆâ–ˆâ–ˆâ–ˆâ–ˆâ–ˆâ–Œ | 362/421 [00:01<00:00, 212.17it/s]
Layer_W1_M1 Epoch 6/12:  91%|â–ˆâ–ˆâ–ˆâ–ˆâ–ˆâ–ˆâ–ˆâ–ˆâ–ˆ | 384/421 [00:01<00:00, 209.06it/s]
Layer_W1_M1 Epoch 6/12:  96%|â–ˆâ–ˆâ–ˆâ–ˆâ–ˆâ–ˆâ–ˆâ–ˆâ–ˆâ–‹| 406/421 [00:01<00:00, 212.21it/s]
Layer_W1_M1 Epoch 6/12:  96%|â–ˆâ–ˆâ–ˆâ–ˆâ–ˆâ–ˆâ–ˆâ–ˆâ–ˆâ–‹| 406/421 [00:02<00:00, 212.21it/s, loss=0.312105]
                                                                                         

Layer_W1_M1 Epoch 7/12:   0%|          | 0/421 [00:00<?, ?it/s]
Layer_W1_M1 Epoch 7/12:   4%|â–         | 16/421 [00:00<00:02, 158.22it/s]
Layer_W1_M1 Epoch 7/12:   9%|â–‰         | 38/421 [00:00<00:02, 182.57it/s]
Layer_W1_M1 Epoch 7/12:  14%|â–ˆâ–        | 61/421 [00:00<00:01, 201.90it/s]
Layer_W1_M1 Epoch 7/12:  19%|â–ˆâ–‰        | 82/421 [00:00<00:01, 199.95it/s][codecarbon INFO @ 04:08:56] Energy consumed for RAM : 0.000164 kWh. RAM Power : 38.0 W

Layer_W1_M1 Epoch 7/12:  25%|â–ˆâ–ˆâ–       | 105/421 [00:00<00:01, 209.12it/s]
Layer_W1_M1 Epoch 7/12:  30%|â–ˆâ–ˆâ–‰       | 126/421 [00:00<00:01, 204.98it/s]
Layer_W1_M1 Epoch 7/12:  35%|â–ˆâ–ˆâ–ˆâ–Œ      | 148/421 [00:00<00:01, 209.10it/s]
Layer_W1_M1 Epoch 7/12:  40%|â–ˆâ–ˆâ–ˆâ–ˆ      | 170/421 [00:00<00:01, 207.60it/s]
Layer_W1_M1 Epoch 7/12:  45%|â–ˆâ–ˆâ–ˆâ–ˆâ–Œ     | 191/421 [00:00<00:01, 208.12it/s][codecarbon INFO @ 04:08:56] Delta energy consumed for CPU with cpu_load : 0.000194 kWh, power : 45.0 W
[codecarbon INFO @ 04:08:56] Energy consumed for All CPU : 0.000194 kWh
[codecarbon INFO @ 04:08:56] Energy consumed for all GPUs : 0.000247 kWh. Total GPU Power : 55.48840138121616 W
[codecarbon INFO @ 04:08:56] 0.000604 kWh of electricity used since the beginning.

Layer_W1_M1 Epoch 7/12:  51%|â–ˆâ–ˆâ–ˆâ–ˆâ–ˆ     | 214/421 [00:01<00:00, 210.00it/s]
Layer_W1_M1 Epoch 7/12:  56%|â–ˆâ–ˆâ–ˆâ–ˆâ–ˆâ–Œ    | 236/421 [00:01<00:00, 210.62it/s]
Layer_W1_M1 Epoch 7/12:  61%|â–ˆâ–ˆâ–ˆâ–ˆâ–ˆâ–ˆâ–   | 258/421 [00:01<00:00, 210.86it/s]
Layer_W1_M1 Epoch 7/12:  67%|â–ˆâ–ˆâ–ˆâ–ˆâ–ˆâ–ˆâ–‹   | 280/421 [00:01<00:00, 211.01it/s]
Layer_W1_M1 Epoch 7/12:  72%|â–ˆâ–ˆâ–ˆâ–ˆâ–ˆâ–ˆâ–ˆâ–  | 302/421 [00:01<00:00, 211.10it/s]
Layer_W1_M1 Epoch 7/12:  77%|â–ˆâ–ˆâ–ˆâ–ˆâ–ˆâ–ˆâ–ˆâ–‹  | 324/421 [00:01<00:00, 210.32it/s]
Layer_W1_M1 Epoch 7/12:  82%|â–ˆâ–ˆâ–ˆâ–ˆâ–ˆâ–ˆâ–ˆâ–ˆâ– | 346/421 [00:01<00:00, 211.85it/s]
Layer_W1_M1 Epoch 7/12:  87%|â–ˆâ–ˆâ–ˆâ–ˆâ–ˆâ–ˆâ–ˆâ–ˆâ–‹ | 368/421 [00:01<00:00, 209.85it/s]
Layer_W1_M1 Epoch 7/12:  93%|â–ˆâ–ˆâ–ˆâ–ˆâ–ˆâ–ˆâ–ˆâ–ˆâ–ˆâ–Ž| 390/421 [00:01<00:00, 212.56it/s]
Layer_W1_M1 Epoch 7/12:  98%|â–ˆâ–ˆâ–ˆâ–ˆâ–ˆâ–ˆâ–ˆâ–ˆâ–ˆâ–Š| 412/421 [00:01<00:00, 209.19it/s]
Layer_W1_M1 Epoch 7/12:  98%|â–ˆâ–ˆâ–ˆâ–ˆâ–ˆâ–ˆâ–ˆâ–ˆâ–ˆâ–Š| 412/421 [00:02<00:00, 209.19it/s, loss=0.170462]
                                                                                         

Layer_W1_M1 Epoch 8/12:   0%|          | 0/421 [00:00<?, ?it/s]
Layer_W1_M1 Epoch 8/12:   4%|â–         | 17/421 [00:00<00:02, 160.52it/s]
Layer_W1_M1 Epoch 8/12:  10%|â–‰         | 40/421 [00:00<00:01, 199.60it/s]
Layer_W1_M1 Epoch 8/12:  14%|â–ˆâ–        | 61/421 [00:00<00:01, 197.72it/s]
Layer_W1_M1 Epoch 8/12:  20%|â–ˆâ–‰        | 84/421 [00:00<00:01, 207.61it/s]
Layer_W1_M1 Epoch 8/12:  25%|â–ˆâ–ˆâ–       | 105/421 [00:00<00:01, 204.29it/s]
Layer_W1_M1 Epoch 8/12:  30%|â–ˆâ–ˆâ–ˆ       | 127/421 [00:00<00:01, 208.71it/s]
Layer_W1_M1 Epoch 8/12:  35%|â–ˆâ–ˆâ–ˆâ–Œ      | 148/421 [00:00<00:01, 208.65it/s]
Layer_W1_M1 Epoch 8/12:  40%|â–ˆâ–ˆâ–ˆâ–ˆ      | 169/421 [00:00<00:01, 208.27it/s]
Layer_W1_M1 Epoch 8/12:  45%|â–ˆâ–ˆâ–ˆâ–ˆâ–Œ     | 191/421 [00:00<00:01, 209.66it/s]
Layer_W1_M1 Epoch 8/12:  50%|â–ˆâ–ˆâ–ˆâ–ˆâ–ˆ     | 212/421 [00:01<00:00, 209.29it/s]
Layer_W1_M1 Epoch 8/12:  56%|â–ˆâ–ˆâ–ˆâ–ˆâ–ˆâ–Œ    | 235/421 [00:01<00:00, 209.73it/s]
Layer_W1_M1 Epoch 8/12:  61%|â–ˆâ–ˆâ–ˆâ–ˆâ–ˆâ–ˆ    | 257/421 [00:01<00:00, 211.36it/s]
Layer_W1_M1 Epoch 8/12:  66%|â–ˆâ–ˆâ–ˆâ–ˆâ–ˆâ–ˆâ–‹   | 279/421 [00:01<00:00, 209.09it/s]
Layer_W1_M1 Epoch 8/12:  71%|â–ˆâ–ˆâ–ˆâ–ˆâ–ˆâ–ˆâ–ˆâ–  | 301/421 [00:01<00:00, 211.77it/s]
Layer_W1_M1 Epoch 8/12:  77%|â–ˆâ–ˆâ–ˆâ–ˆâ–ˆâ–ˆâ–ˆâ–‹  | 323/421 [00:01<00:00, 209.32it/s]
Layer_W1_M1 Epoch 8/12:  82%|â–ˆâ–ˆâ–ˆâ–ˆâ–ˆâ–ˆâ–ˆâ–ˆâ– | 345/421 [00:01<00:00, 211.67it/s]
Layer_W1_M1 Epoch 8/12:  87%|â–ˆâ–ˆâ–ˆâ–ˆâ–ˆâ–ˆâ–ˆâ–ˆâ–‹ | 367/421 [00:01<00:00, 209.10it/s]
Layer_W1_M1 Epoch 8/12:  92%|â–ˆâ–ˆâ–ˆâ–ˆâ–ˆâ–ˆâ–ˆâ–ˆâ–ˆâ–| 388/421 [00:01<00:00, 209.01it/s]
Layer_W1_M1 Epoch 8/12:  98%|â–ˆâ–ˆâ–ˆâ–ˆâ–ˆâ–ˆâ–ˆâ–ˆâ–ˆâ–Š| 411/421 [00:01<00:00, 209.27it/s]
Layer_W1_M1 Epoch 8/12:  98%|â–ˆâ–ˆâ–ˆâ–ˆâ–ˆâ–ˆâ–ˆâ–ˆâ–ˆâ–Š| 411/421 [00:02<00:00, 209.27it/s, loss=0.247651]
                                                                                         

Layer_W1_M1 Epoch 9/12:   0%|          | 0/421 [00:00<?, ?it/s]
Layer_W1_M1 Epoch 9/12:   4%|â–         | 17/421 [00:00<00:02, 160.14it/s]
Layer_W1_M1 Epoch 9/12:  10%|â–‰         | 41/421 [00:00<00:01, 193.45it/s]
Layer_W1_M1 Epoch 9/12:  15%|â–ˆâ–Œ        | 64/421 [00:00<00:01, 209.18it/s]
Layer_W1_M1 Epoch 9/12:  20%|â–ˆâ–ˆ        | 85/421 [00:00<00:01, 204.58it/s]
Layer_W1_M1 Epoch 9/12:  25%|â–ˆâ–ˆâ–Œ       | 107/421 [00:00<00:01, 208.64it/s]
Layer_W1_M1 Epoch 9/12:  31%|â–ˆâ–ˆâ–ˆ       | 129/421 [00:00<00:01, 207.89it/s]
Layer_W1_M1 Epoch 9/12:  36%|â–ˆâ–ˆâ–ˆâ–Œ      | 151/421 [00:00<00:01, 210.17it/s]
Layer_W1_M1 Epoch 9/12:  41%|â–ˆâ–ˆâ–ˆâ–ˆ      | 173/421 [00:00<00:01, 211.02it/s]
Layer_W1_M1 Epoch 9/12:  46%|â–ˆâ–ˆâ–ˆâ–ˆâ–‹     | 195/421 [00:00<00:01, 209.84it/s]
Layer_W1_M1 Epoch 9/12:  52%|â–ˆâ–ˆâ–ˆâ–ˆâ–ˆâ–    | 217/421 [00:01<00:00, 212.41it/s]
Layer_W1_M1 Epoch 9/12:  57%|â–ˆâ–ˆâ–ˆâ–ˆâ–ˆâ–‹    | 239/421 [00:01<00:00, 208.83it/s]
Layer_W1_M1 Epoch 9/12:  62%|â–ˆâ–ˆâ–ˆâ–ˆâ–ˆâ–ˆâ–   | 262/421 [00:01<00:00, 214.78it/s]
Layer_W1_M1 Epoch 9/12:  67%|â–ˆâ–ˆâ–ˆâ–ˆâ–ˆâ–ˆâ–‹   | 284/421 [00:01<00:00, 209.37it/s]
Layer_W1_M1 Epoch 9/12:  73%|â–ˆâ–ˆâ–ˆâ–ˆâ–ˆâ–ˆâ–ˆâ–Ž  | 307/421 [00:01<00:00, 207.84it/s]
Layer_W1_M1 Epoch 9/12:  79%|â–ˆâ–ˆâ–ˆâ–ˆâ–ˆâ–ˆâ–ˆâ–Š  | 331/421 [00:01<00:00, 208.20it/s]
Layer_W1_M1 Epoch 9/12:  84%|â–ˆâ–ˆâ–ˆâ–ˆâ–ˆâ–ˆâ–ˆâ–ˆâ– | 355/421 [00:01<00:00, 208.53it/s]
Layer_W1_M1 Epoch 9/12:  90%|â–ˆâ–ˆâ–ˆâ–ˆâ–ˆâ–ˆâ–ˆâ–ˆâ–ˆ | 379/421 [00:01<00:00, 208.95it/s]
Layer_W1_M1 Epoch 9/12:  96%|â–ˆâ–ˆâ–ˆâ–ˆâ–ˆâ–ˆâ–ˆâ–ˆâ–ˆâ–Œ| 403/421 [00:01<00:00, 209.21it/s]
Layer_W1_M1 Epoch 9/12:  96%|â–ˆâ–ˆâ–ˆâ–ˆâ–ˆâ–ˆâ–ˆâ–ˆâ–ˆâ–Œ| 403/421 [00:02<00:00, 209.21it/s, loss=0.163096]
                                                                                         

Layer_W1_M1 Epoch 10/12:   0%|          | 0/421 [00:00<?, ?it/s]
Layer_W1_M1 Epoch 10/12:   4%|â–         | 17/421 [00:00<00:02, 160.61it/s]
Layer_W1_M1 Epoch 10/12:   9%|â–‰         | 39/421 [00:00<00:01, 194.29it/s]
Layer_W1_M1 Epoch 10/12:  14%|â–ˆâ–        | 61/421 [00:00<00:01, 200.20it/s]
Layer_W1_M1 Epoch 10/12:  19%|â–ˆâ–‰        | 82/421 [00:00<00:01, 202.69it/s]
Layer_W1_M1 Epoch 10/12:  25%|â–ˆâ–ˆâ–       | 105/421 [00:00<00:01, 208.08it/s]
Layer_W1_M1 Epoch 10/12:  30%|â–ˆâ–ˆâ–‰       | 126/421 [00:00<00:01, 206.91it/s]
Layer_W1_M1 Epoch 10/12:  35%|â–ˆâ–ˆâ–ˆâ–Œ      | 148/421 [00:00<00:01, 210.99it/s]
Layer_W1_M1 Epoch 10/12:  40%|â–ˆâ–ˆâ–ˆâ–ˆ      | 170/421 [00:00<00:01, 208.72it/s]
Layer_W1_M1 Epoch 10/12:  45%|â–ˆâ–ˆâ–ˆâ–ˆâ–Œ     | 191/421 [00:00<00:01, 208.73it/s]
Layer_W1_M1 Epoch 10/12:  51%|â–ˆâ–ˆâ–ˆâ–ˆâ–ˆ     | 214/421 [00:01<00:00, 210.00it/s]
Layer_W1_M1 Epoch 10/12:  56%|â–ˆâ–ˆâ–ˆâ–ˆâ–ˆâ–Œ    | 236/421 [00:01<00:00, 211.07it/s]
Layer_W1_M1 Epoch 10/12:  61%|â–ˆâ–ˆâ–ˆâ–ˆâ–ˆâ–ˆâ–   | 258/421 [00:01<00:00, 210.51it/s]
Layer_W1_M1 Epoch 10/12:  67%|â–ˆâ–ˆâ–ˆâ–ˆâ–ˆâ–ˆâ–‹   | 280/421 [00:01<00:00, 210.98it/s]
Layer_W1_M1 Epoch 10/12:  72%|â–ˆâ–ˆâ–ˆâ–ˆâ–ˆâ–ˆâ–ˆâ–  | 302/421 [00:01<00:00, 210.48it/s]
Layer_W1_M1 Epoch 10/12:  77%|â–ˆâ–ˆâ–ˆâ–ˆâ–ˆâ–ˆâ–ˆâ–‹  | 324/421 [00:01<00:00, 209.97it/s]
Layer_W1_M1 Epoch 10/12:  82%|â–ˆâ–ˆâ–ˆâ–ˆâ–ˆâ–ˆâ–ˆâ–ˆâ– | 346/421 [00:01<00:00, 211.19it/s]
Layer_W1_M1 Epoch 10/12:  87%|â–ˆâ–ˆâ–ˆâ–ˆâ–ˆâ–ˆâ–ˆâ–ˆâ–‹ | 368/421 [00:01<00:00, 209.94it/s]
Layer_W1_M1 Epoch 10/12:  93%|â–ˆâ–ˆâ–ˆâ–ˆâ–ˆâ–ˆâ–ˆâ–ˆâ–ˆâ–Ž| 390/421 [00:01<00:00, 211.32it/s]
Layer_W1_M1 Epoch 10/12:  98%|â–ˆâ–ˆâ–ˆâ–ˆâ–ˆâ–ˆâ–ˆâ–ˆâ–ˆâ–Š| 412/421 [00:01<00:00, 209.93it/s]
Layer_W1_M1 Epoch 10/12:  98%|â–ˆâ–ˆâ–ˆâ–ˆâ–ˆâ–ˆâ–ˆâ–ˆâ–ˆâ–Š| 412/421 [00:02<00:00, 209.93it/s, loss=0.153753]
                                                                                          

Layer_W1_M1 Epoch 11/12:   0%|          | 0/421 [00:00<?, ?it/s]
Layer_W1_M1 Epoch 11/12:   4%|â–         | 17/421 [00:00<00:02, 154.36it/s]
Layer_W1_M1 Epoch 11/12:  10%|â–‰         | 41/421 [00:00<00:02, 189.55it/s]
Layer_W1_M1 Epoch 11/12:  15%|â–ˆâ–Œ        | 65/421 [00:00<00:01, 200.50it/s]
Layer_W1_M1 Epoch 11/12:  21%|â–ˆâ–ˆ        | 88/421 [00:00<00:01, 210.82it/s]
Layer_W1_M1 Epoch 11/12:  26%|â–ˆâ–ˆâ–Œ       | 110/421 [00:00<00:01, 207.89it/s]
Layer_W1_M1 Epoch 11/12:  31%|â–ˆâ–ˆâ–ˆâ–      | 132/421 [00:00<00:01, 211.19it/s]
Layer_W1_M1 Epoch 11/12:  37%|â–ˆâ–ˆâ–ˆâ–‹      | 154/421 [00:00<00:01, 208.89it/s]
Layer_W1_M1 Epoch 11/12:  42%|â–ˆâ–ˆâ–ˆâ–ˆâ–     | 175/421 [00:00<00:01, 209.09it/s]
Layer_W1_M1 Epoch 11/12:  47%|â–ˆâ–ˆâ–ˆâ–ˆâ–‹     | 197/421 [00:00<00:01, 211.97it/s]
Layer_W1_M1 Epoch 11/12:  52%|â–ˆâ–ˆâ–ˆâ–ˆâ–ˆâ–    | 219/421 [00:01<00:00, 208.74it/s]
Layer_W1_M1 Epoch 11/12:  57%|â–ˆâ–ˆâ–ˆâ–ˆâ–ˆâ–‹    | 242/421 [00:01<00:00, 210.33it/s]
Layer_W1_M1 Epoch 11/12:  63%|â–ˆâ–ˆâ–ˆâ–ˆâ–ˆâ–ˆâ–Ž   | 264/421 [00:01<00:00, 210.48it/s]
Layer_W1_M1 Epoch 11/12:  68%|â–ˆâ–ˆâ–ˆâ–ˆâ–ˆâ–ˆâ–Š   | 286/421 [00:01<00:00, 211.30it/s]
Layer_W1_M1 Epoch 11/12:  73%|â–ˆâ–ˆâ–ˆâ–ˆâ–ˆâ–ˆâ–ˆâ–Ž  | 308/421 [00:01<00:00, 210.06it/s]
Layer_W1_M1 Epoch 11/12:  78%|â–ˆâ–ˆâ–ˆâ–ˆâ–ˆâ–ˆâ–ˆâ–Š  | 330/421 [00:01<00:00, 212.17it/s]
Layer_W1_M1 Epoch 11/12:  84%|â–ˆâ–ˆâ–ˆâ–ˆâ–ˆâ–ˆâ–ˆâ–ˆâ–Ž | 352/421 [00:01<00:00, 209.37it/s]
Layer_W1_M1 Epoch 11/12:  89%|â–ˆâ–ˆâ–ˆâ–ˆâ–ˆâ–ˆâ–ˆâ–ˆâ–‰ | 375/421 [00:01<00:00, 208.30it/s]
Layer_W1_M1 Epoch 11/12:  94%|â–ˆâ–ˆâ–ˆâ–ˆâ–ˆâ–ˆâ–ˆâ–ˆâ–ˆâ–| 397/421 [00:01<00:00, 211.59it/s]
Layer_W1_M1 Epoch 11/12: 100%|â–ˆâ–ˆâ–ˆâ–ˆâ–ˆâ–ˆâ–ˆâ–ˆâ–ˆâ–‰| 419/421 [00:02<00:00, 208.22it/s]
Layer_W1_M1 Epoch 11/12: 100%|â–ˆâ–ˆâ–ˆâ–ˆâ–ˆâ–ˆâ–ˆâ–ˆâ–ˆâ–‰| 419/421 [00:02<00:00, 208.22it/s, loss=0.135695]
                                                                                          

Layer_W1_M1 Epoch 12/12:   0%|          | 0/421 [00:00<?, ?it/s]
Layer_W1_M1 Epoch 12/12:   4%|â–         | 17/421 [00:00<00:02, 157.78it/s]
Layer_W1_M1 Epoch 12/12:  10%|â–‰         | 41/421 [00:00<00:02, 189.74it/s]
Layer_W1_M1 Epoch 12/12:  15%|â–ˆâ–Œ        | 64/421 [00:00<00:01, 206.63it/s]
Layer_W1_M1 Epoch 12/12:  20%|â–ˆâ–ˆ        | 85/421 [00:00<00:01, 200.51it/s]
Layer_W1_M1 Epoch 12/12:  26%|â–ˆâ–ˆâ–Œ       | 108/421 [00:00<00:01, 210.04it/s]
Layer_W1_M1 Epoch 12/12:  31%|â–ˆâ–ˆâ–ˆ       | 130/421 [00:00<00:01, 206.44it/s]
Layer_W1_M1 Epoch 12/12:  36%|â–ˆâ–ˆâ–ˆâ–Œ      | 152/421 [00:00<00:01, 210.16it/s]
Layer_W1_M1 Epoch 12/12:  41%|â–ˆâ–ˆâ–ˆâ–ˆâ–     | 174/421 [00:00<00:01, 207.51it/s]
Layer_W1_M1 Epoch 12/12:  47%|â–ˆâ–ˆâ–ˆâ–ˆâ–‹     | 196/421 [00:00<00:01, 209.69it/s]
Layer_W1_M1 Epoch 12/12:  52%|â–ˆâ–ˆâ–ˆâ–ˆâ–ˆâ–    | 218/421 [00:01<00:00, 207.73it/s]
Layer_W1_M1 Epoch 12/12:  57%|â–ˆâ–ˆâ–ˆâ–ˆâ–ˆâ–‹    | 240/421 [00:01<00:00, 210.11it/s]
Layer_W1_M1 Epoch 12/12:  62%|â–ˆâ–ˆâ–ˆâ–ˆâ–ˆâ–ˆâ–   | 262/421 [00:01<00:00, 207.90it/s]
Layer_W1_M1 Epoch 12/12:  67%|â–ˆâ–ˆâ–ˆâ–ˆâ–ˆâ–ˆâ–‹   | 284/421 [00:01<00:00, 209.94it/s]
Layer_W1_M1 Epoch 12/12:  73%|â–ˆâ–ˆâ–ˆâ–ˆâ–ˆâ–ˆâ–ˆâ–Ž  | 306/421 [00:01<00:00, 208.14it/s]
Layer_W1_M1 Epoch 12/12:  78%|â–ˆâ–ˆâ–ˆâ–ˆâ–ˆâ–ˆâ–ˆâ–Š  | 328/421 [00:01<00:00, 209.53it/s]
Layer_W1_M1 Epoch 12/12:  83%|â–ˆâ–ˆâ–ˆâ–ˆâ–ˆâ–ˆâ–ˆâ–ˆâ–Ž | 349/421 [00:01<00:00, 206.24it/s]
Layer_W1_M1 Epoch 12/12:  88%|â–ˆâ–ˆâ–ˆâ–ˆâ–ˆâ–ˆâ–ˆâ–ˆâ–Š | 372/421 [00:01<00:00, 209.81it/s]
Layer_W1_M1 Epoch 12/12:  93%|â–ˆâ–ˆâ–ˆâ–ˆâ–ˆâ–ˆâ–ˆâ–ˆâ–ˆâ–Ž| 393/421 [00:01<00:00, 206.81it/s]
Layer_W1_M1 Epoch 12/12:  98%|â–ˆâ–ˆâ–ˆâ–ˆâ–ˆâ–ˆâ–ˆâ–ˆâ–ˆâ–Š| 414/421 [00:02<00:00, 202.39it/s]
Layer_W1_M1 Epoch 12/12:  98%|â–ˆâ–ˆâ–ˆâ–ˆâ–ˆâ–ˆâ–ˆâ–ˆâ–ˆâ–Š| 414/421 [00:02<00:00, 202.39it/s, loss=0.163247]
                                                                                          

Layer_W2_M2 Epoch 1/12:   0%|          | 0/421 [00:00<?, ?it/s]
Layer_W2_M2 Epoch 1/12:   4%|â–         | 17/421 [00:00<00:02, 161.95it/s]
Layer_W2_M2 Epoch 1/12:  10%|â–‰         | 40/421 [00:00<00:01, 200.43it/s]
Layer_W2_M2 Epoch 1/12:  14%|â–ˆâ–        | 61/421 [00:00<00:01, 195.88it/s]
Layer_W2_M2 Epoch 1/12:  20%|â–ˆâ–ˆ        | 85/421 [00:00<00:01, 201.68it/s]
Layer_W2_M2 Epoch 1/12:  26%|â–ˆâ–ˆâ–Œ       | 109/421 [00:00<00:01, 204.87it/s]
Layer_W2_M2 Epoch 1/12:  31%|â–ˆâ–ˆâ–ˆâ–      | 132/421 [00:00<00:01, 212.36it/s]
Layer_W2_M2 Epoch 1/12:  37%|â–ˆâ–ˆâ–ˆâ–‹      | 154/421 [00:00<00:01, 208.01it/s]
Layer_W2_M2 Epoch 1/12:  42%|â–ˆâ–ˆâ–ˆâ–ˆâ–     | 177/421 [00:00<00:01, 207.98it/s]
Layer_W2_M2 Epoch 1/12:  48%|â–ˆâ–ˆâ–ˆâ–ˆâ–Š     | 200/421 [00:00<00:01, 214.31it/s]
Layer_W2_M2 Epoch 1/12:  53%|â–ˆâ–ˆâ–ˆâ–ˆâ–ˆâ–Ž    | 222/421 [00:01<00:00, 210.68it/s]
Layer_W2_M2 Epoch 1/12:  58%|â–ˆâ–ˆâ–ˆâ–ˆâ–ˆâ–Š    | 245/421 [00:01<00:00, 208.88it/s]
Layer_W2_M2 Epoch 1/12:  63%|â–ˆâ–ˆâ–ˆâ–ˆâ–ˆâ–ˆâ–Ž   | 267/421 [00:01<00:00, 211.96it/s]
Layer_W2_M2 Epoch 1/12:  69%|â–ˆâ–ˆâ–ˆâ–ˆâ–ˆâ–ˆâ–Š   | 289/421 [00:01<00:00, 209.34it/s]
Layer_W2_M2 Epoch 1/12:  74%|â–ˆâ–ˆâ–ˆâ–ˆâ–ˆâ–ˆâ–ˆâ–  | 312/421 [00:01<00:00, 213.02it/s]
Layer_W2_M2 Epoch 1/12:  79%|â–ˆâ–ˆâ–ˆâ–ˆâ–ˆâ–ˆâ–ˆâ–‰  | 334/421 [00:01<00:00, 211.57it/s]
Layer_W2_M2 Epoch 1/12:  85%|â–ˆâ–ˆâ–ˆâ–ˆâ–ˆâ–ˆâ–ˆâ–ˆâ– | 356/421 [00:01<00:00, 211.16it/s]
Layer_W2_M2 Epoch 1/12:  90%|â–ˆâ–ˆâ–ˆâ–ˆâ–ˆâ–ˆâ–ˆâ–ˆâ–‰ | 378/421 [00:01<00:00, 212.12it/s]
Layer_W2_M2 Epoch 1/12:  95%|â–ˆâ–ˆâ–ˆâ–ˆâ–ˆâ–ˆâ–ˆâ–ˆâ–ˆâ–Œ| 400/421 [00:01<00:00, 209.94it/s][codecarbon INFO @ 04:09:11] Energy consumed for RAM : 0.000317 kWh. RAM Power : 38.0 W

Layer_W2_M2 Epoch 1/12:  95%|â–ˆâ–ˆâ–ˆâ–ˆâ–ˆâ–ˆâ–ˆâ–ˆâ–ˆâ–Œ| 400/421 [00:02<00:00, 209.94it/s, loss=0.275254]
                                                                                         

Layer_W2_M2 Epoch 2/12:   0%|          | 0/421 [00:00<?, ?it/s]
Layer_W2_M2 Epoch 2/12:   4%|â–         | 17/421 [00:00<00:02, 161.96it/s][codecarbon INFO @ 04:09:11] Delta energy consumed for CPU with cpu_load : 0.000181 kWh, power : 45.0 W
[codecarbon INFO @ 04:09:11] Energy consumed for All CPU : 0.000375 kWh
[codecarbon INFO @ 04:09:11] Energy consumed for all GPUs : 0.000488 kWh. Total GPU Power : 58.00081199690033 W
[codecarbon INFO @ 04:09:11] 0.001180 kWh of electricity used since the beginning.

Layer_W2_M2 Epoch 2/12:  10%|â–‰         | 41/421 [00:00<00:01, 192.60it/s]
Layer_W2_M2 Epoch 2/12:  15%|â–ˆâ–Œ        | 65/421 [00:00<00:01, 201.13it/s]
Layer_W2_M2 Epoch 2/12:  21%|â–ˆâ–ˆ        | 89/421 [00:00<00:01, 205.21it/s]
Layer_W2_M2 Epoch 2/12:  27%|â–ˆâ–ˆâ–‹       | 113/421 [00:00<00:01, 207.56it/s]
Layer_W2_M2 Epoch 2/12:  33%|â–ˆâ–ˆâ–ˆâ–Ž      | 137/421 [00:00<00:01, 209.14it/s]
Layer_W2_M2 Epoch 2/12:  38%|â–ˆâ–ˆâ–ˆâ–Š      | 160/421 [00:00<00:01, 214.80it/s]
Layer_W2_M2 Epoch 2/12:  43%|â–ˆâ–ˆâ–ˆâ–ˆâ–Ž     | 182/421 [00:00<00:01, 210.89it/s]
Layer_W2_M2 Epoch 2/12:  48%|â–ˆâ–ˆâ–ˆâ–ˆâ–Š     | 204/421 [00:00<00:01, 212.38it/s]
Layer_W2_M2 Epoch 2/12:  54%|â–ˆâ–ˆâ–ˆâ–ˆâ–ˆâ–Ž    | 226/421 [00:01<00:00, 211.39it/s]
Layer_W2_M2 Epoch 2/12:  59%|â–ˆâ–ˆâ–ˆâ–ˆâ–ˆâ–‰    | 248/421 [00:01<00:00, 211.36it/s]
Layer_W2_M2 Epoch 2/12:  64%|â–ˆâ–ˆâ–ˆâ–ˆâ–ˆâ–ˆâ–   | 270/421 [00:01<00:00, 211.80it/s]
Layer_W2_M2 Epoch 2/12:  69%|â–ˆâ–ˆâ–ˆâ–ˆâ–ˆâ–ˆâ–‰   | 292/421 [00:01<00:00, 210.53it/s]
Layer_W2_M2 Epoch 2/12:  75%|â–ˆâ–ˆâ–ˆâ–ˆâ–ˆâ–ˆâ–ˆâ–  | 314/421 [00:01<00:00, 212.21it/s]
Layer_W2_M2 Epoch 2/12:  80%|â–ˆâ–ˆâ–ˆâ–ˆâ–ˆâ–ˆâ–ˆâ–‰  | 336/421 [00:01<00:00, 209.59it/s]
Layer_W2_M2 Epoch 2/12:  85%|â–ˆâ–ˆâ–ˆâ–ˆâ–ˆâ–ˆâ–ˆâ–ˆâ–Œ | 358/421 [00:01<00:00, 212.54it/s]
Layer_W2_M2 Epoch 2/12:  90%|â–ˆâ–ˆâ–ˆâ–ˆâ–ˆâ–ˆâ–ˆâ–ˆâ–ˆ | 380/421 [00:01<00:00, 208.64it/s]
Layer_W2_M2 Epoch 2/12:  96%|â–ˆâ–ˆâ–ˆâ–ˆâ–ˆâ–ˆâ–ˆâ–ˆâ–ˆâ–Œ| 403/421 [00:01<00:00, 212.35it/s]
Layer_W2_M2 Epoch 2/12:  96%|â–ˆâ–ˆâ–ˆâ–ˆâ–ˆâ–ˆâ–ˆâ–ˆâ–ˆâ–Œ| 403/421 [00:02<00:00, 212.35it/s, loss=0.185487]
                                                                                         

Layer_W2_M2 Epoch 3/12:   0%|          | 0/421 [00:00<?, ?it/s]
Layer_W2_M2 Epoch 3/12:   4%|â–         | 17/421 [00:00<00:02, 161.79it/s]
Layer_W2_M2 Epoch 3/12:  10%|â–‰         | 41/421 [00:00<00:01, 192.74it/s]
Layer_W2_M2 Epoch 3/12:  15%|â–ˆâ–Œ        | 65/421 [00:00<00:01, 201.92it/s]
Layer_W2_M2 Epoch 3/12:  21%|â–ˆâ–ˆ        | 89/421 [00:00<00:01, 206.07it/s]
Layer_W2_M2 Epoch 3/12:  27%|â–ˆâ–ˆâ–‹       | 112/421 [00:00<00:01, 213.00it/s]
Layer_W2_M2 Epoch 3/12:  32%|â–ˆâ–ˆâ–ˆâ–      | 134/421 [00:00<00:01, 209.92it/s]
Layer_W2_M2 Epoch 3/12:  37%|â–ˆâ–ˆâ–ˆâ–‹      | 156/421 [00:00<00:01, 211.69it/s]
Layer_W2_M2 Epoch 3/12:  42%|â–ˆâ–ˆâ–ˆâ–ˆâ–     | 178/421 [00:00<00:01, 210.82it/s]
Layer_W2_M2 Epoch 3/12:  48%|â–ˆâ–ˆâ–ˆâ–ˆâ–Š     | 200/421 [00:00<00:01, 210.50it/s]
Layer_W2_M2 Epoch 3/12:  53%|â–ˆâ–ˆâ–ˆâ–ˆâ–ˆâ–Ž    | 222/421 [00:01<00:00, 211.19it/s]
Layer_W2_M2 Epoch 3/12:  58%|â–ˆâ–ˆâ–ˆâ–ˆâ–ˆâ–Š    | 244/421 [00:01<00:00, 209.66it/s]
Layer_W2_M2 Epoch 3/12:  63%|â–ˆâ–ˆâ–ˆâ–ˆâ–ˆâ–ˆâ–Ž   | 266/421 [00:01<00:00, 212.04it/s]
Layer_W2_M2 Epoch 3/12:  68%|â–ˆâ–ˆâ–ˆâ–ˆâ–ˆâ–ˆâ–Š   | 288/421 [00:01<00:00, 209.11it/s]
Layer_W2_M2 Epoch 3/12:  74%|â–ˆâ–ˆâ–ˆâ–ˆâ–ˆâ–ˆâ–ˆâ–  | 311/421 [00:01<00:00, 214.68it/s]
Layer_W2_M2 Epoch 3/12:  79%|â–ˆâ–ˆâ–ˆâ–ˆâ–ˆâ–ˆâ–ˆâ–‰  | 333/421 [00:01<00:00, 209.41it/s]
Layer_W2_M2 Epoch 3/12:  85%|â–ˆâ–ˆâ–ˆâ–ˆâ–ˆâ–ˆâ–ˆâ–ˆâ– | 356/421 [00:01<00:00, 207.44it/s]
Layer_W2_M2 Epoch 3/12:  90%|â–ˆâ–ˆâ–ˆâ–ˆâ–ˆâ–ˆâ–ˆâ–ˆâ–ˆ | 380/421 [00:01<00:00, 208.27it/s]
Layer_W2_M2 Epoch 3/12:  96%|â–ˆâ–ˆâ–ˆâ–ˆâ–ˆâ–ˆâ–ˆâ–ˆâ–ˆâ–Œ| 404/421 [00:01<00:00, 208.52it/s]
Layer_W2_M2 Epoch 3/12:  96%|â–ˆâ–ˆâ–ˆâ–ˆâ–ˆâ–ˆâ–ˆâ–ˆâ–ˆâ–Œ| 404/421 [00:02<00:00, 208.52it/s, loss=0.080503]
                                                                                         

Layer_W2_M2 Epoch 4/12:   0%|          | 0/421 [00:00<?, ?it/s]
Layer_W2_M2 Epoch 4/12:   4%|â–         | 17/421 [00:00<00:02, 158.36it/s]
Layer_W2_M2 Epoch 4/12:  10%|â–‰         | 41/421 [00:00<00:01, 190.63it/s]
Layer_W2_M2 Epoch 4/12:  15%|â–ˆâ–Œ        | 65/421 [00:00<00:01, 200.40it/s]
Layer_W2_M2 Epoch 4/12:  21%|â–ˆâ–ˆ        | 89/421 [00:00<00:01, 204.67it/s]
Layer_W2_M2 Epoch 4/12:  27%|â–ˆâ–ˆâ–‹       | 112/421 [00:00<00:01, 212.84it/s]
Layer_W2_M2 Epoch 4/12:  32%|â–ˆâ–ˆâ–ˆâ–      | 134/421 [00:00<00:01, 208.52it/s]
Layer_W2_M2 Epoch 4/12:  37%|â–ˆâ–ˆâ–ˆâ–‹      | 156/421 [00:00<00:01, 212.02it/s]
Layer_W2_M2 Epoch 4/12:  42%|â–ˆâ–ˆâ–ˆâ–ˆâ–     | 178/421 [00:00<00:01, 209.66it/s]
Layer_W2_M2 Epoch 4/12:  48%|â–ˆâ–ˆâ–ˆâ–ˆâ–Š     | 200/421 [00:00<00:01, 211.43it/s]
Layer_W2_M2 Epoch 4/12:  53%|â–ˆâ–ˆâ–ˆâ–ˆâ–ˆâ–Ž    | 222/421 [00:01<00:00, 210.71it/s]
Layer_W2_M2 Epoch 4/12:  58%|â–ˆâ–ˆâ–ˆâ–ˆâ–ˆâ–Š    | 244/421 [00:01<00:00, 209.94it/s]
Layer_W2_M2 Epoch 4/12:  63%|â–ˆâ–ˆâ–ˆâ–ˆâ–ˆâ–ˆâ–Ž   | 266/421 [00:01<00:00, 211.40it/s]
Layer_W2_M2 Epoch 4/12:  68%|â–ˆâ–ˆâ–ˆâ–ˆâ–ˆâ–ˆâ–Š   | 288/421 [00:01<00:00, 209.28it/s]
Layer_W2_M2 Epoch 4/12:  74%|â–ˆâ–ˆâ–ˆâ–ˆâ–ˆâ–ˆâ–ˆâ–Ž  | 310/421 [00:01<00:00, 211.93it/s]
Layer_W2_M2 Epoch 4/12:  79%|â–ˆâ–ˆâ–ˆâ–ˆâ–ˆâ–ˆâ–ˆâ–‰  | 332/421 [00:01<00:00, 208.25it/s]
Layer_W2_M2 Epoch 4/12:  85%|â–ˆâ–ˆâ–ˆâ–ˆâ–ˆâ–ˆâ–ˆâ–ˆâ– | 356/421 [00:01<00:00, 207.91it/s]
Layer_W2_M2 Epoch 4/12:  90%|â–ˆâ–ˆâ–ˆâ–ˆâ–ˆâ–ˆâ–ˆâ–ˆâ–ˆ | 380/421 [00:01<00:00, 208.69it/s]
Layer_W2_M2 Epoch 4/12:  96%|â–ˆâ–ˆâ–ˆâ–ˆâ–ˆâ–ˆâ–ˆâ–ˆâ–ˆâ–Œ| 404/421 [00:01<00:00, 209.10it/s]
Layer_W2_M2 Epoch 4/12:  96%|â–ˆâ–ˆâ–ˆâ–ˆâ–ˆâ–ˆâ–ˆâ–ˆâ–ˆâ–Œ| 404/421 [00:02<00:00, 209.10it/s, loss=0.128333]
                                                                                         

Layer_W2_M2 Epoch 5/12:   0%|          | 0/421 [00:00<?, ?it/s]
Layer_W2_M2 Epoch 5/12:   4%|â–         | 17/421 [00:00<00:02, 158.08it/s]
Layer_W2_M2 Epoch 5/12:  10%|â–‰         | 41/421 [00:00<00:01, 191.08it/s]
Layer_W2_M2 Epoch 5/12:  15%|â–ˆâ–Œ        | 65/421 [00:00<00:01, 200.82it/s]
Layer_W2_M2 Epoch 5/12:  21%|â–ˆâ–ˆ        | 89/421 [00:00<00:01, 206.40it/s]
Layer_W2_M2 Epoch 5/12:  27%|â–ˆâ–ˆâ–‹       | 113/421 [00:00<00:01, 208.48it/s]
Layer_W2_M2 Epoch 5/12:  33%|â–ˆâ–ˆâ–ˆâ–Ž      | 137/421 [00:00<00:01, 209.38it/s]
Layer_W2_M2 Epoch 5/12:  38%|â–ˆâ–ˆâ–ˆâ–Š      | 161/421 [00:00<00:01, 210.68it/s]
Layer_W2_M2 Epoch 5/12:  44%|â–ˆâ–ˆâ–ˆâ–ˆâ–     | 185/421 [00:00<00:01, 210.77it/s]
Layer_W2_M2 Epoch 5/12:  50%|â–ˆâ–ˆâ–ˆâ–ˆâ–‰     | 209/421 [00:01<00:01, 211.44it/s]
Layer_W2_M2 Epoch 5/12:  55%|â–ˆâ–ˆâ–ˆâ–ˆâ–ˆâ–Œ    | 233/421 [00:01<00:00, 211.42it/s]
Layer_W2_M2 Epoch 5/12:  61%|â–ˆâ–ˆâ–ˆâ–ˆâ–ˆâ–ˆ    | 257/421 [00:01<00:00, 211.30it/s]
Layer_W2_M2 Epoch 5/12:  67%|â–ˆâ–ˆâ–ˆâ–ˆâ–ˆâ–ˆâ–‹   | 281/421 [00:01<00:00, 211.78it/s]
Layer_W2_M2 Epoch 5/12:  72%|â–ˆâ–ˆâ–ˆâ–ˆâ–ˆâ–ˆâ–ˆâ–  | 305/421 [00:01<00:00, 212.37it/s]
Layer_W2_M2 Epoch 5/12:  78%|â–ˆâ–ˆâ–ˆâ–ˆâ–ˆâ–ˆâ–ˆâ–Š  | 329/421 [00:01<00:00, 212.58it/s]
Layer_W2_M2 Epoch 5/12:  84%|â–ˆâ–ˆâ–ˆâ–ˆâ–ˆâ–ˆâ–ˆâ–ˆâ– | 353/421 [00:01<00:00, 212.86it/s]
Layer_W2_M2 Epoch 5/12:  90%|â–ˆâ–ˆâ–ˆâ–ˆâ–ˆâ–ˆâ–ˆâ–ˆâ–‰ | 377/421 [00:01<00:00, 212.85it/s]
Layer_W2_M2 Epoch 5/12:  95%|â–ˆâ–ˆâ–ˆâ–ˆâ–ˆâ–ˆâ–ˆâ–ˆâ–ˆâ–Œ| 401/421 [00:01<00:00, 212.75it/s]
Layer_W2_M2 Epoch 5/12:  95%|â–ˆâ–ˆâ–ˆâ–ˆâ–ˆâ–ˆâ–ˆâ–ˆâ–ˆâ–Œ| 401/421 [00:02<00:00, 212.75it/s, loss=0.109754]
                                                                                         

Layer_W2_M2 Epoch 6/12:   0%|          | 0/421 [00:00<?, ?it/s]
Layer_W2_M2 Epoch 6/12:   4%|â–         | 17/421 [00:00<00:02, 161.65it/s]
Layer_W2_M2 Epoch 6/12:  10%|â–‰         | 41/421 [00:00<00:01, 193.47it/s]
Layer_W2_M2 Epoch 6/12:  15%|â–ˆâ–Œ        | 65/421 [00:00<00:01, 202.81it/s]
Layer_W2_M2 Epoch 6/12:  21%|â–ˆâ–ˆ        | 89/421 [00:00<00:01, 207.18it/s]
Layer_W2_M2 Epoch 6/12:  27%|â–ˆâ–ˆâ–‹       | 113/421 [00:00<00:01, 209.57it/s]
Layer_W2_M2 Epoch 6/12:  33%|â–ˆâ–ˆâ–ˆâ–Ž      | 137/421 [00:00<00:01, 210.92it/s]
Layer_W2_M2 Epoch 6/12:  38%|â–ˆâ–ˆâ–ˆâ–Š      | 160/421 [00:00<00:01, 216.23it/s]
Layer_W2_M2 Epoch 6/12:  43%|â–ˆâ–ˆâ–ˆâ–ˆâ–Ž     | 182/421 [00:00<00:01, 211.24it/s]
Layer_W2_M2 Epoch 6/12:  49%|â–ˆâ–ˆâ–ˆâ–ˆâ–Š     | 205/421 [00:00<00:01, 212.13it/s]
Layer_W2_M2 Epoch 6/12:  54%|â–ˆâ–ˆâ–ˆâ–ˆâ–ˆâ–    | 227/421 [00:01<00:00, 213.84it/s]
Layer_W2_M2 Epoch 6/12:  59%|â–ˆâ–ˆâ–ˆâ–ˆâ–ˆâ–‰    | 249/421 [00:01<00:00, 212.68it/s]
Layer_W2_M2 Epoch 6/12:  64%|â–ˆâ–ˆâ–ˆâ–ˆâ–ˆâ–ˆâ–   | 271/421 [00:01<00:00, 213.81it/s]
Layer_W2_M2 Epoch 6/12:  70%|â–ˆâ–ˆâ–ˆâ–ˆâ–ˆâ–ˆâ–‰   | 293/421 [00:01<00:00, 213.36it/s]
Layer_W2_M2 Epoch 6/12:  75%|â–ˆâ–ˆâ–ˆâ–ˆâ–ˆâ–ˆâ–ˆâ–  | 315/421 [00:01<00:00, 213.49it/s]
Layer_W2_M2 Epoch 6/12:  80%|â–ˆâ–ˆâ–ˆâ–ˆâ–ˆâ–ˆâ–ˆâ–ˆ  | 337/421 [00:01<00:00, 213.04it/s]
Layer_W2_M2 Epoch 6/12:  85%|â–ˆâ–ˆâ–ˆâ–ˆâ–ˆâ–ˆâ–ˆâ–ˆâ–Œ | 359/421 [00:01<00:00, 213.25it/s]
Layer_W2_M2 Epoch 6/12:  90%|â–ˆâ–ˆâ–ˆâ–ˆâ–ˆâ–ˆâ–ˆâ–ˆâ–ˆ | 381/421 [00:01<00:00, 212.81it/s]
Layer_W2_M2 Epoch 6/12:  96%|â–ˆâ–ˆâ–ˆâ–ˆâ–ˆâ–ˆâ–ˆâ–ˆâ–ˆâ–Œ| 403/421 [00:01<00:00, 213.46it/s]
Layer_W2_M2 Epoch 6/12:  96%|â–ˆâ–ˆâ–ˆâ–ˆâ–ˆâ–ˆâ–ˆâ–ˆâ–ˆâ–Œ| 403/421 [00:01<00:00, 213.46it/s, loss=0.094076]
                                                                                         

Layer_W2_M2 Epoch 7/12:   0%|          | 0/421 [00:00<?, ?it/s]
Layer_W2_M2 Epoch 7/12:   4%|â–         | 17/421 [00:00<00:02, 152.89it/s]
Layer_W2_M2 Epoch 7/12:  10%|â–‰         | 41/421 [00:00<00:02, 188.39it/s]
Layer_W2_M2 Epoch 7/12:  15%|â–ˆâ–Œ        | 65/421 [00:00<00:01, 200.03it/s]
Layer_W2_M2 Epoch 7/12:  21%|â–ˆâ–ˆ        | 89/421 [00:00<00:01, 204.94it/s]
Layer_W2_M2 Epoch 7/12:  27%|â–ˆâ–ˆâ–‹       | 113/421 [00:00<00:01, 208.56it/s]
Layer_W2_M2 Epoch 7/12:  32%|â–ˆâ–ˆâ–ˆâ–      | 135/421 [00:00<00:01, 212.00it/s]
Layer_W2_M2 Epoch 7/12:  37%|â–ˆâ–ˆâ–ˆâ–‹      | 157/421 [00:00<00:01, 210.92it/s]
Layer_W2_M2 Epoch 7/12:  43%|â–ˆâ–ˆâ–ˆâ–ˆâ–Ž     | 179/421 [00:00<00:01, 212.64it/s]
Layer_W2_M2 Epoch 7/12:  48%|â–ˆâ–ˆâ–ˆâ–ˆâ–Š     | 201/421 [00:00<00:01, 212.53it/s]
Layer_W2_M2 Epoch 7/12:  53%|â–ˆâ–ˆâ–ˆâ–ˆâ–ˆâ–Ž    | 223/421 [00:01<00:00, 212.26it/s]
Layer_W2_M2 Epoch 7/12:  58%|â–ˆâ–ˆâ–ˆâ–ˆâ–ˆâ–Š    | 245/421 [00:01<00:00, 213.30it/s]
Layer_W2_M2 Epoch 7/12:  63%|â–ˆâ–ˆâ–ˆâ–ˆâ–ˆâ–ˆâ–Ž   | 267/421 [00:01<00:00, 212.25it/s]
Layer_W2_M2 Epoch 7/12:  69%|â–ˆâ–ˆâ–ˆâ–ˆâ–ˆâ–ˆâ–Š   | 289/421 [00:01<00:00, 214.13it/s]
Layer_W2_M2 Epoch 7/12:  74%|â–ˆâ–ˆâ–ˆâ–ˆâ–ˆâ–ˆâ–ˆâ–  | 311/421 [00:01<00:00, 211.83it/s]
Layer_W2_M2 Epoch 7/12:  79%|â–ˆâ–ˆâ–ˆâ–ˆâ–ˆâ–ˆâ–ˆâ–‰  | 333/421 [00:01<00:00, 213.83it/s]
Layer_W2_M2 Epoch 7/12:  84%|â–ˆâ–ˆâ–ˆâ–ˆâ–ˆâ–ˆâ–ˆâ–ˆâ– | 355/421 [00:01<00:00, 210.89it/s]
Layer_W2_M2 Epoch 7/12:  90%|â–ˆâ–ˆâ–ˆâ–ˆâ–ˆâ–ˆâ–ˆâ–ˆâ–‰ | 378/421 [00:01<00:00, 208.85it/s]
Layer_W2_M2 Epoch 7/12:  95%|â–ˆâ–ˆâ–ˆâ–ˆâ–ˆâ–ˆâ–ˆâ–ˆâ–ˆâ–Œ| 402/421 [00:01<00:00, 209.71it/s]
Layer_W2_M2 Epoch 7/12:  95%|â–ˆâ–ˆâ–ˆâ–ˆâ–ˆâ–ˆâ–ˆâ–ˆâ–ˆâ–Œ| 402/421 [00:02<00:00, 209.71it/s, loss=0.115799]
                                                                                         

Layer_W2_M2 Epoch 8/12:   0%|          | 0/421 [00:00<?, ?it/s]
Layer_W2_M2 Epoch 8/12:   4%|â–         | 17/421 [00:00<00:02, 162.87it/s]
Layer_W2_M2 Epoch 8/12:   9%|â–‰         | 38/421 [00:00<00:02, 190.05it/s]
Layer_W2_M2 Epoch 8/12:  14%|â–ˆâ–        | 61/421 [00:00<00:01, 203.15it/s]
Layer_W2_M2 Epoch 8/12:  19%|â–ˆâ–‰        | 82/421 [00:00<00:01, 203.97it/s]
Layer_W2_M2 Epoch 8/12:  25%|â–ˆâ–ˆâ–       | 105/421 [00:00<00:01, 210.49it/s]
Layer_W2_M2 Epoch 8/12:  30%|â–ˆâ–ˆâ–ˆ       | 127/421 [00:00<00:01, 209.27it/s]
Layer_W2_M2 Epoch 8/12:  35%|â–ˆâ–ˆâ–ˆâ–Œ      | 148/421 [00:00<00:01, 209.24it/s]
Layer_W2_M2 Epoch 8/12:  40%|â–ˆâ–ˆâ–ˆâ–ˆ      | 170/421 [00:00<00:01, 208.21it/s]
Layer_W2_M2 Epoch 8/12:  46%|â–ˆâ–ˆâ–ˆâ–ˆâ–Œ     | 192/421 [00:00<00:01, 209.56it/s]
Layer_W2_M2 Epoch 8/12:  51%|â–ˆâ–ˆâ–ˆâ–ˆâ–ˆ     | 214/421 [00:01<00:00, 209.05it/s]
Layer_W2_M2 Epoch 8/12:  56%|â–ˆâ–ˆâ–ˆâ–ˆâ–ˆâ–Œ    | 236/421 [00:01<00:00, 209.15it/s]
Layer_W2_M2 Epoch 8/12:  61%|â–ˆâ–ˆâ–ˆâ–ˆâ–ˆâ–ˆâ–   | 258/421 [00:01<00:00, 211.31it/s][codecarbon INFO @ 04:09:26] Energy consumed for RAM : 0.000470 kWh. RAM Power : 38.0 W

Layer_W2_M2 Epoch 8/12:  67%|â–ˆâ–ˆâ–ˆâ–ˆâ–ˆâ–ˆâ–‹   | 280/421 [00:01<00:00, 208.79it/s]
Layer_W2_M2 Epoch 8/12:  72%|â–ˆâ–ˆâ–ˆâ–ˆâ–ˆâ–ˆâ–ˆâ–  | 303/421 [00:01<00:00, 214.73it/s]
Layer_W2_M2 Epoch 8/12:  77%|â–ˆâ–ˆâ–ˆâ–ˆâ–ˆâ–ˆâ–ˆâ–‹  | 325/421 [00:01<00:00, 209.53it/s]
Layer_W2_M2 Epoch 8/12:  83%|â–ˆâ–ˆâ–ˆâ–ˆâ–ˆâ–ˆâ–ˆâ–ˆâ–Ž | 348/421 [00:01<00:00, 207.30it/s][codecarbon INFO @ 04:09:26] Delta energy consumed for CPU with cpu_load : 0.000181 kWh, power : 45.0 W
[codecarbon INFO @ 04:09:26] Energy consumed for All CPU : 0.000556 kWh
[codecarbon INFO @ 04:09:26] Energy consumed for all GPUs : 0.000730 kWh. Total GPU Power : 58.10429279201933 W
[codecarbon INFO @ 04:09:26] 0.001756 kWh of electricity used since the beginning.

Layer_W2_M2 Epoch 8/12:  88%|â–ˆâ–ˆâ–ˆâ–ˆâ–ˆâ–ˆâ–ˆâ–ˆâ–Š | 372/421 [00:01<00:00, 208.24it/s]
Layer_W2_M2 Epoch 8/12:  94%|â–ˆâ–ˆâ–ˆâ–ˆâ–ˆâ–ˆâ–ˆâ–ˆâ–ˆâ–| 396/421 [00:01<00:00, 209.17it/s]
Layer_W2_M2 Epoch 8/12: 100%|â–ˆâ–ˆâ–ˆâ–ˆâ–ˆâ–ˆâ–ˆâ–ˆâ–ˆâ–‰| 420/421 [00:02<00:00, 210.74it/s]
Layer_W2_M2 Epoch 8/12: 100%|â–ˆâ–ˆâ–ˆâ–ˆâ–ˆâ–ˆâ–ˆâ–ˆâ–ˆâ–‰| 420/421 [00:02<00:00, 210.74it/s, loss=0.042880]
                                                                                         

Layer_W2_M2 Epoch 9/12:   0%|          | 0/421 [00:00<?, ?it/s]
Layer_W2_M2 Epoch 9/12:   4%|â–         | 17/421 [00:00<00:02, 154.76it/s]
Layer_W2_M2 Epoch 9/12:  10%|â–‰         | 41/421 [00:00<00:02, 189.58it/s]
Layer_W2_M2 Epoch 9/12:  15%|â–ˆâ–Œ        | 65/421 [00:00<00:01, 200.75it/s]
Layer_W2_M2 Epoch 9/12:  21%|â–ˆâ–ˆ        | 88/421 [00:00<00:01, 211.13it/s]
Layer_W2_M2 Epoch 9/12:  26%|â–ˆâ–ˆâ–Œ       | 110/421 [00:00<00:01, 206.51it/s]
Layer_W2_M2 Epoch 9/12:  32%|â–ˆâ–ˆâ–ˆâ–      | 133/421 [00:00<00:01, 209.76it/s]
Layer_W2_M2 Epoch 9/12:  37%|â–ˆâ–ˆâ–ˆâ–‹      | 155/421 [00:00<00:01, 210.95it/s]
Layer_W2_M2 Epoch 9/12:  42%|â–ˆâ–ˆâ–ˆâ–ˆâ–     | 177/421 [00:00<00:01, 212.00it/s]
Layer_W2_M2 Epoch 9/12:  47%|â–ˆâ–ˆâ–ˆâ–ˆâ–‹     | 199/421 [00:00<00:01, 210.93it/s]
Layer_W2_M2 Epoch 9/12:  52%|â–ˆâ–ˆâ–ˆâ–ˆâ–ˆâ–    | 221/421 [00:01<00:00, 212.52it/s]
Layer_W2_M2 Epoch 9/12:  58%|â–ˆâ–ˆâ–ˆâ–ˆâ–ˆâ–Š    | 243/421 [00:01<00:00, 210.72it/s]
Layer_W2_M2 Epoch 9/12:  63%|â–ˆâ–ˆâ–ˆâ–ˆâ–ˆâ–ˆâ–Ž   | 266/421 [00:01<00:00, 208.78it/s]
Layer_W2_M2 Epoch 9/12:  69%|â–ˆâ–ˆâ–ˆâ–ˆâ–ˆâ–ˆâ–‰   | 290/421 [00:01<00:00, 209.45it/s]
Layer_W2_M2 Epoch 9/12:  75%|â–ˆâ–ˆâ–ˆâ–ˆâ–ˆâ–ˆâ–ˆâ–  | 314/421 [00:01<00:00, 210.01it/s]
Layer_W2_M2 Epoch 9/12:  80%|â–ˆâ–ˆâ–ˆâ–ˆâ–ˆâ–ˆâ–ˆâ–ˆ  | 338/421 [00:01<00:00, 210.72it/s]
Layer_W2_M2 Epoch 9/12:  86%|â–ˆâ–ˆâ–ˆâ–ˆâ–ˆâ–ˆâ–ˆâ–ˆâ–Œ | 362/421 [00:01<00:00, 210.80it/s]
Layer_W2_M2 Epoch 9/12:  92%|â–ˆâ–ˆâ–ˆâ–ˆâ–ˆâ–ˆâ–ˆâ–ˆâ–ˆâ–| 386/421 [00:01<00:00, 210.79it/s]
Layer_W2_M2 Epoch 9/12:  97%|â–ˆâ–ˆâ–ˆâ–ˆâ–ˆâ–ˆâ–ˆâ–ˆâ–ˆâ–‹| 410/421 [00:01<00:00, 210.46it/s]
Layer_W2_M2 Epoch 9/12:  97%|â–ˆâ–ˆâ–ˆâ–ˆâ–ˆâ–ˆâ–ˆâ–ˆâ–ˆâ–‹| 410/421 [00:02<00:00, 210.46it/s, loss=0.036609]
                                                                                         

Layer_W2_M2 Epoch 10/12:   0%|          | 0/421 [00:00<?, ?it/s]
Layer_W2_M2 Epoch 10/12:   4%|â–         | 17/421 [00:00<00:02, 155.63it/s]
Layer_W2_M2 Epoch 10/12:  10%|â–‰         | 40/421 [00:00<00:01, 197.75it/s]
Layer_W2_M2 Epoch 10/12:  14%|â–ˆâ–        | 61/421 [00:00<00:01, 197.69it/s]
Layer_W2_M2 Epoch 10/12:  20%|â–ˆâ–‰        | 84/421 [00:00<00:01, 209.11it/s]
Layer_W2_M2 Epoch 10/12:  25%|â–ˆâ–ˆâ–       | 105/421 [00:00<00:01, 205.78it/s]
Layer_W2_M2 Epoch 10/12:  30%|â–ˆâ–ˆâ–‰       | 126/421 [00:00<00:01, 206.68it/s]
Layer_W2_M2 Epoch 10/12:  35%|â–ˆâ–ˆâ–ˆâ–Œ      | 149/421 [00:00<00:01, 210.63it/s]
Layer_W2_M2 Epoch 10/12:  41%|â–ˆâ–ˆâ–ˆâ–ˆ      | 171/421 [00:00<00:01, 210.01it/s]
Layer_W2_M2 Epoch 10/12:  46%|â–ˆâ–ˆâ–ˆâ–ˆâ–Œ     | 193/421 [00:00<00:01, 212.85it/s]
Layer_W2_M2 Epoch 10/12:  51%|â–ˆâ–ˆâ–ˆâ–ˆâ–ˆ     | 215/421 [00:01<00:00, 209.52it/s]
Layer_W2_M2 Epoch 10/12:  56%|â–ˆâ–ˆâ–ˆâ–ˆâ–ˆâ–‹    | 237/421 [00:01<00:00, 212.46it/s]
Layer_W2_M2 Epoch 10/12:  62%|â–ˆâ–ˆâ–ˆâ–ˆâ–ˆâ–ˆâ–   | 259/421 [00:01<00:00, 208.90it/s]
Layer_W2_M2 Epoch 10/12:  67%|â–ˆâ–ˆâ–ˆâ–ˆâ–ˆâ–ˆâ–‹   | 281/421 [00:01<00:00, 211.67it/s]
Layer_W2_M2 Epoch 10/12:  72%|â–ˆâ–ˆâ–ˆâ–ˆâ–ˆâ–ˆâ–ˆâ–  | 303/421 [00:01<00:00, 209.42it/s]
Layer_W2_M2 Epoch 10/12:  77%|â–ˆâ–ˆâ–ˆâ–ˆâ–ˆâ–ˆâ–ˆâ–‹  | 324/421 [00:01<00:00, 209.00it/s]
Layer_W2_M2 Epoch 10/12:  82%|â–ˆâ–ˆâ–ˆâ–ˆâ–ˆâ–ˆâ–ˆâ–ˆâ– | 346/421 [00:01<00:00, 210.36it/s]
Layer_W2_M2 Epoch 10/12:  87%|â–ˆâ–ˆâ–ˆâ–ˆâ–ˆâ–ˆâ–ˆâ–ˆâ–‹ | 368/421 [00:01<00:00, 208.98it/s]
Layer_W2_M2 Epoch 10/12:  93%|â–ˆâ–ˆâ–ˆâ–ˆâ–ˆâ–ˆâ–ˆâ–ˆâ–ˆâ–Ž| 390/421 [00:01<00:00, 211.56it/s]
Layer_W2_M2 Epoch 10/12:  98%|â–ˆâ–ˆâ–ˆâ–ˆâ–ˆâ–ˆâ–ˆâ–ˆâ–ˆâ–Š| 412/421 [00:01<00:00, 208.53it/s]
Layer_W2_M2 Epoch 10/12:  98%|â–ˆâ–ˆâ–ˆâ–ˆâ–ˆâ–ˆâ–ˆâ–ˆâ–ˆâ–Š| 412/421 [00:02<00:00, 208.53it/s, loss=0.048670]
                                                                                          

Layer_W2_M2 Epoch 11/12:   0%|          | 0/421 [00:00<?, ?it/s]
Layer_W2_M2 Epoch 11/12:   4%|â–         | 17/421 [00:00<00:02, 159.76it/s]
Layer_W2_M2 Epoch 11/12:  10%|â–‰         | 41/421 [00:00<00:01, 193.44it/s]
Layer_W2_M2 Epoch 11/12:  15%|â–ˆâ–Œ        | 65/421 [00:00<00:01, 203.08it/s]
Layer_W2_M2 Epoch 11/12:  21%|â–ˆâ–ˆ        | 89/421 [00:00<00:01, 207.69it/s]
Layer_W2_M2 Epoch 11/12:  27%|â–ˆâ–ˆâ–‹       | 112/421 [00:00<00:01, 214.29it/s]
Layer_W2_M2 Epoch 11/12:  32%|â–ˆâ–ˆâ–ˆâ–      | 134/421 [00:00<00:01, 210.19it/s]
Layer_W2_M2 Epoch 11/12:  37%|â–ˆâ–ˆâ–ˆâ–‹      | 156/421 [00:00<00:01, 213.19it/s]
Layer_W2_M2 Epoch 11/12:  42%|â–ˆâ–ˆâ–ˆâ–ˆâ–     | 178/421 [00:00<00:01, 210.62it/s]
Layer_W2_M2 Epoch 11/12:  48%|â–ˆâ–ˆâ–ˆâ–ˆâ–Š     | 200/421 [00:00<00:01, 212.56it/s]
Layer_W2_M2 Epoch 11/12:  53%|â–ˆâ–ˆâ–ˆâ–ˆâ–ˆâ–Ž    | 222/421 [00:01<00:00, 211.10it/s]
Layer_W2_M2 Epoch 11/12:  58%|â–ˆâ–ˆâ–ˆâ–ˆâ–ˆâ–Š    | 244/421 [00:01<00:00, 211.76it/s]
Layer_W2_M2 Epoch 11/12:  63%|â–ˆâ–ˆâ–ˆâ–ˆâ–ˆâ–ˆâ–Ž   | 266/421 [00:01<00:00, 211.45it/s]
Layer_W2_M2 Epoch 11/12:  68%|â–ˆâ–ˆâ–ˆâ–ˆâ–ˆâ–ˆâ–Š   | 288/421 [00:01<00:00, 212.33it/s]
Layer_W2_M2 Epoch 11/12:  74%|â–ˆâ–ˆâ–ˆâ–ˆâ–ˆâ–ˆâ–ˆâ–Ž  | 310/421 [00:01<00:00, 211.91it/s]
Layer_W2_M2 Epoch 11/12:  79%|â–ˆâ–ˆâ–ˆâ–ˆâ–ˆâ–ˆâ–ˆâ–‰  | 332/421 [00:01<00:00, 211.95it/s]
Layer_W2_M2 Epoch 11/12:  84%|â–ˆâ–ˆâ–ˆâ–ˆâ–ˆâ–ˆâ–ˆâ–ˆâ– | 354/421 [00:01<00:00, 212.19it/s]
Layer_W2_M2 Epoch 11/12:  89%|â–ˆâ–ˆâ–ˆâ–ˆâ–ˆâ–ˆâ–ˆâ–ˆâ–‰ | 376/421 [00:01<00:00, 211.32it/s]
Layer_W2_M2 Epoch 11/12:  95%|â–ˆâ–ˆâ–ˆâ–ˆâ–ˆâ–ˆâ–ˆâ–ˆâ–ˆâ–| 398/421 [00:01<00:00, 212.79it/s]
Layer_W2_M2 Epoch 11/12: 100%|â–ˆâ–ˆâ–ˆâ–ˆâ–ˆâ–ˆâ–ˆâ–ˆâ–ˆâ–‰| 420/421 [00:02<00:00, 209.57it/s]
Layer_W2_M2 Epoch 11/12: 100%|â–ˆâ–ˆâ–ˆâ–ˆâ–ˆâ–ˆâ–ˆâ–ˆâ–ˆâ–‰| 420/421 [00:02<00:00, 209.57it/s, loss=0.078470]
                                                                                          

Evaluating MF MF_MLP (BP-style):   0%|          | 0/40 [00:00<?, ?it/s]
Evaluating MF MF_MLP (BP-style):   2%|â–Ž         | 1/40 [00:00<00:04,  8.37it/s]
Evaluating MF MF_MLP (BP-style):  38%|â–ˆâ–ˆâ–ˆâ–Š      | 15/40 [00:00<00:00, 78.87it/s]
Evaluating MF MF_MLP (BP-style):  62%|â–ˆâ–ˆâ–ˆâ–ˆâ–ˆâ–ˆâ–Ž   | 25/40 [00:00<00:00, 87.58it/s]
Evaluating MF MF_MLP (BP-style):  92%|â–ˆâ–ˆâ–ˆâ–ˆâ–ˆâ–ˆâ–ˆâ–ˆâ–ˆâ–Ž| 37/40 [00:00<00:00, 97.03it/s]
                                                                                
[codecarbon INFO @ 04:09:34] Energy consumed for RAM : 0.000551 kWh. RAM Power : 38.0 W
[codecarbon INFO @ 04:09:34] Delta energy consumed for CPU with cpu_load : 0.000096 kWh, power : 45.0 W
[codecarbon INFO @ 04:09:34] Energy consumed for All CPU : 0.000652 kWh
[codecarbon INFO @ 04:09:34] Energy consumed for all GPUs : 0.000863 kWh. Total GPU Power : 58.11504367801063 W
[codecarbon INFO @ 04:09:34] 0.002066 kWh of electricity used since the beginning.
wandb:                                                                                
wandb: 
wandb: Run history:
wandb:         Layer_W1_M1/Epochs_Trained â–
wandb: Layer_W1_M1/GPU_Mem_Used_MiB_Batch â–â–†â–†â–†â–†â–†â–ˆâ–ˆâ–ˆâ–ˆâ–ˆâ–ˆ
wandb: Layer_W1_M1/Peak_GPU_Mem_Epoch_MiB â–â–†â–†â–†â–†â–†â–ˆâ–ˆâ–ˆâ–ˆâ–ˆâ–ˆ
wandb: Layer_W1_M1/Peak_GPU_Mem_Layer_MiB â–
wandb:       Layer_W1_M1/Train_Loss_Batch â–‡â–…â–ˆâ–„â–…â–†â–‚â–„â–‚â–â–â–‚
wandb:    Layer_W1_M1/Train_Loss_EpochAvg â–ˆâ–…â–„â–„â–ƒâ–ƒâ–‚â–‚â–‚â–â–â–
wandb:    Layer_W1_M1/Train_Loss_LayerAvg â–
wandb:    Layer_W1_M1/Val_LocalLoss_Epoch â–ˆâ–†â–„â–ƒâ–ƒâ–‚â–‚â–â–‚â–â–‚â–
wandb:         Layer_W2_M2/Epochs_Trained â–
wandb: Layer_W2_M2/GPU_Mem_Used_MiB_Batch â–â–â–â–â–â–â–â–â–â–â–
wandb: Layer_W2_M2/Peak_GPU_Mem_Epoch_MiB â–â–â–â–â–â–â–â–â–â–â–
wandb: Layer_W2_M2/Peak_GPU_Mem_Layer_MiB â–
wandb:       Layer_W2_M2/Train_Loss_Batch â–ˆâ–…â–‚â–„â–ƒâ–ƒâ–ƒâ–â–â–â–‚
wandb:    Layer_W2_M2/Train_Loss_EpochAvg â–ˆâ–„â–ƒâ–ƒâ–‚â–‚â–‚â–‚â–â–â–
wandb:    Layer_W2_M2/Train_Loss_LayerAvg â–
wandb:    Layer_W2_M2/Val_LocalLoss_Epoch â–â–‚â–ƒâ–„â–„â–…â–…â–…â–†â–ˆâ–‡
wandb:               estimated_fwd_gflops â–
wandb:                final/Test_Accuracy â–
wandb:   final/codecarbon_emissions_gCO2e â–
wandb:         final/estimated_fwd_gflops â–
wandb:        final/peak_gpu_mem_used_mib â–
wandb:      final/total_gpu_energy_joules â–
wandb:          final/total_gpu_energy_wh â–
wandb:       final/total_run_duration_sec â–
wandb:        final/training_duration_sec â–
wandb:                        global_step â–â–â–â–‚â–‚â–‚â–‚â–‚â–ƒâ–ƒâ–ƒâ–ƒâ–ƒâ–ƒâ–ƒâ–ƒâ–„â–„â–„â–„â–…â–…â–…â–…â–…â–†â–†â–†â–†â–†â–†â–‡â–‡â–‡â–‡â–ˆâ–ˆâ–ˆâ–ˆâ–ˆ
wandb:           initial_gpu_mem_used_mib â–
wandb:             model_parameters_total â–
wandb:         model_parameters_trainable â–
wandb: 
wandb: Run summary:
wandb:         Layer_W1_M1/Epochs_Trained 12
wandb: Layer_W1_M1/GPU_Mem_Used_MiB_Batch 914
wandb: Layer_W1_M1/Peak_GPU_Mem_Epoch_MiB 914
wandb: Layer_W1_M1/Peak_GPU_Mem_Layer_MiB 914
wandb:       Layer_W1_M1/Train_Loss_Batch 0.16325
wandb:    Layer_W1_M1/Train_Loss_EpochAvg 0.15922
wandb:    Layer_W1_M1/Train_Loss_LayerAvg 0.15922
wandb:    Layer_W1_M1/Val_LocalLoss_Epoch 0.28462
wandb:         Layer_W2_M2/Epochs_Trained 11
wandb: Layer_W2_M2/GPU_Mem_Used_MiB_Batch 934
wandb: Layer_W2_M2/Peak_GPU_Mem_Epoch_MiB 934
wandb: Layer_W2_M2/Peak_GPU_Mem_Layer_MiB 934
wandb:       Layer_W2_M2/Train_Loss_Batch 0.07847
wandb:    Layer_W2_M2/Train_Loss_EpochAvg 0.06276
wandb:    Layer_W2_M2/Train_Loss_LayerAvg 0.06276
wandb:    Layer_W2_M2/Val_LocalLoss_Epoch 0.41524
wandb:             codecarbon_country_iso POL
wandb:                 codecarbon_enabled True
wandb:                    codecarbon_mode offline
wandb:         estimated_bp_update_gflops nan
wandb:               estimated_fwd_gflops 0.00359
wandb:                final/Test_Accuracy 89.69
wandb:                    final/Test_Loss nan
wandb:   final/codecarbon_emissions_gCO2e 1.36751
wandb:   final/estimated_bp_update_gflops nan
wandb:         final/estimated_fwd_gflops 0.00359
wandb:        final/peak_gpu_mem_used_mib 934
wandb:      final/total_gpu_energy_joules 2999.95888
wandb:          final/total_gpu_energy_wh 0.83332
wandb:       final/total_run_duration_sec 55.16822
wandb:        final/training_duration_sec 51.94771
wandb:           initial_gpu_mem_used_mib 336.625
wandb:             model_parameters_total 1823850
wandb:         model_parameters_trainable 1823850
wandb: 
wandb: ðŸš€ View run mf_fashion_mnist_mlp_2x1000 at: https://wandb.ai/przspyra11/BeyondBackpropagation/runs/j21xymit
wandb: â­ï¸ View project at: https://wandb.ai/przspyra11/BeyondBackpropagation
wandb: Synced 5 W&B file(s), 0 media file(s), 0 artifact file(s) and 0 other file(s)
wandb: Find logs at: ./wandb/run-20250508_040839-j21xymit/logs
