 binutils/2.38 loaded.
 bzip2/1.0.8 loaded.
 zlib/1.2.12 loaded.
 ncurses/6.3 loaded.
 libreadline/8.1.2 loaded.
 Tcl/8.6.12 loaded.
 SQLite/3.38.3 loaded.
 XZ/5.2.5 loaded.
 GMP/6.2.1 loaded.
 libffi/3.4.2 loaded.
 OpenSSL/1.1 loaded.
 Python/3.10.4 loaded.
 CUDA/12.4.0 loaded.

Currently Loaded Modules:
  1) binutils/2.38   5) libreadline/8.1.2   9) GMP/6.2.1      13) CUDA/12.4.0
  2) bzip2/1.0.8     6) Tcl/8.6.12         10) libffi/3.4.2
  3) zlib/1.2.12     7) SQLite/3.38.3      11) OpenSSL/1.1
  4) ncurses/6.3     8) XZ/5.2.5           12) Python/3.10.4

 

2025-05-08 04:09:09,138 - src.utils.config_parser - INFO - Successfully merged configuration from configs/mf/fashion_mnist_mlp_2x1000.yaml and configs/base.yaml
wandb: Using wandb-core as the SDK backend.  Please refer to https://wandb.me/wandb-core for more information.
wandb: Currently logged in as: przspyra11 (agh_racing) to https://api.wandb.ai. Use `wandb login --relogin` to force relogin
wandb: Tracking run with wandb version 0.19.8
wandb: Run data is saved locally in /net/tscratch/people/plgspyra/BeyondBackpropagation/wandb/run-20250508_040909-hipt9jwr
wandb: Run `wandb offline` to turn off syncing.
wandb: Syncing run mf_fashion_mnist_mlp_2x1000
wandb: â­ï¸ View project at https://wandb.ai/przspyra11/BeyondBackpropagation
wandb: ðŸš€ View run at https://wandb.ai/przspyra11/BeyondBackpropagation/runs/hipt9jwr
[codecarbon INFO @ 04:09:10] offline tracker init
[codecarbon INFO @ 04:09:10] [setup] RAM Tracking...
[codecarbon INFO @ 04:09:10] [setup] CPU Tracking...
 Linux OS detected: Please ensure RAPL files exist at /sys/class/powercap/intel-rapl/subsystem to measure CPU

[codecarbon INFO @ 04:09:10] CPU Model on constant consumption mode: AMD EPYC 7742 64-Core Processor
[codecarbon INFO @ 04:09:10] [setup] GPU Tracking...
[codecarbon INFO @ 04:09:10] Tracking Nvidia GPU via pynvml
[codecarbon INFO @ 04:09:10] The below tracking methods have been set up:
                RAM Tracking Method: RAM power estimation model
                CPU Tracking Method: cpu_load
                GPU Tracking Method: pynvml
            
[codecarbon INFO @ 04:09:10] >>> Tracker's metadata:
[codecarbon INFO @ 04:09:10]   Platform system: Linux-5.14.0-503.26.1.el9_5.x86_64-x86_64-with-glibc2.34
[codecarbon INFO @ 04:09:10]   Python version: 3.10.4
[codecarbon INFO @ 04:09:10]   CodeCarbon version: 3.0.1
[codecarbon INFO @ 04:09:10]   Available RAM : 125.000 GB
[codecarbon INFO @ 04:09:10]   CPU count: 16 thread(s) in 2 physical CPU(s)
[codecarbon INFO @ 04:09:10]   CPU model: AMD EPYC 7742 64-Core Processor
[codecarbon INFO @ 04:09:10]   GPU count: 1
[codecarbon INFO @ 04:09:10]   GPU model: 1 x NVIDIA A100-SXM4-40GB BUT only tracking these GPU ids : [0]
[codecarbon INFO @ 04:09:10] Emissions data (if any) will be saved to file /net/tscratch/people/plgspyra/BeyondBackpropagation/results/carbon/mf_fashion_mnist_mlp_2x1000_carbon.csv

Layer_W1_M1 Epoch 1/12:   0%|          | 0/421 [00:00<?, ?it/s]
Layer_W1_M1 Epoch 1/12:   1%|          | 3/421 [00:00<00:13, 29.97it/s]
Layer_W1_M1 Epoch 1/12:   7%|â–‹         | 29/421 [00:00<00:02, 163.88it/s]
Layer_W1_M1 Epoch 1/12:  12%|â–ˆâ–        | 50/421 [00:00<00:02, 183.10it/s]
Layer_W1_M1 Epoch 1/12:  17%|â–ˆâ–‹        | 72/421 [00:00<00:01, 194.44it/s]
Layer_W1_M1 Epoch 1/12:  23%|â–ˆâ–ˆâ–Ž       | 95/421 [00:00<00:01, 202.49it/s]
Layer_W1_M1 Epoch 1/12:  28%|â–ˆâ–ˆâ–Š       | 116/421 [00:00<00:01, 203.75it/s]
Layer_W1_M1 Epoch 1/12:  33%|â–ˆâ–ˆâ–ˆâ–Ž      | 139/421 [00:00<00:01, 208.45it/s]
Layer_W1_M1 Epoch 1/12:  38%|â–ˆâ–ˆâ–ˆâ–Š      | 160/421 [00:00<00:01, 207.59it/s]
Layer_W1_M1 Epoch 1/12:  43%|â–ˆâ–ˆâ–ˆâ–ˆâ–Ž     | 183/421 [00:00<00:01, 211.62it/s]
Layer_W1_M1 Epoch 1/12:  49%|â–ˆâ–ˆâ–ˆâ–ˆâ–Š     | 205/421 [00:01<00:01, 210.72it/s]
Layer_W1_M1 Epoch 1/12:  54%|â–ˆâ–ˆâ–ˆâ–ˆâ–ˆâ–    | 227/421 [00:01<00:00, 212.82it/s]
Layer_W1_M1 Epoch 1/12:  59%|â–ˆâ–ˆâ–ˆâ–ˆâ–ˆâ–‰    | 249/421 [00:01<00:00, 210.87it/s]
Layer_W1_M1 Epoch 1/12:  64%|â–ˆâ–ˆâ–ˆâ–ˆâ–ˆâ–ˆâ–   | 271/421 [00:01<00:00, 213.04it/s]
Layer_W1_M1 Epoch 1/12:  70%|â–ˆâ–ˆâ–ˆâ–ˆâ–ˆâ–ˆâ–‰   | 293/421 [00:01<00:00, 210.49it/s]
Layer_W1_M1 Epoch 1/12:  75%|â–ˆâ–ˆâ–ˆâ–ˆâ–ˆâ–ˆâ–ˆâ–Œ  | 316/421 [00:01<00:00, 209.03it/s]
Layer_W1_M1 Epoch 1/12:  81%|â–ˆâ–ˆâ–ˆâ–ˆâ–ˆâ–ˆâ–ˆâ–ˆ  | 339/421 [00:01<00:00, 214.49it/s]
Layer_W1_M1 Epoch 1/12:  86%|â–ˆâ–ˆâ–ˆâ–ˆâ–ˆâ–ˆâ–ˆâ–ˆâ–Œ | 361/421 [00:01<00:00, 211.11it/s]
Layer_W1_M1 Epoch 1/12:  91%|â–ˆâ–ˆâ–ˆâ–ˆâ–ˆâ–ˆâ–ˆâ–ˆâ–ˆ | 384/421 [00:01<00:00, 208.86it/s]
Layer_W1_M1 Epoch 1/12:  97%|â–ˆâ–ˆâ–ˆâ–ˆâ–ˆâ–ˆâ–ˆâ–ˆâ–ˆâ–‹| 408/421 [00:01<00:00, 209.76it/s]
Layer_W1_M1 Epoch 1/12:  97%|â–ˆâ–ˆâ–ˆâ–ˆâ–ˆâ–ˆâ–ˆâ–ˆâ–ˆâ–‹| 408/421 [00:02<00:00, 209.76it/s, loss=0.460374]
                                                                                         

Layer_W1_M1 Epoch 2/12:   0%|          | 0/421 [00:00<?, ?it/s]
Layer_W1_M1 Epoch 2/12:   4%|â–         | 17/421 [00:00<00:02, 153.94it/s]
Layer_W1_M1 Epoch 2/12:  10%|â–‰         | 41/421 [00:00<00:02, 188.06it/s]
Layer_W1_M1 Epoch 2/12:  15%|â–ˆâ–Œ        | 65/421 [00:00<00:01, 199.10it/s]
Layer_W1_M1 Epoch 2/12:  21%|â–ˆâ–ˆ        | 89/421 [00:00<00:01, 204.56it/s]
Layer_W1_M1 Epoch 2/12:  27%|â–ˆâ–ˆâ–‹       | 113/421 [00:00<00:01, 207.48it/s]
Layer_W1_M1 Epoch 2/12:  33%|â–ˆâ–ˆâ–ˆâ–Ž      | 137/421 [00:00<00:01, 209.95it/s]
Layer_W1_M1 Epoch 2/12:  38%|â–ˆâ–ˆâ–ˆâ–Š      | 161/421 [00:00<00:01, 211.54it/s]
Layer_W1_M1 Epoch 2/12:  44%|â–ˆâ–ˆâ–ˆâ–ˆâ–     | 185/421 [00:00<00:01, 212.14it/s]
Layer_W1_M1 Epoch 2/12:  49%|â–ˆâ–ˆâ–ˆâ–ˆâ–‰     | 208/421 [00:00<00:00, 217.28it/s]
Layer_W1_M1 Epoch 2/12:  55%|â–ˆâ–ˆâ–ˆâ–ˆâ–ˆâ–    | 230/421 [00:01<00:00, 213.99it/s]
Layer_W1_M1 Epoch 2/12:  60%|â–ˆâ–ˆâ–ˆâ–ˆâ–ˆâ–‰    | 252/421 [00:01<00:00, 215.22it/s]
Layer_W1_M1 Epoch 2/12:  65%|â–ˆâ–ˆâ–ˆâ–ˆâ–ˆâ–ˆâ–Œ   | 274/421 [00:01<00:00, 213.20it/s]
Layer_W1_M1 Epoch 2/12:  70%|â–ˆâ–ˆâ–ˆâ–ˆâ–ˆâ–ˆâ–ˆ   | 296/421 [00:01<00:00, 214.30it/s]
Layer_W1_M1 Epoch 2/12:  76%|â–ˆâ–ˆâ–ˆâ–ˆâ–ˆâ–ˆâ–ˆâ–Œ  | 318/421 [00:01<00:00, 212.44it/s]
Layer_W1_M1 Epoch 2/12:  81%|â–ˆâ–ˆâ–ˆâ–ˆâ–ˆâ–ˆâ–ˆâ–ˆ  | 340/421 [00:01<00:00, 213.78it/s]
Layer_W1_M1 Epoch 2/12:  86%|â–ˆâ–ˆâ–ˆâ–ˆâ–ˆâ–ˆâ–ˆâ–ˆâ–Œ | 362/421 [00:01<00:00, 212.01it/s]
Layer_W1_M1 Epoch 2/12:  91%|â–ˆâ–ˆâ–ˆâ–ˆâ–ˆâ–ˆâ–ˆâ–ˆâ–ˆ | 384/421 [00:01<00:00, 213.40it/s]
Layer_W1_M1 Epoch 2/12:  96%|â–ˆâ–ˆâ–ˆâ–ˆâ–ˆâ–ˆâ–ˆâ–ˆâ–ˆâ–‹| 406/421 [00:01<00:00, 211.89it/s]
Layer_W1_M1 Epoch 2/12:  96%|â–ˆâ–ˆâ–ˆâ–ˆâ–ˆâ–ˆâ–ˆâ–ˆâ–ˆâ–‹| 406/421 [00:02<00:00, 211.89it/s, loss=0.365421]
                                                                                         

Layer_W1_M1 Epoch 3/12:   0%|          | 0/421 [00:00<?, ?it/s]
Layer_W1_M1 Epoch 3/12:   4%|â–         | 17/421 [00:00<00:02, 152.97it/s]
Layer_W1_M1 Epoch 3/12:  10%|â–‰         | 41/421 [00:00<00:02, 187.77it/s]
Layer_W1_M1 Epoch 3/12:  15%|â–ˆâ–Œ        | 65/421 [00:00<00:01, 198.75it/s]
Layer_W1_M1 Epoch 3/12:  21%|â–ˆâ–ˆ        | 89/421 [00:00<00:01, 203.92it/s]
Layer_W1_M1 Epoch 3/12:  27%|â–ˆâ–ˆâ–‹       | 113/421 [00:00<00:01, 206.68it/s]
Layer_W1_M1 Epoch 3/12:  33%|â–ˆâ–ˆâ–ˆâ–Ž      | 137/421 [00:00<00:01, 208.37it/s]
Layer_W1_M1 Epoch 3/12:  38%|â–ˆâ–ˆâ–ˆâ–Š      | 161/421 [00:00<00:01, 209.28it/s]
Layer_W1_M1 Epoch 3/12:  44%|â–ˆâ–ˆâ–ˆâ–ˆâ–     | 185/421 [00:00<00:01, 209.72it/s]
Layer_W1_M1 Epoch 3/12:  50%|â–ˆâ–ˆâ–ˆâ–ˆâ–‰     | 209/421 [00:01<00:01, 210.15it/s]
Layer_W1_M1 Epoch 3/12:  55%|â–ˆâ–ˆâ–ˆâ–ˆâ–ˆâ–Œ    | 233/421 [00:01<00:00, 211.48it/s]
Layer_W1_M1 Epoch 3/12:  61%|â–ˆâ–ˆâ–ˆâ–ˆâ–ˆâ–ˆ    | 257/421 [00:01<00:00, 211.81it/s]
Layer_W1_M1 Epoch 3/12:  67%|â–ˆâ–ˆâ–ˆâ–ˆâ–ˆâ–ˆâ–‹   | 281/421 [00:01<00:00, 211.77it/s]
Layer_W1_M1 Epoch 3/12:  72%|â–ˆâ–ˆâ–ˆâ–ˆâ–ˆâ–ˆâ–ˆâ–  | 305/421 [00:01<00:00, 211.53it/s]
Layer_W1_M1 Epoch 3/12:  78%|â–ˆâ–ˆâ–ˆâ–ˆâ–ˆâ–ˆâ–ˆâ–Š  | 329/421 [00:01<00:00, 211.57it/s]
Layer_W1_M1 Epoch 3/12:  84%|â–ˆâ–ˆâ–ˆâ–ˆâ–ˆâ–ˆâ–ˆâ–ˆâ– | 353/421 [00:01<00:00, 211.36it/s]
Layer_W1_M1 Epoch 3/12:  90%|â–ˆâ–ˆâ–ˆâ–ˆâ–ˆâ–ˆâ–ˆâ–ˆâ–‰ | 377/421 [00:01<00:00, 211.49it/s]
Layer_W1_M1 Epoch 3/12:  95%|â–ˆâ–ˆâ–ˆâ–ˆâ–ˆâ–ˆâ–ˆâ–ˆâ–ˆâ–Œ| 401/421 [00:01<00:00, 211.63it/s]
Layer_W1_M1 Epoch 3/12:  95%|â–ˆâ–ˆâ–ˆâ–ˆâ–ˆâ–ˆâ–ˆâ–ˆâ–ˆâ–Œ| 401/421 [00:02<00:00, 211.63it/s, loss=0.332010]
                                                                                         

Layer_W1_M1 Epoch 4/12:   0%|          | 0/421 [00:00<?, ?it/s]
Layer_W1_M1 Epoch 4/12:   4%|â–         | 17/421 [00:00<00:02, 160.38it/s]
Layer_W1_M1 Epoch 4/12:  10%|â–‰         | 40/421 [00:00<00:01, 198.52it/s]
Layer_W1_M1 Epoch 4/12:  14%|â–ˆâ–        | 61/421 [00:00<00:01, 197.96it/s]
Layer_W1_M1 Epoch 4/12:  20%|â–ˆâ–‰        | 84/421 [00:00<00:01, 208.32it/s]
Layer_W1_M1 Epoch 4/12:  25%|â–ˆâ–ˆâ–       | 105/421 [00:00<00:01, 204.43it/s]
Layer_W1_M1 Epoch 4/12:  30%|â–ˆâ–ˆâ–ˆ       | 128/421 [00:00<00:01, 210.91it/s]
Layer_W1_M1 Epoch 4/12:  36%|â–ˆâ–ˆâ–ˆâ–Œ      | 150/421 [00:00<00:01, 208.98it/s]
Layer_W1_M1 Epoch 4/12:  41%|â–ˆâ–ˆâ–ˆâ–ˆ      | 172/421 [00:00<00:01, 210.99it/s]
Layer_W1_M1 Epoch 4/12:  46%|â–ˆâ–ˆâ–ˆâ–ˆâ–Œ     | 194/421 [00:00<00:01, 209.59it/s]
Layer_W1_M1 Epoch 4/12:  51%|â–ˆâ–ˆâ–ˆâ–ˆâ–ˆâ–    | 216/421 [00:01<00:00, 211.19it/s]
Layer_W1_M1 Epoch 4/12:  57%|â–ˆâ–ˆâ–ˆâ–ˆâ–ˆâ–‹    | 238/421 [00:01<00:00, 209.90it/s]
Layer_W1_M1 Epoch 4/12:  62%|â–ˆâ–ˆâ–ˆâ–ˆâ–ˆâ–ˆâ–   | 260/421 [00:01<00:00, 210.89it/s]
Layer_W1_M1 Epoch 4/12:  67%|â–ˆâ–ˆâ–ˆâ–ˆâ–ˆâ–ˆâ–‹   | 282/421 [00:01<00:00, 210.04it/s]
Layer_W1_M1 Epoch 4/12:  72%|â–ˆâ–ˆâ–ˆâ–ˆâ–ˆâ–ˆâ–ˆâ–  | 304/421 [00:01<00:00, 210.96it/s]
Layer_W1_M1 Epoch 4/12:  77%|â–ˆâ–ˆâ–ˆâ–ˆâ–ˆâ–ˆâ–ˆâ–‹  | 326/421 [00:01<00:00, 210.28it/s]
Layer_W1_M1 Epoch 4/12:  83%|â–ˆâ–ˆâ–ˆâ–ˆâ–ˆâ–ˆâ–ˆâ–ˆâ–Ž | 348/421 [00:01<00:00, 210.98it/s]
Layer_W1_M1 Epoch 4/12:  88%|â–ˆâ–ˆâ–ˆâ–ˆâ–ˆâ–ˆâ–ˆâ–ˆâ–Š | 370/421 [00:01<00:00, 210.55it/s]
Layer_W1_M1 Epoch 4/12:  93%|â–ˆâ–ˆâ–ˆâ–ˆâ–ˆâ–ˆâ–ˆâ–ˆâ–ˆâ–Ž| 392/421 [00:01<00:00, 210.64it/s]
Layer_W1_M1 Epoch 4/12:  98%|â–ˆâ–ˆâ–ˆâ–ˆâ–ˆâ–ˆâ–ˆâ–ˆâ–ˆâ–Š| 414/421 [00:01<00:00, 203.09it/s]
Layer_W1_M1 Epoch 4/12:  98%|â–ˆâ–ˆâ–ˆâ–ˆâ–ˆâ–ˆâ–ˆâ–ˆâ–ˆâ–Š| 414/421 [00:02<00:00, 203.09it/s, loss=0.208097]
                                                                                         

Layer_W1_M1 Epoch 5/12:   0%|          | 0/421 [00:00<?, ?it/s]
Layer_W1_M1 Epoch 5/12:   4%|â–         | 17/421 [00:00<00:02, 150.28it/s]
Layer_W1_M1 Epoch 5/12:  10%|â–‰         | 41/421 [00:00<00:02, 184.84it/s]
Layer_W1_M1 Epoch 5/12:  15%|â–ˆâ–Œ        | 65/421 [00:00<00:01, 196.19it/s]
Layer_W1_M1 Epoch 5/12:  21%|â–ˆâ–ˆ        | 89/421 [00:00<00:01, 202.64it/s]
Layer_W1_M1 Epoch 5/12:  27%|â–ˆâ–ˆâ–‹       | 113/421 [00:00<00:01, 206.83it/s]
Layer_W1_M1 Epoch 5/12:  33%|â–ˆâ–ˆâ–ˆâ–Ž      | 137/421 [00:00<00:01, 208.98it/s]
Layer_W1_M1 Epoch 5/12:  38%|â–ˆâ–ˆâ–ˆâ–Š      | 161/421 [00:00<00:01, 210.32it/s]
Layer_W1_M1 Epoch 5/12:  44%|â–ˆâ–ˆâ–ˆâ–ˆâ–Ž     | 184/421 [00:00<00:01, 215.88it/s]
Layer_W1_M1 Epoch 5/12:  49%|â–ˆâ–ˆâ–ˆâ–ˆâ–‰     | 206/421 [00:01<00:01, 211.70it/s]
Layer_W1_M1 Epoch 5/12:  54%|â–ˆâ–ˆâ–ˆâ–ˆâ–ˆâ–    | 228/421 [00:01<00:00, 213.96it/s]
Layer_W1_M1 Epoch 5/12:  59%|â–ˆâ–ˆâ–ˆâ–ˆâ–ˆâ–‰    | 250/421 [00:01<00:00, 211.05it/s]
Layer_W1_M1 Epoch 5/12:  65%|â–ˆâ–ˆâ–ˆâ–ˆâ–ˆâ–ˆâ–   | 272/421 [00:01<00:00, 212.75it/s]
Layer_W1_M1 Epoch 5/12:  70%|â–ˆâ–ˆâ–ˆâ–ˆâ–ˆâ–ˆâ–‰   | 294/421 [00:01<00:00, 210.44it/s]
Layer_W1_M1 Epoch 5/12:  75%|â–ˆâ–ˆâ–ˆâ–ˆâ–ˆâ–ˆâ–ˆâ–Œ  | 316/421 [00:01<00:00, 212.25it/s]
Layer_W1_M1 Epoch 5/12:  80%|â–ˆâ–ˆâ–ˆâ–ˆâ–ˆâ–ˆâ–ˆâ–ˆ  | 338/421 [00:01<00:00, 210.70it/s]
Layer_W1_M1 Epoch 5/12:  86%|â–ˆâ–ˆâ–ˆâ–ˆâ–ˆâ–ˆâ–ˆâ–ˆâ–Œ | 360/421 [00:01<00:00, 212.42it/s]
Layer_W1_M1 Epoch 5/12:  91%|â–ˆâ–ˆâ–ˆâ–ˆâ–ˆâ–ˆâ–ˆâ–ˆâ–ˆ | 382/421 [00:01<00:00, 211.31it/s]
Layer_W1_M1 Epoch 5/12:  96%|â–ˆâ–ˆâ–ˆâ–ˆâ–ˆâ–ˆâ–ˆâ–ˆâ–ˆâ–Œ| 404/421 [00:01<00:00, 211.67it/s]
Layer_W1_M1 Epoch 5/12:  96%|â–ˆâ–ˆâ–ˆâ–ˆâ–ˆâ–ˆâ–ˆâ–ˆâ–ˆâ–Œ| 404/421 [00:02<00:00, 211.67it/s, loss=0.335979]
                                                                                         

Layer_W1_M1 Epoch 6/12:   0%|          | 0/421 [00:00<?, ?it/s]
Layer_W1_M1 Epoch 6/12:   4%|â–         | 17/421 [00:00<00:02, 160.34it/s]
Layer_W1_M1 Epoch 6/12:   9%|â–‰         | 39/421 [00:00<00:01, 193.65it/s]
Layer_W1_M1 Epoch 6/12:  14%|â–ˆâ–        | 61/421 [00:00<00:01, 199.10it/s]
Layer_W1_M1 Epoch 6/12:  20%|â–ˆâ–‰        | 84/421 [00:00<00:01, 210.62it/s]
Layer_W1_M1 Epoch 6/12:  25%|â–ˆâ–ˆâ–Œ       | 106/421 [00:00<00:01, 206.98it/s]
Layer_W1_M1 Epoch 6/12:  31%|â–ˆâ–ˆâ–ˆ       | 129/421 [00:00<00:01, 207.13it/s]
Layer_W1_M1 Epoch 6/12:  36%|â–ˆâ–ˆâ–ˆâ–‹      | 153/421 [00:00<00:01, 208.98it/s]
Layer_W1_M1 Epoch 6/12:  42%|â–ˆâ–ˆâ–ˆâ–ˆâ–     | 177/421 [00:00<00:01, 210.21it/s]
Layer_W1_M1 Epoch 6/12:  48%|â–ˆâ–ˆâ–ˆâ–ˆâ–Š     | 201/421 [00:00<00:01, 211.04it/s]
Layer_W1_M1 Epoch 6/12:  53%|â–ˆâ–ˆâ–ˆâ–ˆâ–ˆâ–Ž    | 225/421 [00:01<00:00, 211.00it/s]
Layer_W1_M1 Epoch 6/12:  59%|â–ˆâ–ˆâ–ˆâ–ˆâ–ˆâ–‰    | 249/421 [00:01<00:00, 212.27it/s]
Layer_W1_M1 Epoch 6/12:  65%|â–ˆâ–ˆâ–ˆâ–ˆâ–ˆâ–ˆâ–   | 273/421 [00:01<00:00, 212.05it/s]
Layer_W1_M1 Epoch 6/12:  71%|â–ˆâ–ˆâ–ˆâ–ˆâ–ˆâ–ˆâ–ˆ   | 297/421 [00:01<00:00, 212.15it/s]
Layer_W1_M1 Epoch 6/12:  76%|â–ˆâ–ˆâ–ˆâ–ˆâ–ˆâ–ˆâ–ˆâ–Œ  | 321/421 [00:01<00:00, 212.27it/s]
Layer_W1_M1 Epoch 6/12:  82%|â–ˆâ–ˆâ–ˆâ–ˆâ–ˆâ–ˆâ–ˆâ–ˆâ– | 345/421 [00:01<00:00, 212.15it/s]
Layer_W1_M1 Epoch 6/12:  88%|â–ˆâ–ˆâ–ˆâ–ˆâ–ˆâ–ˆâ–ˆâ–ˆâ–Š | 369/421 [00:01<00:00, 212.34it/s]
Layer_W1_M1 Epoch 6/12:  93%|â–ˆâ–ˆâ–ˆâ–ˆâ–ˆâ–ˆâ–ˆâ–ˆâ–ˆâ–Ž| 393/421 [00:01<00:00, 212.08it/s]
Layer_W1_M1 Epoch 6/12:  99%|â–ˆâ–ˆâ–ˆâ–ˆâ–ˆâ–ˆâ–ˆâ–ˆâ–ˆâ–Š| 415/421 [00:01<00:00, 211.30it/s]
Layer_W1_M1 Epoch 6/12:  99%|â–ˆâ–ˆâ–ˆâ–ˆâ–ˆâ–ˆâ–ˆâ–ˆâ–ˆâ–Š| 415/421 [00:02<00:00, 211.30it/s, loss=0.325677]
                                                                                         

Layer_W1_M1 Epoch 7/12:   0%|          | 0/421 [00:00<?, ?it/s]
Layer_W1_M1 Epoch 7/12:   4%|â–         | 17/421 [00:00<00:02, 159.14it/s]
Layer_W1_M1 Epoch 7/12:  10%|â–‰         | 41/421 [00:00<00:01, 191.18it/s]
Layer_W1_M1 Epoch 7/12:  15%|â–ˆâ–Œ        | 65/421 [00:00<00:01, 200.17it/s]
Layer_W1_M1 Epoch 7/12:  21%|â–ˆâ–ˆ        | 89/421 [00:00<00:01, 204.25it/s][codecarbon INFO @ 04:09:26] Energy consumed for RAM : 0.000164 kWh. RAM Power : 38.0 W

Layer_W1_M1 Epoch 7/12:  27%|â–ˆâ–ˆâ–‹       | 113/421 [00:00<00:01, 206.64it/s]
Layer_W1_M1 Epoch 7/12:  33%|â–ˆâ–ˆâ–ˆâ–Ž      | 137/421 [00:00<00:01, 208.26it/s]
Layer_W1_M1 Epoch 7/12:  38%|â–ˆâ–ˆâ–ˆâ–Š      | 161/421 [00:00<00:01, 209.78it/s]
Layer_W1_M1 Epoch 7/12:  44%|â–ˆâ–ˆâ–ˆâ–ˆâ–     | 185/421 [00:00<00:01, 210.59it/s][codecarbon INFO @ 04:09:26] Delta energy consumed for CPU with cpu_load : 0.000205 kWh, power : 47.67000000000001 W
[codecarbon INFO @ 04:09:26] Energy consumed for All CPU : 0.000205 kWh
[codecarbon INFO @ 04:09:26] Energy consumed for all GPUs : 0.000261 kWh. Total GPU Power : 58.66313528594568 W
[codecarbon INFO @ 04:09:26] 0.000630 kWh of electricity used since the beginning.

Layer_W1_M1 Epoch 7/12:  50%|â–ˆâ–ˆâ–ˆâ–ˆâ–‰     | 209/421 [00:01<00:01, 210.87it/s]
Layer_W1_M1 Epoch 7/12:  55%|â–ˆâ–ˆâ–ˆâ–ˆâ–ˆâ–Œ    | 233/421 [00:01<00:00, 211.34it/s]
Layer_W1_M1 Epoch 7/12:  61%|â–ˆâ–ˆâ–ˆâ–ˆâ–ˆâ–ˆ    | 257/421 [00:01<00:00, 211.64it/s]
Layer_W1_M1 Epoch 7/12:  67%|â–ˆâ–ˆâ–ˆâ–ˆâ–ˆâ–ˆâ–‹   | 281/421 [00:01<00:00, 211.70it/s]
Layer_W1_M1 Epoch 7/12:  72%|â–ˆâ–ˆâ–ˆâ–ˆâ–ˆâ–ˆâ–ˆâ–  | 305/421 [00:01<00:00, 211.59it/s]
Layer_W1_M1 Epoch 7/12:  78%|â–ˆâ–ˆâ–ˆâ–ˆâ–ˆâ–ˆâ–ˆâ–Š  | 329/421 [00:01<00:00, 212.31it/s]
Layer_W1_M1 Epoch 7/12:  83%|â–ˆâ–ˆâ–ˆâ–ˆâ–ˆâ–ˆâ–ˆâ–ˆâ–Ž | 351/421 [00:01<00:00, 214.42it/s]
Layer_W1_M1 Epoch 7/12:  89%|â–ˆâ–ˆâ–ˆâ–ˆâ–ˆâ–ˆâ–ˆâ–ˆâ–Š | 373/421 [00:01<00:00, 213.43it/s]
Layer_W1_M1 Epoch 7/12:  94%|â–ˆâ–ˆâ–ˆâ–ˆâ–ˆâ–ˆâ–ˆâ–ˆâ–ˆâ–| 397/421 [00:01<00:00, 214.16it/s]
Layer_W1_M1 Epoch 7/12:  94%|â–ˆâ–ˆâ–ˆâ–ˆâ–ˆâ–ˆâ–ˆâ–ˆâ–ˆâ–| 397/421 [00:02<00:00, 214.16it/s, loss=0.264649]
Layer_W1_M1 Epoch 7/12: 100%|â–ˆâ–ˆâ–ˆâ–ˆâ–ˆâ–ˆâ–ˆâ–ˆâ–ˆâ–ˆ| 421/421 [00:02<00:00, 213.68it/s, loss=0.264649]
                                                                                         

Layer_W1_M1 Epoch 8/12:   0%|          | 0/421 [00:00<?, ?it/s]
Layer_W1_M1 Epoch 8/12:   4%|â–         | 17/421 [00:00<00:02, 158.58it/s]
Layer_W1_M1 Epoch 8/12:  10%|â–‰         | 41/421 [00:00<00:01, 192.66it/s]
Layer_W1_M1 Epoch 8/12:  15%|â–ˆâ–Œ        | 65/421 [00:00<00:01, 203.37it/s]
Layer_W1_M1 Epoch 8/12:  21%|â–ˆâ–ˆ        | 89/421 [00:00<00:01, 208.55it/s]
Layer_W1_M1 Epoch 8/12:  27%|â–ˆâ–ˆâ–‹       | 112/421 [00:00<00:01, 215.52it/s]
Layer_W1_M1 Epoch 8/12:  32%|â–ˆâ–ˆâ–ˆâ–      | 134/421 [00:00<00:01, 213.73it/s]
Layer_W1_M1 Epoch 8/12:  37%|â–ˆâ–ˆâ–ˆâ–‹      | 156/421 [00:00<00:01, 214.50it/s]
Layer_W1_M1 Epoch 8/12:  42%|â–ˆâ–ˆâ–ˆâ–ˆâ–     | 178/421 [00:00<00:01, 215.09it/s]
Layer_W1_M1 Epoch 8/12:  48%|â–ˆâ–ˆâ–ˆâ–ˆâ–Š     | 200/421 [00:00<00:01, 213.94it/s]
Layer_W1_M1 Epoch 8/12:  53%|â–ˆâ–ˆâ–ˆâ–ˆâ–ˆâ–Ž    | 222/421 [00:01<00:00, 215.73it/s]
Layer_W1_M1 Epoch 8/12:  58%|â–ˆâ–ˆâ–ˆâ–ˆâ–ˆâ–Š    | 244/421 [00:01<00:00, 212.94it/s]
Layer_W1_M1 Epoch 8/12:  63%|â–ˆâ–ˆâ–ˆâ–ˆâ–ˆâ–ˆâ–Ž   | 267/421 [00:01<00:00, 210.67it/s]
Layer_W1_M1 Epoch 8/12:  69%|â–ˆâ–ˆâ–ˆâ–ˆâ–ˆâ–ˆâ–‰   | 291/421 [00:01<00:00, 211.81it/s]
Layer_W1_M1 Epoch 8/12:  75%|â–ˆâ–ˆâ–ˆâ–ˆâ–ˆâ–ˆâ–ˆâ–  | 315/421 [00:01<00:00, 212.35it/s]
Layer_W1_M1 Epoch 8/12:  81%|â–ˆâ–ˆâ–ˆâ–ˆâ–ˆâ–ˆâ–ˆâ–ˆ  | 339/421 [00:01<00:00, 212.67it/s]
Layer_W1_M1 Epoch 8/12:  86%|â–ˆâ–ˆâ–ˆâ–ˆâ–ˆâ–ˆâ–ˆâ–ˆâ–Œ | 363/421 [00:01<00:00, 213.13it/s]
Layer_W1_M1 Epoch 8/12:  92%|â–ˆâ–ˆâ–ˆâ–ˆâ–ˆâ–ˆâ–ˆâ–ˆâ–ˆâ–| 387/421 [00:01<00:00, 212.80it/s]
Layer_W1_M1 Epoch 8/12:  98%|â–ˆâ–ˆâ–ˆâ–ˆâ–ˆâ–ˆâ–ˆâ–ˆâ–ˆâ–Š| 411/421 [00:01<00:00, 213.03it/s]
Layer_W1_M1 Epoch 8/12:  98%|â–ˆâ–ˆâ–ˆâ–ˆâ–ˆâ–ˆâ–ˆâ–ˆâ–ˆâ–Š| 411/421 [00:01<00:00, 213.03it/s, loss=0.180066]
                                                                                         

Layer_W1_M1 Epoch 9/12:   0%|          | 0/421 [00:00<?, ?it/s]
Layer_W1_M1 Epoch 9/12:   4%|â–         | 17/421 [00:00<00:02, 162.44it/s]
Layer_W1_M1 Epoch 9/12:  10%|â–‰         | 41/421 [00:00<00:01, 195.03it/s]
Layer_W1_M1 Epoch 9/12:  15%|â–ˆâ–Œ        | 65/421 [00:00<00:01, 205.54it/s]
Layer_W1_M1 Epoch 9/12:  21%|â–ˆâ–ˆ        | 88/421 [00:00<00:01, 213.65it/s]
Layer_W1_M1 Epoch 9/12:  26%|â–ˆâ–ˆâ–Œ       | 110/421 [00:00<00:01, 208.76it/s]
Layer_W1_M1 Epoch 9/12:  32%|â–ˆâ–ˆâ–ˆâ–      | 133/421 [00:00<00:01, 213.65it/s]
Layer_W1_M1 Epoch 9/12:  37%|â–ˆâ–ˆâ–ˆâ–‹      | 155/421 [00:00<00:01, 212.31it/s]
Layer_W1_M1 Epoch 9/12:  42%|â–ˆâ–ˆâ–ˆâ–ˆâ–     | 178/421 [00:00<00:01, 210.69it/s]
Layer_W1_M1 Epoch 9/12:  48%|â–ˆâ–ˆâ–ˆâ–ˆâ–Š     | 202/421 [00:00<00:01, 211.77it/s]
Layer_W1_M1 Epoch 9/12:  54%|â–ˆâ–ˆâ–ˆâ–ˆâ–ˆâ–Ž    | 226/421 [00:01<00:00, 211.98it/s]
Layer_W1_M1 Epoch 9/12:  59%|â–ˆâ–ˆâ–ˆâ–ˆâ–ˆâ–‰    | 250/421 [00:01<00:00, 212.41it/s]
Layer_W1_M1 Epoch 9/12:  65%|â–ˆâ–ˆâ–ˆâ–ˆâ–ˆâ–ˆâ–Œ   | 274/421 [00:01<00:00, 212.76it/s]
Layer_W1_M1 Epoch 9/12:  71%|â–ˆâ–ˆâ–ˆâ–ˆâ–ˆâ–ˆâ–ˆ   | 298/421 [00:01<00:00, 213.00it/s]
Layer_W1_M1 Epoch 9/12:  76%|â–ˆâ–ˆâ–ˆâ–ˆâ–ˆâ–ˆâ–ˆâ–‹  | 322/421 [00:01<00:00, 212.62it/s]
Layer_W1_M1 Epoch 9/12:  82%|â–ˆâ–ˆâ–ˆâ–ˆâ–ˆâ–ˆâ–ˆâ–ˆâ– | 346/421 [00:01<00:00, 213.16it/s]
Layer_W1_M1 Epoch 9/12:  88%|â–ˆâ–ˆâ–ˆâ–ˆâ–ˆâ–ˆâ–ˆâ–ˆâ–Š | 370/421 [00:01<00:00, 213.13it/s]
Layer_W1_M1 Epoch 9/12:  94%|â–ˆâ–ˆâ–ˆâ–ˆâ–ˆâ–ˆâ–ˆâ–ˆâ–ˆâ–Ž| 394/421 [00:01<00:00, 212.94it/s]
Layer_W1_M1 Epoch 9/12:  99%|â–ˆâ–ˆâ–ˆâ–ˆâ–ˆâ–ˆâ–ˆâ–ˆâ–ˆâ–‰| 416/421 [00:01<00:00, 208.08it/s]
Layer_W1_M1 Epoch 9/12:  99%|â–ˆâ–ˆâ–ˆâ–ˆâ–ˆâ–ˆâ–ˆâ–ˆâ–ˆâ–‰| 416/421 [00:01<00:00, 208.08it/s, loss=0.190933]
                                                                                         

Layer_W1_M1 Epoch 10/12:   0%|          | 0/421 [00:00<?, ?it/s]
Layer_W1_M1 Epoch 10/12:   4%|â–         | 17/421 [00:00<00:02, 160.70it/s]
Layer_W1_M1 Epoch 10/12:  10%|â–‰         | 41/421 [00:00<00:01, 192.82it/s]
Layer_W1_M1 Epoch 10/12:  15%|â–ˆâ–Œ        | 65/421 [00:00<00:01, 202.66it/s]
Layer_W1_M1 Epoch 10/12:  21%|â–ˆâ–ˆ        | 89/421 [00:00<00:01, 206.76it/s]
Layer_W1_M1 Epoch 10/12:  27%|â–ˆâ–ˆâ–‹       | 113/421 [00:00<00:01, 209.26it/s]
Layer_W1_M1 Epoch 10/12:  33%|â–ˆâ–ˆâ–ˆâ–Ž      | 137/421 [00:00<00:01, 210.02it/s]
Layer_W1_M1 Epoch 10/12:  38%|â–ˆâ–ˆâ–ˆâ–Š      | 161/421 [00:00<00:01, 211.70it/s]
Layer_W1_M1 Epoch 10/12:  44%|â–ˆâ–ˆâ–ˆâ–ˆâ–     | 185/421 [00:00<00:01, 212.55it/s]
Layer_W1_M1 Epoch 10/12:  50%|â–ˆâ–ˆâ–ˆâ–ˆâ–‰     | 209/421 [00:01<00:00, 212.32it/s]
Layer_W1_M1 Epoch 10/12:  55%|â–ˆâ–ˆâ–ˆâ–ˆâ–ˆâ–Œ    | 233/421 [00:01<00:00, 212.37it/s]
Layer_W1_M1 Epoch 10/12:  61%|â–ˆâ–ˆâ–ˆâ–ˆâ–ˆâ–ˆ    | 257/421 [00:01<00:00, 212.75it/s]
Layer_W1_M1 Epoch 10/12:  67%|â–ˆâ–ˆâ–ˆâ–ˆâ–ˆâ–ˆâ–‹   | 281/421 [00:01<00:00, 212.77it/s]
Layer_W1_M1 Epoch 10/12:  72%|â–ˆâ–ˆâ–ˆâ–ˆâ–ˆâ–ˆâ–ˆâ–  | 305/421 [00:01<00:00, 213.19it/s]
Layer_W1_M1 Epoch 10/12:  78%|â–ˆâ–ˆâ–ˆâ–ˆâ–ˆâ–ˆâ–ˆâ–Š  | 329/421 [00:01<00:00, 213.61it/s]
Layer_W1_M1 Epoch 10/12:  84%|â–ˆâ–ˆâ–ˆâ–ˆâ–ˆâ–ˆâ–ˆâ–ˆâ– | 353/421 [00:01<00:00, 213.69it/s]
Layer_W1_M1 Epoch 10/12:  90%|â–ˆâ–ˆâ–ˆâ–ˆâ–ˆâ–ˆâ–ˆâ–ˆâ–‰ | 377/421 [00:01<00:00, 213.57it/s]
Layer_W1_M1 Epoch 10/12:  95%|â–ˆâ–ˆâ–ˆâ–ˆâ–ˆâ–ˆâ–ˆâ–ˆâ–ˆâ–Œ| 401/421 [00:01<00:00, 213.39it/s]
Layer_W1_M1 Epoch 10/12:  95%|â–ˆâ–ˆâ–ˆâ–ˆâ–ˆâ–ˆâ–ˆâ–ˆâ–ˆâ–Œ| 401/421 [00:01<00:00, 213.39it/s, loss=0.171405]
                                                                                          

Layer_W1_M1 Epoch 11/12:   0%|          | 0/421 [00:00<?, ?it/s]
Layer_W1_M1 Epoch 11/12:   4%|â–         | 17/421 [00:00<00:02, 160.11it/s]
Layer_W1_M1 Epoch 11/12:  10%|â–‰         | 40/421 [00:00<00:01, 198.99it/s]
Layer_W1_M1 Epoch 11/12:  14%|â–ˆâ–        | 61/421 [00:00<00:01, 199.06it/s]
Layer_W1_M1 Epoch 11/12:  19%|â–ˆâ–‰        | 82/421 [00:00<00:01, 203.16it/s]
Layer_W1_M1 Epoch 11/12:  25%|â–ˆâ–ˆâ–       | 105/421 [00:00<00:01, 209.44it/s]
Layer_W1_M1 Epoch 11/12:  30%|â–ˆâ–ˆâ–‰       | 126/421 [00:00<00:01, 207.65it/s]
Layer_W1_M1 Epoch 11/12:  35%|â–ˆâ–ˆâ–ˆâ–Œ      | 149/421 [00:00<00:01, 212.66it/s]
Layer_W1_M1 Epoch 11/12:  41%|â–ˆâ–ˆâ–ˆâ–ˆ      | 171/421 [00:00<00:01, 210.89it/s]
Layer_W1_M1 Epoch 11/12:  46%|â–ˆâ–ˆâ–ˆâ–ˆâ–Œ     | 194/421 [00:00<00:01, 209.18it/s]
Layer_W1_M1 Epoch 11/12:  52%|â–ˆâ–ˆâ–ˆâ–ˆâ–ˆâ–    | 218/421 [00:01<00:00, 209.83it/s]
Layer_W1_M1 Epoch 11/12:  57%|â–ˆâ–ˆâ–ˆâ–ˆâ–ˆâ–‹    | 240/421 [00:01<00:00, 212.24it/s]
Layer_W1_M1 Epoch 11/12:  62%|â–ˆâ–ˆâ–ˆâ–ˆâ–ˆâ–ˆâ–   | 262/421 [00:01<00:00, 207.72it/s]
Layer_W1_M1 Epoch 11/12:  68%|â–ˆâ–ˆâ–ˆâ–ˆâ–ˆâ–ˆâ–Š   | 286/421 [00:01<00:00, 208.70it/s]
Layer_W1_M1 Epoch 11/12:  73%|â–ˆâ–ˆâ–ˆâ–ˆâ–ˆâ–ˆâ–ˆâ–Ž  | 308/421 [00:01<00:00, 211.79it/s]
Layer_W1_M1 Epoch 11/12:  78%|â–ˆâ–ˆâ–ˆâ–ˆâ–ˆâ–ˆâ–ˆâ–Š  | 330/421 [00:01<00:00, 207.64it/s]
Layer_W1_M1 Epoch 11/12:  84%|â–ˆâ–ˆâ–ˆâ–ˆâ–ˆâ–ˆâ–ˆâ–ˆâ– | 354/421 [00:01<00:00, 209.00it/s]
Layer_W1_M1 Epoch 11/12:  90%|â–ˆâ–ˆâ–ˆâ–ˆâ–ˆâ–ˆâ–ˆâ–ˆâ–‰ | 378/421 [00:01<00:00, 209.98it/s]
Layer_W1_M1 Epoch 11/12:  95%|â–ˆâ–ˆâ–ˆâ–ˆâ–ˆâ–ˆâ–ˆâ–ˆâ–ˆâ–Œ| 402/421 [00:01<00:00, 210.59it/s]
Layer_W1_M1 Epoch 11/12:  95%|â–ˆâ–ˆâ–ˆâ–ˆâ–ˆâ–ˆâ–ˆâ–ˆâ–ˆâ–Œ| 402/421 [00:02<00:00, 210.59it/s, loss=0.174013]
                                                                                          

Layer_W1_M1 Epoch 12/12:   0%|          | 0/421 [00:00<?, ?it/s]
Layer_W1_M1 Epoch 12/12:   4%|â–         | 17/421 [00:00<00:02, 160.20it/s]
Layer_W1_M1 Epoch 12/12:  10%|â–‰         | 40/421 [00:00<00:01, 199.09it/s]
Layer_W1_M1 Epoch 12/12:  14%|â–ˆâ–        | 61/421 [00:00<00:01, 198.58it/s]
Layer_W1_M1 Epoch 12/12:  20%|â–ˆâ–ˆ        | 85/421 [00:00<00:01, 204.57it/s]
Layer_W1_M1 Epoch 12/12:  26%|â–ˆâ–ˆâ–Œ       | 109/421 [00:00<00:01, 207.48it/s]
Layer_W1_M1 Epoch 12/12:  32%|â–ˆâ–ˆâ–ˆâ–      | 133/421 [00:00<00:01, 209.30it/s]
Layer_W1_M1 Epoch 12/12:  37%|â–ˆâ–ˆâ–ˆâ–‹      | 156/421 [00:00<00:01, 214.94it/s]
Layer_W1_M1 Epoch 12/12:  42%|â–ˆâ–ˆâ–ˆâ–ˆâ–     | 178/421 [00:00<00:01, 211.73it/s]
Layer_W1_M1 Epoch 12/12:  48%|â–ˆâ–ˆâ–ˆâ–ˆâ–Š     | 200/421 [00:00<00:01, 212.60it/s]
Layer_W1_M1 Epoch 12/12:  53%|â–ˆâ–ˆâ–ˆâ–ˆâ–ˆâ–Ž    | 222/421 [00:01<00:00, 211.60it/s]
Layer_W1_M1 Epoch 12/12:  58%|â–ˆâ–ˆâ–ˆâ–ˆâ–ˆâ–Š    | 244/421 [00:01<00:00, 209.71it/s]
Layer_W1_M1 Epoch 12/12:  63%|â–ˆâ–ˆâ–ˆâ–ˆâ–ˆâ–ˆâ–Ž   | 267/421 [00:01<00:00, 208.54it/s]
Layer_W1_M1 Epoch 12/12:  69%|â–ˆâ–ˆâ–ˆâ–ˆâ–ˆâ–ˆâ–‰   | 290/421 [00:01<00:00, 214.01it/s]
Layer_W1_M1 Epoch 12/12:  74%|â–ˆâ–ˆâ–ˆâ–ˆâ–ˆâ–ˆâ–ˆâ–  | 312/421 [00:01<00:00, 210.86it/s]
Layer_W1_M1 Epoch 12/12:  80%|â–ˆâ–ˆâ–ˆâ–ˆâ–ˆâ–ˆâ–ˆâ–‰  | 335/421 [00:01<00:00, 208.70it/s]
Layer_W1_M1 Epoch 12/12:  85%|â–ˆâ–ˆâ–ˆâ–ˆâ–ˆâ–ˆâ–ˆâ–ˆâ–Œ | 358/421 [00:01<00:00, 214.34it/s]
Layer_W1_M1 Epoch 12/12:  90%|â–ˆâ–ˆâ–ˆâ–ˆâ–ˆâ–ˆâ–ˆâ–ˆâ–ˆ | 380/421 [00:01<00:00, 209.31it/s]
Layer_W1_M1 Epoch 12/12:  96%|â–ˆâ–ˆâ–ˆâ–ˆâ–ˆâ–ˆâ–ˆâ–ˆâ–ˆâ–Œ| 403/421 [00:01<00:00, 207.98it/s]
Layer_W1_M1 Epoch 12/12:  96%|â–ˆâ–ˆâ–ˆâ–ˆâ–ˆâ–ˆâ–ˆâ–ˆâ–ˆâ–Œ| 403/421 [00:02<00:00, 207.98it/s, loss=0.126718]
                                                                                          

Layer_W2_M2 Epoch 1/12:   0%|          | 0/421 [00:00<?, ?it/s]
Layer_W2_M2 Epoch 1/12:   4%|â–         | 17/421 [00:00<00:02, 158.82it/s]
Layer_W2_M2 Epoch 1/12:  10%|â–‰         | 41/421 [00:00<00:01, 191.47it/s]
Layer_W2_M2 Epoch 1/12:  15%|â–ˆâ–Œ        | 65/421 [00:00<00:01, 201.54it/s]
Layer_W2_M2 Epoch 1/12:  21%|â–ˆâ–ˆ        | 89/421 [00:00<00:01, 206.44it/s]
Layer_W2_M2 Epoch 1/12:  27%|â–ˆâ–ˆâ–‹       | 112/421 [00:00<00:01, 214.31it/s]
Layer_W2_M2 Epoch 1/12:  32%|â–ˆâ–ˆâ–ˆâ–      | 134/421 [00:00<00:01, 211.09it/s]
Layer_W2_M2 Epoch 1/12:  37%|â–ˆâ–ˆâ–ˆâ–‹      | 157/421 [00:00<00:01, 209.16it/s]
Layer_W2_M2 Epoch 1/12:  43%|â–ˆâ–ˆâ–ˆâ–ˆâ–Ž     | 180/421 [00:00<00:01, 215.34it/s]
Layer_W2_M2 Epoch 1/12:  48%|â–ˆâ–ˆâ–ˆâ–ˆâ–Š     | 202/421 [00:00<00:01, 213.11it/s]
Layer_W2_M2 Epoch 1/12:  53%|â–ˆâ–ˆâ–ˆâ–ˆâ–ˆâ–Ž    | 224/421 [00:01<00:00, 214.45it/s]
Layer_W2_M2 Epoch 1/12:  58%|â–ˆâ–ˆâ–ˆâ–ˆâ–ˆâ–Š    | 246/421 [00:01<00:00, 213.65it/s]
Layer_W2_M2 Epoch 1/12:  64%|â–ˆâ–ˆâ–ˆâ–ˆâ–ˆâ–ˆâ–Ž   | 268/421 [00:01<00:00, 213.85it/s]
Layer_W2_M2 Epoch 1/12:  69%|â–ˆâ–ˆâ–ˆâ–ˆâ–ˆâ–ˆâ–‰   | 290/421 [00:01<00:00, 213.87it/s]
Layer_W2_M2 Epoch 1/12:  74%|â–ˆâ–ˆâ–ˆâ–ˆâ–ˆâ–ˆâ–ˆâ–  | 312/421 [00:01<00:00, 213.34it/s]
Layer_W2_M2 Epoch 1/12:  79%|â–ˆâ–ˆâ–ˆâ–ˆâ–ˆâ–ˆâ–ˆâ–‰  | 334/421 [00:01<00:00, 214.35it/s]
Layer_W2_M2 Epoch 1/12:  85%|â–ˆâ–ˆâ–ˆâ–ˆâ–ˆâ–ˆâ–ˆâ–ˆâ– | 356/421 [00:01<00:00, 212.52it/s]
Layer_W2_M2 Epoch 1/12:  90%|â–ˆâ–ˆâ–ˆâ–ˆâ–ˆâ–ˆâ–ˆâ–ˆâ–ˆ | 379/421 [00:01<00:00, 210.48it/s]
Layer_W2_M2 Epoch 1/12:  96%|â–ˆâ–ˆâ–ˆâ–ˆâ–ˆâ–ˆâ–ˆâ–ˆâ–ˆâ–Œ| 403/421 [00:01<00:00, 211.50it/s]
Layer_W2_M2 Epoch 1/12:  96%|â–ˆâ–ˆâ–ˆâ–ˆâ–ˆâ–ˆâ–ˆâ–ˆâ–ˆâ–Œ| 403/421 [00:02<00:00, 211.50it/s, loss=0.137924]
                                                                                         
[codecarbon INFO @ 04:09:41] Energy consumed for RAM : 0.000317 kWh. RAM Power : 38.0 W

Layer_W2_M2 Epoch 2/12:   0%|          | 0/421 [00:00<?, ?it/s]
Layer_W2_M2 Epoch 2/12:   4%|â–         | 17/421 [00:00<00:02, 157.59it/s]
Layer_W2_M2 Epoch 2/12:  10%|â–‰         | 41/421 [00:00<00:01, 192.07it/s]
Layer_W2_M2 Epoch 2/12:  15%|â–ˆâ–Œ        | 65/421 [00:00<00:01, 201.96it/s][codecarbon INFO @ 04:09:41] Delta energy consumed for CPU with cpu_load : 0.000189 kWh, power : 46.996875 W
[codecarbon INFO @ 04:09:41] Energy consumed for All CPU : 0.000395 kWh
[codecarbon INFO @ 04:09:41] Energy consumed for all GPUs : 0.000515 kWh. Total GPU Power : 60.906444820975864 W
[codecarbon INFO @ 04:09:41] 0.001226 kWh of electricity used since the beginning.

Layer_W2_M2 Epoch 2/12:  21%|â–ˆâ–ˆ        | 89/421 [00:00<00:01, 206.60it/s]
Layer_W2_M2 Epoch 2/12:  27%|â–ˆâ–ˆâ–‹       | 113/421 [00:00<00:01, 208.94it/s]
Layer_W2_M2 Epoch 2/12:  33%|â–ˆâ–ˆâ–ˆâ–Ž      | 137/421 [00:00<00:01, 210.47it/s]
Layer_W2_M2 Epoch 2/12:  38%|â–ˆâ–ˆâ–ˆâ–Š      | 161/421 [00:00<00:01, 211.70it/s]
Layer_W2_M2 Epoch 2/12:  44%|â–ˆâ–ˆâ–ˆâ–ˆâ–Ž     | 184/421 [00:00<00:01, 216.91it/s]
Layer_W2_M2 Epoch 2/12:  49%|â–ˆâ–ˆâ–ˆâ–ˆâ–‰     | 206/421 [00:00<00:01, 213.24it/s]
Layer_W2_M2 Epoch 2/12:  54%|â–ˆâ–ˆâ–ˆâ–ˆâ–ˆâ–    | 229/421 [00:01<00:00, 211.72it/s]
Layer_W2_M2 Epoch 2/12:  60%|â–ˆâ–ˆâ–ˆâ–ˆâ–ˆâ–‰    | 251/421 [00:01<00:00, 213.90it/s]
Layer_W2_M2 Epoch 2/12:  65%|â–ˆâ–ˆâ–ˆâ–ˆâ–ˆâ–ˆâ–   | 273/421 [00:01<00:00, 212.87it/s]
Layer_W2_M2 Epoch 2/12:  70%|â–ˆâ–ˆâ–ˆâ–ˆâ–ˆâ–ˆâ–ˆ   | 295/421 [00:01<00:00, 213.40it/s]
Layer_W2_M2 Epoch 2/12:  75%|â–ˆâ–ˆâ–ˆâ–ˆâ–ˆâ–ˆâ–ˆâ–Œ  | 317/421 [00:01<00:00, 213.91it/s]
Layer_W2_M2 Epoch 2/12:  81%|â–ˆâ–ˆâ–ˆâ–ˆâ–ˆâ–ˆâ–ˆâ–ˆ  | 339/421 [00:01<00:00, 213.02it/s]
Layer_W2_M2 Epoch 2/12:  86%|â–ˆâ–ˆâ–ˆâ–ˆâ–ˆâ–ˆâ–ˆâ–ˆâ–Œ | 361/421 [00:01<00:00, 214.29it/s]
Layer_W2_M2 Epoch 2/12:  91%|â–ˆâ–ˆâ–ˆâ–ˆâ–ˆâ–ˆâ–ˆâ–ˆâ–ˆ | 383/421 [00:01<00:00, 212.24it/s]
Layer_W2_M2 Epoch 2/12:  96%|â–ˆâ–ˆâ–ˆâ–ˆâ–ˆâ–ˆâ–ˆâ–ˆâ–ˆâ–‹| 406/421 [00:01<00:00, 216.88it/s]
Layer_W2_M2 Epoch 2/12:  96%|â–ˆâ–ˆâ–ˆâ–ˆâ–ˆâ–ˆâ–ˆâ–ˆâ–ˆâ–‹| 406/421 [00:01<00:00, 216.88it/s, loss=0.123002]
                                                                                         

Layer_W2_M2 Epoch 3/12:   0%|          | 0/421 [00:00<?, ?it/s]
Layer_W2_M2 Epoch 3/12:   4%|â–         | 17/421 [00:00<00:02, 167.77it/s]
Layer_W2_M2 Epoch 3/12:  10%|â–‰         | 41/421 [00:00<00:01, 196.09it/s]
Layer_W2_M2 Epoch 3/12:  15%|â–ˆâ–Œ        | 65/421 [00:00<00:01, 203.70it/s]
Layer_W2_M2 Epoch 3/12:  21%|â–ˆâ–ˆ        | 89/421 [00:00<00:01, 207.10it/s]
Layer_W2_M2 Epoch 3/12:  27%|â–ˆâ–ˆâ–‹       | 113/421 [00:00<00:01, 208.81it/s]
Layer_W2_M2 Epoch 3/12:  33%|â–ˆâ–ˆâ–ˆâ–Ž      | 137/421 [00:00<00:01, 210.07it/s]
Layer_W2_M2 Epoch 3/12:  38%|â–ˆâ–ˆâ–ˆâ–Š      | 161/421 [00:00<00:01, 210.83it/s]
Layer_W2_M2 Epoch 3/12:  44%|â–ˆâ–ˆâ–ˆâ–ˆâ–     | 185/421 [00:00<00:01, 211.06it/s]
Layer_W2_M2 Epoch 3/12:  50%|â–ˆâ–ˆâ–ˆâ–ˆâ–‰     | 209/421 [00:01<00:01, 211.10it/s]
Layer_W2_M2 Epoch 3/12:  55%|â–ˆâ–ˆâ–ˆâ–ˆâ–ˆâ–Œ    | 233/421 [00:01<00:00, 211.37it/s]
Layer_W2_M2 Epoch 3/12:  61%|â–ˆâ–ˆâ–ˆâ–ˆâ–ˆâ–ˆ    | 257/421 [00:01<00:00, 211.47it/s]
Layer_W2_M2 Epoch 3/12:  67%|â–ˆâ–ˆâ–ˆâ–ˆâ–ˆâ–ˆâ–‹   | 281/421 [00:01<00:00, 211.47it/s]
Layer_W2_M2 Epoch 3/12:  72%|â–ˆâ–ˆâ–ˆâ–ˆâ–ˆâ–ˆâ–ˆâ–  | 305/421 [00:01<00:00, 211.58it/s]
Layer_W2_M2 Epoch 3/12:  78%|â–ˆâ–ˆâ–ˆâ–ˆâ–ˆâ–ˆâ–ˆâ–Š  | 329/421 [00:01<00:00, 212.13it/s]
Layer_W2_M2 Epoch 3/12:  84%|â–ˆâ–ˆâ–ˆâ–ˆâ–ˆâ–ˆâ–ˆâ–ˆâ– | 353/421 [00:01<00:00, 212.32it/s]
Layer_W2_M2 Epoch 3/12:  90%|â–ˆâ–ˆâ–ˆâ–ˆâ–ˆâ–ˆâ–ˆâ–ˆâ–‰ | 377/421 [00:01<00:00, 212.26it/s]
Layer_W2_M2 Epoch 3/12:  95%|â–ˆâ–ˆâ–ˆâ–ˆâ–ˆâ–ˆâ–ˆâ–ˆâ–ˆâ–Œ| 401/421 [00:01<00:00, 212.68it/s]
Layer_W2_M2 Epoch 3/12:  95%|â–ˆâ–ˆâ–ˆâ–ˆâ–ˆâ–ˆâ–ˆâ–ˆâ–ˆâ–Œ| 401/421 [00:02<00:00, 212.68it/s, loss=0.064355]
                                                                                         

Layer_W2_M2 Epoch 4/12:   0%|          | 0/421 [00:00<?, ?it/s]
Layer_W2_M2 Epoch 4/12:   4%|â–         | 17/421 [00:00<00:02, 159.09it/s]
Layer_W2_M2 Epoch 4/12:  10%|â–‰         | 41/421 [00:00<00:01, 192.11it/s]
Layer_W2_M2 Epoch 4/12:  15%|â–ˆâ–Œ        | 65/421 [00:00<00:01, 201.78it/s]
Layer_W2_M2 Epoch 4/12:  21%|â–ˆâ–ˆ        | 89/421 [00:00<00:01, 206.69it/s]
Layer_W2_M2 Epoch 4/12:  27%|â–ˆâ–ˆâ–‹       | 113/421 [00:00<00:01, 208.97it/s]
Layer_W2_M2 Epoch 4/12:  32%|â–ˆâ–ˆâ–ˆâ–      | 136/421 [00:00<00:01, 214.72it/s]
Layer_W2_M2 Epoch 4/12:  38%|â–ˆâ–ˆâ–ˆâ–Š      | 158/421 [00:00<00:01, 211.86it/s]
Layer_W2_M2 Epoch 4/12:  43%|â–ˆâ–ˆâ–ˆâ–ˆâ–Ž     | 180/421 [00:00<00:01, 213.60it/s]
Layer_W2_M2 Epoch 4/12:  48%|â–ˆâ–ˆâ–ˆâ–ˆâ–Š     | 202/421 [00:00<00:01, 211.69it/s]
Layer_W2_M2 Epoch 4/12:  53%|â–ˆâ–ˆâ–ˆâ–ˆâ–ˆâ–Ž    | 224/421 [00:01<00:00, 212.57it/s]
Layer_W2_M2 Epoch 4/12:  58%|â–ˆâ–ˆâ–ˆâ–ˆâ–ˆâ–Š    | 246/421 [00:01<00:00, 211.79it/s]
Layer_W2_M2 Epoch 4/12:  64%|â–ˆâ–ˆâ–ˆâ–ˆâ–ˆâ–ˆâ–Ž   | 268/421 [00:01<00:00, 211.88it/s]
Layer_W2_M2 Epoch 4/12:  69%|â–ˆâ–ˆâ–ˆâ–ˆâ–ˆâ–ˆâ–‰   | 290/421 [00:01<00:00, 212.26it/s]
Layer_W2_M2 Epoch 4/12:  74%|â–ˆâ–ˆâ–ˆâ–ˆâ–ˆâ–ˆâ–ˆâ–  | 312/421 [00:01<00:00, 210.73it/s]
Layer_W2_M2 Epoch 4/12:  79%|â–ˆâ–ˆâ–ˆâ–ˆâ–ˆâ–ˆâ–ˆâ–‰  | 334/421 [00:01<00:00, 212.54it/s]
Layer_W2_M2 Epoch 4/12:  85%|â–ˆâ–ˆâ–ˆâ–ˆâ–ˆâ–ˆâ–ˆâ–ˆâ– | 356/421 [00:01<00:00, 209.83it/s]
Layer_W2_M2 Epoch 4/12:  90%|â–ˆâ–ˆâ–ˆâ–ˆâ–ˆâ–ˆâ–ˆâ–ˆâ–ˆ | 379/421 [00:01<00:00, 208.29it/s]
Layer_W2_M2 Epoch 4/12:  95%|â–ˆâ–ˆâ–ˆâ–ˆâ–ˆâ–ˆâ–ˆâ–ˆâ–ˆâ–Œ| 402/421 [00:01<00:00, 214.42it/s]
Layer_W2_M2 Epoch 4/12:  95%|â–ˆâ–ˆâ–ˆâ–ˆâ–ˆâ–ˆâ–ˆâ–ˆâ–ˆâ–Œ| 402/421 [00:02<00:00, 214.42it/s, loss=0.119230]
                                                                                         

Layer_W2_M2 Epoch 5/12:   0%|          | 0/421 [00:00<?, ?it/s]
Layer_W2_M2 Epoch 5/12:   4%|â–         | 17/421 [00:00<00:02, 149.28it/s]
Layer_W2_M2 Epoch 5/12:  10%|â–‰         | 41/421 [00:00<00:02, 185.08it/s]
Layer_W2_M2 Epoch 5/12:  15%|â–ˆâ–Œ        | 65/421 [00:00<00:01, 196.78it/s]
Layer_W2_M2 Epoch 5/12:  21%|â–ˆâ–ˆ        | 89/421 [00:00<00:01, 202.48it/s]
Layer_W2_M2 Epoch 5/12:  27%|â–ˆâ–ˆâ–‹       | 113/421 [00:00<00:01, 205.15it/s]
Layer_W2_M2 Epoch 5/12:  33%|â–ˆâ–ˆâ–ˆâ–Ž      | 137/421 [00:00<00:01, 206.50it/s]
Layer_W2_M2 Epoch 5/12:  38%|â–ˆâ–ˆâ–ˆâ–Š      | 161/421 [00:00<00:01, 207.39it/s]
Layer_W2_M2 Epoch 5/12:  44%|â–ˆâ–ˆâ–ˆâ–ˆâ–     | 185/421 [00:00<00:01, 208.15it/s]
Layer_W2_M2 Epoch 5/12:  50%|â–ˆâ–ˆâ–ˆâ–ˆâ–‰     | 209/421 [00:01<00:01, 208.89it/s]
Layer_W2_M2 Epoch 5/12:  55%|â–ˆâ–ˆâ–ˆâ–ˆâ–ˆâ–Œ    | 232/421 [00:01<00:00, 214.42it/s]
Layer_W2_M2 Epoch 5/12:  60%|â–ˆâ–ˆâ–ˆâ–ˆâ–ˆâ–ˆ    | 254/421 [00:01<00:00, 210.05it/s]
Layer_W2_M2 Epoch 5/12:  66%|â–ˆâ–ˆâ–ˆâ–ˆâ–ˆâ–ˆâ–Œ   | 277/421 [00:01<00:00, 208.30it/s]
Layer_W2_M2 Epoch 5/12:  71%|â–ˆâ–ˆâ–ˆâ–ˆâ–ˆâ–ˆâ–ˆâ–  | 301/421 [00:01<00:00, 208.87it/s]
Layer_W2_M2 Epoch 5/12:  77%|â–ˆâ–ˆâ–ˆâ–ˆâ–ˆâ–ˆâ–ˆâ–‹  | 325/421 [00:01<00:00, 209.52it/s]
Layer_W2_M2 Epoch 5/12:  83%|â–ˆâ–ˆâ–ˆâ–ˆâ–ˆâ–ˆâ–ˆâ–ˆâ–Ž | 348/421 [00:01<00:00, 215.03it/s]
Layer_W2_M2 Epoch 5/12:  88%|â–ˆâ–ˆâ–ˆâ–ˆâ–ˆâ–ˆâ–ˆâ–ˆâ–Š | 370/421 [00:01<00:00, 209.63it/s]
Layer_W2_M2 Epoch 5/12:  93%|â–ˆâ–ˆâ–ˆâ–ˆâ–ˆâ–ˆâ–ˆâ–ˆâ–ˆâ–Ž| 393/421 [00:01<00:00, 207.49it/s]
Layer_W2_M2 Epoch 5/12:  98%|â–ˆâ–ˆâ–ˆâ–ˆâ–ˆâ–ˆâ–ˆâ–ˆâ–ˆâ–Š| 414/421 [00:02<00:00, 205.09it/s]
Layer_W2_M2 Epoch 5/12:  98%|â–ˆâ–ˆâ–ˆâ–ˆâ–ˆâ–ˆâ–ˆâ–ˆâ–ˆâ–Š| 414/421 [00:02<00:00, 205.09it/s, loss=0.121770]
                                                                                         

Layer_W2_M2 Epoch 6/12:   0%|          | 0/421 [00:00<?, ?it/s]
Layer_W2_M2 Epoch 6/12:   4%|â–         | 17/421 [00:00<00:02, 158.38it/s]
Layer_W2_M2 Epoch 6/12:  10%|â–‰         | 41/421 [00:00<00:01, 190.02it/s]
Layer_W2_M2 Epoch 6/12:  15%|â–ˆâ–Œ        | 65/421 [00:00<00:01, 200.47it/s]
Layer_W2_M2 Epoch 6/12:  21%|â–ˆâ–ˆ        | 89/421 [00:00<00:01, 205.93it/s]
Layer_W2_M2 Epoch 6/12:  27%|â–ˆâ–ˆâ–‹       | 113/421 [00:00<00:01, 208.28it/s]
Layer_W2_M2 Epoch 6/12:  33%|â–ˆâ–ˆâ–ˆâ–Ž      | 137/421 [00:00<00:01, 209.69it/s]
Layer_W2_M2 Epoch 6/12:  38%|â–ˆâ–ˆâ–ˆâ–Š      | 160/421 [00:00<00:01, 215.44it/s]
Layer_W2_M2 Epoch 6/12:  43%|â–ˆâ–ˆâ–ˆâ–ˆâ–Ž     | 182/421 [00:00<00:01, 211.85it/s]
Layer_W2_M2 Epoch 6/12:  48%|â–ˆâ–ˆâ–ˆâ–ˆâ–Š     | 204/421 [00:00<00:01, 214.12it/s]
Layer_W2_M2 Epoch 6/12:  54%|â–ˆâ–ˆâ–ˆâ–ˆâ–ˆâ–Ž    | 226/421 [00:01<00:00, 211.11it/s]
Layer_W2_M2 Epoch 6/12:  59%|â–ˆâ–ˆâ–ˆâ–ˆâ–ˆâ–‰    | 248/421 [00:01<00:00, 213.51it/s]
Layer_W2_M2 Epoch 6/12:  64%|â–ˆâ–ˆâ–ˆâ–ˆâ–ˆâ–ˆâ–   | 270/421 [00:01<00:00, 211.13it/s]
Layer_W2_M2 Epoch 6/12:  69%|â–ˆâ–ˆâ–ˆâ–ˆâ–ˆâ–ˆâ–‰   | 292/421 [00:01<00:00, 212.81it/s]
Layer_W2_M2 Epoch 6/12:  75%|â–ˆâ–ˆâ–ˆâ–ˆâ–ˆâ–ˆâ–ˆâ–  | 314/421 [00:01<00:00, 211.27it/s]
Layer_W2_M2 Epoch 6/12:  80%|â–ˆâ–ˆâ–ˆâ–ˆâ–ˆâ–ˆâ–ˆâ–‰  | 336/421 [00:01<00:00, 212.21it/s]
Layer_W2_M2 Epoch 6/12:  85%|â–ˆâ–ˆâ–ˆâ–ˆâ–ˆâ–ˆâ–ˆâ–ˆâ–Œ | 358/421 [00:01<00:00, 211.33it/s]
Layer_W2_M2 Epoch 6/12:  90%|â–ˆâ–ˆâ–ˆâ–ˆâ–ˆâ–ˆâ–ˆâ–ˆâ–ˆ | 380/421 [00:01<00:00, 211.88it/s]
Layer_W2_M2 Epoch 6/12:  95%|â–ˆâ–ˆâ–ˆâ–ˆâ–ˆâ–ˆâ–ˆâ–ˆâ–ˆâ–Œ| 402/421 [00:01<00:00, 211.33it/s]
Layer_W2_M2 Epoch 6/12:  95%|â–ˆâ–ˆâ–ˆâ–ˆâ–ˆâ–ˆâ–ˆâ–ˆâ–ˆâ–Œ| 402/421 [00:02<00:00, 211.33it/s, loss=0.046397]
                                                                                         

Layer_W2_M2 Epoch 7/12:   0%|          | 0/421 [00:00<?, ?it/s]
Layer_W2_M2 Epoch 7/12:   4%|â–         | 17/421 [00:00<00:02, 158.76it/s]
Layer_W2_M2 Epoch 7/12:  10%|â–‰         | 41/421 [00:00<00:01, 191.00it/s]
Layer_W2_M2 Epoch 7/12:  15%|â–ˆâ–Œ        | 64/421 [00:00<00:01, 207.23it/s]
Layer_W2_M2 Epoch 7/12:  20%|â–ˆâ–ˆ        | 85/421 [00:00<00:01, 203.29it/s]
Layer_W2_M2 Epoch 7/12:  25%|â–ˆâ–ˆâ–Œ       | 107/421 [00:00<00:01, 208.42it/s]
Layer_W2_M2 Epoch 7/12:  31%|â–ˆâ–ˆâ–ˆ       | 129/421 [00:00<00:01, 207.94it/s]
Layer_W2_M2 Epoch 7/12:  36%|â–ˆâ–ˆâ–ˆâ–Œ      | 151/421 [00:00<00:01, 210.15it/s]
Layer_W2_M2 Epoch 7/12:  41%|â–ˆâ–ˆâ–ˆâ–ˆ      | 173/421 [00:00<00:01, 209.92it/s]
Layer_W2_M2 Epoch 7/12:  46%|â–ˆâ–ˆâ–ˆâ–ˆâ–‹     | 195/421 [00:00<00:01, 210.37it/s]
Layer_W2_M2 Epoch 7/12:  52%|â–ˆâ–ˆâ–ˆâ–ˆâ–ˆâ–    | 217/421 [00:01<00:00, 211.02it/s]
Layer_W2_M2 Epoch 7/12:  57%|â–ˆâ–ˆâ–ˆâ–ˆâ–ˆâ–‹    | 239/421 [00:01<00:00, 210.73it/s]
Layer_W2_M2 Epoch 7/12:  62%|â–ˆâ–ˆâ–ˆâ–ˆâ–ˆâ–ˆâ–   | 261/421 [00:01<00:00, 211.12it/s]
Layer_W2_M2 Epoch 7/12:  67%|â–ˆâ–ˆâ–ˆâ–ˆâ–ˆâ–ˆâ–‹   | 283/421 [00:01<00:00, 210.02it/s]
Layer_W2_M2 Epoch 7/12:  72%|â–ˆâ–ˆâ–ˆâ–ˆâ–ˆâ–ˆâ–ˆâ–  | 305/421 [00:01<00:00, 211.27it/s]
Layer_W2_M2 Epoch 7/12:  78%|â–ˆâ–ˆâ–ˆâ–ˆâ–ˆâ–ˆâ–ˆâ–Š  | 327/421 [00:01<00:00, 210.29it/s]
Layer_W2_M2 Epoch 7/12:  83%|â–ˆâ–ˆâ–ˆâ–ˆâ–ˆâ–ˆâ–ˆâ–ˆâ–Ž | 349/421 [00:01<00:00, 212.10it/s]
Layer_W2_M2 Epoch 7/12:  88%|â–ˆâ–ˆâ–ˆâ–ˆâ–ˆâ–ˆâ–ˆâ–ˆâ–Š | 371/421 [00:01<00:00, 209.84it/s]
Layer_W2_M2 Epoch 7/12:  94%|â–ˆâ–ˆâ–ˆâ–ˆâ–ˆâ–ˆâ–ˆâ–ˆâ–ˆâ–Ž| 394/421 [00:01<00:00, 215.18it/s]
Layer_W2_M2 Epoch 7/12:  99%|â–ˆâ–ˆâ–ˆâ–ˆâ–ˆâ–ˆâ–ˆâ–ˆâ–ˆâ–‰| 416/421 [00:01<00:00, 208.39it/s]
Layer_W2_M2 Epoch 7/12:  99%|â–ˆâ–ˆâ–ˆâ–ˆâ–ˆâ–ˆâ–ˆâ–ˆâ–ˆâ–‰| 416/421 [00:02<00:00, 208.39it/s, loss=0.055374]
                                                                                         

Layer_W2_M2 Epoch 8/12:   0%|          | 0/421 [00:00<?, ?it/s]
Layer_W2_M2 Epoch 8/12:   4%|â–         | 17/421 [00:00<00:02, 160.21it/s]
Layer_W2_M2 Epoch 8/12:  10%|â–‰         | 41/421 [00:00<00:01, 192.83it/s]
Layer_W2_M2 Epoch 8/12:  15%|â–ˆâ–        | 63/421 [00:00<00:01, 204.35it/s]
Layer_W2_M2 Epoch 8/12:  20%|â–ˆâ–ˆ        | 85/421 [00:00<00:01, 205.81it/s]
Layer_W2_M2 Epoch 8/12:  25%|â–ˆâ–ˆâ–Œ       | 107/421 [00:00<00:01, 208.67it/s]
Layer_W2_M2 Epoch 8/12:  31%|â–ˆâ–ˆâ–ˆ       | 129/421 [00:00<00:01, 210.90it/s]
Layer_W2_M2 Epoch 8/12:  36%|â–ˆâ–ˆâ–ˆâ–Œ      | 151/421 [00:00<00:01, 209.56it/s]
Layer_W2_M2 Epoch 8/12:  41%|â–ˆâ–ˆâ–ˆâ–ˆâ–     | 174/421 [00:00<00:01, 215.14it/s]
Layer_W2_M2 Epoch 8/12:  47%|â–ˆâ–ˆâ–ˆâ–ˆâ–‹     | 196/421 [00:00<00:01, 210.70it/s]
Layer_W2_M2 Epoch 8/12:  52%|â–ˆâ–ˆâ–ˆâ–ˆâ–ˆâ–    | 219/421 [00:01<00:00, 208.81it/s]
Layer_W2_M2 Epoch 8/12:  57%|â–ˆâ–ˆâ–ˆâ–ˆâ–ˆâ–‹    | 242/421 [00:01<00:00, 214.84it/s]
Layer_W2_M2 Epoch 8/12:  63%|â–ˆâ–ˆâ–ˆâ–ˆâ–ˆâ–ˆâ–Ž   | 264/421 [00:01<00:00, 209.61it/s]
Layer_W2_M2 Epoch 8/12:  68%|â–ˆâ–ˆâ–ˆâ–ˆâ–ˆâ–ˆâ–Š   | 287/421 [00:01<00:00, 208.03it/s][codecarbon INFO @ 04:09:56] Energy consumed for RAM : 0.000470 kWh. RAM Power : 38.0 W

Layer_W2_M2 Epoch 8/12:  74%|â–ˆâ–ˆâ–ˆâ–ˆâ–ˆâ–ˆâ–ˆâ–  | 311/421 [00:01<00:00, 209.61it/s]
Layer_W2_M2 Epoch 8/12:  80%|â–ˆâ–ˆâ–ˆâ–ˆâ–ˆâ–ˆâ–ˆâ–‰  | 335/421 [00:01<00:00, 210.31it/s]
Layer_W2_M2 Epoch 8/12:  85%|â–ˆâ–ˆâ–ˆâ–ˆâ–ˆâ–ˆâ–ˆâ–ˆâ–Œ | 359/421 [00:01<00:00, 210.72it/s]
Layer_W2_M2 Epoch 8/12:  91%|â–ˆâ–ˆâ–ˆâ–ˆâ–ˆâ–ˆâ–ˆâ–ˆâ–ˆ | 382/421 [00:01<00:00, 216.07it/s][codecarbon INFO @ 04:09:56] Delta energy consumed for CPU with cpu_load : 0.000306 kWh, power : 75.88125000000002 W
[codecarbon INFO @ 04:09:56] Energy consumed for All CPU : 0.000700 kWh
[codecarbon INFO @ 04:09:56] Energy consumed for all GPUs : 0.000772 kWh. Total GPU Power : 61.749496100837426 W
[codecarbon INFO @ 04:09:56] 0.001942 kWh of electricity used since the beginning.

Layer_W2_M2 Epoch 8/12:  96%|â–ˆâ–ˆâ–ˆâ–ˆâ–ˆâ–ˆâ–ˆâ–ˆâ–ˆâ–Œ| 404/421 [00:01<00:00, 211.30it/s]
Layer_W2_M2 Epoch 8/12:  96%|â–ˆâ–ˆâ–ˆâ–ˆâ–ˆâ–ˆâ–ˆâ–ˆâ–ˆâ–Œ| 404/421 [00:02<00:00, 211.30it/s, loss=0.090757]
                                                                                         

Layer_W2_M2 Epoch 9/12:   0%|          | 0/421 [00:00<?, ?it/s]
Layer_W2_M2 Epoch 9/12:   4%|â–         | 18/421 [00:00<00:02, 174.05it/s]
Layer_W2_M2 Epoch 9/12:  10%|â–‰         | 41/421 [00:00<00:01, 195.70it/s]
Layer_W2_M2 Epoch 9/12:  15%|â–ˆâ–Œ        | 64/421 [00:00<00:01, 208.18it/s]
Layer_W2_M2 Epoch 9/12:  20%|â–ˆâ–ˆ        | 85/421 [00:00<00:01, 205.49it/s]
Layer_W2_M2 Epoch 9/12:  25%|â–ˆâ–ˆâ–Œ       | 107/421 [00:00<00:01, 209.92it/s]
Layer_W2_M2 Epoch 9/12:  31%|â–ˆâ–ˆâ–ˆ       | 129/421 [00:00<00:01, 208.96it/s]
Layer_W2_M2 Epoch 9/12:  36%|â–ˆâ–ˆâ–ˆâ–Œ      | 151/421 [00:00<00:01, 210.76it/s]
Layer_W2_M2 Epoch 9/12:  41%|â–ˆâ–ˆâ–ˆâ–ˆ      | 173/421 [00:00<00:01, 210.20it/s]
Layer_W2_M2 Epoch 9/12:  46%|â–ˆâ–ˆâ–ˆâ–ˆâ–‹     | 195/421 [00:00<00:01, 210.98it/s]
Layer_W2_M2 Epoch 9/12:  52%|â–ˆâ–ˆâ–ˆâ–ˆâ–ˆâ–    | 217/421 [00:01<00:00, 209.53it/s]
Layer_W2_M2 Epoch 9/12:  57%|â–ˆâ–ˆâ–ˆâ–ˆâ–ˆâ–‹    | 239/421 [00:01<00:00, 211.13it/s]
Layer_W2_M2 Epoch 9/12:  62%|â–ˆâ–ˆâ–ˆâ–ˆâ–ˆâ–ˆâ–   | 261/421 [00:01<00:00, 208.40it/s]
Layer_W2_M2 Epoch 9/12:  67%|â–ˆâ–ˆâ–ˆâ–ˆâ–ˆâ–ˆâ–‹   | 284/421 [00:01<00:00, 206.57it/s]
Layer_W2_M2 Epoch 9/12:  73%|â–ˆâ–ˆâ–ˆâ–ˆâ–ˆâ–ˆâ–ˆâ–Ž  | 307/421 [00:01<00:00, 212.36it/s]
Layer_W2_M2 Epoch 9/12:  78%|â–ˆâ–ˆâ–ˆâ–ˆâ–ˆâ–ˆâ–ˆâ–Š  | 329/421 [00:01<00:00, 206.93it/s]
Layer_W2_M2 Epoch 9/12:  84%|â–ˆâ–ˆâ–ˆâ–ˆâ–ˆâ–ˆâ–ˆâ–ˆâ–Ž | 352/421 [00:01<00:00, 205.63it/s]
Layer_W2_M2 Epoch 9/12:  89%|â–ˆâ–ˆâ–ˆâ–ˆâ–ˆâ–ˆâ–ˆâ–ˆâ–‰ | 376/421 [00:01<00:00, 206.76it/s]
Layer_W2_M2 Epoch 9/12:  95%|â–ˆâ–ˆâ–ˆâ–ˆâ–ˆâ–ˆâ–ˆâ–ˆâ–ˆâ–| 399/421 [00:01<00:00, 213.07it/s]
Layer_W2_M2 Epoch 9/12:  95%|â–ˆâ–ˆâ–ˆâ–ˆâ–ˆâ–ˆâ–ˆâ–ˆâ–ˆâ–| 399/421 [00:02<00:00, 213.07it/s, loss=0.088127]
Layer_W2_M2 Epoch 9/12: 100%|â–ˆâ–ˆâ–ˆâ–ˆâ–ˆâ–ˆâ–ˆâ–ˆâ–ˆâ–ˆ| 421/421 [00:02<00:00, 207.78it/s, loss=0.088127]
                                                                                         

Layer_W2_M2 Epoch 10/12:   0%|          | 0/421 [00:00<?, ?it/s]
Layer_W2_M2 Epoch 10/12:   4%|â–         | 17/421 [00:00<00:02, 160.92it/s]
Layer_W2_M2 Epoch 10/12:  10%|â–‰         | 40/421 [00:00<00:01, 199.94it/s]
Layer_W2_M2 Epoch 10/12:  14%|â–ˆâ–        | 61/421 [00:00<00:01, 199.52it/s]
Layer_W2_M2 Epoch 10/12:  19%|â–ˆâ–‰        | 82/421 [00:00<00:01, 202.62it/s]
Layer_W2_M2 Epoch 10/12:  25%|â–ˆâ–ˆâ–       | 105/421 [00:00<00:01, 208.40it/s]
Layer_W2_M2 Epoch 10/12:  30%|â–ˆâ–ˆâ–‰       | 126/421 [00:00<00:01, 205.69it/s]
Layer_W2_M2 Epoch 10/12:  35%|â–ˆâ–ˆâ–ˆâ–Œ      | 149/421 [00:00<00:01, 212.58it/s]
Layer_W2_M2 Epoch 10/12:  41%|â–ˆâ–ˆâ–ˆâ–ˆ      | 171/421 [00:00<00:01, 207.81it/s]
Layer_W2_M2 Epoch 10/12:  46%|â–ˆâ–ˆâ–ˆâ–ˆâ–Œ     | 194/421 [00:00<00:01, 206.46it/s]
Layer_W2_M2 Epoch 10/12:  52%|â–ˆâ–ˆâ–ˆâ–ˆâ–ˆâ–    | 218/421 [00:01<00:00, 207.56it/s]
Layer_W2_M2 Epoch 10/12:  57%|â–ˆâ–ˆâ–ˆâ–ˆâ–ˆâ–‹    | 242/421 [00:01<00:00, 208.29it/s]
Layer_W2_M2 Epoch 10/12:  63%|â–ˆâ–ˆâ–ˆâ–ˆâ–ˆâ–ˆâ–Ž   | 265/421 [00:01<00:00, 214.35it/s]
Layer_W2_M2 Epoch 10/12:  68%|â–ˆâ–ˆâ–ˆâ–ˆâ–ˆâ–ˆâ–Š   | 287/421 [00:01<00:00, 209.39it/s]
Layer_W2_M2 Epoch 10/12:  74%|â–ˆâ–ˆâ–ˆâ–ˆâ–ˆâ–ˆâ–ˆâ–Ž  | 310/421 [00:01<00:00, 207.26it/s]
Layer_W2_M2 Epoch 10/12:  79%|â–ˆâ–ˆâ–ˆâ–ˆâ–ˆâ–ˆâ–ˆâ–‰  | 332/421 [00:01<00:00, 210.82it/s]
Layer_W2_M2 Epoch 10/12:  84%|â–ˆâ–ˆâ–ˆâ–ˆâ–ˆâ–ˆâ–ˆâ–ˆâ– | 354/421 [00:01<00:00, 207.45it/s]
Layer_W2_M2 Epoch 10/12:  89%|â–ˆâ–ˆâ–ˆâ–ˆâ–ˆâ–ˆâ–ˆâ–ˆâ–‰ | 376/421 [00:01<00:00, 210.41it/s]
Layer_W2_M2 Epoch 10/12:  95%|â–ˆâ–ˆâ–ˆâ–ˆâ–ˆâ–ˆâ–ˆâ–ˆâ–ˆâ–| 398/421 [00:01<00:00, 207.18it/s]
Layer_W2_M2 Epoch 10/12: 100%|â–ˆâ–ˆâ–ˆâ–ˆâ–ˆâ–ˆâ–ˆâ–ˆâ–ˆâ–‰| 419/421 [00:02<00:00, 205.18it/s]
Layer_W2_M2 Epoch 10/12: 100%|â–ˆâ–ˆâ–ˆâ–ˆâ–ˆâ–ˆâ–ˆâ–ˆâ–ˆâ–‰| 419/421 [00:02<00:00, 205.18it/s, loss=0.043690]
                                                                                          

Layer_W2_M2 Epoch 11/12:   0%|          | 0/421 [00:00<?, ?it/s]
Layer_W2_M2 Epoch 11/12:   4%|â–         | 17/421 [00:00<00:02, 151.06it/s]
Layer_W2_M2 Epoch 11/12:  10%|â–‰         | 41/421 [00:00<00:02, 186.87it/s]
Layer_W2_M2 Epoch 11/12:  15%|â–ˆâ–Œ        | 65/421 [00:00<00:01, 198.78it/s]
Layer_W2_M2 Epoch 11/12:  21%|â–ˆâ–ˆ        | 88/421 [00:00<00:01, 208.58it/s]
Layer_W2_M2 Epoch 11/12:  26%|â–ˆâ–ˆâ–Œ       | 109/421 [00:00<00:01, 205.24it/s]
Layer_W2_M2 Epoch 11/12:  31%|â–ˆâ–ˆâ–ˆâ–      | 132/421 [00:00<00:01, 209.66it/s]
Layer_W2_M2 Epoch 11/12:  36%|â–ˆâ–ˆâ–ˆâ–‹      | 153/421 [00:00<00:01, 207.97it/s]
Layer_W2_M2 Epoch 11/12:  42%|â–ˆâ–ˆâ–ˆâ–ˆâ–     | 176/421 [00:00<00:01, 209.67it/s]
Layer_W2_M2 Epoch 11/12:  47%|â–ˆâ–ˆâ–ˆâ–ˆâ–‹     | 198/421 [00:00<00:01, 211.19it/s]
Layer_W2_M2 Epoch 11/12:  52%|â–ˆâ–ˆâ–ˆâ–ˆâ–ˆâ–    | 220/421 [00:01<00:00, 208.78it/s]
Layer_W2_M2 Epoch 11/12:  57%|â–ˆâ–ˆâ–ˆâ–ˆâ–ˆâ–‹    | 242/421 [00:01<00:00, 211.72it/s]
Layer_W2_M2 Epoch 11/12:  63%|â–ˆâ–ˆâ–ˆâ–ˆâ–ˆâ–ˆâ–Ž   | 264/421 [00:01<00:00, 207.27it/s]
Layer_W2_M2 Epoch 11/12:  68%|â–ˆâ–ˆâ–ˆâ–ˆâ–ˆâ–ˆâ–Š   | 288/421 [00:01<00:00, 207.64it/s]
Layer_W2_M2 Epoch 11/12:  74%|â–ˆâ–ˆâ–ˆâ–ˆâ–ˆâ–ˆâ–ˆâ–  | 311/421 [00:01<00:00, 213.84it/s]
Layer_W2_M2 Epoch 11/12:  79%|â–ˆâ–ˆâ–ˆâ–ˆâ–ˆâ–ˆâ–ˆâ–‰  | 333/421 [00:01<00:00, 208.98it/s]
Layer_W2_M2 Epoch 11/12:  85%|â–ˆâ–ˆâ–ˆâ–ˆâ–ˆâ–ˆâ–ˆâ–ˆâ– | 356/421 [00:01<00:00, 207.10it/s]
Layer_W2_M2 Epoch 11/12:  90%|â–ˆâ–ˆâ–ˆâ–ˆâ–ˆâ–ˆâ–ˆâ–ˆâ–ˆ | 380/421 [00:01<00:00, 207.73it/s]
Layer_W2_M2 Epoch 11/12:  96%|â–ˆâ–ˆâ–ˆâ–ˆâ–ˆâ–ˆâ–ˆâ–ˆâ–ˆâ–Œ| 404/421 [00:01<00:00, 208.02it/s]
Layer_W2_M2 Epoch 11/12:  96%|â–ˆâ–ˆâ–ˆâ–ˆâ–ˆâ–ˆâ–ˆâ–ˆâ–ˆâ–Œ| 404/421 [00:02<00:00, 208.02it/s, loss=0.037317]
                                                                                          

Evaluating MF MF_MLP (BP-style):   0%|          | 0/40 [00:00<?, ?it/s]
Evaluating MF MF_MLP (BP-style):   2%|â–Ž         | 1/40 [00:00<00:04,  8.71it/s]
Evaluating MF MF_MLP (BP-style):  35%|â–ˆâ–ˆâ–ˆâ–Œ      | 14/40 [00:00<00:00, 70.80it/s]
Evaluating MF MF_MLP (BP-style):  65%|â–ˆâ–ˆâ–ˆâ–ˆâ–ˆâ–ˆâ–Œ   | 26/40 [00:00<00:00, 87.82it/s]
Evaluating MF MF_MLP (BP-style):  95%|â–ˆâ–ˆâ–ˆâ–ˆâ–ˆâ–ˆâ–ˆâ–ˆâ–ˆâ–Œ| 38/40 [00:00<00:00, 96.37it/s]
                                                                                
[codecarbon INFO @ 04:10:04] Energy consumed for RAM : 0.000550 kWh. RAM Power : 38.0 W
[codecarbon INFO @ 04:10:04] Delta energy consumed for CPU with cpu_load : 0.000157 kWh, power : 74.475 W
[codecarbon INFO @ 04:10:04] Energy consumed for All CPU : 0.000857 kWh
[codecarbon INFO @ 04:10:04] Energy consumed for all GPUs : 0.000908 kWh. Total GPU Power : 60.76509928597665 W
[codecarbon INFO @ 04:10:04] 0.002314 kWh of electricity used since the beginning.
wandb:                                                                                
wandb: 
wandb: Run history:
wandb:         Layer_W1_M1/Epochs_Trained â–
wandb: Layer_W1_M1/GPU_Mem_Used_MiB_Batch â–â–†â–†â–†â–†â–†â–ˆâ–ˆâ–ˆâ–ˆâ–ˆâ–ˆ
wandb: Layer_W1_M1/Peak_GPU_Mem_Epoch_MiB â–â–†â–†â–†â–†â–†â–ˆâ–ˆâ–ˆâ–ˆâ–ˆâ–ˆ
wandb: Layer_W1_M1/Peak_GPU_Mem_Layer_MiB â–
wandb:       Layer_W1_M1/Train_Loss_Batch â–ˆâ–†â–…â–ƒâ–…â–…â–„â–‚â–‚â–‚â–‚â–
wandb:    Layer_W1_M1/Train_Loss_EpochAvg â–ˆâ–…â–„â–„â–ƒâ–ƒâ–‚â–‚â–‚â–‚â–â–
wandb:    Layer_W1_M1/Train_Loss_LayerAvg â–
wandb:    Layer_W1_M1/Val_LocalLoss_Epoch â–ˆâ–†â–„â–„â–‚â–ƒâ–ƒâ–ƒâ–â–‚â–‚â–
wandb:         Layer_W2_M2/Epochs_Trained â–
wandb: Layer_W2_M2/GPU_Mem_Used_MiB_Batch â–â–â–â–â–â–â–â–â–â–â–
wandb: Layer_W2_M2/Peak_GPU_Mem_Epoch_MiB â–â–â–â–â–â–â–â–â–â–â–
wandb: Layer_W2_M2/Peak_GPU_Mem_Layer_MiB â–
wandb:       Layer_W2_M2/Train_Loss_Batch â–ˆâ–‡â–ƒâ–‡â–‡â–‚â–‚â–…â–…â–â–
wandb:    Layer_W2_M2/Train_Loss_EpochAvg â–ˆâ–„â–ƒâ–ƒâ–‚â–‚â–‚â–‚â–â–â–
wandb:    Layer_W2_M2/Train_Loss_LayerAvg â–
wandb:    Layer_W2_M2/Val_LocalLoss_Epoch â–â–ƒâ–ƒâ–„â–„â–…â–…â–†â–‡â–ˆâ–ˆ
wandb:               estimated_fwd_gflops â–
wandb:                final/Test_Accuracy â–
wandb:   final/codecarbon_emissions_gCO2e â–
wandb:         final/estimated_fwd_gflops â–
wandb:        final/peak_gpu_mem_used_mib â–
wandb:      final/total_gpu_energy_joules â–
wandb:          final/total_gpu_energy_wh â–
wandb:       final/total_run_duration_sec â–
wandb:        final/training_duration_sec â–
wandb:                        global_step â–â–â–â–â–‚â–‚â–‚â–‚â–‚â–ƒâ–ƒâ–ƒâ–ƒâ–ƒâ–„â–„â–„â–„â–„â–„â–„â–…â–…â–…â–…â–…â–…â–†â–†â–†â–†â–‡â–‡â–‡â–‡â–‡â–ˆâ–ˆâ–ˆâ–ˆ
wandb:           initial_gpu_mem_used_mib â–
wandb:             model_parameters_total â–
wandb:         model_parameters_trainable â–
wandb: 
wandb: Run summary:
wandb:         Layer_W1_M1/Epochs_Trained 12
wandb: Layer_W1_M1/GPU_Mem_Used_MiB_Batch 914
wandb: Layer_W1_M1/Peak_GPU_Mem_Epoch_MiB 914
wandb: Layer_W1_M1/Peak_GPU_Mem_Layer_MiB 914
wandb:       Layer_W1_M1/Train_Loss_Batch 0.12672
wandb:    Layer_W1_M1/Train_Loss_EpochAvg 0.15879
wandb:    Layer_W1_M1/Train_Loss_LayerAvg 0.15879
wandb:    Layer_W1_M1/Val_LocalLoss_Epoch 0.26452
wandb:         Layer_W2_M2/Epochs_Trained 11
wandb: Layer_W2_M2/GPU_Mem_Used_MiB_Batch 934
wandb: Layer_W2_M2/Peak_GPU_Mem_Epoch_MiB 934
wandb: Layer_W2_M2/Peak_GPU_Mem_Layer_MiB 934
wandb:       Layer_W2_M2/Train_Loss_Batch 0.03732
wandb:    Layer_W2_M2/Train_Loss_EpochAvg 0.05971
wandb:    Layer_W2_M2/Train_Loss_LayerAvg 0.05971
wandb:    Layer_W2_M2/Val_LocalLoss_Epoch 0.39999
wandb:             codecarbon_country_iso POL
wandb:                 codecarbon_enabled True
wandb:                    codecarbon_mode offline
wandb:         estimated_bp_update_gflops nan
wandb:               estimated_fwd_gflops 0.00359
wandb:                final/Test_Accuracy 89.84
wandb:                    final/Test_Loss nan
wandb:   final/codecarbon_emissions_gCO2e 1.53199
wandb:   final/estimated_bp_update_gflops nan
wandb:         final/estimated_fwd_gflops 0.00359
wandb:        final/peak_gpu_mem_used_mib 934
wandb:      final/total_gpu_energy_joules 3162.5159
wandb:          final/total_gpu_energy_wh 0.87848
wandb:       final/total_run_duration_sec 55.09175
wandb:        final/training_duration_sec 51.73191
wandb:           initial_gpu_mem_used_mib 336.625
wandb:             model_parameters_total 1823850
wandb:         model_parameters_trainable 1823850
wandb: 
wandb: ðŸš€ View run mf_fashion_mnist_mlp_2x1000 at: https://wandb.ai/przspyra11/BeyondBackpropagation/runs/hipt9jwr
wandb: â­ï¸ View project at: https://wandb.ai/przspyra11/BeyondBackpropagation
wandb: Synced 5 W&B file(s), 0 media file(s), 0 artifact file(s) and 0 other file(s)
wandb: Find logs at: ./wandb/run-20250508_040909-hipt9jwr/logs
