 Python/3.10.4 unloaded.
 OpenSSL/1.1 unloaded.
 libffi/3.4.2 unloaded.
 GMP/6.2.1 unloaded.
 XZ/5.2.5 unloaded.
 SQLite/3.38.3 unloaded.
 Tcl/8.6.12 unloaded.
 libreadline/8.1.2 unloaded.
 ncurses/6.3 unloaded.
 zlib/1.2.12 unloaded.
 bzip2/1.0.8 unloaded.
 binutils/2.38 unloaded.
 binutils/2.38 loaded.
 bzip2/1.0.8 loaded.
 zlib/1.2.12 loaded.
 ncurses/6.3 loaded.
 libreadline/8.1.2 loaded.
 Tcl/8.6.12 loaded.
 SQLite/3.38.3 loaded.
 XZ/5.2.5 loaded.
 GMP/6.2.1 loaded.
 libffi/3.4.2 loaded.
 OpenSSL/1.1 loaded.
 Python/3.10.4 loaded.
 CUDA/12.4.0 loaded.

Currently Loaded Modules:
  1) binutils/2.38   5) libreadline/8.1.2   9) GMP/6.2.1      13) CUDA/12.4.0
  2) bzip2/1.0.8     6) Tcl/8.6.12         10) libffi/3.4.2
  3) zlib/1.2.12     7) SQLite/3.38.3      11) OpenSSL/1.1
  4) ncurses/6.3     8) XZ/5.2.5           12) Python/3.10.4

 

2025-05-04 23:48:40,262 - src.utils.config_parser - INFO - Successfully merged configuration from configs/mf/fashion_mnist_mlp_2x1000.yaml and configs/base.yaml
wandb: Using wandb-core as the SDK backend.  Please refer to https://wandb.me/wandb-core for more information.
wandb: Currently logged in as: przspyra11 (agh_racing) to https://api.wandb.ai. Use `wandb login --relogin` to force relogin
wandb: Tracking run with wandb version 0.19.8
wandb: Run data is saved locally in /net/tscratch/people/plgspyra/BeyondBackpropagation/wandb/run-20250504_234840-kqy5afyc
wandb: Run `wandb offline` to turn off syncing.
wandb: Syncing run mf_fashion_mnist_mlp_2x1000
wandb: â­ï¸ View project at https://wandb.ai/przspyra11/BeyondBackpropagation
wandb: ðŸš€ View run at https://wandb.ai/przspyra11/BeyondBackpropagation/runs/kqy5afyc
[codecarbon INFO @ 23:48:41] offline tracker init
[codecarbon INFO @ 23:48:41] [setup] RAM Tracking...
[codecarbon INFO @ 23:48:41] [setup] CPU Tracking...
 Linux OS detected: Please ensure RAPL files exist at /sys/class/powercap/intel-rapl/subsystem to measure CPU

[codecarbon INFO @ 23:48:42] CPU Model on constant consumption mode: AMD EPYC 7742 64-Core Processor
[codecarbon INFO @ 23:48:42] [setup] GPU Tracking...
[codecarbon INFO @ 23:48:42] Tracking Nvidia GPU via pynvml
[codecarbon INFO @ 23:48:42] The below tracking methods have been set up:
                RAM Tracking Method: RAM power estimation model
                CPU Tracking Method: cpu_load
                GPU Tracking Method: pynvml
            
[codecarbon INFO @ 23:48:42] >>> Tracker's metadata:
[codecarbon INFO @ 23:48:42]   Platform system: Linux-5.14.0-503.26.1.el9_5.x86_64-x86_64-with-glibc2.34
[codecarbon INFO @ 23:48:42]   Python version: 3.10.4
[codecarbon INFO @ 23:48:42]   CodeCarbon version: 3.0.1
[codecarbon INFO @ 23:48:42]   Available RAM : 125.000 GB
[codecarbon INFO @ 23:48:42]   CPU count: 16 thread(s) in 2 physical CPU(s)
[codecarbon INFO @ 23:48:42]   CPU model: AMD EPYC 7742 64-Core Processor
[codecarbon INFO @ 23:48:42]   GPU count: 1
[codecarbon INFO @ 23:48:42]   GPU model: 1 x NVIDIA A100-SXM4-40GB BUT only tracking these GPU ids : [0]
[codecarbon INFO @ 23:48:42] Emissions data (if any) will be saved to file /net/tscratch/people/plgspyra/BeyondBackpropagation/results/carbon/mf_fashion_mnist_mlp_2x1000_carbon.csv

Layer_W1_M1 Epoch 1/12:   0%|          | 0/421 [00:00<?, ?it/s]
Layer_W1_M1 Epoch 1/12:   0%|          | 1/421 [00:00<01:18,  5.33it/s]
Layer_W1_M1 Epoch 1/12:   6%|â–‹         | 27/421 [00:00<00:03, 113.29it/s]
Layer_W1_M1 Epoch 1/12:  12%|â–ˆâ–        | 50/421 [00:00<00:02, 152.06it/s]
Layer_W1_M1 Epoch 1/12:  17%|â–ˆâ–‹        | 73/421 [00:00<00:01, 177.97it/s]
Layer_W1_M1 Epoch 1/12:  22%|â–ˆâ–ˆâ–       | 94/421 [00:00<00:01, 184.04it/s]
Layer_W1_M1 Epoch 1/12:  28%|â–ˆâ–ˆâ–Š       | 117/421 [00:00<00:01, 197.65it/s]
Layer_W1_M1 Epoch 1/12:  33%|â–ˆâ–ˆâ–ˆâ–Ž      | 138/421 [00:00<00:01, 198.11it/s]
Layer_W1_M1 Epoch 1/12:  38%|â–ˆâ–ˆâ–ˆâ–Š      | 161/421 [00:00<00:01, 207.44it/s]
Layer_W1_M1 Epoch 1/12:  43%|â–ˆâ–ˆâ–ˆâ–ˆâ–Ž     | 183/421 [00:01<00:01, 206.98it/s]
Layer_W1_M1 Epoch 1/12:  49%|â–ˆâ–ˆâ–ˆâ–ˆâ–‰     | 206/421 [00:01<00:01, 207.55it/s]
Layer_W1_M1 Epoch 1/12:  55%|â–ˆâ–ˆâ–ˆâ–ˆâ–ˆâ–    | 230/421 [00:01<00:00, 209.81it/s]
Layer_W1_M1 Epoch 1/12:  60%|â–ˆâ–ˆâ–ˆâ–ˆâ–ˆâ–ˆ    | 253/421 [00:01<00:00, 215.31it/s]
Layer_W1_M1 Epoch 1/12:  65%|â–ˆâ–ˆâ–ˆâ–ˆâ–ˆâ–ˆâ–Œ   | 275/421 [00:01<00:00, 213.76it/s]
Layer_W1_M1 Epoch 1/12:  71%|â–ˆâ–ˆâ–ˆâ–ˆâ–ˆâ–ˆâ–ˆ   | 297/421 [00:01<00:00, 214.16it/s]
Layer_W1_M1 Epoch 1/12:  76%|â–ˆâ–ˆâ–ˆâ–ˆâ–ˆâ–ˆâ–ˆâ–Œ  | 319/421 [00:01<00:00, 213.59it/s]
Layer_W1_M1 Epoch 1/12:  81%|â–ˆâ–ˆâ–ˆâ–ˆâ–ˆâ–ˆâ–ˆâ–ˆ  | 341/421 [00:01<00:00, 212.93it/s]
Layer_W1_M1 Epoch 1/12:  86%|â–ˆâ–ˆâ–ˆâ–ˆâ–ˆâ–ˆâ–ˆâ–ˆâ–Œ | 363/421 [00:01<00:00, 213.70it/s]
Layer_W1_M1 Epoch 1/12:  91%|â–ˆâ–ˆâ–ˆâ–ˆâ–ˆâ–ˆâ–ˆâ–ˆâ–ˆâ–| 385/421 [00:01<00:00, 212.35it/s]
Layer_W1_M1 Epoch 1/12:  97%|â–ˆâ–ˆâ–ˆâ–ˆâ–ˆâ–ˆâ–ˆâ–ˆâ–ˆâ–‹| 407/421 [00:02<00:00, 214.18it/s]
Layer_W1_M1 Epoch 1/12:  97%|â–ˆâ–ˆâ–ˆâ–ˆâ–ˆâ–ˆâ–ˆâ–ˆâ–ˆâ–‹| 407/421 [00:02<00:00, 214.18it/s, loss=0.314906]
                                                                                         

Layer_W1_M1 Epoch 2/12:   0%|          | 0/421 [00:00<?, ?it/s]
Layer_W1_M1 Epoch 2/12:   4%|â–         | 17/421 [00:00<00:02, 154.58it/s]
Layer_W1_M1 Epoch 2/12:  10%|â–‰         | 40/421 [00:00<00:01, 197.01it/s]
Layer_W1_M1 Epoch 2/12:  14%|â–ˆâ–        | 61/421 [00:00<00:01, 195.57it/s]
Layer_W1_M1 Epoch 2/12:  20%|â–ˆâ–‰        | 84/421 [00:00<00:01, 208.01it/s]
Layer_W1_M1 Epoch 2/12:  25%|â–ˆâ–ˆâ–       | 105/421 [00:00<00:01, 202.60it/s]
Layer_W1_M1 Epoch 2/12:  30%|â–ˆâ–ˆâ–ˆ       | 128/421 [00:00<00:01, 211.09it/s]
Layer_W1_M1 Epoch 2/12:  36%|â–ˆâ–ˆâ–ˆâ–Œ      | 150/421 [00:00<00:01, 206.74it/s]
Layer_W1_M1 Epoch 2/12:  41%|â–ˆâ–ˆâ–ˆâ–ˆ      | 173/421 [00:00<00:01, 206.37it/s]
Layer_W1_M1 Epoch 2/12:  47%|â–ˆâ–ˆâ–ˆâ–ˆâ–‹     | 196/421 [00:00<00:01, 212.52it/s]
Layer_W1_M1 Epoch 2/12:  52%|â–ˆâ–ˆâ–ˆâ–ˆâ–ˆâ–    | 218/421 [00:01<00:00, 207.53it/s]
Layer_W1_M1 Epoch 2/12:  57%|â–ˆâ–ˆâ–ˆâ–ˆâ–ˆâ–‹    | 241/421 [00:01<00:00, 207.36it/s]
Layer_W1_M1 Epoch 2/12:  63%|â–ˆâ–ˆâ–ˆâ–ˆâ–ˆâ–ˆâ–Ž   | 265/421 [00:01<00:00, 208.46it/s]
Layer_W1_M1 Epoch 2/12:  68%|â–ˆâ–ˆâ–ˆâ–ˆâ–ˆâ–ˆâ–Š   | 288/421 [00:01<00:00, 214.41it/s]
Layer_W1_M1 Epoch 2/12:  74%|â–ˆâ–ˆâ–ˆâ–ˆâ–ˆâ–ˆâ–ˆâ–Ž  | 310/421 [00:01<00:00, 208.98it/s]
Layer_W1_M1 Epoch 2/12:  79%|â–ˆâ–ˆâ–ˆâ–ˆâ–ˆâ–ˆâ–ˆâ–‰  | 333/421 [00:01<00:00, 208.33it/s]
Layer_W1_M1 Epoch 2/12:  85%|â–ˆâ–ˆâ–ˆâ–ˆâ–ˆâ–ˆâ–ˆâ–ˆâ– | 356/421 [00:01<00:00, 213.72it/s]
Layer_W1_M1 Epoch 2/12:  90%|â–ˆâ–ˆâ–ˆâ–ˆâ–ˆâ–ˆâ–ˆâ–ˆâ–‰ | 378/421 [00:01<00:00, 208.68it/s]
Layer_W1_M1 Epoch 2/12:  95%|â–ˆâ–ˆâ–ˆâ–ˆâ–ˆâ–ˆâ–ˆâ–ˆâ–ˆâ–Œ| 401/421 [00:01<00:00, 208.16it/s]
Layer_W1_M1 Epoch 2/12:  95%|â–ˆâ–ˆâ–ˆâ–ˆâ–ˆâ–ˆâ–ˆâ–ˆâ–ˆâ–Œ| 401/421 [00:02<00:00, 208.16it/s, loss=0.314974]
                                                                                         

Layer_W1_M1 Epoch 3/12:   0%|          | 0/421 [00:00<?, ?it/s]
Layer_W1_M1 Epoch 3/12:   4%|â–         | 16/421 [00:00<00:02, 157.33it/s]
Layer_W1_M1 Epoch 3/12:   9%|â–‰         | 37/421 [00:00<00:02, 184.61it/s]
Layer_W1_M1 Epoch 3/12:  14%|â–ˆâ–        | 59/421 [00:00<00:01, 196.79it/s]
Layer_W1_M1 Epoch 3/12:  19%|â–ˆâ–‰        | 81/421 [00:00<00:01, 199.29it/s]
Layer_W1_M1 Epoch 3/12:  24%|â–ˆâ–ˆâ–       | 103/421 [00:00<00:01, 205.65it/s]
Layer_W1_M1 Epoch 3/12:  30%|â–ˆâ–ˆâ–‰       | 125/421 [00:00<00:01, 203.18it/s]
Layer_W1_M1 Epoch 3/12:  35%|â–ˆâ–ˆâ–ˆâ–Œ      | 148/421 [00:00<00:01, 210.80it/s]
Layer_W1_M1 Epoch 3/12:  40%|â–ˆâ–ˆâ–ˆâ–ˆ      | 170/421 [00:00<00:01, 206.37it/s]
Layer_W1_M1 Epoch 3/12:  46%|â–ˆâ–ˆâ–ˆâ–ˆâ–Œ     | 193/421 [00:00<00:01, 205.44it/s]
Layer_W1_M1 Epoch 3/12:  51%|â–ˆâ–ˆâ–ˆâ–ˆâ–ˆâ–    | 216/421 [00:01<00:00, 212.01it/s]
Layer_W1_M1 Epoch 3/12:  57%|â–ˆâ–ˆâ–ˆâ–ˆâ–ˆâ–‹    | 238/421 [00:01<00:00, 207.33it/s]
Layer_W1_M1 Epoch 3/12:  62%|â–ˆâ–ˆâ–ˆâ–ˆâ–ˆâ–ˆâ–   | 260/421 [00:01<00:00, 210.84it/s]
Layer_W1_M1 Epoch 3/12:  67%|â–ˆâ–ˆâ–ˆâ–ˆâ–ˆâ–ˆâ–‹   | 282/421 [00:01<00:00, 205.92it/s]
Layer_W1_M1 Epoch 3/12:  72%|â–ˆâ–ˆâ–ˆâ–ˆâ–ˆâ–ˆâ–ˆâ–  | 305/421 [00:01<00:00, 204.84it/s]
Layer_W1_M1 Epoch 3/12:  78%|â–ˆâ–ˆâ–ˆâ–ˆâ–ˆâ–ˆâ–ˆâ–Š  | 328/421 [00:01<00:00, 211.07it/s]
Layer_W1_M1 Epoch 3/12:  83%|â–ˆâ–ˆâ–ˆâ–ˆâ–ˆâ–ˆâ–ˆâ–ˆâ–Ž | 350/421 [00:01<00:00, 206.35it/s]
Layer_W1_M1 Epoch 3/12:  88%|â–ˆâ–ˆâ–ˆâ–ˆâ–ˆâ–ˆâ–ˆâ–ˆâ–Š | 372/421 [00:01<00:00, 209.95it/s]
Layer_W1_M1 Epoch 3/12:  94%|â–ˆâ–ˆâ–ˆâ–ˆâ–ˆâ–ˆâ–ˆâ–ˆâ–ˆâ–Ž| 394/421 [00:01<00:00, 205.51it/s]
Layer_W1_M1 Epoch 3/12:  99%|â–ˆâ–ˆâ–ˆâ–ˆâ–ˆâ–ˆâ–ˆâ–ˆâ–ˆâ–Š| 415/421 [00:02<00:00, 194.91it/s]
Layer_W1_M1 Epoch 3/12:  99%|â–ˆâ–ˆâ–ˆâ–ˆâ–ˆâ–ˆâ–ˆâ–ˆâ–ˆâ–Š| 415/421 [00:02<00:00, 194.91it/s, loss=0.290254]
                                                                                         

Layer_W1_M1 Epoch 4/12:   0%|          | 0/421 [00:00<?, ?it/s]
Layer_W1_M1 Epoch 4/12:   4%|â–Ž         | 15/421 [00:00<00:02, 149.26it/s]
Layer_W1_M1 Epoch 4/12:   9%|â–‰         | 37/421 [00:00<00:02, 178.20it/s]
Layer_W1_M1 Epoch 4/12:  14%|â–ˆâ–        | 60/421 [00:00<00:01, 200.37it/s]
Layer_W1_M1 Epoch 4/12:  19%|â–ˆâ–‰        | 81/421 [00:00<00:01, 196.00it/s]
Layer_W1_M1 Epoch 4/12:  25%|â–ˆâ–ˆâ–       | 104/421 [00:00<00:01, 207.13it/s]
Layer_W1_M1 Epoch 4/12:  30%|â–ˆâ–ˆâ–‰       | 125/421 [00:00<00:01, 200.72it/s]
Layer_W1_M1 Epoch 4/12:  35%|â–ˆâ–ˆâ–ˆâ–Œ      | 148/421 [00:00<00:01, 209.64it/s]
Layer_W1_M1 Epoch 4/12:  40%|â–ˆâ–ˆâ–ˆâ–ˆ      | 170/421 [00:00<00:01, 204.55it/s]
Layer_W1_M1 Epoch 4/12:  46%|â–ˆâ–ˆâ–ˆâ–ˆâ–Œ     | 193/421 [00:00<00:01, 203.35it/s]
Layer_W1_M1 Epoch 4/12:  51%|â–ˆâ–ˆâ–ˆâ–ˆâ–ˆâ–    | 216/421 [00:01<00:00, 210.65it/s]
Layer_W1_M1 Epoch 4/12:  57%|â–ˆâ–ˆâ–ˆâ–ˆâ–ˆâ–‹    | 238/421 [00:01<00:00, 205.47it/s]
Layer_W1_M1 Epoch 4/12:  62%|â–ˆâ–ˆâ–ˆâ–ˆâ–ˆâ–ˆâ–   | 261/421 [00:01<00:00, 203.51it/s]
Layer_W1_M1 Epoch 4/12:  67%|â–ˆâ–ˆâ–ˆâ–ˆâ–ˆâ–ˆâ–‹   | 284/421 [00:01<00:00, 210.53it/s]
Layer_W1_M1 Epoch 4/12:  73%|â–ˆâ–ˆâ–ˆâ–ˆâ–ˆâ–ˆâ–ˆâ–Ž  | 306/421 [00:01<00:00, 205.22it/s]
Layer_W1_M1 Epoch 4/12:  78%|â–ˆâ–ˆâ–ˆâ–ˆâ–ˆâ–ˆâ–ˆâ–Š  | 329/421 [00:01<00:00, 204.06it/s]
Layer_W1_M1 Epoch 4/12:  84%|â–ˆâ–ˆâ–ˆâ–ˆâ–ˆâ–ˆâ–ˆâ–ˆâ–Ž | 352/421 [00:01<00:00, 210.50it/s]
Layer_W1_M1 Epoch 4/12:  89%|â–ˆâ–ˆâ–ˆâ–ˆâ–ˆâ–ˆâ–ˆâ–ˆâ–‰ | 374/421 [00:01<00:00, 205.79it/s]
Layer_W1_M1 Epoch 4/12:  94%|â–ˆâ–ˆâ–ˆâ–ˆâ–ˆâ–ˆâ–ˆâ–ˆâ–ˆâ–| 396/421 [00:01<00:00, 209.69it/s]
Layer_W1_M1 Epoch 4/12:  99%|â–ˆâ–ˆâ–ˆâ–ˆâ–ˆâ–ˆâ–ˆâ–ˆâ–ˆâ–‰| 418/421 [00:02<00:00, 204.06it/s]
Layer_W1_M1 Epoch 4/12:  99%|â–ˆâ–ˆâ–ˆâ–ˆâ–ˆâ–ˆâ–ˆâ–ˆâ–ˆâ–‰| 418/421 [00:02<00:00, 204.06it/s, loss=0.261386]
                                                                                         

Layer_W1_M1 Epoch 5/12:   0%|          | 0/421 [00:00<?, ?it/s]
Layer_W1_M1 Epoch 5/12:   4%|â–         | 16/421 [00:00<00:02, 159.04it/s]
Layer_W1_M1 Epoch 5/12:   9%|â–‰         | 37/421 [00:00<00:02, 179.43it/s]
Layer_W1_M1 Epoch 5/12:  14%|â–ˆâ–        | 61/421 [00:00<00:01, 193.12it/s]
Layer_W1_M1 Epoch 5/12:  20%|â–ˆâ–‰        | 84/421 [00:00<00:01, 206.82it/s]
Layer_W1_M1 Epoch 5/12:  25%|â–ˆâ–ˆâ–       | 105/421 [00:00<00:01, 199.28it/s]
Layer_W1_M1 Epoch 5/12:  30%|â–ˆâ–ˆâ–ˆ       | 128/421 [00:00<00:01, 208.80it/s]
Layer_W1_M1 Epoch 5/12:  35%|â–ˆâ–ˆâ–ˆâ–Œ      | 149/421 [00:00<00:01, 202.14it/s]
Layer_W1_M1 Epoch 5/12:  41%|â–ˆâ–ˆâ–ˆâ–ˆ      | 172/421 [00:00<00:01, 210.07it/s]
Layer_W1_M1 Epoch 5/12:  46%|â–ˆâ–ˆâ–ˆâ–ˆâ–Œ     | 194/421 [00:00<00:01, 205.10it/s]
Layer_W1_M1 Epoch 5/12:  52%|â–ˆâ–ˆâ–ˆâ–ˆâ–ˆâ–    | 217/421 [00:01<00:00, 204.40it/s]
Layer_W1_M1 Epoch 5/12:  57%|â–ˆâ–ˆâ–ˆâ–ˆâ–ˆâ–‹    | 240/421 [00:01<00:00, 211.38it/s]
Layer_W1_M1 Epoch 5/12:  62%|â–ˆâ–ˆâ–ˆâ–ˆâ–ˆâ–ˆâ–   | 262/421 [00:01<00:00, 206.63it/s]
Layer_W1_M1 Epoch 5/12:  68%|â–ˆâ–ˆâ–ˆâ–ˆâ–ˆâ–ˆâ–Š   | 285/421 [00:01<00:00, 204.84it/s]
Layer_W1_M1 Epoch 5/12:  73%|â–ˆâ–ˆâ–ˆâ–ˆâ–ˆâ–ˆâ–ˆâ–Ž  | 308/421 [00:01<00:00, 211.25it/s]
Layer_W1_M1 Epoch 5/12:  78%|â–ˆâ–ˆâ–ˆâ–ˆâ–ˆâ–ˆâ–ˆâ–Š  | 330/421 [00:01<00:00, 206.28it/s]
Layer_W1_M1 Epoch 5/12:  84%|â–ˆâ–ˆâ–ˆâ–ˆâ–ˆâ–ˆâ–ˆâ–ˆâ–Ž | 352/421 [00:01<00:00, 210.15it/s]
Layer_W1_M1 Epoch 5/12:  89%|â–ˆâ–ˆâ–ˆâ–ˆâ–ˆâ–ˆâ–ˆâ–ˆâ–‰ | 374/421 [00:01<00:00, 205.39it/s]
Layer_W1_M1 Epoch 5/12:  94%|â–ˆâ–ˆâ–ˆâ–ˆâ–ˆâ–ˆâ–ˆâ–ˆâ–ˆâ–| 397/421 [00:01<00:00, 203.98it/s]
Layer_W1_M1 Epoch 5/12: 100%|â–ˆâ–ˆâ–ˆâ–ˆâ–ˆâ–ˆâ–ˆâ–ˆâ–ˆâ–‰| 420/421 [00:02<00:00, 211.23it/s]
Layer_W1_M1 Epoch 5/12: 100%|â–ˆâ–ˆâ–ˆâ–ˆâ–ˆâ–ˆâ–ˆâ–ˆâ–ˆâ–‰| 420/421 [00:02<00:00, 211.23it/s, loss=0.201816]
                                                                                         

Layer_W1_M1 Epoch 6/12:   0%|          | 0/421 [00:00<?, ?it/s]
Layer_W1_M1 Epoch 6/12:   4%|â–Ž         | 15/421 [00:00<00:02, 149.87it/s]
Layer_W1_M1 Epoch 6/12:   9%|â–‰         | 37/421 [00:00<00:02, 179.88it/s]
Layer_W1_M1 Epoch 6/12:  14%|â–ˆâ–        | 60/421 [00:00<00:01, 201.25it/s]
Layer_W1_M1 Epoch 6/12:  19%|â–ˆâ–‰        | 81/421 [00:00<00:01, 195.98it/s]
Layer_W1_M1 Epoch 6/12:  25%|â–ˆâ–ˆâ–       | 104/421 [00:00<00:01, 207.35it/s]
Layer_W1_M1 Epoch 6/12:  30%|â–ˆâ–ˆâ–‰       | 125/421 [00:00<00:01, 200.40it/s]
Layer_W1_M1 Epoch 6/12:  35%|â–ˆâ–ˆâ–ˆâ–Œ      | 148/421 [00:00<00:01, 209.22it/s]
Layer_W1_M1 Epoch 6/12:  40%|â–ˆâ–ˆâ–ˆâ–ˆ      | 170/421 [00:00<00:01, 204.10it/s]
Layer_W1_M1 Epoch 6/12:  46%|â–ˆâ–ˆâ–ˆâ–ˆâ–Œ     | 193/421 [00:00<00:01, 203.40it/s]
Layer_W1_M1 Epoch 6/12:  51%|â–ˆâ–ˆâ–ˆâ–ˆâ–ˆ     | 215/421 [00:01<00:00, 208.11it/s]
Layer_W1_M1 Epoch 6/12:  56%|â–ˆâ–ˆâ–ˆâ–ˆâ–ˆâ–‹    | 237/421 [00:01<00:00, 204.04it/s]
Layer_W1_M1 Epoch 6/12:  62%|â–ˆâ–ˆâ–ˆâ–ˆâ–ˆâ–ˆâ–   | 260/421 [00:01<00:00, 211.37it/s]
Layer_W1_M1 Epoch 6/12:  67%|â–ˆâ–ˆâ–ˆâ–ˆâ–ˆâ–ˆâ–‹   | 282/421 [00:01<00:00, 207.33it/s]
Layer_W1_M1 Epoch 6/12:  72%|â–ˆâ–ˆâ–ˆâ–ˆâ–ˆâ–ˆâ–ˆâ–  | 305/421 [00:01<00:00, 206.31it/s]
Layer_W1_M1 Epoch 6/12:  78%|â–ˆâ–ˆâ–ˆâ–ˆâ–ˆâ–ˆâ–ˆâ–Š  | 329/421 [00:01<00:00, 207.45it/s]
Layer_W1_M1 Epoch 6/12:  84%|â–ˆâ–ˆâ–ˆâ–ˆâ–ˆâ–ˆâ–ˆâ–ˆâ– | 353/421 [00:01<00:00, 208.28it/s]
Layer_W1_M1 Epoch 6/12:  90%|â–ˆâ–ˆâ–ˆâ–ˆâ–ˆâ–ˆâ–ˆâ–ˆâ–‰ | 377/421 [00:01<00:00, 209.14it/s]
Layer_W1_M1 Epoch 6/12:  95%|â–ˆâ–ˆâ–ˆâ–ˆâ–ˆâ–ˆâ–ˆâ–ˆâ–ˆâ–Œ| 401/421 [00:01<00:00, 209.35it/s]
Layer_W1_M1 Epoch 6/12:  95%|â–ˆâ–ˆâ–ˆâ–ˆâ–ˆâ–ˆâ–ˆâ–ˆâ–ˆâ–Œ| 401/421 [00:02<00:00, 209.35it/s, loss=0.204132]
                                                                                         
[codecarbon INFO @ 23:48:57] Energy consumed for RAM : 0.000164 kWh. RAM Power : 38.0 W

Layer_W1_M1 Epoch 7/12:   0%|          | 0/421 [00:00<?, ?it/s]
Layer_W1_M1 Epoch 7/12:   4%|â–         | 17/421 [00:00<00:02, 156.36it/s]
Layer_W1_M1 Epoch 7/12:   9%|â–‰         | 38/421 [00:00<00:02, 183.53it/s]
Layer_W1_M1 Epoch 7/12:  14%|â–ˆâ–        | 61/421 [00:00<00:01, 197.86it/s]
Layer_W1_M1 Epoch 7/12:  19%|â–ˆâ–‰        | 82/421 [00:00<00:01, 199.45it/s][codecarbon INFO @ 23:48:58] Delta energy consumed for CPU with cpu_load : 0.000411 kWh, power : 95.4 W
[codecarbon INFO @ 23:48:58] Energy consumed for All CPU : 0.000411 kWh
[codecarbon INFO @ 23:48:58] Energy consumed for all GPUs : 0.000259 kWh. Total GPU Power : 58.14963458097124 W
[codecarbon INFO @ 23:48:58] 0.000833 kWh of electricity used since the beginning.

Layer_W1_M1 Epoch 7/12:  25%|â–ˆâ–ˆâ–       | 105/421 [00:00<00:01, 206.03it/s]
Layer_W1_M1 Epoch 7/12:  30%|â–ˆâ–ˆâ–‰       | 126/421 [00:00<00:01, 203.52it/s]
Layer_W1_M1 Epoch 7/12:  35%|â–ˆâ–ˆâ–ˆâ–Œ      | 149/421 [00:00<00:01, 208.78it/s]
Layer_W1_M1 Epoch 7/12:  40%|â–ˆâ–ˆâ–ˆâ–ˆ      | 170/421 [00:00<00:01, 205.15it/s]
Layer_W1_M1 Epoch 7/12:  46%|â–ˆâ–ˆâ–ˆâ–ˆâ–Œ     | 193/421 [00:00<00:01, 210.66it/s]
Layer_W1_M1 Epoch 7/12:  51%|â–ˆâ–ˆâ–ˆâ–ˆâ–ˆ     | 215/421 [00:01<00:00, 208.03it/s]
Layer_W1_M1 Epoch 7/12:  56%|â–ˆâ–ˆâ–ˆâ–ˆâ–ˆâ–‹    | 237/421 [00:01<00:00, 210.78it/s]
Layer_W1_M1 Epoch 7/12:  62%|â–ˆâ–ˆâ–ˆâ–ˆâ–ˆâ–ˆâ–   | 259/421 [00:01<00:00, 207.38it/s]
Layer_W1_M1 Epoch 7/12:  67%|â–ˆâ–ˆâ–ˆâ–ˆâ–ˆâ–ˆâ–‹   | 281/421 [00:01<00:00, 211.02it/s]
Layer_W1_M1 Epoch 7/12:  72%|â–ˆâ–ˆâ–ˆâ–ˆâ–ˆâ–ˆâ–ˆâ–  | 303/421 [00:01<00:00, 206.49it/s]
Layer_W1_M1 Epoch 7/12:  77%|â–ˆâ–ˆâ–ˆâ–ˆâ–ˆâ–ˆâ–ˆâ–‹  | 326/421 [00:01<00:00, 205.74it/s]
Layer_W1_M1 Epoch 7/12:  83%|â–ˆâ–ˆâ–ˆâ–ˆâ–ˆâ–ˆâ–ˆâ–ˆâ–Ž | 349/421 [00:01<00:00, 212.09it/s]
Layer_W1_M1 Epoch 7/12:  88%|â–ˆâ–ˆâ–ˆâ–ˆâ–ˆâ–ˆâ–ˆâ–ˆâ–Š | 371/421 [00:01<00:00, 208.62it/s]
Layer_W1_M1 Epoch 7/12:  93%|â–ˆâ–ˆâ–ˆâ–ˆâ–ˆâ–ˆâ–ˆâ–ˆâ–ˆâ–Ž| 393/421 [00:01<00:00, 210.42it/s]
Layer_W1_M1 Epoch 7/12:  99%|â–ˆâ–ˆâ–ˆâ–ˆâ–ˆâ–ˆâ–ˆâ–ˆâ–ˆâ–Š| 415/421 [00:02<00:00, 201.39it/s]
Layer_W1_M1 Epoch 7/12:  99%|â–ˆâ–ˆâ–ˆâ–ˆâ–ˆâ–ˆâ–ˆâ–ˆâ–ˆâ–Š| 415/421 [00:02<00:00, 201.39it/s, loss=0.218542]
                                                                                         

Layer_W1_M1 Epoch 8/12:   0%|          | 0/421 [00:00<?, ?it/s]
Layer_W1_M1 Epoch 8/12:   4%|â–         | 17/421 [00:00<00:02, 154.36it/s]
Layer_W1_M1 Epoch 8/12:  10%|â–‰         | 41/421 [00:00<00:02, 187.15it/s]
Layer_W1_M1 Epoch 8/12:  15%|â–ˆâ–Œ        | 64/421 [00:00<00:01, 205.40it/s]
Layer_W1_M1 Epoch 8/12:  20%|â–ˆâ–ˆ        | 85/421 [00:00<00:01, 199.21it/s]
Layer_W1_M1 Epoch 8/12:  26%|â–ˆâ–ˆâ–Œ       | 108/421 [00:00<00:01, 209.48it/s]
Layer_W1_M1 Epoch 8/12:  31%|â–ˆâ–ˆâ–ˆ       | 130/421 [00:00<00:01, 204.48it/s]
Layer_W1_M1 Epoch 8/12:  36%|â–ˆâ–ˆâ–ˆâ–‹      | 153/421 [00:00<00:01, 203.44it/s]
Layer_W1_M1 Epoch 8/12:  42%|â–ˆâ–ˆâ–ˆâ–ˆâ–     | 177/421 [00:00<00:01, 205.22it/s]
Layer_W1_M1 Epoch 8/12:  48%|â–ˆâ–ˆâ–ˆâ–ˆâ–Š     | 200/421 [00:00<00:01, 212.23it/s]
Layer_W1_M1 Epoch 8/12:  53%|â–ˆâ–ˆâ–ˆâ–ˆâ–ˆâ–Ž    | 222/421 [00:01<00:00, 206.76it/s]
Layer_W1_M1 Epoch 8/12:  58%|â–ˆâ–ˆâ–ˆâ–ˆâ–ˆâ–Š    | 245/421 [00:01<00:00, 205.06it/s]
Layer_W1_M1 Epoch 8/12:  64%|â–ˆâ–ˆâ–ˆâ–ˆâ–ˆâ–ˆâ–Ž   | 268/421 [00:01<00:00, 211.63it/s]
Layer_W1_M1 Epoch 8/12:  69%|â–ˆâ–ˆâ–ˆâ–ˆâ–ˆâ–ˆâ–‰   | 290/421 [00:01<00:00, 206.95it/s]
Layer_W1_M1 Epoch 8/12:  74%|â–ˆâ–ˆâ–ˆâ–ˆâ–ˆâ–ˆâ–ˆâ–  | 313/421 [00:01<00:00, 205.19it/s]
Layer_W1_M1 Epoch 8/12:  80%|â–ˆâ–ˆâ–ˆâ–ˆâ–ˆâ–ˆâ–ˆâ–‰  | 336/421 [00:01<00:00, 211.71it/s]
Layer_W1_M1 Epoch 8/12:  85%|â–ˆâ–ˆâ–ˆâ–ˆâ–ˆâ–ˆâ–ˆâ–ˆâ–Œ | 358/421 [00:01<00:00, 206.32it/s]
Layer_W1_M1 Epoch 8/12:  90%|â–ˆâ–ˆâ–ˆâ–ˆâ–ˆâ–ˆâ–ˆâ–ˆâ–ˆ | 381/421 [00:01<00:00, 204.68it/s]
Layer_W1_M1 Epoch 8/12:  96%|â–ˆâ–ˆâ–ˆâ–ˆâ–ˆâ–ˆâ–ˆâ–ˆâ–ˆâ–Œ| 405/421 [00:01<00:00, 205.87it/s]
Layer_W1_M1 Epoch 8/12:  96%|â–ˆâ–ˆâ–ˆâ–ˆâ–ˆâ–ˆâ–ˆâ–ˆâ–ˆâ–Œ| 405/421 [00:02<00:00, 205.87it/s, loss=0.220259]
                                                                                         

Layer_W1_M1 Epoch 9/12:   0%|          | 0/421 [00:00<?, ?it/s]
Layer_W1_M1 Epoch 9/12:   4%|â–         | 17/421 [00:00<00:02, 148.98it/s]
Layer_W1_M1 Epoch 9/12:  10%|â–‰         | 41/421 [00:00<00:02, 183.98it/s]
Layer_W1_M1 Epoch 9/12:  15%|â–ˆâ–Œ        | 64/421 [00:00<00:01, 203.19it/s]
Layer_W1_M1 Epoch 9/12:  20%|â–ˆâ–ˆ        | 85/421 [00:00<00:01, 196.89it/s]
Layer_W1_M1 Epoch 9/12:  26%|â–ˆâ–ˆâ–Œ       | 108/421 [00:00<00:01, 207.73it/s]
Layer_W1_M1 Epoch 9/12:  31%|â–ˆâ–ˆâ–ˆ       | 129/421 [00:00<00:01, 201.06it/s]
Layer_W1_M1 Epoch 9/12:  36%|â–ˆâ–ˆâ–ˆâ–Œ      | 152/421 [00:00<00:01, 209.70it/s]
Layer_W1_M1 Epoch 9/12:  41%|â–ˆâ–ˆâ–ˆâ–ˆâ–     | 174/421 [00:00<00:01, 204.92it/s]
Layer_W1_M1 Epoch 9/12:  47%|â–ˆâ–ˆâ–ˆâ–ˆâ–‹     | 197/421 [00:00<00:01, 203.78it/s]
Layer_W1_M1 Epoch 9/12:  52%|â–ˆâ–ˆâ–ˆâ–ˆâ–ˆâ–    | 220/421 [00:01<00:00, 210.88it/s]
Layer_W1_M1 Epoch 9/12:  57%|â–ˆâ–ˆâ–ˆâ–ˆâ–ˆâ–‹    | 242/421 [00:01<00:00, 205.79it/s]
Layer_W1_M1 Epoch 9/12:  62%|â–ˆâ–ˆâ–ˆâ–ˆâ–ˆâ–ˆâ–   | 263/421 [00:01<00:00, 205.09it/s]
Layer_W1_M1 Epoch 9/12:  68%|â–ˆâ–ˆâ–ˆâ–ˆâ–ˆâ–ˆâ–Š   | 285/421 [00:01<00:00, 201.83it/s]
Layer_W1_M1 Epoch 9/12:  73%|â–ˆâ–ˆâ–ˆâ–ˆâ–ˆâ–ˆâ–ˆâ–Ž  | 308/421 [00:01<00:00, 209.41it/s]
Layer_W1_M1 Epoch 9/12:  78%|â–ˆâ–ˆâ–ˆâ–ˆâ–ˆâ–ˆâ–ˆâ–Š  | 330/421 [00:01<00:00, 205.33it/s]
Layer_W1_M1 Epoch 9/12:  84%|â–ˆâ–ˆâ–ˆâ–ˆâ–ˆâ–ˆâ–ˆâ–ˆâ– | 353/421 [00:01<00:00, 204.05it/s]
Layer_W1_M1 Epoch 9/12:  89%|â–ˆâ–ˆâ–ˆâ–ˆâ–ˆâ–ˆâ–ˆâ–ˆâ–‰ | 376/421 [00:01<00:00, 210.75it/s]
Layer_W1_M1 Epoch 9/12:  95%|â–ˆâ–ˆâ–ˆâ–ˆâ–ˆâ–ˆâ–ˆâ–ˆâ–ˆâ–| 398/421 [00:01<00:00, 206.06it/s]
Layer_W1_M1 Epoch 9/12:  95%|â–ˆâ–ˆâ–ˆâ–ˆâ–ˆâ–ˆâ–ˆâ–ˆâ–ˆâ–| 398/421 [00:02<00:00, 206.06it/s, loss=0.257955]
Layer_W1_M1 Epoch 9/12: 100%|â–ˆâ–ˆâ–ˆâ–ˆâ–ˆâ–ˆâ–ˆâ–ˆâ–ˆâ–ˆ| 421/421 [00:02<00:00, 204.84it/s, loss=0.257955]
                                                                                         

Layer_W1_M1 Epoch 10/12:   0%|          | 0/421 [00:00<?, ?it/s]
Layer_W1_M1 Epoch 10/12:   4%|â–         | 17/421 [00:00<00:02, 147.73it/s]
Layer_W1_M1 Epoch 10/12:  10%|â–‰         | 41/421 [00:00<00:02, 183.48it/s]
Layer_W1_M1 Epoch 10/12:  15%|â–ˆâ–Œ        | 64/421 [00:00<00:01, 202.94it/s]
Layer_W1_M1 Epoch 10/12:  20%|â–ˆâ–ˆ        | 85/421 [00:00<00:01, 197.23it/s]
Layer_W1_M1 Epoch 10/12:  26%|â–ˆâ–ˆâ–Œ       | 108/421 [00:00<00:01, 208.17it/s]
Layer_W1_M1 Epoch 10/12:  31%|â–ˆâ–ˆâ–ˆ       | 129/421 [00:00<00:01, 201.19it/s]
Layer_W1_M1 Epoch 10/12:  36%|â–ˆâ–ˆâ–ˆâ–Œ      | 152/421 [00:00<00:01, 209.69it/s]
Layer_W1_M1 Epoch 10/12:  41%|â–ˆâ–ˆâ–ˆâ–ˆâ–     | 174/421 [00:00<00:01, 205.34it/s]
Layer_W1_M1 Epoch 10/12:  47%|â–ˆâ–ˆâ–ˆâ–ˆâ–‹     | 197/421 [00:00<00:01, 204.46it/s]
Layer_W1_M1 Epoch 10/12:  52%|â–ˆâ–ˆâ–ˆâ–ˆâ–ˆâ–    | 221/421 [00:01<00:00, 206.12it/s]
Layer_W1_M1 Epoch 10/12:  58%|â–ˆâ–ˆâ–ˆâ–ˆâ–ˆâ–Š    | 245/421 [00:01<00:00, 207.03it/s]
Layer_W1_M1 Epoch 10/12:  64%|â–ˆâ–ˆâ–ˆâ–ˆâ–ˆâ–ˆâ–   | 269/421 [00:01<00:00, 207.77it/s]
Layer_W1_M1 Epoch 10/12:  69%|â–ˆâ–ˆâ–ˆâ–ˆâ–ˆâ–ˆâ–‰   | 292/421 [00:01<00:00, 213.89it/s]
Layer_W1_M1 Epoch 10/12:  75%|â–ˆâ–ˆâ–ˆâ–ˆâ–ˆâ–ˆâ–ˆâ–  | 314/421 [00:01<00:00, 208.64it/s]
Layer_W1_M1 Epoch 10/12:  80%|â–ˆâ–ˆâ–ˆâ–ˆâ–ˆâ–ˆâ–ˆâ–ˆ  | 337/421 [00:01<00:00, 206.68it/s]
Layer_W1_M1 Epoch 10/12:  86%|â–ˆâ–ˆâ–ˆâ–ˆâ–ˆâ–ˆâ–ˆâ–ˆâ–Œ | 361/421 [00:01<00:00, 207.55it/s]
Layer_W1_M1 Epoch 10/12:  91%|â–ˆâ–ˆâ–ˆâ–ˆâ–ˆâ–ˆâ–ˆâ–ˆâ–ˆâ–| 385/421 [00:01<00:00, 207.80it/s]
Layer_W1_M1 Epoch 10/12:  97%|â–ˆâ–ˆâ–ˆâ–ˆâ–ˆâ–ˆâ–ˆâ–ˆâ–ˆâ–‹| 409/421 [00:01<00:00, 208.16it/s]
Layer_W1_M1 Epoch 10/12:  97%|â–ˆâ–ˆâ–ˆâ–ˆâ–ˆâ–ˆâ–ˆâ–ˆâ–ˆâ–‹| 409/421 [00:02<00:00, 208.16it/s, loss=0.208539]
                                                                                          

Layer_W1_M1 Epoch 11/12:   0%|          | 0/421 [00:00<?, ?it/s]
Layer_W1_M1 Epoch 11/12:   4%|â–         | 17/421 [00:00<00:02, 154.91it/s]
Layer_W1_M1 Epoch 11/12:  10%|â–‰         | 40/421 [00:00<00:01, 195.99it/s]
Layer_W1_M1 Epoch 11/12:  14%|â–ˆâ–        | 61/421 [00:00<00:01, 195.50it/s]
Layer_W1_M1 Epoch 11/12:  19%|â–ˆâ–‰        | 82/421 [00:00<00:01, 200.22it/s]
Layer_W1_M1 Epoch 11/12:  25%|â–ˆâ–ˆâ–       | 105/421 [00:00<00:01, 204.84it/s]
Layer_W1_M1 Epoch 11/12:  30%|â–ˆâ–ˆâ–‰       | 126/421 [00:00<00:01, 204.34it/s]
Layer_W1_M1 Epoch 11/12:  35%|â–ˆâ–ˆâ–ˆâ–Œ      | 149/421 [00:00<00:01, 208.24it/s]
Layer_W1_M1 Epoch 11/12:  40%|â–ˆâ–ˆâ–ˆâ–ˆ      | 170/421 [00:00<00:01, 204.94it/s]
Layer_W1_M1 Epoch 11/12:  46%|â–ˆâ–ˆâ–ˆâ–ˆâ–Œ     | 193/421 [00:00<00:01, 210.32it/s]
Layer_W1_M1 Epoch 11/12:  51%|â–ˆâ–ˆâ–ˆâ–ˆâ–ˆ     | 215/421 [00:01<00:00, 208.05it/s]
Layer_W1_M1 Epoch 11/12:  56%|â–ˆâ–ˆâ–ˆâ–ˆâ–ˆâ–‹    | 237/421 [00:01<00:00, 210.92it/s]
Layer_W1_M1 Epoch 11/12:  62%|â–ˆâ–ˆâ–ˆâ–ˆâ–ˆâ–ˆâ–   | 259/421 [00:01<00:00, 207.66it/s]
Layer_W1_M1 Epoch 11/12:  67%|â–ˆâ–ˆâ–ˆâ–ˆâ–ˆâ–ˆâ–‹   | 281/421 [00:01<00:00, 211.10it/s]
Layer_W1_M1 Epoch 11/12:  72%|â–ˆâ–ˆâ–ˆâ–ˆâ–ˆâ–ˆâ–ˆâ–  | 303/421 [00:01<00:00, 207.16it/s]
Layer_W1_M1 Epoch 11/12:  77%|â–ˆâ–ˆâ–ˆâ–ˆâ–ˆâ–ˆâ–ˆâ–‹  | 326/421 [00:01<00:00, 205.56it/s]
Layer_W1_M1 Epoch 11/12:  83%|â–ˆâ–ˆâ–ˆâ–ˆâ–ˆâ–ˆâ–ˆâ–ˆâ–Ž | 349/421 [00:01<00:00, 212.06it/s]
Layer_W1_M1 Epoch 11/12:  88%|â–ˆâ–ˆâ–ˆâ–ˆâ–ˆâ–ˆâ–ˆâ–ˆâ–Š | 371/421 [00:01<00:00, 206.88it/s]
Layer_W1_M1 Epoch 11/12:  94%|â–ˆâ–ˆâ–ˆâ–ˆâ–ˆâ–ˆâ–ˆâ–ˆâ–ˆâ–Ž| 394/421 [00:01<00:00, 205.68it/s]
Layer_W1_M1 Epoch 11/12:  99%|â–ˆâ–ˆâ–ˆâ–ˆâ–ˆâ–ˆâ–ˆâ–ˆâ–ˆâ–Š| 415/421 [00:02<00:00, 201.44it/s]
Layer_W1_M1 Epoch 11/12:  99%|â–ˆâ–ˆâ–ˆâ–ˆâ–ˆâ–ˆâ–ˆâ–ˆâ–ˆâ–Š| 415/421 [00:02<00:00, 201.44it/s, loss=0.234096]
                                                                                          

Layer_W1_M1 Epoch 12/12:   0%|          | 0/421 [00:00<?, ?it/s]
Layer_W1_M1 Epoch 12/12:   4%|â–         | 17/421 [00:00<00:02, 158.21it/s]
Layer_W1_M1 Epoch 12/12:  10%|â–‰         | 40/421 [00:00<00:01, 198.69it/s]
Layer_W1_M1 Epoch 12/12:  14%|â–ˆâ–        | 61/421 [00:00<00:01, 194.69it/s]
Layer_W1_M1 Epoch 12/12:  20%|â–ˆâ–ˆ        | 85/421 [00:00<00:01, 201.61it/s]
Layer_W1_M1 Epoch 12/12:  26%|â–ˆâ–ˆâ–Œ       | 108/421 [00:00<00:01, 210.78it/s]
Layer_W1_M1 Epoch 12/12:  31%|â–ˆâ–ˆâ–ˆ       | 130/421 [00:00<00:01, 204.93it/s]
Layer_W1_M1 Epoch 12/12:  36%|â–ˆâ–ˆâ–ˆâ–‹      | 153/421 [00:00<00:01, 205.55it/s]
Layer_W1_M1 Epoch 12/12:  41%|â–ˆâ–ˆâ–ˆâ–ˆâ–     | 174/421 [00:00<00:01, 206.51it/s]
Layer_W1_M1 Epoch 12/12:  47%|â–ˆâ–ˆâ–ˆâ–ˆâ–‹     | 197/421 [00:00<00:01, 207.27it/s]
Layer_W1_M1 Epoch 12/12:  52%|â–ˆâ–ˆâ–ˆâ–ˆâ–ˆâ–    | 218/421 [00:01<00:00, 206.99it/s]
Layer_W1_M1 Epoch 12/12:  57%|â–ˆâ–ˆâ–ˆâ–ˆâ–ˆâ–‹    | 241/421 [00:01<00:00, 208.23it/s]
Layer_W1_M1 Epoch 12/12:  62%|â–ˆâ–ˆâ–ˆâ–ˆâ–ˆâ–ˆâ–   | 262/421 [00:01<00:00, 206.79it/s]
Layer_W1_M1 Epoch 12/12:  68%|â–ˆâ–ˆâ–ˆâ–ˆâ–ˆâ–ˆâ–Š   | 285/421 [00:01<00:00, 209.29it/s]
Layer_W1_M1 Epoch 12/12:  73%|â–ˆâ–ˆâ–ˆâ–ˆâ–ˆâ–ˆâ–ˆâ–Ž  | 306/421 [00:01<00:00, 206.68it/s]
Layer_W1_M1 Epoch 12/12:  78%|â–ˆâ–ˆâ–ˆâ–ˆâ–ˆâ–ˆâ–ˆâ–Š  | 329/421 [00:01<00:00, 209.83it/s]
Layer_W1_M1 Epoch 12/12:  83%|â–ˆâ–ˆâ–ˆâ–ˆâ–ˆâ–ˆâ–ˆâ–ˆâ–Ž | 350/421 [00:01<00:00, 206.20it/s]
Layer_W1_M1 Epoch 12/12:  89%|â–ˆâ–ˆâ–ˆâ–ˆâ–ˆâ–ˆâ–ˆâ–ˆâ–Š | 373/421 [00:01<00:00, 210.27it/s]
Layer_W1_M1 Epoch 12/12:  94%|â–ˆâ–ˆâ–ˆâ–ˆâ–ˆâ–ˆâ–ˆâ–ˆâ–ˆâ–| 395/421 [00:01<00:00, 208.15it/s]
Layer_W1_M1 Epoch 12/12:  99%|â–ˆâ–ˆâ–ˆâ–ˆâ–ˆâ–ˆâ–ˆâ–ˆâ–ˆâ–‰| 416/421 [00:02<00:00, 202.51it/s]
Layer_W1_M1 Epoch 12/12:  99%|â–ˆâ–ˆâ–ˆâ–ˆâ–ˆâ–ˆâ–ˆâ–ˆâ–ˆâ–‰| 416/421 [00:02<00:00, 202.51it/s, loss=0.187896]
                                                                                          

Layer_W2_M2 Epoch 1/12:   0%|          | 0/421 [00:00<?, ?it/s]
Layer_W2_M2 Epoch 1/12:   4%|â–         | 17/421 [00:00<00:02, 158.35it/s]
Layer_W2_M2 Epoch 1/12:   9%|â–‰         | 39/421 [00:00<00:01, 192.36it/s]
Layer_W2_M2 Epoch 1/12:  14%|â–ˆâ–        | 61/421 [00:00<00:01, 197.59it/s]
Layer_W2_M2 Epoch 1/12:  19%|â–ˆâ–‰        | 82/421 [00:00<00:01, 200.65it/s]
Layer_W2_M2 Epoch 1/12:  25%|â–ˆâ–ˆâ–       | 105/421 [00:00<00:01, 205.03it/s]
Layer_W2_M2 Epoch 1/12:  30%|â–ˆâ–ˆâ–‰       | 126/421 [00:00<00:01, 204.22it/s]
Layer_W2_M2 Epoch 1/12:  35%|â–ˆâ–ˆâ–ˆâ–Œ      | 149/421 [00:00<00:01, 208.13it/s]
Layer_W2_M2 Epoch 1/12:  40%|â–ˆâ–ˆâ–ˆâ–ˆ      | 170/421 [00:00<00:01, 205.94it/s]
Layer_W2_M2 Epoch 1/12:  46%|â–ˆâ–ˆâ–ˆâ–ˆâ–Œ     | 193/421 [00:00<00:01, 209.59it/s]
Layer_W2_M2 Epoch 1/12:  51%|â–ˆâ–ˆâ–ˆâ–ˆâ–ˆ     | 214/421 [00:01<00:01, 205.80it/s]
Layer_W2_M2 Epoch 1/12:  56%|â–ˆâ–ˆâ–ˆâ–ˆâ–ˆâ–‹    | 237/421 [00:01<00:00, 210.25it/s][codecarbon INFO @ 23:49:12] Energy consumed for RAM : 0.000317 kWh. RAM Power : 38.0 W

Layer_W2_M2 Epoch 1/12:  62%|â–ˆâ–ˆâ–ˆâ–ˆâ–ˆâ–ˆâ–   | 259/421 [00:01<00:00, 208.10it/s]
Layer_W2_M2 Epoch 1/12:  67%|â–ˆâ–ˆâ–ˆâ–ˆâ–ˆâ–ˆâ–‹   | 281/421 [00:01<00:00, 210.31it/s]
Layer_W2_M2 Epoch 1/12:  72%|â–ˆâ–ˆâ–ˆâ–ˆâ–ˆâ–ˆâ–ˆâ–  | 303/421 [00:01<00:00, 207.39it/s]
Layer_W2_M2 Epoch 1/12:  77%|â–ˆâ–ˆâ–ˆâ–ˆâ–ˆâ–ˆâ–ˆâ–‹  | 325/421 [00:01<00:00, 210.62it/s]
Layer_W2_M2 Epoch 1/12:  82%|â–ˆâ–ˆâ–ˆâ–ˆâ–ˆâ–ˆâ–ˆâ–ˆâ– | 347/421 [00:01<00:00, 206.59it/s][codecarbon INFO @ 23:49:13] Delta energy consumed for CPU with cpu_load : 0.000444 kWh, power : 110.165625 W
[codecarbon INFO @ 23:49:13] Energy consumed for All CPU : 0.000854 kWh
[codecarbon INFO @ 23:49:13] Energy consumed for all GPUs : 0.000509 kWh. Total GPU Power : 60.14556475807588 W
[codecarbon INFO @ 23:49:13] 0.001680 kWh of electricity used since the beginning.

Layer_W2_M2 Epoch 1/12:  88%|â–ˆâ–ˆâ–ˆâ–ˆâ–ˆâ–ˆâ–ˆâ–ˆâ–Š | 370/421 [00:01<00:00, 205.70it/s]
Layer_W2_M2 Epoch 1/12:  93%|â–ˆâ–ˆâ–ˆâ–ˆâ–ˆâ–ˆâ–ˆâ–ˆâ–ˆâ–Ž| 393/421 [00:01<00:00, 211.71it/s]
Layer_W2_M2 Epoch 1/12:  99%|â–ˆâ–ˆâ–ˆâ–ˆâ–ˆâ–ˆâ–ˆâ–ˆâ–ˆâ–Š| 415/421 [00:02<00:00, 202.75it/s]
Layer_W2_M2 Epoch 1/12:  99%|â–ˆâ–ˆâ–ˆâ–ˆâ–ˆâ–ˆâ–ˆâ–ˆâ–ˆâ–Š| 415/421 [00:02<00:00, 202.75it/s, loss=0.118804]
                                                                                         

Layer_W2_M2 Epoch 2/12:   0%|          | 0/421 [00:00<?, ?it/s]
Layer_W2_M2 Epoch 2/12:   4%|â–         | 17/421 [00:00<00:02, 158.92it/s]
Layer_W2_M2 Epoch 2/12:  10%|â–‰         | 40/421 [00:00<00:01, 199.32it/s]
Layer_W2_M2 Epoch 2/12:  14%|â–ˆâ–        | 61/421 [00:00<00:01, 194.45it/s]
Layer_W2_M2 Epoch 2/12:  20%|â–ˆâ–‰        | 84/421 [00:00<00:01, 207.65it/s]
Layer_W2_M2 Epoch 2/12:  25%|â–ˆâ–ˆâ–       | 105/421 [00:00<00:01, 200.59it/s]
Layer_W2_M2 Epoch 2/12:  30%|â–ˆâ–ˆâ–ˆ       | 128/421 [00:00<00:01, 209.45it/s]
Layer_W2_M2 Epoch 2/12:  36%|â–ˆâ–ˆâ–ˆâ–Œ      | 150/421 [00:00<00:01, 204.01it/s]
Layer_W2_M2 Epoch 2/12:  41%|â–ˆâ–ˆâ–ˆâ–ˆ      | 173/421 [00:00<00:01, 203.46it/s]
Layer_W2_M2 Epoch 2/12:  47%|â–ˆâ–ˆâ–ˆâ–ˆâ–‹     | 197/421 [00:00<00:01, 205.43it/s]
Layer_W2_M2 Epoch 2/12:  52%|â–ˆâ–ˆâ–ˆâ–ˆâ–ˆâ–    | 220/421 [00:01<00:00, 212.01it/s]
Layer_W2_M2 Epoch 2/12:  57%|â–ˆâ–ˆâ–ˆâ–ˆâ–ˆâ–‹    | 242/421 [00:01<00:00, 206.73it/s]
Layer_W2_M2 Epoch 2/12:  63%|â–ˆâ–ˆâ–ˆâ–ˆâ–ˆâ–ˆâ–Ž   | 265/421 [00:01<00:00, 205.25it/s]
Layer_W2_M2 Epoch 2/12:  68%|â–ˆâ–ˆâ–ˆâ–ˆâ–ˆâ–ˆâ–Š   | 288/421 [00:01<00:00, 211.94it/s]
Layer_W2_M2 Epoch 2/12:  74%|â–ˆâ–ˆâ–ˆâ–ˆâ–ˆâ–ˆâ–ˆâ–Ž  | 310/421 [00:01<00:00, 207.33it/s]
Layer_W2_M2 Epoch 2/12:  79%|â–ˆâ–ˆâ–ˆâ–ˆâ–ˆâ–ˆâ–ˆâ–‰  | 333/421 [00:01<00:00, 205.33it/s]
Layer_W2_M2 Epoch 2/12:  85%|â–ˆâ–ˆâ–ˆâ–ˆâ–ˆâ–ˆâ–ˆâ–ˆâ– | 356/421 [00:01<00:00, 211.93it/s]
Layer_W2_M2 Epoch 2/12:  90%|â–ˆâ–ˆâ–ˆâ–ˆâ–ˆâ–ˆâ–ˆâ–ˆâ–‰ | 378/421 [00:01<00:00, 206.17it/s]
Layer_W2_M2 Epoch 2/12:  95%|â–ˆâ–ˆâ–ˆâ–ˆâ–ˆâ–ˆâ–ˆâ–ˆâ–ˆâ–Œ| 401/421 [00:01<00:00, 204.96it/s]
Layer_W2_M2 Epoch 2/12:  95%|â–ˆâ–ˆâ–ˆâ–ˆâ–ˆâ–ˆâ–ˆâ–ˆâ–ˆâ–Œ| 401/421 [00:02<00:00, 204.96it/s, loss=0.215264]
                                                                                         

Layer_W2_M2 Epoch 3/12:   0%|          | 0/421 [00:00<?, ?it/s]
Layer_W2_M2 Epoch 3/12:   4%|â–         | 17/421 [00:00<00:02, 160.04it/s]
Layer_W2_M2 Epoch 3/12:  10%|â–‰         | 40/421 [00:00<00:01, 198.68it/s]
Layer_W2_M2 Epoch 3/12:  14%|â–ˆâ–        | 61/421 [00:00<00:01, 195.89it/s]
Layer_W2_M2 Epoch 3/12:  20%|â–ˆâ–‰        | 83/421 [00:00<00:01, 204.66it/s]
Layer_W2_M2 Epoch 3/12:  25%|â–ˆâ–ˆâ–       | 105/421 [00:00<00:01, 204.50it/s]
Layer_W2_M2 Epoch 3/12:  30%|â–ˆâ–ˆâ–‰       | 126/421 [00:00<00:01, 204.97it/s]
Layer_W2_M2 Epoch 3/12:  35%|â–ˆâ–ˆâ–ˆâ–Œ      | 149/421 [00:00<00:01, 208.22it/s]
Layer_W2_M2 Epoch 3/12:  40%|â–ˆâ–ˆâ–ˆâ–ˆ      | 170/421 [00:00<00:01, 206.20it/s]
Layer_W2_M2 Epoch 3/12:  46%|â–ˆâ–ˆâ–ˆâ–ˆâ–Œ     | 193/421 [00:00<00:01, 210.12it/s]
Layer_W2_M2 Epoch 3/12:  51%|â–ˆâ–ˆâ–ˆâ–ˆâ–ˆ     | 215/421 [00:01<00:00, 208.40it/s]
Layer_W2_M2 Epoch 3/12:  56%|â–ˆâ–ˆâ–ˆâ–ˆâ–ˆâ–‹    | 237/421 [00:01<00:00, 210.40it/s]
Layer_W2_M2 Epoch 3/12:  62%|â–ˆâ–ˆâ–ˆâ–ˆâ–ˆâ–ˆâ–   | 259/421 [00:01<00:00, 207.98it/s]
Layer_W2_M2 Epoch 3/12:  67%|â–ˆâ–ˆâ–ˆâ–ˆâ–ˆâ–ˆâ–‹   | 281/421 [00:01<00:00, 211.10it/s]
Layer_W2_M2 Epoch 3/12:  72%|â–ˆâ–ˆâ–ˆâ–ˆâ–ˆâ–ˆâ–ˆâ–  | 303/421 [00:01<00:00, 207.23it/s]
Layer_W2_M2 Epoch 3/12:  77%|â–ˆâ–ˆâ–ˆâ–ˆâ–ˆâ–ˆâ–ˆâ–‹  | 326/421 [00:01<00:00, 205.87it/s]
Layer_W2_M2 Epoch 3/12:  83%|â–ˆâ–ˆâ–ˆâ–ˆâ–ˆâ–ˆâ–ˆâ–ˆâ–Ž | 349/421 [00:01<00:00, 212.03it/s]
Layer_W2_M2 Epoch 3/12:  88%|â–ˆâ–ˆâ–ˆâ–ˆâ–ˆâ–ˆâ–ˆâ–ˆâ–Š | 371/421 [00:01<00:00, 207.13it/s]
Layer_W2_M2 Epoch 3/12:  94%|â–ˆâ–ˆâ–ˆâ–ˆâ–ˆâ–ˆâ–ˆâ–ˆâ–ˆâ–Ž| 394/421 [00:01<00:00, 205.15it/s]
Layer_W2_M2 Epoch 3/12:  99%|â–ˆâ–ˆâ–ˆâ–ˆâ–ˆâ–ˆâ–ˆâ–ˆâ–ˆâ–Š| 415/421 [00:02<00:00, 201.44it/s]
Layer_W2_M2 Epoch 3/12:  99%|â–ˆâ–ˆâ–ˆâ–ˆâ–ˆâ–ˆâ–ˆâ–ˆâ–ˆâ–Š| 415/421 [00:02<00:00, 201.44it/s, loss=0.092125]
                                                                                         

Layer_W2_M2 Epoch 4/12:   0%|          | 0/421 [00:00<?, ?it/s]
Layer_W2_M2 Epoch 4/12:   4%|â–         | 17/421 [00:00<00:02, 159.87it/s]
Layer_W2_M2 Epoch 4/12:  10%|â–‰         | 40/421 [00:00<00:01, 199.22it/s]
Layer_W2_M2 Epoch 4/12:  14%|â–ˆâ–        | 61/421 [00:00<00:01, 196.34it/s]
Layer_W2_M2 Epoch 4/12:  20%|â–ˆâ–‰        | 84/421 [00:00<00:01, 208.58it/s]
Layer_W2_M2 Epoch 4/12:  25%|â–ˆâ–ˆâ–       | 105/421 [00:00<00:01, 202.98it/s]
Layer_W2_M2 Epoch 4/12:  30%|â–ˆâ–ˆâ–‰       | 126/421 [00:00<00:01, 205.14it/s]
Layer_W2_M2 Epoch 4/12:  35%|â–ˆâ–ˆâ–ˆâ–Œ      | 149/421 [00:00<00:01, 207.53it/s]
Layer_W2_M2 Epoch 4/12:  40%|â–ˆâ–ˆâ–ˆâ–ˆ      | 170/421 [00:00<00:01, 206.26it/s]
Layer_W2_M2 Epoch 4/12:  46%|â–ˆâ–ˆâ–ˆâ–ˆâ–Œ     | 193/421 [00:00<00:01, 209.57it/s]
Layer_W2_M2 Epoch 4/12:  51%|â–ˆâ–ˆâ–ˆâ–ˆâ–ˆ     | 214/421 [00:01<00:01, 205.97it/s]
Layer_W2_M2 Epoch 4/12:  56%|â–ˆâ–ˆâ–ˆâ–ˆâ–ˆâ–‹    | 237/421 [00:01<00:00, 210.89it/s]
Layer_W2_M2 Epoch 4/12:  62%|â–ˆâ–ˆâ–ˆâ–ˆâ–ˆâ–ˆâ–   | 259/421 [00:01<00:00, 207.39it/s]
Layer_W2_M2 Epoch 4/12:  67%|â–ˆâ–ˆâ–ˆâ–ˆâ–ˆâ–ˆâ–‹   | 281/421 [00:01<00:00, 210.92it/s]
Layer_W2_M2 Epoch 4/12:  72%|â–ˆâ–ˆâ–ˆâ–ˆâ–ˆâ–ˆâ–ˆâ–  | 303/421 [00:01<00:00, 206.03it/s]
Layer_W2_M2 Epoch 4/12:  77%|â–ˆâ–ˆâ–ˆâ–ˆâ–ˆâ–ˆâ–ˆâ–‹  | 326/421 [00:01<00:00, 204.27it/s]
Layer_W2_M2 Epoch 4/12:  83%|â–ˆâ–ˆâ–ˆâ–ˆâ–ˆâ–ˆâ–ˆâ–ˆâ–Ž | 349/421 [00:01<00:00, 211.34it/s]
Layer_W2_M2 Epoch 4/12:  88%|â–ˆâ–ˆâ–ˆâ–ˆâ–ˆâ–ˆâ–ˆâ–ˆâ–Š | 371/421 [00:01<00:00, 205.61it/s]
Layer_W2_M2 Epoch 4/12:  94%|â–ˆâ–ˆâ–ˆâ–ˆâ–ˆâ–ˆâ–ˆâ–ˆâ–ˆâ–Ž| 394/421 [00:01<00:00, 204.64it/s]
Layer_W2_M2 Epoch 4/12:  99%|â–ˆâ–ˆâ–ˆâ–ˆâ–ˆâ–ˆâ–ˆâ–ˆâ–ˆâ–Š| 415/421 [00:02<00:00, 199.18it/s]
Layer_W2_M2 Epoch 4/12:  99%|â–ˆâ–ˆâ–ˆâ–ˆâ–ˆâ–ˆâ–ˆâ–ˆâ–ˆâ–Š| 415/421 [00:02<00:00, 199.18it/s, loss=0.109172]
                                                                                         

Layer_W2_M2 Epoch 5/12:   0%|          | 0/421 [00:00<?, ?it/s]
Layer_W2_M2 Epoch 5/12:   4%|â–         | 17/421 [00:00<00:02, 158.40it/s]
Layer_W2_M2 Epoch 5/12:  10%|â–‰         | 40/421 [00:00<00:01, 197.91it/s]
Layer_W2_M2 Epoch 5/12:  14%|â–ˆâ–        | 61/421 [00:00<00:01, 197.15it/s]
Layer_W2_M2 Epoch 5/12:  19%|â–ˆâ–‰        | 82/421 [00:00<00:01, 201.26it/s]
Layer_W2_M2 Epoch 5/12:  25%|â–ˆâ–ˆâ–       | 105/421 [00:00<00:01, 204.65it/s]
Layer_W2_M2 Epoch 5/12:  30%|â–ˆâ–ˆâ–‰       | 126/421 [00:00<00:01, 204.62it/s]
Layer_W2_M2 Epoch 5/12:  35%|â–ˆâ–ˆâ–ˆâ–Œ      | 149/421 [00:00<00:01, 207.26it/s]
Layer_W2_M2 Epoch 5/12:  40%|â–ˆâ–ˆâ–ˆâ–ˆ      | 170/421 [00:00<00:01, 206.35it/s]
Layer_W2_M2 Epoch 5/12:  46%|â–ˆâ–ˆâ–ˆâ–ˆâ–Œ     | 193/421 [00:00<00:01, 208.87it/s]
Layer_W2_M2 Epoch 5/12:  51%|â–ˆâ–ˆâ–ˆâ–ˆâ–ˆ     | 214/421 [00:01<00:01, 206.23it/s]
Layer_W2_M2 Epoch 5/12:  56%|â–ˆâ–ˆâ–ˆâ–ˆâ–ˆâ–‹    | 237/421 [00:01<00:00, 209.78it/s]
Layer_W2_M2 Epoch 5/12:  61%|â–ˆâ–ˆâ–ˆâ–ˆâ–ˆâ–ˆâ–   | 258/421 [00:01<00:00, 206.35it/s]
Layer_W2_M2 Epoch 5/12:  67%|â–ˆâ–ˆâ–ˆâ–ˆâ–ˆâ–ˆâ–‹   | 281/421 [00:01<00:00, 210.88it/s]
Layer_W2_M2 Epoch 5/12:  72%|â–ˆâ–ˆâ–ˆâ–ˆâ–ˆâ–ˆâ–ˆâ–  | 303/421 [00:01<00:00, 207.96it/s]
Layer_W2_M2 Epoch 5/12:  77%|â–ˆâ–ˆâ–ˆâ–ˆâ–ˆâ–ˆâ–ˆâ–‹  | 325/421 [00:01<00:00, 210.85it/s]
Layer_W2_M2 Epoch 5/12:  82%|â–ˆâ–ˆâ–ˆâ–ˆâ–ˆâ–ˆâ–ˆâ–ˆâ– | 347/421 [00:01<00:00, 207.10it/s]
Layer_W2_M2 Epoch 5/12:  88%|â–ˆâ–ˆâ–ˆâ–ˆâ–ˆâ–ˆâ–ˆâ–ˆâ–Š | 370/421 [00:01<00:00, 205.45it/s]
Layer_W2_M2 Epoch 5/12:  93%|â–ˆâ–ˆâ–ˆâ–ˆâ–ˆâ–ˆâ–ˆâ–ˆâ–ˆâ–Ž| 393/421 [00:01<00:00, 211.86it/s]
Layer_W2_M2 Epoch 5/12:  99%|â–ˆâ–ˆâ–ˆâ–ˆâ–ˆâ–ˆâ–ˆâ–ˆâ–ˆâ–Š| 415/421 [00:02<00:00, 198.22it/s]
Layer_W2_M2 Epoch 5/12:  99%|â–ˆâ–ˆâ–ˆâ–ˆâ–ˆâ–ˆâ–ˆâ–ˆâ–ˆâ–Š| 415/421 [00:02<00:00, 198.22it/s, loss=0.075352]
                                                                                         

Layer_W2_M2 Epoch 6/12:   0%|          | 0/421 [00:00<?, ?it/s]
Layer_W2_M2 Epoch 6/12:   4%|â–         | 17/421 [00:00<00:02, 154.50it/s]
Layer_W2_M2 Epoch 6/12:  10%|â–‰         | 41/421 [00:00<00:02, 187.33it/s]
Layer_W2_M2 Epoch 6/12:  15%|â–ˆâ–Œ        | 64/421 [00:00<00:01, 205.45it/s]
Layer_W2_M2 Epoch 6/12:  20%|â–ˆâ–ˆ        | 85/421 [00:00<00:01, 198.85it/s]
Layer_W2_M2 Epoch 6/12:  25%|â–ˆâ–ˆâ–Œ       | 107/421 [00:00<00:01, 205.95it/s]
Layer_W2_M2 Epoch 6/12:  31%|â–ˆâ–ˆâ–ˆ       | 129/421 [00:00<00:01, 202.77it/s]
Layer_W2_M2 Epoch 6/12:  36%|â–ˆâ–ˆâ–ˆâ–Œ      | 152/421 [00:00<00:01, 210.80it/s]
Layer_W2_M2 Epoch 6/12:  41%|â–ˆâ–ˆâ–ˆâ–ˆâ–     | 174/421 [00:00<00:01, 205.62it/s]
Layer_W2_M2 Epoch 6/12:  47%|â–ˆâ–ˆâ–ˆâ–ˆâ–‹     | 197/421 [00:00<00:01, 203.28it/s]
Layer_W2_M2 Epoch 6/12:  52%|â–ˆâ–ˆâ–ˆâ–ˆâ–ˆâ–    | 221/421 [00:01<00:00, 205.12it/s]
Layer_W2_M2 Epoch 6/12:  58%|â–ˆâ–ˆâ–ˆâ–ˆâ–ˆâ–Š    | 245/421 [00:01<00:00, 206.51it/s]
Layer_W2_M2 Epoch 6/12:  64%|â–ˆâ–ˆâ–ˆâ–ˆâ–ˆâ–ˆâ–Ž   | 268/421 [00:01<00:00, 212.86it/s]
Layer_W2_M2 Epoch 6/12:  69%|â–ˆâ–ˆâ–ˆâ–ˆâ–ˆâ–ˆâ–‰   | 290/421 [00:01<00:00, 207.59it/s]
Layer_W2_M2 Epoch 6/12:  74%|â–ˆâ–ˆâ–ˆâ–ˆâ–ˆâ–ˆâ–ˆâ–  | 312/421 [00:01<00:00, 211.07it/s]
Layer_W2_M2 Epoch 6/12:  79%|â–ˆâ–ˆâ–ˆâ–ˆâ–ˆâ–ˆâ–ˆâ–‰  | 334/421 [00:01<00:00, 206.87it/s]
Layer_W2_M2 Epoch 6/12:  85%|â–ˆâ–ˆâ–ˆâ–ˆâ–ˆâ–ˆâ–ˆâ–ˆâ– | 357/421 [00:01<00:00, 205.19it/s]
Layer_W2_M2 Epoch 6/12:  90%|â–ˆâ–ˆâ–ˆâ–ˆâ–ˆâ–ˆâ–ˆâ–ˆâ–ˆ | 380/421 [00:01<00:00, 211.70it/s]
Layer_W2_M2 Epoch 6/12:  95%|â–ˆâ–ˆâ–ˆâ–ˆâ–ˆâ–ˆâ–ˆâ–ˆâ–ˆâ–Œ| 402/421 [00:01<00:00, 206.64it/s]
Layer_W2_M2 Epoch 6/12:  95%|â–ˆâ–ˆâ–ˆâ–ˆâ–ˆâ–ˆâ–ˆâ–ˆâ–ˆâ–Œ| 402/421 [00:02<00:00, 206.64it/s, loss=0.080797]
                                                                                         

Layer_W2_M2 Epoch 7/12:   0%|          | 0/421 [00:00<?, ?it/s]
Layer_W2_M2 Epoch 7/12:   4%|â–         | 17/421 [00:00<00:02, 147.72it/s]
Layer_W2_M2 Epoch 7/12:  10%|â–‰         | 41/421 [00:00<00:02, 184.76it/s]
Layer_W2_M2 Epoch 7/12:  15%|â–ˆâ–Œ        | 65/421 [00:00<00:01, 195.92it/s]
Layer_W2_M2 Epoch 7/12:  21%|â–ˆâ–ˆ        | 89/421 [00:00<00:01, 201.30it/s]
Layer_W2_M2 Epoch 7/12:  27%|â–ˆâ–ˆâ–‹       | 113/421 [00:00<00:01, 204.43it/s]
Layer_W2_M2 Epoch 7/12:  33%|â–ˆâ–ˆâ–ˆâ–Ž      | 137/421 [00:00<00:01, 206.30it/s]
Layer_W2_M2 Epoch 7/12:  38%|â–ˆâ–ˆâ–ˆâ–Š      | 161/421 [00:00<00:01, 207.42it/s]
Layer_W2_M2 Epoch 7/12:  44%|â–ˆâ–ˆâ–ˆâ–ˆâ–     | 185/421 [00:00<00:01, 208.00it/s]
Layer_W2_M2 Epoch 7/12:  50%|â–ˆâ–ˆâ–ˆâ–ˆâ–‰     | 209/421 [00:01<00:01, 208.24it/s]
Layer_W2_M2 Epoch 7/12:  55%|â–ˆâ–ˆâ–ˆâ–ˆâ–ˆâ–Œ    | 233/421 [00:01<00:00, 208.43it/s]
Layer_W2_M2 Epoch 7/12:  61%|â–ˆâ–ˆâ–ˆâ–ˆâ–ˆâ–ˆ    | 257/421 [00:01<00:00, 208.51it/s]
Layer_W2_M2 Epoch 7/12:  67%|â–ˆâ–ˆâ–ˆâ–ˆâ–ˆâ–ˆâ–‹   | 281/421 [00:01<00:00, 208.80it/s]
Layer_W2_M2 Epoch 7/12:  72%|â–ˆâ–ˆâ–ˆâ–ˆâ–ˆâ–ˆâ–ˆâ–  | 305/421 [00:01<00:00, 208.51it/s]
Layer_W2_M2 Epoch 7/12:  78%|â–ˆâ–ˆâ–ˆâ–ˆâ–ˆâ–ˆâ–ˆâ–Š  | 329/421 [00:01<00:00, 209.01it/s]
Layer_W2_M2 Epoch 7/12:  84%|â–ˆâ–ˆâ–ˆâ–ˆâ–ˆâ–ˆâ–ˆâ–ˆâ– | 353/421 [00:01<00:00, 209.56it/s]
Layer_W2_M2 Epoch 7/12:  90%|â–ˆâ–ˆâ–ˆâ–ˆâ–ˆâ–ˆâ–ˆâ–ˆâ–‰ | 377/421 [00:01<00:00, 210.24it/s]
Layer_W2_M2 Epoch 7/12:  95%|â–ˆâ–ˆâ–ˆâ–ˆâ–ˆâ–ˆâ–ˆâ–ˆâ–ˆâ–Œ| 400/421 [00:01<00:00, 215.35it/s]
Layer_W2_M2 Epoch 7/12:  95%|â–ˆâ–ˆâ–ˆâ–ˆâ–ˆâ–ˆâ–ˆâ–ˆâ–ˆâ–Œ| 400/421 [00:02<00:00, 215.35it/s, loss=0.128965]
                                                                                         

Layer_W2_M2 Epoch 8/12:   0%|          | 0/421 [00:00<?, ?it/s]
Layer_W2_M2 Epoch 8/12:   4%|â–         | 17/421 [00:00<00:02, 152.29it/s]
Layer_W2_M2 Epoch 8/12:  10%|â–‰         | 41/421 [00:00<00:02, 185.75it/s][codecarbon INFO @ 23:49:27] Energy consumed for RAM : 0.000470 kWh. RAM Power : 38.0 W

Layer_W2_M2 Epoch 8/12:  15%|â–ˆâ–Œ        | 65/421 [00:00<00:01, 196.46it/s]
Layer_W2_M2 Epoch 8/12:  21%|â–ˆâ–ˆ        | 88/421 [00:00<00:01, 208.63it/s]
Layer_W2_M2 Epoch 8/12:  26%|â–ˆâ–ˆâ–Œ       | 109/421 [00:00<00:01, 201.35it/s]
Layer_W2_M2 Epoch 8/12:  31%|â–ˆâ–ˆâ–ˆâ–      | 132/421 [00:00<00:01, 210.13it/s]
Layer_W2_M2 Epoch 8/12:  37%|â–ˆâ–ˆâ–ˆâ–‹      | 154/421 [00:00<00:01, 204.88it/s][codecarbon INFO @ 23:49:28] Delta energy consumed for CPU with cpu_load : 0.000442 kWh, power : 109.85624999999999 W
[codecarbon INFO @ 23:49:28] Energy consumed for All CPU : 0.001297 kWh
[codecarbon INFO @ 23:49:28] Energy consumed for all GPUs : 0.000762 kWh. Total GPU Power : 60.60420968441675 W
[codecarbon INFO @ 23:49:28] 0.002528 kWh of electricity used since the beginning.

Layer_W2_M2 Epoch 8/12:  42%|â–ˆâ–ˆâ–ˆâ–ˆâ–     | 177/421 [00:00<00:01, 203.79it/s]
Layer_W2_M2 Epoch 8/12:  48%|â–ˆâ–ˆâ–ˆâ–ˆâ–Š     | 200/421 [00:00<00:01, 211.09it/s]
Layer_W2_M2 Epoch 8/12:  53%|â–ˆâ–ˆâ–ˆâ–ˆâ–ˆâ–Ž    | 222/421 [00:01<00:00, 206.34it/s]
Layer_W2_M2 Epoch 8/12:  58%|â–ˆâ–ˆâ–ˆâ–ˆâ–ˆâ–Š    | 245/421 [00:01<00:00, 204.80it/s]
Layer_W2_M2 Epoch 8/12:  64%|â–ˆâ–ˆâ–ˆâ–ˆâ–ˆâ–ˆâ–Ž   | 268/421 [00:01<00:00, 211.45it/s]
Layer_W2_M2 Epoch 8/12:  69%|â–ˆâ–ˆâ–ˆâ–ˆâ–ˆâ–ˆâ–‰   | 290/421 [00:01<00:00, 206.85it/s]
Layer_W2_M2 Epoch 8/12:  74%|â–ˆâ–ˆâ–ˆâ–ˆâ–ˆâ–ˆâ–ˆâ–  | 313/421 [00:01<00:00, 205.18it/s]
Layer_W2_M2 Epoch 8/12:  80%|â–ˆâ–ˆâ–ˆâ–ˆâ–ˆâ–ˆâ–ˆâ–‰  | 336/421 [00:01<00:00, 211.80it/s]
Layer_W2_M2 Epoch 8/12:  85%|â–ˆâ–ˆâ–ˆâ–ˆâ–ˆâ–ˆâ–ˆâ–ˆâ–Œ | 358/421 [00:01<00:00, 206.82it/s]
Layer_W2_M2 Epoch 8/12:  90%|â–ˆâ–ˆâ–ˆâ–ˆâ–ˆâ–ˆâ–ˆâ–ˆâ–ˆ | 381/421 [00:01<00:00, 204.95it/s]
Layer_W2_M2 Epoch 8/12:  96%|â–ˆâ–ˆâ–ˆâ–ˆâ–ˆâ–ˆâ–ˆâ–ˆâ–ˆâ–Œ| 405/421 [00:01<00:00, 206.10it/s]
Layer_W2_M2 Epoch 8/12:  96%|â–ˆâ–ˆâ–ˆâ–ˆâ–ˆâ–ˆâ–ˆâ–ˆâ–ˆâ–Œ| 405/421 [00:02<00:00, 206.10it/s, loss=0.059981]
                                                                                         

Layer_W2_M2 Epoch 9/12:   0%|          | 0/421 [00:00<?, ?it/s]
Layer_W2_M2 Epoch 9/12:   4%|â–         | 17/421 [00:00<00:02, 160.28it/s]
Layer_W2_M2 Epoch 9/12:  10%|â–‰         | 41/421 [00:00<00:01, 190.35it/s]
Layer_W2_M2 Epoch 9/12:  15%|â–ˆâ–Œ        | 65/421 [00:00<00:01, 199.69it/s]
Layer_W2_M2 Epoch 9/12:  21%|â–ˆâ–ˆ        | 89/421 [00:00<00:01, 204.11it/s]
Layer_W2_M2 Epoch 9/12:  27%|â–ˆâ–ˆâ–‹       | 113/421 [00:00<00:01, 206.63it/s]
Layer_W2_M2 Epoch 9/12:  33%|â–ˆâ–ˆâ–ˆâ–Ž      | 137/421 [00:00<00:01, 207.91it/s]
Layer_W2_M2 Epoch 9/12:  38%|â–ˆâ–ˆâ–ˆâ–Š      | 161/421 [00:00<00:01, 209.28it/s]
Layer_W2_M2 Epoch 9/12:  44%|â–ˆâ–ˆâ–ˆâ–ˆâ–     | 185/421 [00:00<00:01, 209.46it/s]
Layer_W2_M2 Epoch 9/12:  50%|â–ˆâ–ˆâ–ˆâ–ˆâ–‰     | 209/421 [00:01<00:01, 209.93it/s]
Layer_W2_M2 Epoch 9/12:  55%|â–ˆâ–ˆâ–ˆâ–ˆâ–ˆâ–Œ    | 233/421 [00:01<00:00, 209.92it/s]
Layer_W2_M2 Epoch 9/12:  61%|â–ˆâ–ˆâ–ˆâ–ˆâ–ˆâ–ˆ    | 256/421 [00:01<00:00, 215.23it/s]
Layer_W2_M2 Epoch 9/12:  66%|â–ˆâ–ˆâ–ˆâ–ˆâ–ˆâ–ˆâ–Œ   | 278/421 [00:01<00:00, 209.66it/s]
Layer_W2_M2 Epoch 9/12:  71%|â–ˆâ–ˆâ–ˆâ–ˆâ–ˆâ–ˆâ–ˆâ–  | 301/421 [00:01<00:00, 207.81it/s]
Layer_W2_M2 Epoch 9/12:  77%|â–ˆâ–ˆâ–ˆâ–ˆâ–ˆâ–ˆâ–ˆâ–‹  | 325/421 [00:01<00:00, 209.13it/s]
Layer_W2_M2 Epoch 9/12:  83%|â–ˆâ–ˆâ–ˆâ–ˆâ–ˆâ–ˆâ–ˆâ–ˆâ–Ž | 349/421 [00:01<00:00, 209.57it/s]
Layer_W2_M2 Epoch 9/12:  89%|â–ˆâ–ˆâ–ˆâ–ˆâ–ˆâ–ˆâ–ˆâ–ˆâ–Š | 373/421 [00:01<00:00, 210.23it/s]
Layer_W2_M2 Epoch 9/12:  94%|â–ˆâ–ˆâ–ˆâ–ˆâ–ˆâ–ˆâ–ˆâ–ˆâ–ˆâ–| 397/421 [00:01<00:00, 210.57it/s]
Layer_W2_M2 Epoch 9/12: 100%|â–ˆâ–ˆâ–ˆâ–ˆâ–ˆâ–ˆâ–ˆâ–ˆâ–ˆâ–‰| 419/421 [00:02<00:00, 210.26it/s]
Layer_W2_M2 Epoch 9/12: 100%|â–ˆâ–ˆâ–ˆâ–ˆâ–ˆâ–ˆâ–ˆâ–ˆâ–ˆâ–‰| 419/421 [00:02<00:00, 210.26it/s, loss=0.074941]
                                                                                         

Layer_W2_M2 Epoch 10/12:   0%|          | 0/421 [00:00<?, ?it/s]
Layer_W2_M2 Epoch 10/12:   4%|â–         | 17/421 [00:00<00:02, 156.41it/s]
Layer_W2_M2 Epoch 10/12:  10%|â–‰         | 41/421 [00:00<00:02, 189.29it/s]
Layer_W2_M2 Epoch 10/12:  15%|â–ˆâ–Œ        | 65/421 [00:00<00:01, 199.05it/s]
Layer_W2_M2 Epoch 10/12:  21%|â–ˆâ–ˆ        | 89/421 [00:00<00:01, 203.52it/s]
Layer_W2_M2 Epoch 10/12:  27%|â–ˆâ–ˆâ–‹       | 113/421 [00:00<00:01, 206.66it/s]
Layer_W2_M2 Epoch 10/12:  33%|â–ˆâ–ˆâ–ˆâ–Ž      | 137/421 [00:00<00:01, 207.87it/s]
Layer_W2_M2 Epoch 10/12:  38%|â–ˆâ–ˆâ–ˆâ–Š      | 161/421 [00:00<00:01, 208.62it/s]
Layer_W2_M2 Epoch 10/12:  44%|â–ˆâ–ˆâ–ˆâ–ˆâ–     | 185/421 [00:00<00:01, 209.67it/s]
Layer_W2_M2 Epoch 10/12:  50%|â–ˆâ–ˆâ–ˆâ–ˆâ–‰     | 209/421 [00:01<00:01, 210.15it/s]
Layer_W2_M2 Epoch 10/12:  55%|â–ˆâ–ˆâ–ˆâ–ˆâ–ˆâ–Œ    | 232/421 [00:01<00:00, 215.17it/s]
Layer_W2_M2 Epoch 10/12:  60%|â–ˆâ–ˆâ–ˆâ–ˆâ–ˆâ–ˆ    | 254/421 [00:01<00:00, 211.31it/s]
Layer_W2_M2 Epoch 10/12:  66%|â–ˆâ–ˆâ–ˆâ–ˆâ–ˆâ–ˆâ–Œ   | 276/421 [00:01<00:00, 212.87it/s]
Layer_W2_M2 Epoch 10/12:  71%|â–ˆâ–ˆâ–ˆâ–ˆâ–ˆâ–ˆâ–ˆ   | 298/421 [00:01<00:00, 210.19it/s]
Layer_W2_M2 Epoch 10/12:  76%|â–ˆâ–ˆâ–ˆâ–ˆâ–ˆâ–ˆâ–ˆâ–Œ  | 320/421 [00:01<00:00, 211.64it/s]
Layer_W2_M2 Epoch 10/12:  81%|â–ˆâ–ˆâ–ˆâ–ˆâ–ˆâ–ˆâ–ˆâ–ˆ  | 342/421 [00:01<00:00, 209.91it/s]
Layer_W2_M2 Epoch 10/12:  86%|â–ˆâ–ˆâ–ˆâ–ˆâ–ˆâ–ˆâ–ˆâ–ˆâ–‹ | 364/421 [00:01<00:00, 209.11it/s]
Layer_W2_M2 Epoch 10/12:  91%|â–ˆâ–ˆâ–ˆâ–ˆâ–ˆâ–ˆâ–ˆâ–ˆâ–ˆâ–| 385/421 [00:01<00:00, 209.27it/s]
Layer_W2_M2 Epoch 10/12:  97%|â–ˆâ–ˆâ–ˆâ–ˆâ–ˆâ–ˆâ–ˆâ–ˆâ–ˆâ–‹| 407/421 [00:01<00:00, 206.94it/s]
Layer_W2_M2 Epoch 10/12:  97%|â–ˆâ–ˆâ–ˆâ–ˆâ–ˆâ–ˆâ–ˆâ–ˆâ–ˆâ–‹| 407/421 [00:02<00:00, 206.94it/s, loss=0.054132]
                                                                                          

Layer_W2_M2 Epoch 11/12:   0%|          | 0/421 [00:00<?, ?it/s]
Layer_W2_M2 Epoch 11/12:   4%|â–         | 17/421 [00:00<00:02, 153.56it/s]
Layer_W2_M2 Epoch 11/12:  10%|â–‰         | 41/421 [00:00<00:02, 187.95it/s]
Layer_W2_M2 Epoch 11/12:  15%|â–ˆâ–Œ        | 65/421 [00:00<00:01, 198.95it/s]
Layer_W2_M2 Epoch 11/12:  21%|â–ˆâ–ˆ        | 89/421 [00:00<00:01, 203.96it/s]
Layer_W2_M2 Epoch 11/12:  27%|â–ˆâ–ˆâ–‹       | 113/421 [00:00<00:01, 206.51it/s]
Layer_W2_M2 Epoch 11/12:  33%|â–ˆâ–ˆâ–ˆâ–Ž      | 137/421 [00:00<00:01, 208.47it/s]
Layer_W2_M2 Epoch 11/12:  38%|â–ˆâ–ˆâ–ˆâ–Š      | 161/421 [00:00<00:01, 209.27it/s]
Layer_W2_M2 Epoch 11/12:  44%|â–ˆâ–ˆâ–ˆâ–ˆâ–Ž     | 184/421 [00:00<00:01, 215.22it/s]
Layer_W2_M2 Epoch 11/12:  49%|â–ˆâ–ˆâ–ˆâ–ˆâ–‰     | 206/421 [00:01<00:01, 210.85it/s]
Layer_W2_M2 Epoch 11/12:  54%|â–ˆâ–ˆâ–ˆâ–ˆâ–ˆâ–    | 228/421 [00:01<00:00, 212.70it/s]
Layer_W2_M2 Epoch 11/12:  59%|â–ˆâ–ˆâ–ˆâ–ˆâ–ˆâ–‰    | 250/421 [00:01<00:00, 210.12it/s]
Layer_W2_M2 Epoch 11/12:  65%|â–ˆâ–ˆâ–ˆâ–ˆâ–ˆâ–ˆâ–   | 272/421 [00:01<00:00, 212.08it/s]
Layer_W2_M2 Epoch 11/12:  70%|â–ˆâ–ˆâ–ˆâ–ˆâ–ˆâ–ˆâ–‰   | 294/421 [00:01<00:00, 210.14it/s]
Layer_W2_M2 Epoch 11/12:  75%|â–ˆâ–ˆâ–ˆâ–ˆâ–ˆâ–ˆâ–ˆâ–Œ  | 316/421 [00:01<00:00, 211.22it/s]
Layer_W2_M2 Epoch 11/12:  80%|â–ˆâ–ˆâ–ˆâ–ˆâ–ˆâ–ˆâ–ˆâ–ˆ  | 338/421 [00:01<00:00, 210.14it/s]
Layer_W2_M2 Epoch 11/12:  86%|â–ˆâ–ˆâ–ˆâ–ˆâ–ˆâ–ˆâ–ˆâ–ˆâ–Œ | 360/421 [00:01<00:00, 210.66it/s]
Layer_W2_M2 Epoch 11/12:  91%|â–ˆâ–ˆâ–ˆâ–ˆâ–ˆâ–ˆâ–ˆâ–ˆâ–ˆ | 382/421 [00:01<00:00, 210.18it/s]
Layer_W2_M2 Epoch 11/12:  96%|â–ˆâ–ˆâ–ˆâ–ˆâ–ˆâ–ˆâ–ˆâ–ˆâ–ˆâ–Œ| 404/421 [00:01<00:00, 210.59it/s]
Layer_W2_M2 Epoch 11/12:  96%|â–ˆâ–ˆâ–ˆâ–ˆâ–ˆâ–ˆâ–ˆâ–ˆâ–ˆâ–Œ| 404/421 [00:02<00:00, 210.59it/s, loss=0.105243]
                                                                                          

Evaluating MF MF_MLP (BP-style):   0%|          | 0/40 [00:00<?, ?it/s]
Evaluating MF MF_MLP (BP-style):   2%|â–Ž         | 1/40 [00:00<00:04,  8.00it/s]
Evaluating MF MF_MLP (BP-style):  42%|â–ˆâ–ˆâ–ˆâ–ˆâ–Ž     | 17/40 [00:00<00:00, 78.67it/s]
Evaluating MF MF_MLP (BP-style):  72%|â–ˆâ–ˆâ–ˆâ–ˆâ–ˆâ–ˆâ–ˆâ–Ž  | 29/40 [00:00<00:00, 91.69it/s]
                                                                                
[codecarbon INFO @ 23:49:36] Energy consumed for RAM : 0.000561 kWh. RAM Power : 38.0 W
[codecarbon INFO @ 23:49:37] Delta energy consumed for CPU with cpu_load : 0.000252 kWh, power : 104.80909090909095 W
[codecarbon INFO @ 23:49:37] Energy consumed for All CPU : 0.001549 kWh
[codecarbon INFO @ 23:49:37] Energy consumed for all GPUs : 0.000917 kWh. Total GPU Power : 60.95877372609558 W
[codecarbon INFO @ 23:49:37] 0.003027 kWh of electricity used since the beginning.
wandb:                                                                                
wandb: 
wandb: Run history:
wandb:         Layer_W1_M1/Epochs_Trained â–
wandb: Layer_W1_M1/GPU_Mem_Used_MiB_Batch â–â–†â–†â–†â–†â–†â–ˆâ–ˆâ–ˆâ–ˆâ–ˆâ–ˆ
wandb: Layer_W1_M1/Peak_GPU_Mem_Epoch_MiB â–â–†â–†â–†â–†â–†â–ˆâ–ˆâ–ˆâ–ˆâ–ˆâ–ˆ
wandb: Layer_W1_M1/Peak_GPU_Mem_Layer_MiB â–
wandb:       Layer_W1_M1/Train_Loss_Batch â–ˆâ–ˆâ–‡â–…â–‚â–‚â–ƒâ–ƒâ–…â–‚â–„â–
wandb:    Layer_W1_M1/Train_Loss_EpochAvg â–ˆâ–…â–„â–„â–ƒâ–ƒâ–‚â–‚â–‚â–‚â–â–
wandb:    Layer_W1_M1/Train_Loss_LayerAvg â–
wandb:    Layer_W1_M1/Val_LocalLoss_Epoch â–ˆâ–„â–ƒâ–ƒâ–‚â–‚â–â–â–„â–ƒâ–‚â–‚
wandb:         Layer_W2_M2/Epochs_Trained â–
wandb: Layer_W2_M2/GPU_Mem_Used_MiB_Batch â–â–â–â–â–â–â–â–â–â–â–
wandb: Layer_W2_M2/Peak_GPU_Mem_Epoch_MiB â–â–â–â–â–â–â–â–â–â–â–
wandb: Layer_W2_M2/Peak_GPU_Mem_Layer_MiB â–
wandb:       Layer_W2_M2/Train_Loss_Batch â–„â–ˆâ–ƒâ–ƒâ–‚â–‚â–„â–â–‚â–â–ƒ
wandb:    Layer_W2_M2/Train_Loss_EpochAvg â–ˆâ–„â–ƒâ–ƒâ–‚â–‚â–‚â–‚â–â–â–
wandb:    Layer_W2_M2/Train_Loss_LayerAvg â–
wandb:    Layer_W2_M2/Val_LocalLoss_Epoch â–â–â–â–ƒâ–ƒâ–…â–…â–†â–†â–‡â–ˆ
wandb:               estimated_fwd_gflops â–
wandb:                final/Test_Accuracy â–
wandb:   final/codecarbon_emissions_gCO2e â–
wandb:         final/estimated_fwd_gflops â–
wandb:        final/peak_gpu_mem_used_mib â–
wandb:      final/total_gpu_energy_joules â–
wandb:          final/total_gpu_energy_wh â–
wandb:       final/total_run_duration_sec â–
wandb:        final/training_duration_sec â–
wandb:                        global_step â–â–â–â–â–‚â–‚â–‚â–ƒâ–ƒâ–ƒâ–ƒâ–ƒâ–ƒâ–ƒâ–ƒâ–„â–„â–„â–„â–„â–…â–…â–…â–†â–†â–†â–†â–†â–†â–‡â–‡â–‡â–‡â–‡â–‡â–ˆâ–ˆâ–ˆâ–ˆâ–ˆ
wandb:           initial_gpu_mem_used_mib â–
wandb:             model_parameters_total â–
wandb:         model_parameters_trainable â–
wandb: 
wandb: Run summary:
wandb:         Layer_W1_M1/Epochs_Trained 12
wandb: Layer_W1_M1/GPU_Mem_Used_MiB_Batch 914
wandb: Layer_W1_M1/Peak_GPU_Mem_Epoch_MiB 914
wandb: Layer_W1_M1/Peak_GPU_Mem_Layer_MiB 914
wandb:       Layer_W1_M1/Train_Loss_Batch 0.1879
wandb:    Layer_W1_M1/Train_Loss_EpochAvg 0.15659
wandb:    Layer_W1_M1/Train_Loss_LayerAvg 0.15659
wandb:    Layer_W1_M1/Val_LocalLoss_Epoch 0.31847
wandb:         Layer_W2_M2/Epochs_Trained 11
wandb: Layer_W2_M2/GPU_Mem_Used_MiB_Batch 934
wandb: Layer_W2_M2/Peak_GPU_Mem_Epoch_MiB 934
wandb: Layer_W2_M2/Peak_GPU_Mem_Layer_MiB 934
wandb:       Layer_W2_M2/Train_Loss_Batch 0.10524
wandb:    Layer_W2_M2/Train_Loss_EpochAvg 0.06076
wandb:    Layer_W2_M2/Train_Loss_LayerAvg 0.06076
wandb:    Layer_W2_M2/Val_LocalLoss_Epoch 0.44049
wandb:             codecarbon_country_iso POL
wandb:                 codecarbon_enabled True
wandb:                    codecarbon_mode offline
wandb:         estimated_bp_update_gflops nan
wandb:               estimated_fwd_gflops 0.00359
wandb:                final/Test_Accuracy 89.62
wandb:                    final/Test_Loss nan
wandb:   final/codecarbon_emissions_gCO2e 2.03181
wandb:   final/estimated_bp_update_gflops nan
wandb:         final/estimated_fwd_gflops 0.00359
wandb:        final/peak_gpu_mem_used_mib 934
wandb:      final/total_gpu_energy_joules 3171.80962
wandb:          final/total_gpu_energy_wh 0.88106
wandb:       final/total_run_duration_sec 56.56883
wandb:        final/training_duration_sec 52.5538
wandb:           initial_gpu_mem_used_mib 336.625
wandb:             model_parameters_total 1823850
wandb:         model_parameters_trainable 1823850
wandb: 
wandb: ðŸš€ View run mf_fashion_mnist_mlp_2x1000 at: https://wandb.ai/przspyra11/BeyondBackpropagation/runs/kqy5afyc
wandb: â­ï¸ View project at: https://wandb.ai/przspyra11/BeyondBackpropagation
wandb: Synced 5 W&B file(s), 0 media file(s), 0 artifact file(s) and 0 other file(s)
wandb: Find logs at: ./wandb/run-20250504_234840-kqy5afyc/logs
