#####################################################################
Job ID: 1401677
Job Name: MF_MNIST_MLP_s9
Running on host: t0034
Executing command in: /net/tscratch/people/plgspyra/BeyondBackpropagation
Using config file: configs/mf/mnist_mlp_2x1000.yaml
Allocated GPU: 0
#####################################################################
Derived Experiment Name: mnist_mlp_2x1000
Loading modules...
Modules loaded:
Activating virtual environment...
Checking PyTorch CUDA...
PyTorch version: 2.4.0+cu121
CUDA available: True
CUDA version: 12.1
cuDNN version: 90100
Running the experiment script...
Loading and merging configuration from: configs/mf/mnist_mlp_2x1000.yaml
Configuration loaded and merged successfully:
{'algorithm': {'name': 'MF'},
 'algorithm_params': {'epochs_per_layer': 14,
                      'log_interval': 9999,
                      'lr': 0.001570297088405539,
                      'mf_early_stopping_enabled': True,
                      'mf_early_stopping_min_delta': 0.0001,
                      'mf_early_stopping_patience': 5,
                      'optimizer_type': 'Adam',
                      'weight_decay': 0.0},
 'carbon_tracker': {'country_iso_code': 'POL',
                    'enabled': True,
                    'mode': 'offline',
                    'output_dir': 'results/carbon'},
 'checkpointing': {'checkpoint_dir': 'checkpoints/mf_mnist_mlp_2x1000',
                   'save_best_metric': 'bp_val_accuracy'},
 'data': {'download': True,
          'image_size': 28,
          'input_channels': 1,
          'name': 'MNIST',
          'num_classes': 10,
          'root': './data',
          'val_split': 0.1},
 'data_loader': {'batch_size': 128, 'num_workers': 4, 'pin_memory': True},
 'experiment_name': 'mf_mnist_mlp_2x1000',
 'general': {'device': 'auto', 'seed': 42},
 'logging': {'level': 'INFO',
             'wandb': {'entity': 'przspyra11',
                       'project': 'BeyondBackpropagation',
                       'use_wandb': True}},
 'model': {'name': 'MF_MLP',
           'params': {'activation': 'ReLU',
                      'bias': True,
                      'hidden_dims': [1000, 1000]}},
 'monitoring': {'enabled': True,
                'energy_enabled': True,
                'energy_interval_sec': 0.2},
 'optimizer': {'lr': 0.001, 'type': 'AdamW', 'weight_decay': 0.0001},
 'profiling': {'enabled': True, 'verbose': False},
 'training': {'criterion': 'CrossEntropyLoss',
              'early_stopping_enabled': True,
              'early_stopping_metric': 'bp_val_loss',
              'early_stopping_min_delta': 0.0,
              'early_stopping_mode': 'min',
              'early_stopping_patience': 20,
              'epochs': 100,
              'log_interval': 100},
 'tuning': {'direction': 'maximize',
            'enabled': False,
            'lr_range': [1e-05, 0.01],
            'metric': 'val_accuracy',
            'n_trials': 50,
            'pruner': 'Median',
            'sampler': 'TPE',
            'wd_range': [1e-06, 0.001]}}
2025-05-08 04:07:39,015 - root - INFO - Logging to file: results/mf_mnist_mlp_2x1000/mf_mnist_mlp_2x1000_run.log
2025-05-08 04:07:39,016 - root - INFO - Root logger setup complete. Level: INFO
2025-05-08 04:07:39,016 - src.utils.logging_utils - INFO - 
--- Starting Experiment ---
2025-05-08 04:07:39,016 - src.utils.logging_utils - INFO - Found EXPERIMENT_SEED environment variable: 50. Overriding config seed (42).
2025-05-08 04:07:39,108 - src.utils.helpers - INFO - Set random seed to 50 (including CUDA)
2025-05-08 04:07:39,109 - src.utils.logging_utils - INFO - Using random seed: 50
2025-05-08 04:07:39,109 - src.utils.logging_utils - INFO - Using device: cuda (Preference: 'auto')
2025-05-08 04:07:40,306 - src.utils.logging_utils - INFO - Weights & Biases run initialized: https://wandb.ai/przspyra11/BeyondBackpropagation/runs/di368sca
2025-05-08 04:07:40,312 - src.utils.monitoring - INFO - NVML initialized successfully.
2025-05-08 04:07:40,313 - src.utils.monitoring - INFO - NVIDIA Driver Version: 570.86.15
2025-05-08 04:07:40,313 - src.utils.monitoring - INFO - NVML version query (nvmlSystemGetNvmlVersion) not available in this pynvml library version.
2025-05-08 04:07:40,320 - src.utils.logging_utils - INFO - NVML active for GPU 0.
2025-05-08 04:07:40,320 - src.utils.logging_utils - INFO - Initial GPU Mem: 336.62 MiB Used / 40960.00 MiB Total
2025-05-08 04:07:40,320 - src.utils.logging_utils - INFO - GPU Energy monitor initialized (Interval: 0.2s).
2025-05-08 04:07:40,320 - src.utils.codecarbon_utils - INFO - Initializing CodeCarbon OfflineEmissionsTracker. Outputting to results/carbon/mf_mnist_mlp_2x1000_carbon.csv
2025-05-08 04:07:41,094 - src.utils.codecarbon_utils - INFO - CodeCarbon tracker started.
2025-05-08 04:07:41,095 - src.data_utils.datasets - INFO - Loading dataset: MNIST from ./data
2025-05-08 04:07:41,137 - src.data_utils.datasets - INFO - Applying specific MNIST fixed split: 50k train / 10k validation.
2025-05-08 04:07:41,139 - src.data_utils.datasets - INFO - Created fixed MNIST split: 50000 train / 10000 validation samples.
2025-05-08 04:07:41,139 - src.data_utils.datasets - INFO - DataLoaders created: Train (390 batches, 50000 samples), Validation (40 batches, 10000 samples), Test (40 batches, 10000 samples)
2025-05-08 04:07:41,139 - src.utils.logging_utils - INFO - Dataloaders created.
2025-05-08 04:07:41,140 - src.utils.logging_utils - INFO - Getting architecture: mf_mlp (Algo: MF)
2025-05-08 04:07:41,161 - src.architectures.mf_mlp - INFO - Initialized MF_MLP with 2 hidden layers.
2025-05-08 04:07:41,161 - src.architectures.mf_mlp - INFO - Feedforward Layer dimensions (W): 784 -> 1000 -> 1000 -> 10
2025-05-08 04:07:41,161 - src.architectures.mf_mlp - INFO - Created 3 projection matrices (M_0 to M_2).
2025-05-08 04:07:41,162 - src.utils.logging_utils - INFO - Model 'MF_MLP' (Algo: MF) created.
2025-05-08 04:07:41,272 - src.utils.logging_utils - INFO - Model 'MF_MLP' on cuda.
2025-05-08 04:07:41,274 - src.utils.logging_utils - INFO - Model trainable parameters: 1,823,850
2025-05-08 04:07:41,274 - src.utils.logging_utils - INFO - Model total parameters: 1,823,850
2025-05-08 04:07:41,871 - src.utils.logging_utils - INFO - Profiling FLOPs...
2025-05-08 04:07:41,929 - src.utils.profiling - INFO - Estimated Total Forward Pass FLOPs (via torch.profiler): 0.0036 GFLOPs
2025-05-08 04:07:41,931 - src.utils.logging_utils - INFO - Estimated Forward Pass GFLOPs: 0.0036 G
2025-05-08 04:07:41,931 - src.utils.logging_utils - INFO - Algorithm 'mf' is BP-free, Est. BP Update GFLOPs is N/A.
2025-05-08 04:07:41,931 - src.utils.logging_utils - INFO - 
2025-05-08 04:07:41,931 - src.utils.logging_utils - INFO - --- Metrics Log (Step: 0) ---
2025-05-08 04:07:41,931 - src.utils.logging_utils - INFO -   initial_gpu_mem_used_mib: 336.6250
2025-05-08 04:07:41,931 - src.utils.logging_utils - INFO -   codecarbon_enabled: True
2025-05-08 04:07:41,931 - src.utils.logging_utils - INFO -   codecarbon_mode: offline
2025-05-08 04:07:41,932 - src.utils.logging_utils - INFO -   codecarbon_country_iso: POL
2025-05-08 04:07:41,932 - src.utils.logging_utils - INFO -   model_parameters_trainable: 1823850
2025-05-08 04:07:41,932 - src.utils.logging_utils - INFO -   model_parameters_total: 1823850
2025-05-08 04:07:41,932 - src.utils.logging_utils - INFO -   estimated_fwd_gflops: 0.0036
2025-05-08 04:07:41,932 - src.utils.logging_utils - INFO -   estimated_bp_update_gflops: nan
2025-05-08 04:07:41,932 - src.utils.logging_utils - INFO - --- End Metrics Log ---
2025-05-08 04:07:41,932 - src.utils.logging_utils - INFO - 
2025-05-08 04:07:41,932 - src.utils.logging_utils - INFO - Starting training phase...
2025-05-08 04:07:41,933 - src.utils.monitoring - INFO - Started energy monitoring for GPU 0 (interval: 0.2s).
2025-05-08 04:07:41,933 - src.algorithms.mf - INFO - Starting layer-wise MF training for MLP with 2 W-layers and 3 M-matrices.
2025-05-08 04:07:41,948 - src.algorithms.mf - INFO - --- Starting MF training for Layer_W1_M1 ---
2025-05-08 04:07:43,890 - src.utils.logging_utils - INFO - 
2025-05-08 04:07:43,892 - src.utils.logging_utils - INFO - --- Metrics Log (Step: 390) ---
2025-05-08 04:07:43,892 - src.utils.logging_utils - INFO -   Layer_W1_M1/Train_Loss_Batch: 0.0849
2025-05-08 04:07:43,892 - src.utils.logging_utils - INFO -   Layer_W1_M1/GPU_Mem_Used_MiB_Batch: 908.0000
2025-05-08 04:07:43,892 - src.utils.logging_utils - INFO - --- End Metrics Log ---
2025-05-08 04:07:43,892 - src.utils.logging_utils - INFO - 
2025-05-08 04:07:43,893 - src.algorithms.mf - INFO - Layer_W1_M1 Epoch 1/14 - Train Loss: 0.212862, Peak Mem: 908.0 MiB
2025-05-08 04:07:43,893 - src.utils.logging_utils - INFO - 
2025-05-08 04:07:43,893 - src.utils.logging_utils - INFO - --- Metrics Log (Step: 390) ---
2025-05-08 04:07:43,893 - src.utils.logging_utils - INFO -   Layer_W1_M1/Train_Loss_EpochAvg: 0.2129
2025-05-08 04:07:43,893 - src.utils.logging_utils - INFO -   Layer_W1_M1/Peak_GPU_Mem_Epoch_MiB: 908.0000
2025-05-08 04:07:43,894 - src.utils.logging_utils - INFO - --- End Metrics Log ---
2025-05-08 04:07:43,894 - src.utils.logging_utils - INFO - 
2025-05-08 04:07:44,340 - src.algorithms.mf - INFO - Layer_W1_M1 Epoch 1/14 - Val Local Loss: 0.108505
2025-05-08 04:07:44,342 - src.utils.logging_utils - INFO - 
2025-05-08 04:07:44,342 - src.utils.logging_utils - INFO - --- Metrics Log (Step: 390) ---
2025-05-08 04:07:44,342 - src.utils.logging_utils - INFO -   Layer_W1_M1/Val_LocalLoss_Epoch: 0.1085
2025-05-08 04:07:44,342 - src.utils.logging_utils - INFO - --- End Metrics Log ---
2025-05-08 04:07:44,342 - src.utils.logging_utils - INFO - 
2025-05-08 04:07:46,240 - src.utils.logging_utils - INFO - 
2025-05-08 04:07:46,241 - src.utils.logging_utils - INFO - --- Metrics Log (Step: 780) ---
2025-05-08 04:07:46,242 - src.utils.logging_utils - INFO -   Layer_W1_M1/Train_Loss_Batch: 0.0534
2025-05-08 04:07:46,242 - src.utils.logging_utils - INFO -   Layer_W1_M1/GPU_Mem_Used_MiB_Batch: 912.0000
2025-05-08 04:07:46,242 - src.utils.logging_utils - INFO - --- End Metrics Log ---
2025-05-08 04:07:46,242 - src.utils.logging_utils - INFO - 
2025-05-08 04:07:46,243 - src.algorithms.mf - INFO - Layer_W1_M1 Epoch 2/14 - Train Loss: 0.081244, Peak Mem: 912.0 MiB
2025-05-08 04:07:46,243 - src.utils.logging_utils - INFO - 
2025-05-08 04:07:46,243 - src.utils.logging_utils - INFO - --- Metrics Log (Step: 780) ---
2025-05-08 04:07:46,243 - src.utils.logging_utils - INFO -   Layer_W1_M1/Train_Loss_EpochAvg: 0.0812
2025-05-08 04:07:46,243 - src.utils.logging_utils - INFO -   Layer_W1_M1/Peak_GPU_Mem_Epoch_MiB: 912.0000
2025-05-08 04:07:46,243 - src.utils.logging_utils - INFO - --- End Metrics Log ---
2025-05-08 04:07:46,243 - src.utils.logging_utils - INFO - 
2025-05-08 04:07:46,622 - src.algorithms.mf - INFO - Layer_W1_M1 Epoch 2/14 - Val Local Loss: 0.094837
2025-05-08 04:07:46,623 - src.utils.logging_utils - INFO - 
2025-05-08 04:07:46,623 - src.utils.logging_utils - INFO - --- Metrics Log (Step: 780) ---
2025-05-08 04:07:46,623 - src.utils.logging_utils - INFO -   Layer_W1_M1/Val_LocalLoss_Epoch: 0.0948
2025-05-08 04:07:46,624 - src.utils.logging_utils - INFO - --- End Metrics Log ---
2025-05-08 04:07:46,624 - src.utils.logging_utils - INFO - 
2025-05-08 04:07:48,520 - src.utils.logging_utils - INFO - 
2025-05-08 04:07:48,521 - src.utils.logging_utils - INFO - --- Metrics Log (Step: 1170) ---
2025-05-08 04:07:48,521 - src.utils.logging_utils - INFO -   Layer_W1_M1/Train_Loss_Batch: 0.0412
2025-05-08 04:07:48,521 - src.utils.logging_utils - INFO -   Layer_W1_M1/GPU_Mem_Used_MiB_Batch: 914.0000
2025-05-08 04:07:48,521 - src.utils.logging_utils - INFO - --- End Metrics Log ---
2025-05-08 04:07:48,522 - src.utils.logging_utils - INFO - 
2025-05-08 04:07:48,523 - src.algorithms.mf - INFO - Layer_W1_M1 Epoch 3/14 - Train Loss: 0.054266, Peak Mem: 914.0 MiB
2025-05-08 04:07:48,523 - src.utils.logging_utils - INFO - 
2025-05-08 04:07:48,523 - src.utils.logging_utils - INFO - --- Metrics Log (Step: 1170) ---
2025-05-08 04:07:48,523 - src.utils.logging_utils - INFO -   Layer_W1_M1/Train_Loss_EpochAvg: 0.0543
2025-05-08 04:07:48,523 - src.utils.logging_utils - INFO -   Layer_W1_M1/Peak_GPU_Mem_Epoch_MiB: 914.0000
2025-05-08 04:07:48,523 - src.utils.logging_utils - INFO - --- End Metrics Log ---
2025-05-08 04:07:48,523 - src.utils.logging_utils - INFO - 
2025-05-08 04:07:48,900 - src.algorithms.mf - INFO - Layer_W1_M1 Epoch 3/14 - Val Local Loss: 0.099975
2025-05-08 04:07:48,901 - src.utils.logging_utils - INFO - 
2025-05-08 04:07:48,901 - src.utils.logging_utils - INFO - --- Metrics Log (Step: 1170) ---
2025-05-08 04:07:48,901 - src.utils.logging_utils - INFO -   Layer_W1_M1/Val_LocalLoss_Epoch: 0.1000
2025-05-08 04:07:48,901 - src.utils.logging_utils - INFO - --- End Metrics Log ---
2025-05-08 04:07:48,902 - src.utils.logging_utils - INFO - 
2025-05-08 04:07:50,816 - src.utils.logging_utils - INFO - 
2025-05-08 04:07:50,818 - src.utils.logging_utils - INFO - --- Metrics Log (Step: 1560) ---
2025-05-08 04:07:50,818 - src.utils.logging_utils - INFO -   Layer_W1_M1/Train_Loss_Batch: 0.0600
2025-05-08 04:07:50,818 - src.utils.logging_utils - INFO -   Layer_W1_M1/GPU_Mem_Used_MiB_Batch: 914.0000
2025-05-08 04:07:50,818 - src.utils.logging_utils - INFO - --- End Metrics Log ---
2025-05-08 04:07:50,818 - src.utils.logging_utils - INFO - 
2025-05-08 04:07:50,819 - src.algorithms.mf - INFO - Layer_W1_M1 Epoch 4/14 - Train Loss: 0.037634, Peak Mem: 914.0 MiB
2025-05-08 04:07:50,819 - src.utils.logging_utils - INFO - 
2025-05-08 04:07:50,819 - src.utils.logging_utils - INFO - --- Metrics Log (Step: 1560) ---
2025-05-08 04:07:50,819 - src.utils.logging_utils - INFO -   Layer_W1_M1/Train_Loss_EpochAvg: 0.0376
2025-05-08 04:07:50,819 - src.utils.logging_utils - INFO -   Layer_W1_M1/Peak_GPU_Mem_Epoch_MiB: 914.0000
2025-05-08 04:07:50,819 - src.utils.logging_utils - INFO - --- End Metrics Log ---
2025-05-08 04:07:50,819 - src.utils.logging_utils - INFO - 
2025-05-08 04:07:51,196 - src.algorithms.mf - INFO - Layer_W1_M1 Epoch 4/14 - Val Local Loss: 0.089103
2025-05-08 04:07:51,198 - src.utils.logging_utils - INFO - 
2025-05-08 04:07:51,198 - src.utils.logging_utils - INFO - --- Metrics Log (Step: 1560) ---
2025-05-08 04:07:51,198 - src.utils.logging_utils - INFO -   Layer_W1_M1/Val_LocalLoss_Epoch: 0.0891
2025-05-08 04:07:51,198 - src.utils.logging_utils - INFO - --- End Metrics Log ---
2025-05-08 04:07:51,198 - src.utils.logging_utils - INFO - 
2025-05-08 04:07:53,082 - src.utils.logging_utils - INFO - 
2025-05-08 04:07:53,083 - src.utils.logging_utils - INFO - --- Metrics Log (Step: 1950) ---
2025-05-08 04:07:53,083 - src.utils.logging_utils - INFO -   Layer_W1_M1/Train_Loss_Batch: 0.0952
2025-05-08 04:07:53,084 - src.utils.logging_utils - INFO -   Layer_W1_M1/GPU_Mem_Used_MiB_Batch: 914.0000
2025-05-08 04:07:53,084 - src.utils.logging_utils - INFO - --- End Metrics Log ---
2025-05-08 04:07:53,084 - src.utils.logging_utils - INFO - 
2025-05-08 04:07:53,085 - src.algorithms.mf - INFO - Layer_W1_M1 Epoch 5/14 - Train Loss: 0.031241, Peak Mem: 914.0 MiB
2025-05-08 04:07:53,085 - src.utils.logging_utils - INFO - 
2025-05-08 04:07:53,085 - src.utils.logging_utils - INFO - --- Metrics Log (Step: 1950) ---
2025-05-08 04:07:53,085 - src.utils.logging_utils - INFO -   Layer_W1_M1/Train_Loss_EpochAvg: 0.0312
2025-05-08 04:07:53,085 - src.utils.logging_utils - INFO -   Layer_W1_M1/Peak_GPU_Mem_Epoch_MiB: 914.0000
2025-05-08 04:07:53,085 - src.utils.logging_utils - INFO - --- End Metrics Log ---
2025-05-08 04:07:53,085 - src.utils.logging_utils - INFO - 
2025-05-08 04:07:53,461 - src.algorithms.mf - INFO - Layer_W1_M1 Epoch 5/14 - Val Local Loss: 0.096219
2025-05-08 04:07:53,462 - src.utils.logging_utils - INFO - 
2025-05-08 04:07:53,462 - src.utils.logging_utils - INFO - --- Metrics Log (Step: 1950) ---
2025-05-08 04:07:53,463 - src.utils.logging_utils - INFO -   Layer_W1_M1/Val_LocalLoss_Epoch: 0.0962
2025-05-08 04:07:53,463 - src.utils.logging_utils - INFO - --- End Metrics Log ---
2025-05-08 04:07:53,463 - src.utils.logging_utils - INFO - 
2025-05-08 04:07:55,354 - src.utils.logging_utils - INFO - 
2025-05-08 04:07:55,355 - src.utils.logging_utils - INFO - --- Metrics Log (Step: 2340) ---
2025-05-08 04:07:55,355 - src.utils.logging_utils - INFO -   Layer_W1_M1/Train_Loss_Batch: 0.0218
2025-05-08 04:07:55,356 - src.utils.logging_utils - INFO -   Layer_W1_M1/GPU_Mem_Used_MiB_Batch: 914.0000
2025-05-08 04:07:55,356 - src.utils.logging_utils - INFO - --- End Metrics Log ---
2025-05-08 04:07:55,356 - src.utils.logging_utils - INFO - 
2025-05-08 04:07:55,357 - src.algorithms.mf - INFO - Layer_W1_M1 Epoch 6/14 - Train Loss: 0.028122, Peak Mem: 914.0 MiB
2025-05-08 04:07:55,357 - src.utils.logging_utils - INFO - 
2025-05-08 04:07:55,357 - src.utils.logging_utils - INFO - --- Metrics Log (Step: 2340) ---
2025-05-08 04:07:55,357 - src.utils.logging_utils - INFO -   Layer_W1_M1/Train_Loss_EpochAvg: 0.0281
2025-05-08 04:07:55,357 - src.utils.logging_utils - INFO -   Layer_W1_M1/Peak_GPU_Mem_Epoch_MiB: 914.0000
2025-05-08 04:07:55,357 - src.utils.logging_utils - INFO - --- End Metrics Log ---
2025-05-08 04:07:55,357 - src.utils.logging_utils - INFO - 
2025-05-08 04:07:55,739 - src.algorithms.mf - INFO - Layer_W1_M1 Epoch 6/14 - Val Local Loss: 0.104944
2025-05-08 04:07:55,740 - src.utils.logging_utils - INFO - 
2025-05-08 04:07:55,741 - src.utils.logging_utils - INFO - --- Metrics Log (Step: 2340) ---
2025-05-08 04:07:55,741 - src.utils.logging_utils - INFO -   Layer_W1_M1/Val_LocalLoss_Epoch: 0.1049
2025-05-08 04:07:55,741 - src.utils.logging_utils - INFO - --- End Metrics Log ---
2025-05-08 04:07:55,741 - src.utils.logging_utils - INFO - 
2025-05-08 04:07:57,639 - src.utils.logging_utils - INFO - 
2025-05-08 04:07:57,641 - src.utils.logging_utils - INFO - --- Metrics Log (Step: 2730) ---
2025-05-08 04:07:57,641 - src.utils.logging_utils - INFO -   Layer_W1_M1/Train_Loss_Batch: 0.0187
2025-05-08 04:07:57,641 - src.utils.logging_utils - INFO -   Layer_W1_M1/GPU_Mem_Used_MiB_Batch: 914.0000
2025-05-08 04:07:57,641 - src.utils.logging_utils - INFO - --- End Metrics Log ---
2025-05-08 04:07:57,641 - src.utils.logging_utils - INFO - 
2025-05-08 04:07:57,642 - src.algorithms.mf - INFO - Layer_W1_M1 Epoch 7/14 - Train Loss: 0.020810, Peak Mem: 914.0 MiB
2025-05-08 04:07:57,642 - src.utils.logging_utils - INFO - 
2025-05-08 04:07:57,642 - src.utils.logging_utils - INFO - --- Metrics Log (Step: 2730) ---
2025-05-08 04:07:57,642 - src.utils.logging_utils - INFO -   Layer_W1_M1/Train_Loss_EpochAvg: 0.0208
2025-05-08 04:07:57,642 - src.utils.logging_utils - INFO -   Layer_W1_M1/Peak_GPU_Mem_Epoch_MiB: 914.0000
2025-05-08 04:07:57,642 - src.utils.logging_utils - INFO - --- End Metrics Log ---
2025-05-08 04:07:57,643 - src.utils.logging_utils - INFO - 
2025-05-08 04:07:58,023 - src.algorithms.mf - INFO - Layer_W1_M1 Epoch 7/14 - Val Local Loss: 0.103981
2025-05-08 04:07:58,024 - src.utils.logging_utils - INFO - 
2025-05-08 04:07:58,024 - src.utils.logging_utils - INFO - --- Metrics Log (Step: 2730) ---
2025-05-08 04:07:58,024 - src.utils.logging_utils - INFO -   Layer_W1_M1/Val_LocalLoss_Epoch: 0.1040
2025-05-08 04:07:58,024 - src.utils.logging_utils - INFO - --- End Metrics Log ---
2025-05-08 04:07:58,024 - src.utils.logging_utils - INFO - 
2025-05-08 04:07:59,918 - src.utils.logging_utils - INFO - 
2025-05-08 04:07:59,919 - src.utils.logging_utils - INFO - --- Metrics Log (Step: 3120) ---
2025-05-08 04:07:59,919 - src.utils.logging_utils - INFO -   Layer_W1_M1/Train_Loss_Batch: 0.0482
2025-05-08 04:07:59,919 - src.utils.logging_utils - INFO -   Layer_W1_M1/GPU_Mem_Used_MiB_Batch: 914.0000
2025-05-08 04:07:59,919 - src.utils.logging_utils - INFO - --- End Metrics Log ---
2025-05-08 04:07:59,920 - src.utils.logging_utils - INFO - 
2025-05-08 04:07:59,920 - src.algorithms.mf - INFO - Layer_W1_M1 Epoch 8/14 - Train Loss: 0.023481, Peak Mem: 914.0 MiB
2025-05-08 04:07:59,921 - src.utils.logging_utils - INFO - 
2025-05-08 04:07:59,921 - src.utils.logging_utils - INFO - --- Metrics Log (Step: 3120) ---
2025-05-08 04:07:59,921 - src.utils.logging_utils - INFO -   Layer_W1_M1/Train_Loss_EpochAvg: 0.0235
2025-05-08 04:07:59,921 - src.utils.logging_utils - INFO -   Layer_W1_M1/Peak_GPU_Mem_Epoch_MiB: 914.0000
2025-05-08 04:07:59,921 - src.utils.logging_utils - INFO - --- End Metrics Log ---
2025-05-08 04:07:59,921 - src.utils.logging_utils - INFO - 
2025-05-08 04:08:00,301 - src.algorithms.mf - INFO - Layer_W1_M1 Epoch 8/14 - Val Local Loss: 0.124547
2025-05-08 04:08:00,302 - src.utils.logging_utils - INFO - 
2025-05-08 04:08:00,303 - src.utils.logging_utils - INFO - --- Metrics Log (Step: 3120) ---
2025-05-08 04:08:00,303 - src.utils.logging_utils - INFO -   Layer_W1_M1/Val_LocalLoss_Epoch: 0.1245
2025-05-08 04:08:00,303 - src.utils.logging_utils - INFO - --- End Metrics Log ---
2025-05-08 04:08:00,303 - src.utils.logging_utils - INFO - 
2025-05-08 04:08:02,192 - src.utils.logging_utils - INFO - 
2025-05-08 04:08:02,193 - src.utils.logging_utils - INFO - --- Metrics Log (Step: 3510) ---
2025-05-08 04:08:02,193 - src.utils.logging_utils - INFO -   Layer_W1_M1/Train_Loss_Batch: 0.0531
2025-05-08 04:08:02,193 - src.utils.logging_utils - INFO -   Layer_W1_M1/GPU_Mem_Used_MiB_Batch: 914.0000
2025-05-08 04:08:02,194 - src.utils.logging_utils - INFO - --- End Metrics Log ---
2025-05-08 04:08:02,194 - src.utils.logging_utils - INFO - 
2025-05-08 04:08:02,195 - src.algorithms.mf - INFO - Layer_W1_M1 Epoch 9/14 - Train Loss: 0.025969, Peak Mem: 914.0 MiB
2025-05-08 04:08:02,195 - src.utils.logging_utils - INFO - 
2025-05-08 04:08:02,195 - src.utils.logging_utils - INFO - --- Metrics Log (Step: 3510) ---
2025-05-08 04:08:02,195 - src.utils.logging_utils - INFO -   Layer_W1_M1/Train_Loss_EpochAvg: 0.0260
2025-05-08 04:08:02,195 - src.utils.logging_utils - INFO -   Layer_W1_M1/Peak_GPU_Mem_Epoch_MiB: 914.0000
2025-05-08 04:08:02,195 - src.utils.logging_utils - INFO - --- End Metrics Log ---
2025-05-08 04:08:02,195 - src.utils.logging_utils - INFO - 
2025-05-08 04:08:02,576 - src.algorithms.mf - INFO - Layer_W1_M1 Epoch 9/14 - Val Local Loss: 0.102020
2025-05-08 04:08:02,578 - src.utils.logging_utils - INFO - 
2025-05-08 04:08:02,578 - src.utils.logging_utils - INFO - --- Metrics Log (Step: 3510) ---
2025-05-08 04:08:02,578 - src.utils.logging_utils - INFO -   Layer_W1_M1/Val_LocalLoss_Epoch: 0.1020
2025-05-08 04:08:02,578 - src.utils.logging_utils - INFO - --- End Metrics Log ---
2025-05-08 04:08:02,578 - src.utils.logging_utils - INFO - 
2025-05-08 04:08:02,578 - src.algorithms.mf - INFO - --- Layer_W1_M1: Early Stopping Triggered at Epoch 9! ---
2025-05-08 04:08:02,579 - src.utils.logging_utils - INFO - 
2025-05-08 04:08:02,579 - src.utils.logging_utils - INFO - --- Metrics Log (Step: 3510) ---
2025-05-08 04:08:02,579 - src.utils.logging_utils - INFO -   Layer_W1_M1/Train_Loss_LayerAvg: 0.0260
2025-05-08 04:08:02,579 - src.utils.logging_utils - INFO -   Layer_W1_M1/Peak_GPU_Mem_Layer_MiB: 914.0000
2025-05-08 04:08:02,579 - src.utils.logging_utils - INFO -   Layer_W1_M1/Epochs_Trained: 9
2025-05-08 04:08:02,579 - src.utils.logging_utils - INFO - --- End Metrics Log ---
2025-05-08 04:08:02,579 - src.utils.logging_utils - INFO - 
2025-05-08 04:08:02,594 - src.algorithms.mf - INFO - --- Starting MF training for Layer_W2_M2 ---
2025-05-08 04:08:04,505 - src.utils.logging_utils - INFO - 
2025-05-08 04:08:04,507 - src.utils.logging_utils - INFO - --- Metrics Log (Step: 3900) ---
2025-05-08 04:08:04,507 - src.utils.logging_utils - INFO -   Layer_W2_M2/Train_Loss_Batch: 0.0925
2025-05-08 04:08:04,507 - src.utils.logging_utils - INFO -   Layer_W2_M2/GPU_Mem_Used_MiB_Batch: 934.0000
2025-05-08 04:08:04,507 - src.utils.logging_utils - INFO - --- End Metrics Log ---
2025-05-08 04:08:04,507 - src.utils.logging_utils - INFO - 
2025-05-08 04:08:04,508 - src.algorithms.mf - INFO - Layer_W2_M2 Epoch 1/14 - Train Loss: 0.050017, Peak Mem: 934.0 MiB
2025-05-08 04:08:04,508 - src.utils.logging_utils - INFO - 
2025-05-08 04:08:04,508 - src.utils.logging_utils - INFO - --- Metrics Log (Step: 3900) ---
2025-05-08 04:08:04,510 - src.utils.logging_utils - INFO -   Layer_W2_M2/Train_Loss_EpochAvg: 0.0500
2025-05-08 04:08:04,511 - src.utils.logging_utils - INFO -   Layer_W2_M2/Peak_GPU_Mem_Epoch_MiB: 934.0000
2025-05-08 04:08:04,512 - src.utils.logging_utils - INFO - --- End Metrics Log ---
2025-05-08 04:08:04,513 - src.utils.logging_utils - INFO - 
2025-05-08 04:08:04,892 - src.algorithms.mf - INFO - Layer_W2_M2 Epoch 1/14 - Val Local Loss: 0.115719
2025-05-08 04:08:04,893 - src.utils.logging_utils - INFO - 
2025-05-08 04:08:04,893 - src.utils.logging_utils - INFO - --- Metrics Log (Step: 3900) ---
2025-05-08 04:08:04,893 - src.utils.logging_utils - INFO -   Layer_W2_M2/Val_LocalLoss_Epoch: 0.1157
2025-05-08 04:08:04,894 - src.utils.logging_utils - INFO - --- End Metrics Log ---
2025-05-08 04:08:04,894 - src.utils.logging_utils - INFO - 
2025-05-08 04:08:06,804 - src.utils.logging_utils - INFO - 
2025-05-08 04:08:06,805 - src.utils.logging_utils - INFO - --- Metrics Log (Step: 4290) ---
2025-05-08 04:08:06,806 - src.utils.logging_utils - INFO -   Layer_W2_M2/Train_Loss_Batch: 0.0011
2025-05-08 04:08:06,806 - src.utils.logging_utils - INFO -   Layer_W2_M2/GPU_Mem_Used_MiB_Batch: 934.0000
2025-05-08 04:08:06,806 - src.utils.logging_utils - INFO - --- End Metrics Log ---
2025-05-08 04:08:06,806 - src.utils.logging_utils - INFO - 
2025-05-08 04:08:06,807 - src.algorithms.mf - INFO - Layer_W2_M2 Epoch 2/14 - Train Loss: 0.019422, Peak Mem: 934.0 MiB
2025-05-08 04:08:06,807 - src.utils.logging_utils - INFO - 
2025-05-08 04:08:06,807 - src.utils.logging_utils - INFO - --- Metrics Log (Step: 4290) ---
2025-05-08 04:08:06,807 - src.utils.logging_utils - INFO -   Layer_W2_M2/Train_Loss_EpochAvg: 0.0194
2025-05-08 04:08:06,807 - src.utils.logging_utils - INFO -   Layer_W2_M2/Peak_GPU_Mem_Epoch_MiB: 934.0000
2025-05-08 04:08:06,807 - src.utils.logging_utils - INFO - --- End Metrics Log ---
2025-05-08 04:08:06,807 - src.utils.logging_utils - INFO - 
2025-05-08 04:08:07,183 - src.algorithms.mf - INFO - Layer_W2_M2 Epoch 2/14 - Val Local Loss: 0.111006
2025-05-08 04:08:07,184 - src.utils.logging_utils - INFO - 
2025-05-08 04:08:07,184 - src.utils.logging_utils - INFO - --- Metrics Log (Step: 4290) ---
2025-05-08 04:08:07,184 - src.utils.logging_utils - INFO -   Layer_W2_M2/Val_LocalLoss_Epoch: 0.1110
2025-05-08 04:08:07,184 - src.utils.logging_utils - INFO - --- End Metrics Log ---
2025-05-08 04:08:07,184 - src.utils.logging_utils - INFO - 
2025-05-08 04:08:09,094 - src.utils.logging_utils - INFO - 
2025-05-08 04:08:09,107 - src.utils.logging_utils - INFO - --- Metrics Log (Step: 4680) ---
2025-05-08 04:08:09,107 - src.utils.logging_utils - INFO -   Layer_W2_M2/Train_Loss_Batch: 0.0063
2025-05-08 04:08:09,107 - src.utils.logging_utils - INFO -   Layer_W2_M2/GPU_Mem_Used_MiB_Batch: 934.0000
2025-05-08 04:08:09,107 - src.utils.logging_utils - INFO - --- End Metrics Log ---
2025-05-08 04:08:09,107 - src.utils.logging_utils - INFO - 
2025-05-08 04:08:09,108 - src.algorithms.mf - INFO - Layer_W2_M2 Epoch 3/14 - Train Loss: 0.019813, Peak Mem: 934.0 MiB
2025-05-08 04:08:09,108 - src.utils.logging_utils - INFO - 
2025-05-08 04:08:09,108 - src.utils.logging_utils - INFO - --- Metrics Log (Step: 4680) ---
2025-05-08 04:08:09,108 - src.utils.logging_utils - INFO -   Layer_W2_M2/Train_Loss_EpochAvg: 0.0198
2025-05-08 04:08:09,108 - src.utils.logging_utils - INFO -   Layer_W2_M2/Peak_GPU_Mem_Epoch_MiB: 934.0000
2025-05-08 04:08:09,109 - src.utils.logging_utils - INFO - --- End Metrics Log ---
2025-05-08 04:08:09,109 - src.utils.logging_utils - INFO - 
2025-05-08 04:08:09,487 - src.algorithms.mf - INFO - Layer_W2_M2 Epoch 3/14 - Val Local Loss: 0.154897
2025-05-08 04:08:09,488 - src.utils.logging_utils - INFO - 
2025-05-08 04:08:09,488 - src.utils.logging_utils - INFO - --- Metrics Log (Step: 4680) ---
2025-05-08 04:08:09,488 - src.utils.logging_utils - INFO -   Layer_W2_M2/Val_LocalLoss_Epoch: 0.1549
2025-05-08 04:08:09,488 - src.utils.logging_utils - INFO - --- End Metrics Log ---
2025-05-08 04:08:09,488 - src.utils.logging_utils - INFO - 
2025-05-08 04:08:11,408 - src.utils.logging_utils - INFO - 
2025-05-08 04:08:11,409 - src.utils.logging_utils - INFO - --- Metrics Log (Step: 5070) ---
2025-05-08 04:08:11,409 - src.utils.logging_utils - INFO -   Layer_W2_M2/Train_Loss_Batch: 0.0375
2025-05-08 04:08:11,409 - src.utils.logging_utils - INFO -   Layer_W2_M2/GPU_Mem_Used_MiB_Batch: 934.0000
2025-05-08 04:08:11,410 - src.utils.logging_utils - INFO - --- End Metrics Log ---
2025-05-08 04:08:11,410 - src.utils.logging_utils - INFO - 
2025-05-08 04:08:11,410 - src.algorithms.mf - INFO - Layer_W2_M2 Epoch 4/14 - Train Loss: 0.009799, Peak Mem: 934.0 MiB
2025-05-08 04:08:11,411 - src.utils.logging_utils - INFO - 
2025-05-08 04:08:11,411 - src.utils.logging_utils - INFO - --- Metrics Log (Step: 5070) ---
2025-05-08 04:08:11,411 - src.utils.logging_utils - INFO -   Layer_W2_M2/Train_Loss_EpochAvg: 0.0098
2025-05-08 04:08:11,411 - src.utils.logging_utils - INFO -   Layer_W2_M2/Peak_GPU_Mem_Epoch_MiB: 934.0000
2025-05-08 04:08:11,411 - src.utils.logging_utils - INFO - --- End Metrics Log ---
2025-05-08 04:08:11,411 - src.utils.logging_utils - INFO - 
2025-05-08 04:08:11,788 - src.algorithms.mf - INFO - Layer_W2_M2 Epoch 4/14 - Val Local Loss: 0.147165
2025-05-08 04:08:11,789 - src.utils.logging_utils - INFO - 
2025-05-08 04:08:11,790 - src.utils.logging_utils - INFO - --- Metrics Log (Step: 5070) ---
2025-05-08 04:08:11,790 - src.utils.logging_utils - INFO -   Layer_W2_M2/Val_LocalLoss_Epoch: 0.1472
2025-05-08 04:08:11,790 - src.utils.logging_utils - INFO - --- End Metrics Log ---
2025-05-08 04:08:11,790 - src.utils.logging_utils - INFO - 
2025-05-08 04:08:13,698 - src.utils.logging_utils - INFO - 
2025-05-08 04:08:13,699 - src.utils.logging_utils - INFO - --- Metrics Log (Step: 5460) ---
2025-05-08 04:08:13,699 - src.utils.logging_utils - INFO -   Layer_W2_M2/Train_Loss_Batch: 0.0040
2025-05-08 04:08:13,699 - src.utils.logging_utils - INFO -   Layer_W2_M2/GPU_Mem_Used_MiB_Batch: 934.0000
2025-05-08 04:08:13,699 - src.utils.logging_utils - INFO - --- End Metrics Log ---
2025-05-08 04:08:13,699 - src.utils.logging_utils - INFO - 
2025-05-08 04:08:13,700 - src.algorithms.mf - INFO - Layer_W2_M2 Epoch 5/14 - Train Loss: 0.009692, Peak Mem: 934.0 MiB
2025-05-08 04:08:13,701 - src.utils.logging_utils - INFO - 
2025-05-08 04:08:13,701 - src.utils.logging_utils - INFO - --- Metrics Log (Step: 5460) ---
2025-05-08 04:08:13,701 - src.utils.logging_utils - INFO -   Layer_W2_M2/Train_Loss_EpochAvg: 0.0097
2025-05-08 04:08:13,701 - src.utils.logging_utils - INFO -   Layer_W2_M2/Peak_GPU_Mem_Epoch_MiB: 934.0000
2025-05-08 04:08:13,701 - src.utils.logging_utils - INFO - --- End Metrics Log ---
2025-05-08 04:08:13,701 - src.utils.logging_utils - INFO - 
2025-05-08 04:08:14,079 - src.algorithms.mf - INFO - Layer_W2_M2 Epoch 5/14 - Val Local Loss: 0.211627
2025-05-08 04:08:14,080 - src.utils.logging_utils - INFO - 
2025-05-08 04:08:14,080 - src.utils.logging_utils - INFO - --- Metrics Log (Step: 5460) ---
2025-05-08 04:08:14,080 - src.utils.logging_utils - INFO -   Layer_W2_M2/Val_LocalLoss_Epoch: 0.2116
2025-05-08 04:08:14,080 - src.utils.logging_utils - INFO - --- End Metrics Log ---
2025-05-08 04:08:14,080 - src.utils.logging_utils - INFO - 
2025-05-08 04:08:16,000 - src.utils.logging_utils - INFO - 
2025-05-08 04:08:16,001 - src.utils.logging_utils - INFO - --- Metrics Log (Step: 5850) ---
2025-05-08 04:08:16,002 - src.utils.logging_utils - INFO -   Layer_W2_M2/Train_Loss_Batch: 0.000003
2025-05-08 04:08:16,002 - src.utils.logging_utils - INFO -   Layer_W2_M2/GPU_Mem_Used_MiB_Batch: 934.0000
2025-05-08 04:08:16,002 - src.utils.logging_utils - INFO - --- End Metrics Log ---
2025-05-08 04:08:16,002 - src.utils.logging_utils - INFO - 
2025-05-08 04:08:16,003 - src.algorithms.mf - INFO - Layer_W2_M2 Epoch 6/14 - Train Loss: 0.008496, Peak Mem: 934.0 MiB
2025-05-08 04:08:16,003 - src.utils.logging_utils - INFO - 
2025-05-08 04:08:16,003 - src.utils.logging_utils - INFO - --- Metrics Log (Step: 5850) ---
2025-05-08 04:08:16,003 - src.utils.logging_utils - INFO -   Layer_W2_M2/Train_Loss_EpochAvg: 0.0085
2025-05-08 04:08:16,003 - src.utils.logging_utils - INFO -   Layer_W2_M2/Peak_GPU_Mem_Epoch_MiB: 934.0000
2025-05-08 04:08:16,003 - src.utils.logging_utils - INFO - --- End Metrics Log ---
2025-05-08 04:08:16,003 - src.utils.logging_utils - INFO - 
2025-05-08 04:08:16,380 - src.algorithms.mf - INFO - Layer_W2_M2 Epoch 6/14 - Val Local Loss: 0.172203
2025-05-08 04:08:16,381 - src.utils.logging_utils - INFO - 
2025-05-08 04:08:16,381 - src.utils.logging_utils - INFO - --- Metrics Log (Step: 5850) ---
2025-05-08 04:08:16,381 - src.utils.logging_utils - INFO -   Layer_W2_M2/Val_LocalLoss_Epoch: 0.1722
2025-05-08 04:08:16,382 - src.utils.logging_utils - INFO - --- End Metrics Log ---
2025-05-08 04:08:16,382 - src.utils.logging_utils - INFO - 
2025-05-08 04:08:18,296 - src.utils.logging_utils - INFO - 
2025-05-08 04:08:18,299 - src.utils.logging_utils - INFO - --- Metrics Log (Step: 6240) ---
2025-05-08 04:08:18,299 - src.utils.logging_utils - INFO -   Layer_W2_M2/Train_Loss_Batch: 0.000000
2025-05-08 04:08:18,299 - src.utils.logging_utils - INFO -   Layer_W2_M2/GPU_Mem_Used_MiB_Batch: 934.0000
2025-05-08 04:08:18,299 - src.utils.logging_utils - INFO - --- End Metrics Log ---
2025-05-08 04:08:18,299 - src.utils.logging_utils - INFO - 
2025-05-08 04:08:18,300 - src.algorithms.mf - INFO - Layer_W2_M2 Epoch 7/14 - Train Loss: 0.006479, Peak Mem: 934.0 MiB
2025-05-08 04:08:18,300 - src.utils.logging_utils - INFO - 
2025-05-08 04:08:18,300 - src.utils.logging_utils - INFO - --- Metrics Log (Step: 6240) ---
2025-05-08 04:08:18,300 - src.utils.logging_utils - INFO -   Layer_W2_M2/Train_Loss_EpochAvg: 0.0065
2025-05-08 04:08:18,300 - src.utils.logging_utils - INFO -   Layer_W2_M2/Peak_GPU_Mem_Epoch_MiB: 934.0000
2025-05-08 04:08:18,301 - src.utils.logging_utils - INFO - --- End Metrics Log ---
2025-05-08 04:08:18,301 - src.utils.logging_utils - INFO - 
2025-05-08 04:08:18,680 - src.algorithms.mf - INFO - Layer_W2_M2 Epoch 7/14 - Val Local Loss: 0.205857
2025-05-08 04:08:18,682 - src.utils.logging_utils - INFO - 
2025-05-08 04:08:18,682 - src.utils.logging_utils - INFO - --- Metrics Log (Step: 6240) ---
2025-05-08 04:08:18,682 - src.utils.logging_utils - INFO -   Layer_W2_M2/Val_LocalLoss_Epoch: 0.2059
2025-05-08 04:08:18,682 - src.utils.logging_utils - INFO - --- End Metrics Log ---
2025-05-08 04:08:18,682 - src.utils.logging_utils - INFO - 
2025-05-08 04:08:18,682 - src.algorithms.mf - INFO - --- Layer_W2_M2: Early Stopping Triggered at Epoch 7! ---
2025-05-08 04:08:18,683 - src.utils.logging_utils - INFO - 
2025-05-08 04:08:18,683 - src.utils.logging_utils - INFO - --- Metrics Log (Step: 6240) ---
2025-05-08 04:08:18,683 - src.utils.logging_utils - INFO -   Layer_W2_M2/Train_Loss_LayerAvg: 0.0065
2025-05-08 04:08:18,683 - src.utils.logging_utils - INFO -   Layer_W2_M2/Peak_GPU_Mem_Layer_MiB: 934.0000
2025-05-08 04:08:18,683 - src.utils.logging_utils - INFO -   Layer_W2_M2/Epochs_Trained: 7
2025-05-08 04:08:18,683 - src.utils.logging_utils - INFO - --- End Metrics Log ---
2025-05-08 04:08:18,683 - src.utils.logging_utils - INFO - 
2025-05-08 04:08:18,697 - src.algorithms.mf - INFO - Finished all layer-wise MF training. Total Epochs Trained (Sum): 16
2025-05-08 04:08:18,697 - src.utils.logging_utils - INFO - Received Peak GPU Memory (sampled during training): 934.00 MiB
2025-05-08 04:08:18,698 - src.utils.monitoring - INFO - Stopped energy monitoring for GPU 0.
2025-05-08 04:08:18,698 - src.utils.logging_utils - INFO - Starting evaluation phase on test set...
2025-05-08 04:08:18,698 - src.algorithms.mf - INFO - Evaluating MF (MF_MLP) using a_2 and M_2.
2025-05-08 04:08:19,145 - src.algorithms.mf - INFO - MF Evaluation Results (MF_MLP, BP-style): Accuracy: 98.15%
2025-05-08 04:08:19,147 - src.utils.logging_utils - INFO - Test Set Results: Acc: 98.15%, Loss: nan
2025-05-08 04:08:19,147 - src.utils.logging_utils - INFO - Stopping CodeCarbon tracker...
2025-05-08 04:08:19,665 - src.utils.logging_utils - INFO - CodeCarbon tracker stopped. Attempting to read from: results/carbon/mf_mnist_mlp_2x1000_carbon.csv
2025-05-08 04:08:20,169 - src.utils.logging_utils - INFO - Read emissions: 0.001060 kgCO2e (1.060 gCO2e) (attempt 1)
2025-05-08 04:08:20,171 - src.utils.monitoring - INFO - Energy monitor for GPU 0 is not running.
2025-05-08 04:08:20,171 - src.utils.logging_utils - INFO - Total GPU Energy (NVML Monitor): 2299.12 J (0.6386 Wh)
2025-05-08 04:08:20,171 - src.utils.logging_utils - INFO - GPU Mem (End): 934.00 MiB Used / 40960.00 MiB Total
2025-05-08 04:08:20,171 - src.utils.logging_utils - INFO - 
2025-05-08 04:08:20,171 - src.utils.logging_utils - INFO - --- Final Summary Metrics (Step: 6241) ---
2025-05-08 04:08:20,171 - src.utils.logging_utils - INFO -   final/total_run_duration_sec: 40.1306
2025-05-08 04:08:20,171 - src.utils.logging_utils - INFO -   final/peak_gpu_mem_used_mib: 934.0000
2025-05-08 04:08:20,171 - src.utils.logging_utils - INFO -   final/total_gpu_energy_joules: 2299.124793
2025-05-08 04:08:20,171 - src.utils.logging_utils - INFO -   final/total_gpu_energy_wh: 0.638646
2025-05-08 04:08:20,172 - src.utils.logging_utils - INFO -   final/training_duration_sec: 36.7653
2025-05-08 04:08:20,172 - src.utils.logging_utils - INFO -   final/Test_Accuracy: 98.1500
2025-05-08 04:08:20,172 - src.utils.logging_utils - INFO -   final/Test_Loss: nan
2025-05-08 04:08:20,172 - src.utils.logging_utils - INFO -   final/estimated_fwd_gflops: 0.0036
2025-05-08 04:08:20,172 - src.utils.logging_utils - INFO -   final/estimated_bp_update_gflops: nan
2025-05-08 04:08:20,172 - src.utils.logging_utils - INFO -   final/codecarbon_emissions_gCO2e: 1.060127
2025-05-08 04:08:20,172 - src.utils.logging_utils - INFO - --- End Final Summary ---
2025-05-08 04:08:20,172 - src.utils.logging_utils - INFO - 
2025-05-08 04:08:20,173 - src.utils.logging_utils - INFO - Total run duration: 00:00:40
2025-05-08 04:08:20,173 - src.utils.logging_utils - INFO - --> Final Calculated Emissions: 1.060 gCO2e
2025-05-08 04:08:21,184 - src.utils.logging_utils - INFO - W&B run finished.
2025-05-08 04:08:21,185 - src.utils.monitoring - INFO - NVML shut down successfully.
2025-05-08 04:08:21,268 - src.utils.logging_utils - INFO - 
--- Experiment Finished ---
2025-05-08 04:08:21,268 - src.utils.logging_utils - INFO - Results:
2025-05-08 04:08:21,268 - src.utils.logging_utils - INFO - {'codecarbon_country_iso': 'POL',
2025-05-08 04:08:21,268 - src.utils.logging_utils - INFO -  'codecarbon_csv_path': 'results/carbon/mf_mnist_mlp_2x1000_carbon.csv',
2025-05-08 04:08:21,268 - src.utils.logging_utils - INFO -  'codecarbon_emissions_gCO2e': 1.0601274164841998,
2025-05-08 04:08:21,268 - src.utils.logging_utils - INFO -  'codecarbon_enabled': True,
2025-05-08 04:08:21,268 - src.utils.logging_utils - INFO -  'codecarbon_mode': 'offline',
2025-05-08 04:08:21,268 - src.utils.logging_utils - INFO -  'estimated_bp_update_gflops': nan,
2025-05-08 04:08:21,269 - src.utils.logging_utils - INFO -  'estimated_fwd_gflops': 0.003588,
2025-05-08 04:08:21,269 - src.utils.logging_utils - INFO -  'peak_gpu_mem_used_mib': 934.0,
2025-05-08 04:08:21,269 - src.utils.logging_utils - INFO -  'test_accuracy': 98.15,
2025-05-08 04:08:21,269 - src.utils.logging_utils - INFO -  'test_loss': nan,
2025-05-08 04:08:21,269 - src.utils.logging_utils - INFO -  'total_gpu_energy_joules': 2299.124793414931,
2025-05-08 04:08:21,269 - src.utils.logging_utils - INFO -  'total_gpu_energy_wh': 0.638645775948592,
2025-05-08 04:08:21,269 - src.utils.logging_utils - INFO -  'total_run_duration_sec': 40.13059997558594,
2025-05-08 04:08:21,269 - src.utils.logging_utils - INFO -  'training_duration_sec': 36.765331983566284}
2025-05-08 04:08:21,269 - src.utils.logging_utils - INFO - 
--- Experiment Finished Successfully ---
Deactivating virtual environment...
#####################################################################
Job finished with exit code 0 at Thu May  8 04:08:22 CEST 2025
#####################################################################
