 Python/3.10.4 unloaded.
 OpenSSL/1.1 unloaded.
 libffi/3.4.2 unloaded.
 GMP/6.2.1 unloaded.
 XZ/5.2.5 unloaded.
 SQLite/3.38.3 unloaded.
 Tcl/8.6.12 unloaded.
 libreadline/8.1.2 unloaded.
 ncurses/6.3 unloaded.
 zlib/1.2.12 unloaded.
 bzip2/1.0.8 unloaded.
 binutils/2.38 unloaded.
 binutils/2.38 loaded.
 bzip2/1.0.8 loaded.
 zlib/1.2.12 loaded.
 ncurses/6.3 loaded.
 libreadline/8.1.2 loaded.
 Tcl/8.6.12 loaded.
 SQLite/3.38.3 loaded.
 XZ/5.2.5 loaded.
 GMP/6.2.1 loaded.
 libffi/3.4.2 loaded.
 OpenSSL/1.1 loaded.
 Python/3.10.4 loaded.
 CUDA/12.4.0 loaded.

Currently Loaded Modules:
  1) binutils/2.38   5) libreadline/8.1.2   9) GMP/6.2.1      13) CUDA/12.4.0
  2) bzip2/1.0.8     6) Tcl/8.6.12         10) libffi/3.4.2
  3) zlib/1.2.12     7) SQLite/3.38.3      11) OpenSSL/1.1
  4) ncurses/6.3     8) XZ/5.2.5           12) Python/3.10.4

 

2025-05-05 05:35:28,602 - src.utils.config_parser - INFO - Successfully merged configuration from configs/bp_baselines/mnist_cnn_3block_bp.yaml and configs/base.yaml
wandb: Using wandb-core as the SDK backend.  Please refer to https://wandb.me/wandb-core for more information.
wandb: Currently logged in as: przspyra11 (agh_racing) to https://api.wandb.ai. Use `wandb login --relogin` to force relogin
wandb: Tracking run with wandb version 0.19.8
wandb: Run data is saved locally in /net/tscratch/people/plgspyra/BeyondBackpropagation/wandb/run-20250505_053529-8lxfbpyq
wandb: Run `wandb offline` to turn off syncing.
wandb: Syncing run bp_baseline_mnist_cnn_3block
wandb: â­ï¸ View project at https://wandb.ai/przspyra11/BeyondBackpropagation
wandb: ðŸš€ View run at https://wandb.ai/przspyra11/BeyondBackpropagation/runs/8lxfbpyq
[codecarbon INFO @ 05:35:29] offline tracker init
[codecarbon INFO @ 05:35:29] [setup] RAM Tracking...
[codecarbon INFO @ 05:35:29] [setup] CPU Tracking...
 Linux OS detected: Please ensure RAPL files exist at /sys/class/powercap/intel-rapl/subsystem to measure CPU

[codecarbon INFO @ 05:35:30] CPU Model on constant consumption mode: AMD EPYC 7742 64-Core Processor
[codecarbon INFO @ 05:35:30] [setup] GPU Tracking...
[codecarbon INFO @ 05:35:30] Tracking Nvidia GPU via pynvml
[codecarbon INFO @ 05:35:30] The below tracking methods have been set up:
                RAM Tracking Method: RAM power estimation model
                CPU Tracking Method: cpu_load
                GPU Tracking Method: pynvml
            
[codecarbon INFO @ 05:35:30] >>> Tracker's metadata:
[codecarbon INFO @ 05:35:30]   Platform system: Linux-5.14.0-503.26.1.el9_5.x86_64-x86_64-with-glibc2.34
[codecarbon INFO @ 05:35:30]   Python version: 3.10.4
[codecarbon INFO @ 05:35:30]   CodeCarbon version: 3.0.1
[codecarbon INFO @ 05:35:30]   Available RAM : 125.000 GB
[codecarbon INFO @ 05:35:30]   CPU count: 16 thread(s) in 2 physical CPU(s)
[codecarbon INFO @ 05:35:30]   CPU model: AMD EPYC 7742 64-Core Processor
[codecarbon INFO @ 05:35:30]   GPU count: 1
[codecarbon INFO @ 05:35:30]   GPU model: 1 x NVIDIA A100-SXM4-40GB BUT only tracking these GPU ids : [0]
[codecarbon INFO @ 05:35:30] Emissions data (if any) will be saved to file /net/tscratch/people/plgspyra/BeyondBackpropagation/results/carbon/bp_baseline_mnist_cnn_3block_carbon.csv

BP Epoch 1/100:   0%|          | 0/390 [00:00<?, ?it/s]
BP Epoch 1/100:   0%|          | 1/390 [00:00<00:59,  6.59it/s]
BP Epoch 1/100:   7%|â–‹         | 26/390 [00:00<00:02, 123.20it/s]
BP Epoch 1/100:  12%|â–ˆâ–        | 47/390 [00:00<00:02, 157.76it/s]
BP Epoch 1/100:  17%|â–ˆâ–‹        | 68/390 [00:00<00:01, 171.45it/s]
BP Epoch 1/100:  23%|â–ˆâ–ˆâ–Ž       | 89/390 [00:00<00:01, 183.63it/s]
BP Epoch 1/100:  23%|â–ˆâ–ˆâ–Ž       | 89/390 [00:00<00:01, 183.63it/s, acc=98.44%, loss=0.0742]
BP Epoch 1/100:  28%|â–ˆâ–ˆâ–Š       | 110/390 [00:00<00:01, 191.93it/s, acc=98.44%, loss=0.0742]
BP Epoch 1/100:  34%|â–ˆâ–ˆâ–ˆâ–Ž      | 131/390 [00:00<00:01, 197.12it/s, acc=98.44%, loss=0.0742]
BP Epoch 1/100:  39%|â–ˆâ–ˆâ–ˆâ–‰      | 152/390 [00:00<00:01, 196.23it/s, acc=98.44%, loss=0.0742]
BP Epoch 1/100:  44%|â–ˆâ–ˆâ–ˆâ–ˆâ–     | 173/390 [00:00<00:01, 199.71it/s, acc=98.44%, loss=0.0742]
BP Epoch 1/100:  50%|â–ˆâ–ˆâ–ˆâ–ˆâ–‰     | 194/390 [00:01<00:00, 202.54it/s, acc=98.44%, loss=0.0742]
BP Epoch 1/100:  50%|â–ˆâ–ˆâ–ˆâ–ˆâ–‰     | 194/390 [00:01<00:00, 202.54it/s, acc=96.09%, loss=0.0975]
BP Epoch 1/100:  55%|â–ˆâ–ˆâ–ˆâ–ˆâ–ˆâ–Œ    | 215/390 [00:01<00:00, 203.68it/s, acc=96.09%, loss=0.0975]
BP Epoch 1/100:  61%|â–ˆâ–ˆâ–ˆâ–ˆâ–ˆâ–ˆ    | 236/390 [00:01<00:00, 201.77it/s, acc=96.09%, loss=0.0975]
BP Epoch 1/100:  66%|â–ˆâ–ˆâ–ˆâ–ˆâ–ˆâ–ˆâ–Œ   | 258/390 [00:01<00:00, 205.29it/s, acc=96.09%, loss=0.0975]
BP Epoch 1/100:  72%|â–ˆâ–ˆâ–ˆâ–ˆâ–ˆâ–ˆâ–ˆâ–  | 280/390 [00:01<00:00, 204.02it/s, acc=96.09%, loss=0.0975]
BP Epoch 1/100:  72%|â–ˆâ–ˆâ–ˆâ–ˆâ–ˆâ–ˆâ–ˆâ–  | 280/390 [00:01<00:00, 204.02it/s, acc=97.66%, loss=0.1827]
BP Epoch 1/100:  77%|â–ˆâ–ˆâ–ˆâ–ˆâ–ˆâ–ˆâ–ˆâ–‹  | 301/390 [00:01<00:00, 205.21it/s, acc=97.66%, loss=0.1827]
BP Epoch 1/100:  83%|â–ˆâ–ˆâ–ˆâ–ˆâ–ˆâ–ˆâ–ˆâ–ˆâ–Ž | 323/390 [00:01<00:00, 208.71it/s, acc=97.66%, loss=0.1827]
BP Epoch 1/100:  88%|â–ˆâ–ˆâ–ˆâ–ˆâ–ˆâ–ˆâ–ˆâ–ˆâ–Š | 344/390 [00:01<00:00, 204.95it/s, acc=97.66%, loss=0.1827]
BP Epoch 1/100:  94%|â–ˆâ–ˆâ–ˆâ–ˆâ–ˆâ–ˆâ–ˆâ–ˆâ–ˆâ–| 366/390 [00:01<00:00, 207.57it/s, acc=97.66%, loss=0.1827]
BP Epoch 1/100:  99%|â–ˆâ–ˆâ–ˆâ–ˆâ–ˆâ–ˆâ–ˆâ–ˆâ–ˆâ–‰| 387/390 [00:02<00:00, 203.41it/s, acc=97.66%, loss=0.1827]
BP Epoch 1/100:  99%|â–ˆâ–ˆâ–ˆâ–ˆâ–ˆâ–ˆâ–ˆâ–ˆâ–ˆâ–‰| 387/390 [00:02<00:00, 203.41it/s, acc=97.66%, loss=0.0891]
                                                                                           

Evaluating BP Model:   0%|          | 0/40 [00:00<?, ?it/s]
Evaluating BP Model:   2%|â–Ž         | 1/40 [00:00<00:05,  7.78it/s]
Evaluating BP Model:  32%|â–ˆâ–ˆâ–ˆâ–Ž      | 13/40 [00:00<00:00, 64.78it/s]
Evaluating BP Model:  62%|â–ˆâ–ˆâ–ˆâ–ˆâ–ˆâ–ˆâ–Ž   | 25/40 [00:00<00:00, 83.05it/s]
Evaluating BP Model:  92%|â–ˆâ–ˆâ–ˆâ–ˆâ–ˆâ–ˆâ–ˆâ–ˆâ–ˆâ–Ž| 37/40 [00:00<00:00, 92.61it/s]
                                                                    

BP Epoch 2/100:   0%|          | 0/390 [00:00<?, ?it/s]
BP Epoch 2/100:   4%|â–         | 15/390 [00:00<00:02, 147.68it/s]
BP Epoch 2/100:   9%|â–‰         | 37/390 [00:00<00:01, 180.72it/s]
BP Epoch 2/100:  15%|â–ˆâ–        | 58/390 [00:00<00:01, 193.58it/s]
BP Epoch 2/100:  21%|â–ˆâ–ˆ        | 80/390 [00:00<00:01, 201.42it/s]
BP Epoch 2/100:  21%|â–ˆâ–ˆ        | 80/390 [00:00<00:01, 201.42it/s, acc=98.44%, loss=0.0449]
BP Epoch 2/100:  26%|â–ˆâ–ˆâ–Œ       | 101/390 [00:00<00:01, 201.90it/s, acc=98.44%, loss=0.0449]
BP Epoch 2/100:  31%|â–ˆâ–ˆâ–ˆâ–      | 122/390 [00:00<00:01, 200.80it/s, acc=98.44%, loss=0.0449]
BP Epoch 2/100:  37%|â–ˆâ–ˆâ–ˆâ–‹      | 143/390 [00:00<00:01, 203.27it/s, acc=98.44%, loss=0.0449]
BP Epoch 2/100:  42%|â–ˆâ–ˆâ–ˆâ–ˆâ–     | 164/390 [00:00<00:01, 204.79it/s, acc=98.44%, loss=0.0449]
BP Epoch 2/100:  47%|â–ˆâ–ˆâ–ˆâ–ˆâ–‹     | 185/390 [00:00<00:00, 206.18it/s, acc=98.44%, loss=0.0449]
BP Epoch 2/100:  47%|â–ˆâ–ˆâ–ˆâ–ˆâ–‹     | 185/390 [00:00<00:00, 206.18it/s, acc=98.44%, loss=0.0797]
BP Epoch 2/100:  53%|â–ˆâ–ˆâ–ˆâ–ˆâ–ˆâ–Ž    | 206/390 [00:01<00:00, 202.76it/s, acc=98.44%, loss=0.0797]
BP Epoch 2/100:  58%|â–ˆâ–ˆâ–ˆâ–ˆâ–ˆâ–Š    | 228/390 [00:01<00:00, 206.04it/s, acc=98.44%, loss=0.0797]
BP Epoch 2/100:  64%|â–ˆâ–ˆâ–ˆâ–ˆâ–ˆâ–ˆâ–   | 249/390 [00:01<00:00, 207.06it/s, acc=98.44%, loss=0.0797]
BP Epoch 2/100:  69%|â–ˆâ–ˆâ–ˆâ–ˆâ–ˆâ–ˆâ–‰   | 270/390 [00:01<00:00, 203.75it/s, acc=98.44%, loss=0.0797]
BP Epoch 2/100:  75%|â–ˆâ–ˆâ–ˆâ–ˆâ–ˆâ–ˆâ–ˆâ–  | 291/390 [00:01<00:00, 205.47it/s, acc=98.44%, loss=0.0797]
BP Epoch 2/100:  75%|â–ˆâ–ˆâ–ˆâ–ˆâ–ˆâ–ˆâ–ˆâ–  | 291/390 [00:01<00:00, 205.47it/s, acc=98.44%, loss=0.0872]
BP Epoch 2/100:  80%|â–ˆâ–ˆâ–ˆâ–ˆâ–ˆâ–ˆâ–ˆâ–ˆ  | 312/390 [00:01<00:00, 206.71it/s, acc=98.44%, loss=0.0872]
BP Epoch 2/100:  85%|â–ˆâ–ˆâ–ˆâ–ˆâ–ˆâ–ˆâ–ˆâ–ˆâ–Œ | 333/390 [00:01<00:00, 207.38it/s, acc=98.44%, loss=0.0872]
BP Epoch 2/100:  91%|â–ˆâ–ˆâ–ˆâ–ˆâ–ˆâ–ˆâ–ˆâ–ˆâ–ˆ | 354/390 [00:01<00:00, 203.62it/s, acc=98.44%, loss=0.0872]
BP Epoch 2/100:  96%|â–ˆâ–ˆâ–ˆâ–ˆâ–ˆâ–ˆâ–ˆâ–ˆâ–ˆâ–Œ| 375/390 [00:01<00:00, 204.77it/s, acc=98.44%, loss=0.0872]
BP Epoch 2/100:  96%|â–ˆâ–ˆâ–ˆâ–ˆâ–ˆâ–ˆâ–ˆâ–ˆâ–ˆâ–Œ| 375/390 [00:01<00:00, 204.77it/s, acc=98.44%, loss=0.0807]
                                                                                           

Evaluating BP Model:   0%|          | 0/40 [00:00<?, ?it/s]
Evaluating BP Model:  22%|â–ˆâ–ˆâ–Ž       | 9/40 [00:00<00:00, 75.58it/s]
Evaluating BP Model:  52%|â–ˆâ–ˆâ–ˆâ–ˆâ–ˆâ–Ž    | 21/40 [00:00<00:00, 93.32it/s]
Evaluating BP Model:  82%|â–ˆâ–ˆâ–ˆâ–ˆâ–ˆâ–ˆâ–ˆâ–ˆâ–Ž | 33/40 [00:00<00:00, 99.06it/s]
                                                                    

BP Epoch 3/100:   0%|          | 0/390 [00:00<?, ?it/s]
BP Epoch 3/100:   4%|â–         | 16/390 [00:00<00:02, 158.47it/s]
BP Epoch 3/100:   9%|â–‰         | 37/390 [00:00<00:01, 184.62it/s]
BP Epoch 3/100:  15%|â–ˆâ–        | 58/390 [00:00<00:01, 191.42it/s]
BP Epoch 3/100:  20%|â–ˆâ–ˆ        | 79/390 [00:00<00:01, 198.20it/s]
BP Epoch 3/100:  20%|â–ˆâ–ˆ        | 79/390 [00:00<00:01, 198.20it/s, acc=100.00%, loss=0.0008]
BP Epoch 3/100:  26%|â–ˆâ–ˆâ–Œ       | 100/390 [00:00<00:01, 200.78it/s, acc=100.00%, loss=0.0008]
BP Epoch 3/100:  31%|â–ˆâ–ˆâ–ˆâ–      | 122/390 [00:00<00:01, 201.18it/s, acc=100.00%, loss=0.0008]
BP Epoch 3/100:  37%|â–ˆâ–ˆâ–ˆâ–‹      | 143/390 [00:00<00:01, 203.88it/s, acc=100.00%, loss=0.0008]
BP Epoch 3/100:  42%|â–ˆâ–ˆâ–ˆâ–ˆâ–     | 164/390 [00:00<00:01, 203.65it/s, acc=100.00%, loss=0.0008]
BP Epoch 3/100:  47%|â–ˆâ–ˆâ–ˆâ–ˆâ–‹     | 185/390 [00:00<00:01, 204.92it/s, acc=100.00%, loss=0.0008]
BP Epoch 3/100:  47%|â–ˆâ–ˆâ–ˆâ–ˆâ–‹     | 185/390 [00:01<00:01, 204.92it/s, acc=96.88%, loss=0.1078] 
BP Epoch 3/100:  53%|â–ˆâ–ˆâ–ˆâ–ˆâ–ˆâ–Ž    | 206/390 [00:01<00:00, 204.32it/s, acc=96.88%, loss=0.1078]
BP Epoch 3/100:  58%|â–ˆâ–ˆâ–ˆâ–ˆâ–ˆâ–Š    | 227/390 [00:01<00:00, 205.68it/s, acc=96.88%, loss=0.1078]
BP Epoch 3/100:  64%|â–ˆâ–ˆâ–ˆâ–ˆâ–ˆâ–ˆâ–Ž   | 248/390 [00:01<00:00, 202.64it/s, acc=96.88%, loss=0.1078]
BP Epoch 3/100:  69%|â–ˆâ–ˆâ–ˆâ–ˆâ–ˆâ–ˆâ–‰   | 269/390 [00:01<00:00, 203.71it/s, acc=96.88%, loss=0.1078]
BP Epoch 3/100:  74%|â–ˆâ–ˆâ–ˆâ–ˆâ–ˆâ–ˆâ–ˆâ–  | 290/390 [00:01<00:00, 205.00it/s, acc=96.88%, loss=0.1078]
BP Epoch 3/100:  74%|â–ˆâ–ˆâ–ˆâ–ˆâ–ˆâ–ˆâ–ˆâ–  | 290/390 [00:01<00:00, 205.00it/s, acc=99.22%, loss=0.0129]
BP Epoch 3/100:  80%|â–ˆâ–ˆâ–ˆâ–ˆâ–ˆâ–ˆâ–ˆâ–‰  | 311/390 [00:01<00:00, 205.83it/s, acc=99.22%, loss=0.0129]
BP Epoch 3/100:  85%|â–ˆâ–ˆâ–ˆâ–ˆâ–ˆâ–ˆâ–ˆâ–ˆâ–Œ | 332/390 [00:01<00:00, 201.56it/s, acc=99.22%, loss=0.0129]
BP Epoch 3/100:  91%|â–ˆâ–ˆâ–ˆâ–ˆâ–ˆâ–ˆâ–ˆâ–ˆâ–ˆ | 353/390 [00:01<00:00, 203.18it/s, acc=99.22%, loss=0.0129]
BP Epoch 3/100:  96%|â–ˆâ–ˆâ–ˆâ–ˆâ–ˆâ–ˆâ–ˆâ–ˆâ–ˆâ–Œ| 374/390 [00:01<00:00, 204.26it/s, acc=99.22%, loss=0.0129]
BP Epoch 3/100:  96%|â–ˆâ–ˆâ–ˆâ–ˆâ–ˆâ–ˆâ–ˆâ–ˆâ–ˆâ–Œ| 374/390 [00:01<00:00, 204.26it/s, acc=98.44%, loss=0.1113]
                                                                                           

Evaluating BP Model:   0%|          | 0/40 [00:00<?, ?it/s]
Evaluating BP Model:  22%|â–ˆâ–ˆâ–Ž       | 9/40 [00:00<00:00, 75.37it/s]
Evaluating BP Model:  52%|â–ˆâ–ˆâ–ˆâ–ˆâ–ˆâ–Ž    | 21/40 [00:00<00:00, 92.69it/s]
Evaluating BP Model:  82%|â–ˆâ–ˆâ–ˆâ–ˆâ–ˆâ–ˆâ–ˆâ–ˆâ–Ž | 33/40 [00:00<00:00, 99.63it/s]
                                                                    

BP Epoch 4/100:   0%|          | 0/390 [00:00<?, ?it/s]
BP Epoch 4/100:   4%|â–         | 16/390 [00:00<00:02, 158.43it/s]
BP Epoch 4/100:   9%|â–‰         | 37/390 [00:00<00:01, 182.42it/s]
BP Epoch 4/100:  15%|â–ˆâ–        | 58/390 [00:00<00:01, 193.26it/s]
BP Epoch 4/100:  21%|â–ˆâ–ˆ        | 80/390 [00:00<00:01, 201.51it/s]
BP Epoch 4/100:  21%|â–ˆâ–ˆ        | 80/390 [00:00<00:01, 201.51it/s, acc=98.44%, loss=0.0566]
BP Epoch 4/100:  26%|â–ˆâ–ˆâ–Œ       | 101/390 [00:00<00:01, 200.46it/s, acc=98.44%, loss=0.0566]
BP Epoch 4/100:  31%|â–ˆâ–ˆâ–ˆâ–      | 122/390 [00:00<00:01, 202.00it/s, acc=98.44%, loss=0.0566]
BP Epoch 4/100:  37%|â–ˆâ–ˆâ–ˆâ–‹      | 143/390 [00:00<00:01, 202.50it/s, acc=98.44%, loss=0.0566]
BP Epoch 4/100:  42%|â–ˆâ–ˆâ–ˆâ–ˆâ–     | 164/390 [00:00<00:01, 204.55it/s, acc=98.44%, loss=0.0566]
BP Epoch 4/100:  47%|â–ˆâ–ˆâ–ˆâ–ˆâ–‹     | 185/390 [00:00<00:00, 205.49it/s, acc=98.44%, loss=0.0566]
BP Epoch 4/100:  47%|â–ˆâ–ˆâ–ˆâ–ˆâ–‹     | 185/390 [00:01<00:00, 205.49it/s, acc=99.22%, loss=0.0639]
BP Epoch 4/100:  53%|â–ˆâ–ˆâ–ˆâ–ˆâ–ˆâ–Ž    | 206/390 [00:01<00:00, 204.50it/s, acc=99.22%, loss=0.0639]
BP Epoch 4/100:  58%|â–ˆâ–ˆâ–ˆâ–ˆâ–ˆâ–Š    | 227/390 [00:01<00:00, 202.85it/s, acc=99.22%, loss=0.0639]
BP Epoch 4/100:  64%|â–ˆâ–ˆâ–ˆâ–ˆâ–ˆâ–ˆâ–   | 249/390 [00:01<00:00, 206.20it/s, acc=99.22%, loss=0.0639]
BP Epoch 4/100:  69%|â–ˆâ–ˆâ–ˆâ–ˆâ–ˆâ–ˆâ–‰   | 270/390 [00:01<00:00, 206.15it/s, acc=99.22%, loss=0.0639]
BP Epoch 4/100:  75%|â–ˆâ–ˆâ–ˆâ–ˆâ–ˆâ–ˆâ–ˆâ–  | 291/390 [00:01<00:00, 203.39it/s, acc=99.22%, loss=0.0639]
BP Epoch 4/100:  75%|â–ˆâ–ˆâ–ˆâ–ˆâ–ˆâ–ˆâ–ˆâ–  | 291/390 [00:01<00:00, 203.39it/s, acc=100.00%, loss=0.0023]
BP Epoch 4/100:  80%|â–ˆâ–ˆâ–ˆâ–ˆâ–ˆâ–ˆâ–ˆâ–ˆ  | 312/390 [00:01<00:00, 204.70it/s, acc=100.00%, loss=0.0023]
BP Epoch 4/100:  85%|â–ˆâ–ˆâ–ˆâ–ˆâ–ˆâ–ˆâ–ˆâ–ˆâ–Œ | 333/390 [00:01<00:00, 206.00it/s, acc=100.00%, loss=0.0023]
BP Epoch 4/100:  91%|â–ˆâ–ˆâ–ˆâ–ˆâ–ˆâ–ˆâ–ˆâ–ˆâ–ˆ | 354/390 [00:01<00:00, 206.87it/s, acc=100.00%, loss=0.0023]
BP Epoch 4/100:  96%|â–ˆâ–ˆâ–ˆâ–ˆâ–ˆâ–ˆâ–ˆâ–ˆâ–ˆâ–Œ| 375/390 [00:01<00:00, 202.94it/s, acc=100.00%, loss=0.0023]
BP Epoch 4/100:  96%|â–ˆâ–ˆâ–ˆâ–ˆâ–ˆâ–ˆâ–ˆâ–ˆâ–ˆâ–Œ| 375/390 [00:01<00:00, 202.94it/s, acc=99.22%, loss=0.0135] 
                                                                                           

Evaluating BP Model:   0%|          | 0/40 [00:00<?, ?it/s]
Evaluating BP Model:  22%|â–ˆâ–ˆâ–Ž       | 9/40 [00:00<00:00, 75.05it/s]
Evaluating BP Model:  52%|â–ˆâ–ˆâ–ˆâ–ˆâ–ˆâ–Ž    | 21/40 [00:00<00:00, 92.97it/s]
Evaluating BP Model:  82%|â–ˆâ–ˆâ–ˆâ–ˆâ–ˆâ–ˆâ–ˆâ–ˆâ–Ž | 33/40 [00:00<00:00, 99.13it/s]
                                                                    

BP Epoch 5/100:   0%|          | 0/390 [00:00<?, ?it/s]
BP Epoch 5/100:   4%|â–         | 15/390 [00:00<00:02, 148.55it/s]
BP Epoch 5/100:   9%|â–‰         | 37/390 [00:00<00:01, 184.52it/s]
BP Epoch 5/100:  15%|â–ˆâ–        | 58/390 [00:00<00:01, 192.44it/s]
BP Epoch 5/100:  21%|â–ˆâ–ˆ        | 80/390 [00:00<00:01, 201.01it/s]
BP Epoch 5/100:  21%|â–ˆâ–ˆ        | 80/390 [00:00<00:01, 201.01it/s, acc=99.22%, loss=0.0211]
BP Epoch 5/100:  26%|â–ˆâ–ˆâ–Œ       | 101/390 [00:00<00:01, 202.69it/s, acc=99.22%, loss=0.0211]
BP Epoch 5/100:  31%|â–ˆâ–ˆâ–ˆâ–      | 122/390 [00:00<00:01, 201.72it/s, acc=99.22%, loss=0.0211]
BP Epoch 5/100:  37%|â–ˆâ–ˆâ–ˆâ–‹      | 144/390 [00:00<00:01, 205.71it/s, acc=99.22%, loss=0.0211]
BP Epoch 5/100:  42%|â–ˆâ–ˆâ–ˆâ–ˆâ–     | 165/390 [00:00<00:01, 206.19it/s, acc=99.22%, loss=0.0211]
BP Epoch 5/100:  48%|â–ˆâ–ˆâ–ˆâ–ˆâ–Š     | 186/390 [00:00<00:00, 204.15it/s, acc=99.22%, loss=0.0211]
BP Epoch 5/100:  48%|â–ˆâ–ˆâ–ˆâ–ˆâ–Š     | 186/390 [00:00<00:00, 204.15it/s, acc=100.00%, loss=0.0007]
BP Epoch 5/100:  53%|â–ˆâ–ˆâ–ˆâ–ˆâ–ˆâ–Ž    | 208/390 [00:01<00:00, 207.24it/s, acc=100.00%, loss=0.0007]
BP Epoch 5/100:  59%|â–ˆâ–ˆâ–ˆâ–ˆâ–ˆâ–Š    | 229/390 [00:01<00:00, 206.84it/s, acc=100.00%, loss=0.0007]
BP Epoch 5/100:  64%|â–ˆâ–ˆâ–ˆâ–ˆâ–ˆâ–ˆâ–   | 250/390 [00:01<00:00, 204.37it/s, acc=100.00%, loss=0.0007]
BP Epoch 5/100:  70%|â–ˆâ–ˆâ–ˆâ–ˆâ–ˆâ–ˆâ–‰   | 272/390 [00:01<00:00, 207.29it/s, acc=100.00%, loss=0.0007]
BP Epoch 5/100:  75%|â–ˆâ–ˆâ–ˆâ–ˆâ–ˆâ–ˆâ–ˆâ–Œ  | 293/390 [00:01<00:00, 207.74it/s, acc=100.00%, loss=0.0007]
BP Epoch 5/100:  75%|â–ˆâ–ˆâ–ˆâ–ˆâ–ˆâ–ˆâ–ˆâ–Œ  | 293/390 [00:01<00:00, 207.74it/s, acc=100.00%, loss=0.0002]
BP Epoch 5/100:  81%|â–ˆâ–ˆâ–ˆâ–ˆâ–ˆâ–ˆâ–ˆâ–ˆ  | 314/390 [00:01<00:00, 205.10it/s, acc=100.00%, loss=0.0002]
BP Epoch 5/100:  86%|â–ˆâ–ˆâ–ˆâ–ˆâ–ˆâ–ˆâ–ˆâ–ˆâ–Œ | 336/390 [00:01<00:00, 207.75it/s, acc=100.00%, loss=0.0002]
BP Epoch 5/100:  92%|â–ˆâ–ˆâ–ˆâ–ˆâ–ˆâ–ˆâ–ˆâ–ˆâ–ˆâ–| 357/390 [00:01<00:00, 208.03it/s, acc=100.00%, loss=0.0002]
BP Epoch 5/100:  97%|â–ˆâ–ˆâ–ˆâ–ˆâ–ˆâ–ˆâ–ˆâ–ˆâ–ˆâ–‹| 378/390 [00:01<00:00, 205.07it/s, acc=100.00%, loss=0.0002]
BP Epoch 5/100:  97%|â–ˆâ–ˆâ–ˆâ–ˆâ–ˆâ–ˆâ–ˆâ–ˆâ–ˆâ–‹| 378/390 [00:01<00:00, 205.07it/s, acc=97.66%, loss=0.0710] 
                                                                                           

Evaluating BP Model:   0%|          | 0/40 [00:00<?, ?it/s]
Evaluating BP Model:  22%|â–ˆâ–ˆâ–Ž       | 9/40 [00:00<00:00, 74.81it/s]
Evaluating BP Model:  52%|â–ˆâ–ˆâ–ˆâ–ˆâ–ˆâ–Ž    | 21/40 [00:00<00:00, 93.22it/s]
Evaluating BP Model:  82%|â–ˆâ–ˆâ–ˆâ–ˆâ–ˆâ–ˆâ–ˆâ–ˆâ–Ž | 33/40 [00:00<00:00, 99.04it/s]
                                                                    

BP Epoch 6/100:   0%|          | 0/390 [00:00<?, ?it/s]
BP Epoch 6/100:   4%|â–         | 15/390 [00:00<00:02, 147.12it/s]
BP Epoch 6/100:   9%|â–‰         | 37/390 [00:00<00:01, 180.47it/s]
BP Epoch 6/100:  15%|â–ˆâ–Œ        | 59/390 [00:00<00:01, 195.57it/s]
BP Epoch 6/100:  21%|â–ˆâ–ˆ        | 81/390 [00:00<00:01, 197.11it/s]
BP Epoch 6/100:  21%|â–ˆâ–ˆ        | 81/390 [00:00<00:01, 197.11it/s, acc=100.00%, loss=0.0006]
BP Epoch 6/100:  26%|â–ˆâ–ˆâ–Œ       | 102/390 [00:00<00:01, 201.22it/s, acc=100.00%, loss=0.0006]
BP Epoch 6/100:  32%|â–ˆâ–ˆâ–ˆâ–      | 123/390 [00:00<00:01, 204.03it/s, acc=100.00%, loss=0.0006]
BP Epoch 6/100:  37%|â–ˆâ–ˆâ–ˆâ–‹      | 145/390 [00:00<00:01, 203.00it/s, acc=100.00%, loss=0.0006]
BP Epoch 6/100:  43%|â–ˆâ–ˆâ–ˆâ–ˆâ–Ž     | 167/390 [00:00<00:01, 206.85it/s, acc=100.00%, loss=0.0006]
BP Epoch 6/100:  48%|â–ˆâ–ˆâ–ˆâ–ˆâ–Š     | 189/390 [00:00<00:00, 204.85it/s, acc=100.00%, loss=0.0006]
BP Epoch 6/100:  48%|â–ˆâ–ˆâ–ˆâ–ˆâ–Š     | 189/390 [00:00<00:00, 204.85it/s, acc=99.22%, loss=0.0160] 
BP Epoch 6/100:  54%|â–ˆâ–ˆâ–ˆâ–ˆâ–ˆâ–    | 210/390 [00:01<00:00, 206.22it/s, acc=99.22%, loss=0.0160]
BP Epoch 6/100:  59%|â–ˆâ–ˆâ–ˆâ–ˆâ–ˆâ–‰    | 231/390 [00:01<00:00, 207.16it/s, acc=99.22%, loss=0.0160]
BP Epoch 6/100:  65%|â–ˆâ–ˆâ–ˆâ–ˆâ–ˆâ–ˆâ–   | 253/390 [00:01<00:00, 206.19it/s, acc=99.22%, loss=0.0160]
BP Epoch 6/100:  70%|â–ˆâ–ˆâ–ˆâ–ˆâ–ˆâ–ˆâ–ˆ   | 274/390 [00:01<00:00, 206.86it/s, acc=99.22%, loss=0.0160]
BP Epoch 6/100:  76%|â–ˆâ–ˆâ–ˆâ–ˆâ–ˆâ–ˆâ–ˆâ–Œ  | 296/390 [00:01<00:00, 209.90it/s, acc=99.22%, loss=0.0160]
BP Epoch 6/100:  76%|â–ˆâ–ˆâ–ˆâ–ˆâ–ˆâ–ˆâ–ˆâ–Œ  | 296/390 [00:01<00:00, 209.90it/s, acc=99.22%, loss=0.0100]
BP Epoch 6/100:  82%|â–ˆâ–ˆâ–ˆâ–ˆâ–ˆâ–ˆâ–ˆâ–ˆâ– | 318/390 [00:01<00:00, 206.68it/s, acc=99.22%, loss=0.0100]
BP Epoch 6/100:  87%|â–ˆâ–ˆâ–ˆâ–ˆâ–ˆâ–ˆâ–ˆâ–ˆâ–‹ | 340/390 [00:01<00:00, 208.92it/s, acc=99.22%, loss=0.0100]
BP Epoch 6/100:  93%|â–ˆâ–ˆâ–ˆâ–ˆâ–ˆâ–ˆâ–ˆâ–ˆâ–ˆâ–Ž| 361/390 [00:01<00:00, 205.55it/s, acc=99.22%, loss=0.0100]
BP Epoch 6/100:  98%|â–ˆâ–ˆâ–ˆâ–ˆâ–ˆâ–ˆâ–ˆâ–ˆâ–ˆâ–Š| 383/390 [00:01<00:00, 198.66it/s, acc=99.22%, loss=0.0100]
BP Epoch 6/100:  98%|â–ˆâ–ˆâ–ˆâ–ˆâ–ˆâ–ˆâ–ˆâ–ˆâ–ˆâ–Š| 383/390 [00:01<00:00, 198.66it/s, acc=100.00%, loss=0.0034]
                                                                                            

Evaluating BP Model:   0%|          | 0/40 [00:00<?, ?it/s]
Evaluating BP Model:  22%|â–ˆâ–ˆâ–Ž       | 9/40 [00:00<00:00, 76.54it/s]
Evaluating BP Model:  52%|â–ˆâ–ˆâ–ˆâ–ˆâ–ˆâ–Ž    | 21/40 [00:00<00:00, 92.17it/s][codecarbon INFO @ 05:35:45] Energy consumed for RAM : 0.000164 kWh. RAM Power : 38.0 W

Evaluating BP Model:  82%|â–ˆâ–ˆâ–ˆâ–ˆâ–ˆâ–ˆâ–ˆâ–ˆâ–Ž | 33/40 [00:00<00:00, 98.14it/s]
                                                                    

BP Epoch 7/100:   0%|          | 0/390 [00:00<?, ?it/s]
BP Epoch 7/100:   4%|â–Ž         | 14/390 [00:00<00:02, 138.03it/s]
BP Epoch 7/100:   9%|â–‰         | 36/390 [00:00<00:01, 184.87it/s]
BP Epoch 7/100:  15%|â–ˆâ–        | 57/390 [00:00<00:01, 192.33it/s][codecarbon INFO @ 05:35:46] Delta energy consumed for CPU with cpu_load : 0.000264 kWh, power : 61.32000000000001 W
[codecarbon INFO @ 05:35:46] Energy consumed for All CPU : 0.000264 kWh
[codecarbon INFO @ 05:35:46] Energy consumed for all GPUs : 0.000364 kWh. Total GPU Power : 81.90038569752141 W
[codecarbon INFO @ 05:35:46] 0.000792 kWh of electricity used since the beginning.

BP Epoch 7/100:  20%|â–ˆâ–ˆ        | 78/390 [00:00<00:01, 196.89it/s]
BP Epoch 7/100:  20%|â–ˆâ–ˆ        | 78/390 [00:00<00:01, 196.89it/s, acc=100.00%, loss=0.0000]
BP Epoch 7/100:  26%|â–ˆâ–ˆâ–Œ       | 100/390 [00:00<00:01, 201.95it/s, acc=100.00%, loss=0.0000]
BP Epoch 7/100:  31%|â–ˆâ–ˆâ–ˆâ–      | 122/390 [00:00<00:01, 202.65it/s, acc=100.00%, loss=0.0000]
BP Epoch 7/100:  37%|â–ˆâ–ˆâ–ˆâ–‹      | 144/390 [00:00<00:01, 206.38it/s, acc=100.00%, loss=0.0000]
BP Epoch 7/100:  42%|â–ˆâ–ˆâ–ˆâ–ˆâ–     | 165/390 [00:00<00:01, 207.46it/s, acc=100.00%, loss=0.0000]
BP Epoch 7/100:  48%|â–ˆâ–ˆâ–ˆâ–ˆâ–Š     | 186/390 [00:00<00:00, 204.14it/s, acc=100.00%, loss=0.0000]
BP Epoch 7/100:  48%|â–ˆâ–ˆâ–ˆâ–ˆâ–Š     | 186/390 [00:00<00:00, 204.14it/s, acc=98.44%, loss=0.0525] 
BP Epoch 7/100:  53%|â–ˆâ–ˆâ–ˆâ–ˆâ–ˆâ–Ž    | 208/390 [00:01<00:00, 207.00it/s, acc=98.44%, loss=0.0525]
BP Epoch 7/100:  59%|â–ˆâ–ˆâ–ˆâ–ˆâ–ˆâ–Š    | 229/390 [00:01<00:00, 207.77it/s, acc=98.44%, loss=0.0525]
BP Epoch 7/100:  64%|â–ˆâ–ˆâ–ˆâ–ˆâ–ˆâ–ˆâ–   | 250/390 [00:01<00:00, 204.38it/s, acc=98.44%, loss=0.0525]
BP Epoch 7/100:  70%|â–ˆâ–ˆâ–ˆâ–ˆâ–ˆâ–ˆâ–‰   | 272/390 [00:01<00:00, 207.35it/s, acc=98.44%, loss=0.0525]
BP Epoch 7/100:  75%|â–ˆâ–ˆâ–ˆâ–ˆâ–ˆâ–ˆâ–ˆâ–Œ  | 293/390 [00:01<00:00, 200.63it/s, acc=98.44%, loss=0.0525]
BP Epoch 7/100:  75%|â–ˆâ–ˆâ–ˆâ–ˆâ–ˆâ–ˆâ–ˆâ–Œ  | 293/390 [00:01<00:00, 200.63it/s, acc=100.00%, loss=0.0013]
BP Epoch 7/100:  81%|â–ˆâ–ˆâ–ˆâ–ˆâ–ˆâ–ˆâ–ˆâ–ˆ  | 314/390 [00:01<00:00, 199.24it/s, acc=100.00%, loss=0.0013]
BP Epoch 7/100:  86%|â–ˆâ–ˆâ–ˆâ–ˆâ–ˆâ–ˆâ–ˆâ–ˆâ–Œ | 336/390 [00:01<00:00, 203.76it/s, acc=100.00%, loss=0.0013]
BP Epoch 7/100:  92%|â–ˆâ–ˆâ–ˆâ–ˆâ–ˆâ–ˆâ–ˆâ–ˆâ–ˆâ–| 357/390 [00:01<00:00, 205.53it/s, acc=100.00%, loss=0.0013]
BP Epoch 7/100:  97%|â–ˆâ–ˆâ–ˆâ–ˆâ–ˆâ–ˆâ–ˆâ–ˆâ–ˆâ–‹| 378/390 [00:01<00:00, 203.55it/s, acc=100.00%, loss=0.0013]
BP Epoch 7/100:  97%|â–ˆâ–ˆâ–ˆâ–ˆâ–ˆâ–ˆâ–ˆâ–ˆâ–ˆâ–‹| 378/390 [00:01<00:00, 203.55it/s, acc=100.00%, loss=0.0028]
                                                                                            

Evaluating BP Model:   0%|          | 0/40 [00:00<?, ?it/s]
Evaluating BP Model:  22%|â–ˆâ–ˆâ–Ž       | 9/40 [00:00<00:00, 76.19it/s]
Evaluating BP Model:  52%|â–ˆâ–ˆâ–ˆâ–ˆâ–ˆâ–Ž    | 21/40 [00:00<00:00, 93.84it/s]
Evaluating BP Model:  82%|â–ˆâ–ˆâ–ˆâ–ˆâ–ˆâ–ˆâ–ˆâ–ˆâ–Ž | 33/40 [00:00<00:00, 99.15it/s]
                                                                    

BP Epoch 8/100:   0%|          | 0/390 [00:00<?, ?it/s]
BP Epoch 8/100:   4%|â–         | 16/390 [00:00<00:02, 159.15it/s]
BP Epoch 8/100:   9%|â–‰         | 37/390 [00:00<00:01, 184.25it/s]
BP Epoch 8/100:  15%|â–ˆâ–        | 58/390 [00:00<00:01, 194.46it/s]
BP Epoch 8/100:  21%|â–ˆâ–ˆ        | 80/390 [00:00<00:01, 202.00it/s]
BP Epoch 8/100:  21%|â–ˆâ–ˆ        | 80/390 [00:00<00:01, 202.00it/s, acc=99.22%, loss=0.0224]
BP Epoch 8/100:  26%|â–ˆâ–ˆâ–Œ       | 101/390 [00:00<00:01, 202.98it/s, acc=99.22%, loss=0.0224]
BP Epoch 8/100:  31%|â–ˆâ–ˆâ–ˆâ–      | 122/390 [00:00<00:01, 203.45it/s, acc=99.22%, loss=0.0224]
BP Epoch 8/100:  37%|â–ˆâ–ˆâ–ˆâ–‹      | 144/390 [00:00<00:01, 206.91it/s, acc=99.22%, loss=0.0224]
BP Epoch 8/100:  42%|â–ˆâ–ˆâ–ˆâ–ˆâ–     | 165/390 [00:00<00:01, 207.21it/s, acc=99.22%, loss=0.0224]
BP Epoch 8/100:  48%|â–ˆâ–ˆâ–ˆâ–ˆâ–Š     | 186/390 [00:00<00:00, 204.88it/s, acc=99.22%, loss=0.0224]
BP Epoch 8/100:  48%|â–ˆâ–ˆâ–ˆâ–ˆâ–Š     | 186/390 [00:00<00:00, 204.88it/s, acc=99.22%, loss=0.0095]
BP Epoch 8/100:  53%|â–ˆâ–ˆâ–ˆâ–ˆâ–ˆâ–Ž    | 208/390 [00:01<00:00, 208.14it/s, acc=99.22%, loss=0.0095]
BP Epoch 8/100:  59%|â–ˆâ–ˆâ–ˆâ–ˆâ–ˆâ–‰    | 230/390 [00:01<00:00, 205.75it/s, acc=99.22%, loss=0.0095]
BP Epoch 8/100:  65%|â–ˆâ–ˆâ–ˆâ–ˆâ–ˆâ–ˆâ–   | 252/390 [00:01<00:00, 208.37it/s, acc=99.22%, loss=0.0095]
BP Epoch 8/100:  70%|â–ˆâ–ˆâ–ˆâ–ˆâ–ˆâ–ˆâ–ˆ   | 274/390 [00:01<00:00, 206.48it/s, acc=99.22%, loss=0.0095]
BP Epoch 8/100:  76%|â–ˆâ–ˆâ–ˆâ–ˆâ–ˆâ–ˆâ–ˆâ–Œ  | 296/390 [00:01<00:00, 208.74it/s, acc=99.22%, loss=0.0095]
BP Epoch 8/100:  76%|â–ˆâ–ˆâ–ˆâ–ˆâ–ˆâ–ˆâ–ˆâ–Œ  | 296/390 [00:01<00:00, 208.74it/s, acc=100.00%, loss=0.0003]
BP Epoch 8/100:  82%|â–ˆâ–ˆâ–ˆâ–ˆâ–ˆâ–ˆâ–ˆâ–ˆâ– | 318/390 [00:01<00:00, 206.39it/s, acc=100.00%, loss=0.0003]
BP Epoch 8/100:  87%|â–ˆâ–ˆâ–ˆâ–ˆâ–ˆâ–ˆâ–ˆâ–ˆâ–‹ | 340/390 [00:01<00:00, 208.51it/s, acc=100.00%, loss=0.0003]
BP Epoch 8/100:  93%|â–ˆâ–ˆâ–ˆâ–ˆâ–ˆâ–ˆâ–ˆâ–ˆâ–ˆâ–Ž| 362/390 [00:01<00:00, 206.46it/s, acc=100.00%, loss=0.0003]
BP Epoch 8/100:  98%|â–ˆâ–ˆâ–ˆâ–ˆâ–ˆâ–ˆâ–ˆâ–ˆâ–ˆâ–Š| 383/390 [00:01<00:00, 200.05it/s, acc=100.00%, loss=0.0003]
BP Epoch 8/100:  98%|â–ˆâ–ˆâ–ˆâ–ˆâ–ˆâ–ˆâ–ˆâ–ˆâ–ˆâ–Š| 383/390 [00:01<00:00, 200.05it/s, acc=99.22%, loss=0.0272] 
                                                                                           

Evaluating BP Model:   0%|          | 0/40 [00:00<?, ?it/s]
Evaluating BP Model:  22%|â–ˆâ–ˆâ–Ž       | 9/40 [00:00<00:00, 75.87it/s]
Evaluating BP Model:  52%|â–ˆâ–ˆâ–ˆâ–ˆâ–ˆâ–Ž    | 21/40 [00:00<00:00, 93.54it/s]
Evaluating BP Model:  82%|â–ˆâ–ˆâ–ˆâ–ˆâ–ˆâ–ˆâ–ˆâ–ˆâ–Ž | 33/40 [00:00<00:00, 98.94it/s]
                                                                    

BP Epoch 9/100:   0%|          | 0/390 [00:00<?, ?it/s]
BP Epoch 9/100:   4%|â–Ž         | 14/390 [00:00<00:02, 131.34it/s]
BP Epoch 9/100:   9%|â–‰         | 35/390 [00:00<00:02, 175.41it/s]
BP Epoch 9/100:  15%|â–ˆâ–        | 57/390 [00:00<00:01, 192.70it/s]
BP Epoch 9/100:  20%|â–ˆâ–ˆ        | 78/390 [00:00<00:01, 194.40it/s]
BP Epoch 9/100:  20%|â–ˆâ–ˆ        | 78/390 [00:00<00:01, 194.40it/s, acc=99.22%, loss=0.0365]
BP Epoch 9/100:  26%|â–ˆâ–ˆâ–Œ       | 100/390 [00:00<00:01, 200.81it/s, acc=99.22%, loss=0.0365]
BP Epoch 9/100:  31%|â–ˆâ–ˆâ–ˆâ–      | 122/390 [00:00<00:01, 201.28it/s, acc=99.22%, loss=0.0365]
BP Epoch 9/100:  37%|â–ˆâ–ˆâ–ˆâ–‹      | 144/390 [00:00<00:01, 205.14it/s, acc=99.22%, loss=0.0365]
BP Epoch 9/100:  43%|â–ˆâ–ˆâ–ˆâ–ˆâ–Ž     | 166/390 [00:00<00:01, 203.89it/s, acc=99.22%, loss=0.0365]
BP Epoch 9/100:  48%|â–ˆâ–ˆâ–ˆâ–ˆâ–Š     | 188/390 [00:00<00:00, 207.25it/s, acc=99.22%, loss=0.0365]
BP Epoch 9/100:  48%|â–ˆâ–ˆâ–ˆâ–ˆâ–Š     | 188/390 [00:01<00:00, 207.25it/s, acc=100.00%, loss=0.0003]
BP Epoch 9/100:  54%|â–ˆâ–ˆâ–ˆâ–ˆâ–ˆâ–    | 210/390 [00:01<00:00, 205.14it/s, acc=100.00%, loss=0.0003]
BP Epoch 9/100:  59%|â–ˆâ–ˆâ–ˆâ–ˆâ–ˆâ–‰    | 232/390 [00:01<00:00, 208.10it/s, acc=100.00%, loss=0.0003]
BP Epoch 9/100:  65%|â–ˆâ–ˆâ–ˆâ–ˆâ–ˆâ–ˆâ–Œ   | 254/390 [00:01<00:00, 206.00it/s, acc=100.00%, loss=0.0003]
BP Epoch 9/100:  71%|â–ˆâ–ˆâ–ˆâ–ˆâ–ˆâ–ˆâ–ˆ   | 276/390 [00:01<00:00, 208.33it/s, acc=100.00%, loss=0.0003]
BP Epoch 9/100:  76%|â–ˆâ–ˆâ–ˆâ–ˆâ–ˆâ–ˆâ–ˆâ–Œ  | 297/390 [00:01<00:00, 208.76it/s, acc=100.00%, loss=0.0003]
BP Epoch 9/100:  76%|â–ˆâ–ˆâ–ˆâ–ˆâ–ˆâ–ˆâ–ˆâ–Œ  | 297/390 [00:01<00:00, 208.76it/s, acc=99.22%, loss=0.0111] 
BP Epoch 9/100:  82%|â–ˆâ–ˆâ–ˆâ–ˆâ–ˆâ–ˆâ–ˆâ–ˆâ– | 318/390 [00:01<00:00, 205.63it/s, acc=99.22%, loss=0.0111]
BP Epoch 9/100:  87%|â–ˆâ–ˆâ–ˆâ–ˆâ–ˆâ–ˆâ–ˆâ–ˆâ–‹ | 340/390 [00:01<00:00, 208.15it/s, acc=99.22%, loss=0.0111]
BP Epoch 9/100:  93%|â–ˆâ–ˆâ–ˆâ–ˆâ–ˆâ–ˆâ–ˆâ–ˆâ–ˆâ–Ž| 362/390 [00:01<00:00, 205.77it/s, acc=99.22%, loss=0.0111]
BP Epoch 9/100:  98%|â–ˆâ–ˆâ–ˆâ–ˆâ–ˆâ–ˆâ–ˆâ–ˆâ–ˆâ–Š| 383/390 [00:01<00:00, 198.08it/s, acc=99.22%, loss=0.0111]
BP Epoch 9/100:  98%|â–ˆâ–ˆâ–ˆâ–ˆâ–ˆâ–ˆâ–ˆâ–ˆâ–ˆâ–Š| 383/390 [00:01<00:00, 198.08it/s, acc=100.00%, loss=0.0007]
                                                                                            

Evaluating BP Model:   0%|          | 0/40 [00:00<?, ?it/s]
Evaluating BP Model:  22%|â–ˆâ–ˆâ–Ž       | 9/40 [00:00<00:00, 75.93it/s]
Evaluating BP Model:  52%|â–ˆâ–ˆâ–ˆâ–ˆâ–ˆâ–Ž    | 21/40 [00:00<00:00, 93.56it/s]
Evaluating BP Model:  82%|â–ˆâ–ˆâ–ˆâ–ˆâ–ˆâ–ˆâ–ˆâ–ˆâ–Ž | 33/40 [00:00<00:00, 99.41it/s]
                                                                    

BP Epoch 10/100:   0%|          | 0/390 [00:00<?, ?it/s]
BP Epoch 10/100:   4%|â–         | 16/390 [00:00<00:02, 158.01it/s]
BP Epoch 10/100:   9%|â–‰         | 37/390 [00:00<00:01, 179.34it/s]
BP Epoch 10/100:  15%|â–ˆâ–        | 58/390 [00:00<00:01, 191.99it/s]
BP Epoch 10/100:  20%|â–ˆâ–ˆ        | 79/390 [00:00<00:01, 197.96it/s]
BP Epoch 10/100:  20%|â–ˆâ–ˆ        | 79/390 [00:00<00:01, 197.96it/s, acc=98.44%, loss=0.0992]
BP Epoch 10/100:  26%|â–ˆâ–ˆâ–Œ       | 100/390 [00:00<00:01, 199.41it/s, acc=98.44%, loss=0.0992]
BP Epoch 10/100:  31%|â–ˆâ–ˆâ–ˆ       | 121/390 [00:00<00:01, 198.90it/s, acc=98.44%, loss=0.0992]
BP Epoch 10/100:  36%|â–ˆâ–ˆâ–ˆâ–‹      | 142/390 [00:00<00:01, 201.79it/s, acc=98.44%, loss=0.0992]
BP Epoch 10/100:  42%|â–ˆâ–ˆâ–ˆâ–ˆâ–     | 163/390 [00:00<00:01, 203.53it/s, acc=98.44%, loss=0.0992]
BP Epoch 10/100:  47%|â–ˆâ–ˆâ–ˆâ–ˆâ–‹     | 184/390 [00:00<00:01, 204.51it/s, acc=98.44%, loss=0.0992]
BP Epoch 10/100:  47%|â–ˆâ–ˆâ–ˆâ–ˆâ–‹     | 184/390 [00:01<00:01, 204.51it/s, acc=100.00%, loss=0.0031]
BP Epoch 10/100:  53%|â–ˆâ–ˆâ–ˆâ–ˆâ–ˆâ–Ž    | 205/390 [00:01<00:00, 200.96it/s, acc=100.00%, loss=0.0031]
BP Epoch 10/100:  58%|â–ˆâ–ˆâ–ˆâ–ˆâ–ˆâ–Š    | 226/390 [00:01<00:00, 202.37it/s, acc=100.00%, loss=0.0031]
BP Epoch 10/100:  63%|â–ˆâ–ˆâ–ˆâ–ˆâ–ˆâ–ˆâ–Ž   | 247/390 [00:01<00:00, 203.50it/s, acc=100.00%, loss=0.0031]
BP Epoch 10/100:  69%|â–ˆâ–ˆâ–ˆâ–ˆâ–ˆâ–ˆâ–Š   | 268/390 [00:01<00:00, 204.34it/s, acc=100.00%, loss=0.0031]
BP Epoch 10/100:  74%|â–ˆâ–ˆâ–ˆâ–ˆâ–ˆâ–ˆâ–ˆâ–  | 289/390 [00:01<00:00, 201.64it/s, acc=100.00%, loss=0.0031]
BP Epoch 10/100:  74%|â–ˆâ–ˆâ–ˆâ–ˆâ–ˆâ–ˆâ–ˆâ–  | 289/390 [00:01<00:00, 201.64it/s, acc=100.00%, loss=0.0000]
BP Epoch 10/100:  79%|â–ˆâ–ˆâ–ˆâ–ˆâ–ˆâ–ˆâ–ˆâ–‰  | 310/390 [00:01<00:00, 203.19it/s, acc=100.00%, loss=0.0000]
BP Epoch 10/100:  85%|â–ˆâ–ˆâ–ˆâ–ˆâ–ˆâ–ˆâ–ˆâ–ˆâ– | 331/390 [00:01<00:00, 204.58it/s, acc=100.00%, loss=0.0000]
BP Epoch 10/100:  90%|â–ˆâ–ˆâ–ˆâ–ˆâ–ˆâ–ˆâ–ˆâ–ˆâ–ˆ | 352/390 [00:01<00:00, 205.98it/s, acc=100.00%, loss=0.0000]
BP Epoch 10/100:  96%|â–ˆâ–ˆâ–ˆâ–ˆâ–ˆâ–ˆâ–ˆâ–ˆâ–ˆâ–Œ| 373/390 [00:01<00:00, 199.49it/s, acc=100.00%, loss=0.0000]
BP Epoch 10/100:  96%|â–ˆâ–ˆâ–ˆâ–ˆâ–ˆâ–ˆâ–ˆâ–ˆâ–ˆâ–Œ| 373/390 [00:01<00:00, 199.49it/s, acc=99.22%, loss=0.0084] 
                                                                                            

Evaluating BP Model:   0%|          | 0/40 [00:00<?, ?it/s]
Evaluating BP Model:  22%|â–ˆâ–ˆâ–Ž       | 9/40 [00:00<00:00, 76.02it/s]
Evaluating BP Model:  52%|â–ˆâ–ˆâ–ˆâ–ˆâ–ˆâ–Ž    | 21/40 [00:00<00:00, 93.98it/s]
Evaluating BP Model:  82%|â–ˆâ–ˆâ–ˆâ–ˆâ–ˆâ–ˆâ–ˆâ–ˆâ–Ž | 33/40 [00:00<00:00, 99.63it/s]
                                                                    

BP Epoch 11/100:   0%|          | 0/390 [00:00<?, ?it/s]
BP Epoch 11/100:   4%|â–         | 16/390 [00:00<00:02, 157.29it/s]
BP Epoch 11/100:   9%|â–‰         | 37/390 [00:00<00:01, 180.56it/s]
BP Epoch 11/100:  15%|â–ˆâ–Œ        | 59/390 [00:00<00:01, 196.52it/s]
BP Epoch 11/100:  21%|â–ˆâ–ˆ        | 81/390 [00:00<00:01, 198.28it/s]
BP Epoch 11/100:  21%|â–ˆâ–ˆ        | 81/390 [00:00<00:01, 198.28it/s, acc=100.00%, loss=0.0013]
BP Epoch 11/100:  26%|â–ˆâ–ˆâ–‹       | 103/390 [00:00<00:01, 203.80it/s, acc=100.00%, loss=0.0013]
BP Epoch 11/100:  32%|â–ˆâ–ˆâ–ˆâ–      | 124/390 [00:00<00:01, 205.80it/s, acc=100.00%, loss=0.0013]
BP Epoch 11/100:  37%|â–ˆâ–ˆâ–ˆâ–‹      | 145/390 [00:00<00:01, 203.15it/s, acc=100.00%, loss=0.0013]
BP Epoch 11/100:  43%|â–ˆâ–ˆâ–ˆâ–ˆâ–Ž     | 167/390 [00:00<00:01, 206.36it/s, acc=100.00%, loss=0.0013]
BP Epoch 11/100:  48%|â–ˆâ–ˆâ–ˆâ–ˆâ–Š     | 189/390 [00:00<00:00, 204.37it/s, acc=100.00%, loss=0.0013]
BP Epoch 11/100:  48%|â–ˆâ–ˆâ–ˆâ–ˆâ–Š     | 189/390 [00:00<00:00, 204.37it/s, acc=100.00%, loss=0.0034]
BP Epoch 11/100:  54%|â–ˆâ–ˆâ–ˆâ–ˆâ–ˆâ–    | 210/390 [00:01<00:00, 205.45it/s, acc=100.00%, loss=0.0034]
BP Epoch 11/100:  59%|â–ˆâ–ˆâ–ˆâ–ˆâ–ˆâ–‰    | 232/390 [00:01<00:00, 208.24it/s, acc=100.00%, loss=0.0034]
BP Epoch 11/100:  65%|â–ˆâ–ˆâ–ˆâ–ˆâ–ˆâ–ˆâ–   | 253/390 [00:01<00:00, 204.79it/s, acc=100.00%, loss=0.0034]
BP Epoch 11/100:  71%|â–ˆâ–ˆâ–ˆâ–ˆâ–ˆâ–ˆâ–ˆ   | 275/390 [00:01<00:00, 207.83it/s, acc=100.00%, loss=0.0034]
BP Epoch 11/100:  76%|â–ˆâ–ˆâ–ˆâ–ˆâ–ˆâ–ˆâ–ˆâ–Œ  | 296/390 [00:01<00:00, 205.78it/s, acc=100.00%, loss=0.0034]
BP Epoch 11/100:  76%|â–ˆâ–ˆâ–ˆâ–ˆâ–ˆâ–ˆâ–ˆâ–Œ  | 296/390 [00:01<00:00, 205.78it/s, acc=100.00%, loss=0.0042]
BP Epoch 11/100:  81%|â–ˆâ–ˆâ–ˆâ–ˆâ–ˆâ–ˆâ–ˆâ–ˆâ– | 317/390 [00:01<00:00, 205.55it/s, acc=100.00%, loss=0.0042]
BP Epoch 11/100:  87%|â–ˆâ–ˆâ–ˆâ–ˆâ–ˆâ–ˆâ–ˆâ–ˆâ–‹ | 339/390 [00:01<00:00, 208.50it/s, acc=100.00%, loss=0.0042]
BP Epoch 11/100:  92%|â–ˆâ–ˆâ–ˆâ–ˆâ–ˆâ–ˆâ–ˆâ–ˆâ–ˆâ–| 360/390 [00:01<00:00, 204.20it/s, acc=100.00%, loss=0.0042]
BP Epoch 11/100:  98%|â–ˆâ–ˆâ–ˆâ–ˆâ–ˆâ–ˆâ–ˆâ–ˆâ–ˆâ–Š| 381/390 [00:01<00:00, 205.48it/s, acc=100.00%, loss=0.0042]
BP Epoch 11/100:  98%|â–ˆâ–ˆâ–ˆâ–ˆâ–ˆâ–ˆâ–ˆâ–ˆâ–ˆâ–Š| 381/390 [00:01<00:00, 205.48it/s, acc=100.00%, loss=0.0000]
                                                                                             

Evaluating BP Model:   0%|          | 0/40 [00:00<?, ?it/s]
Evaluating BP Model:  22%|â–ˆâ–ˆâ–Ž       | 9/40 [00:00<00:00, 75.16it/s]
Evaluating BP Model:  52%|â–ˆâ–ˆâ–ˆâ–ˆâ–ˆâ–Ž    | 21/40 [00:00<00:00, 92.44it/s]
Evaluating BP Model:  82%|â–ˆâ–ˆâ–ˆâ–ˆâ–ˆâ–ˆâ–ˆâ–ˆâ–Ž | 33/40 [00:00<00:00, 98.80it/s]
                                                                    

BP Epoch 12/100:   0%|          | 0/390 [00:00<?, ?it/s]
BP Epoch 12/100:   4%|â–         | 16/390 [00:00<00:02, 158.23it/s]
BP Epoch 12/100:   9%|â–‰         | 37/390 [00:00<00:01, 182.33it/s]
BP Epoch 12/100:  15%|â–ˆâ–        | 58/390 [00:00<00:01, 194.47it/s]
BP Epoch 12/100:  21%|â–ˆâ–ˆ        | 80/390 [00:00<00:01, 202.78it/s]
BP Epoch 12/100:  21%|â–ˆâ–ˆ        | 80/390 [00:00<00:01, 202.78it/s, acc=100.00%, loss=0.0002]
BP Epoch 12/100:  26%|â–ˆâ–ˆâ–Œ       | 101/390 [00:00<00:01, 200.88it/s, acc=100.00%, loss=0.0002]
BP Epoch 12/100:  32%|â–ˆâ–ˆâ–ˆâ–      | 123/390 [00:00<00:01, 205.43it/s, acc=100.00%, loss=0.0002]
BP Epoch 12/100:  37%|â–ˆâ–ˆâ–ˆâ–‹      | 144/390 [00:00<00:01, 203.99it/s, acc=100.00%, loss=0.0002]
BP Epoch 12/100:  42%|â–ˆâ–ˆâ–ˆâ–ˆâ–     | 165/390 [00:00<00:01, 205.15it/s, acc=100.00%, loss=0.0002]
BP Epoch 12/100:  48%|â–ˆâ–ˆâ–ˆâ–ˆâ–Š     | 186/390 [00:00<00:00, 206.22it/s, acc=100.00%, loss=0.0002]
BP Epoch 12/100:  48%|â–ˆâ–ˆâ–ˆâ–ˆâ–Š     | 186/390 [00:00<00:00, 206.22it/s, acc=100.00%, loss=0.0000]
BP Epoch 12/100:  53%|â–ˆâ–ˆâ–ˆâ–ˆâ–ˆâ–Ž    | 207/390 [00:01<00:00, 206.94it/s, acc=100.00%, loss=0.0000]
BP Epoch 12/100:  58%|â–ˆâ–ˆâ–ˆâ–ˆâ–ˆâ–Š    | 228/390 [00:01<00:00, 203.00it/s, acc=100.00%, loss=0.0000]
BP Epoch 12/100:  64%|â–ˆâ–ˆâ–ˆâ–ˆâ–ˆâ–ˆâ–   | 249/390 [00:01<00:00, 204.62it/s, acc=100.00%, loss=0.0000]
BP Epoch 12/100:  69%|â–ˆâ–ˆâ–ˆâ–ˆâ–ˆâ–ˆâ–‰   | 270/390 [00:01<00:00, 206.06it/s, acc=100.00%, loss=0.0000]
BP Epoch 12/100:  75%|â–ˆâ–ˆâ–ˆâ–ˆâ–ˆâ–ˆâ–ˆâ–  | 291/390 [00:01<00:00, 207.13it/s, acc=100.00%, loss=0.0000]
BP Epoch 12/100:  75%|â–ˆâ–ˆâ–ˆâ–ˆâ–ˆâ–ˆâ–ˆâ–  | 291/390 [00:01<00:00, 207.13it/s, acc=100.00%, loss=0.0000]
BP Epoch 12/100:  80%|â–ˆâ–ˆâ–ˆâ–ˆâ–ˆâ–ˆâ–ˆâ–ˆ  | 312/390 [00:01<00:00, 203.18it/s, acc=100.00%, loss=0.0000]
BP Epoch 12/100:  85%|â–ˆâ–ˆâ–ˆâ–ˆâ–ˆâ–ˆâ–ˆâ–ˆâ–Œ | 333/390 [00:01<00:00, 204.87it/s, acc=100.00%, loss=0.0000]
BP Epoch 12/100:  91%|â–ˆâ–ˆâ–ˆâ–ˆâ–ˆâ–ˆâ–ˆâ–ˆâ–ˆ | 354/390 [00:01<00:00, 205.94it/s, acc=100.00%, loss=0.0000]
BP Epoch 12/100:  96%|â–ˆâ–ˆâ–ˆâ–ˆâ–ˆâ–ˆâ–ˆâ–ˆâ–ˆâ–Œ| 375/390 [00:01<00:00, 206.64it/s, acc=100.00%, loss=0.0000]
BP Epoch 12/100:  96%|â–ˆâ–ˆâ–ˆâ–ˆâ–ˆâ–ˆâ–ˆâ–ˆâ–ˆâ–Œ| 375/390 [00:01<00:00, 206.64it/s, acc=100.00%, loss=0.0000]
                                                                                             

Evaluating BP Model:   0%|          | 0/40 [00:00<?, ?it/s]
Evaluating BP Model:  22%|â–ˆâ–ˆâ–Ž       | 9/40 [00:00<00:00, 75.84it/s]
Evaluating BP Model:  52%|â–ˆâ–ˆâ–ˆâ–ˆâ–ˆâ–Ž    | 21/40 [00:00<00:00, 93.41it/s]
Evaluating BP Model:  82%|â–ˆâ–ˆâ–ˆâ–ˆâ–ˆâ–ˆâ–ˆâ–ˆâ–Ž | 33/40 [00:00<00:00, 99.26it/s]
                                                                    

BP Epoch 13/100:   0%|          | 0/390 [00:00<?, ?it/s]
BP Epoch 13/100:   4%|â–         | 17/390 [00:00<00:02, 156.51it/s]
BP Epoch 13/100:  10%|â–ˆ         | 39/390 [00:00<00:01, 190.86it/s]
BP Epoch 13/100:  16%|â–ˆâ–Œ        | 61/390 [00:00<00:01, 194.76it/s]
BP Epoch 13/100:  21%|â–ˆâ–ˆâ–       | 83/390 [00:00<00:01, 203.07it/s]
BP Epoch 13/100:  21%|â–ˆâ–ˆâ–       | 83/390 [00:00<00:01, 203.07it/s, acc=100.00%, loss=0.0001]
BP Epoch 13/100:  27%|â–ˆâ–ˆâ–‹       | 104/390 [00:00<00:01, 203.49it/s, acc=100.00%, loss=0.0001]
BP Epoch 13/100:  32%|â–ˆâ–ˆâ–ˆâ–      | 125/390 [00:00<00:01, 203.93it/s, acc=100.00%, loss=0.0001]
BP Epoch 13/100:  37%|â–ˆâ–ˆâ–ˆâ–‹      | 146/390 [00:00<00:01, 205.49it/s, acc=100.00%, loss=0.0001]
BP Epoch 13/100:  43%|â–ˆâ–ˆâ–ˆâ–ˆâ–Ž     | 168/390 [00:00<00:01, 203.77it/s, acc=100.00%, loss=0.0001][codecarbon INFO @ 05:36:00] Energy consumed for RAM : 0.000317 kWh. RAM Power : 38.0 W

BP Epoch 13/100:  48%|â–ˆâ–ˆâ–ˆâ–ˆâ–Š     | 189/390 [00:00<00:00, 205.49it/s, acc=100.00%, loss=0.0001]
BP Epoch 13/100:  48%|â–ˆâ–ˆâ–ˆâ–ˆâ–Š     | 189/390 [00:00<00:00, 205.49it/s, acc=100.00%, loss=0.0006]
BP Epoch 13/100:  54%|â–ˆâ–ˆâ–ˆâ–ˆâ–ˆâ–    | 210/390 [00:01<00:00, 206.70it/s, acc=100.00%, loss=0.0006]
BP Epoch 13/100:  59%|â–ˆâ–ˆâ–ˆâ–ˆâ–ˆâ–‰    | 231/390 [00:01<00:00, 207.58it/s, acc=100.00%, loss=0.0006]
BP Epoch 13/100:  65%|â–ˆâ–ˆâ–ˆâ–ˆâ–ˆâ–ˆâ–   | 252/390 [00:01<00:00, 203.37it/s, acc=100.00%, loss=0.0006]
BP Epoch 13/100:  70%|â–ˆâ–ˆâ–ˆâ–ˆâ–ˆâ–ˆâ–ˆ   | 274/390 [00:01<00:00, 206.67it/s, acc=100.00%, loss=0.0006][codecarbon INFO @ 05:36:01] Delta energy consumed for CPU with cpu_load : 0.000198 kWh, power : 49.21874999999999 W
[codecarbon INFO @ 05:36:01] Energy consumed for All CPU : 0.000462 kWh
[codecarbon INFO @ 05:36:01] Energy consumed for all GPUs : 0.000728 kWh. Total GPU Power : 87.42119793260437 W
[codecarbon INFO @ 05:36:01] 0.001507 kWh of electricity used since the beginning.

BP Epoch 13/100:  76%|â–ˆâ–ˆâ–ˆâ–ˆâ–ˆâ–ˆâ–ˆâ–Œ  | 296/390 [00:01<00:00, 204.67it/s, acc=100.00%, loss=0.0006]
BP Epoch 13/100:  76%|â–ˆâ–ˆâ–ˆâ–ˆâ–ˆâ–ˆâ–ˆâ–Œ  | 296/390 [00:01<00:00, 204.67it/s, acc=100.00%, loss=0.0000]
BP Epoch 13/100:  81%|â–ˆâ–ˆâ–ˆâ–ˆâ–ˆâ–ˆâ–ˆâ–ˆâ– | 317/390 [00:01<00:00, 206.00it/s, acc=100.00%, loss=0.0000]
BP Epoch 13/100:  87%|â–ˆâ–ˆâ–ˆâ–ˆâ–ˆâ–ˆâ–ˆâ–ˆâ–‹ | 338/390 [00:01<00:00, 201.94it/s, acc=100.00%, loss=0.0000]
BP Epoch 13/100:  92%|â–ˆâ–ˆâ–ˆâ–ˆâ–ˆâ–ˆâ–ˆâ–ˆâ–ˆâ–| 360/390 [00:01<00:00, 202.49it/s, acc=100.00%, loss=0.0000]
BP Epoch 13/100:  98%|â–ˆâ–ˆâ–ˆâ–ˆâ–ˆâ–ˆâ–ˆâ–ˆâ–ˆâ–Š| 382/390 [00:01<00:00, 206.33it/s, acc=100.00%, loss=0.0000]
BP Epoch 13/100:  98%|â–ˆâ–ˆâ–ˆâ–ˆâ–ˆâ–ˆâ–ˆâ–ˆâ–ˆâ–Š| 382/390 [00:01<00:00, 206.33it/s, acc=100.00%, loss=0.0038]
                                                                                             

Evaluating BP Model:   0%|          | 0/40 [00:00<?, ?it/s]
Evaluating BP Model:  22%|â–ˆâ–ˆâ–Ž       | 9/40 [00:00<00:00, 74.36it/s]
Evaluating BP Model:  52%|â–ˆâ–ˆâ–ˆâ–ˆâ–ˆâ–Ž    | 21/40 [00:00<00:00, 93.30it/s]
Evaluating BP Model:  82%|â–ˆâ–ˆâ–ˆâ–ˆâ–ˆâ–ˆâ–ˆâ–ˆâ–Ž | 33/40 [00:00<00:00, 98.98it/s]
                                                                    

BP Epoch 14/100:   0%|          | 0/390 [00:00<?, ?it/s]
BP Epoch 14/100:   4%|â–         | 16/390 [00:00<00:02, 157.21it/s]
BP Epoch 14/100:   9%|â–‰         | 37/390 [00:00<00:01, 181.22it/s]
BP Epoch 14/100:  15%|â–ˆâ–        | 58/390 [00:00<00:01, 193.49it/s]
BP Epoch 14/100:  20%|â–ˆâ–ˆ        | 79/390 [00:00<00:01, 199.88it/s]
BP Epoch 14/100:  20%|â–ˆâ–ˆ        | 79/390 [00:00<00:01, 199.88it/s, acc=99.22%, loss=0.0139]
BP Epoch 14/100:  26%|â–ˆâ–ˆâ–Œ       | 100/390 [00:00<00:01, 201.09it/s, acc=99.22%, loss=0.0139]
BP Epoch 14/100:  31%|â–ˆâ–ˆâ–ˆ       | 121/390 [00:00<00:01, 202.08it/s, acc=99.22%, loss=0.0139]
BP Epoch 14/100:  37%|â–ˆâ–ˆâ–ˆâ–‹      | 143/390 [00:00<00:01, 205.80it/s, acc=99.22%, loss=0.0139]
BP Epoch 14/100:  42%|â–ˆâ–ˆâ–ˆâ–ˆâ–     | 164/390 [00:00<00:01, 202.80it/s, acc=99.22%, loss=0.0139]
BP Epoch 14/100:  47%|â–ˆâ–ˆâ–ˆâ–ˆâ–‹     | 185/390 [00:00<00:01, 203.50it/s, acc=99.22%, loss=0.0139]
BP Epoch 14/100:  47%|â–ˆâ–ˆâ–ˆâ–ˆâ–‹     | 185/390 [00:01<00:01, 203.50it/s, acc=100.00%, loss=0.0000]
BP Epoch 14/100:  53%|â–ˆâ–ˆâ–ˆâ–ˆâ–ˆâ–Ž    | 206/390 [00:01<00:00, 203.86it/s, acc=100.00%, loss=0.0000]
BP Epoch 14/100:  58%|â–ˆâ–ˆâ–ˆâ–ˆâ–ˆâ–Š    | 227/390 [00:01<00:00, 204.89it/s, acc=100.00%, loss=0.0000]
BP Epoch 14/100:  64%|â–ˆâ–ˆâ–ˆâ–ˆâ–ˆâ–ˆâ–Ž   | 248/390 [00:01<00:00, 201.85it/s, acc=100.00%, loss=0.0000]
BP Epoch 14/100:  69%|â–ˆâ–ˆâ–ˆâ–ˆâ–ˆâ–ˆâ–‰   | 269/390 [00:01<00:00, 203.29it/s, acc=100.00%, loss=0.0000]
BP Epoch 14/100:  74%|â–ˆâ–ˆâ–ˆâ–ˆâ–ˆâ–ˆâ–ˆâ–  | 290/390 [00:01<00:00, 203.93it/s, acc=100.00%, loss=0.0000]
BP Epoch 14/100:  74%|â–ˆâ–ˆâ–ˆâ–ˆâ–ˆâ–ˆâ–ˆâ–  | 290/390 [00:01<00:00, 203.93it/s, acc=99.22%, loss=0.0068] 
BP Epoch 14/100:  80%|â–ˆâ–ˆâ–ˆâ–ˆâ–ˆâ–ˆâ–ˆâ–‰  | 311/390 [00:01<00:00, 204.79it/s, acc=99.22%, loss=0.0068]
BP Epoch 14/100:  85%|â–ˆâ–ˆâ–ˆâ–ˆâ–ˆâ–ˆâ–ˆâ–ˆâ–Œ | 332/390 [00:01<00:00, 200.62it/s, acc=99.22%, loss=0.0068]
BP Epoch 14/100:  91%|â–ˆâ–ˆâ–ˆâ–ˆâ–ˆâ–ˆâ–ˆâ–ˆâ–ˆ | 353/390 [00:01<00:00, 202.24it/s, acc=99.22%, loss=0.0068]
BP Epoch 14/100:  96%|â–ˆâ–ˆâ–ˆâ–ˆâ–ˆâ–ˆâ–ˆâ–ˆâ–ˆâ–Œ| 374/390 [00:01<00:00, 203.17it/s, acc=99.22%, loss=0.0068]
BP Epoch 14/100:  96%|â–ˆâ–ˆâ–ˆâ–ˆâ–ˆâ–ˆâ–ˆâ–ˆâ–ˆâ–Œ| 374/390 [00:01<00:00, 203.17it/s, acc=100.00%, loss=0.0021]
                                                                                             

Evaluating BP Model:   0%|          | 0/40 [00:00<?, ?it/s]
Evaluating BP Model:  22%|â–ˆâ–ˆâ–Ž       | 9/40 [00:00<00:00, 73.34it/s]
Evaluating BP Model:  52%|â–ˆâ–ˆâ–ˆâ–ˆâ–ˆâ–Ž    | 21/40 [00:00<00:00, 91.51it/s]
Evaluating BP Model:  82%|â–ˆâ–ˆâ–ˆâ–ˆâ–ˆâ–ˆâ–ˆâ–ˆâ–Ž | 33/40 [00:00<00:00, 97.93it/s]
                                                                    

BP Epoch 15/100:   0%|          | 0/390 [00:00<?, ?it/s]
BP Epoch 15/100:   4%|â–         | 16/390 [00:00<00:02, 155.57it/s]
BP Epoch 15/100:   9%|â–‰         | 37/390 [00:00<00:01, 181.19it/s]
BP Epoch 15/100:  15%|â–ˆâ–Œ        | 59/390 [00:00<00:01, 195.91it/s]
BP Epoch 15/100:  21%|â–ˆâ–ˆ        | 80/390 [00:00<00:01, 200.88it/s]
BP Epoch 15/100:  21%|â–ˆâ–ˆ        | 80/390 [00:00<00:01, 200.88it/s, acc=100.00%, loss=0.0001]
BP Epoch 15/100:  26%|â–ˆâ–ˆâ–Œ       | 101/390 [00:00<00:01, 199.63it/s, acc=100.00%, loss=0.0001]
BP Epoch 15/100:  32%|â–ˆâ–ˆâ–ˆâ–      | 123/390 [00:00<00:01, 205.63it/s, acc=100.00%, loss=0.0001]
BP Epoch 15/100:  37%|â–ˆâ–ˆâ–ˆâ–‹      | 145/390 [00:00<00:01, 204.08it/s, acc=100.00%, loss=0.0001]
BP Epoch 15/100:  43%|â–ˆâ–ˆâ–ˆâ–ˆâ–Ž     | 167/390 [00:00<00:01, 207.05it/s, acc=100.00%, loss=0.0001]
BP Epoch 15/100:  48%|â–ˆâ–ˆâ–ˆâ–ˆâ–Š     | 188/390 [00:00<00:00, 207.17it/s, acc=100.00%, loss=0.0001]
BP Epoch 15/100:  48%|â–ˆâ–ˆâ–ˆâ–ˆâ–Š     | 188/390 [00:00<00:00, 207.17it/s, acc=100.00%, loss=0.0000]
BP Epoch 15/100:  54%|â–ˆâ–ˆâ–ˆâ–ˆâ–ˆâ–Ž    | 209/390 [00:01<00:00, 203.80it/s, acc=100.00%, loss=0.0000]
BP Epoch 15/100:  59%|â–ˆâ–ˆâ–ˆâ–ˆâ–ˆâ–‰    | 231/390 [00:01<00:00, 206.83it/s, acc=100.00%, loss=0.0000]
BP Epoch 15/100:  65%|â–ˆâ–ˆâ–ˆâ–ˆâ–ˆâ–ˆâ–   | 253/390 [00:01<00:00, 205.12it/s, acc=100.00%, loss=0.0000]
BP Epoch 15/100:  70%|â–ˆâ–ˆâ–ˆâ–ˆâ–ˆâ–ˆâ–ˆ   | 274/390 [00:01<00:00, 205.98it/s, acc=100.00%, loss=0.0000]
BP Epoch 15/100:  76%|â–ˆâ–ˆâ–ˆâ–ˆâ–ˆâ–ˆâ–ˆâ–Œ  | 296/390 [00:01<00:00, 208.51it/s, acc=100.00%, loss=0.0000]
BP Epoch 15/100:  76%|â–ˆâ–ˆâ–ˆâ–ˆâ–ˆâ–ˆâ–ˆâ–Œ  | 296/390 [00:01<00:00, 208.51it/s, acc=100.00%, loss=0.0003]
BP Epoch 15/100:  81%|â–ˆâ–ˆâ–ˆâ–ˆâ–ˆâ–ˆâ–ˆâ–ˆâ– | 317/390 [00:01<00:00, 205.19it/s, acc=100.00%, loss=0.0003]
BP Epoch 15/100:  87%|â–ˆâ–ˆâ–ˆâ–ˆâ–ˆâ–ˆâ–ˆâ–ˆâ–‹ | 338/390 [00:01<00:00, 205.85it/s, acc=100.00%, loss=0.0003]
BP Epoch 15/100:  92%|â–ˆâ–ˆâ–ˆâ–ˆâ–ˆâ–ˆâ–ˆâ–ˆâ–ˆâ–| 359/390 [00:01<00:00, 206.91it/s, acc=100.00%, loss=0.0003]
BP Epoch 15/100:  97%|â–ˆâ–ˆâ–ˆâ–ˆâ–ˆâ–ˆâ–ˆâ–ˆâ–ˆâ–‹| 380/390 [00:01<00:00, 207.52it/s, acc=100.00%, loss=0.0003]
BP Epoch 15/100:  97%|â–ˆâ–ˆâ–ˆâ–ˆâ–ˆâ–ˆâ–ˆâ–ˆâ–ˆâ–‹| 380/390 [00:01<00:00, 207.52it/s, acc=99.22%, loss=0.0111] 
                                                                                            

Evaluating BP Model:   0%|          | 0/40 [00:00<?, ?it/s]
Evaluating BP Model:  22%|â–ˆâ–ˆâ–Ž       | 9/40 [00:00<00:00, 74.82it/s]
Evaluating BP Model:  52%|â–ˆâ–ˆâ–ˆâ–ˆâ–ˆâ–Ž    | 21/40 [00:00<00:00, 91.38it/s]
Evaluating BP Model:  82%|â–ˆâ–ˆâ–ˆâ–ˆâ–ˆâ–ˆâ–ˆâ–ˆâ–Ž | 33/40 [00:00<00:00, 97.96it/s]
                                                                    

BP Epoch 16/100:   0%|          | 0/390 [00:00<?, ?it/s]
BP Epoch 16/100:   3%|â–Ž         | 13/390 [00:00<00:02, 126.95it/s]
BP Epoch 16/100:   9%|â–‰         | 35/390 [00:00<00:01, 179.97it/s]
BP Epoch 16/100:  14%|â–ˆâ–        | 56/390 [00:00<00:01, 193.16it/s]
BP Epoch 16/100:  20%|â–ˆâ–‰        | 77/390 [00:00<00:01, 196.43it/s]
BP Epoch 16/100:  25%|â–ˆâ–ˆâ–Œ       | 98/390 [00:00<00:01, 198.70it/s]
BP Epoch 16/100:  25%|â–ˆâ–ˆâ–Œ       | 98/390 [00:00<00:01, 198.70it/s, acc=100.00%, loss=0.0000]
BP Epoch 16/100:  31%|â–ˆâ–ˆâ–ˆ       | 119/390 [00:00<00:01, 202.13it/s, acc=100.00%, loss=0.0000]
BP Epoch 16/100:  36%|â–ˆâ–ˆâ–ˆâ–Œ      | 140/390 [00:00<00:01, 204.37it/s, acc=100.00%, loss=0.0000]
BP Epoch 16/100:  41%|â–ˆâ–ˆâ–ˆâ–ˆâ–     | 161/390 [00:00<00:01, 205.59it/s, acc=100.00%, loss=0.0000]
BP Epoch 16/100:  47%|â–ˆâ–ˆâ–ˆâ–ˆâ–‹     | 182/390 [00:00<00:01, 202.03it/s, acc=100.00%, loss=0.0000]
BP Epoch 16/100:  47%|â–ˆâ–ˆâ–ˆâ–ˆâ–‹     | 182/390 [00:01<00:01, 202.03it/s, acc=100.00%, loss=0.0006]
BP Epoch 16/100:  52%|â–ˆâ–ˆâ–ˆâ–ˆâ–ˆâ–    | 203/390 [00:01<00:00, 204.04it/s, acc=100.00%, loss=0.0006]
BP Epoch 16/100:  57%|â–ˆâ–ˆâ–ˆâ–ˆâ–ˆâ–‹    | 224/390 [00:01<00:00, 205.33it/s, acc=100.00%, loss=0.0006]
BP Epoch 16/100:  63%|â–ˆâ–ˆâ–ˆâ–ˆâ–ˆâ–ˆâ–Ž   | 245/390 [00:01<00:00, 206.32it/s, acc=100.00%, loss=0.0006]
BP Epoch 16/100:  68%|â–ˆâ–ˆâ–ˆâ–ˆâ–ˆâ–ˆâ–Š   | 266/390 [00:01<00:00, 202.41it/s, acc=100.00%, loss=0.0006]
BP Epoch 16/100:  74%|â–ˆâ–ˆâ–ˆâ–ˆâ–ˆâ–ˆâ–ˆâ–Ž  | 287/390 [00:01<00:00, 204.45it/s, acc=100.00%, loss=0.0006]
BP Epoch 16/100:  74%|â–ˆâ–ˆâ–ˆâ–ˆâ–ˆâ–ˆâ–ˆâ–Ž  | 287/390 [00:01<00:00, 204.45it/s, acc=100.00%, loss=0.0000]
BP Epoch 16/100:  79%|â–ˆâ–ˆâ–ˆâ–ˆâ–ˆâ–ˆâ–ˆâ–‰  | 308/390 [00:01<00:00, 205.57it/s, acc=100.00%, loss=0.0000]
BP Epoch 16/100:  84%|â–ˆâ–ˆâ–ˆâ–ˆâ–ˆâ–ˆâ–ˆâ–ˆâ– | 329/390 [00:01<00:00, 206.33it/s, acc=100.00%, loss=0.0000]
BP Epoch 16/100:  90%|â–ˆâ–ˆâ–ˆâ–ˆâ–ˆâ–ˆâ–ˆâ–ˆâ–‰ | 350/390 [00:01<00:00, 202.27it/s, acc=100.00%, loss=0.0000]
BP Epoch 16/100:  95%|â–ˆâ–ˆâ–ˆâ–ˆâ–ˆâ–ˆâ–ˆâ–ˆâ–ˆâ–Œ| 371/390 [00:01<00:00, 203.63it/s, acc=100.00%, loss=0.0000]
BP Epoch 16/100:  95%|â–ˆâ–ˆâ–ˆâ–ˆâ–ˆâ–ˆâ–ˆâ–ˆâ–ˆâ–Œ| 371/390 [00:01<00:00, 203.63it/s, acc=100.00%, loss=0.0023]
                                                                                             

Evaluating BP Model:   0%|          | 0/40 [00:00<?, ?it/s]
Evaluating BP Model:  22%|â–ˆâ–ˆâ–Ž       | 9/40 [00:00<00:00, 75.03it/s]
Evaluating BP Model:  52%|â–ˆâ–ˆâ–ˆâ–ˆâ–ˆâ–Ž    | 21/40 [00:00<00:00, 92.27it/s]
Evaluating BP Model:  82%|â–ˆâ–ˆâ–ˆâ–ˆâ–ˆâ–ˆâ–ˆâ–ˆâ–Ž | 33/40 [00:00<00:00, 98.17it/s]
                                                                    

Evaluating BP Model:   0%|          | 0/40 [00:00<?, ?it/s]
Evaluating BP Model:   2%|â–Ž         | 1/40 [00:00<00:04,  8.02it/s]
Evaluating BP Model:  32%|â–ˆâ–ˆâ–ˆâ–Ž      | 13/40 [00:00<00:00, 64.49it/s]
Evaluating BP Model:  62%|â–ˆâ–ˆâ–ˆâ–ˆâ–ˆâ–ˆâ–Ž   | 25/40 [00:00<00:00, 83.61it/s]
Evaluating BP Model:  92%|â–ˆâ–ˆâ–ˆâ–ˆâ–ˆâ–ˆâ–ˆâ–ˆâ–ˆâ–Ž| 37/40 [00:00<00:00, 93.04it/s]
                                                                    
[codecarbon INFO @ 05:36:09] Energy consumed for RAM : 0.000406 kWh. RAM Power : 38.0 W
[codecarbon INFO @ 05:36:10] Delta energy consumed for CPU with cpu_load : 0.000150 kWh, power : 63.945 W
[codecarbon INFO @ 05:36:10] Energy consumed for All CPU : 0.000613 kWh
[codecarbon INFO @ 05:36:10] Energy consumed for all GPUs : 0.000941 kWh. Total GPU Power : 85.34226066007562 W
[codecarbon INFO @ 05:36:10] 0.001959 kWh of electricity used since the beginning.
wandb:                                                                                
wandb: 
wandb: Run history:
wandb:                  BP_Baseline/Epoch â–â–â–‚â–ƒâ–ƒâ–ƒâ–„â–…â–…â–…â–†â–‡â–‡â–‡â–ˆ
wandb:     BP_Baseline/Epoch_Duration_Sec â–ˆâ–‚â–‚â–‚â–â–â–‚â–â–â–‚â–â–â–â–‚â–‚
wandb: BP_Baseline/GPU_Mem_Used_MiB_Batch â–â–â–â–â–ˆâ–ˆâ–ˆâ–ˆâ–ˆâ–ˆâ–ˆâ–ˆâ–ˆâ–ˆâ–ˆâ–ˆâ–ˆâ–ˆâ–ˆâ–ˆâ–ˆâ–ˆâ–ˆâ–ˆâ–ˆâ–ˆâ–ˆâ–ˆâ–ˆâ–ˆâ–ˆâ–ˆâ–ˆâ–ˆâ–ˆâ–ˆâ–ˆâ–ˆâ–ˆâ–ˆ
wandb:          BP_Baseline/Learning_Rate â–â–â–â–â–â–â–â–â–â–â–â–â–â–â–
wandb: BP_Baseline/Peak_GPU_Mem_Epoch_MiB â–â–ˆâ–ˆâ–ˆâ–ˆâ–ˆâ–ˆâ–ˆâ–ˆâ–ˆâ–ˆâ–ˆâ–ˆâ–ˆâ–ˆ
wandb:        BP_Baseline/Train_Acc_Batch â–…â–â–„â–…â–…â–ˆâ–‚â–‡â–…â–…â–ˆâ–ˆâ–„â–ˆâ–‡â–ˆâ–ˆâ–…â–ˆâ–ˆâ–ˆâ–‡â–ˆâ–…â–ˆâ–ˆâ–ˆâ–ˆâ–ˆâ–ˆâ–ˆâ–ˆâ–ˆâ–ˆâ–‡â–‡â–ˆâ–‡â–ˆâ–ˆ
wandb:        BP_Baseline/Train_Acc_Epoch â–â–…â–†â–‡â–‡â–‡â–‡â–ˆâ–ˆâ–ˆâ–ˆâ–ˆâ–ˆâ–ˆâ–ˆ
wandb:       BP_Baseline/Train_Loss_Batch â–„â–ˆâ–„â–ƒâ–„â–â–…â–â–ƒâ–‚â–â–â–„â–â–‚â–â–â–‚â–â–‚â–â–â–…â–â–â–â–â–â–â–â–â–â–â–â–â–â–â–â–â–
wandb:       BP_Baseline/Train_Loss_Epoch â–ˆâ–„â–ƒâ–‚â–‚â–‚â–‚â–â–â–â–â–â–â–â–
wandb:          BP_Baseline/Val_Acc_Epoch â–â–„â–„â–…â–†â–‡â–†â–‡â–†â–„â–‡â–†â–†â–‡â–ˆ
wandb:         BP_Baseline/Val_Loss_Epoch â–‚â–ƒâ–ƒâ–‚â–â–â–„â–‚â–†â–†â–„â–†â–…â–ˆâ–„
wandb:         estimated_bp_update_gflops â–
wandb:               estimated_fwd_gflops â–
wandb:                final/Test_Accuracy â–
wandb:                    final/Test_Loss â–
wandb:   final/codecarbon_emissions_gCO2e â–
wandb:   final/estimated_bp_update_gflops â–
wandb:         final/estimated_fwd_gflops â–
wandb:        final/peak_gpu_mem_used_mib â–
wandb:      final/total_gpu_energy_joules â–
wandb:          final/total_gpu_energy_wh â–
wandb:       final/total_run_duration_sec â–
wandb:        final/training_duration_sec â–
wandb:                        global_step â–â–â–â–‚â–‚â–‚â–‚â–ƒâ–ƒâ–ƒâ–ƒâ–ƒâ–ƒâ–„â–„â–„â–„â–„â–„â–…â–…â–…â–…â–…â–…â–…â–†â–†â–†â–†â–†â–†â–‡â–‡â–‡â–ˆâ–ˆâ–ˆâ–ˆâ–ˆ
wandb:           initial_gpu_mem_used_mib â–
wandb:             model_parameters_total â–
wandb:         model_parameters_trainable â–
wandb: 
wandb: Run summary:
wandb:                  BP_Baseline/Epoch 15
wandb:     BP_Baseline/Epoch_Duration_Sec 2.33618
wandb: BP_Baseline/GPU_Mem_Used_MiB_Batch 1080
wandb:          BP_Baseline/Learning_Rate 0.00157
wandb: BP_Baseline/Peak_GPU_Mem_Epoch_MiB 1080
wandb:        BP_Baseline/Train_Acc_Batch 100
wandb:        BP_Baseline/Train_Acc_Epoch 99.6895
wandb:       BP_Baseline/Train_Loss_Batch 0.00228
wandb:       BP_Baseline/Train_Loss_Epoch 0.0147
wandb:          BP_Baseline/Val_Acc_Epoch 99.1
wandb:         BP_Baseline/Val_Loss_Epoch 0.074
wandb:             codecarbon_country_iso POL
wandb:                 codecarbon_enabled True
wandb:                    codecarbon_mode offline
wandb:         estimated_bp_update_gflops 0.21839
wandb:               estimated_fwd_gflops 0.0728
wandb:                final/Test_Accuracy 99.11
wandb:                    final/Test_Loss 0.07029
wandb:   final/codecarbon_emissions_gCO2e 1.29699
wandb:   final/estimated_bp_update_gflops 0.21839
wandb:         final/estimated_fwd_gflops 0.0728
wandb:        final/peak_gpu_mem_used_mib 1080
wandb:      final/total_gpu_energy_joules 3282.0985
wandb:          final/total_gpu_energy_wh 0.91169
wandb:       final/total_run_duration_sec 41.04742
wandb:        final/training_duration_sec 37.62744
wandb:           initial_gpu_mem_used_mib 336.625
wandb:             model_parameters_total 674410
wandb:         model_parameters_trainable 674410
wandb: 
wandb: ðŸš€ View run bp_baseline_mnist_cnn_3block at: https://wandb.ai/przspyra11/BeyondBackpropagation/runs/8lxfbpyq
wandb: â­ï¸ View project at: https://wandb.ai/przspyra11/BeyondBackpropagation
wandb: Synced 5 W&B file(s), 0 media file(s), 0 artifact file(s) and 0 other file(s)
wandb: Find logs at: ./wandb/run-20250505_053529-8lxfbpyq/logs
