 binutils/2.38 loaded.
 bzip2/1.0.8 loaded.
 zlib/1.2.12 loaded.
 ncurses/6.3 loaded.
 libreadline/8.1.2 loaded.
 Tcl/8.6.12 loaded.
 SQLite/3.38.3 loaded.
 XZ/5.2.5 loaded.
 GMP/6.2.1 loaded.
 libffi/3.4.2 loaded.
 OpenSSL/1.1 loaded.
 Python/3.10.4 loaded.
 CUDA/12.4.0 loaded.

Currently Loaded Modules:
  1) binutils/2.38   5) libreadline/8.1.2   9) GMP/6.2.1      13) CUDA/12.4.0
  2) bzip2/1.0.8     6) Tcl/8.6.12         10) libffi/3.4.2
  3) zlib/1.2.12     7) SQLite/3.38.3      11) OpenSSL/1.1
  4) ncurses/6.3     8) XZ/5.2.5           12) Python/3.10.4

 

2025-05-08 03:23:21,771 - src.utils.config_parser - INFO - Successfully merged configuration from configs/cafo/cafodfa_fashion_mnist_cnn_3block.yaml and configs/base.yaml
wandb: Using wandb-core as the SDK backend.  Please refer to https://wandb.me/wandb-core for more information.
wandb: Currently logged in as: przspyra11 (agh_racing) to https://api.wandb.ai. Use `wandb login --relogin` to force relogin
wandb: Tracking run with wandb version 0.19.8
wandb: Run data is saved locally in /net/tscratch/people/plgspyra/BeyondBackpropagation/wandb/run-20250508_032322-52g16vej
wandb: Run `wandb offline` to turn off syncing.
wandb: Syncing run cafodfa_fashion_mnist_cnn_3block
wandb: ⭐️ View project at https://wandb.ai/przspyra11/BeyondBackpropagation
wandb: 🚀 View run at https://wandb.ai/przspyra11/BeyondBackpropagation/runs/52g16vej
[codecarbon INFO @ 03:23:23] offline tracker init
[codecarbon WARNING @ 03:23:23] Multiple instances of codecarbon are allowed to run at the same time.
[codecarbon INFO @ 03:23:23] [setup] RAM Tracking...
[codecarbon INFO @ 03:23:23] [setup] CPU Tracking...
[codecarbon WARNING @ 03:23:23] No CPU tracking mode found. Falling back on estimation based on TDP for CPU. 
 Linux OS detected: Please ensure RAPL files exist at /sys/class/powercap/intel-rapl/subsystem to measure CPU

[codecarbon INFO @ 03:23:23] CPU Model on constant consumption mode: AMD EPYC 7742 64-Core Processor
[codecarbon WARNING @ 03:23:23] No CPU tracking mode found. Falling back on CPU load mode.
[codecarbon INFO @ 03:23:23] [setup] GPU Tracking...
[codecarbon INFO @ 03:23:23] Tracking Nvidia GPU via pynvml
[codecarbon INFO @ 03:23:23] The below tracking methods have been set up:
                RAM Tracking Method: RAM power estimation model
                CPU Tracking Method: cpu_load
                GPU Tracking Method: pynvml
            
[codecarbon INFO @ 03:23:23] >>> Tracker's metadata:
[codecarbon INFO @ 03:23:23]   Platform system: Linux-5.14.0-503.26.1.el9_5.x86_64-x86_64-with-glibc2.34
[codecarbon INFO @ 03:23:23]   Python version: 3.10.4
[codecarbon INFO @ 03:23:23]   CodeCarbon version: 3.0.1
[codecarbon INFO @ 03:23:23]   Available RAM : 125.000 GB
[codecarbon INFO @ 03:23:23]   CPU count: 16 thread(s) in 2 physical CPU(s)
[codecarbon INFO @ 03:23:23]   CPU model: AMD EPYC 7742 64-Core Processor
[codecarbon INFO @ 03:23:23]   GPU count: 1
[codecarbon INFO @ 03:23:23]   GPU model: 1 x NVIDIA A100-SXM4-40GB BUT only tracking these GPU ids : [0]
[codecarbon INFO @ 03:23:23] Emissions data (if any) will be saved to file /net/tscratch/people/plgspyra/BeyondBackpropagation/results/carbon/cafodfa_fashion_mnist_cnn_3block_carbon.csv

DFA Block Epoch 1/15:   0%|          | 0/421 [00:00<?, ?it/s]
DFA Block Epoch 1/15:   0%|          | 1/421 [00:00<01:11,  5.87it/s]
DFA Block Epoch 1/15:   5%|▌         | 22/421 [00:00<00:04, 97.36it/s]
DFA Block Epoch 1/15:  10%|▉         | 42/421 [00:00<00:02, 136.92it/s]
DFA Block Epoch 1/15:  14%|█▍        | 61/421 [00:00<00:02, 153.72it/s]
DFA Block Epoch 1/15:  19%|█▉        | 81/421 [00:00<00:02, 166.97it/s]
DFA Block Epoch 1/15:  25%|██▍       | 104/421 [00:00<00:01, 186.63it/s]
DFA Block Epoch 1/15:  30%|███       | 127/421 [00:00<00:01, 196.46it/s]
DFA Block Epoch 1/15:  35%|███▌      | 148/421 [00:00<00:01, 199.35it/s]
DFA Block Epoch 1/15:  40%|████      | 169/421 [00:00<00:01, 201.09it/s]
DFA Block Epoch 1/15:  45%|████▌     | 190/421 [00:01<00:01, 202.72it/s]
DFA Block Epoch 1/15:  50%|█████     | 211/421 [00:01<00:01, 202.09it/s]
DFA Block Epoch 1/15:  55%|█████▌    | 232/421 [00:01<00:00, 202.59it/s]
DFA Block Epoch 1/15:  60%|██████    | 253/421 [00:01<00:00, 203.77it/s]
DFA Block Epoch 1/15:  65%|██████▌   | 274/421 [00:01<00:00, 204.69it/s]
DFA Block Epoch 1/15:  70%|███████   | 295/421 [00:01<00:00, 204.40it/s]
DFA Block Epoch 1/15:  75%|███████▌  | 316/421 [00:01<00:00, 204.37it/s]
DFA Block Epoch 1/15:  80%|████████  | 337/421 [00:01<00:00, 205.21it/s]
DFA Block Epoch 1/15:  85%|████████▌ | 358/421 [00:01<00:00, 205.37it/s]
DFA Block Epoch 1/15:  90%|█████████ | 379/421 [00:02<00:00, 203.76it/s]
DFA Block Epoch 1/15:  95%|█████████▌| 400/421 [00:02<00:00, 203.87it/s]
DFA Block Epoch 1/15:  95%|█████████▌| 400/421 [00:02<00:00, 203.87it/s, acc=85.16%, loss=0.4057]
DFA Block Epoch 1/15: 100%|██████████| 421/421 [00:02<00:00, 199.64it/s, acc=85.16%, loss=0.4057]
                                                                                                 

DFA Block Epoch 2/15:   0%|          | 0/421 [00:00<?, ?it/s]
DFA Block Epoch 2/15:   4%|▎         | 15/421 [00:00<00:02, 145.96it/s]
DFA Block Epoch 2/15:   9%|▊         | 36/421 [00:00<00:02, 182.02it/s]
DFA Block Epoch 2/15:  14%|█▎        | 57/421 [00:00<00:01, 193.53it/s]
DFA Block Epoch 2/15:  19%|█▊        | 78/421 [00:00<00:01, 198.24it/s]
DFA Block Epoch 2/15:  24%|██▎       | 99/421 [00:00<00:01, 200.96it/s]
DFA Block Epoch 2/15:  29%|██▊       | 120/421 [00:00<00:01, 202.25it/s]
DFA Block Epoch 2/15:  33%|███▎      | 141/421 [00:00<00:01, 203.24it/s]
DFA Block Epoch 2/15:  38%|███▊      | 162/421 [00:00<00:01, 204.14it/s]
DFA Block Epoch 2/15:  43%|████▎     | 183/421 [00:00<00:01, 203.86it/s]
DFA Block Epoch 2/15:  48%|████▊     | 204/421 [00:01<00:01, 204.34it/s]
DFA Block Epoch 2/15:  53%|█████▎    | 225/421 [00:01<00:00, 204.49it/s]
DFA Block Epoch 2/15:  58%|█████▊    | 246/421 [00:01<00:00, 204.88it/s]
DFA Block Epoch 2/15:  63%|██████▎   | 267/421 [00:01<00:00, 203.37it/s]
DFA Block Epoch 2/15:  68%|██████▊   | 288/421 [00:01<00:00, 204.32it/s]
DFA Block Epoch 2/15:  73%|███████▎  | 309/421 [00:01<00:00, 204.53it/s]
DFA Block Epoch 2/15:  78%|███████▊  | 330/421 [00:01<00:00, 205.28it/s]
DFA Block Epoch 2/15:  83%|████████▎ | 351/421 [00:01<00:00, 203.86it/s]
DFA Block Epoch 2/15:  88%|████████▊ | 372/421 [00:01<00:00, 204.09it/s]
DFA Block Epoch 2/15:  93%|█████████▎| 393/421 [00:01<00:00, 204.34it/s]
DFA Block Epoch 2/15:  98%|█████████▊| 414/421 [00:02<00:00, 199.81it/s]
DFA Block Epoch 2/15:  98%|█████████▊| 414/421 [00:02<00:00, 199.81it/s, acc=89.84%, loss=0.2569]
                                                                                                 

DFA Block Epoch 3/15:   0%|          | 0/421 [00:00<?, ?it/s]
DFA Block Epoch 3/15:   4%|▎         | 15/421 [00:00<00:02, 149.62it/s]
DFA Block Epoch 3/15:   9%|▊         | 36/421 [00:00<00:02, 184.70it/s]
DFA Block Epoch 3/15:  14%|█▎        | 57/421 [00:00<00:01, 193.20it/s]
DFA Block Epoch 3/15:  19%|█▊        | 78/421 [00:00<00:01, 199.30it/s]
DFA Block Epoch 3/15:  24%|██▎       | 99/421 [00:00<00:01, 202.60it/s]
DFA Block Epoch 3/15:  29%|██▊       | 120/421 [00:00<00:01, 204.03it/s]
DFA Block Epoch 3/15:  33%|███▎      | 141/421 [00:00<00:01, 203.64it/s]
DFA Block Epoch 3/15:  38%|███▊      | 162/421 [00:00<00:01, 204.83it/s]
DFA Block Epoch 3/15:  43%|████▎     | 183/421 [00:00<00:01, 205.76it/s]
DFA Block Epoch 3/15:  48%|████▊     | 204/421 [00:01<00:01, 206.35it/s]
DFA Block Epoch 3/15:  53%|█████▎    | 225/421 [00:01<00:00, 205.52it/s]
DFA Block Epoch 3/15:  58%|█████▊    | 246/421 [00:01<00:00, 206.73it/s]
DFA Block Epoch 3/15:  63%|██████▎   | 267/421 [00:01<00:00, 206.95it/s]
DFA Block Epoch 3/15:  68%|██████▊   | 288/421 [00:01<00:00, 205.61it/s]
DFA Block Epoch 3/15:  73%|███████▎  | 309/421 [00:01<00:00, 205.88it/s]
DFA Block Epoch 3/15:  78%|███████▊  | 330/421 [00:01<00:00, 206.52it/s]
DFA Block Epoch 3/15:  83%|████████▎ | 351/421 [00:01<00:00, 206.84it/s]
DFA Block Epoch 3/15:  88%|████████▊ | 372/421 [00:01<00:00, 206.06it/s]
DFA Block Epoch 3/15:  93%|█████████▎| 393/421 [00:01<00:00, 206.00it/s]
DFA Block Epoch 3/15:  98%|█████████▊| 414/421 [00:02<00:00, 201.37it/s]
DFA Block Epoch 3/15:  98%|█████████▊| 414/421 [00:02<00:00, 201.37it/s, acc=96.88%, loss=0.1215]
                                                                                                 

DFA Block Epoch 4/15:   0%|          | 0/421 [00:00<?, ?it/s]
DFA Block Epoch 4/15:   4%|▎         | 15/421 [00:00<00:02, 149.50it/s]
DFA Block Epoch 4/15:   9%|▊         | 36/421 [00:00<00:02, 183.76it/s]
DFA Block Epoch 4/15:  14%|█▎        | 57/421 [00:00<00:01, 193.06it/s]
DFA Block Epoch 4/15:  19%|█▊        | 78/421 [00:00<00:01, 198.51it/s]
DFA Block Epoch 4/15:  24%|██▎       | 99/421 [00:00<00:01, 201.53it/s]
DFA Block Epoch 4/15:  29%|██▊       | 120/421 [00:00<00:01, 203.71it/s]
DFA Block Epoch 4/15:  33%|███▎      | 141/421 [00:00<00:01, 204.01it/s]
DFA Block Epoch 4/15:  38%|███▊      | 162/421 [00:00<00:01, 205.10it/s]
DFA Block Epoch 4/15:  43%|████▎     | 183/421 [00:00<00:01, 203.96it/s]
DFA Block Epoch 4/15:  48%|████▊     | 204/421 [00:01<00:01, 204.53it/s]
DFA Block Epoch 4/15:  53%|█████▎    | 225/421 [00:01<00:00, 204.94it/s]
DFA Block Epoch 4/15:  58%|█████▊    | 246/421 [00:01<00:00, 205.35it/s]
DFA Block Epoch 4/15:  63%|██████▎   | 267/421 [00:01<00:00, 203.88it/s]
DFA Block Epoch 4/15:  68%|██████▊   | 288/421 [00:01<00:00, 203.91it/s]
DFA Block Epoch 4/15:  73%|███████▎  | 309/421 [00:01<00:00, 204.46it/s]
DFA Block Epoch 4/15:  78%|███████▊  | 330/421 [00:01<00:00, 204.08it/s]
DFA Block Epoch 4/15:  83%|████████▎ | 351/421 [00:01<00:00, 204.18it/s]
DFA Block Epoch 4/15:  88%|████████▊ | 372/421 [00:01<00:00, 204.69it/s]
DFA Block Epoch 4/15:  93%|█████████▎| 393/421 [00:01<00:00, 204.66it/s]
DFA Block Epoch 4/15:  98%|█████████▊| 414/421 [00:02<00:00, 200.19it/s]
DFA Block Epoch 4/15:  98%|█████████▊| 414/421 [00:02<00:00, 200.19it/s, acc=95.31%, loss=0.1564]
                                                                                                 

DFA Block Epoch 5/15:   0%|          | 0/421 [00:00<?, ?it/s]
DFA Block Epoch 5/15:   3%|▎         | 14/421 [00:00<00:02, 137.84it/s]
DFA Block Epoch 5/15:   8%|▊         | 35/421 [00:00<00:02, 176.81it/s]
DFA Block Epoch 5/15:  13%|█▎        | 56/421 [00:00<00:01, 190.02it/s]
DFA Block Epoch 5/15:  18%|█▊        | 77/421 [00:00<00:01, 193.26it/s]
DFA Block Epoch 5/15:  23%|██▎       | 98/421 [00:00<00:01, 197.56it/s]
DFA Block Epoch 5/15:  28%|██▊       | 119/421 [00:00<00:01, 200.87it/s]
DFA Block Epoch 5/15:  33%|███▎      | 140/421 [00:00<00:01, 201.60it/s]
DFA Block Epoch 5/15:  38%|███▊      | 161/421 [00:00<00:01, 200.72it/s]
DFA Block Epoch 5/15:  43%|████▎     | 182/421 [00:00<00:01, 202.72it/s]
DFA Block Epoch 5/15:  48%|████▊     | 203/421 [00:01<00:01, 204.06it/s]
DFA Block Epoch 5/15:  53%|█████▎    | 224/421 [00:01<00:00, 203.96it/s]
DFA Block Epoch 5/15:  58%|█████▊    | 245/421 [00:01<00:00, 202.55it/s]
DFA Block Epoch 5/15:  63%|██████▎   | 266/421 [00:01<00:00, 203.21it/s]
DFA Block Epoch 5/15:  68%|██████▊   | 287/421 [00:01<00:00, 204.44it/s]
DFA Block Epoch 5/15:  73%|███████▎  | 308/421 [00:01<00:00, 204.43it/s]
DFA Block Epoch 5/15:  78%|███████▊  | 329/421 [00:01<00:00, 205.77it/s]
DFA Block Epoch 5/15:  83%|████████▎ | 350/421 [00:01<00:00, 206.23it/s]
DFA Block Epoch 5/15:  88%|████████▊ | 371/421 [00:01<00:00, 206.59it/s]
DFA Block Epoch 5/15:  93%|█████████▎| 392/421 [00:01<00:00, 206.77it/s]
DFA Block Epoch 5/15:  98%|█████████▊| 413/421 [00:02<00:00, 205.24it/s]
DFA Block Epoch 5/15:  98%|█████████▊| 413/421 [00:02<00:00, 205.24it/s, acc=97.66%, loss=0.1265]
                                                                                                 

DFA Block Epoch 6/15:   0%|          | 0/421 [00:00<?, ?it/s]
DFA Block Epoch 6/15:   3%|▎         | 14/421 [00:00<00:02, 139.91it/s]
DFA Block Epoch 6/15:   8%|▊         | 35/421 [00:00<00:02, 179.58it/s]
DFA Block Epoch 6/15:  13%|█▎        | 56/421 [00:00<00:01, 191.93it/s]
DFA Block Epoch 6/15:  18%|█▊        | 77/421 [00:00<00:01, 196.70it/s]
DFA Block Epoch 6/15:  23%|██▎       | 98/421 [00:00<00:01, 200.90it/s]
DFA Block Epoch 6/15:  28%|██▊       | 119/421 [00:00<00:01, 203.19it/s]
DFA Block Epoch 6/15:  33%|███▎      | 140/421 [00:00<00:01, 204.66it/s]
DFA Block Epoch 6/15:  38%|███▊      | 161/421 [00:00<00:01, 203.91it/s]
DFA Block Epoch 6/15:  43%|████▎     | 182/421 [00:00<00:01, 205.42it/s]
DFA Block Epoch 6/15:  48%|████▊     | 203/421 [00:01<00:01, 205.82it/s]
DFA Block Epoch 6/15:  53%|█████▎    | 224/421 [00:01<00:00, 205.84it/s]
DFA Block Epoch 6/15:  58%|█████▊    | 245/421 [00:01<00:00, 202.65it/s]
DFA Block Epoch 6/15:  63%|██████▎   | 266/421 [00:01<00:00, 203.65it/s]
DFA Block Epoch 6/15:  68%|██████▊   | 287/421 [00:01<00:00, 203.41it/s]
DFA Block Epoch 6/15:  73%|███████▎  | 308/421 [00:01<00:00, 204.75it/s]
DFA Block Epoch 6/15:  78%|███████▊  | 329/421 [00:01<00:00, 204.31it/s]
DFA Block Epoch 6/15:  83%|████████▎ | 350/421 [00:01<00:00, 205.09it/s]
DFA Block Epoch 6/15:  88%|████████▊ | 371/421 [00:01<00:00, 206.48it/s]
DFA Block Epoch 6/15:  93%|█████████▎| 392/421 [00:01<00:00, 206.99it/s]
DFA Block Epoch 6/15:  98%|█████████▊| 413/421 [00:02<00:00, 204.51it/s]
DFA Block Epoch 6/15:  98%|█████████▊| 413/421 [00:02<00:00, 204.51it/s, acc=96.88%, loss=0.0797]
                                                                                                 

DFA Block Epoch 7/15:   0%|          | 0/421 [00:00<?, ?it/s]
DFA Block Epoch 7/15:   3%|▎         | 13/421 [00:00<00:03, 129.80it/s]
DFA Block Epoch 7/15:   8%|▊         | 34/421 [00:00<00:02, 175.81it/s]
DFA Block Epoch 7/15:  13%|█▎        | 54/421 [00:00<00:01, 186.23it/s]
DFA Block Epoch 7/15:  18%|█▊        | 76/421 [00:00<00:01, 196.42it/s]
DFA Block Epoch 7/15:  23%|██▎       | 97/421 [00:00<00:01, 200.61it/s]
DFA Block Epoch 7/15:  28%|██▊       | 119/421 [00:00<00:01, 204.35it/s]
DFA Block Epoch 7/15:  33%|███▎      | 140/421 [00:00<00:01, 205.04it/s]
DFA Block Epoch 7/15:  38%|███▊      | 161/421 [00:00<00:01, 204.73it/s]
DFA Block Epoch 7/15:  43%|████▎     | 182/421 [00:00<00:01, 205.72it/s]
DFA Block Epoch 7/15:  48%|████▊     | 203/421 [00:01<00:01, 206.55it/s]
DFA Block Epoch 7/15:  53%|█████▎    | 224/421 [00:01<00:00, 206.61it/s]
DFA Block Epoch 7/15:  58%|█████▊    | 245/421 [00:01<00:00, 204.15it/s]
DFA Block Epoch 7/15:  63%|██████▎   | 266/421 [00:01<00:00, 205.48it/s][codecarbon INFO @ 03:23:38] Energy consumed for RAM : 0.000164 kWh. RAM Power : 38.0 W

DFA Block Epoch 7/15:  68%|██████▊   | 287/421 [00:01<00:00, 206.68it/s]
DFA Block Epoch 7/15:  73%|███████▎  | 308/421 [00:01<00:00, 206.80it/s]
DFA Block Epoch 7/15:  78%|███████▊  | 329/421 [00:01<00:00, 206.06it/s]
DFA Block Epoch 7/15:  83%|████████▎ | 350/421 [00:01<00:00, 206.37it/s]
DFA Block Epoch 7/15:  88%|████████▊ | 371/421 [00:01<00:00, 206.82it/s][codecarbon INFO @ 03:23:39] Delta energy consumed for CPU with cpu_load : 0.000247 kWh, power : 57.24 W
[codecarbon INFO @ 03:23:39] Energy consumed for All CPU : 0.000247 kWh
[codecarbon INFO @ 03:23:39] Energy consumed for all GPUs : 0.000561 kWh. Total GPU Power : 126.17794324620901 W
[codecarbon INFO @ 03:23:39] 0.000971 kWh of electricity used since the beginning.

DFA Block Epoch 7/15:  93%|█████████▎| 392/421 [00:01<00:00, 205.21it/s]
DFA Block Epoch 7/15:  98%|█████████▊| 414/421 [00:02<00:00, 200.78it/s]
DFA Block Epoch 7/15:  98%|█████████▊| 414/421 [00:02<00:00, 200.78it/s, acc=98.44%, loss=0.0685]
                                                                                                 

DFA Block Epoch 8/15:   0%|          | 0/421 [00:00<?, ?it/s]
DFA Block Epoch 8/15:   4%|▎         | 15/421 [00:00<00:02, 144.73it/s]
DFA Block Epoch 8/15:   9%|▊         | 36/421 [00:00<00:02, 178.54it/s]
DFA Block Epoch 8/15:  13%|█▎        | 56/421 [00:00<00:01, 187.49it/s]
DFA Block Epoch 8/15:  18%|█▊        | 76/421 [00:00<00:01, 190.45it/s]
DFA Block Epoch 8/15:  23%|██▎       | 97/421 [00:00<00:01, 194.56it/s]
DFA Block Epoch 8/15:  28%|██▊       | 117/421 [00:00<00:01, 196.21it/s]
DFA Block Epoch 8/15:  33%|███▎      | 138/421 [00:00<00:01, 198.64it/s]
DFA Block Epoch 8/15:  38%|███▊      | 159/421 [00:00<00:01, 199.25it/s]
DFA Block Epoch 8/15:  43%|████▎     | 180/421 [00:00<00:01, 200.95it/s]
DFA Block Epoch 8/15:  48%|████▊     | 201/421 [00:01<00:01, 201.72it/s]
DFA Block Epoch 8/15:  53%|█████▎    | 223/421 [00:01<00:00, 204.52it/s]
DFA Block Epoch 8/15:  58%|█████▊    | 245/421 [00:01<00:00, 208.88it/s]
DFA Block Epoch 8/15:  63%|██████▎   | 266/421 [00:01<00:00, 207.97it/s]
DFA Block Epoch 8/15:  68%|██████▊   | 287/421 [00:01<00:00, 207.22it/s]
DFA Block Epoch 8/15:  73%|███████▎  | 308/421 [00:01<00:00, 206.01it/s]
DFA Block Epoch 8/15:  78%|███████▊  | 329/421 [00:01<00:00, 204.69it/s]
DFA Block Epoch 8/15:  83%|████████▎ | 350/421 [00:01<00:00, 204.46it/s]
DFA Block Epoch 8/15:  88%|████████▊ | 371/421 [00:01<00:00, 204.62it/s]
DFA Block Epoch 8/15:  93%|█████████▎| 392/421 [00:01<00:00, 204.82it/s]
DFA Block Epoch 8/15:  98%|█████████▊| 413/421 [00:02<00:00, 203.35it/s]
DFA Block Epoch 8/15:  98%|█████████▊| 413/421 [00:02<00:00, 203.35it/s, acc=97.66%, loss=0.0678]
                                                                                                 

DFA Block Epoch 9/15:   0%|          | 0/421 [00:00<?, ?it/s]
DFA Block Epoch 9/15:   3%|▎         | 14/421 [00:00<00:02, 139.91it/s]
DFA Block Epoch 9/15:   8%|▊         | 35/421 [00:00<00:02, 178.50it/s]
DFA Block Epoch 9/15:  13%|█▎        | 56/421 [00:00<00:01, 190.53it/s]
DFA Block Epoch 9/15:  18%|█▊        | 77/421 [00:00<00:01, 194.72it/s]
DFA Block Epoch 9/15:  23%|██▎       | 98/421 [00:00<00:01, 198.35it/s]
DFA Block Epoch 9/15:  28%|██▊       | 119/421 [00:00<00:01, 201.42it/s]
DFA Block Epoch 9/15:  33%|███▎      | 140/421 [00:00<00:01, 202.96it/s]
DFA Block Epoch 9/15:  38%|███▊      | 162/421 [00:00<00:01, 207.80it/s]
DFA Block Epoch 9/15:  43%|████▎     | 183/421 [00:00<00:01, 206.86it/s]
DFA Block Epoch 9/15:  48%|████▊     | 204/421 [00:01<00:01, 206.95it/s]
DFA Block Epoch 9/15:  53%|█████▎    | 225/421 [00:01<00:00, 206.13it/s]
DFA Block Epoch 9/15:  58%|█████▊    | 246/421 [00:01<00:00, 205.94it/s]
DFA Block Epoch 9/15:  63%|██████▎   | 267/421 [00:01<00:00, 205.90it/s]
DFA Block Epoch 9/15:  68%|██████▊   | 288/421 [00:01<00:00, 206.27it/s]
DFA Block Epoch 9/15:  73%|███████▎  | 309/421 [00:01<00:00, 205.22it/s]
DFA Block Epoch 9/15:  78%|███████▊  | 330/421 [00:01<00:00, 206.60it/s]
DFA Block Epoch 9/15:  83%|████████▎ | 351/421 [00:01<00:00, 203.58it/s]
DFA Block Epoch 9/15:  88%|████████▊ | 372/421 [00:01<00:00, 200.82it/s]
DFA Block Epoch 9/15:  93%|█████████▎| 393/421 [00:01<00:00, 199.43it/s]
DFA Block Epoch 9/15:  98%|█████████▊| 413/421 [00:02<00:00, 198.46it/s]
DFA Block Epoch 9/15:  98%|█████████▊| 413/421 [00:02<00:00, 198.46it/s, acc=96.88%, loss=0.1183]
                                                                                                 

DFA Block Epoch 10/15:   0%|          | 0/421 [00:00<?, ?it/s]
DFA Block Epoch 10/15:   3%|▎         | 14/421 [00:00<00:02, 139.51it/s]
DFA Block Epoch 10/15:   8%|▊         | 35/421 [00:00<00:02, 179.31it/s]
DFA Block Epoch 10/15:  13%|█▎        | 56/421 [00:00<00:01, 191.25it/s]
DFA Block Epoch 10/15:  18%|█▊        | 77/421 [00:00<00:01, 198.53it/s]
DFA Block Epoch 10/15:  24%|██▎       | 99/421 [00:00<00:01, 203.26it/s]
DFA Block Epoch 10/15:  29%|██▊       | 120/421 [00:00<00:01, 204.35it/s]
DFA Block Epoch 10/15:  33%|███▎      | 141/421 [00:00<00:01, 202.51it/s]
DFA Block Epoch 10/15:  38%|███▊      | 162/421 [00:00<00:01, 203.88it/s]
DFA Block Epoch 10/15:  43%|████▎     | 183/421 [00:00<00:01, 205.25it/s]
DFA Block Epoch 10/15:  48%|████▊     | 204/421 [00:01<00:01, 205.49it/s]
DFA Block Epoch 10/15:  53%|█████▎    | 225/421 [00:01<00:00, 204.64it/s]
DFA Block Epoch 10/15:  58%|█████▊    | 246/421 [00:01<00:00, 204.96it/s]
DFA Block Epoch 10/15:  63%|██████▎   | 267/421 [00:01<00:00, 205.53it/s]
DFA Block Epoch 10/15:  68%|██████▊   | 288/421 [00:01<00:00, 205.16it/s]
DFA Block Epoch 10/15:  73%|███████▎  | 309/421 [00:01<00:00, 204.41it/s]
DFA Block Epoch 10/15:  78%|███████▊  | 330/421 [00:01<00:00, 204.82it/s]
DFA Block Epoch 10/15:  83%|████████▎ | 351/421 [00:01<00:00, 204.53it/s]
DFA Block Epoch 10/15:  88%|████████▊ | 372/421 [00:01<00:00, 205.48it/s]
DFA Block Epoch 10/15:  93%|█████████▎| 393/421 [00:01<00:00, 204.15it/s]
DFA Block Epoch 10/15:  98%|█████████▊| 414/421 [00:02<00:00, 198.86it/s]
DFA Block Epoch 10/15:  98%|█████████▊| 414/421 [00:02<00:00, 198.86it/s, acc=97.66%, loss=0.0733]
                                                                                                  

DFA Block Epoch 11/15:   0%|          | 0/421 [00:00<?, ?it/s]
DFA Block Epoch 11/15:   3%|▎         | 14/421 [00:00<00:02, 139.82it/s]
DFA Block Epoch 11/15:   8%|▊         | 35/421 [00:00<00:02, 180.02it/s]
DFA Block Epoch 11/15:  13%|█▎        | 55/421 [00:00<00:01, 188.74it/s]
DFA Block Epoch 11/15:  18%|█▊        | 76/421 [00:00<00:01, 195.74it/s]
DFA Block Epoch 11/15:  23%|██▎       | 97/421 [00:00<00:01, 199.00it/s]
DFA Block Epoch 11/15:  28%|██▊       | 118/421 [00:00<00:01, 201.89it/s]
DFA Block Epoch 11/15:  33%|███▎      | 139/421 [00:00<00:01, 202.53it/s]
DFA Block Epoch 11/15:  38%|███▊      | 160/421 [00:00<00:01, 204.33it/s]
DFA Block Epoch 11/15:  43%|████▎     | 181/421 [00:00<00:01, 204.34it/s]
DFA Block Epoch 11/15:  48%|████▊     | 202/421 [00:01<00:01, 204.78it/s]
DFA Block Epoch 11/15:  53%|█████▎    | 223/421 [00:01<00:00, 204.21it/s]
DFA Block Epoch 11/15:  58%|█████▊    | 244/421 [00:01<00:00, 201.13it/s]
DFA Block Epoch 11/15:  63%|██████▎   | 265/421 [00:01<00:00, 201.53it/s]
DFA Block Epoch 11/15:  68%|██████▊   | 286/421 [00:01<00:00, 202.32it/s]
DFA Block Epoch 11/15:  73%|███████▎  | 307/421 [00:01<00:00, 201.79it/s]
DFA Block Epoch 11/15:  78%|███████▊  | 329/421 [00:01<00:00, 205.37it/s]
DFA Block Epoch 11/15:  83%|████████▎ | 350/421 [00:01<00:00, 205.84it/s]
DFA Block Epoch 11/15:  88%|████████▊ | 372/421 [00:01<00:00, 208.31it/s]
DFA Block Epoch 11/15:  94%|█████████▎| 394/421 [00:01<00:00, 209.18it/s]
DFA Block Epoch 11/15:  99%|█████████▊| 415/421 [00:02<00:00, 201.88it/s]
DFA Block Epoch 11/15:  99%|█████████▊| 415/421 [00:02<00:00, 201.88it/s, acc=99.22%, loss=0.0352]
                                                                                                  

DFA Block Epoch 12/15:   0%|          | 0/421 [00:00<?, ?it/s]
DFA Block Epoch 12/15:   4%|▎         | 15/421 [00:00<00:02, 146.55it/s]
DFA Block Epoch 12/15:   9%|▊         | 36/421 [00:00<00:02, 181.73it/s]
DFA Block Epoch 12/15:  13%|█▎        | 56/421 [00:00<00:01, 186.72it/s]
DFA Block Epoch 12/15:  18%|█▊        | 77/421 [00:00<00:01, 194.65it/s]
DFA Block Epoch 12/15:  23%|██▎       | 98/421 [00:00<00:01, 199.89it/s]
DFA Block Epoch 12/15:  28%|██▊       | 119/421 [00:00<00:01, 202.51it/s]
DFA Block Epoch 12/15:  33%|███▎      | 141/421 [00:00<00:01, 205.02it/s]
DFA Block Epoch 12/15:  38%|███▊      | 162/421 [00:00<00:01, 205.21it/s]
DFA Block Epoch 12/15:  43%|████▎     | 183/421 [00:00<00:01, 205.91it/s]
DFA Block Epoch 12/15:  48%|████▊     | 204/421 [00:01<00:01, 206.07it/s]
DFA Block Epoch 12/15:  53%|█████▎    | 225/421 [00:01<00:00, 206.07it/s]
DFA Block Epoch 12/15:  58%|█████▊    | 246/421 [00:01<00:00, 205.79it/s]
DFA Block Epoch 12/15:  63%|██████▎   | 267/421 [00:01<00:00, 205.76it/s]
DFA Block Epoch 12/15:  68%|██████▊   | 288/421 [00:01<00:00, 205.14it/s]
DFA Block Epoch 12/15:  73%|███████▎  | 309/421 [00:01<00:00, 205.76it/s]
DFA Block Epoch 12/15:  78%|███████▊  | 330/421 [00:01<00:00, 205.13it/s]
DFA Block Epoch 12/15:  83%|████████▎ | 351/421 [00:01<00:00, 205.59it/s]
DFA Block Epoch 12/15:  88%|████████▊ | 372/421 [00:01<00:00, 204.88it/s]
DFA Block Epoch 12/15:  93%|█████████▎| 393/421 [00:01<00:00, 204.84it/s]
DFA Block Epoch 12/15:  98%|█████████▊| 414/421 [00:02<00:00, 197.34it/s]
DFA Block Epoch 12/15:  98%|█████████▊| 414/421 [00:02<00:00, 197.34it/s, acc=99.22%, loss=0.0404]
                                                                                                  

DFA Block Epoch 13/15:   0%|          | 0/421 [00:00<?, ?it/s]
DFA Block Epoch 13/15:   3%|▎         | 14/421 [00:00<00:02, 138.86it/s]
DFA Block Epoch 13/15:   8%|▊         | 35/421 [00:00<00:02, 177.22it/s]
DFA Block Epoch 13/15:  13%|█▎        | 56/421 [00:00<00:01, 188.39it/s]
DFA Block Epoch 13/15:  18%|█▊        | 77/421 [00:00<00:01, 195.24it/s]
DFA Block Epoch 13/15:  23%|██▎       | 97/421 [00:00<00:01, 196.38it/s]
DFA Block Epoch 13/15:  28%|██▊       | 118/421 [00:00<00:01, 198.30it/s]
DFA Block Epoch 13/15:  33%|███▎      | 138/421 [00:00<00:01, 198.41it/s]
DFA Block Epoch 13/15:  38%|███▊      | 159/421 [00:00<00:01, 199.26it/s]
DFA Block Epoch 13/15:  43%|████▎     | 180/421 [00:00<00:01, 199.52it/s]
DFA Block Epoch 13/15:  48%|████▊     | 200/421 [00:01<00:01, 198.06it/s]
DFA Block Epoch 13/15:  52%|█████▏    | 221/421 [00:01<00:01, 199.06it/s]
DFA Block Epoch 13/15:  58%|█████▊    | 243/421 [00:01<00:00, 202.42it/s]
DFA Block Epoch 13/15:  63%|██████▎   | 264/421 [00:01<00:00, 202.84it/s]
DFA Block Epoch 13/15:  68%|██████▊   | 285/421 [00:01<00:00, 204.56it/s]
DFA Block Epoch 13/15:  73%|███████▎  | 306/421 [00:01<00:00, 204.84it/s]
DFA Block Epoch 13/15:  78%|███████▊  | 327/421 [00:01<00:00, 205.07it/s]
DFA Block Epoch 13/15:  83%|████████▎ | 348/421 [00:01<00:00, 205.37it/s]
DFA Block Epoch 13/15:  88%|████████▊ | 369/421 [00:01<00:00, 206.72it/s]
DFA Block Epoch 13/15:  93%|█████████▎| 390/421 [00:01<00:00, 206.49it/s]
DFA Block Epoch 13/15:  98%|█████████▊| 412/421 [00:02<00:00, 207.60it/s]
DFA Block Epoch 13/15:  98%|█████████▊| 412/421 [00:02<00:00, 207.60it/s, acc=99.22%, loss=0.0381]
                                                                                                  

DFA Block Epoch 14/15:   0%|          | 0/421 [00:00<?, ?it/s]
DFA Block Epoch 14/15:   3%|▎         | 13/421 [00:00<00:03, 129.34it/s]
DFA Block Epoch 14/15:   8%|▊         | 34/421 [00:00<00:02, 174.00it/s]
DFA Block Epoch 14/15:  13%|█▎        | 55/421 [00:00<00:01, 189.26it/s]
DFA Block Epoch 14/15:  18%|█▊        | 76/421 [00:00<00:01, 195.94it/s]
DFA Block Epoch 14/15:  23%|██▎       | 97/421 [00:00<00:01, 197.29it/s]
DFA Block Epoch 14/15:  28%|██▊       | 118/421 [00:00<00:01, 199.99it/s]
DFA Block Epoch 14/15:  33%|███▎      | 139/421 [00:00<00:01, 200.99it/s]
DFA Block Epoch 14/15:  38%|███▊      | 160/421 [00:00<00:01, 202.28it/s]
DFA Block Epoch 14/15:  43%|████▎     | 181/421 [00:00<00:01, 201.91it/s]
DFA Block Epoch 14/15:  48%|████▊     | 202/421 [00:01<00:01, 203.04it/s]
DFA Block Epoch 14/15:  53%|█████▎    | 223/421 [00:01<00:00, 203.54it/s]
DFA Block Epoch 14/15:  58%|█████▊    | 244/421 [00:01<00:00, 203.83it/s]
DFA Block Epoch 14/15:  63%|██████▎   | 265/421 [00:01<00:00, 202.75it/s]
DFA Block Epoch 14/15:  68%|██████▊   | 286/421 [00:01<00:00, 203.61it/s]
DFA Block Epoch 14/15:  73%|███████▎  | 307/421 [00:01<00:00, 204.37it/s][codecarbon INFO @ 03:23:53] Energy consumed for RAM : 0.000317 kWh. RAM Power : 38.0 W

DFA Block Epoch 14/15:  78%|███████▊  | 328/421 [00:01<00:00, 203.81it/s]
DFA Block Epoch 14/15:  83%|████████▎ | 349/421 [00:01<00:00, 203.46it/s]
DFA Block Epoch 14/15:  88%|████████▊ | 370/421 [00:01<00:00, 204.49it/s]
DFA Block Epoch 14/15:  93%|█████████▎| 391/421 [00:01<00:00, 203.99it/s]
DFA Block Epoch 14/15:  98%|█████████▊| 412/421 [00:02<00:00, 204.15it/s]
DFA Block Epoch 14/15:  98%|█████████▊| 412/421 [00:02<00:00, 204.15it/s, acc=99.22%, loss=0.0219]
                                                                                                  

DFA Block Epoch 15/15:   0%|          | 0/421 [00:00<?, ?it/s][codecarbon INFO @ 03:23:54] Delta energy consumed for CPU with cpu_load : 0.000232 kWh, power : 57.65624999999999 W
[codecarbon INFO @ 03:23:54] Energy consumed for All CPU : 0.000479 kWh
[codecarbon INFO @ 03:23:54] Energy consumed for all GPUs : 0.001133 kWh. Total GPU Power : 137.36852807263446 W
[codecarbon INFO @ 03:23:54] 0.001929 kWh of electricity used since the beginning.

DFA Block Epoch 15/15:   3%|▎         | 14/421 [00:00<00:02, 138.37it/s]
DFA Block Epoch 15/15:   8%|▊         | 35/421 [00:00<00:02, 178.34it/s]
DFA Block Epoch 15/15:  13%|█▎        | 56/421 [00:00<00:01, 190.48it/s]
DFA Block Epoch 15/15:  18%|█▊        | 77/421 [00:00<00:01, 195.48it/s]
DFA Block Epoch 15/15:  23%|██▎       | 98/421 [00:00<00:01, 199.31it/s]
DFA Block Epoch 15/15:  28%|██▊       | 119/421 [00:00<00:01, 200.76it/s]
DFA Block Epoch 15/15:  33%|███▎      | 140/421 [00:00<00:01, 202.30it/s]
DFA Block Epoch 15/15:  38%|███▊      | 161/421 [00:00<00:01, 202.89it/s]
DFA Block Epoch 15/15:  43%|████▎     | 182/421 [00:00<00:01, 204.00it/s]
DFA Block Epoch 15/15:  48%|████▊     | 203/421 [00:01<00:01, 204.75it/s]
DFA Block Epoch 15/15:  53%|█████▎    | 224/421 [00:01<00:00, 205.50it/s]
DFA Block Epoch 15/15:  58%|█████▊    | 245/421 [00:01<00:00, 205.08it/s]
DFA Block Epoch 15/15:  63%|██████▎   | 266/421 [00:01<00:00, 205.65it/s]
DFA Block Epoch 15/15:  68%|██████▊   | 287/421 [00:01<00:00, 206.38it/s]
DFA Block Epoch 15/15:  73%|███████▎  | 308/421 [00:01<00:00, 207.27it/s]
DFA Block Epoch 15/15:  78%|███████▊  | 329/421 [00:01<00:00, 205.99it/s]
DFA Block Epoch 15/15:  83%|████████▎ | 350/421 [00:01<00:00, 206.63it/s]
DFA Block Epoch 15/15:  88%|████████▊ | 371/421 [00:01<00:00, 206.64it/s]
DFA Block Epoch 15/15:  93%|█████████▎| 392/421 [00:01<00:00, 207.22it/s]
DFA Block Epoch 15/15:  98%|█████████▊| 413/421 [00:02<00:00, 206.05it/s]
DFA Block Epoch 15/15:  98%|█████████▊| 413/421 [00:02<00:00, 206.05it/s, acc=98.44%, loss=0.0360]
                                                                                                  

Predictor_1 Epoch 1/85:   0%|          | 0/421 [00:00<?, ?it/s]
Predictor_1 Epoch 1/85:   4%|▍         | 17/421 [00:00<00:02, 156.63it/s]
Predictor_1 Epoch 1/85:   9%|▉         | 39/421 [00:00<00:02, 190.06it/s]
Predictor_1 Epoch 1/85:  14%|█▍        | 61/421 [00:00<00:01, 194.59it/s]
Predictor_1 Epoch 1/85:  20%|█▉        | 83/421 [00:00<00:01, 200.71it/s]
Predictor_1 Epoch 1/85:  25%|██▍       | 105/421 [00:00<00:01, 201.46it/s]
Predictor_1 Epoch 1/85:  30%|███       | 127/421 [00:00<00:01, 202.70it/s]
Predictor_1 Epoch 1/85:  35%|███▌      | 149/421 [00:00<00:01, 204.39it/s]
Predictor_1 Epoch 1/85:  41%|████      | 171/421 [00:00<00:01, 203.33it/s]
Predictor_1 Epoch 1/85:  46%|████▌     | 193/421 [00:00<00:01, 206.60it/s]
Predictor_1 Epoch 1/85:  51%|█████     | 215/421 [00:01<00:01, 203.50it/s]
Predictor_1 Epoch 1/85:  56%|█████▋    | 237/421 [00:01<00:00, 207.23it/s]
Predictor_1 Epoch 1/85:  62%|██████▏   | 259/421 [00:01<00:00, 203.61it/s]
Predictor_1 Epoch 1/85:  67%|██████▋   | 280/421 [00:01<00:00, 205.26it/s]
Predictor_1 Epoch 1/85:  72%|███████▏  | 303/421 [00:01<00:00, 203.25it/s]
Predictor_1 Epoch 1/85:  77%|███████▋  | 325/421 [00:01<00:00, 207.93it/s]
Predictor_1 Epoch 1/85:  82%|████████▏ | 347/421 [00:01<00:00, 203.16it/s]
Predictor_1 Epoch 1/85:  88%|████████▊ | 369/421 [00:01<00:00, 207.40it/s]
Predictor_1 Epoch 1/85:  93%|█████████▎| 391/421 [00:01<00:00, 202.91it/s]
Predictor_1 Epoch 1/85:  98%|█████████▊| 414/421 [00:02<00:00, 202.74it/s]
Predictor_1 Epoch 1/85:  98%|█████████▊| 414/421 [00:02<00:00, 202.74it/s, acc=89.84%, loss=0.3471]
                                                                                                   

Predictor_1 Epoch 2/85:   0%|          | 0/421 [00:00<?, ?it/s]
Predictor_1 Epoch 2/85:   4%|▍         | 17/421 [00:00<00:02, 149.47it/s]
Predictor_1 Epoch 2/85:  10%|▉         | 41/421 [00:00<00:02, 184.40it/s]
Predictor_1 Epoch 2/85:  15%|█▌        | 64/421 [00:00<00:01, 203.26it/s]
Predictor_1 Epoch 2/85:  20%|██        | 85/421 [00:00<00:01, 196.74it/s]
Predictor_1 Epoch 2/85:  25%|██▌       | 107/421 [00:00<00:01, 204.18it/s]
Predictor_1 Epoch 2/85:  31%|███       | 129/421 [00:00<00:01, 200.83it/s]
Predictor_1 Epoch 2/85:  36%|███▌      | 151/421 [00:00<00:01, 205.75it/s]
Predictor_1 Epoch 2/85:  41%|████      | 173/421 [00:00<00:01, 202.98it/s]
Predictor_1 Epoch 2/85:  46%|████▋     | 195/421 [00:00<00:01, 204.38it/s]
Predictor_1 Epoch 2/85:  52%|█████▏    | 217/421 [00:01<00:00, 204.62it/s]
Predictor_1 Epoch 2/85:  57%|█████▋    | 239/421 [00:01<00:00, 206.00it/s]
Predictor_1 Epoch 2/85:  62%|██████▏   | 261/421 [00:01<00:00, 206.23it/s]
Predictor_1 Epoch 2/85:  67%|██████▋   | 283/421 [00:01<00:00, 205.29it/s]
Predictor_1 Epoch 2/85:  72%|███████▏  | 305/421 [00:01<00:00, 207.93it/s]
Predictor_1 Epoch 2/85:  78%|███████▊  | 327/421 [00:01<00:00, 204.18it/s]
Predictor_1 Epoch 2/85:  83%|████████▎ | 349/421 [00:01<00:00, 208.11it/s]
Predictor_1 Epoch 2/85:  88%|████████▊ | 371/421 [00:01<00:00, 202.89it/s]
Predictor_1 Epoch 2/85:  93%|█████████▎| 393/421 [00:01<00:00, 207.09it/s]
Predictor_1 Epoch 2/85:  98%|█████████▊| 414/421 [00:02<00:00, 199.85it/s]
Predictor_1 Epoch 2/85:  98%|█████████▊| 414/421 [00:02<00:00, 199.85it/s, acc=87.50%, loss=0.4411]
                                                                                                   

Predictor_1 Epoch 3/85:   0%|          | 0/421 [00:00<?, ?it/s]
Predictor_1 Epoch 3/85:   4%|▍         | 17/421 [00:00<00:02, 151.80it/s]
Predictor_1 Epoch 3/85:  10%|▉         | 40/421 [00:00<00:01, 194.62it/s]
Predictor_1 Epoch 3/85:  14%|█▍        | 61/421 [00:00<00:01, 191.11it/s]
Predictor_1 Epoch 3/85:  20%|█▉        | 84/421 [00:00<00:01, 205.58it/s]
Predictor_1 Epoch 3/85:  25%|██▍       | 105/421 [00:00<00:01, 199.50it/s]
Predictor_1 Epoch 3/85:  30%|███       | 128/421 [00:00<00:01, 207.40it/s]
Predictor_1 Epoch 3/85:  35%|███▌      | 149/421 [00:00<00:01, 201.31it/s]
Predictor_1 Epoch 3/85:  41%|████      | 171/421 [00:00<00:01, 206.87it/s]
Predictor_1 Epoch 3/85:  46%|████▌     | 192/421 [00:00<00:01, 207.00it/s]
Predictor_1 Epoch 3/85:  51%|█████     | 213/421 [00:01<00:01, 203.60it/s]
Predictor_1 Epoch 3/85:  56%|█████▌    | 235/421 [00:01<00:00, 206.44it/s]
Predictor_1 Epoch 3/85:  61%|██████    | 256/421 [00:01<00:00, 204.34it/s]
Predictor_1 Epoch 3/85:  66%|██████▌   | 277/421 [00:01<00:00, 205.96it/s]
Predictor_1 Epoch 3/85:  71%|███████   | 299/421 [00:01<00:00, 205.51it/s]
Predictor_1 Epoch 3/85:  76%|███████▌  | 320/421 [00:01<00:00, 204.37it/s]
Predictor_1 Epoch 3/85:  81%|████████▏ | 343/421 [00:01<00:00, 205.98it/s]
Predictor_1 Epoch 3/85:  86%|████████▋ | 364/421 [00:01<00:00, 204.61it/s]
Predictor_1 Epoch 3/85:  92%|█████████▏| 387/421 [00:01<00:00, 206.35it/s]
Predictor_1 Epoch 3/85:  97%|█████████▋| 408/421 [00:02<00:00, 204.96it/s]
Predictor_1 Epoch 3/85:  97%|█████████▋| 408/421 [00:02<00:00, 204.96it/s, acc=89.84%, loss=0.2461]
                                                                                                   

Predictor_1 Epoch 4/85:   0%|          | 0/421 [00:00<?, ?it/s]
Predictor_1 Epoch 4/85:   4%|▍         | 17/421 [00:00<00:02, 155.10it/s]
Predictor_1 Epoch 4/85:   9%|▉         | 39/421 [00:00<00:01, 191.77it/s]
Predictor_1 Epoch 4/85:  14%|█▍        | 61/421 [00:00<00:01, 192.57it/s]
Predictor_1 Epoch 4/85:  20%|█▉        | 84/421 [00:00<00:01, 205.48it/s]
Predictor_1 Epoch 4/85:  25%|██▍       | 105/421 [00:00<00:01, 199.12it/s]
Predictor_1 Epoch 4/85:  30%|███       | 128/421 [00:00<00:01, 206.70it/s]
Predictor_1 Epoch 4/85:  35%|███▌      | 149/421 [00:00<00:01, 201.04it/s]
Predictor_1 Epoch 4/85:  41%|████      | 172/421 [00:00<00:01, 207.46it/s]
Predictor_1 Epoch 4/85:  46%|████▌     | 193/421 [00:00<00:01, 202.98it/s]
Predictor_1 Epoch 4/85:  51%|█████     | 215/421 [00:01<00:00, 207.76it/s]
Predictor_1 Epoch 4/85:  56%|█████▌    | 236/421 [00:01<00:00, 205.96it/s]
Predictor_1 Epoch 4/85:  61%|██████    | 257/421 [00:01<00:00, 203.79it/s]
Predictor_1 Epoch 4/85:  66%|██████▋   | 279/421 [00:01<00:00, 207.74it/s]
Predictor_1 Epoch 4/85:  71%|███████▏  | 300/421 [00:01<00:00, 204.38it/s]
Predictor_1 Epoch 4/85:  76%|███████▌  | 321/421 [00:01<00:00, 203.68it/s]
Predictor_1 Epoch 4/85:  81%|████████▏ | 343/421 [00:01<00:00, 208.04it/s]
Predictor_1 Epoch 4/85:  86%|████████▋ | 364/421 [00:01<00:00, 202.54it/s]
Predictor_1 Epoch 4/85:  91%|█████████▏| 385/421 [00:01<00:00, 204.61it/s]
Predictor_1 Epoch 4/85:  97%|█████████▋| 407/421 [00:01<00:00, 208.61it/s]
Predictor_1 Epoch 4/85:  97%|█████████▋| 407/421 [00:02<00:00, 208.61it/s, acc=89.06%, loss=0.3209]
                                                                                                   

Predictor_1 Epoch 5/85:   0%|          | 0/421 [00:00<?, ?it/s]
Predictor_1 Epoch 5/85:   4%|▍         | 17/421 [00:00<00:02, 155.90it/s]
Predictor_1 Epoch 5/85:  10%|▉         | 40/421 [00:00<00:01, 194.77it/s]
Predictor_1 Epoch 5/85:  14%|█▍        | 61/421 [00:00<00:01, 192.02it/s]
Predictor_1 Epoch 5/85:  20%|█▉        | 84/421 [00:00<00:01, 203.16it/s]
Predictor_1 Epoch 5/85:  25%|██▍       | 105/421 [00:00<00:01, 199.76it/s]
Predictor_1 Epoch 5/85:  30%|███       | 128/421 [00:00<00:01, 204.73it/s]
Predictor_1 Epoch 5/85:  35%|███▌      | 149/421 [00:00<00:01, 202.01it/s]
Predictor_1 Epoch 5/85:  41%|████      | 172/421 [00:00<00:01, 204.80it/s]
Predictor_1 Epoch 5/85:  46%|████▌     | 193/421 [00:00<00:01, 203.67it/s]
Predictor_1 Epoch 5/85:  51%|█████▏    | 216/421 [00:01<00:01, 204.17it/s]
Predictor_1 Epoch 5/85:  56%|█████▋    | 237/421 [00:01<00:00, 205.18it/s]
Predictor_1 Epoch 5/85:  61%|██████▏   | 258/421 [00:01<00:00, 199.21it/s]
Predictor_1 Epoch 5/85:  67%|██████▋   | 280/421 [00:01<00:00, 204.61it/s]
Predictor_1 Epoch 5/85:  71%|███████▏  | 301/421 [00:01<00:00, 200.16it/s]
Predictor_1 Epoch 5/85:  77%|███████▋  | 323/421 [00:01<00:00, 205.60it/s]
Predictor_1 Epoch 5/85:  82%|████████▏ | 344/421 [00:01<00:00, 204.78it/s]
Predictor_1 Epoch 5/85:  87%|████████▋ | 365/421 [00:01<00:00, 202.48it/s]
Predictor_1 Epoch 5/85:  92%|█████████▏| 387/421 [00:01<00:00, 207.36it/s]
Predictor_1 Epoch 5/85:  97%|█████████▋| 408/421 [00:02<00:00, 203.84it/s]
Predictor_1 Epoch 5/85:  97%|█████████▋| 408/421 [00:02<00:00, 203.84it/s, acc=92.19%, loss=0.2369]
                                                                                                   

Predictor_1 Epoch 6/85:   0%|          | 0/421 [00:00<?, ?it/s]
Predictor_1 Epoch 6/85:   4%|▍         | 17/421 [00:00<00:02, 156.59it/s]
Predictor_1 Epoch 6/85:   9%|▉         | 39/421 [00:00<00:01, 192.19it/s]
Predictor_1 Epoch 6/85:  14%|█▍        | 61/421 [00:00<00:01, 193.69it/s]
Predictor_1 Epoch 6/85:  20%|█▉        | 83/421 [00:00<00:01, 203.01it/s]
Predictor_1 Epoch 6/85:  25%|██▍       | 105/421 [00:00<00:01, 199.69it/s]
Predictor_1 Epoch 6/85:  30%|███       | 127/421 [00:00<00:01, 205.83it/s]
Predictor_1 Epoch 6/85:  35%|███▌      | 148/421 [00:00<00:01, 206.96it/s][codecarbon INFO @ 03:24:08] Energy consumed for RAM : 0.000470 kWh. RAM Power : 38.0 W

Predictor_1 Epoch 6/85:  40%|████      | 169/421 [00:00<00:01, 204.07it/s]
Predictor_1 Epoch 6/85:  45%|████▌     | 191/421 [00:00<00:01, 205.69it/s]
Predictor_1 Epoch 6/85:  50%|█████     | 212/421 [00:01<00:01, 206.13it/s]
Predictor_1 Epoch 6/85:  55%|█████▌    | 233/421 [00:01<00:00, 205.45it/s]
Predictor_1 Epoch 6/85:  61%|██████    | 255/421 [00:01<00:00, 205.05it/s][codecarbon INFO @ 03:24:09] Delta energy consumed for CPU with cpu_load : 0.000204 kWh, power : 50.596875000000004 W
[codecarbon INFO @ 03:24:09] Energy consumed for All CPU : 0.000682 kWh
[codecarbon INFO @ 03:24:09] Energy consumed for all GPUs : 0.001435 kWh. Total GPU Power : 72.30116765884773 W
[codecarbon INFO @ 03:24:09] 0.002587 kWh of electricity used since the beginning.

Predictor_1 Epoch 6/85:  66%|██████▌   | 276/421 [00:01<00:00, 205.86it/s]
Predictor_1 Epoch 6/85:  71%|███████   | 297/421 [00:01<00:00, 206.77it/s]
Predictor_1 Epoch 6/85:  76%|███████▌  | 319/421 [00:01<00:00, 204.58it/s]
Predictor_1 Epoch 6/85:  81%|████████  | 340/421 [00:01<00:00, 204.94it/s]
Predictor_1 Epoch 6/85:  86%|████████▌ | 363/421 [00:01<00:00, 205.17it/s]
Predictor_1 Epoch 6/85:  91%|█████████ | 384/421 [00:01<00:00, 205.00it/s]
Predictor_1 Epoch 6/85:  96%|█████████▋| 406/421 [00:01<00:00, 209.11it/s]
Predictor_1 Epoch 6/85:  96%|█████████▋| 406/421 [00:02<00:00, 209.11it/s, acc=87.50%, loss=0.2506]
                                                                                                   

Predictor_1 Epoch 7/85:   0%|          | 0/421 [00:00<?, ?it/s]
Predictor_1 Epoch 7/85:   4%|▍         | 17/421 [00:00<00:02, 148.51it/s]
Predictor_1 Epoch 7/85:   9%|▉         | 39/421 [00:00<00:02, 187.86it/s]
Predictor_1 Epoch 7/85:  14%|█▍        | 61/421 [00:00<00:01, 190.68it/s]
Predictor_1 Epoch 7/85:  20%|█▉        | 83/421 [00:00<00:01, 201.39it/s]
Predictor_1 Epoch 7/85:  25%|██▍       | 105/421 [00:00<00:01, 199.82it/s]
Predictor_1 Epoch 7/85:  30%|███       | 128/421 [00:00<00:01, 208.92it/s]
Predictor_1 Epoch 7/85:  35%|███▌      | 149/421 [00:00<00:01, 201.20it/s]
Predictor_1 Epoch 7/85:  41%|████      | 172/421 [00:00<00:01, 208.80it/s]
Predictor_1 Epoch 7/85:  46%|████▌     | 193/421 [00:00<00:01, 202.78it/s]
Predictor_1 Epoch 7/85:  51%|█████▏    | 216/421 [00:01<00:00, 208.50it/s]
Predictor_1 Epoch 7/85:  56%|█████▋    | 237/421 [00:01<00:00, 203.89it/s]
Predictor_1 Epoch 7/85:  62%|██████▏   | 260/421 [00:01<00:00, 208.62it/s]
Predictor_1 Epoch 7/85:  67%|██████▋   | 281/421 [00:01<00:00, 204.20it/s]
Predictor_1 Epoch 7/85:  72%|███████▏  | 304/421 [00:01<00:00, 207.72it/s]
Predictor_1 Epoch 7/85:  77%|███████▋  | 325/421 [00:01<00:00, 205.01it/s]
Predictor_1 Epoch 7/85:  83%|████████▎ | 348/421 [00:01<00:00, 207.37it/s]
Predictor_1 Epoch 7/85:  88%|████████▊ | 369/421 [00:01<00:00, 205.44it/s]
Predictor_1 Epoch 7/85:  93%|█████████▎| 392/421 [00:01<00:00, 207.77it/s]
Predictor_1 Epoch 7/85:  98%|█████████▊| 413/421 [00:02<00:00, 205.68it/s]
Predictor_1 Epoch 7/85:  98%|█████████▊| 413/421 [00:02<00:00, 205.68it/s, acc=95.31%, loss=0.1601]
                                                                                                   

Predictor_1 Epoch 8/85:   0%|          | 0/421 [00:00<?, ?it/s]
Predictor_1 Epoch 8/85:   4%|▍         | 17/421 [00:00<00:02, 148.92it/s]
Predictor_1 Epoch 8/85:   9%|▉         | 39/421 [00:00<00:02, 188.10it/s]
Predictor_1 Epoch 8/85:  14%|█▍        | 61/421 [00:00<00:01, 192.96it/s]
Predictor_1 Epoch 8/85:  19%|█▉        | 82/421 [00:00<00:01, 197.76it/s]
Predictor_1 Epoch 8/85:  25%|██▍       | 104/421 [00:00<00:01, 205.10it/s]
Predictor_1 Epoch 8/85:  30%|██▉       | 125/421 [00:00<00:01, 203.53it/s]
Predictor_1 Epoch 8/85:  35%|███▍      | 146/421 [00:00<00:01, 200.77it/s]
Predictor_1 Epoch 8/85:  40%|████      | 169/421 [00:00<00:01, 207.13it/s]
Predictor_1 Epoch 8/85:  45%|████▌     | 190/421 [00:00<00:01, 202.10it/s]
Predictor_1 Epoch 8/85:  50%|█████     | 212/421 [00:01<00:01, 207.23it/s]
Predictor_1 Epoch 8/85:  56%|█████▌    | 234/421 [00:01<00:00, 202.18it/s]
Predictor_1 Epoch 8/85:  61%|██████    | 256/421 [00:01<00:00, 206.94it/s]
Predictor_1 Epoch 8/85:  66%|██████▌   | 278/421 [00:01<00:00, 202.30it/s]
Predictor_1 Epoch 8/85:  71%|███████▏  | 300/421 [00:01<00:00, 207.07it/s]
Predictor_1 Epoch 8/85:  76%|███████▋  | 322/421 [00:01<00:00, 202.77it/s]
Predictor_1 Epoch 8/85:  81%|████████▏ | 343/421 [00:01<00:00, 204.82it/s]
Predictor_1 Epoch 8/85:  87%|████████▋ | 365/421 [00:01<00:00, 209.14it/s]
Predictor_1 Epoch 8/85:  92%|█████████▏| 386/421 [00:01<00:00, 202.47it/s]
Predictor_1 Epoch 8/85:  97%|█████████▋| 407/421 [00:02<00:00, 204.40it/s]
Predictor_1 Epoch 8/85:  97%|█████████▋| 407/421 [00:02<00:00, 204.40it/s, acc=89.84%, loss=0.2091]
                                                                                                   

Predictor_1 Epoch 9/85:   0%|          | 0/421 [00:00<?, ?it/s]
Predictor_1 Epoch 9/85:   4%|▍         | 17/421 [00:00<00:02, 157.32it/s]
Predictor_1 Epoch 9/85:   9%|▉         | 38/421 [00:00<00:02, 185.11it/s]
Predictor_1 Epoch 9/85:  14%|█▍        | 60/421 [00:00<00:01, 200.56it/s]
Predictor_1 Epoch 9/85:  19%|█▉        | 81/421 [00:00<00:01, 199.86it/s]
Predictor_1 Epoch 9/85:  24%|██▍       | 102/421 [00:00<00:01, 198.07it/s]
Predictor_1 Epoch 9/85:  29%|██▉       | 124/421 [00:00<00:01, 205.12it/s]
Predictor_1 Epoch 9/85:  34%|███▍      | 145/421 [00:00<00:01, 206.42it/s]
Predictor_1 Epoch 9/85:  39%|███▉      | 166/421 [00:00<00:01, 200.14it/s]
Predictor_1 Epoch 9/85:  45%|████▍     | 188/421 [00:00<00:01, 205.71it/s]
Predictor_1 Epoch 9/85:  50%|████▉     | 210/421 [00:01<00:01, 201.02it/s]
Predictor_1 Epoch 9/85:  55%|█████▍    | 231/421 [00:01<00:00, 203.62it/s]
Predictor_1 Epoch 9/85:  60%|██████    | 254/421 [00:01<00:00, 203.02it/s]
Predictor_1 Epoch 9/85:  66%|██████▌   | 277/421 [00:01<00:00, 210.40it/s]
Predictor_1 Epoch 9/85:  71%|███████   | 299/421 [00:01<00:00, 205.63it/s]
Predictor_1 Epoch 9/85:  76%|███████▌  | 320/421 [00:01<00:00, 205.95it/s]
Predictor_1 Epoch 9/85:  81%|████████  | 342/421 [00:01<00:00, 204.44it/s]
Predictor_1 Epoch 9/85:  86%|████████▋ | 364/421 [00:01<00:00, 205.16it/s]
Predictor_1 Epoch 9/85:  92%|█████████▏| 386/421 [00:01<00:00, 205.68it/s]
Predictor_1 Epoch 9/85:  97%|█████████▋| 408/421 [00:02<00:00, 204.22it/s]
Predictor_1 Epoch 9/85:  97%|█████████▋| 408/421 [00:02<00:00, 204.22it/s, acc=92.19%, loss=0.1918]
                                                                                                   

Predictor_1 Epoch 10/85:   0%|          | 0/421 [00:00<?, ?it/s]
Predictor_1 Epoch 10/85:   4%|▍         | 17/421 [00:00<00:02, 157.25it/s]
Predictor_1 Epoch 10/85:   9%|▉         | 39/421 [00:00<00:01, 192.62it/s]
Predictor_1 Epoch 10/85:  14%|█▍        | 61/421 [00:00<00:01, 193.75it/s]
Predictor_1 Epoch 10/85:  20%|█▉        | 83/421 [00:00<00:01, 203.50it/s]
Predictor_1 Epoch 10/85:  25%|██▍       | 105/421 [00:00<00:01, 201.11it/s]
Predictor_1 Epoch 10/85:  30%|███       | 127/421 [00:00<00:01, 206.21it/s]
Predictor_1 Epoch 10/85:  35%|███▌      | 149/421 [00:00<00:01, 203.37it/s]
Predictor_1 Epoch 10/85:  41%|████      | 171/421 [00:00<00:01, 206.85it/s]
Predictor_1 Epoch 10/85:  46%|████▌     | 192/421 [00:00<00:01, 207.34it/s]
Predictor_1 Epoch 10/85:  51%|█████     | 213/421 [00:01<00:01, 204.90it/s]
Predictor_1 Epoch 10/85:  56%|█████▌    | 235/421 [00:01<00:00, 208.51it/s]
Predictor_1 Epoch 10/85:  61%|██████    | 256/421 [00:01<00:00, 206.66it/s]
Predictor_1 Epoch 10/85:  66%|██████▌   | 277/421 [00:01<00:00, 207.17it/s]
Predictor_1 Epoch 10/85:  71%|███████   | 299/421 [00:01<00:00, 208.80it/s]
Predictor_1 Epoch 10/85:  76%|███████▌  | 320/421 [00:01<00:00, 204.43it/s]
Predictor_1 Epoch 10/85:  81%|████████▏ | 343/421 [00:01<00:00, 209.69it/s]
Predictor_1 Epoch 10/85:  86%|████████▋ | 364/421 [00:01<00:00, 203.60it/s]
Predictor_1 Epoch 10/85:  92%|█████████▏| 386/421 [00:01<00:00, 208.15it/s]
Predictor_1 Epoch 10/85:  97%|█████████▋| 408/421 [00:01<00:00, 203.76it/s]
Predictor_1 Epoch 10/85:  97%|█████████▋| 408/421 [00:02<00:00, 203.76it/s, acc=92.97%, loss=0.2292]
                                                                                                    

Predictor_1 Epoch 11/85:   0%|          | 0/421 [00:00<?, ?it/s]
Predictor_1 Epoch 11/85:   4%|▍         | 17/421 [00:00<00:02, 149.15it/s]
Predictor_1 Epoch 11/85:  10%|▉         | 41/421 [00:00<00:02, 184.75it/s]
Predictor_1 Epoch 11/85:  15%|█▌        | 65/421 [00:00<00:01, 196.78it/s]
Predictor_1 Epoch 11/85:  21%|██        | 88/421 [00:00<00:01, 207.12it/s]
Predictor_1 Epoch 11/85:  26%|██▌       | 109/421 [00:00<00:01, 202.86it/s]
Predictor_1 Epoch 11/85:  31%|███       | 130/421 [00:00<00:01, 204.70it/s]
Predictor_1 Epoch 11/85:  36%|███▌      | 152/421 [00:00<00:01, 206.92it/s]
Predictor_1 Epoch 11/85:  41%|████      | 173/421 [00:00<00:01, 207.26it/s]
Predictor_1 Epoch 11/85:  46%|████▌     | 194/421 [00:00<00:01, 206.18it/s]
Predictor_1 Epoch 11/85:  51%|█████▏    | 216/421 [00:01<00:00, 205.15it/s]
Predictor_1 Epoch 11/85:  57%|█████▋    | 238/421 [00:01<00:00, 207.60it/s]
Predictor_1 Epoch 11/85:  62%|██████▏   | 260/421 [00:01<00:00, 204.04it/s]
Predictor_1 Epoch 11/85:  67%|██████▋   | 282/421 [00:01<00:00, 208.39it/s]
Predictor_1 Epoch 11/85:  72%|███████▏  | 304/421 [00:01<00:00, 203.01it/s]
Predictor_1 Epoch 11/85:  77%|███████▋  | 325/421 [00:01<00:00, 204.46it/s]
Predictor_1 Epoch 11/85:  82%|████████▏ | 347/421 [00:01<00:00, 208.84it/s]
Predictor_1 Epoch 11/85:  87%|████████▋ | 368/421 [00:01<00:00, 201.50it/s]
Predictor_1 Epoch 11/85:  92%|█████████▏| 389/421 [00:01<00:00, 203.45it/s]
Predictor_1 Epoch 11/85:  97%|█████████▋| 410/421 [00:02<00:00, 203.84it/s]
Predictor_1 Epoch 11/85:  97%|█████████▋| 410/421 [00:02<00:00, 203.84it/s, acc=95.31%, loss=0.1384]
                                                                                                    

Predictor_2 Epoch 1/85:   0%|          | 0/421 [00:00<?, ?it/s]
Predictor_2 Epoch 1/85:   4%|▍         | 17/421 [00:00<00:02, 152.77it/s]
Predictor_2 Epoch 1/85:  10%|▉         | 40/421 [00:00<00:01, 194.92it/s]
Predictor_2 Epoch 1/85:  14%|█▍        | 60/421 [00:00<00:01, 191.67it/s]
Predictor_2 Epoch 1/85:  19%|█▉        | 81/421 [00:00<00:01, 195.58it/s]
Predictor_2 Epoch 1/85:  24%|██▍       | 103/421 [00:00<00:01, 203.42it/s]
Predictor_2 Epoch 1/85:  30%|██▉       | 125/421 [00:00<00:01, 199.38it/s]
Predictor_2 Epoch 1/85:  35%|███▍      | 147/421 [00:00<00:01, 204.88it/s]
Predictor_2 Epoch 1/85:  40%|████      | 169/421 [00:00<00:01, 201.04it/s]
Predictor_2 Epoch 1/85:  45%|████▌     | 191/421 [00:00<00:01, 206.10it/s]
Predictor_2 Epoch 1/85:  51%|█████     | 213/421 [00:01<00:01, 201.49it/s]
Predictor_2 Epoch 1/85:  56%|█████▌    | 234/421 [00:01<00:00, 203.86it/s]
Predictor_2 Epoch 1/85:  61%|██████    | 256/421 [00:01<00:00, 207.87it/s]
Predictor_2 Epoch 1/85:  66%|██████▌   | 277/421 [00:01<00:00, 200.72it/s]
Predictor_2 Epoch 1/85:  71%|███████   | 299/421 [00:01<00:00, 205.21it/s]
Predictor_2 Epoch 1/85:  76%|███████▌  | 320/421 [00:01<00:00, 206.49it/s]
Predictor_2 Epoch 1/85:  81%|████████  | 341/421 [00:01<00:00, 200.41it/s]
Predictor_2 Epoch 1/85:  86%|████████▌ | 363/421 [00:01<00:00, 205.41it/s]
Predictor_2 Epoch 1/85:  91%|█████████▏| 385/421 [00:01<00:00, 201.17it/s][codecarbon INFO @ 03:24:23] Energy consumed for RAM : 0.000623 kWh. RAM Power : 38.0 W

Predictor_2 Epoch 1/85:  97%|█████████▋| 407/421 [00:02<00:00, 205.71it/s]
Predictor_2 Epoch 1/85:  97%|█████████▋| 407/421 [00:02<00:00, 205.71it/s, acc=89.84%, loss=0.2758]
                                                                                                   

Predictor_2 Epoch 2/85:   0%|          | 0/421 [00:00<?, ?it/s]
Predictor_2 Epoch 2/85:   4%|▍         | 17/421 [00:00<00:02, 152.57it/s][codecarbon INFO @ 03:24:24] Delta energy consumed for CPU with cpu_load : 0.000195 kWh, power : 48.4875 W
[codecarbon INFO @ 03:24:24] Energy consumed for All CPU : 0.000878 kWh
[codecarbon INFO @ 03:24:24] Energy consumed for all GPUs : 0.001680 kWh. Total GPU Power : 58.84998045554565 W
[codecarbon INFO @ 03:24:24] 0.003180 kWh of electricity used since the beginning.

Predictor_2 Epoch 2/85:   9%|▉         | 39/421 [00:00<00:02, 190.08it/s]
Predictor_2 Epoch 2/85:  14%|█▍        | 61/421 [00:00<00:01, 191.47it/s]
Predictor_2 Epoch 2/85:  20%|█▉        | 83/421 [00:00<00:01, 201.71it/s]
Predictor_2 Epoch 2/85:  25%|██▍       | 104/421 [00:00<00:01, 202.97it/s]
Predictor_2 Epoch 2/85:  30%|██▉       | 125/421 [00:00<00:01, 198.33it/s]
Predictor_2 Epoch 2/85:  35%|███▍      | 147/421 [00:00<00:01, 204.57it/s]
Predictor_2 Epoch 2/85:  40%|███▉      | 168/421 [00:00<00:01, 201.63it/s]
Predictor_2 Epoch 2/85:  45%|████▍     | 189/421 [00:00<00:01, 201.01it/s]
Predictor_2 Epoch 2/85:  50%|█████     | 211/421 [00:01<00:01, 206.29it/s]
Predictor_2 Epoch 2/85:  55%|█████▌    | 232/421 [00:01<00:00, 201.78it/s]
Predictor_2 Epoch 2/85:  60%|██████    | 253/421 [00:01<00:00, 202.31it/s]
Predictor_2 Epoch 2/85:  65%|██████▌   | 275/421 [00:01<00:00, 206.95it/s]
Predictor_2 Epoch 2/85:  70%|███████   | 296/421 [00:01<00:00, 200.46it/s]
Predictor_2 Epoch 2/85:  75%|███████▌  | 317/421 [00:01<00:00, 202.61it/s]
Predictor_2 Epoch 2/85:  80%|████████  | 338/421 [00:01<00:00, 202.46it/s]
Predictor_2 Epoch 2/85:  85%|████████▌ | 359/421 [00:01<00:00, 204.00it/s]
Predictor_2 Epoch 2/85:  90%|█████████ | 380/421 [00:01<00:00, 201.91it/s]
Predictor_2 Epoch 2/85:  95%|█████████▌| 401/421 [00:01<00:00, 201.97it/s]
Predictor_2 Epoch 2/85:  95%|█████████▌| 401/421 [00:02<00:00, 201.97it/s, acc=90.62%, loss=0.2308]
                                                                                                   

Predictor_2 Epoch 3/85:   0%|          | 0/421 [00:00<?, ?it/s]
Predictor_2 Epoch 3/85:   4%|▎         | 15/421 [00:00<00:02, 149.25it/s]
Predictor_2 Epoch 3/85:   9%|▉         | 37/421 [00:00<00:02, 178.23it/s]
Predictor_2 Epoch 3/85:  14%|█▍        | 59/421 [00:00<00:01, 196.28it/s]
Predictor_2 Epoch 3/85:  19%|█▉        | 81/421 [00:00<00:01, 196.02it/s]
Predictor_2 Epoch 3/85:  24%|██▍       | 102/421 [00:00<00:01, 200.80it/s]
Predictor_2 Epoch 3/85:  29%|██▉       | 124/421 [00:00<00:01, 205.98it/s]
Predictor_2 Epoch 3/85:  34%|███▍      | 145/421 [00:00<00:01, 201.01it/s]
Predictor_2 Epoch 3/85:  39%|███▉      | 166/421 [00:00<00:01, 203.54it/s]
Predictor_2 Epoch 3/85:  45%|████▍     | 188/421 [00:00<00:01, 206.73it/s]
Predictor_2 Epoch 3/85:  50%|████▉     | 209/421 [00:01<00:01, 202.38it/s]
Predictor_2 Epoch 3/85:  55%|█████▍    | 230/421 [00:01<00:00, 204.58it/s]
Predictor_2 Epoch 3/85:  60%|█████▉    | 252/421 [00:01<00:00, 207.29it/s]
Predictor_2 Epoch 3/85:  65%|██████▍   | 273/421 [00:01<00:00, 203.74it/s]
Predictor_2 Epoch 3/85:  70%|██████▉   | 294/421 [00:01<00:00, 204.42it/s]
Predictor_2 Epoch 3/85:  75%|███████▌  | 316/421 [00:01<00:00, 206.19it/s]
Predictor_2 Epoch 3/85:  80%|████████  | 337/421 [00:01<00:00, 204.63it/s]
Predictor_2 Epoch 3/85:  85%|████████▌ | 358/421 [00:01<00:00, 204.84it/s]
Predictor_2 Epoch 3/85:  90%|█████████ | 380/421 [00:01<00:00, 205.56it/s]
Predictor_2 Epoch 3/85:  95%|█████████▌| 401/421 [00:01<00:00, 205.47it/s]
Predictor_2 Epoch 3/85:  95%|█████████▌| 401/421 [00:02<00:00, 205.47it/s, acc=90.62%, loss=0.2443]
                                                                                                   

Predictor_2 Epoch 4/85:   0%|          | 0/421 [00:00<?, ?it/s]
Predictor_2 Epoch 4/85:   4%|▎         | 15/421 [00:00<00:02, 149.78it/s]
Predictor_2 Epoch 4/85:   9%|▊         | 36/421 [00:00<00:02, 183.57it/s]
Predictor_2 Epoch 4/85:  14%|█▎        | 57/421 [00:00<00:01, 186.83it/s]
Predictor_2 Epoch 4/85:  19%|█▉        | 79/421 [00:00<00:01, 198.63it/s]
Predictor_2 Epoch 4/85:  24%|██▍       | 100/421 [00:00<00:01, 199.32it/s]
Predictor_2 Epoch 4/85:  29%|██▊       | 121/421 [00:00<00:01, 199.37it/s]
Predictor_2 Epoch 4/85:  34%|███▍      | 143/421 [00:00<00:01, 204.81it/s]
Predictor_2 Epoch 4/85:  39%|███▉      | 164/421 [00:00<00:01, 202.74it/s]
Predictor_2 Epoch 4/85:  44%|████▍     | 185/421 [00:00<00:01, 203.23it/s]
Predictor_2 Epoch 4/85:  49%|████▉     | 206/421 [00:01<00:01, 203.90it/s]
Predictor_2 Epoch 4/85:  54%|█████▍    | 228/421 [00:01<00:00, 203.94it/s]
Predictor_2 Epoch 4/85:  59%|█████▉    | 249/421 [00:01<00:00, 205.01it/s]
Predictor_2 Epoch 4/85:  64%|██████▍   | 270/421 [00:01<00:00, 204.53it/s]
Predictor_2 Epoch 4/85:  69%|██████▉   | 292/421 [00:01<00:00, 203.54it/s]
Predictor_2 Epoch 4/85:  74%|███████▍  | 313/421 [00:01<00:00, 205.38it/s]
Predictor_2 Epoch 4/85:  79%|███████▉  | 334/421 [00:01<00:00, 205.69it/s]
Predictor_2 Epoch 4/85:  85%|████████▍ | 356/421 [00:01<00:00, 202.30it/s]
Predictor_2 Epoch 4/85:  90%|████████▉ | 377/421 [00:01<00:00, 203.98it/s]
Predictor_2 Epoch 4/85:  95%|█████████▍| 399/421 [00:01<00:00, 208.37it/s]
Predictor_2 Epoch 4/85: 100%|█████████▉| 420/421 [00:02<00:00, 202.17it/s]
Predictor_2 Epoch 4/85: 100%|█████████▉| 420/421 [00:02<00:00, 202.17it/s, acc=95.31%, loss=0.1506]
                                                                                                   

Predictor_2 Epoch 5/85:   0%|          | 0/421 [00:00<?, ?it/s]
Predictor_2 Epoch 5/85:   4%|▍         | 17/421 [00:00<00:02, 150.28it/s]
Predictor_2 Epoch 5/85:   9%|▉         | 39/421 [00:00<00:02, 189.09it/s]
Predictor_2 Epoch 5/85:  14%|█▍        | 61/421 [00:00<00:01, 191.40it/s]
Predictor_2 Epoch 5/85:  20%|█▉        | 83/421 [00:00<00:01, 201.42it/s]
Predictor_2 Epoch 5/85:  25%|██▍       | 105/421 [00:00<00:01, 198.55it/s]
Predictor_2 Epoch 5/85:  30%|███       | 127/421 [00:00<00:01, 204.72it/s]
Predictor_2 Epoch 5/85:  35%|███▌      | 149/421 [00:00<00:01, 200.65it/s]
Predictor_2 Epoch 5/85:  41%|████      | 172/421 [00:00<00:01, 208.61it/s]
Predictor_2 Epoch 5/85:  46%|████▌     | 193/421 [00:00<00:01, 202.46it/s]
Predictor_2 Epoch 5/85:  51%|█████     | 215/421 [00:01<00:00, 207.36it/s]
Predictor_2 Epoch 5/85:  56%|█████▋    | 237/421 [00:01<00:00, 203.27it/s]
Predictor_2 Epoch 5/85:  62%|██████▏   | 259/421 [00:01<00:00, 208.03it/s]
Predictor_2 Epoch 5/85:  67%|██████▋   | 281/421 [00:01<00:00, 203.58it/s]
Predictor_2 Epoch 5/85:  72%|███████▏  | 303/421 [00:01<00:00, 208.10it/s]
Predictor_2 Epoch 5/85:  77%|███████▋  | 324/421 [00:01<00:00, 207.21it/s]
Predictor_2 Epoch 5/85:  82%|████████▏ | 345/421 [00:01<00:00, 203.58it/s]
Predictor_2 Epoch 5/85:  87%|████████▋ | 367/421 [00:01<00:00, 208.29it/s]
Predictor_2 Epoch 5/85:  92%|█████████▏| 388/421 [00:01<00:00, 206.96it/s]
Predictor_2 Epoch 5/85:  97%|█████████▋| 409/421 [00:02<00:00, 203.70it/s]
Predictor_2 Epoch 5/85:  97%|█████████▋| 409/421 [00:02<00:00, 203.70it/s, acc=92.19%, loss=0.2425]
                                                                                                   

Predictor_2 Epoch 6/85:   0%|          | 0/421 [00:00<?, ?it/s]
Predictor_2 Epoch 6/85:   4%|▍         | 17/421 [00:00<00:02, 155.88it/s]
Predictor_2 Epoch 6/85:   9%|▉         | 38/421 [00:00<00:02, 186.15it/s]
Predictor_2 Epoch 6/85:  14%|█▍        | 59/421 [00:00<00:01, 196.45it/s]
Predictor_2 Epoch 6/85:  19%|█▉        | 80/421 [00:00<00:01, 201.54it/s]
Predictor_2 Epoch 6/85:  24%|██▍       | 101/421 [00:00<00:01, 201.54it/s]
Predictor_2 Epoch 6/85:  29%|██▉       | 122/421 [00:00<00:01, 199.17it/s]
Predictor_2 Epoch 6/85:  34%|███▍      | 145/421 [00:00<00:01, 205.86it/s]
Predictor_2 Epoch 6/85:  39%|███▉      | 166/421 [00:00<00:01, 203.24it/s]
Predictor_2 Epoch 6/85:  45%|████▍     | 189/421 [00:00<00:01, 207.24it/s]
Predictor_2 Epoch 6/85:  50%|████▉     | 210/421 [00:01<00:01, 204.99it/s]
Predictor_2 Epoch 6/85:  55%|█████▌    | 233/421 [00:01<00:00, 206.72it/s]
Predictor_2 Epoch 6/85:  60%|██████    | 254/421 [00:01<00:00, 206.50it/s]
Predictor_2 Epoch 6/85:  66%|██████▌   | 277/421 [00:01<00:00, 205.89it/s]
Predictor_2 Epoch 6/85:  71%|███████   | 299/421 [00:01<00:00, 209.35it/s]
Predictor_2 Epoch 6/85:  76%|███████▌  | 321/421 [00:01<00:00, 204.20it/s]
Predictor_2 Epoch 6/85:  81%|████████  | 342/421 [00:01<00:00, 205.50it/s]
Predictor_2 Epoch 6/85:  87%|████████▋ | 365/421 [00:01<00:00, 204.56it/s]
Predictor_2 Epoch 6/85:  92%|█████████▏| 388/421 [00:01<00:00, 211.25it/s]
Predictor_2 Epoch 6/85:  97%|█████████▋| 410/421 [00:02<00:00, 206.28it/s]
Predictor_2 Epoch 6/85:  97%|█████████▋| 410/421 [00:02<00:00, 206.28it/s, acc=92.97%, loss=0.2337]
                                                                                                   

Predictor_2 Epoch 7/85:   0%|          | 0/421 [00:00<?, ?it/s]
Predictor_2 Epoch 7/85:   4%|▍         | 17/421 [00:00<00:02, 147.77it/s]
Predictor_2 Epoch 7/85:  10%|▉         | 40/421 [00:00<00:01, 192.15it/s]
Predictor_2 Epoch 7/85:  14%|█▍        | 61/421 [00:00<00:01, 188.95it/s]
Predictor_2 Epoch 7/85:  20%|█▉        | 84/421 [00:00<00:01, 203.97it/s]
Predictor_2 Epoch 7/85:  25%|██▍       | 105/421 [00:00<00:01, 197.57it/s]
Predictor_2 Epoch 7/85:  30%|███       | 128/421 [00:00<00:01, 207.18it/s]
Predictor_2 Epoch 7/85:  35%|███▌      | 149/421 [00:00<00:01, 200.35it/s]
Predictor_2 Epoch 7/85:  41%|████      | 172/421 [00:00<00:01, 208.45it/s]
Predictor_2 Epoch 7/85:  46%|████▌     | 193/421 [00:00<00:01, 201.34it/s]
Predictor_2 Epoch 7/85:  51%|█████▏    | 216/421 [00:01<00:00, 208.99it/s]
Predictor_2 Epoch 7/85:  57%|█████▋    | 238/421 [00:01<00:00, 203.72it/s]
Predictor_2 Epoch 7/85:  62%|██████▏   | 261/421 [00:01<00:00, 202.91it/s]
Predictor_2 Epoch 7/85:  67%|██████▋   | 284/421 [00:01<00:00, 209.84it/s]
Predictor_2 Epoch 7/85:  73%|███████▎  | 306/421 [00:01<00:00, 205.33it/s]
Predictor_2 Epoch 7/85:  78%|███████▊  | 329/421 [00:01<00:00, 204.60it/s]
Predictor_2 Epoch 7/85:  83%|████████▎ | 350/421 [00:01<00:00, 205.63it/s]
Predictor_2 Epoch 7/85:  88%|████████▊ | 372/421 [00:01<00:00, 209.63it/s]
Predictor_2 Epoch 7/85:  94%|█████████▎| 394/421 [00:01<00:00, 207.10it/s]
Predictor_2 Epoch 7/85:  99%|█████████▊| 415/421 [00:02<00:00, 198.67it/s]
Predictor_2 Epoch 7/85:  99%|█████████▊| 415/421 [00:02<00:00, 198.67it/s, acc=93.75%, loss=0.2464]
                                                                                                   

Predictor_2 Epoch 8/85:   0%|          | 0/421 [00:00<?, ?it/s]
Predictor_2 Epoch 8/85:   4%|▍         | 16/421 [00:00<00:02, 158.22it/s]
Predictor_2 Epoch 8/85:   9%|▉         | 37/421 [00:00<00:02, 177.74it/s]
Predictor_2 Epoch 8/85:  14%|█▍        | 59/421 [00:00<00:01, 194.32it/s]
Predictor_2 Epoch 8/85:  19%|█▉        | 81/421 [00:00<00:01, 198.59it/s]
Predictor_2 Epoch 8/85:  24%|██▍       | 102/421 [00:00<00:01, 200.05it/s]
Predictor_2 Epoch 8/85:  29%|██▉       | 123/421 [00:00<00:01, 202.04it/s][codecarbon INFO @ 03:24:38] Energy consumed for RAM : 0.000776 kWh. RAM Power : 38.0 W

Predictor_2 Epoch 8/85:  34%|███▍      | 145/421 [00:00<00:01, 206.79it/s]
Predictor_2 Epoch 8/85:  39%|███▉      | 166/421 [00:00<00:01, 203.97it/s]
Predictor_2 Epoch 8/85:  44%|████▍     | 187/421 [00:00<00:01, 202.21it/s]
Predictor_2 Epoch 8/85:  50%|████▉     | 209/421 [00:01<00:01, 206.93it/s]
Predictor_2 Epoch 8/85:  55%|█████▍    | 230/421 [00:01<00:00, 205.41it/s][codecarbon INFO @ 03:24:39] Delta energy consumed for CPU with cpu_load : 0.000243 kWh, power : 60.35625000000002 W
[codecarbon INFO @ 03:24:39] Energy consumed for All CPU : 0.001121 kWh
[codecarbon INFO @ 03:24:39] Energy consumed for all GPUs : 0.001932 kWh. Total GPU Power : 60.49583077388997 W
[codecarbon INFO @ 03:24:39] 0.003828 kWh of electricity used since the beginning.

Predictor_2 Epoch 8/85:  60%|█████▉    | 251/421 [00:01<00:00, 201.38it/s]
Predictor_2 Epoch 8/85:  65%|██████▍   | 273/421 [00:01<00:00, 206.62it/s]
Predictor_2 Epoch 8/85:  70%|██████▉   | 294/421 [00:01<00:00, 207.12it/s]
Predictor_2 Epoch 8/85:  75%|███████▍  | 315/421 [00:01<00:00, 201.05it/s]
Predictor_2 Epoch 8/85:  80%|████████  | 337/421 [00:01<00:00, 205.56it/s]
Predictor_2 Epoch 8/85:  85%|████████▌ | 359/421 [00:01<00:00, 201.35it/s]
Predictor_2 Epoch 8/85:  90%|█████████ | 381/421 [00:01<00:00, 205.90it/s]
Predictor_2 Epoch 8/85:  96%|█████████▌| 403/421 [00:01<00:00, 201.82it/s]
Predictor_2 Epoch 8/85:  96%|█████████▌| 403/421 [00:02<00:00, 201.82it/s, acc=94.53%, loss=0.1232]
                                                                                                   

Predictor_2 Epoch 9/85:   0%|          | 0/421 [00:00<?, ?it/s]
Predictor_2 Epoch 9/85:   4%|▍         | 17/421 [00:00<00:02, 155.54it/s]
Predictor_2 Epoch 9/85:   9%|▉         | 39/421 [00:00<00:01, 191.78it/s]
Predictor_2 Epoch 9/85:  14%|█▍        | 61/421 [00:00<00:01, 193.60it/s]
Predictor_2 Epoch 9/85:  19%|█▉        | 82/421 [00:00<00:01, 199.49it/s]
Predictor_2 Epoch 9/85:  25%|██▍       | 104/421 [00:00<00:01, 206.53it/s]
Predictor_2 Epoch 9/85:  30%|██▉       | 125/421 [00:00<00:01, 201.29it/s]
Predictor_2 Epoch 9/85:  35%|███▍      | 146/421 [00:00<00:01, 201.63it/s]
Predictor_2 Epoch 9/85:  40%|███▉      | 168/421 [00:00<00:01, 207.04it/s]
Predictor_2 Epoch 9/85:  45%|████▍     | 189/421 [00:00<00:01, 203.70it/s]
Predictor_2 Epoch 9/85:  50%|████▉     | 210/421 [00:01<00:01, 201.89it/s]
Predictor_2 Epoch 9/85:  55%|█████▌    | 232/421 [00:01<00:00, 206.48it/s]
Predictor_2 Epoch 9/85:  60%|██████    | 253/421 [00:01<00:00, 205.59it/s]
Predictor_2 Epoch 9/85:  65%|██████▌   | 274/421 [00:01<00:00, 201.19it/s]
Predictor_2 Epoch 9/85:  70%|███████   | 296/421 [00:01<00:00, 205.85it/s]
Predictor_2 Epoch 9/85:  75%|███████▌  | 317/421 [00:01<00:00, 206.74it/s]
Predictor_2 Epoch 9/85:  80%|████████  | 338/421 [00:01<00:00, 200.09it/s]
Predictor_2 Epoch 9/85:  86%|████████▌ | 360/421 [00:01<00:00, 205.03it/s]
Predictor_2 Epoch 9/85:  91%|█████████ | 382/421 [00:01<00:00, 200.29it/s]
Predictor_2 Epoch 9/85:  96%|█████████▌| 404/421 [00:01<00:00, 205.89it/s]
Predictor_2 Epoch 9/85:  96%|█████████▌| 404/421 [00:02<00:00, 205.89it/s, acc=96.09%, loss=0.1030]
                                                                                                   

Predictor_2 Epoch 10/85:   0%|          | 0/421 [00:00<?, ?it/s]
Predictor_2 Epoch 10/85:   4%|▍         | 17/421 [00:00<00:02, 154.28it/s]
Predictor_2 Epoch 10/85:   9%|▉         | 38/421 [00:00<00:02, 185.69it/s]
Predictor_2 Epoch 10/85:  14%|█▍        | 61/421 [00:00<00:01, 194.62it/s]
Predictor_2 Epoch 10/85:  19%|█▉        | 82/421 [00:00<00:01, 199.39it/s]
Predictor_2 Epoch 10/85:  25%|██▍       | 104/421 [00:00<00:01, 206.23it/s]
Predictor_2 Epoch 10/85:  30%|██▉       | 125/421 [00:00<00:01, 202.48it/s]
Predictor_2 Epoch 10/85:  35%|███▍      | 146/421 [00:00<00:01, 201.61it/s]
Predictor_2 Epoch 10/85:  40%|███▉      | 167/421 [00:00<00:01, 204.05it/s]
Predictor_2 Epoch 10/85:  45%|████▍     | 189/421 [00:00<00:01, 205.63it/s]
Predictor_2 Epoch 10/85:  50%|████▉     | 210/421 [00:01<00:01, 201.52it/s]
Predictor_2 Epoch 10/85:  55%|█████▌    | 232/421 [00:01<00:00, 206.63it/s]
Predictor_2 Epoch 10/85:  60%|██████    | 253/421 [00:01<00:00, 207.10it/s]
Predictor_2 Epoch 10/85:  65%|██████▌   | 274/421 [00:01<00:00, 201.09it/s]
Predictor_2 Epoch 10/85:  70%|███████   | 296/421 [00:01<00:00, 206.12it/s]
Predictor_2 Epoch 10/85:  76%|███████▌  | 318/421 [00:01<00:00, 201.94it/s]
Predictor_2 Epoch 10/85:  81%|████████  | 340/421 [00:01<00:00, 206.75it/s]
Predictor_2 Epoch 10/85:  86%|████████▌ | 362/421 [00:01<00:00, 202.40it/s]
Predictor_2 Epoch 10/85:  91%|█████████ | 384/421 [00:01<00:00, 206.91it/s]
Predictor_2 Epoch 10/85:  96%|█████████▋| 406/421 [00:02<00:00, 201.98it/s]
Predictor_2 Epoch 10/85:  96%|█████████▋| 406/421 [00:02<00:00, 201.98it/s, acc=96.09%, loss=0.1061]
                                                                                                    

Predictor_2 Epoch 11/85:   0%|          | 0/421 [00:00<?, ?it/s]
Predictor_2 Epoch 11/85:   4%|▍         | 17/421 [00:00<00:02, 155.27it/s]
Predictor_2 Epoch 11/85:  10%|▉         | 40/421 [00:00<00:01, 195.74it/s]
Predictor_2 Epoch 11/85:  14%|█▍        | 61/421 [00:00<00:01, 192.40it/s]
Predictor_2 Epoch 11/85:  20%|█▉        | 83/421 [00:00<00:01, 201.59it/s]
Predictor_2 Epoch 11/85:  25%|██▍       | 105/421 [00:00<00:01, 199.71it/s]
Predictor_2 Epoch 11/85:  30%|██▉       | 126/421 [00:00<00:01, 202.44it/s]
Predictor_2 Epoch 11/85:  35%|███▌      | 148/421 [00:00<00:01, 207.56it/s]
Predictor_2 Epoch 11/85:  40%|████      | 169/421 [00:00<00:01, 203.23it/s]
Predictor_2 Epoch 11/85:  45%|████▌     | 190/421 [00:00<00:01, 203.90it/s]
Predictor_2 Epoch 11/85:  50%|█████     | 212/421 [00:01<00:01, 208.29it/s]
Predictor_2 Epoch 11/85:  55%|█████▌    | 233/421 [00:01<00:00, 204.71it/s]
Predictor_2 Epoch 11/85:  60%|██████    | 254/421 [00:01<00:00, 203.00it/s]
Predictor_2 Epoch 11/85:  66%|██████▌   | 276/421 [00:01<00:00, 207.32it/s]
Predictor_2 Epoch 11/85:  71%|███████   | 297/421 [00:01<00:00, 205.81it/s]
Predictor_2 Epoch 11/85:  76%|███████▌  | 318/421 [00:01<00:00, 202.15it/s]
Predictor_2 Epoch 11/85:  81%|████████  | 340/421 [00:01<00:00, 206.70it/s]
Predictor_2 Epoch 11/85:  86%|████████▌ | 361/421 [00:01<00:00, 206.89it/s]
Predictor_2 Epoch 11/85:  91%|█████████ | 382/421 [00:01<00:00, 201.18it/s]
Predictor_2 Epoch 11/85:  96%|█████████▌| 404/421 [00:01<00:00, 206.05it/s]
Predictor_2 Epoch 11/85:  96%|█████████▌| 404/421 [00:02<00:00, 206.05it/s, acc=91.41%, loss=0.1705]
                                                                                                    

Predictor_2 Epoch 12/85:   0%|          | 0/421 [00:00<?, ?it/s]
Predictor_2 Epoch 12/85:   3%|▎         | 13/421 [00:00<00:03, 126.91it/s]
Predictor_2 Epoch 12/85:   9%|▊         | 36/421 [00:00<00:02, 185.45it/s]
Predictor_2 Epoch 12/85:  14%|█▎        | 57/421 [00:00<00:01, 187.52it/s]
Predictor_2 Epoch 12/85:  19%|█▉        | 79/421 [00:00<00:01, 199.15it/s]
Predictor_2 Epoch 12/85:  24%|██▍       | 101/421 [00:00<00:01, 198.61it/s]
Predictor_2 Epoch 12/85:  29%|██▉       | 122/421 [00:00<00:01, 201.08it/s]
Predictor_2 Epoch 12/85:  34%|███▍      | 144/421 [00:00<00:01, 207.00it/s]
Predictor_2 Epoch 12/85:  39%|███▉      | 165/421 [00:00<00:01, 202.71it/s]
Predictor_2 Epoch 12/85:  44%|████▍     | 186/421 [00:00<00:01, 202.64it/s]
Predictor_2 Epoch 12/85:  49%|████▉     | 208/421 [00:01<00:01, 207.31it/s]
Predictor_2 Epoch 12/85:  54%|█████▍    | 229/421 [00:01<00:00, 203.94it/s]
Predictor_2 Epoch 12/85:  59%|█████▉    | 250/421 [00:01<00:00, 202.29it/s]
Predictor_2 Epoch 12/85:  64%|██████▍   | 271/421 [00:01<00:00, 204.19it/s]
Predictor_2 Epoch 12/85:  70%|██████▉   | 293/421 [00:01<00:00, 206.25it/s]
Predictor_2 Epoch 12/85:  75%|███████▍  | 314/421 [00:01<00:00, 201.63it/s]
Predictor_2 Epoch 12/85:  80%|███████▉  | 336/421 [00:01<00:00, 205.77it/s]
Predictor_2 Epoch 12/85:  85%|████████▍ | 357/421 [00:01<00:00, 206.88it/s]
Predictor_2 Epoch 12/85:  90%|████████▉ | 378/421 [00:01<00:00, 200.72it/s]
Predictor_2 Epoch 12/85:  95%|█████████▍| 399/421 [00:01<00:00, 203.31it/s]
Predictor_2 Epoch 12/85: 100%|█████████▉| 420/421 [00:02<00:00, 204.52it/s]
Predictor_2 Epoch 12/85: 100%|█████████▉| 420/421 [00:02<00:00, 204.52it/s, acc=96.09%, loss=0.1034]
                                                                                                    

Predictor_2 Epoch 13/85:   0%|          | 0/421 [00:00<?, ?it/s]
Predictor_2 Epoch 13/85:   4%|▎         | 15/421 [00:00<00:02, 148.04it/s]
Predictor_2 Epoch 13/85:   9%|▉         | 37/421 [00:00<00:02, 177.91it/s]
Predictor_2 Epoch 13/85:  14%|█▍        | 59/421 [00:00<00:01, 195.44it/s]
Predictor_2 Epoch 13/85:  19%|█▉        | 81/421 [00:00<00:01, 193.97it/s]
Predictor_2 Epoch 13/85:  25%|██▍       | 104/421 [00:00<00:01, 206.16it/s]
Predictor_2 Epoch 13/85:  30%|██▉       | 125/421 [00:00<00:01, 200.04it/s]
Predictor_2 Epoch 13/85:  35%|███▍      | 147/421 [00:00<00:01, 205.50it/s]
Predictor_2 Epoch 13/85:  40%|████      | 169/421 [00:00<00:01, 202.08it/s]
Predictor_2 Epoch 13/85:  45%|████▌     | 190/421 [00:00<00:01, 203.70it/s]
Predictor_2 Epoch 13/85:  50%|█████     | 212/421 [00:01<00:01, 208.49it/s]
Predictor_2 Epoch 13/85:  55%|█████▌    | 233/421 [00:01<00:00, 203.66it/s]
Predictor_2 Epoch 13/85:  60%|██████    | 254/421 [00:01<00:00, 204.35it/s]
Predictor_2 Epoch 13/85:  66%|██████▌   | 276/421 [00:01<00:00, 208.83it/s]
Predictor_2 Epoch 13/85:  71%|███████   | 297/421 [00:01<00:00, 204.16it/s]
Predictor_2 Epoch 13/85:  76%|███████▌  | 318/421 [00:01<00:00, 203.74it/s]
Predictor_2 Epoch 13/85:  81%|████████  | 339/421 [00:01<00:00, 205.47it/s]
Predictor_2 Epoch 13/85:  86%|████████▌ | 361/421 [00:01<00:00, 205.34it/s]
Predictor_2 Epoch 13/85:  91%|█████████ | 382/421 [00:01<00:00, 204.04it/s]
Predictor_2 Epoch 13/85:  96%|█████████▌| 404/421 [00:01<00:00, 208.41it/s]
Predictor_2 Epoch 13/85:  96%|█████████▌| 404/421 [00:02<00:00, 208.41it/s, acc=96.88%, loss=0.1156]
                                                                                                    

Predictor_2 Epoch 14/85:   0%|          | 0/421 [00:00<?, ?it/s]
Predictor_2 Epoch 14/85:   4%|▍         | 17/421 [00:00<00:02, 149.47it/s]
Predictor_2 Epoch 14/85:   9%|▉         | 39/421 [00:00<00:02, 187.31it/s]
Predictor_2 Epoch 14/85:  14%|█▍        | 59/421 [00:00<00:01, 191.66it/s]
Predictor_2 Epoch 14/85:  19%|█▉        | 81/421 [00:00<00:01, 193.66it/s]
Predictor_2 Epoch 14/85:  24%|██▍       | 102/421 [00:00<00:01, 198.89it/s]
Predictor_2 Epoch 14/85:  29%|██▉       | 123/421 [00:00<00:01, 202.10it/s]
Predictor_2 Epoch 14/85:  34%|███▍      | 145/421 [00:00<00:01, 199.05it/s]
Predictor_2 Epoch 14/85:  40%|███▉      | 167/421 [00:00<00:01, 204.93it/s]
Predictor_2 Epoch 14/85:  45%|████▍     | 189/421 [00:00<00:01, 201.04it/s]
Predictor_2 Epoch 14/85:  50%|████▉     | 210/421 [00:01<00:01, 202.87it/s]
Predictor_2 Epoch 14/85:  55%|█████▌    | 233/421 [00:01<00:00, 202.80it/s]
Predictor_2 Epoch 14/85:  61%|██████    | 255/421 [00:01<00:00, 207.49it/s]
Predictor_2 Epoch 14/85:  66%|██████▌   | 277/421 [00:01<00:00, 202.69it/s]
Predictor_2 Epoch 14/85:  71%|███████   | 299/421 [00:01<00:00, 207.01it/s]
Predictor_2 Epoch 14/85:  76%|███████▌  | 321/421 [00:01<00:00, 202.51it/s]
Predictor_2 Epoch 14/85:  81%|████████▏ | 343/421 [00:01<00:00, 207.13it/s][codecarbon INFO @ 03:24:53] Energy consumed for RAM : 0.000929 kWh. RAM Power : 38.0 W

Predictor_2 Epoch 14/85:  86%|████████▋ | 364/421 [00:01<00:00, 207.87it/s]
Predictor_2 Epoch 14/85:  91%|█████████▏| 385/421 [00:01<00:00, 201.06it/s]
Predictor_2 Epoch 14/85:  97%|█████████▋| 407/421 [00:02<00:00, 205.95it/s]
Predictor_2 Epoch 14/85:  97%|█████████▋| 407/421 [00:02<00:00, 205.95it/s, acc=95.31%, loss=0.1390]
                                                                                                    
[codecarbon INFO @ 03:24:54] Delta energy consumed for CPU with cpu_load : 0.000251 kWh, power : 62.296875 W
[codecarbon INFO @ 03:24:54] Energy consumed for All CPU : 0.001372 kWh
[codecarbon INFO @ 03:24:54] Energy consumed for all GPUs : 0.002185 kWh. Total GPU Power : 60.887107012574475 W
[codecarbon INFO @ 03:24:54] 0.004486 kWh of electricity used since the beginning.

Predictor_3 Epoch 1/85:   0%|          | 0/421 [00:00<?, ?it/s]
Predictor_3 Epoch 1/85:   4%|▍         | 17/421 [00:00<00:02, 153.06it/s]
Predictor_3 Epoch 1/85:   9%|▉         | 38/421 [00:00<00:02, 185.00it/s]
Predictor_3 Epoch 1/85:  14%|█▍        | 60/421 [00:00<00:01, 199.87it/s]
Predictor_3 Epoch 1/85:  19%|█▉        | 81/421 [00:00<00:01, 195.28it/s]
Predictor_3 Epoch 1/85:  24%|██▍       | 103/421 [00:00<00:01, 203.26it/s]
Predictor_3 Epoch 1/85:  30%|██▉       | 125/421 [00:00<00:01, 200.12it/s]
Predictor_3 Epoch 1/85:  35%|███▍      | 146/421 [00:00<00:01, 203.09it/s]
Predictor_3 Epoch 1/85:  40%|███▉      | 168/421 [00:00<00:01, 207.87it/s]
Predictor_3 Epoch 1/85:  45%|████▍     | 189/421 [00:00<00:01, 201.59it/s]
Predictor_3 Epoch 1/85:  50%|████▉     | 210/421 [00:01<00:01, 204.05it/s]
Predictor_3 Epoch 1/85:  55%|█████▌    | 232/421 [00:01<00:00, 208.31it/s]
Predictor_3 Epoch 1/85:  60%|██████    | 253/421 [00:01<00:00, 202.45it/s]
Predictor_3 Epoch 1/85:  65%|██████▌   | 274/421 [00:01<00:00, 204.08it/s]
Predictor_3 Epoch 1/85:  70%|███████   | 296/421 [00:01<00:00, 208.12it/s]
Predictor_3 Epoch 1/85:  75%|███████▌  | 317/421 [00:01<00:00, 202.85it/s]
Predictor_3 Epoch 1/85:  80%|████████  | 338/421 [00:01<00:00, 203.87it/s]
Predictor_3 Epoch 1/85:  85%|████████▌ | 359/421 [00:01<00:00, 205.60it/s]
Predictor_3 Epoch 1/85:  90%|█████████ | 381/421 [00:01<00:00, 203.88it/s]
Predictor_3 Epoch 1/85:  95%|█████████▌| 402/421 [00:01<00:00, 203.49it/s]
Predictor_3 Epoch 1/85:  95%|█████████▌| 402/421 [00:02<00:00, 203.49it/s, acc=100.00%, loss=0.0565]
                                                                                                    

Predictor_3 Epoch 2/85:   0%|          | 0/421 [00:00<?, ?it/s]
Predictor_3 Epoch 2/85:   4%|▍         | 17/421 [00:00<00:02, 151.46it/s]
Predictor_3 Epoch 2/85:   9%|▉         | 38/421 [00:00<00:02, 183.24it/s]
Predictor_3 Epoch 2/85:  14%|█▍        | 60/421 [00:00<00:01, 198.69it/s]
Predictor_3 Epoch 2/85:  19%|█▉        | 81/421 [00:00<00:01, 193.03it/s]
Predictor_3 Epoch 2/85:  24%|██▍       | 102/421 [00:00<00:01, 198.55it/s]
Predictor_3 Epoch 2/85:  29%|██▉       | 124/421 [00:00<00:01, 204.60it/s]
Predictor_3 Epoch 2/85:  34%|███▍      | 145/421 [00:00<00:01, 198.33it/s]
Predictor_3 Epoch 2/85:  39%|███▉      | 166/421 [00:00<00:01, 201.77it/s]
Predictor_3 Epoch 2/85:  44%|████▍     | 187/421 [00:00<00:01, 204.21it/s]
Predictor_3 Epoch 2/85:  49%|████▉     | 208/421 [00:01<00:01, 205.81it/s]
Predictor_3 Epoch 2/85:  54%|█████▍    | 229/421 [00:01<00:00, 199.76it/s]
Predictor_3 Epoch 2/85:  60%|█████▉    | 251/421 [00:01<00:00, 204.12it/s]
Predictor_3 Epoch 2/85:  65%|██████▍   | 272/421 [00:01<00:00, 204.95it/s]
Predictor_3 Epoch 2/85:  70%|██████▉   | 293/421 [00:01<00:00, 200.03it/s]
Predictor_3 Epoch 2/85:  75%|███████▍  | 314/421 [00:01<00:00, 202.72it/s]
Predictor_3 Epoch 2/85:  80%|███████▉  | 335/421 [00:01<00:00, 204.24it/s]
Predictor_3 Epoch 2/85:  85%|████████▍ | 356/421 [00:01<00:00, 205.58it/s]
Predictor_3 Epoch 2/85:  90%|████████▉ | 377/421 [00:01<00:00, 200.52it/s]
Predictor_3 Epoch 2/85:  95%|█████████▍| 399/421 [00:01<00:00, 204.35it/s]
Predictor_3 Epoch 2/85: 100%|█████████▉| 420/421 [00:02<00:00, 203.15it/s]
Predictor_3 Epoch 2/85: 100%|█████████▉| 420/421 [00:02<00:00, 203.15it/s, acc=100.00%, loss=0.0281]
                                                                                                    

Predictor_3 Epoch 3/85:   0%|          | 0/421 [00:00<?, ?it/s]
Predictor_3 Epoch 3/85:   4%|▎         | 15/421 [00:00<00:02, 149.58it/s]
Predictor_3 Epoch 3/85:   9%|▉         | 37/421 [00:00<00:02, 176.30it/s]
Predictor_3 Epoch 3/85:  14%|█▍        | 59/421 [00:00<00:01, 194.46it/s]
Predictor_3 Epoch 3/85:  19%|█▉        | 81/421 [00:00<00:01, 194.82it/s]
Predictor_3 Epoch 3/85:  24%|██▍       | 102/421 [00:00<00:01, 199.24it/s]
Predictor_3 Epoch 3/85:  29%|██▉       | 124/421 [00:00<00:01, 204.96it/s]
Predictor_3 Epoch 3/85:  34%|███▍      | 145/421 [00:00<00:01, 200.05it/s]
Predictor_3 Epoch 3/85:  39%|███▉      | 166/421 [00:00<00:01, 201.77it/s]
Predictor_3 Epoch 3/85:  45%|████▍     | 188/421 [00:00<00:01, 206.37it/s]
Predictor_3 Epoch 3/85:  50%|████▉     | 209/421 [00:01<00:01, 201.67it/s]
Predictor_3 Epoch 3/85:  55%|█████▍    | 230/421 [00:01<00:00, 201.58it/s]
Predictor_3 Epoch 3/85:  60%|█████▉    | 252/421 [00:01<00:00, 206.30it/s]
Predictor_3 Epoch 3/85:  65%|██████▍   | 273/421 [00:01<00:00, 202.62it/s]
Predictor_3 Epoch 3/85:  70%|██████▉   | 294/421 [00:01<00:00, 202.17it/s]
Predictor_3 Epoch 3/85:  75%|███████▍  | 315/421 [00:01<00:00, 204.35it/s]
Predictor_3 Epoch 3/85:  80%|████████  | 337/421 [00:01<00:00, 203.67it/s]
Predictor_3 Epoch 3/85:  85%|████████▌ | 358/421 [00:01<00:00, 202.55it/s]
Predictor_3 Epoch 3/85:  90%|█████████ | 379/421 [00:01<00:00, 204.55it/s]
Predictor_3 Epoch 3/85:  95%|█████████▌| 400/421 [00:01<00:00, 205.95it/s]
Predictor_3 Epoch 3/85:  95%|█████████▌| 400/421 [00:02<00:00, 205.95it/s, acc=100.00%, loss=0.0197]
Predictor_3 Epoch 3/85: 100%|██████████| 421/421 [00:02<00:00, 201.26it/s, acc=100.00%, loss=0.0197]
                                                                                                    

Predictor_3 Epoch 4/85:   0%|          | 0/421 [00:00<?, ?it/s]
Predictor_3 Epoch 4/85:   4%|▍         | 17/421 [00:00<00:02, 152.95it/s]
Predictor_3 Epoch 4/85:   9%|▉         | 39/421 [00:00<00:02, 189.48it/s]
Predictor_3 Epoch 4/85:  14%|█▍        | 60/421 [00:00<00:01, 198.28it/s]
Predictor_3 Epoch 4/85:  19%|█▉        | 81/421 [00:00<00:01, 193.83it/s]
Predictor_3 Epoch 4/85:  24%|██▍       | 103/421 [00:00<00:01, 201.85it/s]
Predictor_3 Epoch 4/85:  30%|██▉       | 125/421 [00:00<00:01, 198.42it/s]
Predictor_3 Epoch 4/85:  35%|███▍      | 147/421 [00:00<00:01, 204.36it/s]
Predictor_3 Epoch 4/85:  40%|████      | 169/421 [00:00<00:01, 200.37it/s]
Predictor_3 Epoch 4/85:  45%|████▌     | 190/421 [00:00<00:01, 203.02it/s]
Predictor_3 Epoch 4/85:  50%|█████     | 212/421 [00:01<00:01, 207.11it/s]
Predictor_3 Epoch 4/85:  55%|█████▌    | 233/421 [00:01<00:00, 200.26it/s]
Predictor_3 Epoch 4/85:  61%|██████    | 255/421 [00:01<00:00, 205.01it/s]
Predictor_3 Epoch 4/85:  66%|██████▌   | 276/421 [00:01<00:00, 205.13it/s]
Predictor_3 Epoch 4/85:  71%|███████   | 297/421 [00:01<00:00, 200.46it/s]
Predictor_3 Epoch 4/85:  76%|███████▌  | 319/421 [00:01<00:00, 204.98it/s]
Predictor_3 Epoch 4/85:  81%|████████  | 340/421 [00:01<00:00, 206.37it/s]
Predictor_3 Epoch 4/85:  86%|████████▌ | 361/421 [00:01<00:00, 199.99it/s]
Predictor_3 Epoch 4/85:  91%|█████████ | 383/421 [00:01<00:00, 204.69it/s]
Predictor_3 Epoch 4/85:  96%|█████████▌| 404/421 [00:02<00:00, 206.14it/s]
Predictor_3 Epoch 4/85:  96%|█████████▌| 404/421 [00:02<00:00, 206.14it/s, acc=100.00%, loss=0.0149]
                                                                                                    

Predictor_3 Epoch 5/85:   0%|          | 0/421 [00:00<?, ?it/s]
Predictor_3 Epoch 5/85:   4%|▍         | 17/421 [00:00<00:02, 152.13it/s]
Predictor_3 Epoch 5/85:   9%|▉         | 39/421 [00:00<00:02, 188.64it/s]
Predictor_3 Epoch 5/85:  14%|█▍        | 60/421 [00:00<00:01, 198.04it/s]
Predictor_3 Epoch 5/85:  19%|█▉        | 81/421 [00:00<00:01, 192.90it/s]
Predictor_3 Epoch 5/85:  24%|██▍       | 103/421 [00:00<00:01, 201.38it/s]
Predictor_3 Epoch 5/85:  29%|██▉       | 124/421 [00:00<00:01, 203.98it/s]
Predictor_3 Epoch 5/85:  34%|███▍      | 145/421 [00:00<00:01, 197.99it/s]
Predictor_3 Epoch 5/85:  39%|███▉      | 166/421 [00:00<00:01, 201.58it/s]
Predictor_3 Epoch 5/85:  44%|████▍     | 187/421 [00:00<00:01, 203.89it/s]
Predictor_3 Epoch 5/85:  50%|████▉     | 209/421 [00:01<00:01, 200.70it/s]
Predictor_3 Epoch 5/85:  55%|█████▍    | 231/421 [00:01<00:00, 205.28it/s]
Predictor_3 Epoch 5/85:  60%|█████▉    | 252/421 [00:01<00:00, 206.35it/s]
Predictor_3 Epoch 5/85:  65%|██████▍   | 273/421 [00:01<00:00, 200.46it/s]
Predictor_3 Epoch 5/85:  70%|██████▉   | 294/421 [00:01<00:00, 202.56it/s]
Predictor_3 Epoch 5/85:  75%|███████▌  | 316/421 [00:01<00:00, 206.81it/s]
Predictor_3 Epoch 5/85:  80%|████████  | 337/421 [00:01<00:00, 200.17it/s]
Predictor_3 Epoch 5/85:  85%|████████▌ | 359/421 [00:01<00:00, 204.83it/s]
Predictor_3 Epoch 5/85:  90%|█████████ | 380/421 [00:01<00:00, 205.82it/s]
Predictor_3 Epoch 5/85:  95%|█████████▌| 401/421 [00:01<00:00, 200.08it/s]
Predictor_3 Epoch 5/85:  95%|█████████▌| 401/421 [00:02<00:00, 200.08it/s, acc=100.00%, loss=0.0068]
                                                                                                    

Predictor_3 Epoch 6/85:   0%|          | 0/421 [00:00<?, ?it/s]
Predictor_3 Epoch 6/85:   4%|▍         | 17/421 [00:00<00:02, 152.40it/s]
Predictor_3 Epoch 6/85:   9%|▉         | 38/421 [00:00<00:02, 184.14it/s]
Predictor_3 Epoch 6/85:  14%|█▍        | 59/421 [00:00<00:01, 194.59it/s]
Predictor_3 Epoch 6/85:  19%|█▉        | 80/421 [00:00<00:01, 199.31it/s]
Predictor_3 Epoch 6/85:  24%|██▍       | 101/421 [00:00<00:01, 193.26it/s]
Predictor_3 Epoch 6/85:  29%|██▉       | 122/421 [00:00<00:01, 197.67it/s]
Predictor_3 Epoch 6/85:  34%|███▍      | 143/421 [00:00<00:01, 200.74it/s]
Predictor_3 Epoch 6/85:  39%|███▉      | 164/421 [00:00<00:01, 202.12it/s]
Predictor_3 Epoch 6/85:  44%|████▍     | 185/421 [00:00<00:01, 196.08it/s]
Predictor_3 Epoch 6/85:  49%|████▉     | 206/421 [00:01<00:01, 199.30it/s]
Predictor_3 Epoch 6/85:  54%|█████▍    | 227/421 [00:01<00:00, 201.52it/s]
Predictor_3 Epoch 6/85:  59%|█████▉    | 248/421 [00:01<00:00, 203.06it/s]
Predictor_3 Epoch 6/85:  64%|██████▍   | 269/421 [00:01<00:00, 196.89it/s]
Predictor_3 Epoch 6/85:  69%|██████▊   | 289/421 [00:01<00:00, 197.66it/s]
Predictor_3 Epoch 6/85:  74%|███████▎  | 310/421 [00:01<00:00, 200.46it/s]
Predictor_3 Epoch 6/85:  79%|███████▊  | 331/421 [00:01<00:00, 202.31it/s]
Predictor_3 Epoch 6/85:  84%|████████▎ | 352/421 [00:01<00:00, 203.65it/s]
Predictor_3 Epoch 6/85:  89%|████████▊ | 373/421 [00:01<00:00, 196.64it/s]
Predictor_3 Epoch 6/85:  94%|█████████▎| 394/421 [00:01<00:00, 199.48it/s]
Predictor_3 Epoch 6/85:  99%|█████████▊| 415/421 [00:02<00:00, 195.71it/s]
Predictor_3 Epoch 6/85:  99%|█████████▊| 415/421 [00:02<00:00, 195.71it/s, acc=100.00%, loss=0.0060]
                                                                                                    

Predictor_3 Epoch 7/85:   0%|          | 0/421 [00:00<?, ?it/s]
Predictor_3 Epoch 7/85:   4%|▍         | 17/421 [00:00<00:02, 150.26it/s]
Predictor_3 Epoch 7/85:   9%|▉         | 38/421 [00:00<00:02, 182.71it/s]
Predictor_3 Epoch 7/85:  14%|█▍        | 59/421 [00:00<00:01, 193.64it/s][codecarbon INFO @ 03:25:08] Energy consumed for RAM : 0.001082 kWh. RAM Power : 38.0 W

Predictor_3 Epoch 7/85:  19%|█▉        | 80/421 [00:00<00:01, 199.47it/s]
Predictor_3 Epoch 7/85:  24%|██▍       | 101/421 [00:00<00:01, 193.59it/s]
Predictor_3 Epoch 7/85:  29%|██▉       | 122/421 [00:00<00:01, 198.41it/s]
Predictor_3 Epoch 7/85:  34%|███▍      | 143/421 [00:00<00:01, 200.93it/s]
Predictor_3 Epoch 7/85:  39%|███▉      | 164/421 [00:00<00:01, 202.81it/s][codecarbon INFO @ 03:25:09] Delta energy consumed for CPU with cpu_load : 0.000231 kWh, power : 57.262499999999996 W
[codecarbon INFO @ 03:25:09] Energy consumed for All CPU : 0.001602 kWh
[codecarbon INFO @ 03:25:09] Energy consumed for all GPUs : 0.002453 kWh. Total GPU Power : 64.27971938718677 W
[codecarbon INFO @ 03:25:09] 0.005137 kWh of electricity used since the beginning.

Predictor_3 Epoch 7/85:  44%|████▍     | 185/421 [00:00<00:01, 196.53it/s]
Predictor_3 Epoch 7/85:  49%|████▉     | 206/421 [00:01<00:01, 199.50it/s]
Predictor_3 Epoch 7/85:  54%|█████▍    | 227/421 [00:01<00:00, 201.75it/s]
Predictor_3 Epoch 7/85:  59%|█████▉    | 248/421 [00:01<00:00, 202.83it/s]
Predictor_3 Epoch 7/85:  64%|██████▍   | 269/421 [00:01<00:00, 196.78it/s]
Predictor_3 Epoch 7/85:  69%|██████▉   | 290/421 [00:01<00:00, 199.68it/s]
Predictor_3 Epoch 7/85:  74%|███████▍  | 311/421 [00:01<00:00, 201.70it/s]
Predictor_3 Epoch 7/85:  79%|███████▉  | 332/421 [00:01<00:00, 203.24it/s]
Predictor_3 Epoch 7/85:  84%|████████▍ | 353/421 [00:01<00:00, 197.03it/s]
Predictor_3 Epoch 7/85:  89%|████████▉ | 374/421 [00:01<00:00, 199.79it/s]
Predictor_3 Epoch 7/85:  94%|█████████▍| 395/421 [00:01<00:00, 202.18it/s]
Predictor_3 Epoch 7/85:  99%|█████████▉| 416/421 [00:02<00:00, 197.91it/s]
Predictor_3 Epoch 7/85:  99%|█████████▉| 416/421 [00:02<00:00, 197.91it/s, acc=100.00%, loss=0.0046]
                                                                                                    

Evaluating CaFo (sum):   0%|          | 0/40 [00:00<?, ?it/s]
Evaluating CaFo (sum):   2%|▎         | 1/40 [00:00<00:04,  7.97it/s]
Evaluating CaFo (sum):  32%|███▎      | 13/40 [00:00<00:00, 64.90it/s]
Evaluating CaFo (sum):  62%|██████▎   | 25/40 [00:00<00:00, 83.37it/s]
Evaluating CaFo (sum):  92%|█████████▎| 37/40 [00:00<00:00, 92.76it/s]
                                                                      
[codecarbon INFO @ 03:25:11] Energy consumed for RAM : 0.001102 kWh. RAM Power : 38.0 W
[codecarbon INFO @ 03:25:11] Delta energy consumed for CPU with cpu_load : 0.000034 kWh, power : 63.225 W
[codecarbon INFO @ 03:25:11] Energy consumed for All CPU : 0.001636 kWh
[codecarbon INFO @ 03:25:11] Energy consumed for all GPUs : 0.002496 kWh. Total GPU Power : 62.73308954439673 W
[codecarbon INFO @ 03:25:11] 0.005234 kWh of electricity used since the beginning.
[codecarbon INFO @ 03:25:11] 0.031944 g.CO2eq/s mean an estimation of 1,007.3709142274939 kg.CO2eq/year
wandb: uploading history steps 125-130, summary, console lines 1037-1114
wandb:                                                                                
wandb: 
wandb: Run history:
wandb:              CaFo_DFA/BlockTrain_Acc_Batch ▁▃▇▆▇▇█▇▇▇█████
wandb:           CaFo_DFA/BlockTrain_Acc_EpochAvg ▁▃▄▅▆▆▇▇▇▇█████
wandb:      CaFo_DFA/BlockTrain_GPU_Mem_MiB_Batch ▁▁▁▁▁▁▁▁▁▁▁▁▁▁▁
wandb:             CaFo_DFA/BlockTrain_Loss_Batch █▅▃▃▃▂▂▂▃▂▁▁▁▁▁
wandb:          CaFo_DFA/BlockTrain_Loss_EpochAvg █▅▄▄▃▃▂▂▂▂▁▁▁▁▁
wandb: CaFo_DFA/BlockTrain_Peak_GPU_Mem_Epoch_MiB ▁▁▁▁▁▁▁▁▁▁▁▁▁▁▁
wandb:                 Predictor_1/Epochs_Trained ▁
wandb:         Predictor_1/GPU_Mem_Used_MiB_Batch ▁██████████
wandb:         Predictor_1/Peak_GPU_Mem_Epoch_MiB ▁██████████
wandb:         Predictor_1/Peak_GPU_Mem_Layer_MiB ▁
wandb:                Predictor_1/Train_Acc_Batch ▃▁▃▂▅▁█▃▅▆█
wandb:             Predictor_1/Train_Acc_EpochAvg ▁▄▅▆▇▇▇▇▇██
wandb:             Predictor_1/Train_Acc_LayerAvg ▁
wandb:               Predictor_1/Train_Loss_Batch ▆█▃▅▃▄▂▃▂▃▁
wandb:            Predictor_1/Train_Loss_EpochAvg █▅▄▃▂▂▂▂▁▁▁
wandb:            Predictor_1/Train_Loss_LayerAvg ▁
wandb:                  Predictor_1/Val_Acc_Epoch ▁▃▃▂▇▅▄▅█▄▇
wandb:                 Predictor_1/Val_Loss_Epoch █▅▄▆▁▃▃▄▁▆▃
wandb:                 Predictor_2/Epochs_Trained ▁
wandb:         Predictor_2/GPU_Mem_Used_MiB_Batch ▁▁▁▁▁▁▁▁▁▁▁▁▁▁
wandb:         Predictor_2/Peak_GPU_Mem_Epoch_MiB ▁▁▁▁▁▁▁▁▁▁▁▁▁▁
wandb:         Predictor_2/Peak_GPU_Mem_Layer_MiB ▁
wandb:                Predictor_2/Train_Acc_Batch ▁▂▂▆▃▄▅▆▇▇▃▇█▆
wandb:             Predictor_2/Train_Acc_EpochAvg ▁▄▅▆▆▆▇▇▇▇████
wandb:             Predictor_2/Train_Acc_LayerAvg ▁
wandb:               Predictor_2/Train_Loss_Batch █▆▇▃▇▆▇▂▁▁▄▁▂▂
wandb:            Predictor_2/Train_Loss_EpochAvg █▅▄▃▃▃▂▂▂▂▁▁▁▁
wandb:            Predictor_2/Train_Loss_LayerAvg ▁
wandb:                  Predictor_2/Val_Acc_Epoch ▁▅▅▅▇▆▆█▇▆▆▇▇▅
wandb:                 Predictor_2/Val_Loss_Epoch █▃▄▃▂▂▂▁▂▅▃▃▃▆
wandb:                 Predictor_3/Epochs_Trained ▁
wandb:         Predictor_3/GPU_Mem_Used_MiB_Batch ▁▁▁▁▁▁▁
wandb:         Predictor_3/Peak_GPU_Mem_Epoch_MiB ▁▁▁▁▁▁▁
wandb:         Predictor_3/Peak_GPU_Mem_Layer_MiB ▁
wandb:                Predictor_3/Train_Acc_Batch ▁▁▁▁▁▁▁
wandb:             Predictor_3/Train_Acc_EpochAvg ▁▇█████
wandb:             Predictor_3/Train_Acc_LayerAvg ▁
wandb:               Predictor_3/Train_Loss_Batch █▄▃▂▁▁▁
wandb:            Predictor_3/Train_Loss_EpochAvg █▃▂▁▁▁▁
wandb:            Predictor_3/Train_Loss_LayerAvg ▁
wandb:                  Predictor_3/Val_Acc_Epoch ▁▃▃█▅▆▅
wandb:                 Predictor_3/Val_Loss_Epoch ▁▂▃▄▅▇█
wandb:                       estimated_fwd_gflops ▁
wandb:                        final/Test_Accuracy ▁
wandb:                            final/Test_Loss ▁
wandb:           final/codecarbon_emissions_gCO2e ▁
wandb:                 final/estimated_fwd_gflops ▁
wandb:                final/peak_gpu_mem_used_mib ▁
wandb:              final/total_gpu_energy_joules ▁
wandb:                  final/total_gpu_energy_wh ▁
wandb:               final/total_run_duration_sec ▁
wandb:                final/training_duration_sec ▁
wandb:                                global_step ▁▁▁▁▂▂▂▂▂▂▃▃▃▃▃▃▄▄▄▄▅▅▅▅▅▅▆▆▆▆▆▇▇▇▇▇▇███
wandb:                   initial_gpu_mem_used_mib ▁
wandb:                     model_parameters_total ▁
wandb:                 model_parameters_trainable ▁
wandb: 
wandb: Run summary:
wandb:              CaFo_DFA/BlockTrain_Acc_Batch 98.4375
wandb:           CaFo_DFA/BlockTrain_Acc_EpochAvg 99.78474
wandb:      CaFo_DFA/BlockTrain_GPU_Mem_MiB_Batch 1066
wandb:             CaFo_DFA/BlockTrain_Loss_Batch 0.03601
wandb:          CaFo_DFA/BlockTrain_Loss_EpochAvg 0.01695
wandb: CaFo_DFA/BlockTrain_Peak_GPU_Mem_Epoch_MiB 1066
wandb:                 Predictor_1/Epochs_Trained 11
wandb:         Predictor_1/GPU_Mem_Used_MiB_Batch 1092
wandb:         Predictor_1/Peak_GPU_Mem_Epoch_MiB 1092
wandb:         Predictor_1/Peak_GPU_Mem_Layer_MiB 1092
wandb:                Predictor_1/Train_Acc_Batch 95.3125
wandb:             Predictor_1/Train_Acc_EpochAvg 93.14133
wandb:             Predictor_1/Train_Acc_LayerAvg 93.14133
wandb:               Predictor_1/Train_Loss_Batch 0.13842
wandb:            Predictor_1/Train_Loss_EpochAvg 0.19245
wandb:            Predictor_1/Train_Loss_LayerAvg 0.19245
wandb:                  Predictor_1/Val_Acc_Epoch 90.56667
wandb:                 Predictor_1/Val_Loss_Epoch 0.28378
wandb:                 Predictor_2/Epochs_Trained 14
wandb:         Predictor_2/GPU_Mem_Used_MiB_Batch 1092
wandb:         Predictor_2/Peak_GPU_Mem_Epoch_MiB 1092
wandb:         Predictor_2/Peak_GPU_Mem_Layer_MiB 1092
wandb:                Predictor_2/Train_Acc_Batch 95.3125
wandb:             Predictor_2/Train_Acc_EpochAvg 96.14942
wandb:             Predictor_2/Train_Acc_LayerAvg 96.14942
wandb:               Predictor_2/Train_Loss_Batch 0.13898
wandb:            Predictor_2/Train_Loss_EpochAvg 0.11177
wandb:            Predictor_2/Train_Loss_LayerAvg 0.11177
wandb:                  Predictor_2/Val_Acc_Epoch 90.45
wandb:                 Predictor_2/Val_Loss_Epoch 0.29366
wandb:                 Predictor_3/Epochs_Trained 7
wandb:         Predictor_3/GPU_Mem_Used_MiB_Batch 1092
wandb:         Predictor_3/Peak_GPU_Mem_Epoch_MiB 1092
wandb:         Predictor_3/Peak_GPU_Mem_Layer_MiB 1092
wandb:                Predictor_3/Train_Acc_Batch 100
wandb:             Predictor_3/Train_Acc_EpochAvg 99.99629
wandb:             Predictor_3/Train_Acc_LayerAvg 99.99629
wandb:               Predictor_3/Train_Loss_Batch 0.00463
wandb:            Predictor_3/Train_Loss_EpochAvg 0.00653
wandb:            Predictor_3/Train_Loss_LayerAvg 0.00653
wandb:                  Predictor_3/Val_Acc_Epoch 92.48333
wandb:                 Predictor_3/Val_Loss_Epoch 0.27412
wandb:                     codecarbon_country_iso POL
wandb:                         codecarbon_enabled True
wandb:                            codecarbon_mode offline
wandb:                 estimated_bp_update_gflops nan
wandb:                       estimated_fwd_gflops 0.07271
wandb:                        final/Test_Accuracy 91.72
wandb:                            final/Test_Loss 0.56181
wandb:           final/codecarbon_emissions_gCO2e 3.46458
wandb:           final/estimated_bp_update_gflops nan
wandb:                 final/estimated_fwd_gflops 0.07271
wandb:                final/peak_gpu_mem_used_mib 1092
wandb:              final/total_gpu_energy_joules 8899.43646
wandb:                  final/total_gpu_energy_wh 2.47207
wandb:               final/total_run_duration_sec 109.52498
wandb:                final/training_duration_sec 106.04502
wandb:                   initial_gpu_mem_used_mib 336.625
wandb:                     model_parameters_total 628320
wandb:                 model_parameters_trainable 628320
wandb: 
wandb: 🚀 View run cafodfa_fashion_mnist_cnn_3block at: https://wandb.ai/przspyra11/BeyondBackpropagation/runs/52g16vej
wandb: ⭐️ View project at: https://wandb.ai/przspyra11/BeyondBackpropagation
wandb: Synced 5 W&B file(s), 0 media file(s), 0 artifact file(s) and 0 other file(s)
wandb: Find logs at: ./wandb/run-20250508_032322-52g16vej/logs
