 binutils/2.38 loaded.
 bzip2/1.0.8 loaded.
 zlib/1.2.12 loaded.
 ncurses/6.3 loaded.
 libreadline/8.1.2 loaded.
 Tcl/8.6.12 loaded.
 SQLite/3.38.3 loaded.
 XZ/5.2.5 loaded.
 GMP/6.2.1 loaded.
 libffi/3.4.2 loaded.
 OpenSSL/1.1 loaded.
 Python/3.10.4 loaded.
 CUDA/12.4.0 loaded.

Currently Loaded Modules:
  1) binutils/2.38   5) libreadline/8.1.2   9) GMP/6.2.1      13) CUDA/12.4.0
  2) bzip2/1.0.8     6) Tcl/8.6.12         10) libffi/3.4.2
  3) zlib/1.2.12     7) SQLite/3.38.3      11) OpenSSL/1.1
  4) ncurses/6.3     8) XZ/5.2.5           12) Python/3.10.4

 

2025-05-08 03:22:21,315 - src.utils.config_parser - INFO - Successfully merged configuration from configs/cafo/cafodfa_fashion_mnist_cnn_3block.yaml and configs/base.yaml
wandb: Using wandb-core as the SDK backend.  Please refer to https://wandb.me/wandb-core for more information.
wandb: Currently logged in as: przspyra11 (agh_racing) to https://api.wandb.ai. Use `wandb login --relogin` to force relogin
wandb: Tracking run with wandb version 0.19.8
wandb: Run data is saved locally in /net/tscratch/people/plgspyra/BeyondBackpropagation/wandb/run-20250508_032222-bv1if62b
wandb: Run `wandb offline` to turn off syncing.
wandb: Syncing run cafodfa_fashion_mnist_cnn_3block
wandb: â­ï¸ View project at https://wandb.ai/przspyra11/BeyondBackpropagation
wandb: ðŸš€ View run at https://wandb.ai/przspyra11/BeyondBackpropagation/runs/bv1if62b
[codecarbon INFO @ 03:22:22] offline tracker init
[codecarbon INFO @ 03:22:22] [setup] RAM Tracking...
[codecarbon INFO @ 03:22:22] [setup] CPU Tracking...
 Linux OS detected: Please ensure RAPL files exist at /sys/class/powercap/intel-rapl/subsystem to measure CPU

[codecarbon INFO @ 03:22:22] CPU Model on constant consumption mode: AMD EPYC 7742 64-Core Processor
[codecarbon INFO @ 03:22:22] [setup] GPU Tracking...
[codecarbon INFO @ 03:22:22] Tracking Nvidia GPU via pynvml
[codecarbon INFO @ 03:22:22] The below tracking methods have been set up:
                RAM Tracking Method: RAM power estimation model
                CPU Tracking Method: cpu_load
                GPU Tracking Method: pynvml
            
[codecarbon INFO @ 03:22:22] >>> Tracker's metadata:
[codecarbon INFO @ 03:22:22]   Platform system: Linux-5.14.0-503.26.1.el9_5.x86_64-x86_64-with-glibc2.34
[codecarbon INFO @ 03:22:22]   Python version: 3.10.4
[codecarbon INFO @ 03:22:22]   CodeCarbon version: 3.0.1
[codecarbon INFO @ 03:22:22]   Available RAM : 125.000 GB
[codecarbon INFO @ 03:22:22]   CPU count: 16 thread(s) in 2 physical CPU(s)
[codecarbon INFO @ 03:22:22]   CPU model: AMD EPYC 7742 64-Core Processor
[codecarbon INFO @ 03:22:22]   GPU count: 1
[codecarbon INFO @ 03:22:22]   GPU model: 1 x NVIDIA A100-SXM4-40GB BUT only tracking these GPU ids : [0]
[codecarbon INFO @ 03:22:22] Emissions data (if any) will be saved to file /net/tscratch/people/plgspyra/BeyondBackpropagation/results/carbon/cafodfa_fashion_mnist_cnn_3block_carbon.csv

DFA Block Epoch 1/15:   0%|          | 0/421 [00:00<?, ?it/s]
DFA Block Epoch 1/15:   0%|          | 1/421 [00:00<01:39,  4.21it/s]
DFA Block Epoch 1/15:   5%|â–Œ         | 22/421 [00:00<00:04, 80.77it/s]
DFA Block Epoch 1/15:  10%|â–ˆ         | 44/421 [00:00<00:02, 127.59it/s]
DFA Block Epoch 1/15:  16%|â–ˆâ–Œ        | 66/421 [00:00<00:02, 156.59it/s]
DFA Block Epoch 1/15:  21%|â–ˆâ–ˆ        | 88/421 [00:00<00:01, 175.66it/s]
DFA Block Epoch 1/15:  26%|â–ˆâ–ˆâ–Œ       | 110/421 [00:00<00:01, 188.25it/s]
DFA Block Epoch 1/15:  31%|â–ˆâ–ˆâ–ˆâ–      | 132/421 [00:00<00:01, 196.92it/s]
DFA Block Epoch 1/15:  37%|â–ˆâ–ˆâ–ˆâ–‹      | 154/421 [00:00<00:01, 202.40it/s]
DFA Block Epoch 1/15:  42%|â–ˆâ–ˆâ–ˆâ–ˆâ–     | 175/421 [00:01<00:01, 204.25it/s]
DFA Block Epoch 1/15:  47%|â–ˆâ–ˆâ–ˆâ–ˆâ–‹     | 196/421 [00:01<00:01, 205.97it/s]
DFA Block Epoch 1/15:  52%|â–ˆâ–ˆâ–ˆâ–ˆâ–ˆâ–    | 217/421 [00:01<00:00, 207.13it/s]
DFA Block Epoch 1/15:  57%|â–ˆâ–ˆâ–ˆâ–ˆâ–ˆâ–‹    | 238/421 [00:01<00:00, 207.27it/s]
DFA Block Epoch 1/15:  62%|â–ˆâ–ˆâ–ˆâ–ˆâ–ˆâ–ˆâ–   | 259/421 [00:01<00:00, 207.13it/s]
DFA Block Epoch 1/15:  67%|â–ˆâ–ˆâ–ˆâ–ˆâ–ˆâ–ˆâ–‹   | 281/421 [00:01<00:00, 208.59it/s]
DFA Block Epoch 1/15:  72%|â–ˆâ–ˆâ–ˆâ–ˆâ–ˆâ–ˆâ–ˆâ–  | 302/421 [00:01<00:00, 207.69it/s]
DFA Block Epoch 1/15:  77%|â–ˆâ–ˆâ–ˆâ–ˆâ–ˆâ–ˆâ–ˆâ–‹  | 323/421 [00:01<00:00, 208.22it/s]
DFA Block Epoch 1/15:  82%|â–ˆâ–ˆâ–ˆâ–ˆâ–ˆâ–ˆâ–ˆâ–ˆâ– | 344/421 [00:01<00:00, 208.55it/s]
DFA Block Epoch 1/15:  87%|â–ˆâ–ˆâ–ˆâ–ˆâ–ˆâ–ˆâ–ˆâ–ˆâ–‹ | 365/421 [00:01<00:00, 208.80it/s]
DFA Block Epoch 1/15:  92%|â–ˆâ–ˆâ–ˆâ–ˆâ–ˆâ–ˆâ–ˆâ–ˆâ–ˆâ–| 386/421 [00:02<00:00, 208.02it/s]
DFA Block Epoch 1/15:  97%|â–ˆâ–ˆâ–ˆâ–ˆâ–ˆâ–ˆâ–ˆâ–ˆâ–ˆâ–‹| 407/421 [00:02<00:00, 208.08it/s]
DFA Block Epoch 1/15:  97%|â–ˆâ–ˆâ–ˆâ–ˆâ–ˆâ–ˆâ–ˆâ–ˆâ–ˆâ–‹| 407/421 [00:02<00:00, 208.08it/s, acc=89.84%, loss=0.2744]
                                                                                                 

DFA Block Epoch 2/15:   0%|          | 0/421 [00:00<?, ?it/s]
DFA Block Epoch 2/15:   4%|â–Ž         | 15/421 [00:00<00:02, 147.26it/s]
DFA Block Epoch 2/15:   9%|â–‰         | 37/421 [00:00<00:02, 185.58it/s]
DFA Block Epoch 2/15:  14%|â–ˆâ–        | 58/421 [00:00<00:01, 196.11it/s]
DFA Block Epoch 2/15:  19%|â–ˆâ–‰        | 79/421 [00:00<00:01, 200.83it/s]
DFA Block Epoch 2/15:  24%|â–ˆâ–ˆâ–       | 100/421 [00:00<00:01, 203.17it/s]
DFA Block Epoch 2/15:  29%|â–ˆâ–ˆâ–‰       | 122/421 [00:00<00:01, 205.36it/s]
DFA Block Epoch 2/15:  34%|â–ˆâ–ˆâ–ˆâ–      | 143/421 [00:00<00:01, 205.99it/s]
DFA Block Epoch 2/15:  39%|â–ˆâ–ˆâ–ˆâ–‰      | 164/421 [00:00<00:01, 207.06it/s]
DFA Block Epoch 2/15:  44%|â–ˆâ–ˆâ–ˆâ–ˆâ–     | 185/421 [00:00<00:01, 207.31it/s]
DFA Block Epoch 2/15:  49%|â–ˆâ–ˆâ–ˆâ–ˆâ–‰     | 206/421 [00:01<00:01, 208.08it/s]
DFA Block Epoch 2/15:  54%|â–ˆâ–ˆâ–ˆâ–ˆâ–ˆâ–    | 227/421 [00:01<00:00, 208.11it/s]
DFA Block Epoch 2/15:  59%|â–ˆâ–ˆâ–ˆâ–ˆâ–ˆâ–‰    | 248/421 [00:01<00:00, 207.79it/s]
DFA Block Epoch 2/15:  64%|â–ˆâ–ˆâ–ˆâ–ˆâ–ˆâ–ˆâ–   | 269/421 [00:01<00:00, 207.28it/s]
DFA Block Epoch 2/15:  69%|â–ˆâ–ˆâ–ˆâ–ˆâ–ˆâ–ˆâ–‰   | 290/421 [00:01<00:00, 207.84it/s]
DFA Block Epoch 2/15:  74%|â–ˆâ–ˆâ–ˆâ–ˆâ–ˆâ–ˆâ–ˆâ–  | 311/421 [00:01<00:00, 207.93it/s]
DFA Block Epoch 2/15:  79%|â–ˆâ–ˆâ–ˆâ–ˆâ–ˆâ–ˆâ–ˆâ–‰  | 332/421 [00:01<00:00, 207.77it/s]
DFA Block Epoch 2/15:  84%|â–ˆâ–ˆâ–ˆâ–ˆâ–ˆâ–ˆâ–ˆâ–ˆâ– | 353/421 [00:01<00:00, 207.42it/s]
DFA Block Epoch 2/15:  89%|â–ˆâ–ˆâ–ˆâ–ˆâ–ˆâ–ˆâ–ˆâ–ˆâ–‰ | 374/421 [00:01<00:00, 207.80it/s]
DFA Block Epoch 2/15:  94%|â–ˆâ–ˆâ–ˆâ–ˆâ–ˆâ–ˆâ–ˆâ–ˆâ–ˆâ–| 395/421 [00:01<00:00, 207.97it/s]
DFA Block Epoch 2/15:  99%|â–ˆâ–ˆâ–ˆâ–ˆâ–ˆâ–ˆâ–ˆâ–ˆâ–ˆâ–‰| 416/421 [00:02<00:00, 199.54it/s]
DFA Block Epoch 2/15:  99%|â–ˆâ–ˆâ–ˆâ–ˆâ–ˆâ–ˆâ–ˆâ–ˆâ–ˆâ–‰| 416/421 [00:02<00:00, 199.54it/s, acc=87.50%, loss=0.3143]
                                                                                                 

DFA Block Epoch 3/15:   0%|          | 0/421 [00:00<?, ?it/s]
DFA Block Epoch 3/15:   4%|â–Ž         | 15/421 [00:00<00:02, 146.91it/s]
DFA Block Epoch 3/15:   9%|â–‰         | 37/421 [00:00<00:02, 185.07it/s]
DFA Block Epoch 3/15:  14%|â–ˆâ–        | 59/421 [00:00<00:01, 197.10it/s]
DFA Block Epoch 3/15:  19%|â–ˆâ–‰        | 81/421 [00:00<00:01, 203.21it/s]
DFA Block Epoch 3/15:  24%|â–ˆâ–ˆâ–       | 103/421 [00:00<00:01, 206.71it/s]
DFA Block Epoch 3/15:  29%|â–ˆâ–ˆâ–‰       | 124/421 [00:00<00:01, 207.03it/s]
DFA Block Epoch 3/15:  35%|â–ˆâ–ˆâ–ˆâ–      | 146/421 [00:00<00:01, 208.24it/s]
DFA Block Epoch 3/15:  40%|â–ˆâ–ˆâ–ˆâ–‰      | 167/421 [00:00<00:01, 208.16it/s]
DFA Block Epoch 3/15:  45%|â–ˆâ–ˆâ–ˆâ–ˆâ–     | 189/421 [00:00<00:01, 209.17it/s]
DFA Block Epoch 3/15:  50%|â–ˆâ–ˆâ–ˆâ–ˆâ–‰     | 210/421 [00:01<00:01, 208.31it/s]
DFA Block Epoch 3/15:  55%|â–ˆâ–ˆâ–ˆâ–ˆâ–ˆâ–    | 231/421 [00:01<00:00, 208.41it/s]
DFA Block Epoch 3/15:  60%|â–ˆâ–ˆâ–ˆâ–ˆâ–ˆâ–‰    | 252/421 [00:01<00:00, 208.25it/s]
DFA Block Epoch 3/15:  65%|â–ˆâ–ˆâ–ˆâ–ˆâ–ˆâ–ˆâ–Œ   | 274/421 [00:01<00:00, 208.64it/s]
DFA Block Epoch 3/15:  70%|â–ˆâ–ˆâ–ˆâ–ˆâ–ˆâ–ˆâ–ˆ   | 295/421 [00:01<00:00, 207.80it/s]
DFA Block Epoch 3/15:  75%|â–ˆâ–ˆâ–ˆâ–ˆâ–ˆâ–ˆâ–ˆâ–Œ  | 317/421 [00:01<00:00, 208.78it/s]
DFA Block Epoch 3/15:  80%|â–ˆâ–ˆâ–ˆâ–ˆâ–ˆâ–ˆâ–ˆâ–ˆ  | 338/421 [00:01<00:00, 208.98it/s]
DFA Block Epoch 3/15:  85%|â–ˆâ–ˆâ–ˆâ–ˆâ–ˆâ–ˆâ–ˆâ–ˆâ–Œ | 359/421 [00:01<00:00, 208.53it/s]
DFA Block Epoch 3/15:  90%|â–ˆâ–ˆâ–ˆâ–ˆâ–ˆâ–ˆâ–ˆâ–ˆâ–ˆ | 380/421 [00:01<00:00, 206.95it/s]
DFA Block Epoch 3/15:  95%|â–ˆâ–ˆâ–ˆâ–ˆâ–ˆâ–ˆâ–ˆâ–ˆâ–ˆâ–Œ| 402/421 [00:01<00:00, 209.42it/s]
DFA Block Epoch 3/15:  95%|â–ˆâ–ˆâ–ˆâ–ˆâ–ˆâ–ˆâ–ˆâ–ˆâ–ˆâ–Œ| 402/421 [00:02<00:00, 209.42it/s, acc=96.09%, loss=0.1200]
                                                                                                 

DFA Block Epoch 4/15:   0%|          | 0/421 [00:00<?, ?it/s]
DFA Block Epoch 4/15:   3%|â–Ž         | 13/421 [00:00<00:03, 127.28it/s]
DFA Block Epoch 4/15:   8%|â–Š         | 35/421 [00:00<00:02, 180.73it/s]
DFA Block Epoch 4/15:  14%|â–ˆâ–Ž        | 57/421 [00:00<00:01, 194.36it/s]
DFA Block Epoch 4/15:  19%|â–ˆâ–Š        | 78/421 [00:00<00:01, 200.25it/s]
DFA Block Epoch 4/15:  24%|â–ˆâ–ˆâ–       | 100/421 [00:00<00:01, 205.35it/s]
DFA Block Epoch 4/15:  29%|â–ˆâ–ˆâ–‰       | 122/421 [00:00<00:01, 207.81it/s]
DFA Block Epoch 4/15:  34%|â–ˆâ–ˆâ–ˆâ–      | 144/421 [00:00<00:01, 208.83it/s]
DFA Block Epoch 4/15:  39%|â–ˆâ–ˆâ–ˆâ–‰      | 165/421 [00:00<00:01, 205.50it/s]
DFA Block Epoch 4/15:  44%|â–ˆâ–ˆâ–ˆâ–ˆâ–     | 187/421 [00:00<00:01, 208.35it/s]
DFA Block Epoch 4/15:  50%|â–ˆâ–ˆâ–ˆâ–ˆâ–‰     | 209/421 [00:01<00:01, 209.85it/s]
DFA Block Epoch 4/15:  55%|â–ˆâ–ˆâ–ˆâ–ˆâ–ˆâ–    | 231/421 [00:01<00:00, 210.06it/s]
DFA Block Epoch 4/15:  60%|â–ˆâ–ˆâ–ˆâ–ˆâ–ˆâ–ˆ    | 253/421 [00:01<00:00, 210.36it/s]
DFA Block Epoch 4/15:  65%|â–ˆâ–ˆâ–ˆâ–ˆâ–ˆâ–ˆâ–Œ   | 275/421 [00:01<00:00, 209.24it/s]
DFA Block Epoch 4/15:  70%|â–ˆâ–ˆâ–ˆâ–ˆâ–ˆâ–ˆâ–ˆ   | 296/421 [00:01<00:00, 208.62it/s]
DFA Block Epoch 4/15:  75%|â–ˆâ–ˆâ–ˆâ–ˆâ–ˆâ–ˆâ–ˆâ–Œ  | 317/421 [00:01<00:00, 207.68it/s]
DFA Block Epoch 4/15:  80%|â–ˆâ–ˆâ–ˆâ–ˆâ–ˆâ–ˆâ–ˆâ–ˆ  | 338/421 [00:01<00:00, 207.95it/s]
DFA Block Epoch 4/15:  86%|â–ˆâ–ˆâ–ˆâ–ˆâ–ˆâ–ˆâ–ˆâ–ˆâ–Œ | 360/421 [00:01<00:00, 208.74it/s]
DFA Block Epoch 4/15:  90%|â–ˆâ–ˆâ–ˆâ–ˆâ–ˆâ–ˆâ–ˆâ–ˆâ–ˆ | 381/421 [00:01<00:00, 208.48it/s]
DFA Block Epoch 4/15:  95%|â–ˆâ–ˆâ–ˆâ–ˆâ–ˆâ–ˆâ–ˆâ–ˆâ–ˆâ–Œ| 402/421 [00:01<00:00, 207.05it/s]
DFA Block Epoch 4/15:  95%|â–ˆâ–ˆâ–ˆâ–ˆâ–ˆâ–ˆâ–ˆâ–ˆâ–ˆâ–Œ| 402/421 [00:02<00:00, 207.05it/s, acc=94.53%, loss=0.1444]
                                                                                                 

DFA Block Epoch 5/15:   0%|          | 0/421 [00:00<?, ?it/s]
DFA Block Epoch 5/15:   4%|â–Ž         | 15/421 [00:00<00:02, 146.76it/s]
DFA Block Epoch 5/15:   9%|â–Š         | 36/421 [00:00<00:02, 182.77it/s]
DFA Block Epoch 5/15:  14%|â–ˆâ–Ž        | 57/421 [00:00<00:01, 193.02it/s]
DFA Block Epoch 5/15:  19%|â–ˆâ–‰        | 79/421 [00:00<00:01, 200.48it/s]
DFA Block Epoch 5/15:  24%|â–ˆâ–ˆâ–       | 100/421 [00:00<00:01, 201.06it/s]
DFA Block Epoch 5/15:  29%|â–ˆâ–ˆâ–Š       | 121/421 [00:00<00:01, 203.16it/s]
DFA Block Epoch 5/15:  34%|â–ˆâ–ˆâ–ˆâ–Ž      | 142/421 [00:00<00:01, 204.93it/s]
DFA Block Epoch 5/15:  39%|â–ˆâ–ˆâ–ˆâ–‰      | 164/421 [00:00<00:01, 206.85it/s]
DFA Block Epoch 5/15:  44%|â–ˆâ–ˆâ–ˆâ–ˆâ–     | 185/421 [00:00<00:01, 207.06it/s]
DFA Block Epoch 5/15:  49%|â–ˆâ–ˆâ–ˆâ–ˆâ–‰     | 206/421 [00:01<00:01, 207.65it/s]
DFA Block Epoch 5/15:  54%|â–ˆâ–ˆâ–ˆâ–ˆâ–ˆâ–    | 227/421 [00:01<00:00, 207.80it/s]
DFA Block Epoch 5/15:  59%|â–ˆâ–ˆâ–ˆâ–ˆâ–ˆâ–‰    | 248/421 [00:01<00:00, 208.41it/s]
DFA Block Epoch 5/15:  64%|â–ˆâ–ˆâ–ˆâ–ˆâ–ˆâ–ˆâ–   | 269/421 [00:01<00:00, 207.69it/s]
DFA Block Epoch 5/15:  69%|â–ˆâ–ˆâ–ˆâ–ˆâ–ˆâ–ˆâ–‰   | 290/421 [00:01<00:00, 207.83it/s]
DFA Block Epoch 5/15:  74%|â–ˆâ–ˆâ–ˆâ–ˆâ–ˆâ–ˆâ–ˆâ–  | 311/421 [00:01<00:00, 208.17it/s]
DFA Block Epoch 5/15:  79%|â–ˆâ–ˆâ–ˆâ–ˆâ–ˆâ–ˆâ–ˆâ–‰  | 332/421 [00:01<00:00, 208.10it/s]
DFA Block Epoch 5/15:  84%|â–ˆâ–ˆâ–ˆâ–ˆâ–ˆâ–ˆâ–ˆâ–ˆâ– | 353/421 [00:01<00:00, 206.87it/s]
DFA Block Epoch 5/15:  89%|â–ˆâ–ˆâ–ˆâ–ˆâ–ˆâ–ˆâ–ˆâ–ˆâ–‰ | 374/421 [00:01<00:00, 207.54it/s]
DFA Block Epoch 5/15:  94%|â–ˆâ–ˆâ–ˆâ–ˆâ–ˆâ–ˆâ–ˆâ–ˆâ–ˆâ–| 395/421 [00:01<00:00, 207.53it/s]
DFA Block Epoch 5/15:  99%|â–ˆâ–ˆâ–ˆâ–ˆâ–ˆâ–ˆâ–ˆâ–ˆâ–ˆâ–‰| 416/421 [00:02<00:00, 199.97it/s]
DFA Block Epoch 5/15:  99%|â–ˆâ–ˆâ–ˆâ–ˆâ–ˆâ–ˆâ–ˆâ–ˆâ–ˆâ–‰| 416/421 [00:02<00:00, 199.97it/s, acc=93.75%, loss=0.1678]
                                                                                                 

DFA Block Epoch 6/15:   0%|          | 0/421 [00:00<?, ?it/s]
DFA Block Epoch 6/15:   4%|â–         | 16/421 [00:00<00:02, 154.42it/s]
DFA Block Epoch 6/15:   9%|â–‰         | 37/421 [00:00<00:02, 183.45it/s]
DFA Block Epoch 6/15:  14%|â–ˆâ–        | 59/421 [00:00<00:01, 196.52it/s]
DFA Block Epoch 6/15:  19%|â–ˆâ–‰        | 80/421 [00:00<00:01, 200.49it/s]
DFA Block Epoch 6/15:  24%|â–ˆâ–ˆâ–       | 102/421 [00:00<00:01, 204.09it/s]
DFA Block Epoch 6/15:  29%|â–ˆâ–ˆâ–‰       | 123/421 [00:00<00:01, 205.96it/s]
DFA Block Epoch 6/15:  34%|â–ˆâ–ˆâ–ˆâ–      | 144/421 [00:00<00:01, 206.59it/s]
DFA Block Epoch 6/15:  39%|â–ˆâ–ˆâ–ˆâ–‰      | 165/421 [00:00<00:01, 206.14it/s]
DFA Block Epoch 6/15:  44%|â–ˆâ–ˆâ–ˆâ–ˆâ–     | 186/421 [00:00<00:01, 205.61it/s]
DFA Block Epoch 6/15:  49%|â–ˆâ–ˆâ–ˆâ–ˆâ–‰     | 207/421 [00:01<00:01, 206.02it/s]
DFA Block Epoch 6/15:  54%|â–ˆâ–ˆâ–ˆâ–ˆâ–ˆâ–    | 228/421 [00:01<00:00, 203.94it/s]
DFA Block Epoch 6/15:  59%|â–ˆâ–ˆâ–ˆâ–ˆâ–ˆâ–‰    | 249/421 [00:01<00:00, 204.86it/s]
DFA Block Epoch 6/15:  64%|â–ˆâ–ˆâ–ˆâ–ˆâ–ˆâ–ˆâ–   | 270/421 [00:01<00:00, 205.10it/s]
DFA Block Epoch 6/15:  69%|â–ˆâ–ˆâ–ˆâ–ˆâ–ˆâ–ˆâ–‰   | 291/421 [00:01<00:00, 203.87it/s]
DFA Block Epoch 6/15:  74%|â–ˆâ–ˆâ–ˆâ–ˆâ–ˆâ–ˆâ–ˆâ–  | 312/421 [00:01<00:00, 205.03it/s]
DFA Block Epoch 6/15:  79%|â–ˆâ–ˆâ–ˆâ–ˆâ–ˆâ–ˆâ–ˆâ–‰  | 333/421 [00:01<00:00, 205.20it/s]
DFA Block Epoch 6/15:  84%|â–ˆâ–ˆâ–ˆâ–ˆâ–ˆâ–ˆâ–ˆâ–ˆâ– | 354/421 [00:01<00:00, 204.88it/s]
DFA Block Epoch 6/15:  89%|â–ˆâ–ˆâ–ˆâ–ˆâ–ˆâ–ˆâ–ˆâ–ˆâ–‰ | 375/421 [00:01<00:00, 204.80it/s]
DFA Block Epoch 6/15:  94%|â–ˆâ–ˆâ–ˆâ–ˆâ–ˆâ–ˆâ–ˆâ–ˆâ–ˆâ–| 396/421 [00:01<00:00, 204.54it/s]
DFA Block Epoch 6/15:  99%|â–ˆâ–ˆâ–ˆâ–ˆâ–ˆâ–ˆâ–ˆâ–ˆâ–ˆâ–‰| 417/421 [00:02<00:00, 197.92it/s]
DFA Block Epoch 6/15:  99%|â–ˆâ–ˆâ–ˆâ–ˆâ–ˆâ–ˆâ–ˆâ–ˆâ–ˆâ–‰| 417/421 [00:02<00:00, 197.92it/s, acc=94.53%, loss=0.1234]
                                                                                                 

DFA Block Epoch 7/15:   0%|          | 0/421 [00:00<?, ?it/s]
DFA Block Epoch 7/15:   4%|â–Ž         | 15/421 [00:00<00:02, 149.64it/s]
DFA Block Epoch 7/15:   9%|â–Š         | 36/421 [00:00<00:02, 183.78it/s]
DFA Block Epoch 7/15:  14%|â–ˆâ–Ž        | 57/421 [00:00<00:01, 195.17it/s]
DFA Block Epoch 7/15:  19%|â–ˆâ–‰        | 79/421 [00:00<00:01, 201.53it/s]
DFA Block Epoch 7/15:  24%|â–ˆâ–ˆâ–       | 101/421 [00:00<00:01, 204.83it/s]
DFA Block Epoch 7/15:  29%|â–ˆâ–ˆâ–‰       | 122/421 [00:00<00:01, 205.34it/s]
DFA Block Epoch 7/15:  34%|â–ˆâ–ˆâ–ˆâ–      | 143/421 [00:00<00:01, 206.41it/s]
DFA Block Epoch 7/15:  39%|â–ˆâ–ˆâ–ˆâ–‰      | 164/421 [00:00<00:01, 207.23it/s]
DFA Block Epoch 7/15:  44%|â–ˆâ–ˆâ–ˆâ–ˆâ–     | 185/421 [00:00<00:01, 207.32it/s]
DFA Block Epoch 7/15:  49%|â–ˆâ–ˆâ–ˆâ–ˆâ–‰     | 206/421 [00:01<00:01, 206.75it/s]
DFA Block Epoch 7/15:  54%|â–ˆâ–ˆâ–ˆâ–ˆâ–ˆâ–    | 227/421 [00:01<00:00, 207.50it/s]
DFA Block Epoch 7/15:  59%|â–ˆâ–ˆâ–ˆâ–ˆâ–ˆâ–‰    | 248/421 [00:01<00:00, 207.99it/s][codecarbon INFO @ 03:22:38] Energy consumed for RAM : 0.000164 kWh. RAM Power : 38.0 W

DFA Block Epoch 7/15:  64%|â–ˆâ–ˆâ–ˆâ–ˆâ–ˆâ–ˆâ–   | 269/421 [00:01<00:00, 207.58it/s]
DFA Block Epoch 7/15:  69%|â–ˆâ–ˆâ–ˆâ–ˆâ–ˆâ–ˆâ–‰   | 290/421 [00:01<00:00, 207.25it/s]
DFA Block Epoch 7/15:  74%|â–ˆâ–ˆâ–ˆâ–ˆâ–ˆâ–ˆâ–ˆâ–  | 311/421 [00:01<00:00, 207.22it/s]
DFA Block Epoch 7/15:  79%|â–ˆâ–ˆâ–ˆâ–ˆâ–ˆâ–ˆâ–ˆâ–‰  | 332/421 [00:01<00:00, 207.85it/s]
DFA Block Epoch 7/15:  84%|â–ˆâ–ˆâ–ˆâ–ˆâ–ˆâ–ˆâ–ˆâ–ˆâ– | 353/421 [00:01<00:00, 207.31it/s][codecarbon INFO @ 03:22:38] Delta energy consumed for CPU with cpu_load : 0.000271 kWh, power : 63.03 W
[codecarbon INFO @ 03:22:38] Energy consumed for All CPU : 0.000271 kWh
[codecarbon INFO @ 03:22:38] Energy consumed for all GPUs : 0.000569 kWh. Total GPU Power : 128.0336596297225 W
[codecarbon INFO @ 03:22:38] 0.001004 kWh of electricity used since the beginning.

DFA Block Epoch 7/15:  89%|â–ˆâ–ˆâ–ˆâ–ˆâ–ˆâ–ˆâ–ˆâ–ˆâ–‰ | 374/421 [00:01<00:00, 205.60it/s]
DFA Block Epoch 7/15:  94%|â–ˆâ–ˆâ–ˆâ–ˆâ–ˆâ–ˆâ–ˆâ–ˆâ–ˆâ–| 396/421 [00:01<00:00, 207.70it/s]
DFA Block Epoch 7/15:  99%|â–ˆâ–ˆâ–ˆâ–ˆâ–ˆâ–ˆâ–ˆâ–ˆâ–ˆâ–‰| 417/421 [00:02<00:00, 199.89it/s]
DFA Block Epoch 7/15:  99%|â–ˆâ–ˆâ–ˆâ–ˆâ–ˆâ–ˆâ–ˆâ–ˆâ–ˆâ–‰| 417/421 [00:02<00:00, 199.89it/s, acc=97.66%, loss=0.0852]
                                                                                                 

DFA Block Epoch 8/15:   0%|          | 0/421 [00:00<?, ?it/s]
DFA Block Epoch 8/15:   4%|â–Ž         | 15/421 [00:00<00:02, 149.53it/s]
DFA Block Epoch 8/15:   9%|â–Š         | 36/421 [00:00<00:02, 184.72it/s]
DFA Block Epoch 8/15:  14%|â–ˆâ–Ž        | 57/421 [00:00<00:01, 195.30it/s]
DFA Block Epoch 8/15:  19%|â–ˆâ–‰        | 79/421 [00:00<00:01, 202.09it/s]
DFA Block Epoch 8/15:  24%|â–ˆâ–ˆâ–       | 100/421 [00:00<00:01, 204.76it/s]
DFA Block Epoch 8/15:  29%|â–ˆâ–ˆâ–Š       | 121/421 [00:00<00:01, 205.47it/s]
DFA Block Epoch 8/15:  34%|â–ˆâ–ˆâ–ˆâ–Ž      | 142/421 [00:00<00:01, 206.26it/s]
DFA Block Epoch 8/15:  39%|â–ˆâ–ˆâ–ˆâ–Š      | 163/421 [00:00<00:01, 207.38it/s]
DFA Block Epoch 8/15:  44%|â–ˆâ–ˆâ–ˆâ–ˆâ–Ž     | 184/421 [00:00<00:01, 206.33it/s]
DFA Block Epoch 8/15:  49%|â–ˆâ–ˆâ–ˆâ–ˆâ–Š     | 205/421 [00:01<00:01, 207.21it/s]
DFA Block Epoch 8/15:  54%|â–ˆâ–ˆâ–ˆâ–ˆâ–ˆâ–Ž    | 226/421 [00:01<00:00, 207.67it/s]
DFA Block Epoch 8/15:  59%|â–ˆâ–ˆâ–ˆâ–ˆâ–ˆâ–Š    | 247/421 [00:01<00:00, 207.95it/s]
DFA Block Epoch 8/15:  64%|â–ˆâ–ˆâ–ˆâ–ˆâ–ˆâ–ˆâ–Ž   | 268/421 [00:01<00:00, 207.25it/s]
DFA Block Epoch 8/15:  69%|â–ˆâ–ˆâ–ˆâ–ˆâ–ˆâ–ˆâ–‰   | 290/421 [00:01<00:00, 208.74it/s]
DFA Block Epoch 8/15:  74%|â–ˆâ–ˆâ–ˆâ–ˆâ–ˆâ–ˆâ–ˆâ–  | 311/421 [00:01<00:00, 208.92it/s]
DFA Block Epoch 8/15:  79%|â–ˆâ–ˆâ–ˆâ–ˆâ–ˆâ–ˆâ–ˆâ–‰  | 332/421 [00:01<00:00, 207.66it/s]
DFA Block Epoch 8/15:  84%|â–ˆâ–ˆâ–ˆâ–ˆâ–ˆâ–ˆâ–ˆâ–ˆâ– | 353/421 [00:01<00:00, 208.12it/s]
DFA Block Epoch 8/15:  89%|â–ˆâ–ˆâ–ˆâ–ˆâ–ˆâ–ˆâ–ˆâ–ˆâ–‰ | 375/421 [00:01<00:00, 208.91it/s]
DFA Block Epoch 8/15:  94%|â–ˆâ–ˆâ–ˆâ–ˆâ–ˆâ–ˆâ–ˆâ–ˆâ–ˆâ–| 396/421 [00:01<00:00, 206.82it/s]
DFA Block Epoch 8/15:  99%|â–ˆâ–ˆâ–ˆâ–ˆâ–ˆâ–ˆâ–ˆâ–ˆâ–ˆâ–‰| 417/421 [00:02<00:00, 200.82it/s]
DFA Block Epoch 8/15:  99%|â–ˆâ–ˆâ–ˆâ–ˆâ–ˆâ–ˆâ–ˆâ–ˆâ–ˆâ–‰| 417/421 [00:02<00:00, 200.82it/s, acc=97.66%, loss=0.0560]
                                                                                                 

DFA Block Epoch 9/15:   0%|          | 0/421 [00:00<?, ?it/s]
DFA Block Epoch 9/15:   4%|â–Ž         | 15/421 [00:00<00:02, 145.11it/s]
DFA Block Epoch 9/15:   9%|â–Š         | 36/421 [00:00<00:02, 181.41it/s]
DFA Block Epoch 9/15:  14%|â–ˆâ–Ž        | 57/421 [00:00<00:01, 192.16it/s]
DFA Block Epoch 9/15:  19%|â–ˆâ–Š        | 78/421 [00:00<00:01, 197.35it/s]
DFA Block Epoch 9/15:  24%|â–ˆâ–ˆâ–       | 100/421 [00:00<00:01, 202.22it/s]
DFA Block Epoch 9/15:  29%|â–ˆâ–ˆâ–Š       | 121/421 [00:00<00:01, 202.19it/s]
DFA Block Epoch 9/15:  34%|â–ˆâ–ˆâ–ˆâ–Ž      | 142/421 [00:00<00:01, 203.69it/s]
DFA Block Epoch 9/15:  39%|â–ˆâ–ˆâ–ˆâ–Š      | 163/421 [00:00<00:01, 204.88it/s]
DFA Block Epoch 9/15:  44%|â–ˆâ–ˆâ–ˆâ–ˆâ–Ž     | 184/421 [00:00<00:01, 205.29it/s]
DFA Block Epoch 9/15:  49%|â–ˆâ–ˆâ–ˆâ–ˆâ–Š     | 205/421 [00:01<00:01, 204.59it/s]
DFA Block Epoch 9/15:  54%|â–ˆâ–ˆâ–ˆâ–ˆâ–ˆâ–Ž    | 226/421 [00:01<00:00, 205.25it/s]
DFA Block Epoch 9/15:  59%|â–ˆâ–ˆâ–ˆâ–ˆâ–ˆâ–Š    | 247/421 [00:01<00:00, 205.85it/s]
DFA Block Epoch 9/15:  64%|â–ˆâ–ˆâ–ˆâ–ˆâ–ˆâ–ˆâ–Ž   | 268/421 [00:01<00:00, 206.09it/s]
DFA Block Epoch 9/15:  69%|â–ˆâ–ˆâ–ˆâ–ˆâ–ˆâ–ˆâ–Š   | 289/421 [00:01<00:00, 205.31it/s]
DFA Block Epoch 9/15:  74%|â–ˆâ–ˆâ–ˆâ–ˆâ–ˆâ–ˆâ–ˆâ–Ž  | 310/421 [00:01<00:00, 205.72it/s]
DFA Block Epoch 9/15:  79%|â–ˆâ–ˆâ–ˆâ–ˆâ–ˆâ–ˆâ–ˆâ–Š  | 331/421 [00:01<00:00, 205.97it/s]
DFA Block Epoch 9/15:  84%|â–ˆâ–ˆâ–ˆâ–ˆâ–ˆâ–ˆâ–ˆâ–ˆâ–Ž | 352/421 [00:01<00:00, 206.59it/s]
DFA Block Epoch 9/15:  89%|â–ˆâ–ˆâ–ˆâ–ˆâ–ˆâ–ˆâ–ˆâ–ˆâ–Š | 373/421 [00:01<00:00, 205.34it/s]
DFA Block Epoch 9/15:  94%|â–ˆâ–ˆâ–ˆâ–ˆâ–ˆâ–ˆâ–ˆâ–ˆâ–ˆâ–Ž| 394/421 [00:01<00:00, 205.89it/s]
DFA Block Epoch 9/15:  99%|â–ˆâ–ˆâ–ˆâ–ˆâ–ˆâ–ˆâ–ˆâ–ˆâ–ˆâ–Š| 415/421 [00:02<00:00, 200.85it/s]
DFA Block Epoch 9/15:  99%|â–ˆâ–ˆâ–ˆâ–ˆâ–ˆâ–ˆâ–ˆâ–ˆâ–ˆâ–Š| 415/421 [00:02<00:00, 200.85it/s, acc=98.44%, loss=0.0613]
                                                                                                 

DFA Block Epoch 10/15:   0%|          | 0/421 [00:00<?, ?it/s]
DFA Block Epoch 10/15:   4%|â–Ž         | 15/421 [00:00<00:02, 145.08it/s]
DFA Block Epoch 10/15:   9%|â–Š         | 36/421 [00:00<00:02, 179.03it/s]
DFA Block Epoch 10/15:  14%|â–ˆâ–Ž        | 57/421 [00:00<00:01, 190.18it/s]
DFA Block Epoch 10/15:  19%|â–ˆâ–Š        | 78/421 [00:00<00:01, 196.29it/s]
DFA Block Epoch 10/15:  24%|â–ˆâ–ˆâ–Ž       | 99/421 [00:00<00:01, 200.35it/s]
DFA Block Epoch 10/15:  29%|â–ˆâ–ˆâ–Š       | 120/421 [00:00<00:01, 202.55it/s]
DFA Block Epoch 10/15:  33%|â–ˆâ–ˆâ–ˆâ–Ž      | 141/421 [00:00<00:01, 204.91it/s]
DFA Block Epoch 10/15:  38%|â–ˆâ–ˆâ–ˆâ–Š      | 162/421 [00:00<00:01, 205.29it/s]
DFA Block Epoch 10/15:  43%|â–ˆâ–ˆâ–ˆâ–ˆâ–Ž     | 183/421 [00:00<00:01, 205.89it/s]
DFA Block Epoch 10/15:  48%|â–ˆâ–ˆâ–ˆâ–ˆâ–Š     | 204/421 [00:01<00:01, 204.55it/s]
DFA Block Epoch 10/15:  53%|â–ˆâ–ˆâ–ˆâ–ˆâ–ˆâ–Ž    | 225/421 [00:01<00:00, 206.01it/s]
DFA Block Epoch 10/15:  58%|â–ˆâ–ˆâ–ˆâ–ˆâ–ˆâ–Š    | 246/421 [00:01<00:00, 207.15it/s]
DFA Block Epoch 10/15:  63%|â–ˆâ–ˆâ–ˆâ–ˆâ–ˆâ–ˆâ–Ž   | 267/421 [00:01<00:00, 207.90it/s]
DFA Block Epoch 10/15:  68%|â–ˆâ–ˆâ–ˆâ–ˆâ–ˆâ–ˆâ–Š   | 288/421 [00:01<00:00, 208.32it/s]
DFA Block Epoch 10/15:  73%|â–ˆâ–ˆâ–ˆâ–ˆâ–ˆâ–ˆâ–ˆâ–Ž  | 309/421 [00:01<00:00, 208.74it/s]
DFA Block Epoch 10/15:  78%|â–ˆâ–ˆâ–ˆâ–ˆâ–ˆâ–ˆâ–ˆâ–Š  | 330/421 [00:01<00:00, 208.61it/s]
DFA Block Epoch 10/15:  83%|â–ˆâ–ˆâ–ˆâ–ˆâ–ˆâ–ˆâ–ˆâ–ˆâ–Ž | 351/421 [00:01<00:00, 206.61it/s]
DFA Block Epoch 10/15:  88%|â–ˆâ–ˆâ–ˆâ–ˆâ–ˆâ–ˆâ–ˆâ–ˆâ–Š | 372/421 [00:01<00:00, 206.72it/s]
DFA Block Epoch 10/15:  93%|â–ˆâ–ˆâ–ˆâ–ˆâ–ˆâ–ˆâ–ˆâ–ˆâ–ˆâ–Ž| 393/421 [00:01<00:00, 206.90it/s]
DFA Block Epoch 10/15:  98%|â–ˆâ–ˆâ–ˆâ–ˆâ–ˆâ–ˆâ–ˆâ–ˆâ–ˆâ–Š| 414/421 [00:02<00:00, 200.56it/s]
DFA Block Epoch 10/15:  98%|â–ˆâ–ˆâ–ˆâ–ˆâ–ˆâ–ˆâ–ˆâ–ˆâ–ˆâ–Š| 414/421 [00:02<00:00, 200.56it/s, acc=98.44%, loss=0.0740]
                                                                                                  

DFA Block Epoch 11/15:   0%|          | 0/421 [00:00<?, ?it/s]
DFA Block Epoch 11/15:   3%|â–Ž         | 13/421 [00:00<00:03, 128.02it/s]
DFA Block Epoch 11/15:   8%|â–Š         | 34/421 [00:00<00:02, 173.24it/s]
DFA Block Epoch 11/15:  13%|â–ˆâ–Ž        | 55/421 [00:00<00:01, 188.31it/s]
DFA Block Epoch 11/15:  18%|â–ˆâ–Š        | 76/421 [00:00<00:01, 195.95it/s]
DFA Block Epoch 11/15:  23%|â–ˆâ–ˆâ–Ž       | 97/421 [00:00<00:01, 199.49it/s]
DFA Block Epoch 11/15:  28%|â–ˆâ–ˆâ–Š       | 118/421 [00:00<00:01, 202.83it/s]
DFA Block Epoch 11/15:  33%|â–ˆâ–ˆâ–ˆâ–Ž      | 139/421 [00:00<00:01, 204.52it/s]
DFA Block Epoch 11/15:  38%|â–ˆâ–ˆâ–ˆâ–Š      | 160/421 [00:00<00:01, 205.65it/s]
DFA Block Epoch 11/15:  43%|â–ˆâ–ˆâ–ˆâ–ˆâ–Ž     | 182/421 [00:00<00:01, 207.33it/s]
DFA Block Epoch 11/15:  48%|â–ˆâ–ˆâ–ˆâ–ˆâ–Š     | 204/421 [00:01<00:01, 208.38it/s]
DFA Block Epoch 11/15:  53%|â–ˆâ–ˆâ–ˆâ–ˆâ–ˆâ–Ž    | 225/421 [00:01<00:00, 208.32it/s]
DFA Block Epoch 11/15:  58%|â–ˆâ–ˆâ–ˆâ–ˆâ–ˆâ–Š    | 246/421 [00:01<00:00, 207.12it/s]
DFA Block Epoch 11/15:  63%|â–ˆâ–ˆâ–ˆâ–ˆâ–ˆâ–ˆâ–Ž   | 267/421 [00:01<00:00, 206.61it/s]
DFA Block Epoch 11/15:  68%|â–ˆâ–ˆâ–ˆâ–ˆâ–ˆâ–ˆâ–Š   | 288/421 [00:01<00:00, 206.27it/s]
DFA Block Epoch 11/15:  73%|â–ˆâ–ˆâ–ˆâ–ˆâ–ˆâ–ˆâ–ˆâ–Ž  | 309/421 [00:01<00:00, 205.67it/s]
DFA Block Epoch 11/15:  78%|â–ˆâ–ˆâ–ˆâ–ˆâ–ˆâ–ˆâ–ˆâ–Š  | 330/421 [00:01<00:00, 205.88it/s]
DFA Block Epoch 11/15:  83%|â–ˆâ–ˆâ–ˆâ–ˆâ–ˆâ–ˆâ–ˆâ–ˆâ–Ž | 351/421 [00:01<00:00, 205.70it/s]
DFA Block Epoch 11/15:  88%|â–ˆâ–ˆâ–ˆâ–ˆâ–ˆâ–ˆâ–ˆâ–ˆâ–Š | 372/421 [00:01<00:00, 205.35it/s]
DFA Block Epoch 11/15:  93%|â–ˆâ–ˆâ–ˆâ–ˆâ–ˆâ–ˆâ–ˆâ–ˆâ–ˆâ–Ž| 393/421 [00:01<00:00, 205.54it/s]
DFA Block Epoch 11/15:  98%|â–ˆâ–ˆâ–ˆâ–ˆâ–ˆâ–ˆâ–ˆâ–ˆâ–ˆâ–Š| 414/421 [00:02<00:00, 197.93it/s]
DFA Block Epoch 11/15:  98%|â–ˆâ–ˆâ–ˆâ–ˆâ–ˆâ–ˆâ–ˆâ–ˆâ–ˆâ–Š| 414/421 [00:02<00:00, 197.93it/s, acc=100.00%, loss=0.0271]
                                                                                                   

DFA Block Epoch 12/15:   0%|          | 0/421 [00:00<?, ?it/s]
DFA Block Epoch 12/15:   4%|â–Ž         | 15/421 [00:00<00:02, 144.97it/s]
DFA Block Epoch 12/15:   9%|â–‰         | 37/421 [00:00<00:02, 183.52it/s]
DFA Block Epoch 12/15:  14%|â–ˆâ–        | 59/421 [00:00<00:01, 196.54it/s]
DFA Block Epoch 12/15:  19%|â–ˆâ–‰        | 79/421 [00:00<00:01, 195.74it/s]
DFA Block Epoch 12/15:  24%|â–ˆâ–ˆâ–       | 101/421 [00:00<00:01, 201.56it/s]
DFA Block Epoch 12/15:  29%|â–ˆâ–ˆâ–‰       | 123/421 [00:00<00:01, 205.14it/s]
DFA Block Epoch 12/15:  34%|â–ˆâ–ˆâ–ˆâ–      | 145/421 [00:00<00:01, 206.77it/s]
DFA Block Epoch 12/15:  39%|â–ˆâ–ˆâ–ˆâ–‰      | 166/421 [00:00<00:01, 207.57it/s]
DFA Block Epoch 12/15:  44%|â–ˆâ–ˆâ–ˆâ–ˆâ–     | 187/421 [00:00<00:01, 208.00it/s]
DFA Block Epoch 12/15:  49%|â–ˆâ–ˆâ–ˆâ–ˆâ–‰     | 208/421 [00:01<00:01, 207.88it/s]
DFA Block Epoch 12/15:  54%|â–ˆâ–ˆâ–ˆâ–ˆâ–ˆâ–    | 229/421 [00:01<00:00, 207.61it/s]
DFA Block Epoch 12/15:  59%|â–ˆâ–ˆâ–ˆâ–ˆâ–ˆâ–‰    | 250/421 [00:01<00:00, 207.58it/s]
DFA Block Epoch 12/15:  65%|â–ˆâ–ˆâ–ˆâ–ˆâ–ˆâ–ˆâ–   | 272/421 [00:01<00:00, 208.42it/s]
DFA Block Epoch 12/15:  70%|â–ˆâ–ˆâ–ˆâ–ˆâ–ˆâ–ˆâ–‰   | 293/421 [00:01<00:00, 208.13it/s]
DFA Block Epoch 12/15:  75%|â–ˆâ–ˆâ–ˆâ–ˆâ–ˆâ–ˆâ–ˆâ–  | 314/421 [00:01<00:00, 208.23it/s]
DFA Block Epoch 12/15:  80%|â–ˆâ–ˆâ–ˆâ–ˆâ–ˆâ–ˆâ–ˆâ–‰  | 336/421 [00:01<00:00, 208.81it/s]
DFA Block Epoch 12/15:  85%|â–ˆâ–ˆâ–ˆâ–ˆâ–ˆâ–ˆâ–ˆâ–ˆâ– | 357/421 [00:01<00:00, 208.54it/s]
DFA Block Epoch 12/15:  90%|â–ˆâ–ˆâ–ˆâ–ˆâ–ˆâ–ˆâ–ˆâ–ˆâ–‰ | 378/421 [00:01<00:00, 208.34it/s]
DFA Block Epoch 12/15:  95%|â–ˆâ–ˆâ–ˆâ–ˆâ–ˆâ–ˆâ–ˆâ–ˆâ–ˆâ–| 399/421 [00:01<00:00, 207.97it/s]
DFA Block Epoch 12/15: 100%|â–ˆâ–ˆâ–ˆâ–ˆâ–ˆâ–ˆâ–ˆâ–ˆâ–ˆâ–‰| 420/421 [00:02<00:00, 200.04it/s]
DFA Block Epoch 12/15: 100%|â–ˆâ–ˆâ–ˆâ–ˆâ–ˆâ–ˆâ–ˆâ–ˆâ–ˆâ–‰| 420/421 [00:02<00:00, 200.04it/s, acc=98.44%, loss=0.0501]
                                                                                                  

DFA Block Epoch 13/15:   0%|          | 0/421 [00:00<?, ?it/s]
DFA Block Epoch 13/15:   3%|â–Ž         | 14/421 [00:00<00:03, 135.02it/s]
DFA Block Epoch 13/15:   9%|â–Š         | 36/421 [00:00<00:02, 181.37it/s]
DFA Block Epoch 13/15:  14%|â–ˆâ–Ž        | 57/421 [00:00<00:01, 192.31it/s]
DFA Block Epoch 13/15:  19%|â–ˆâ–‰        | 79/421 [00:00<00:01, 199.93it/s]
DFA Block Epoch 13/15:  24%|â–ˆâ–ˆâ–       | 100/421 [00:00<00:01, 202.68it/s]
DFA Block Epoch 13/15:  29%|â–ˆâ–ˆâ–Š       | 121/421 [00:00<00:01, 203.51it/s]
DFA Block Epoch 13/15:  34%|â–ˆâ–ˆâ–ˆâ–Ž      | 142/421 [00:00<00:01, 205.39it/s]
DFA Block Epoch 13/15:  39%|â–ˆâ–ˆâ–ˆâ–Š      | 163/421 [00:00<00:01, 206.38it/s]
DFA Block Epoch 13/15:  44%|â–ˆâ–ˆâ–ˆâ–ˆâ–Ž     | 184/421 [00:00<00:01, 207.20it/s]
DFA Block Epoch 13/15:  49%|â–ˆâ–ˆâ–ˆâ–ˆâ–Š     | 205/421 [00:01<00:01, 206.78it/s]
DFA Block Epoch 13/15:  54%|â–ˆâ–ˆâ–ˆâ–ˆâ–ˆâ–Ž    | 226/421 [00:01<00:00, 207.62it/s]
DFA Block Epoch 13/15:  59%|â–ˆâ–ˆâ–ˆâ–ˆâ–ˆâ–Š    | 247/421 [00:01<00:00, 207.94it/s]
DFA Block Epoch 13/15:  64%|â–ˆâ–ˆâ–ˆâ–ˆâ–ˆâ–ˆâ–   | 269/421 [00:01<00:00, 207.61it/s]
DFA Block Epoch 13/15:  69%|â–ˆâ–ˆâ–ˆâ–ˆâ–ˆâ–ˆâ–‰   | 290/421 [00:01<00:00, 207.87it/s]
DFA Block Epoch 13/15:  74%|â–ˆâ–ˆâ–ˆâ–ˆâ–ˆâ–ˆâ–ˆâ–  | 311/421 [00:01<00:00, 207.94it/s]
DFA Block Epoch 13/15:  79%|â–ˆâ–ˆâ–ˆâ–ˆâ–ˆâ–ˆâ–ˆâ–‰  | 332/421 [00:01<00:00, 208.09it/s]
DFA Block Epoch 13/15:  84%|â–ˆâ–ˆâ–ˆâ–ˆâ–ˆâ–ˆâ–ˆâ–ˆâ– | 353/421 [00:01<00:00, 188.16it/s]
DFA Block Epoch 13/15:  89%|â–ˆâ–ˆâ–ˆâ–ˆâ–ˆâ–ˆâ–ˆâ–ˆâ–‰ | 376/421 [00:01<00:00, 198.81it/s]
DFA Block Epoch 13/15:  95%|â–ˆâ–ˆâ–ˆâ–ˆâ–ˆâ–ˆâ–ˆâ–ˆâ–ˆâ–| 398/421 [00:01<00:00, 202.81it/s]
DFA Block Epoch 13/15: 100%|â–ˆâ–ˆâ–ˆâ–ˆâ–ˆâ–ˆâ–ˆâ–ˆâ–ˆâ–‰| 419/421 [00:02<00:00, 195.86it/s]
DFA Block Epoch 13/15: 100%|â–ˆâ–ˆâ–ˆâ–ˆâ–ˆâ–ˆâ–ˆâ–ˆâ–ˆâ–‰| 419/421 [00:02<00:00, 195.86it/s, acc=99.22%, loss=0.0380]
                                                                                                  

DFA Block Epoch 14/15:   0%|          | 0/421 [00:00<?, ?it/s]
DFA Block Epoch 14/15:   4%|â–Ž         | 15/421 [00:00<00:02, 148.39it/s]
DFA Block Epoch 14/15:   9%|â–Š         | 36/421 [00:00<00:02, 184.40it/s]
DFA Block Epoch 14/15:  14%|â–ˆâ–Ž        | 57/421 [00:00<00:01, 194.68it/s]
DFA Block Epoch 14/15:  19%|â–ˆâ–‰        | 79/421 [00:00<00:01, 201.23it/s]
DFA Block Epoch 14/15:  24%|â–ˆâ–ˆâ–       | 101/421 [00:00<00:01, 203.44it/s]
DFA Block Epoch 14/15:  29%|â–ˆâ–ˆâ–‰       | 122/421 [00:00<00:01, 205.11it/s]
DFA Block Epoch 14/15:  34%|â–ˆâ–ˆâ–ˆâ–      | 143/421 [00:00<00:01, 206.16it/s]
DFA Block Epoch 14/15:  39%|â–ˆâ–ˆâ–ˆâ–‰      | 164/421 [00:00<00:01, 206.59it/s]
DFA Block Epoch 14/15:  44%|â–ˆâ–ˆâ–ˆâ–ˆâ–     | 185/421 [00:00<00:01, 206.54it/s]
DFA Block Epoch 14/15:  49%|â–ˆâ–ˆâ–ˆâ–ˆâ–‰     | 206/421 [00:01<00:01, 207.33it/s]
DFA Block Epoch 14/15:  54%|â–ˆâ–ˆâ–ˆâ–ˆâ–ˆâ–    | 227/421 [00:01<00:00, 207.99it/s]
DFA Block Epoch 14/15:  59%|â–ˆâ–ˆâ–ˆâ–ˆâ–ˆâ–‰    | 248/421 [00:01<00:00, 207.63it/s]
DFA Block Epoch 14/15:  64%|â–ˆâ–ˆâ–ˆâ–ˆâ–ˆâ–ˆâ–   | 269/421 [00:01<00:00, 208.04it/s]
DFA Block Epoch 14/15:  69%|â–ˆâ–ˆâ–ˆâ–ˆâ–ˆâ–ˆâ–‰   | 290/421 [00:01<00:00, 208.16it/s]
DFA Block Epoch 14/15:  74%|â–ˆâ–ˆâ–ˆâ–ˆâ–ˆâ–ˆâ–ˆâ–  | 312/421 [00:01<00:00, 208.82it/s]
DFA Block Epoch 14/15:  79%|â–ˆâ–ˆâ–ˆâ–ˆâ–ˆâ–ˆâ–ˆâ–‰  | 333/421 [00:01<00:00, 208.06it/s]
DFA Block Epoch 14/15:  84%|â–ˆâ–ˆâ–ˆâ–ˆâ–ˆâ–ˆâ–ˆâ–ˆâ– | 354/421 [00:01<00:00, 208.50it/s][codecarbon INFO @ 03:22:53] Energy consumed for RAM : 0.000317 kWh. RAM Power : 38.0 W

DFA Block Epoch 14/15:  89%|â–ˆâ–ˆâ–ˆâ–ˆâ–ˆâ–ˆâ–ˆâ–ˆâ–‰ | 375/421 [00:01<00:00, 207.79it/s]
DFA Block Epoch 14/15:  94%|â–ˆâ–ˆâ–ˆâ–ˆâ–ˆâ–ˆâ–ˆâ–ˆâ–ˆâ–| 396/421 [00:01<00:00, 207.98it/s]
DFA Block Epoch 14/15:  99%|â–ˆâ–ˆâ–ˆâ–ˆâ–ˆâ–ˆâ–ˆâ–ˆâ–ˆâ–‰| 417/421 [00:02<00:00, 199.71it/s]
DFA Block Epoch 14/15:  99%|â–ˆâ–ˆâ–ˆâ–ˆâ–ˆâ–ˆâ–ˆâ–ˆâ–ˆâ–‰| 417/421 [00:02<00:00, 199.71it/s, acc=97.66%, loss=0.0453]
                                                                                                  

DFA Block Epoch 15/15:   0%|          | 0/421 [00:00<?, ?it/s]
DFA Block Epoch 15/15:   4%|â–Ž         | 15/421 [00:00<00:02, 149.01it/s][codecarbon INFO @ 03:22:53] Delta energy consumed for CPU with cpu_load : 0.000239 kWh, power : 59.371875 W
[codecarbon INFO @ 03:22:53] Energy consumed for All CPU : 0.000510 kWh
[codecarbon INFO @ 03:22:53] Energy consumed for all GPUs : 0.001156 kWh. Total GPU Power : 140.76268768385637 W
[codecarbon INFO @ 03:22:53] 0.001983 kWh of electricity used since the beginning.

DFA Block Epoch 15/15:   9%|â–‰         | 37/421 [00:00<00:02, 184.56it/s]
DFA Block Epoch 15/15:  14%|â–ˆâ–        | 58/421 [00:00<00:01, 195.62it/s]
DFA Block Epoch 15/15:  19%|â–ˆâ–‰        | 80/421 [00:00<00:01, 201.60it/s]
DFA Block Epoch 15/15:  24%|â–ˆâ–ˆâ–       | 101/421 [00:00<00:01, 202.82it/s]
DFA Block Epoch 15/15:  29%|â–ˆâ–ˆâ–‰       | 122/421 [00:00<00:01, 204.94it/s]
DFA Block Epoch 15/15:  34%|â–ˆâ–ˆâ–ˆâ–      | 143/421 [00:00<00:01, 206.31it/s]
DFA Block Epoch 15/15:  39%|â–ˆâ–ˆâ–ˆâ–‰      | 164/421 [00:00<00:01, 206.98it/s]
DFA Block Epoch 15/15:  44%|â–ˆâ–ˆâ–ˆâ–ˆâ–     | 185/421 [00:00<00:01, 206.75it/s]
DFA Block Epoch 15/15:  49%|â–ˆâ–ˆâ–ˆâ–ˆâ–‰     | 206/421 [00:01<00:01, 207.11it/s]
DFA Block Epoch 15/15:  54%|â–ˆâ–ˆâ–ˆâ–ˆâ–ˆâ–    | 227/421 [00:01<00:00, 207.39it/s]
DFA Block Epoch 15/15:  59%|â–ˆâ–ˆâ–ˆâ–ˆâ–ˆâ–‰    | 248/421 [00:01<00:00, 207.66it/s]
DFA Block Epoch 15/15:  64%|â–ˆâ–ˆâ–ˆâ–ˆâ–ˆâ–ˆâ–   | 269/421 [00:01<00:00, 207.00it/s]
DFA Block Epoch 15/15:  69%|â–ˆâ–ˆâ–ˆâ–ˆâ–ˆâ–ˆâ–‰   | 290/421 [00:01<00:00, 207.89it/s]
DFA Block Epoch 15/15:  74%|â–ˆâ–ˆâ–ˆâ–ˆâ–ˆâ–ˆâ–ˆâ–  | 311/421 [00:01<00:00, 208.23it/s]
DFA Block Epoch 15/15:  79%|â–ˆâ–ˆâ–ˆâ–ˆâ–ˆâ–ˆâ–ˆâ–‰  | 332/421 [00:01<00:00, 208.48it/s]
DFA Block Epoch 15/15:  84%|â–ˆâ–ˆâ–ˆâ–ˆâ–ˆâ–ˆâ–ˆâ–ˆâ– | 353/421 [00:01<00:00, 207.62it/s]
DFA Block Epoch 15/15:  89%|â–ˆâ–ˆâ–ˆâ–ˆâ–ˆâ–ˆâ–ˆâ–ˆâ–‰ | 374/421 [00:01<00:00, 208.16it/s]
DFA Block Epoch 15/15:  94%|â–ˆâ–ˆâ–ˆâ–ˆâ–ˆâ–ˆâ–ˆâ–ˆâ–ˆâ–| 395/421 [00:01<00:00, 207.95it/s]
DFA Block Epoch 15/15:  99%|â–ˆâ–ˆâ–ˆâ–ˆâ–ˆâ–ˆâ–ˆâ–ˆâ–ˆâ–‰| 416/421 [00:02<00:00, 202.18it/s]
DFA Block Epoch 15/15:  99%|â–ˆâ–ˆâ–ˆâ–ˆâ–ˆâ–ˆâ–ˆâ–ˆâ–ˆâ–‰| 416/421 [00:02<00:00, 202.18it/s, acc=99.22%, loss=0.0528]
                                                                                                  

Predictor_1 Epoch 1/85:   0%|          | 0/421 [00:00<?, ?it/s]
Predictor_1 Epoch 1/85:   4%|â–         | 17/421 [00:00<00:02, 156.18it/s]
Predictor_1 Epoch 1/85:  10%|â–‰         | 41/421 [00:00<00:02, 189.50it/s]
Predictor_1 Epoch 1/85:  15%|â–ˆâ–Œ        | 65/421 [00:00<00:01, 198.67it/s]
Predictor_1 Epoch 1/85:  21%|â–ˆâ–ˆ        | 89/421 [00:00<00:01, 202.58it/s]
Predictor_1 Epoch 1/85:  27%|â–ˆâ–ˆâ–‹       | 113/421 [00:00<00:01, 204.68it/s]
Predictor_1 Epoch 1/85:  33%|â–ˆâ–ˆâ–ˆâ–Ž      | 137/421 [00:00<00:01, 206.03it/s]
Predictor_1 Epoch 1/85:  38%|â–ˆâ–ˆâ–ˆâ–Š      | 161/421 [00:00<00:01, 206.67it/s]
Predictor_1 Epoch 1/85:  44%|â–ˆâ–ˆâ–ˆâ–ˆâ–     | 185/421 [00:00<00:01, 207.14it/s]
Predictor_1 Epoch 1/85:  50%|â–ˆâ–ˆâ–ˆâ–ˆâ–‰     | 209/421 [00:01<00:01, 207.98it/s]
Predictor_1 Epoch 1/85:  55%|â–ˆâ–ˆâ–ˆâ–ˆâ–ˆâ–Œ    | 233/421 [00:01<00:00, 208.32it/s]
Predictor_1 Epoch 1/85:  61%|â–ˆâ–ˆâ–ˆâ–ˆâ–ˆâ–ˆ    | 257/421 [00:01<00:00, 208.30it/s]
Predictor_1 Epoch 1/85:  67%|â–ˆâ–ˆâ–ˆâ–ˆâ–ˆâ–ˆâ–‹   | 281/421 [00:01<00:00, 208.64it/s]
Predictor_1 Epoch 1/85:  72%|â–ˆâ–ˆâ–ˆâ–ˆâ–ˆâ–ˆâ–ˆâ–  | 305/421 [00:01<00:00, 208.42it/s]
Predictor_1 Epoch 1/85:  78%|â–ˆâ–ˆâ–ˆâ–ˆâ–ˆâ–ˆâ–ˆâ–Š  | 328/421 [00:01<00:00, 214.02it/s]
Predictor_1 Epoch 1/85:  83%|â–ˆâ–ˆâ–ˆâ–ˆâ–ˆâ–ˆâ–ˆâ–ˆâ–Ž | 350/421 [00:01<00:00, 207.99it/s]
Predictor_1 Epoch 1/85:  89%|â–ˆâ–ˆâ–ˆâ–ˆâ–ˆâ–ˆâ–ˆâ–ˆâ–Š | 373/421 [00:01<00:00, 206.03it/s]
Predictor_1 Epoch 1/85:  94%|â–ˆâ–ˆâ–ˆâ–ˆâ–ˆâ–ˆâ–ˆâ–ˆâ–ˆâ–| 396/421 [00:01<00:00, 212.46it/s]
Predictor_1 Epoch 1/85:  99%|â–ˆâ–ˆâ–ˆâ–ˆâ–ˆâ–ˆâ–ˆâ–ˆâ–ˆâ–‰| 418/421 [00:02<00:00, 207.79it/s]
Predictor_1 Epoch 1/85:  99%|â–ˆâ–ˆâ–ˆâ–ˆâ–ˆâ–ˆâ–ˆâ–ˆâ–ˆâ–‰| 418/421 [00:02<00:00, 207.79it/s, acc=89.84%, loss=0.3279]
                                                                                                   

Predictor_1 Epoch 2/85:   0%|          | 0/421 [00:00<?, ?it/s]
Predictor_1 Epoch 2/85:   4%|â–         | 17/421 [00:00<00:02, 153.62it/s]
Predictor_1 Epoch 2/85:  10%|â–‰         | 41/421 [00:00<00:02, 187.35it/s]
Predictor_1 Epoch 2/85:  15%|â–ˆâ–Œ        | 65/421 [00:00<00:01, 197.39it/s]
Predictor_1 Epoch 2/85:  21%|â–ˆâ–ˆ        | 89/421 [00:00<00:01, 202.93it/s]
Predictor_1 Epoch 2/85:  27%|â–ˆâ–ˆâ–‹       | 113/421 [00:00<00:01, 206.07it/s]
Predictor_1 Epoch 2/85:  33%|â–ˆâ–ˆâ–ˆâ–Ž      | 137/421 [00:00<00:01, 207.05it/s]
Predictor_1 Epoch 2/85:  38%|â–ˆâ–ˆâ–ˆâ–Š      | 161/421 [00:00<00:01, 208.23it/s]
Predictor_1 Epoch 2/85:  44%|â–ˆâ–ˆâ–ˆâ–ˆâ–     | 185/421 [00:00<00:01, 209.06it/s]
Predictor_1 Epoch 2/85:  50%|â–ˆâ–ˆâ–ˆâ–ˆâ–‰     | 209/421 [00:01<00:01, 209.68it/s]
Predictor_1 Epoch 2/85:  55%|â–ˆâ–ˆâ–ˆâ–ˆâ–ˆâ–Œ    | 233/421 [00:01<00:00, 209.64it/s]
Predictor_1 Epoch 2/85:  61%|â–ˆâ–ˆâ–ˆâ–ˆâ–ˆâ–ˆ    | 257/421 [00:01<00:00, 209.92it/s]
Predictor_1 Epoch 2/85:  67%|â–ˆâ–ˆâ–ˆâ–ˆâ–ˆâ–ˆâ–‹   | 281/421 [00:01<00:00, 209.90it/s]
Predictor_1 Epoch 2/85:  72%|â–ˆâ–ˆâ–ˆâ–ˆâ–ˆâ–ˆâ–ˆâ–  | 305/421 [00:01<00:00, 210.25it/s]
Predictor_1 Epoch 2/85:  78%|â–ˆâ–ˆâ–ˆâ–ˆâ–ˆâ–ˆâ–ˆâ–Š  | 329/421 [00:01<00:00, 209.99it/s]
Predictor_1 Epoch 2/85:  84%|â–ˆâ–ˆâ–ˆâ–ˆâ–ˆâ–ˆâ–ˆâ–ˆâ– | 353/421 [00:01<00:00, 210.08it/s]
Predictor_1 Epoch 2/85:  90%|â–ˆâ–ˆâ–ˆâ–ˆâ–ˆâ–ˆâ–ˆâ–ˆâ–‰ | 377/421 [00:01<00:00, 210.12it/s]
Predictor_1 Epoch 2/85:  95%|â–ˆâ–ˆâ–ˆâ–ˆâ–ˆâ–ˆâ–ˆâ–ˆâ–ˆâ–Œ| 401/421 [00:01<00:00, 210.07it/s]
Predictor_1 Epoch 2/85:  95%|â–ˆâ–ˆâ–ˆâ–ˆâ–ˆâ–ˆâ–ˆâ–ˆâ–ˆâ–Œ| 401/421 [00:02<00:00, 210.07it/s, acc=89.06%, loss=0.3686]
                                                                                                   

Predictor_1 Epoch 3/85:   0%|          | 0/421 [00:00<?, ?it/s]
Predictor_1 Epoch 3/85:   4%|â–         | 17/421 [00:00<00:02, 150.68it/s]
Predictor_1 Epoch 3/85:  10%|â–‰         | 41/421 [00:00<00:02, 185.02it/s]
Predictor_1 Epoch 3/85:  15%|â–ˆâ–Œ        | 65/421 [00:00<00:01, 196.21it/s]
Predictor_1 Epoch 3/85:  21%|â–ˆâ–ˆ        | 89/421 [00:00<00:01, 201.14it/s]
Predictor_1 Epoch 3/85:  27%|â–ˆâ–ˆâ–‹       | 113/421 [00:00<00:01, 204.07it/s]
Predictor_1 Epoch 3/85:  32%|â–ˆâ–ˆâ–ˆâ–      | 136/421 [00:00<00:01, 211.94it/s]
Predictor_1 Epoch 3/85:  38%|â–ˆâ–ˆâ–ˆâ–Š      | 158/421 [00:00<00:01, 206.89it/s]
Predictor_1 Epoch 3/85:  43%|â–ˆâ–ˆâ–ˆâ–ˆâ–Ž     | 181/421 [00:00<00:01, 205.72it/s]
Predictor_1 Epoch 3/85:  48%|â–ˆâ–ˆâ–ˆâ–ˆâ–Š     | 203/421 [00:00<00:01, 209.85it/s]
Predictor_1 Epoch 3/85:  53%|â–ˆâ–ˆâ–ˆâ–ˆâ–ˆâ–Ž    | 225/421 [00:01<00:00, 205.86it/s]
Predictor_1 Epoch 3/85:  59%|â–ˆâ–ˆâ–ˆâ–ˆâ–ˆâ–‰    | 248/421 [00:01<00:00, 212.63it/s]
Predictor_1 Epoch 3/85:  64%|â–ˆâ–ˆâ–ˆâ–ˆâ–ˆâ–ˆâ–   | 270/421 [00:01<00:00, 207.54it/s]
Predictor_1 Epoch 3/85:  70%|â–ˆâ–ˆâ–ˆâ–ˆâ–ˆâ–ˆâ–‰   | 293/421 [00:01<00:00, 206.60it/s]
Predictor_1 Epoch 3/85:  75%|â–ˆâ–ˆâ–ˆâ–ˆâ–ˆâ–ˆâ–ˆâ–  | 315/421 [00:01<00:00, 209.68it/s]
Predictor_1 Epoch 3/85:  80%|â–ˆâ–ˆâ–ˆâ–ˆâ–ˆâ–ˆâ–ˆâ–ˆ  | 337/421 [00:01<00:00, 206.72it/s]
Predictor_1 Epoch 3/85:  85%|â–ˆâ–ˆâ–ˆâ–ˆâ–ˆâ–ˆâ–ˆâ–ˆâ–Œ | 358/421 [00:01<00:00, 207.62it/s]
Predictor_1 Epoch 3/85:  90%|â–ˆâ–ˆâ–ˆâ–ˆâ–ˆâ–ˆâ–ˆâ–ˆâ–ˆ | 381/421 [00:01<00:00, 207.50it/s]
Predictor_1 Epoch 3/85:  95%|â–ˆâ–ˆâ–ˆâ–ˆâ–ˆâ–ˆâ–ˆâ–ˆâ–ˆâ–Œ| 402/421 [00:01<00:00, 206.89it/s]
Predictor_1 Epoch 3/85:  95%|â–ˆâ–ˆâ–ˆâ–ˆâ–ˆâ–ˆâ–ˆâ–ˆâ–ˆâ–Œ| 402/421 [00:02<00:00, 206.89it/s, acc=93.75%, loss=0.1969]
                                                                                                   

Predictor_1 Epoch 4/85:   0%|          | 0/421 [00:00<?, ?it/s]
Predictor_1 Epoch 4/85:   3%|â–Ž         | 14/421 [00:00<00:03, 132.84it/s]
Predictor_1 Epoch 4/85:   9%|â–‰         | 37/421 [00:00<00:02, 185.17it/s]
Predictor_1 Epoch 4/85:  14%|â–ˆâ–        | 58/421 [00:00<00:01, 187.89it/s]
Predictor_1 Epoch 4/85:  19%|â–ˆâ–‰        | 80/421 [00:00<00:01, 200.03it/s]
Predictor_1 Epoch 4/85:  24%|â–ˆâ–ˆâ–       | 102/421 [00:00<00:01, 198.06it/s]
Predictor_1 Epoch 4/85:  30%|â–ˆâ–ˆâ–‰       | 125/421 [00:00<00:01, 207.49it/s]
Predictor_1 Epoch 4/85:  35%|â–ˆâ–ˆâ–ˆâ–      | 146/421 [00:00<00:01, 201.03it/s]
Predictor_1 Epoch 4/85:  40%|â–ˆâ–ˆâ–ˆâ–ˆ      | 169/421 [00:00<00:01, 209.24it/s]
Predictor_1 Epoch 4/85:  45%|â–ˆâ–ˆâ–ˆâ–ˆâ–Œ     | 191/421 [00:00<00:01, 205.98it/s]
Predictor_1 Epoch 4/85:  51%|â–ˆâ–ˆâ–ˆâ–ˆâ–ˆ     | 214/421 [00:01<00:01, 205.38it/s]
Predictor_1 Epoch 4/85:  57%|â–ˆâ–ˆâ–ˆâ–ˆâ–ˆâ–‹    | 238/421 [00:01<00:00, 206.63it/s]
Predictor_1 Epoch 4/85:  62%|â–ˆâ–ˆâ–ˆâ–ˆâ–ˆâ–ˆâ–   | 262/421 [00:01<00:00, 208.38it/s]
Predictor_1 Epoch 4/85:  68%|â–ˆâ–ˆâ–ˆâ–ˆâ–ˆâ–ˆâ–Š   | 286/421 [00:01<00:00, 209.54it/s]
Predictor_1 Epoch 4/85:  73%|â–ˆâ–ˆâ–ˆâ–ˆâ–ˆâ–ˆâ–ˆâ–Ž  | 308/421 [00:01<00:00, 212.25it/s]
Predictor_1 Epoch 4/85:  78%|â–ˆâ–ˆâ–ˆâ–ˆâ–ˆâ–ˆâ–ˆâ–Š  | 330/421 [00:01<00:00, 209.12it/s]
Predictor_1 Epoch 4/85:  84%|â–ˆâ–ˆâ–ˆâ–ˆâ–ˆâ–ˆâ–ˆâ–ˆâ–Ž | 352/421 [00:01<00:00, 210.92it/s]
Predictor_1 Epoch 4/85:  89%|â–ˆâ–ˆâ–ˆâ–ˆâ–ˆâ–ˆâ–ˆâ–ˆâ–‰ | 374/421 [00:01<00:00, 209.88it/s]
Predictor_1 Epoch 4/85:  94%|â–ˆâ–ˆâ–ˆâ–ˆâ–ˆâ–ˆâ–ˆâ–ˆâ–ˆâ–| 396/421 [00:01<00:00, 208.47it/s]
Predictor_1 Epoch 4/85:  99%|â–ˆâ–ˆâ–ˆâ–ˆâ–ˆâ–ˆâ–ˆâ–ˆâ–ˆâ–‰| 417/421 [00:02<00:00, 202.94it/s]
Predictor_1 Epoch 4/85:  99%|â–ˆâ–ˆâ–ˆâ–ˆâ–ˆâ–ˆâ–ˆâ–ˆâ–ˆâ–‰| 417/421 [00:02<00:00, 202.94it/s, acc=90.62%, loss=0.2901]
                                                                                                   

Predictor_1 Epoch 5/85:   0%|          | 0/421 [00:00<?, ?it/s]
Predictor_1 Epoch 5/85:   4%|â–         | 17/421 [00:00<00:02, 159.92it/s]
Predictor_1 Epoch 5/85:   9%|â–‰         | 39/421 [00:00<00:01, 193.69it/s]
Predictor_1 Epoch 5/85:  14%|â–ˆâ–        | 61/421 [00:00<00:01, 198.77it/s]
Predictor_1 Epoch 5/85:  20%|â–ˆâ–‰        | 83/421 [00:00<00:01, 204.72it/s]
Predictor_1 Epoch 5/85:  25%|â–ˆâ–ˆâ–       | 105/421 [00:00<00:01, 206.46it/s]
Predictor_1 Epoch 5/85:  30%|â–ˆâ–ˆâ–ˆ       | 127/421 [00:00<00:01, 207.27it/s]
Predictor_1 Epoch 5/85:  35%|â–ˆâ–ˆâ–ˆâ–Œ      | 149/421 [00:00<00:01, 209.28it/s]
Predictor_1 Epoch 5/85:  41%|â–ˆâ–ˆâ–ˆâ–ˆ      | 171/421 [00:00<00:01, 207.68it/s]
Predictor_1 Epoch 5/85:  46%|â–ˆâ–ˆâ–ˆâ–ˆâ–Œ     | 193/421 [00:00<00:01, 211.26it/s]
Predictor_1 Epoch 5/85:  51%|â–ˆâ–ˆâ–ˆâ–ˆâ–ˆ     | 215/421 [00:01<00:00, 207.35it/s]
Predictor_1 Epoch 5/85:  57%|â–ˆâ–ˆâ–ˆâ–ˆâ–ˆâ–‹    | 238/421 [00:01<00:00, 213.32it/s]
Predictor_1 Epoch 5/85:  62%|â–ˆâ–ˆâ–ˆâ–ˆâ–ˆâ–ˆâ–   | 260/421 [00:01<00:00, 208.33it/s]
Predictor_1 Epoch 5/85:  67%|â–ˆâ–ˆâ–ˆâ–ˆâ–ˆâ–ˆâ–‹   | 283/421 [00:01<00:00, 207.23it/s]
Predictor_1 Epoch 5/85:  73%|â–ˆâ–ˆâ–ˆâ–ˆâ–ˆâ–ˆâ–ˆâ–Ž  | 307/421 [00:01<00:00, 208.43it/s]
Predictor_1 Epoch 5/85:  78%|â–ˆâ–ˆâ–ˆâ–ˆâ–ˆâ–ˆâ–ˆâ–Š  | 330/421 [00:01<00:00, 214.27it/s]
Predictor_1 Epoch 5/85:  84%|â–ˆâ–ˆâ–ˆâ–ˆâ–ˆâ–ˆâ–ˆâ–ˆâ–Ž | 352/421 [00:01<00:00, 210.70it/s]
Predictor_1 Epoch 5/85:  89%|â–ˆâ–ˆâ–ˆâ–ˆâ–ˆâ–ˆâ–ˆâ–ˆâ–‰ | 374/421 [00:01<00:00, 212.56it/s]
Predictor_1 Epoch 5/85:  94%|â–ˆâ–ˆâ–ˆâ–ˆâ–ˆâ–ˆâ–ˆâ–ˆâ–ˆâ–| 396/421 [00:01<00:00, 210.74it/s]
Predictor_1 Epoch 5/85:  99%|â–ˆâ–ˆâ–ˆâ–ˆâ–ˆâ–ˆâ–ˆâ–ˆâ–ˆâ–‰| 418/421 [00:02<00:00, 206.34it/s]
Predictor_1 Epoch 5/85:  99%|â–ˆâ–ˆâ–ˆâ–ˆâ–ˆâ–ˆâ–ˆâ–ˆâ–ˆâ–‰| 418/421 [00:02<00:00, 206.34it/s, acc=92.19%, loss=0.2232]
                                                                                                   

Predictor_1 Epoch 6/85:   0%|          | 0/421 [00:00<?, ?it/s]
Predictor_1 Epoch 6/85:   4%|â–         | 17/421 [00:00<00:02, 152.40it/s]
Predictor_1 Epoch 6/85:  10%|â–‰         | 40/421 [00:00<00:01, 195.00it/s]
Predictor_1 Epoch 6/85:  14%|â–ˆâ–        | 61/421 [00:00<00:01, 194.06it/s]
Predictor_1 Epoch 6/85:  20%|â–ˆâ–ˆ        | 85/421 [00:00<00:01, 200.88it/s]
Predictor_1 Epoch 6/85:  26%|â–ˆâ–ˆâ–Œ       | 109/421 [00:00<00:01, 204.24it/s]
Predictor_1 Epoch 6/85:  32%|â–ˆâ–ˆâ–ˆâ–      | 133/421 [00:00<00:01, 206.25it/s]
Predictor_1 Epoch 6/85:  37%|â–ˆâ–ˆâ–ˆâ–‹      | 156/421 [00:00<00:01, 213.12it/s]
Predictor_1 Epoch 6/85:  42%|â–ˆâ–ˆâ–ˆâ–ˆâ–     | 178/421 [00:00<00:01, 208.79it/s]
Predictor_1 Epoch 6/85:  48%|â–ˆâ–ˆâ–ˆâ–ˆâ–Š     | 201/421 [00:00<00:01, 207.26it/s][codecarbon INFO @ 03:23:08] Energy consumed for RAM : 0.000470 kWh. RAM Power : 38.0 W

Predictor_1 Epoch 6/85:  53%|â–ˆâ–ˆâ–ˆâ–ˆâ–ˆâ–Ž    | 225/421 [00:01<00:00, 207.22it/s]
Predictor_1 Epoch 6/85:  59%|â–ˆâ–ˆâ–ˆâ–ˆâ–ˆâ–‰    | 249/421 [00:01<00:00, 208.84it/s]
Predictor_1 Epoch 6/85:  65%|â–ˆâ–ˆâ–ˆâ–ˆâ–ˆâ–ˆâ–   | 273/421 [00:01<00:00, 209.54it/s]
Predictor_1 Epoch 6/85:  71%|â–ˆâ–ˆâ–ˆâ–ˆâ–ˆâ–ˆâ–ˆ   | 297/421 [00:01<00:00, 210.09it/s]
Predictor_1 Epoch 6/85:  76%|â–ˆâ–ˆâ–ˆâ–ˆâ–ˆâ–ˆâ–ˆâ–Œ  | 321/421 [00:01<00:00, 210.21it/s][codecarbon INFO @ 03:23:08] Delta energy consumed for CPU with cpu_load : 0.000195 kWh, power : 48.346875 W
[codecarbon INFO @ 03:23:08] Energy consumed for All CPU : 0.000705 kWh
[codecarbon INFO @ 03:23:08] Energy consumed for all GPUs : 0.001462 kWh. Total GPU Power : 73.65665427911269 W
[codecarbon INFO @ 03:23:08] 0.002637 kWh of electricity used since the beginning.

Predictor_1 Epoch 6/85:  82%|â–ˆâ–ˆâ–ˆâ–ˆâ–ˆâ–ˆâ–ˆâ–ˆâ– | 344/421 [00:01<00:00, 215.30it/s]
Predictor_1 Epoch 6/85:  87%|â–ˆâ–ˆâ–ˆâ–ˆâ–ˆâ–ˆâ–ˆâ–ˆâ–‹ | 366/421 [00:01<00:00, 209.58it/s]
Predictor_1 Epoch 6/85:  92%|â–ˆâ–ˆâ–ˆâ–ˆâ–ˆâ–ˆâ–ˆâ–ˆâ–ˆâ–| 389/421 [00:01<00:00, 207.41it/s]
Predictor_1 Epoch 6/85:  98%|â–ˆâ–ˆâ–ˆâ–ˆâ–ˆâ–ˆâ–ˆâ–ˆâ–ˆâ–Š| 412/421 [00:01<00:00, 213.37it/s]
Predictor_1 Epoch 6/85:  98%|â–ˆâ–ˆâ–ˆâ–ˆâ–ˆâ–ˆâ–ˆâ–ˆâ–ˆâ–Š| 412/421 [00:02<00:00, 213.37it/s, acc=92.19%, loss=0.2496]
                                                                                                   

Predictor_1 Epoch 7/85:   0%|          | 0/421 [00:00<?, ?it/s]
Predictor_1 Epoch 7/85:   4%|â–         | 17/421 [00:00<00:02, 148.51it/s]
Predictor_1 Epoch 7/85:   9%|â–‰         | 39/421 [00:00<00:02, 187.76it/s]
Predictor_1 Epoch 7/85:  14%|â–ˆâ–        | 61/421 [00:00<00:01, 192.29it/s]
Predictor_1 Epoch 7/85:  20%|â–ˆâ–‰        | 83/421 [00:00<00:01, 200.54it/s]
Predictor_1 Epoch 7/85:  25%|â–ˆâ–ˆâ–       | 105/421 [00:00<00:01, 200.04it/s]
Predictor_1 Epoch 7/85:  30%|â–ˆâ–ˆâ–ˆ       | 127/421 [00:00<00:01, 203.78it/s]
Predictor_1 Epoch 7/85:  35%|â–ˆâ–ˆâ–ˆâ–Œ      | 149/421 [00:00<00:01, 203.21it/s]
Predictor_1 Epoch 7/85:  41%|â–ˆâ–ˆâ–ˆâ–ˆ      | 171/421 [00:00<00:01, 204.50it/s]
Predictor_1 Epoch 7/85:  46%|â–ˆâ–ˆâ–ˆâ–ˆâ–Œ     | 193/421 [00:00<00:01, 204.79it/s]
Predictor_1 Epoch 7/85:  51%|â–ˆâ–ˆâ–ˆâ–ˆâ–ˆ     | 215/421 [00:01<00:01, 204.96it/s]
Predictor_1 Epoch 7/85:  56%|â–ˆâ–ˆâ–ˆâ–ˆâ–ˆâ–‹    | 237/421 [00:01<00:00, 205.47it/s]
Predictor_1 Epoch 7/85:  62%|â–ˆâ–ˆâ–ˆâ–ˆâ–ˆâ–ˆâ–   | 259/421 [00:01<00:00, 204.82it/s]
Predictor_1 Epoch 7/85:  67%|â–ˆâ–ˆâ–ˆâ–ˆâ–ˆâ–ˆâ–‹   | 281/421 [00:01<00:00, 206.33it/s]
Predictor_1 Epoch 7/85:  72%|â–ˆâ–ˆâ–ˆâ–ˆâ–ˆâ–ˆâ–ˆâ–  | 303/421 [00:01<00:00, 205.63it/s]
Predictor_1 Epoch 7/85:  77%|â–ˆâ–ˆâ–ˆâ–ˆâ–ˆâ–ˆâ–ˆâ–‹  | 325/421 [00:01<00:00, 206.52it/s]
Predictor_1 Epoch 7/85:  82%|â–ˆâ–ˆâ–ˆâ–ˆâ–ˆâ–ˆâ–ˆâ–ˆâ– | 347/421 [00:01<00:00, 205.62it/s]
Predictor_1 Epoch 7/85:  88%|â–ˆâ–ˆâ–ˆâ–ˆâ–ˆâ–ˆâ–ˆâ–ˆâ–Š | 369/421 [00:01<00:00, 206.86it/s]
Predictor_1 Epoch 7/85:  93%|â–ˆâ–ˆâ–ˆâ–ˆâ–ˆâ–ˆâ–ˆâ–ˆâ–ˆâ–Ž| 391/421 [00:01<00:00, 205.39it/s]
Predictor_1 Epoch 7/85:  98%|â–ˆâ–ˆâ–ˆâ–ˆâ–ˆâ–ˆâ–ˆâ–ˆâ–ˆâ–Š| 413/421 [00:02<00:00, 207.00it/s]
Predictor_1 Epoch 7/85:  98%|â–ˆâ–ˆâ–ˆâ–ˆâ–ˆâ–ˆâ–ˆâ–ˆâ–ˆâ–Š| 413/421 [00:02<00:00, 207.00it/s, acc=93.75%, loss=0.1722]
                                                                                                   

Predictor_1 Epoch 8/85:   0%|          | 0/421 [00:00<?, ?it/s]
Predictor_1 Epoch 8/85:   4%|â–         | 17/421 [00:00<00:02, 151.17it/s]
Predictor_1 Epoch 8/85:   9%|â–‰         | 39/421 [00:00<00:02, 189.07it/s]
Predictor_1 Epoch 8/85:  14%|â–ˆâ–        | 61/421 [00:00<00:01, 190.92it/s]
Predictor_1 Epoch 8/85:  20%|â–ˆâ–‰        | 83/421 [00:00<00:01, 201.22it/s]
Predictor_1 Epoch 8/85:  25%|â–ˆâ–ˆâ–       | 104/421 [00:00<00:01, 204.05it/s]
Predictor_1 Epoch 8/85:  30%|â–ˆâ–ˆâ–‰       | 125/421 [00:00<00:01, 197.43it/s]
Predictor_1 Epoch 8/85:  35%|â–ˆâ–ˆâ–ˆâ–      | 147/421 [00:00<00:01, 203.54it/s]
Predictor_1 Epoch 8/85:  40%|â–ˆâ–ˆâ–ˆâ–‰      | 168/421 [00:00<00:01, 205.16it/s]
Predictor_1 Epoch 8/85:  45%|â–ˆâ–ˆâ–ˆâ–ˆâ–     | 189/421 [00:00<00:01, 199.45it/s]
Predictor_1 Epoch 8/85:  50%|â–ˆâ–ˆâ–ˆâ–ˆâ–ˆ     | 211/421 [00:01<00:01, 205.23it/s]
Predictor_1 Epoch 8/85:  55%|â–ˆâ–ˆâ–ˆâ–ˆâ–ˆâ–Œ    | 233/421 [00:01<00:00, 202.23it/s]
Predictor_1 Epoch 8/85:  61%|â–ˆâ–ˆâ–ˆâ–ˆâ–ˆâ–ˆ    | 255/421 [00:01<00:00, 207.08it/s]
Predictor_1 Epoch 8/85:  66%|â–ˆâ–ˆâ–ˆâ–ˆâ–ˆâ–ˆâ–Œ   | 277/421 [00:01<00:00, 203.16it/s]
Predictor_1 Epoch 8/85:  71%|â–ˆâ–ˆâ–ˆâ–ˆâ–ˆâ–ˆâ–ˆ   | 299/421 [00:01<00:00, 207.65it/s]
Predictor_1 Epoch 8/85:  76%|â–ˆâ–ˆâ–ˆâ–ˆâ–ˆâ–ˆâ–ˆâ–Œ  | 321/421 [00:01<00:00, 203.70it/s]
Predictor_1 Epoch 8/85:  81%|â–ˆâ–ˆâ–ˆâ–ˆâ–ˆâ–ˆâ–ˆâ–ˆâ– | 343/421 [00:01<00:00, 207.94it/s]
Predictor_1 Epoch 8/85:  87%|â–ˆâ–ˆâ–ˆâ–ˆâ–ˆâ–ˆâ–ˆâ–ˆâ–‹ | 365/421 [00:01<00:00, 203.85it/s]
Predictor_1 Epoch 8/85:  92%|â–ˆâ–ˆâ–ˆâ–ˆâ–ˆâ–ˆâ–ˆâ–ˆâ–ˆâ–| 387/421 [00:01<00:00, 208.23it/s]
Predictor_1 Epoch 8/85:  97%|â–ˆâ–ˆâ–ˆâ–ˆâ–ˆâ–ˆâ–ˆâ–ˆâ–ˆâ–‹| 409/421 [00:02<00:00, 203.61it/s]
Predictor_1 Epoch 8/85:  97%|â–ˆâ–ˆâ–ˆâ–ˆâ–ˆâ–ˆâ–ˆâ–ˆâ–ˆâ–‹| 409/421 [00:02<00:00, 203.61it/s, acc=96.88%, loss=0.1580]
                                                                                                   

Predictor_1 Epoch 9/85:   0%|          | 0/421 [00:00<?, ?it/s]
Predictor_1 Epoch 9/85:   4%|â–         | 17/421 [00:00<00:02, 157.73it/s]
Predictor_1 Epoch 9/85:   9%|â–‰         | 39/421 [00:00<00:01, 193.05it/s]
Predictor_1 Epoch 9/85:  14%|â–ˆâ–        | 61/421 [00:00<00:01, 195.38it/s]
Predictor_1 Epoch 9/85:  20%|â–ˆâ–‰        | 84/421 [00:00<00:01, 207.75it/s]
Predictor_1 Epoch 9/85:  25%|â–ˆâ–ˆâ–       | 105/421 [00:00<00:01, 200.83it/s]
Predictor_1 Epoch 9/85:  31%|â–ˆâ–ˆâ–ˆ       | 129/421 [00:00<00:01, 203.63it/s]
Predictor_1 Epoch 9/85:  36%|â–ˆâ–ˆâ–ˆâ–‹      | 153/421 [00:00<00:01, 205.58it/s]
Predictor_1 Epoch 9/85:  42%|â–ˆâ–ˆâ–ˆâ–ˆâ–     | 176/421 [00:00<00:01, 212.22it/s]
Predictor_1 Epoch 9/85:  47%|â–ˆâ–ˆâ–ˆâ–ˆâ–‹     | 198/421 [00:00<00:01, 207.52it/s]
Predictor_1 Epoch 9/85:  52%|â–ˆâ–ˆâ–ˆâ–ˆâ–ˆâ–    | 221/421 [00:01<00:00, 205.30it/s]
Predictor_1 Epoch 9/85:  58%|â–ˆâ–ˆâ–ˆâ–ˆâ–ˆâ–Š    | 244/421 [00:01<00:00, 212.00it/s]
Predictor_1 Epoch 9/85:  63%|â–ˆâ–ˆâ–ˆâ–ˆâ–ˆâ–ˆâ–Ž   | 266/421 [00:01<00:00, 206.81it/s]
Predictor_1 Epoch 9/85:  68%|â–ˆâ–ˆâ–ˆâ–ˆâ–ˆâ–ˆâ–Š   | 288/421 [00:01<00:00, 210.19it/s]
Predictor_1 Epoch 9/85:  74%|â–ˆâ–ˆâ–ˆâ–ˆâ–ˆâ–ˆâ–ˆâ–Ž  | 310/421 [00:01<00:00, 206.55it/s]
Predictor_1 Epoch 9/85:  79%|â–ˆâ–ˆâ–ˆâ–ˆâ–ˆâ–ˆâ–ˆâ–‰  | 333/421 [00:01<00:00, 204.94it/s]
Predictor_1 Epoch 9/85:  85%|â–ˆâ–ˆâ–ˆâ–ˆâ–ˆâ–ˆâ–ˆâ–ˆâ– | 356/421 [00:01<00:00, 211.72it/s]
Predictor_1 Epoch 9/85:  90%|â–ˆâ–ˆâ–ˆâ–ˆâ–ˆâ–ˆâ–ˆâ–ˆâ–‰ | 378/421 [00:01<00:00, 207.15it/s]
Predictor_1 Epoch 9/85:  95%|â–ˆâ–ˆâ–ˆâ–ˆâ–ˆâ–ˆâ–ˆâ–ˆâ–ˆâ–Œ| 401/421 [00:01<00:00, 205.46it/s]
Predictor_1 Epoch 9/85:  95%|â–ˆâ–ˆâ–ˆâ–ˆâ–ˆâ–ˆâ–ˆâ–ˆâ–ˆâ–Œ| 401/421 [00:02<00:00, 205.46it/s, acc=93.75%, loss=0.1373]
                                                                                                   

Predictor_1 Epoch 10/85:   0%|          | 0/421 [00:00<?, ?it/s]
Predictor_1 Epoch 10/85:   4%|â–         | 17/421 [00:00<00:02, 151.78it/s]
Predictor_1 Epoch 10/85:  10%|â–‰         | 41/421 [00:00<00:02, 186.34it/s]
Predictor_1 Epoch 10/85:  15%|â–ˆâ–Œ        | 64/421 [00:00<00:01, 203.88it/s]
Predictor_1 Epoch 10/85:  20%|â–ˆâ–ˆ        | 85/421 [00:00<00:01, 197.87it/s]
Predictor_1 Epoch 10/85:  26%|â–ˆâ–ˆâ–Œ       | 108/421 [00:00<00:01, 208.58it/s]
Predictor_1 Epoch 10/85:  31%|â–ˆâ–ˆâ–ˆ       | 129/421 [00:00<00:01, 201.36it/s]
Predictor_1 Epoch 10/85:  36%|â–ˆâ–ˆâ–ˆâ–Œ      | 152/421 [00:00<00:01, 210.12it/s]
Predictor_1 Epoch 10/85:  41%|â–ˆâ–ˆâ–ˆâ–ˆâ–     | 174/421 [00:00<00:01, 205.50it/s]
Predictor_1 Epoch 10/85:  47%|â–ˆâ–ˆâ–ˆâ–ˆâ–‹     | 197/421 [00:00<00:01, 204.43it/s]
Predictor_1 Epoch 10/85:  52%|â–ˆâ–ˆâ–ˆâ–ˆâ–ˆâ–    | 220/421 [00:01<00:00, 211.80it/s]
Predictor_1 Epoch 10/85:  57%|â–ˆâ–ˆâ–ˆâ–ˆâ–ˆâ–‹    | 242/421 [00:01<00:00, 206.51it/s]
Predictor_1 Epoch 10/85:  63%|â–ˆâ–ˆâ–ˆâ–ˆâ–ˆâ–ˆâ–Ž   | 265/421 [00:01<00:00, 204.80it/s]
Predictor_1 Epoch 10/85:  68%|â–ˆâ–ˆâ–ˆâ–ˆâ–ˆâ–ˆâ–Š   | 288/421 [00:01<00:00, 211.64it/s]
Predictor_1 Epoch 10/85:  74%|â–ˆâ–ˆâ–ˆâ–ˆâ–ˆâ–ˆâ–ˆâ–Ž  | 310/421 [00:01<00:00, 206.35it/s]
Predictor_1 Epoch 10/85:  79%|â–ˆâ–ˆâ–ˆâ–ˆâ–ˆâ–ˆâ–ˆâ–‰  | 333/421 [00:01<00:00, 204.26it/s]
Predictor_1 Epoch 10/85:  85%|â–ˆâ–ˆâ–ˆâ–ˆâ–ˆâ–ˆâ–ˆâ–ˆâ– | 356/421 [00:01<00:00, 209.64it/s]
Predictor_1 Epoch 10/85:  90%|â–ˆâ–ˆâ–ˆâ–ˆâ–ˆâ–ˆâ–ˆâ–ˆâ–‰ | 378/421 [00:01<00:00, 205.04it/s]
Predictor_1 Epoch 10/85:  95%|â–ˆâ–ˆâ–ˆâ–ˆâ–ˆâ–ˆâ–ˆâ–ˆâ–ˆâ–Œ| 400/421 [00:01<00:00, 208.80it/s]
Predictor_1 Epoch 10/85:  95%|â–ˆâ–ˆâ–ˆâ–ˆâ–ˆâ–ˆâ–ˆâ–ˆâ–ˆâ–Œ| 400/421 [00:02<00:00, 208.80it/s, acc=95.31%, loss=0.1761]
Predictor_1 Epoch 10/85: 100%|â–ˆâ–ˆâ–ˆâ–ˆâ–ˆâ–ˆâ–ˆâ–ˆâ–ˆâ–ˆ| 421/421 [00:02<00:00, 197.40it/s, acc=95.31%, loss=0.1761]
                                                                                                    

Predictor_1 Epoch 11/85:   0%|          | 0/421 [00:00<?, ?it/s]
Predictor_1 Epoch 11/85:   4%|â–         | 17/421 [00:00<00:02, 148.89it/s]
Predictor_1 Epoch 11/85:  10%|â–‰         | 41/421 [00:00<00:02, 184.74it/s]
Predictor_1 Epoch 11/85:  15%|â–ˆâ–Œ        | 65/421 [00:00<00:01, 197.47it/s]
Predictor_1 Epoch 11/85:  21%|â–ˆâ–ˆ        | 88/421 [00:00<00:01, 208.39it/s]
Predictor_1 Epoch 11/85:  26%|â–ˆâ–ˆâ–Œ       | 109/421 [00:00<00:01, 203.40it/s]
Predictor_1 Epoch 11/85:  31%|â–ˆâ–ˆâ–ˆâ–      | 132/421 [00:00<00:01, 209.62it/s]
Predictor_1 Epoch 11/85:  37%|â–ˆâ–ˆâ–ˆâ–‹      | 154/421 [00:00<00:01, 207.31it/s]
Predictor_1 Epoch 11/85:  42%|â–ˆâ–ˆâ–ˆâ–ˆâ–     | 176/421 [00:00<00:01, 208.42it/s]
Predictor_1 Epoch 11/85:  47%|â–ˆâ–ˆâ–ˆâ–ˆâ–‹     | 197/421 [00:00<00:01, 207.24it/s]
Predictor_1 Epoch 11/85:  52%|â–ˆâ–ˆâ–ˆâ–ˆâ–ˆâ–    | 218/421 [00:01<00:00, 206.95it/s]
Predictor_1 Epoch 11/85:  57%|â–ˆâ–ˆâ–ˆâ–ˆâ–ˆâ–‹    | 240/421 [00:01<00:00, 209.95it/s]
Predictor_1 Epoch 11/85:  62%|â–ˆâ–ˆâ–ˆâ–ˆâ–ˆâ–ˆâ–   | 262/421 [00:01<00:00, 206.60it/s]
Predictor_1 Epoch 11/85:  67%|â–ˆâ–ˆâ–ˆâ–ˆâ–ˆâ–ˆâ–‹   | 284/421 [00:01<00:00, 209.94it/s]
Predictor_1 Epoch 11/85:  73%|â–ˆâ–ˆâ–ˆâ–ˆâ–ˆâ–ˆâ–ˆâ–Ž  | 306/421 [00:01<00:00, 206.38it/s]
Predictor_1 Epoch 11/85:  78%|â–ˆâ–ˆâ–ˆâ–ˆâ–ˆâ–ˆâ–ˆâ–Š  | 328/421 [00:01<00:00, 209.67it/s]
Predictor_1 Epoch 11/85:  83%|â–ˆâ–ˆâ–ˆâ–ˆâ–ˆâ–ˆâ–ˆâ–ˆâ–Ž | 350/421 [00:01<00:00, 205.77it/s]
Predictor_1 Epoch 11/85:  88%|â–ˆâ–ˆâ–ˆâ–ˆâ–ˆâ–ˆâ–ˆâ–ˆâ–Š | 371/421 [00:01<00:00, 206.82it/s]
Predictor_1 Epoch 11/85:  94%|â–ˆâ–ˆâ–ˆâ–ˆâ–ˆâ–ˆâ–ˆâ–ˆâ–ˆâ–Ž| 394/421 [00:01<00:00, 206.08it/s]
Predictor_1 Epoch 11/85:  99%|â–ˆâ–ˆâ–ˆâ–ˆâ–ˆâ–ˆâ–ˆâ–ˆâ–ˆâ–Š| 415/421 [00:02<00:00, 199.12it/s]
Predictor_1 Epoch 11/85:  99%|â–ˆâ–ˆâ–ˆâ–ˆâ–ˆâ–ˆâ–ˆâ–ˆâ–ˆâ–Š| 415/421 [00:02<00:00, 199.12it/s, acc=92.97%, loss=0.2510]
                                                                                                    

Predictor_1 Epoch 12/85:   0%|          | 0/421 [00:00<?, ?it/s]
Predictor_1 Epoch 12/85:   4%|â–         | 17/421 [00:00<00:02, 148.29it/s]
Predictor_1 Epoch 12/85:  10%|â–‰         | 41/421 [00:00<00:02, 183.68it/s]
Predictor_1 Epoch 12/85:  15%|â–ˆâ–Œ        | 64/421 [00:00<00:01, 202.90it/s]
Predictor_1 Epoch 12/85:  20%|â–ˆâ–ˆ        | 85/421 [00:00<00:01, 182.67it/s]
Predictor_1 Epoch 12/85:  25%|â–ˆâ–ˆâ–Œ       | 106/421 [00:00<00:01, 191.48it/s]
Predictor_1 Epoch 12/85:  30%|â–ˆâ–ˆâ–ˆ       | 127/421 [00:00<00:01, 192.52it/s]
Predictor_1 Epoch 12/85:  35%|â–ˆâ–ˆâ–ˆâ–Œ      | 149/421 [00:00<00:01, 200.79it/s]
Predictor_1 Epoch 12/85:  40%|â–ˆâ–ˆâ–ˆâ–ˆ      | 170/421 [00:00<00:01, 203.08it/s]
Predictor_1 Epoch 12/85:  45%|â–ˆâ–ˆâ–ˆâ–ˆâ–Œ     | 191/421 [00:00<00:01, 200.76it/s]
Predictor_1 Epoch 12/85:  51%|â–ˆâ–ˆâ–ˆâ–ˆâ–ˆ     | 213/421 [00:01<00:01, 205.70it/s]
Predictor_1 Epoch 12/85:  56%|â–ˆâ–ˆâ–ˆâ–ˆâ–ˆâ–Œ    | 235/421 [00:01<00:00, 203.57it/s]
Predictor_1 Epoch 12/85:  61%|â–ˆâ–ˆâ–ˆâ–ˆâ–ˆâ–ˆ    | 257/421 [00:01<00:00, 206.78it/s]
Predictor_1 Epoch 12/85:  66%|â–ˆâ–ˆâ–ˆâ–ˆâ–ˆâ–ˆâ–‹   | 279/421 [00:01<00:00, 204.93it/s]
Predictor_1 Epoch 12/85:  71%|â–ˆâ–ˆâ–ˆâ–ˆâ–ˆâ–ˆâ–ˆâ–  | 301/421 [00:01<00:00, 208.21it/s]
Predictor_1 Epoch 12/85:  77%|â–ˆâ–ˆâ–ˆâ–ˆâ–ˆâ–ˆâ–ˆâ–‹  | 323/421 [00:01<00:00, 205.52it/s]
Predictor_1 Epoch 12/85:  82%|â–ˆâ–ˆâ–ˆâ–ˆâ–ˆâ–ˆâ–ˆâ–ˆâ– | 345/421 [00:01<00:00, 208.57it/s]
Predictor_1 Epoch 12/85:  87%|â–ˆâ–ˆâ–ˆâ–ˆâ–ˆâ–ˆâ–ˆâ–ˆâ–‹ | 367/421 [00:01<00:00, 205.19it/s]
Predictor_1 Epoch 12/85:  92%|â–ˆâ–ˆâ–ˆâ–ˆâ–ˆâ–ˆâ–ˆâ–ˆâ–ˆâ–| 389/421 [00:01<00:00, 208.22it/s]
Predictor_1 Epoch 12/85:  98%|â–ˆâ–ˆâ–ˆâ–ˆâ–ˆâ–ˆâ–ˆâ–ˆâ–ˆâ–Š| 411/421 [00:02<00:00, 205.00it/s]
Predictor_1 Epoch 12/85:  98%|â–ˆâ–ˆâ–ˆâ–ˆâ–ˆâ–ˆâ–ˆâ–ˆâ–ˆâ–Š| 411/421 [00:02<00:00, 205.00it/s, acc=92.19%, loss=0.2665]
                                                                                                    
[codecarbon INFO @ 03:23:23] Energy consumed for RAM : 0.000623 kWh. RAM Power : 38.0 W

Predictor_1 Epoch 13/85:   0%|          | 0/421 [00:00<?, ?it/s]
Predictor_1 Epoch 13/85:   4%|â–         | 17/421 [00:00<00:02, 157.00it/s]
Predictor_1 Epoch 13/85:  10%|â–‰         | 41/421 [00:00<00:01, 191.15it/s]
Predictor_1 Epoch 13/85:  15%|â–ˆâ–Œ        | 65/421 [00:00<00:01, 199.97it/s]
Predictor_1 Epoch 13/85:  21%|â–ˆâ–ˆ        | 89/421 [00:00<00:01, 203.55it/s][codecarbon INFO @ 03:23:23] Delta energy consumed for CPU with cpu_load : 0.000206 kWh, power : 51.215624999999996 W
[codecarbon INFO @ 03:23:23] Energy consumed for All CPU : 0.000911 kWh
[codecarbon INFO @ 03:23:23] Energy consumed for all GPUs : 0.001713 kWh. Total GPU Power : 60.12472073623964 W
[codecarbon INFO @ 03:23:23] 0.003247 kWh of electricity used since the beginning.

Predictor_1 Epoch 13/85:  27%|â–ˆâ–ˆâ–‹       | 112/421 [00:00<00:01, 212.23it/s]
Predictor_1 Epoch 13/85:  32%|â–ˆâ–ˆâ–ˆâ–      | 134/421 [00:00<00:01, 205.95it/s]
Predictor_1 Epoch 13/85:  37%|â–ˆâ–ˆâ–ˆâ–‹      | 157/421 [00:00<00:01, 205.48it/s]
Predictor_1 Epoch 13/85:  42%|â–ˆâ–ˆâ–ˆâ–ˆâ–     | 178/421 [00:00<00:01, 202.26it/s]
Predictor_1 Epoch 13/85:  48%|â–ˆâ–ˆâ–ˆâ–ˆâ–Š     | 201/421 [00:00<00:01, 205.25it/s]
Predictor_1 Epoch 13/85:  53%|â–ˆâ–ˆâ–ˆâ–ˆâ–ˆâ–Ž    | 222/421 [00:01<00:00, 205.93it/s]
Predictor_1 Epoch 13/85:  58%|â–ˆâ–ˆâ–ˆâ–ˆâ–ˆâ–Š    | 245/421 [00:01<00:00, 205.87it/s]
Predictor_1 Epoch 13/85:  63%|â–ˆâ–ˆâ–ˆâ–ˆâ–ˆâ–ˆâ–Ž   | 267/421 [00:01<00:00, 209.11it/s]
Predictor_1 Epoch 13/85:  69%|â–ˆâ–ˆâ–ˆâ–ˆâ–ˆâ–ˆâ–Š   | 289/421 [00:01<00:00, 206.32it/s]
Predictor_1 Epoch 13/85:  74%|â–ˆâ–ˆâ–ˆâ–ˆâ–ˆâ–ˆâ–ˆâ–  | 311/421 [00:01<00:00, 210.24it/s]
Predictor_1 Epoch 13/85:  79%|â–ˆâ–ˆâ–ˆâ–ˆâ–ˆâ–ˆâ–ˆâ–‰  | 333/421 [00:01<00:00, 206.30it/s]
Predictor_1 Epoch 13/85:  84%|â–ˆâ–ˆâ–ˆâ–ˆâ–ˆâ–ˆâ–ˆâ–ˆâ– | 355/421 [00:01<00:00, 209.00it/s]
Predictor_1 Epoch 13/85:  90%|â–ˆâ–ˆâ–ˆâ–ˆâ–ˆâ–ˆâ–ˆâ–ˆâ–‰ | 377/421 [00:01<00:00, 206.95it/s]
Predictor_1 Epoch 13/85:  95%|â–ˆâ–ˆâ–ˆâ–ˆâ–ˆâ–ˆâ–ˆâ–ˆâ–ˆâ–| 399/421 [00:01<00:00, 209.74it/s]
Predictor_1 Epoch 13/85:  95%|â–ˆâ–ˆâ–ˆâ–ˆâ–ˆâ–ˆâ–ˆâ–ˆâ–ˆâ–| 399/421 [00:02<00:00, 209.74it/s, acc=96.09%, loss=0.0995]
Predictor_1 Epoch 13/85: 100%|â–ˆâ–ˆâ–ˆâ–ˆâ–ˆâ–ˆâ–ˆâ–ˆâ–ˆâ–ˆ| 421/421 [00:02<00:00, 206.11it/s, acc=96.09%, loss=0.0995]
                                                                                                    

Predictor_2 Epoch 1/85:   0%|          | 0/421 [00:00<?, ?it/s]
Predictor_2 Epoch 1/85:   4%|â–         | 17/421 [00:00<00:02, 156.89it/s]
Predictor_2 Epoch 1/85:  10%|â–‰         | 41/421 [00:00<00:02, 188.59it/s]
Predictor_2 Epoch 1/85:  15%|â–ˆâ–Œ        | 64/421 [00:00<00:01, 206.31it/s]
Predictor_2 Epoch 1/85:  20%|â–ˆâ–ˆ        | 85/421 [00:00<00:01, 199.96it/s]
Predictor_2 Epoch 1/85:  26%|â–ˆâ–ˆâ–Œ       | 108/421 [00:00<00:01, 209.89it/s]
Predictor_2 Epoch 1/85:  31%|â–ˆâ–ˆâ–ˆ       | 130/421 [00:00<00:01, 205.11it/s]
Predictor_2 Epoch 1/85:  36%|â–ˆâ–ˆâ–ˆâ–‹      | 153/421 [00:00<00:01, 204.19it/s]
Predictor_2 Epoch 1/85:  42%|â–ˆâ–ˆâ–ˆâ–ˆâ–     | 176/421 [00:00<00:01, 211.59it/s]
Predictor_2 Epoch 1/85:  47%|â–ˆâ–ˆâ–ˆâ–ˆâ–‹     | 198/421 [00:00<00:01, 206.63it/s]
Predictor_2 Epoch 1/85:  52%|â–ˆâ–ˆâ–ˆâ–ˆâ–ˆâ–    | 221/421 [00:01<00:00, 206.06it/s]
Predictor_2 Epoch 1/85:  58%|â–ˆâ–ˆâ–ˆâ–ˆâ–ˆâ–Š    | 244/421 [00:01<00:00, 211.93it/s]
Predictor_2 Epoch 1/85:  63%|â–ˆâ–ˆâ–ˆâ–ˆâ–ˆâ–ˆâ–Ž   | 266/421 [00:01<00:00, 208.01it/s]
Predictor_2 Epoch 1/85:  68%|â–ˆâ–ˆâ–ˆâ–ˆâ–ˆâ–ˆâ–Š   | 288/421 [00:01<00:00, 211.11it/s]
Predictor_2 Epoch 1/85:  74%|â–ˆâ–ˆâ–ˆâ–ˆâ–ˆâ–ˆâ–ˆâ–Ž  | 310/421 [00:01<00:00, 207.37it/s]
Predictor_2 Epoch 1/85:  79%|â–ˆâ–ˆâ–ˆâ–ˆâ–ˆâ–ˆâ–ˆâ–‰  | 333/421 [00:01<00:00, 205.60it/s]
Predictor_2 Epoch 1/85:  85%|â–ˆâ–ˆâ–ˆâ–ˆâ–ˆâ–ˆâ–ˆâ–ˆâ– | 356/421 [00:01<00:00, 211.88it/s]
Predictor_2 Epoch 1/85:  90%|â–ˆâ–ˆâ–ˆâ–ˆâ–ˆâ–ˆâ–ˆâ–ˆâ–‰ | 378/421 [00:01<00:00, 206.51it/s]
Predictor_2 Epoch 1/85:  95%|â–ˆâ–ˆâ–ˆâ–ˆâ–ˆâ–ˆâ–ˆâ–ˆâ–ˆâ–Œ| 401/421 [00:01<00:00, 204.90it/s]
Predictor_2 Epoch 1/85:  95%|â–ˆâ–ˆâ–ˆâ–ˆâ–ˆâ–ˆâ–ˆâ–ˆâ–ˆâ–Œ| 401/421 [00:02<00:00, 204.90it/s, acc=94.53%, loss=0.2549]
                                                                                                   

Predictor_2 Epoch 2/85:   0%|          | 0/421 [00:00<?, ?it/s]
Predictor_2 Epoch 2/85:   4%|â–         | 17/421 [00:00<00:02, 158.66it/s]
Predictor_2 Epoch 2/85:  10%|â–‰         | 40/421 [00:00<00:01, 199.35it/s]
Predictor_2 Epoch 2/85:  14%|â–ˆâ–        | 61/421 [00:00<00:01, 195.53it/s]
Predictor_2 Epoch 2/85:  20%|â–ˆâ–‰        | 84/421 [00:00<00:01, 208.04it/s]
Predictor_2 Epoch 2/85:  25%|â–ˆâ–ˆâ–       | 105/421 [00:00<00:01, 201.93it/s]
Predictor_2 Epoch 2/85:  30%|â–ˆâ–ˆâ–ˆ       | 128/421 [00:00<00:01, 210.44it/s]
Predictor_2 Epoch 2/85:  36%|â–ˆâ–ˆâ–ˆâ–Œ      | 150/421 [00:00<00:01, 206.02it/s]
Predictor_2 Epoch 2/85:  41%|â–ˆâ–ˆâ–ˆâ–ˆ      | 173/421 [00:00<00:01, 205.44it/s]
Predictor_2 Epoch 2/85:  47%|â–ˆâ–ˆâ–ˆâ–ˆâ–‹     | 196/421 [00:00<00:01, 211.90it/s]
Predictor_2 Epoch 2/85:  52%|â–ˆâ–ˆâ–ˆâ–ˆâ–ˆâ–    | 218/421 [00:01<00:00, 207.42it/s]
Predictor_2 Epoch 2/85:  57%|â–ˆâ–ˆâ–ˆâ–ˆâ–ˆâ–‹    | 240/421 [00:01<00:00, 210.91it/s]
Predictor_2 Epoch 2/85:  62%|â–ˆâ–ˆâ–ˆâ–ˆâ–ˆâ–ˆâ–   | 262/421 [00:01<00:00, 207.41it/s]
Predictor_2 Epoch 2/85:  67%|â–ˆâ–ˆâ–ˆâ–ˆâ–ˆâ–ˆâ–‹   | 284/421 [00:01<00:00, 210.40it/s]
Predictor_2 Epoch 2/85:  73%|â–ˆâ–ˆâ–ˆâ–ˆâ–ˆâ–ˆâ–ˆâ–Ž  | 306/421 [00:01<00:00, 207.42it/s]
Predictor_2 Epoch 2/85:  78%|â–ˆâ–ˆâ–ˆâ–ˆâ–ˆâ–ˆâ–ˆâ–Š  | 328/421 [00:01<00:00, 209.91it/s]
Predictor_2 Epoch 2/85:  83%|â–ˆâ–ˆâ–ˆâ–ˆâ–ˆâ–ˆâ–ˆâ–ˆâ–Ž | 350/421 [00:01<00:00, 208.06it/s]
Predictor_2 Epoch 2/85:  88%|â–ˆâ–ˆâ–ˆâ–ˆâ–ˆâ–ˆâ–ˆâ–ˆâ–Š | 372/421 [00:01<00:00, 208.97it/s]
Predictor_2 Epoch 2/85:  93%|â–ˆâ–ˆâ–ˆâ–ˆâ–ˆâ–ˆâ–ˆâ–ˆâ–ˆâ–Ž| 393/421 [00:01<00:00, 206.71it/s]
Predictor_2 Epoch 2/85:  98%|â–ˆâ–ˆâ–ˆâ–ˆâ–ˆâ–ˆâ–ˆâ–ˆâ–ˆâ–Š| 414/421 [00:02<00:00, 204.11it/s]
Predictor_2 Epoch 2/85:  98%|â–ˆâ–ˆâ–ˆâ–ˆâ–ˆâ–ˆâ–ˆâ–ˆâ–ˆâ–Š| 414/421 [00:02<00:00, 204.11it/s, acc=89.84%, loss=0.2581]
                                                                                                   

Predictor_2 Epoch 3/85:   0%|          | 0/421 [00:00<?, ?it/s]
Predictor_2 Epoch 3/85:   4%|â–         | 17/421 [00:00<00:02, 149.60it/s]
Predictor_2 Epoch 3/85:  10%|â–‰         | 40/421 [00:00<00:01, 193.46it/s]
Predictor_2 Epoch 3/85:  14%|â–ˆâ–        | 61/421 [00:00<00:01, 194.44it/s]
Predictor_2 Epoch 3/85:  20%|â–ˆâ–‰        | 83/421 [00:00<00:01, 203.86it/s]
Predictor_2 Epoch 3/85:  25%|â–ˆâ–ˆâ–       | 105/421 [00:00<00:01, 202.47it/s]
Predictor_2 Epoch 3/85:  30%|â–ˆâ–ˆâ–ˆ       | 128/421 [00:00<00:01, 210.44it/s]
Predictor_2 Epoch 3/85:  36%|â–ˆâ–ˆâ–ˆâ–Œ      | 150/421 [00:00<00:01, 207.20it/s]
Predictor_2 Epoch 3/85:  41%|â–ˆâ–ˆâ–ˆâ–ˆ      | 172/421 [00:00<00:01, 210.12it/s]
Predictor_2 Epoch 3/85:  46%|â–ˆâ–ˆâ–ˆâ–ˆâ–Œ     | 194/421 [00:00<00:01, 208.20it/s]
Predictor_2 Epoch 3/85:  51%|â–ˆâ–ˆâ–ˆâ–ˆâ–ˆâ–    | 216/421 [00:01<00:00, 209.19it/s]
Predictor_2 Epoch 3/85:  56%|â–ˆâ–ˆâ–ˆâ–ˆâ–ˆâ–‹    | 237/421 [00:01<00:00, 206.91it/s]
Predictor_2 Epoch 3/85:  62%|â–ˆâ–ˆâ–ˆâ–ˆâ–ˆâ–ˆâ–   | 259/421 [00:01<00:00, 210.46it/s]
Predictor_2 Epoch 3/85:  67%|â–ˆâ–ˆâ–ˆâ–ˆâ–ˆâ–ˆâ–‹   | 281/421 [00:01<00:00, 207.72it/s]
Predictor_2 Epoch 3/85:  72%|â–ˆâ–ˆâ–ˆâ–ˆâ–ˆâ–ˆâ–ˆâ–  | 303/421 [00:01<00:00, 210.77it/s]
Predictor_2 Epoch 3/85:  77%|â–ˆâ–ˆâ–ˆâ–ˆâ–ˆâ–ˆâ–ˆâ–‹  | 325/421 [00:01<00:00, 207.67it/s]
Predictor_2 Epoch 3/85:  82%|â–ˆâ–ˆâ–ˆâ–ˆâ–ˆâ–ˆâ–ˆâ–ˆâ– | 347/421 [00:01<00:00, 210.45it/s]
Predictor_2 Epoch 3/85:  88%|â–ˆâ–ˆâ–ˆâ–ˆâ–ˆâ–ˆâ–ˆâ–ˆâ–Š | 369/421 [00:01<00:00, 207.95it/s]
Predictor_2 Epoch 3/85:  93%|â–ˆâ–ˆâ–ˆâ–ˆâ–ˆâ–ˆâ–ˆâ–ˆâ–ˆâ–Ž| 391/421 [00:01<00:00, 210.35it/s]
Predictor_2 Epoch 3/85:  98%|â–ˆâ–ˆâ–ˆâ–ˆâ–ˆâ–ˆâ–ˆâ–ˆâ–ˆâ–Š| 413/421 [00:02<00:00, 207.90it/s]
Predictor_2 Epoch 3/85:  98%|â–ˆâ–ˆâ–ˆâ–ˆâ–ˆâ–ˆâ–ˆâ–ˆâ–ˆâ–Š| 413/421 [00:02<00:00, 207.90it/s, acc=89.06%, loss=0.3083]
                                                                                                   

Predictor_2 Epoch 4/85:   0%|          | 0/421 [00:00<?, ?it/s]
Predictor_2 Epoch 4/85:   4%|â–         | 17/421 [00:00<00:02, 159.97it/s]
Predictor_2 Epoch 4/85:  10%|â–‰         | 40/421 [00:00<00:01, 198.83it/s]
Predictor_2 Epoch 4/85:  14%|â–ˆâ–        | 61/421 [00:00<00:01, 196.09it/s]
Predictor_2 Epoch 4/85:  20%|â–ˆâ–‰        | 84/421 [00:00<00:01, 206.75it/s]
Predictor_2 Epoch 4/85:  25%|â–ˆâ–ˆâ–       | 105/421 [00:00<00:01, 202.65it/s]
Predictor_2 Epoch 4/85:  30%|â–ˆâ–ˆâ–ˆ       | 128/421 [00:00<00:01, 209.01it/s]
Predictor_2 Epoch 4/85:  35%|â–ˆâ–ˆâ–ˆâ–Œ      | 149/421 [00:00<00:01, 205.34it/s]
Predictor_2 Epoch 4/85:  41%|â–ˆâ–ˆâ–ˆâ–ˆ      | 172/421 [00:00<00:01, 209.65it/s]
Predictor_2 Epoch 4/85:  46%|â–ˆâ–ˆâ–ˆâ–ˆâ–Œ     | 193/421 [00:00<00:01, 206.73it/s]
Predictor_2 Epoch 4/85:  51%|â–ˆâ–ˆâ–ˆâ–ˆâ–ˆ     | 215/421 [00:01<00:00, 210.34it/s]
Predictor_2 Epoch 4/85:  56%|â–ˆâ–ˆâ–ˆâ–ˆâ–ˆâ–‹    | 237/421 [00:01<00:00, 207.00it/s]
Predictor_2 Epoch 4/85:  62%|â–ˆâ–ˆâ–ˆâ–ˆâ–ˆâ–ˆâ–   | 259/421 [00:01<00:00, 210.23it/s]
Predictor_2 Epoch 4/85:  67%|â–ˆâ–ˆâ–ˆâ–ˆâ–ˆâ–ˆâ–‹   | 281/421 [00:01<00:00, 207.19it/s]
Predictor_2 Epoch 4/85:  72%|â–ˆâ–ˆâ–ˆâ–ˆâ–ˆâ–ˆâ–ˆâ–  | 303/421 [00:01<00:00, 209.59it/s]
Predictor_2 Epoch 4/85:  77%|â–ˆâ–ˆâ–ˆâ–ˆâ–ˆâ–ˆâ–ˆâ–‹  | 324/421 [00:01<00:00, 205.81it/s]
Predictor_2 Epoch 4/85:  82%|â–ˆâ–ˆâ–ˆâ–ˆâ–ˆâ–ˆâ–ˆâ–ˆâ– | 347/421 [00:01<00:00, 210.14it/s]
Predictor_2 Epoch 4/85:  88%|â–ˆâ–ˆâ–ˆâ–ˆâ–ˆâ–ˆâ–ˆâ–ˆâ–Š | 369/421 [00:01<00:00, 207.59it/s]
Predictor_2 Epoch 4/85:  93%|â–ˆâ–ˆâ–ˆâ–ˆâ–ˆâ–ˆâ–ˆâ–ˆâ–ˆâ–Ž| 391/421 [00:01<00:00, 210.40it/s]
Predictor_2 Epoch 4/85:  98%|â–ˆâ–ˆâ–ˆâ–ˆâ–ˆâ–ˆâ–ˆâ–ˆâ–ˆâ–Š| 413/421 [00:02<00:00, 206.67it/s]
Predictor_2 Epoch 4/85:  98%|â–ˆâ–ˆâ–ˆâ–ˆâ–ˆâ–ˆâ–ˆâ–ˆâ–ˆâ–Š| 413/421 [00:02<00:00, 206.67it/s, acc=88.28%, loss=0.2575]
                                                                                                   

Predictor_2 Epoch 5/85:   0%|          | 0/421 [00:00<?, ?it/s]
Predictor_2 Epoch 5/85:   4%|â–         | 17/421 [00:00<00:02, 151.47it/s]
Predictor_2 Epoch 5/85:  10%|â–‰         | 40/421 [00:00<00:01, 195.29it/s]
Predictor_2 Epoch 5/85:  14%|â–ˆâ–        | 61/421 [00:00<00:01, 192.78it/s]
Predictor_2 Epoch 5/85:  20%|â–ˆâ–ˆ        | 85/421 [00:00<00:01, 199.75it/s]
Predictor_2 Epoch 5/85:  26%|â–ˆâ–ˆâ–Œ       | 108/421 [00:00<00:01, 209.84it/s]
Predictor_2 Epoch 5/85:  31%|â–ˆâ–ˆâ–ˆ       | 130/421 [00:00<00:01, 204.87it/s]
Predictor_2 Epoch 5/85:  36%|â–ˆâ–ˆâ–ˆâ–‹      | 153/421 [00:00<00:01, 204.12it/s]
Predictor_2 Epoch 5/85:  42%|â–ˆâ–ˆâ–ˆâ–ˆâ–     | 176/421 [00:00<00:01, 211.38it/s]
Predictor_2 Epoch 5/85:  47%|â–ˆâ–ˆâ–ˆâ–ˆâ–‹     | 198/421 [00:00<00:01, 206.58it/s]
Predictor_2 Epoch 5/85:  52%|â–ˆâ–ˆâ–ˆâ–ˆâ–ˆâ–    | 221/421 [00:01<00:00, 205.07it/s]
Predictor_2 Epoch 5/85:  58%|â–ˆâ–ˆâ–ˆâ–ˆâ–ˆâ–Š    | 244/421 [00:01<00:00, 211.36it/s]
Predictor_2 Epoch 5/85:  63%|â–ˆâ–ˆâ–ˆâ–ˆâ–ˆâ–ˆâ–Ž   | 266/421 [00:01<00:00, 206.48it/s]
Predictor_2 Epoch 5/85:  69%|â–ˆâ–ˆâ–ˆâ–ˆâ–ˆâ–ˆâ–Š   | 289/421 [00:01<00:00, 205.67it/s]
Predictor_2 Epoch 5/85:  74%|â–ˆâ–ˆâ–ˆâ–ˆâ–ˆâ–ˆâ–ˆâ–  | 312/421 [00:01<00:00, 212.50it/s]
Predictor_2 Epoch 5/85:  79%|â–ˆâ–ˆâ–ˆâ–ˆâ–ˆâ–ˆâ–ˆâ–‰  | 334/421 [00:01<00:00, 207.52it/s]
Predictor_2 Epoch 5/85:  85%|â–ˆâ–ˆâ–ˆâ–ˆâ–ˆâ–ˆâ–ˆâ–ˆâ– | 357/421 [00:01<00:00, 206.28it/s]
Predictor_2 Epoch 5/85:  90%|â–ˆâ–ˆâ–ˆâ–ˆâ–ˆâ–ˆâ–ˆâ–ˆâ–ˆ | 380/421 [00:01<00:00, 212.73it/s]
Predictor_2 Epoch 5/85:  95%|â–ˆâ–ˆâ–ˆâ–ˆâ–ˆâ–ˆâ–ˆâ–ˆâ–ˆâ–Œ| 402/421 [00:01<00:00, 207.56it/s]
Predictor_2 Epoch 5/85:  95%|â–ˆâ–ˆâ–ˆâ–ˆâ–ˆâ–ˆâ–ˆâ–ˆâ–ˆâ–Œ| 402/421 [00:02<00:00, 207.56it/s, acc=95.31%, loss=0.1186]
                                                                                                   

Predictor_2 Epoch 6/85:   0%|          | 0/421 [00:00<?, ?it/s]
Predictor_2 Epoch 6/85:   4%|â–         | 17/421 [00:00<00:02, 155.94it/s]
Predictor_2 Epoch 6/85:  10%|â–‰         | 41/421 [00:00<00:02, 188.81it/s]
Predictor_2 Epoch 6/85:  15%|â–ˆâ–Œ        | 64/421 [00:00<00:01, 206.34it/s]
Predictor_2 Epoch 6/85:  20%|â–ˆâ–ˆ        | 85/421 [00:00<00:01, 199.56it/s]
Predictor_2 Epoch 6/85:  26%|â–ˆâ–ˆâ–Œ       | 108/421 [00:00<00:01, 209.88it/s]
Predictor_2 Epoch 6/85:  31%|â–ˆâ–ˆâ–ˆ       | 130/421 [00:00<00:01, 205.16it/s]
Predictor_2 Epoch 6/85:  36%|â–ˆâ–ˆâ–ˆâ–‹      | 153/421 [00:00<00:01, 204.87it/s]
Predictor_2 Epoch 6/85:  42%|â–ˆâ–ˆâ–ˆâ–ˆâ–     | 175/421 [00:00<00:01, 209.15it/s]
Predictor_2 Epoch 6/85:  47%|â–ˆâ–ˆâ–ˆâ–ˆâ–‹     | 197/421 [00:00<00:01, 206.28it/s]
Predictor_2 Epoch 6/85:  52%|â–ˆâ–ˆâ–ˆâ–ˆâ–ˆâ–    | 219/421 [00:01<00:00, 209.42it/s]
Predictor_2 Epoch 6/85:  57%|â–ˆâ–ˆâ–ˆâ–ˆâ–ˆâ–‹    | 241/421 [00:01<00:00, 207.37it/s]
Predictor_2 Epoch 6/85:  62%|â–ˆâ–ˆâ–ˆâ–ˆâ–ˆâ–ˆâ–   | 263/421 [00:01<00:00, 209.42it/s][codecarbon INFO @ 03:23:38] Energy consumed for RAM : 0.000776 kWh. RAM Power : 38.0 W

Predictor_2 Epoch 6/85:  68%|â–ˆâ–ˆâ–ˆâ–ˆâ–ˆâ–ˆâ–Š   | 285/421 [00:01<00:00, 208.07it/s]
Predictor_2 Epoch 6/85:  73%|â–ˆâ–ˆâ–ˆâ–ˆâ–ˆâ–ˆâ–ˆâ–Ž  | 307/421 [00:01<00:00, 208.88it/s]
Predictor_2 Epoch 6/85:  78%|â–ˆâ–ˆâ–ˆâ–ˆâ–ˆâ–ˆâ–ˆâ–Š  | 329/421 [00:01<00:00, 208.76it/s]
Predictor_2 Epoch 6/85:  83%|â–ˆâ–ˆâ–ˆâ–ˆâ–ˆâ–ˆâ–ˆâ–ˆâ–Ž | 351/421 [00:01<00:00, 208.68it/s]
Predictor_2 Epoch 6/85:  89%|â–ˆâ–ˆâ–ˆâ–ˆâ–ˆâ–ˆâ–ˆâ–ˆâ–Š | 373/421 [00:01<00:00, 209.00it/s][codecarbon INFO @ 03:23:38] Delta energy consumed for CPU with cpu_load : 0.000238 kWh, power : 59.118750000000006 W
[codecarbon INFO @ 03:23:38] Energy consumed for All CPU : 0.001149 kWh
[codecarbon INFO @ 03:23:38] Energy consumed for all GPUs : 0.001971 kWh. Total GPU Power : 61.966633446551924 W
[codecarbon INFO @ 03:23:38] 0.003896 kWh of electricity used since the beginning.

Predictor_2 Epoch 6/85:  94%|â–ˆâ–ˆâ–ˆâ–ˆâ–ˆâ–ˆâ–ˆâ–ˆâ–ˆâ–| 395/421 [00:01<00:00, 208.50it/s]
Predictor_2 Epoch 6/85:  99%|â–ˆâ–ˆâ–ˆâ–ˆâ–ˆâ–ˆâ–ˆâ–ˆâ–ˆâ–‰| 416/421 [00:02<00:00, 202.10it/s]
Predictor_2 Epoch 6/85:  99%|â–ˆâ–ˆâ–ˆâ–ˆâ–ˆâ–ˆâ–ˆâ–ˆâ–ˆâ–‰| 416/421 [00:02<00:00, 202.10it/s, acc=96.09%, loss=0.1152]
                                                                                                   

Predictor_2 Epoch 7/85:   0%|          | 0/421 [00:00<?, ?it/s]
Predictor_2 Epoch 7/85:   4%|â–Ž         | 15/421 [00:00<00:02, 149.45it/s]
Predictor_2 Epoch 7/85:   9%|â–‰         | 37/421 [00:00<00:02, 182.46it/s]
Predictor_2 Epoch 7/85:  14%|â–ˆâ–        | 61/421 [00:00<00:01, 196.58it/s]
Predictor_2 Epoch 7/85:  20%|â–ˆâ–‰        | 84/421 [00:00<00:01, 208.73it/s]
Predictor_2 Epoch 7/85:  25%|â–ˆâ–ˆâ–       | 105/421 [00:00<00:01, 203.60it/s]
Predictor_2 Epoch 7/85:  30%|â–ˆâ–ˆâ–ˆ       | 127/421 [00:00<00:01, 207.80it/s]
Predictor_2 Epoch 7/85:  35%|â–ˆâ–ˆâ–ˆâ–Œ      | 149/421 [00:00<00:01, 206.97it/s]
Predictor_2 Epoch 7/85:  41%|â–ˆâ–ˆâ–ˆâ–ˆ      | 171/421 [00:00<00:01, 209.11it/s]
Predictor_2 Epoch 7/85:  46%|â–ˆâ–ˆâ–ˆâ–ˆâ–Œ     | 193/421 [00:00<00:01, 208.99it/s]
Predictor_2 Epoch 7/85:  51%|â–ˆâ–ˆâ–ˆâ–ˆâ–ˆ     | 215/421 [00:01<00:00, 209.50it/s]
Predictor_2 Epoch 7/85:  56%|â–ˆâ–ˆâ–ˆâ–ˆâ–ˆâ–‹    | 237/421 [00:01<00:00, 210.00it/s]
Predictor_2 Epoch 7/85:  62%|â–ˆâ–ˆâ–ˆâ–ˆâ–ˆâ–ˆâ–   | 259/421 [00:01<00:00, 209.11it/s]
Predictor_2 Epoch 7/85:  67%|â–ˆâ–ˆâ–ˆâ–ˆâ–ˆâ–ˆâ–‹   | 281/421 [00:01<00:00, 210.54it/s]
Predictor_2 Epoch 7/85:  72%|â–ˆâ–ˆâ–ˆâ–ˆâ–ˆâ–ˆâ–ˆâ–  | 303/421 [00:01<00:00, 208.82it/s]
Predictor_2 Epoch 7/85:  77%|â–ˆâ–ˆâ–ˆâ–ˆâ–ˆâ–ˆâ–ˆâ–‹  | 325/421 [00:01<00:00, 210.72it/s]
Predictor_2 Epoch 7/85:  82%|â–ˆâ–ˆâ–ˆâ–ˆâ–ˆâ–ˆâ–ˆâ–ˆâ– | 347/421 [00:01<00:00, 208.05it/s]
Predictor_2 Epoch 7/85:  88%|â–ˆâ–ˆâ–ˆâ–ˆâ–ˆâ–ˆâ–ˆâ–ˆâ–Š | 370/421 [00:01<00:00, 213.57it/s]
Predictor_2 Epoch 7/85:  93%|â–ˆâ–ˆâ–ˆâ–ˆâ–ˆâ–ˆâ–ˆâ–ˆâ–ˆâ–Ž| 392/421 [00:01<00:00, 207.96it/s]
Predictor_2 Epoch 7/85:  98%|â–ˆâ–ˆâ–ˆâ–ˆâ–ˆâ–ˆâ–ˆâ–ˆâ–ˆâ–Š| 414/421 [00:02<00:00, 200.12it/s]
Predictor_2 Epoch 7/85:  98%|â–ˆâ–ˆâ–ˆâ–ˆâ–ˆâ–ˆâ–ˆâ–ˆâ–ˆâ–Š| 414/421 [00:02<00:00, 200.12it/s, acc=96.88%, loss=0.0788]
                                                                                                   

Predictor_2 Epoch 8/85:   0%|          | 0/421 [00:00<?, ?it/s]
Predictor_2 Epoch 8/85:   4%|â–         | 17/421 [00:00<00:02, 156.34it/s]
Predictor_2 Epoch 8/85:  10%|â–‰         | 41/421 [00:00<00:01, 190.26it/s]
Predictor_2 Epoch 8/85:  15%|â–ˆâ–Œ        | 65/421 [00:00<00:01, 200.16it/s]
Predictor_2 Epoch 8/85:  21%|â–ˆâ–ˆ        | 88/421 [00:00<00:01, 210.12it/s]
Predictor_2 Epoch 8/85:  26%|â–ˆâ–ˆâ–Œ       | 110/421 [00:00<00:01, 207.52it/s]
Predictor_2 Epoch 8/85:  31%|â–ˆâ–ˆâ–ˆâ–      | 132/421 [00:00<00:01, 210.84it/s]
Predictor_2 Epoch 8/85:  37%|â–ˆâ–ˆâ–ˆâ–‹      | 154/421 [00:00<00:01, 209.30it/s]
Predictor_2 Epoch 8/85:  42%|â–ˆâ–ˆâ–ˆâ–ˆâ–     | 175/421 [00:00<00:01, 209.40it/s]
Predictor_2 Epoch 8/85:  47%|â–ˆâ–ˆâ–ˆâ–ˆâ–‹     | 196/421 [00:00<00:01, 209.17it/s]
Predictor_2 Epoch 8/85:  52%|â–ˆâ–ˆâ–ˆâ–ˆâ–ˆâ–    | 217/421 [00:01<00:00, 209.24it/s]
Predictor_2 Epoch 8/85:  57%|â–ˆâ–ˆâ–ˆâ–ˆâ–ˆâ–‹    | 239/421 [00:01<00:00, 210.22it/s]
Predictor_2 Epoch 8/85:  62%|â–ˆâ–ˆâ–ˆâ–ˆâ–ˆâ–ˆâ–   | 261/421 [00:01<00:00, 210.07it/s]
Predictor_2 Epoch 8/85:  67%|â–ˆâ–ˆâ–ˆâ–ˆâ–ˆâ–ˆâ–‹   | 283/421 [00:01<00:00, 210.16it/s]
Predictor_2 Epoch 8/85:  72%|â–ˆâ–ˆâ–ˆâ–ˆâ–ˆâ–ˆâ–ˆâ–  | 305/421 [00:01<00:00, 209.11it/s]
Predictor_2 Epoch 8/85:  78%|â–ˆâ–ˆâ–ˆâ–ˆâ–ˆâ–ˆâ–ˆâ–Š  | 327/421 [00:01<00:00, 210.52it/s]
Predictor_2 Epoch 8/85:  83%|â–ˆâ–ˆâ–ˆâ–ˆâ–ˆâ–ˆâ–ˆâ–ˆâ–Ž | 349/421 [00:01<00:00, 208.23it/s]
Predictor_2 Epoch 8/85:  88%|â–ˆâ–ˆâ–ˆâ–ˆâ–ˆâ–ˆâ–ˆâ–ˆâ–Š | 371/421 [00:01<00:00, 211.08it/s]
Predictor_2 Epoch 8/85:  93%|â–ˆâ–ˆâ–ˆâ–ˆâ–ˆâ–ˆâ–ˆâ–ˆâ–ˆâ–Ž| 393/421 [00:01<00:00, 207.53it/s]
Predictor_2 Epoch 8/85:  98%|â–ˆâ–ˆâ–ˆâ–ˆâ–ˆâ–ˆâ–ˆâ–ˆâ–ˆâ–Š| 414/421 [00:02<00:00, 202.78it/s]
Predictor_2 Epoch 8/85:  98%|â–ˆâ–ˆâ–ˆâ–ˆâ–ˆâ–ˆâ–ˆâ–ˆâ–ˆâ–Š| 414/421 [00:02<00:00, 202.78it/s, acc=96.88%, loss=0.0969]
                                                                                                   

Predictor_2 Epoch 9/85:   0%|          | 0/421 [00:00<?, ?it/s]
Predictor_2 Epoch 9/85:   4%|â–         | 16/421 [00:00<00:02, 159.82it/s]
Predictor_2 Epoch 9/85:   9%|â–‰         | 37/421 [00:00<00:02, 182.76it/s]
Predictor_2 Epoch 9/85:  14%|â–ˆâ–        | 60/421 [00:00<00:01, 197.54it/s]
Predictor_2 Epoch 9/85:  19%|â–ˆâ–‰        | 81/421 [00:00<00:01, 198.53it/s]
Predictor_2 Epoch 9/85:  24%|â–ˆâ–ˆâ–       | 103/421 [00:00<00:01, 205.89it/s]
Predictor_2 Epoch 9/85:  29%|â–ˆâ–ˆâ–‰       | 124/421 [00:00<00:01, 204.36it/s]
Predictor_2 Epoch 9/85:  34%|â–ˆâ–ˆâ–ˆâ–      | 145/421 [00:00<00:01, 202.75it/s]
Predictor_2 Epoch 9/85:  40%|â–ˆâ–ˆâ–ˆâ–‰      | 168/421 [00:00<00:01, 207.04it/s]
Predictor_2 Epoch 9/85:  45%|â–ˆâ–ˆâ–ˆâ–ˆâ–     | 189/421 [00:00<00:01, 204.42it/s]
Predictor_2 Epoch 9/85:  50%|â–ˆâ–ˆâ–ˆâ–ˆâ–ˆ     | 211/421 [00:01<00:01, 209.03it/s]
Predictor_2 Epoch 9/85:  55%|â–ˆâ–ˆâ–ˆâ–ˆâ–ˆâ–Œ    | 232/421 [00:01<00:00, 209.17it/s]
Predictor_2 Epoch 9/85:  60%|â–ˆâ–ˆâ–ˆâ–ˆâ–ˆâ–ˆ    | 253/421 [00:01<00:00, 204.83it/s]
Predictor_2 Epoch 9/85:  66%|â–ˆâ–ˆâ–ˆâ–ˆâ–ˆâ–ˆâ–Œ   | 276/421 [00:01<00:00, 210.32it/s]
Predictor_2 Epoch 9/85:  71%|â–ˆâ–ˆâ–ˆâ–ˆâ–ˆâ–ˆâ–ˆ   | 298/421 [00:01<00:00, 206.99it/s]
Predictor_2 Epoch 9/85:  76%|â–ˆâ–ˆâ–ˆâ–ˆâ–ˆâ–ˆâ–ˆâ–Œ  | 320/421 [00:01<00:00, 208.83it/s]
Predictor_2 Epoch 9/85:  81%|â–ˆâ–ˆâ–ˆâ–ˆâ–ˆâ–ˆâ–ˆâ–ˆ  | 341/421 [00:01<00:00, 204.69it/s]
Predictor_2 Epoch 9/85:  86%|â–ˆâ–ˆâ–ˆâ–ˆâ–ˆâ–ˆâ–ˆâ–ˆâ–‹ | 364/421 [00:01<00:00, 210.79it/s]
Predictor_2 Epoch 9/85:  92%|â–ˆâ–ˆâ–ˆâ–ˆâ–ˆâ–ˆâ–ˆâ–ˆâ–ˆâ–| 386/421 [00:01<00:00, 206.69it/s]
Predictor_2 Epoch 9/85:  97%|â–ˆâ–ˆâ–ˆâ–ˆâ–ˆâ–ˆâ–ˆâ–ˆâ–ˆâ–‹| 408/421 [00:01<00:00, 210.02it/s]
Predictor_2 Epoch 9/85:  97%|â–ˆâ–ˆâ–ˆâ–ˆâ–ˆâ–ˆâ–ˆâ–ˆâ–ˆâ–‹| 408/421 [00:02<00:00, 210.02it/s, acc=93.75%, loss=0.1535]
                                                                                                   

Predictor_3 Epoch 1/85:   0%|          | 0/421 [00:00<?, ?it/s]
Predictor_3 Epoch 1/85:   4%|â–         | 17/421 [00:00<00:02, 156.70it/s]
Predictor_3 Epoch 1/85:   9%|â–‰         | 38/421 [00:00<00:02, 186.42it/s]
Predictor_3 Epoch 1/85:  14%|â–ˆâ–        | 60/421 [00:00<00:01, 200.73it/s]
Predictor_3 Epoch 1/85:  19%|â–ˆâ–‰        | 81/421 [00:00<00:01, 198.15it/s]
Predictor_3 Epoch 1/85:  24%|â–ˆâ–ˆâ–       | 102/421 [00:00<00:01, 201.97it/s]
Predictor_3 Epoch 1/85:  29%|â–ˆâ–ˆâ–‰       | 123/421 [00:00<00:01, 203.62it/s]
Predictor_3 Epoch 1/85:  34%|â–ˆâ–ˆâ–ˆâ–      | 145/421 [00:00<00:01, 203.96it/s]
Predictor_3 Epoch 1/85:  39%|â–ˆâ–ˆâ–ˆâ–‰      | 166/421 [00:00<00:01, 204.85it/s]
Predictor_3 Epoch 1/85:  44%|â–ˆâ–ˆâ–ˆâ–ˆâ–     | 187/421 [00:00<00:01, 204.39it/s]
Predictor_3 Epoch 1/85:  50%|â–ˆâ–ˆâ–ˆâ–ˆâ–‰     | 209/421 [00:01<00:01, 205.63it/s]
Predictor_3 Epoch 1/85:  55%|â–ˆâ–ˆâ–ˆâ–ˆâ–ˆâ–    | 230/421 [00:01<00:00, 205.99it/s]
Predictor_3 Epoch 1/85:  60%|â–ˆâ–ˆâ–ˆâ–ˆâ–ˆâ–‰    | 251/421 [00:01<00:00, 203.94it/s]
Predictor_3 Epoch 1/85:  65%|â–ˆâ–ˆâ–ˆâ–ˆâ–ˆâ–ˆâ–   | 273/421 [00:01<00:00, 206.76it/s]
Predictor_3 Epoch 1/85:  70%|â–ˆâ–ˆâ–ˆâ–ˆâ–ˆâ–ˆâ–‰   | 294/421 [00:01<00:00, 206.79it/s]
Predictor_3 Epoch 1/85:  75%|â–ˆâ–ˆâ–ˆâ–ˆâ–ˆâ–ˆâ–ˆâ–  | 315/421 [00:01<00:00, 202.82it/s]
Predictor_3 Epoch 1/85:  80%|â–ˆâ–ˆâ–ˆâ–ˆâ–ˆâ–ˆâ–ˆâ–‰  | 336/421 [00:01<00:00, 203.81it/s]
Predictor_3 Epoch 1/85:  85%|â–ˆâ–ˆâ–ˆâ–ˆâ–ˆâ–ˆâ–ˆâ–ˆâ–Œ | 359/421 [00:01<00:00, 203.79it/s]
Predictor_3 Epoch 1/85:  90%|â–ˆâ–ˆâ–ˆâ–ˆâ–ˆâ–ˆâ–ˆâ–ˆâ–ˆ | 381/421 [00:01<00:00, 207.35it/s]
Predictor_3 Epoch 1/85:  96%|â–ˆâ–ˆâ–ˆâ–ˆâ–ˆâ–ˆâ–ˆâ–ˆâ–ˆâ–Œ| 403/421 [00:01<00:00, 205.63it/s]
Predictor_3 Epoch 1/85:  96%|â–ˆâ–ˆâ–ˆâ–ˆâ–ˆâ–ˆâ–ˆâ–ˆâ–ˆâ–Œ| 403/421 [00:02<00:00, 205.63it/s, acc=98.44%, loss=0.0898]
                                                                                                   

Predictor_3 Epoch 2/85:   0%|          | 0/421 [00:00<?, ?it/s]
Predictor_3 Epoch 2/85:   3%|â–Ž         | 13/421 [00:00<00:03, 129.27it/s]
Predictor_3 Epoch 2/85:   9%|â–Š         | 36/421 [00:00<00:02, 188.07it/s]
Predictor_3 Epoch 2/85:  14%|â–ˆâ–Ž        | 57/421 [00:00<00:01, 191.00it/s]
Predictor_3 Epoch 2/85:  19%|â–ˆâ–‰        | 80/421 [00:00<00:01, 205.98it/s]
Predictor_3 Epoch 2/85:  24%|â–ˆâ–ˆâ–       | 101/421 [00:00<00:01, 201.61it/s]
Predictor_3 Epoch 2/85:  29%|â–ˆâ–ˆâ–‰       | 123/421 [00:00<00:01, 205.99it/s]
Predictor_3 Epoch 2/85:  34%|â–ˆâ–ˆâ–ˆâ–      | 145/421 [00:00<00:01, 206.05it/s]
Predictor_3 Epoch 2/85:  40%|â–ˆâ–ˆâ–ˆâ–‰      | 167/421 [00:00<00:01, 206.38it/s]
Predictor_3 Epoch 2/85:  45%|â–ˆâ–ˆâ–ˆâ–ˆâ–     | 189/421 [00:00<00:01, 209.35it/s]
Predictor_3 Epoch 2/85:  50%|â–ˆâ–ˆâ–ˆâ–ˆâ–ˆ     | 211/421 [00:01<00:01, 205.29it/s]
Predictor_3 Epoch 2/85:  55%|â–ˆâ–ˆâ–ˆâ–ˆâ–ˆâ–Œ    | 233/421 [00:01<00:00, 209.43it/s]
Predictor_3 Epoch 2/85:  61%|â–ˆâ–ˆâ–ˆâ–ˆâ–ˆâ–ˆ    | 255/421 [00:01<00:00, 204.21it/s]
Predictor_3 Epoch 2/85:  66%|â–ˆâ–ˆâ–ˆâ–ˆâ–ˆâ–ˆâ–Œ   | 277/421 [00:01<00:00, 208.31it/s]
Predictor_3 Epoch 2/85:  71%|â–ˆâ–ˆâ–ˆâ–ˆâ–ˆâ–ˆâ–ˆ   | 299/421 [00:01<00:00, 204.59it/s]
Predictor_3 Epoch 2/85:  76%|â–ˆâ–ˆâ–ˆâ–ˆâ–ˆâ–ˆâ–ˆâ–‹  | 322/421 [00:01<00:00, 210.87it/s]
Predictor_3 Epoch 2/85:  82%|â–ˆâ–ˆâ–ˆâ–ˆâ–ˆâ–ˆâ–ˆâ–ˆâ– | 344/421 [00:01<00:00, 205.98it/s]
Predictor_3 Epoch 2/85:  87%|â–ˆâ–ˆâ–ˆâ–ˆâ–ˆâ–ˆâ–ˆâ–ˆâ–‹ | 366/421 [00:01<00:00, 209.84it/s]
Predictor_3 Epoch 2/85:  92%|â–ˆâ–ˆâ–ˆâ–ˆâ–ˆâ–ˆâ–ˆâ–ˆâ–ˆâ–| 388/421 [00:01<00:00, 205.51it/s]
Predictor_3 Epoch 2/85:  97%|â–ˆâ–ˆâ–ˆâ–ˆâ–ˆâ–ˆâ–ˆâ–ˆâ–ˆâ–‹| 410/421 [00:01<00:00, 209.55it/s]
Predictor_3 Epoch 2/85:  97%|â–ˆâ–ˆâ–ˆâ–ˆâ–ˆâ–ˆâ–ˆâ–ˆâ–ˆâ–‹| 410/421 [00:02<00:00, 209.55it/s, acc=98.44%, loss=0.0715]
                                                                                                   

Predictor_3 Epoch 3/85:   0%|          | 0/421 [00:00<?, ?it/s]
Predictor_3 Epoch 3/85:   4%|â–         | 16/421 [00:00<00:02, 157.67it/s]
Predictor_3 Epoch 3/85:   9%|â–‰         | 37/421 [00:00<00:02, 181.62it/s]
Predictor_3 Epoch 3/85:  14%|â–ˆâ–        | 59/421 [00:00<00:01, 197.59it/s]
Predictor_3 Epoch 3/85:  19%|â–ˆâ–‰        | 81/421 [00:00<00:01, 198.04it/s]
Predictor_3 Epoch 3/85:  24%|â–ˆâ–ˆâ–       | 103/421 [00:00<00:01, 204.98it/s]
Predictor_3 Epoch 3/85:  30%|â–ˆâ–ˆâ–‰       | 125/421 [00:00<00:01, 202.77it/s]
Predictor_3 Epoch 3/85:  35%|â–ˆâ–ˆâ–ˆâ–Œ      | 148/421 [00:00<00:01, 210.88it/s]
Predictor_3 Epoch 3/85:  40%|â–ˆâ–ˆâ–ˆâ–ˆ      | 170/421 [00:00<00:01, 207.03it/s]
Predictor_3 Epoch 3/85:  46%|â–ˆâ–ˆâ–ˆâ–ˆâ–Œ     | 192/421 [00:00<00:01, 210.80it/s]
Predictor_3 Epoch 3/85:  51%|â–ˆâ–ˆâ–ˆâ–ˆâ–ˆ     | 214/421 [00:01<00:00, 207.58it/s]
Predictor_3 Epoch 3/85:  56%|â–ˆâ–ˆâ–ˆâ–ˆâ–ˆâ–Œ    | 236/421 [00:01<00:00, 210.86it/s]
Predictor_3 Epoch 3/85:  61%|â–ˆâ–ˆâ–ˆâ–ˆâ–ˆâ–ˆâ–   | 258/421 [00:01<00:00, 206.96it/s]
Predictor_3 Epoch 3/85:  67%|â–ˆâ–ˆâ–ˆâ–ˆâ–ˆâ–ˆâ–‹   | 281/421 [00:01<00:00, 206.61it/s]
Predictor_3 Epoch 3/85:  72%|â–ˆâ–ˆâ–ˆâ–ˆâ–ˆâ–ˆâ–ˆâ–  | 303/421 [00:01<00:00, 209.44it/s]
Predictor_3 Epoch 3/85:  77%|â–ˆâ–ˆâ–ˆâ–ˆâ–ˆâ–ˆâ–ˆâ–‹  | 325/421 [00:01<00:00, 207.64it/s]
Predictor_3 Epoch 3/85:  82%|â–ˆâ–ˆâ–ˆâ–ˆâ–ˆâ–ˆâ–ˆâ–ˆâ– | 347/421 [00:01<00:00, 209.57it/s]
Predictor_3 Epoch 3/85:  88%|â–ˆâ–ˆâ–ˆâ–ˆâ–ˆâ–ˆâ–ˆâ–ˆâ–Š | 369/421 [00:01<00:00, 207.91it/s]
Predictor_3 Epoch 3/85:  93%|â–ˆâ–ˆâ–ˆâ–ˆâ–ˆâ–ˆâ–ˆâ–ˆâ–ˆâ–Ž| 391/421 [00:01<00:00, 210.07it/s]
Predictor_3 Epoch 3/85:  98%|â–ˆâ–ˆâ–ˆâ–ˆâ–ˆâ–ˆâ–ˆâ–ˆâ–ˆâ–Š| 413/421 [00:02<00:00, 208.41it/s]
Predictor_3 Epoch 3/85:  98%|â–ˆâ–ˆâ–ˆâ–ˆâ–ˆâ–ˆâ–ˆâ–ˆâ–ˆâ–Š| 413/421 [00:02<00:00, 208.41it/s, acc=100.00%, loss=0.0213]
                                                                                                    

Predictor_3 Epoch 4/85:   0%|          | 0/421 [00:00<?, ?it/s]
Predictor_3 Epoch 4/85:   4%|â–         | 17/421 [00:00<00:02, 158.01it/s]
Predictor_3 Epoch 4/85:  10%|â–‰         | 40/421 [00:00<00:01, 198.25it/s]
Predictor_3 Epoch 4/85:  14%|â–ˆâ–        | 61/421 [00:00<00:01, 195.63it/s][codecarbon INFO @ 03:23:53] Energy consumed for RAM : 0.000929 kWh. RAM Power : 38.0 W

Predictor_3 Epoch 4/85:  20%|â–ˆâ–‰        | 83/421 [00:00<00:01, 204.74it/s]
Predictor_3 Epoch 4/85:  25%|â–ˆâ–ˆâ–       | 105/421 [00:00<00:01, 203.32it/s]
Predictor_3 Epoch 4/85:  30%|â–ˆâ–ˆâ–ˆ       | 127/421 [00:00<00:01, 206.45it/s]
Predictor_3 Epoch 4/85:  35%|â–ˆâ–ˆâ–ˆâ–Œ      | 149/421 [00:00<00:01, 207.09it/s][codecarbon INFO @ 03:23:53] Delta energy consumed for CPU with cpu_load : 0.000233 kWh, power : 57.909375 W
[codecarbon INFO @ 03:23:53] Energy consumed for All CPU : 0.001383 kWh
[codecarbon INFO @ 03:23:53] Energy consumed for all GPUs : 0.002239 kWh. Total GPU Power : 64.25339833443113 W
[codecarbon INFO @ 03:23:53] 0.004550 kWh of electricity used since the beginning.

Predictor_3 Epoch 4/85:  41%|â–ˆâ–ˆâ–ˆâ–ˆ      | 171/421 [00:00<00:01, 206.88it/s]
Predictor_3 Epoch 4/85:  46%|â–ˆâ–ˆâ–ˆâ–ˆâ–Œ     | 193/421 [00:00<00:01, 208.52it/s]
Predictor_3 Epoch 4/85:  51%|â–ˆâ–ˆâ–ˆâ–ˆâ–ˆ     | 215/421 [00:01<00:00, 206.04it/s]
Predictor_3 Epoch 4/85:  57%|â–ˆâ–ˆâ–ˆâ–ˆâ–ˆâ–‹    | 238/421 [00:01<00:00, 212.14it/s]
Predictor_3 Epoch 4/85:  62%|â–ˆâ–ˆâ–ˆâ–ˆâ–ˆâ–ˆâ–   | 260/421 [00:01<00:00, 206.86it/s]
Predictor_3 Epoch 4/85:  67%|â–ˆâ–ˆâ–ˆâ–ˆâ–ˆâ–ˆâ–‹   | 283/421 [00:01<00:00, 205.14it/s]
Predictor_3 Epoch 4/85:  73%|â–ˆâ–ˆâ–ˆâ–ˆâ–ˆâ–ˆâ–ˆâ–Ž  | 306/421 [00:01<00:00, 211.18it/s]
Predictor_3 Epoch 4/85:  78%|â–ˆâ–ˆâ–ˆâ–ˆâ–ˆâ–ˆâ–ˆâ–Š  | 328/421 [00:01<00:00, 206.11it/s]
Predictor_3 Epoch 4/85:  83%|â–ˆâ–ˆâ–ˆâ–ˆâ–ˆâ–ˆâ–ˆâ–ˆâ–Ž | 350/421 [00:01<00:00, 209.66it/s]
Predictor_3 Epoch 4/85:  88%|â–ˆâ–ˆâ–ˆâ–ˆâ–ˆâ–ˆâ–ˆâ–ˆâ–Š | 372/421 [00:01<00:00, 206.09it/s]
Predictor_3 Epoch 4/85:  94%|â–ˆâ–ˆâ–ˆâ–ˆâ–ˆâ–ˆâ–ˆâ–ˆâ–ˆâ–Ž| 394/421 [00:01<00:00, 209.74it/s]
Predictor_3 Epoch 4/85:  99%|â–ˆâ–ˆâ–ˆâ–ˆâ–ˆâ–ˆâ–ˆâ–ˆâ–ˆâ–‰| 416/421 [00:02<00:00, 203.22it/s]
Predictor_3 Epoch 4/85:  99%|â–ˆâ–ˆâ–ˆâ–ˆâ–ˆâ–ˆâ–ˆâ–ˆâ–ˆâ–‰| 416/421 [00:02<00:00, 203.22it/s, acc=100.00%, loss=0.0185]
                                                                                                    

Predictor_3 Epoch 5/85:   0%|          | 0/421 [00:00<?, ?it/s]
Predictor_3 Epoch 5/85:   4%|â–         | 17/421 [00:00<00:02, 151.24it/s]
Predictor_3 Epoch 5/85:  10%|â–‰         | 40/421 [00:00<00:01, 194.84it/s]
Predictor_3 Epoch 5/85:  14%|â–ˆâ–        | 61/421 [00:00<00:01, 192.64it/s]
Predictor_3 Epoch 5/85:  20%|â–ˆâ–‰        | 84/421 [00:00<00:01, 205.96it/s]
Predictor_3 Epoch 5/85:  25%|â–ˆâ–ˆâ–       | 105/421 [00:00<00:01, 200.35it/s]
Predictor_3 Epoch 5/85:  30%|â–ˆâ–ˆâ–ˆ       | 128/421 [00:00<00:01, 209.59it/s]
Predictor_3 Epoch 5/85:  36%|â–ˆâ–ˆâ–ˆâ–Œ      | 150/421 [00:00<00:01, 205.22it/s]
Predictor_3 Epoch 5/85:  41%|â–ˆâ–ˆâ–ˆâ–ˆ      | 172/421 [00:00<00:01, 209.17it/s]
Predictor_3 Epoch 5/85:  46%|â–ˆâ–ˆâ–ˆâ–ˆâ–Œ     | 193/421 [00:00<00:01, 203.79it/s]
Predictor_3 Epoch 5/85:  51%|â–ˆâ–ˆâ–ˆâ–ˆâ–ˆ     | 215/421 [00:01<00:00, 206.18it/s]
Predictor_3 Epoch 5/85:  56%|â–ˆâ–ˆâ–ˆâ–ˆâ–ˆâ–‹    | 237/421 [00:01<00:00, 205.92it/s]
Predictor_3 Epoch 5/85:  62%|â–ˆâ–ˆâ–ˆâ–ˆâ–ˆâ–ˆâ–   | 259/421 [00:01<00:00, 206.15it/s]
Predictor_3 Epoch 5/85:  67%|â–ˆâ–ˆâ–ˆâ–ˆâ–ˆâ–ˆâ–‹   | 281/421 [00:01<00:00, 206.12it/s]
Predictor_3 Epoch 5/85:  72%|â–ˆâ–ˆâ–ˆâ–ˆâ–ˆâ–ˆâ–ˆâ–  | 303/421 [00:01<00:00, 205.80it/s]
Predictor_3 Epoch 5/85:  77%|â–ˆâ–ˆâ–ˆâ–ˆâ–ˆâ–ˆâ–ˆâ–‹  | 325/421 [00:01<00:00, 207.14it/s]
Predictor_3 Epoch 5/85:  82%|â–ˆâ–ˆâ–ˆâ–ˆâ–ˆâ–ˆâ–ˆâ–ˆâ– | 346/421 [00:01<00:00, 207.67it/s]
Predictor_3 Epoch 5/85:  87%|â–ˆâ–ˆâ–ˆâ–ˆâ–ˆâ–ˆâ–ˆâ–ˆâ–‹ | 367/421 [00:01<00:00, 204.62it/s]
Predictor_3 Epoch 5/85:  92%|â–ˆâ–ˆâ–ˆâ–ˆâ–ˆâ–ˆâ–ˆâ–ˆâ–ˆâ–| 389/421 [00:01<00:00, 207.85it/s]
Predictor_3 Epoch 5/85:  98%|â–ˆâ–ˆâ–ˆâ–ˆâ–ˆâ–ˆâ–ˆâ–ˆâ–ˆâ–Š| 411/421 [00:02<00:00, 204.43it/s]
Predictor_3 Epoch 5/85:  98%|â–ˆâ–ˆâ–ˆâ–ˆâ–ˆâ–ˆâ–ˆâ–ˆâ–ˆâ–Š| 411/421 [00:02<00:00, 204.43it/s, acc=100.00%, loss=0.0108]
                                                                                                    

Predictor_3 Epoch 6/85:   0%|          | 0/421 [00:00<?, ?it/s]
Predictor_3 Epoch 6/85:   4%|â–         | 17/421 [00:00<00:02, 154.29it/s]
Predictor_3 Epoch 6/85:  10%|â–‰         | 40/421 [00:00<00:01, 196.56it/s]
Predictor_3 Epoch 6/85:  14%|â–ˆâ–        | 61/421 [00:00<00:01, 194.27it/s]
Predictor_3 Epoch 6/85:  20%|â–ˆâ–‰        | 84/421 [00:00<00:01, 206.89it/s]
Predictor_3 Epoch 6/85:  25%|â–ˆâ–ˆâ–       | 105/421 [00:00<00:01, 201.18it/s]
Predictor_3 Epoch 6/85:  30%|â–ˆâ–ˆâ–ˆ       | 128/421 [00:00<00:01, 209.72it/s]
Predictor_3 Epoch 6/85:  36%|â–ˆâ–ˆâ–ˆâ–Œ      | 150/421 [00:00<00:01, 205.16it/s]
Predictor_3 Epoch 6/85:  41%|â–ˆâ–ˆâ–ˆâ–ˆ      | 173/421 [00:00<00:01, 205.06it/s]
Predictor_3 Epoch 6/85:  46%|â–ˆâ–ˆâ–ˆâ–ˆâ–‹     | 195/421 [00:00<00:01, 209.00it/s]
Predictor_3 Epoch 6/85:  52%|â–ˆâ–ˆâ–ˆâ–ˆâ–ˆâ–    | 217/421 [00:01<00:00, 206.32it/s]
Predictor_3 Epoch 6/85:  57%|â–ˆâ–ˆâ–ˆâ–ˆâ–ˆâ–‹    | 238/421 [00:01<00:00, 207.16it/s]
Predictor_3 Epoch 6/85:  62%|â–ˆâ–ˆâ–ˆâ–ˆâ–ˆâ–ˆâ–   | 261/421 [00:01<00:00, 207.48it/s]
Predictor_3 Epoch 6/85:  67%|â–ˆâ–ˆâ–ˆâ–ˆâ–ˆâ–ˆâ–‹   | 282/421 [00:01<00:00, 207.06it/s]
Predictor_3 Epoch 6/85:  72%|â–ˆâ–ˆâ–ˆâ–ˆâ–ˆâ–ˆâ–ˆâ–  | 305/421 [00:01<00:00, 208.24it/s]
Predictor_3 Epoch 6/85:  77%|â–ˆâ–ˆâ–ˆâ–ˆâ–ˆâ–ˆâ–ˆâ–‹  | 326/421 [00:01<00:00, 206.92it/s]
Predictor_3 Epoch 6/85:  83%|â–ˆâ–ˆâ–ˆâ–ˆâ–ˆâ–ˆâ–ˆâ–ˆâ–Ž | 349/421 [00:01<00:00, 208.81it/s]
Predictor_3 Epoch 6/85:  88%|â–ˆâ–ˆâ–ˆâ–ˆâ–ˆâ–ˆâ–ˆâ–ˆâ–Š | 370/421 [00:01<00:00, 207.23it/s]
Predictor_3 Epoch 6/85:  93%|â–ˆâ–ˆâ–ˆâ–ˆâ–ˆâ–ˆâ–ˆâ–ˆâ–ˆâ–Ž| 393/421 [00:01<00:00, 209.30it/s]
Predictor_3 Epoch 6/85:  98%|â–ˆâ–ˆâ–ˆâ–ˆâ–ˆâ–ˆâ–ˆâ–ˆâ–ˆâ–Š| 414/421 [00:02<00:00, 202.00it/s]
Predictor_3 Epoch 6/85:  98%|â–ˆâ–ˆâ–ˆâ–ˆâ–ˆâ–ˆâ–ˆâ–ˆâ–ˆâ–Š| 414/421 [00:02<00:00, 202.00it/s, acc=100.00%, loss=0.0048]
                                                                                                    

Predictor_3 Epoch 7/85:   0%|          | 0/421 [00:00<?, ?it/s]
Predictor_3 Epoch 7/85:   4%|â–         | 17/421 [00:00<00:02, 157.62it/s]
Predictor_3 Epoch 7/85:  10%|â–‰         | 40/421 [00:00<00:01, 198.57it/s]
Predictor_3 Epoch 7/85:  14%|â–ˆâ–        | 61/421 [00:00<00:01, 196.72it/s]
Predictor_3 Epoch 7/85:  20%|â–ˆâ–‰        | 83/421 [00:00<00:01, 205.23it/s]
Predictor_3 Epoch 7/85:  25%|â–ˆâ–ˆâ–       | 105/421 [00:00<00:01, 204.05it/s]
Predictor_3 Epoch 7/85:  30%|â–ˆâ–ˆâ–‰       | 126/421 [00:00<00:01, 205.27it/s]
Predictor_3 Epoch 7/85:  35%|â–ˆâ–ˆâ–ˆâ–Œ      | 149/421 [00:00<00:01, 207.76it/s]
Predictor_3 Epoch 7/85:  40%|â–ˆâ–ˆâ–ˆâ–ˆ      | 170/421 [00:00<00:01, 206.28it/s]
Predictor_3 Epoch 7/85:  46%|â–ˆâ–ˆâ–ˆâ–ˆâ–Œ     | 192/421 [00:00<00:01, 210.30it/s]
Predictor_3 Epoch 7/85:  51%|â–ˆâ–ˆâ–ˆâ–ˆâ–ˆ     | 214/421 [00:01<00:01, 205.79it/s]
Predictor_3 Epoch 7/85:  56%|â–ˆâ–ˆâ–ˆâ–ˆâ–ˆâ–Œ    | 236/421 [00:01<00:00, 209.26it/s]
Predictor_3 Epoch 7/85:  61%|â–ˆâ–ˆâ–ˆâ–ˆâ–ˆâ–ˆâ–   | 258/421 [00:01<00:00, 206.26it/s]
Predictor_3 Epoch 7/85:  67%|â–ˆâ–ˆâ–ˆâ–ˆâ–ˆâ–ˆâ–‹   | 280/421 [00:01<00:00, 209.92it/s]
Predictor_3 Epoch 7/85:  72%|â–ˆâ–ˆâ–ˆâ–ˆâ–ˆâ–ˆâ–ˆâ–  | 302/421 [00:01<00:00, 206.20it/s]
Predictor_3 Epoch 7/85:  77%|â–ˆâ–ˆâ–ˆâ–ˆâ–ˆâ–ˆâ–ˆâ–‹  | 324/421 [00:01<00:00, 209.79it/s]
Predictor_3 Epoch 7/85:  82%|â–ˆâ–ˆâ–ˆâ–ˆâ–ˆâ–ˆâ–ˆâ–ˆâ– | 346/421 [00:01<00:00, 206.17it/s]
Predictor_3 Epoch 7/85:  87%|â–ˆâ–ˆâ–ˆâ–ˆâ–ˆâ–ˆâ–ˆâ–ˆâ–‹ | 368/421 [00:01<00:00, 209.14it/s]
Predictor_3 Epoch 7/85:  93%|â–ˆâ–ˆâ–ˆâ–ˆâ–ˆâ–ˆâ–ˆâ–ˆâ–ˆâ–Ž| 390/421 [00:01<00:00, 205.94it/s]
Predictor_3 Epoch 7/85:  98%|â–ˆâ–ˆâ–ˆâ–ˆâ–ˆâ–ˆâ–ˆâ–ˆâ–ˆâ–Š| 412/421 [00:01<00:00, 209.45it/s]
Predictor_3 Epoch 7/85:  98%|â–ˆâ–ˆâ–ˆâ–ˆâ–ˆâ–ˆâ–ˆâ–ˆâ–ˆâ–Š| 412/421 [00:02<00:00, 209.45it/s, acc=100.00%, loss=0.0060]
                                                                                                    

Evaluating CaFo (sum):   0%|          | 0/40 [00:00<?, ?it/s]
Evaluating CaFo (sum):   2%|â–Ž         | 1/40 [00:00<00:04,  8.67it/s]
Evaluating CaFo (sum):  32%|â–ˆâ–ˆâ–ˆâ–Ž      | 13/40 [00:00<00:00, 67.52it/s]
Evaluating CaFo (sum):  62%|â–ˆâ–ˆâ–ˆâ–ˆâ–ˆâ–ˆâ–Ž   | 25/40 [00:00<00:00, 86.17it/s]
Evaluating CaFo (sum):  92%|â–ˆâ–ˆâ–ˆâ–ˆâ–ˆâ–ˆâ–ˆâ–ˆâ–ˆâ–Ž| 37/40 [00:00<00:00, 95.32it/s]
                                                                      
[codecarbon INFO @ 03:24:02] Energy consumed for RAM : 0.001021 kWh. RAM Power : 38.0 W
[codecarbon INFO @ 03:24:03] Delta energy consumed for CPU with cpu_load : 0.000133 kWh, power : 54.57272727272728 W
[codecarbon INFO @ 03:24:03] Energy consumed for All CPU : 0.001516 kWh
[codecarbon INFO @ 03:24:03] Energy consumed for all GPUs : 0.002410 kWh. Total GPU Power : 66.51094575180086 W
[codecarbon INFO @ 03:24:03] 0.004947 kWh of electricity used since the beginning.
wandb: uploading output.log
wandb:                                                                                
wandb: 
wandb: Run history:
wandb:              CaFo_DFA/BlockTrain_Acc_Batch â–‚â–â–†â–…â–…â–…â–‡â–‡â–‡â–‡â–ˆâ–‡â–ˆâ–‡â–ˆ
wandb:           CaFo_DFA/BlockTrain_Acc_EpochAvg â–â–„â–„â–…â–†â–†â–‡â–‡â–‡â–ˆâ–ˆâ–ˆâ–ˆâ–ˆâ–ˆ
wandb:      CaFo_DFA/BlockTrain_GPU_Mem_MiB_Batch â–â–â–â–â–â–â–â–â–â–â–â–â–â–â–
wandb:             CaFo_DFA/BlockTrain_Loss_Batch â–‡â–ˆâ–ƒâ–„â–„â–ƒâ–‚â–‚â–‚â–‚â–â–‚â–â–â–‚
wandb:          CaFo_DFA/BlockTrain_Loss_EpochAvg â–ˆâ–…â–„â–„â–ƒâ–ƒâ–‚â–‚â–‚â–‚â–â–â–â–â–
wandb: CaFo_DFA/BlockTrain_Peak_GPU_Mem_Epoch_MiB â–â–â–â–â–â–â–â–â–â–â–â–â–â–â–
wandb:                 Predictor_1/Epochs_Trained â–
wandb:         Predictor_1/GPU_Mem_Used_MiB_Batch â–â–ˆâ–ˆâ–ˆâ–ˆâ–ˆâ–ˆâ–ˆâ–ˆâ–ˆâ–ˆâ–ˆâ–ˆ
wandb:         Predictor_1/Peak_GPU_Mem_Epoch_MiB â–â–ˆâ–ˆâ–ˆâ–ˆâ–ˆâ–ˆâ–ˆâ–ˆâ–ˆâ–ˆâ–ˆâ–ˆ
wandb:         Predictor_1/Peak_GPU_Mem_Layer_MiB â–
wandb:                Predictor_1/Train_Acc_Batch â–‚â–â–…â–‚â–„â–„â–…â–ˆâ–…â–‡â–…â–„â–‡
wandb:             Predictor_1/Train_Acc_EpochAvg â–â–„â–…â–†â–†â–‡â–‡â–‡â–‡â–‡â–ˆâ–ˆâ–ˆ
wandb:             Predictor_1/Train_Acc_LayerAvg â–
wandb:               Predictor_1/Train_Loss_Batch â–‡â–ˆâ–„â–†â–„â–…â–ƒâ–ƒâ–‚â–ƒâ–…â–…â–
wandb:            Predictor_1/Train_Loss_EpochAvg â–ˆâ–…â–„â–ƒâ–ƒâ–‚â–‚â–‚â–‚â–â–â–â–
wandb:            Predictor_1/Train_Loss_LayerAvg â–
wandb:                  Predictor_1/Val_Acc_Epoch â–â–‚â–†â–…â–†â–†â–†â–ˆâ–‡â–ˆâ–‡â–…â–ˆ
wandb:                 Predictor_1/Val_Loss_Epoch â–ˆâ–†â–‚â–„â–‚â–â–â–â–‚â–‚â–ƒâ–„â–
wandb:                 Predictor_2/Epochs_Trained â–
wandb:         Predictor_2/GPU_Mem_Used_MiB_Batch â–â–â–â–â–â–â–â–â–
wandb:         Predictor_2/Peak_GPU_Mem_Epoch_MiB â–â–â–â–â–â–â–â–â–
wandb:         Predictor_2/Peak_GPU_Mem_Layer_MiB â–
wandb:                Predictor_2/Train_Acc_Batch â–†â–‚â–‚â–â–‡â–‡â–ˆâ–ˆâ–…
wandb:             Predictor_2/Train_Acc_EpochAvg â–â–„â–…â–†â–‡â–‡â–‡â–ˆâ–ˆ
wandb:             Predictor_2/Train_Acc_LayerAvg â–
wandb:               Predictor_2/Train_Loss_Batch â–†â–†â–ˆâ–†â–‚â–‚â–â–‚â–ƒ
wandb:            Predictor_2/Train_Loss_EpochAvg â–ˆâ–…â–ƒâ–ƒâ–‚â–‚â–‚â–â–
wandb:            Predictor_2/Train_Loss_LayerAvg â–
wandb:                  Predictor_2/Val_Acc_Epoch â–â–â–ˆâ–†â–†â–‡â–ˆâ–ˆâ–‡
wandb:                 Predictor_2/Val_Loss_Epoch â–ˆâ–…â–â–‚â–ƒâ–â–â–â–ƒ
wandb:                 Predictor_3/Epochs_Trained â–
wandb:         Predictor_3/GPU_Mem_Used_MiB_Batch â–â–â–â–â–â–â–
wandb:         Predictor_3/Peak_GPU_Mem_Epoch_MiB â–â–â–â–â–â–â–
wandb:         Predictor_3/Peak_GPU_Mem_Layer_MiB â–
wandb:                Predictor_3/Train_Acc_Batch â–â–â–ˆâ–ˆâ–ˆâ–ˆâ–ˆ
wandb:             Predictor_3/Train_Acc_EpochAvg â–â–‡â–ˆâ–ˆâ–ˆâ–ˆâ–ˆ
wandb:             Predictor_3/Train_Acc_LayerAvg â–
wandb:               Predictor_3/Train_Loss_Batch â–ˆâ–†â–‚â–‚â–â–â–
wandb:            Predictor_3/Train_Loss_EpochAvg â–ˆâ–ƒâ–‚â–â–â–â–
wandb:            Predictor_3/Train_Loss_LayerAvg â–
wandb:                  Predictor_3/Val_Acc_Epoch â–â–ƒâ–ˆâ–†â–‡â–ˆâ–ˆ
wandb:                 Predictor_3/Val_Loss_Epoch â–â–â–ƒâ–„â–…â–†â–ˆ
wandb:                       estimated_fwd_gflops â–
wandb:                        final/Test_Accuracy â–
wandb:                            final/Test_Loss â–
wandb:           final/codecarbon_emissions_gCO2e â–
wandb:                 final/estimated_fwd_gflops â–
wandb:                final/peak_gpu_mem_used_mib â–
wandb:              final/total_gpu_energy_joules â–
wandb:                  final/total_gpu_energy_wh â–
wandb:               final/total_run_duration_sec â–
wandb:                final/training_duration_sec â–
wandb:                                global_step â–â–â–â–â–‚â–‚â–‚â–ƒâ–ƒâ–ƒâ–ƒâ–„â–„â–„â–„â–„â–…â–…â–…â–…â–†â–†â–†â–†â–†â–†â–†â–‡â–‡â–‡â–‡â–‡â–ˆâ–ˆâ–ˆâ–ˆâ–ˆâ–ˆâ–ˆâ–ˆ
wandb:                   initial_gpu_mem_used_mib â–
wandb:                     model_parameters_total â–
wandb:                 model_parameters_trainable â–
wandb: 
wandb: Run summary:
wandb:              CaFo_DFA/BlockTrain_Acc_Batch 99.21875
wandb:           CaFo_DFA/BlockTrain_Acc_EpochAvg 99.80886
wandb:      CaFo_DFA/BlockTrain_GPU_Mem_MiB_Batch 1066
wandb:             CaFo_DFA/BlockTrain_Loss_Batch 0.05279
wandb:          CaFo_DFA/BlockTrain_Loss_EpochAvg 0.0166
wandb: CaFo_DFA/BlockTrain_Peak_GPU_Mem_Epoch_MiB 1066
wandb:                 Predictor_1/Epochs_Trained 13
wandb:         Predictor_1/GPU_Mem_Used_MiB_Batch 1092
wandb:         Predictor_1/Peak_GPU_Mem_Epoch_MiB 1092
wandb:         Predictor_1/Peak_GPU_Mem_Layer_MiB 1092
wandb:                Predictor_1/Train_Acc_Batch 96.09375
wandb:             Predictor_1/Train_Acc_EpochAvg 93.20628
wandb:             Predictor_1/Train_Acc_LayerAvg 93.20628
wandb:               Predictor_1/Train_Loss_Batch 0.09953
wandb:            Predictor_1/Train_Loss_EpochAvg 0.18798
wandb:            Predictor_1/Train_Loss_LayerAvg 0.18798
wandb:                  Predictor_1/Val_Acc_Epoch 90.68333
wandb:                 Predictor_1/Val_Loss_Epoch 0.28948
wandb:                 Predictor_2/Epochs_Trained 9
wandb:         Predictor_2/GPU_Mem_Used_MiB_Batch 1092
wandb:         Predictor_2/Peak_GPU_Mem_Epoch_MiB 1092
wandb:         Predictor_2/Peak_GPU_Mem_Layer_MiB 1092
wandb:                Predictor_2/Train_Acc_Batch 93.75
wandb:             Predictor_2/Train_Acc_EpochAvg 94.99332
wandb:             Predictor_2/Train_Acc_LayerAvg 94.99332
wandb:               Predictor_2/Train_Loss_Batch 0.15348
wandb:            Predictor_2/Train_Loss_EpochAvg 0.14088
wandb:            Predictor_2/Train_Loss_LayerAvg 0.14088
wandb:                  Predictor_2/Val_Acc_Epoch 90.68333
wandb:                 Predictor_2/Val_Loss_Epoch 0.27058
wandb:                 Predictor_3/Epochs_Trained 7
wandb:         Predictor_3/GPU_Mem_Used_MiB_Batch 1092
wandb:         Predictor_3/Peak_GPU_Mem_Epoch_MiB 1092
wandb:         Predictor_3/Peak_GPU_Mem_Layer_MiB 1092
wandb:                Predictor_3/Train_Acc_Batch 100
wandb:             Predictor_3/Train_Acc_EpochAvg 100
wandb:             Predictor_3/Train_Acc_LayerAvg 100
wandb:               Predictor_3/Train_Loss_Batch 0.00605
wandb:            Predictor_3/Train_Loss_EpochAvg 0.0065
wandb:            Predictor_3/Train_Loss_LayerAvg 0.0065
wandb:                  Predictor_3/Val_Acc_Epoch 91.63333
wandb:                 Predictor_3/Val_Loss_Epoch 0.31007
wandb:                     codecarbon_country_iso POL
wandb:                         codecarbon_enabled True
wandb:                            codecarbon_mode offline
wandb:                 estimated_bp_update_gflops nan
wandb:                       estimated_fwd_gflops 0.07271
wandb:                        final/Test_Accuracy 91.6
wandb:                            final/Test_Loss 0.60381
wandb:           final/codecarbon_emissions_gCO2e 3.27476
wandb:           final/estimated_bp_update_gflops nan
wandb:                 final/estimated_fwd_gflops 0.07271
wandb:                final/peak_gpu_mem_used_mib 1092
wandb:              final/total_gpu_energy_joules 8555.49236
wandb:                  final/total_gpu_energy_wh 2.37653
wandb:               final/total_run_duration_sec 101.29416
wandb:                final/training_duration_sec 97.77654
wandb:                   initial_gpu_mem_used_mib 336.625
wandb:                     model_parameters_total 628320
wandb:                 model_parameters_trainable 628320
wandb: 
wandb: ðŸš€ View run cafodfa_fashion_mnist_cnn_3block at: https://wandb.ai/przspyra11/BeyondBackpropagation/runs/bv1if62b
wandb: â­ï¸ View project at: https://wandb.ai/przspyra11/BeyondBackpropagation
wandb: Synced 5 W&B file(s), 0 media file(s), 0 artifact file(s) and 0 other file(s)
wandb: Find logs at: ./wandb/run-20250508_032222-bv1if62b/logs
