 binutils/2.38 loaded.
 bzip2/1.0.8 loaded.
 zlib/1.2.12 loaded.
 ncurses/6.3 loaded.
 libreadline/8.1.2 loaded.
 Tcl/8.6.12 loaded.
 SQLite/3.38.3 loaded.
 XZ/5.2.5 loaded.
 GMP/6.2.1 loaded.
 libffi/3.4.2 loaded.
 OpenSSL/1.1 loaded.
 Python/3.10.4 loaded.
 CUDA/12.4.0 loaded.

Currently Loaded Modules:
  1) binutils/2.38   5) libreadline/8.1.2   9) GMP/6.2.1      13) CUDA/12.4.0
  2) bzip2/1.0.8     6) Tcl/8.6.12         10) libffi/3.4.2
  3) zlib/1.2.12     7) SQLite/3.38.3      11) OpenSSL/1.1
  4) ncurses/6.3     8) XZ/5.2.5           12) Python/3.10.4

 

2025-05-05 19:52:04,873 - src.utils.config_parser - INFO - Successfully merged configuration from configs/cafo/mnist_cnn_3block.yaml and configs/base.yaml
wandb: Using wandb-core as the SDK backend.  Please refer to https://wandb.me/wandb-core for more information.
wandb: Currently logged in as: przspyra11 (agh_racing) to https://api.wandb.ai. Use `wandb login --relogin` to force relogin
wandb: Tracking run with wandb version 0.19.8
wandb: Run data is saved locally in /net/tscratch/people/plgspyra/BeyondBackpropagation/wandb/run-20250505_195205-fs5jv1y6
wandb: Run `wandb offline` to turn off syncing.
wandb: Syncing run cafo_mnist_cnn_3block
wandb: â­ï¸ View project at https://wandb.ai/przspyra11/BeyondBackpropagation
wandb: ðŸš€ View run at https://wandb.ai/przspyra11/BeyondBackpropagation/runs/fs5jv1y6
[codecarbon INFO @ 19:52:06] offline tracker init
[codecarbon INFO @ 19:52:06] [setup] RAM Tracking...
[codecarbon INFO @ 19:52:06] [setup] CPU Tracking...
 Linux OS detected: Please ensure RAPL files exist at /sys/class/powercap/intel-rapl/subsystem to measure CPU
 
[codecarbon INFO @ 19:52:06] CPU Model on constant consumption mode: AMD EPYC 7742 64-Core Processor
[codecarbon INFO @ 19:52:06] [setup] GPU Tracking...
[codecarbon INFO @ 19:52:06] Tracking Nvidia GPU via pynvml
[codecarbon INFO @ 19:52:06] The below tracking methods have been set up:
                RAM Tracking Method: RAM power estimation model
                CPU Tracking Method: cpu_load
                GPU Tracking Method: pynvml
            
[codecarbon INFO @ 19:52:06] >>> Tracker's metadata:
[codecarbon INFO @ 19:52:06]   Platform system: Linux-5.14.0-503.26.1.el9_5.x86_64-x86_64-with-glibc2.34
[codecarbon INFO @ 19:52:06]   Python version: 3.10.4
[codecarbon INFO @ 19:52:06]   CodeCarbon version: 3.0.1
[codecarbon INFO @ 19:52:06]   Available RAM : 125.000 GB
[codecarbon INFO @ 19:52:06]   CPU count: 16 thread(s) in 2 physical CPU(s)
[codecarbon INFO @ 19:52:06]   CPU model: AMD EPYC 7742 64-Core Processor
[codecarbon INFO @ 19:52:06]   GPU count: 1
[codecarbon INFO @ 19:52:06]   GPU model: 1 x NVIDIA A100-SXM4-40GB BUT only tracking these GPU ids : [0]
[codecarbon INFO @ 19:52:06] Emissions data (if any) will be saved to file /net/tscratch/people/plgspyra/BeyondBackpropagation/results/carbon/cafo_mnist_cnn_3block_carbon.csv

Predictor_1 Epoch 1/10:   0%|          | 0/390 [00:00<?, ?it/s]
Predictor_1 Epoch 1/10:   0%|          | 1/390 [00:00<00:59,  6.53it/s]
Predictor_1 Epoch 1/10:   7%|â–‹         | 26/390 [00:00<00:02, 123.84it/s]
Predictor_1 Epoch 1/10:  12%|â–ˆâ–        | 47/390 [00:00<00:02, 157.94it/s]
Predictor_1 Epoch 1/10:  17%|â–ˆâ–‹        | 68/390 [00:00<00:01, 173.54it/s]
Predictor_1 Epoch 1/10:  23%|â–ˆâ–ˆâ–Ž       | 89/390 [00:00<00:01, 185.41it/s]
Predictor_1 Epoch 1/10:  28%|â–ˆâ–ˆâ–Š       | 110/390 [00:00<00:01, 193.27it/s]
Predictor_1 Epoch 1/10:  34%|â–ˆâ–ˆâ–ˆâ–Ž      | 131/390 [00:00<00:01, 198.28it/s]
Predictor_1 Epoch 1/10:  39%|â–ˆâ–ˆâ–ˆâ–‰      | 152/390 [00:00<00:01, 192.11it/s]
Predictor_1 Epoch 1/10:  45%|â–ˆâ–ˆâ–ˆâ–ˆâ–Œ     | 176/390 [00:00<00:01, 197.47it/s]
Predictor_1 Epoch 1/10:  51%|â–ˆâ–ˆâ–ˆâ–ˆâ–ˆ     | 199/390 [00:01<00:00, 206.17it/s]
Predictor_1 Epoch 1/10:  51%|â–ˆâ–ˆâ–ˆâ–ˆâ–ˆ     | 199/390 [00:01<00:00, 206.17it/s, acc=96.88%, loss=0.1525]
Predictor_1 Epoch 1/10:  56%|â–ˆâ–ˆâ–ˆâ–ˆâ–ˆâ–‹    | 220/390 [00:01<00:00, 199.89it/s, acc=96.88%, loss=0.1525]
Predictor_1 Epoch 1/10:  62%|â–ˆâ–ˆâ–ˆâ–ˆâ–ˆâ–ˆâ–   | 243/390 [00:01<00:00, 208.23it/s, acc=96.88%, loss=0.1525]
Predictor_1 Epoch 1/10:  68%|â–ˆâ–ˆâ–ˆâ–ˆâ–ˆâ–ˆâ–Š   | 264/390 [00:01<00:00, 200.63it/s, acc=96.88%, loss=0.1525]
Predictor_1 Epoch 1/10:  73%|â–ˆâ–ˆâ–ˆâ–ˆâ–ˆâ–ˆâ–ˆâ–Ž  | 286/390 [00:01<00:00, 205.97it/s, acc=96.88%, loss=0.1525]
Predictor_1 Epoch 1/10:  79%|â–ˆâ–ˆâ–ˆâ–ˆâ–ˆâ–ˆâ–ˆâ–Š  | 307/390 [00:01<00:00, 206.64it/s, acc=96.88%, loss=0.1525]
Predictor_1 Epoch 1/10:  84%|â–ˆâ–ˆâ–ˆâ–ˆâ–ˆâ–ˆâ–ˆâ–ˆâ– | 328/390 [00:01<00:00, 199.42it/s, acc=96.88%, loss=0.1525]
Predictor_1 Epoch 1/10:  90%|â–ˆâ–ˆâ–ˆâ–ˆâ–ˆâ–ˆâ–ˆâ–ˆâ–‰ | 350/390 [00:01<00:00, 205.12it/s, acc=96.88%, loss=0.1525]
Predictor_1 Epoch 1/10:  95%|â–ˆâ–ˆâ–ˆâ–ˆâ–ˆâ–ˆâ–ˆâ–ˆâ–ˆâ–Œ| 372/390 [00:01<00:00, 201.26it/s, acc=96.88%, loss=0.1525]
Predictor_1 Epoch 1/10:  95%|â–ˆâ–ˆâ–ˆâ–ˆâ–ˆâ–ˆâ–ˆâ–ˆâ–ˆâ–Œ| 372/390 [00:02<00:00, 201.26it/s, acc=97.66%, loss=0.0747]
                                                                                                   

Predictor_1 Epoch 2/10:   0%|          | 0/390 [00:00<?, ?it/s]
Predictor_1 Epoch 2/10:   4%|â–         | 17/390 [00:00<00:02, 150.31it/s]
Predictor_1 Epoch 2/10:  10%|â–ˆ         | 40/390 [00:00<00:01, 193.55it/s]
Predictor_1 Epoch 2/10:  16%|â–ˆâ–Œ        | 61/390 [00:00<00:01, 191.11it/s]
Predictor_1 Epoch 2/10:  21%|â–ˆâ–ˆâ–       | 83/390 [00:00<00:01, 201.82it/s]
Predictor_1 Epoch 2/10:  27%|â–ˆâ–ˆâ–‹       | 105/390 [00:00<00:01, 198.48it/s]
Predictor_1 Epoch 2/10:  33%|â–ˆâ–ˆâ–ˆâ–Ž      | 127/390 [00:00<00:01, 205.07it/s]
Predictor_1 Epoch 2/10:  38%|â–ˆâ–ˆâ–ˆâ–Š      | 149/390 [00:00<00:01, 201.23it/s]
Predictor_1 Epoch 2/10:  44%|â–ˆâ–ˆâ–ˆâ–ˆâ–     | 171/390 [00:00<00:01, 206.80it/s]
Predictor_1 Epoch 2/10:  49%|â–ˆâ–ˆâ–ˆâ–ˆâ–‰     | 193/390 [00:00<00:00, 202.14it/s]
Predictor_1 Epoch 2/10:  49%|â–ˆâ–ˆâ–ˆâ–ˆâ–‰     | 193/390 [00:00<00:00, 202.14it/s, acc=98.44%, loss=0.0656]
Predictor_1 Epoch 2/10:  55%|â–ˆâ–ˆâ–ˆâ–ˆâ–ˆâ–Œ    | 215/390 [00:01<00:00, 206.91it/s, acc=98.44%, loss=0.0656]
Predictor_1 Epoch 2/10:  61%|â–ˆâ–ˆâ–ˆâ–ˆâ–ˆâ–ˆ    | 237/390 [00:01<00:00, 202.77it/s, acc=98.44%, loss=0.0656]
Predictor_1 Epoch 2/10:  67%|â–ˆâ–ˆâ–ˆâ–ˆâ–ˆâ–ˆâ–‹   | 260/390 [00:01<00:00, 210.08it/s, acc=98.44%, loss=0.0656]
Predictor_1 Epoch 2/10:  72%|â–ˆâ–ˆâ–ˆâ–ˆâ–ˆâ–ˆâ–ˆâ–  | 282/390 [00:01<00:00, 205.60it/s, acc=98.44%, loss=0.0656]
Predictor_1 Epoch 2/10:  78%|â–ˆâ–ˆâ–ˆâ–ˆâ–ˆâ–ˆâ–ˆâ–Š  | 304/390 [00:01<00:00, 209.51it/s, acc=98.44%, loss=0.0656]
Predictor_1 Epoch 2/10:  84%|â–ˆâ–ˆâ–ˆâ–ˆâ–ˆâ–ˆâ–ˆâ–ˆâ–Ž | 326/390 [00:01<00:00, 204.01it/s, acc=98.44%, loss=0.0656]
Predictor_1 Epoch 2/10:  89%|â–ˆâ–ˆâ–ˆâ–ˆâ–ˆâ–ˆâ–ˆâ–ˆâ–‰ | 349/390 [00:01<00:00, 204.11it/s, acc=98.44%, loss=0.0656]
Predictor_1 Epoch 2/10:  95%|â–ˆâ–ˆâ–ˆâ–ˆâ–ˆâ–ˆâ–ˆâ–ˆâ–ˆâ–Œ| 371/390 [00:01<00:00, 207.82it/s, acc=98.44%, loss=0.0656]
Predictor_1 Epoch 2/10:  95%|â–ˆâ–ˆâ–ˆâ–ˆâ–ˆâ–ˆâ–ˆâ–ˆâ–ˆâ–Œ| 371/390 [00:01<00:00, 207.82it/s, acc=93.75%, loss=0.1834]
                                                                                                   

Predictor_1 Epoch 3/10:   0%|          | 0/390 [00:00<?, ?it/s]
Predictor_1 Epoch 3/10:   4%|â–         | 17/390 [00:00<00:02, 154.90it/s]
Predictor_1 Epoch 3/10:  10%|â–ˆ         | 40/390 [00:00<00:01, 197.31it/s]
Predictor_1 Epoch 3/10:  16%|â–ˆâ–Œ        | 61/390 [00:00<00:01, 192.60it/s]
Predictor_1 Epoch 3/10:  21%|â–ˆâ–ˆâ–       | 83/390 [00:00<00:01, 202.52it/s]
Predictor_1 Epoch 3/10:  27%|â–ˆâ–ˆâ–‹       | 105/390 [00:00<00:01, 199.45it/s]
Predictor_1 Epoch 3/10:  33%|â–ˆâ–ˆâ–ˆâ–Ž      | 127/390 [00:00<00:01, 205.24it/s]
Predictor_1 Epoch 3/10:  38%|â–ˆâ–ˆâ–ˆâ–Š      | 149/390 [00:00<00:01, 202.95it/s]
Predictor_1 Epoch 3/10:  44%|â–ˆâ–ˆâ–ˆâ–ˆâ–     | 171/390 [00:00<00:01, 205.93it/s]
Predictor_1 Epoch 3/10:  49%|â–ˆâ–ˆâ–ˆâ–ˆâ–‰     | 193/390 [00:00<00:00, 204.75it/s]
Predictor_1 Epoch 3/10:  49%|â–ˆâ–ˆâ–ˆâ–ˆâ–‰     | 193/390 [00:00<00:00, 204.75it/s, acc=95.31%, loss=0.1426]
Predictor_1 Epoch 3/10:  55%|â–ˆâ–ˆâ–ˆâ–ˆâ–ˆâ–Œ    | 215/390 [00:01<00:00, 205.35it/s, acc=95.31%, loss=0.1426]
Predictor_1 Epoch 3/10:  61%|â–ˆâ–ˆâ–ˆâ–ˆâ–ˆâ–ˆ    | 237/390 [00:01<00:00, 205.74it/s, acc=95.31%, loss=0.1426]
Predictor_1 Epoch 3/10:  66%|â–ˆâ–ˆâ–ˆâ–ˆâ–ˆâ–ˆâ–‹   | 259/390 [00:01<00:00, 204.12it/s, acc=95.31%, loss=0.1426]
Predictor_1 Epoch 3/10:  72%|â–ˆâ–ˆâ–ˆâ–ˆâ–ˆâ–ˆâ–ˆâ–  | 281/390 [00:01<00:00, 206.85it/s, acc=95.31%, loss=0.1426]
Predictor_1 Epoch 3/10:  78%|â–ˆâ–ˆâ–ˆâ–ˆâ–ˆâ–ˆâ–ˆâ–Š  | 303/390 [00:01<00:00, 203.20it/s, acc=95.31%, loss=0.1426]
Predictor_1 Epoch 3/10:  84%|â–ˆâ–ˆâ–ˆâ–ˆâ–ˆâ–ˆâ–ˆâ–ˆâ–Ž | 326/390 [00:01<00:00, 210.25it/s, acc=95.31%, loss=0.1426]
Predictor_1 Epoch 3/10:  89%|â–ˆâ–ˆâ–ˆâ–ˆâ–ˆâ–ˆâ–ˆâ–ˆâ–‰ | 348/390 [00:01<00:00, 204.10it/s, acc=95.31%, loss=0.1426]
Predictor_1 Epoch 3/10:  95%|â–ˆâ–ˆâ–ˆâ–ˆâ–ˆâ–ˆâ–ˆâ–ˆâ–ˆâ–Œ| 371/390 [00:01<00:00, 202.08it/s, acc=95.31%, loss=0.1426]
Predictor_1 Epoch 3/10:  95%|â–ˆâ–ˆâ–ˆâ–ˆâ–ˆâ–ˆâ–ˆâ–ˆâ–ˆâ–Œ| 371/390 [00:01<00:00, 202.08it/s, acc=96.09%, loss=0.1756]
                                                                                                   

Predictor_1 Epoch 4/10:   0%|          | 0/390 [00:00<?, ?it/s]
Predictor_1 Epoch 4/10:   4%|â–         | 15/390 [00:00<00:02, 149.54it/s]
Predictor_1 Epoch 4/10:   9%|â–‰         | 36/390 [00:00<00:01, 184.97it/s]
Predictor_1 Epoch 4/10:  15%|â–ˆâ–        | 57/390 [00:00<00:01, 192.21it/s]
Predictor_1 Epoch 4/10:  20%|â–ˆâ–ˆ        | 79/390 [00:00<00:01, 198.92it/s]
Predictor_1 Epoch 4/10:  26%|â–ˆâ–ˆâ–Œ       | 101/390 [00:00<00:01, 200.37it/s]
Predictor_1 Epoch 4/10:  32%|â–ˆâ–ˆâ–ˆâ–      | 123/390 [00:00<00:01, 203.52it/s]
Predictor_1 Epoch 4/10:  37%|â–ˆâ–ˆâ–ˆâ–‹      | 145/390 [00:00<00:01, 203.86it/s]
Predictor_1 Epoch 4/10:  43%|â–ˆâ–ˆâ–ˆâ–ˆâ–Ž     | 167/390 [00:00<00:01, 205.55it/s]
Predictor_1 Epoch 4/10:  48%|â–ˆâ–ˆâ–ˆâ–ˆâ–Š     | 189/390 [00:00<00:00, 204.92it/s]
Predictor_1 Epoch 4/10:  48%|â–ˆâ–ˆâ–ˆâ–ˆâ–Š     | 189/390 [00:00<00:00, 204.92it/s, acc=97.66%, loss=0.0948]
Predictor_1 Epoch 4/10:  54%|â–ˆâ–ˆâ–ˆâ–ˆâ–ˆâ–    | 211/390 [00:01<00:00, 206.01it/s, acc=97.66%, loss=0.0948]
Predictor_1 Epoch 4/10:  59%|â–ˆâ–ˆâ–ˆâ–ˆâ–ˆâ–‰    | 232/390 [00:01<00:00, 206.67it/s, acc=97.66%, loss=0.0948]
Predictor_1 Epoch 4/10:  65%|â–ˆâ–ˆâ–ˆâ–ˆâ–ˆâ–ˆâ–   | 253/390 [00:01<00:00, 205.21it/s, acc=97.66%, loss=0.0948]
Predictor_1 Epoch 4/10:  71%|â–ˆâ–ˆâ–ˆâ–ˆâ–ˆâ–ˆâ–ˆ   | 275/390 [00:01<00:00, 206.43it/s, acc=97.66%, loss=0.0948]
Predictor_1 Epoch 4/10:  76%|â–ˆâ–ˆâ–ˆâ–ˆâ–ˆâ–ˆâ–ˆâ–Œ  | 296/390 [00:01<00:00, 205.95it/s, acc=97.66%, loss=0.0948]
Predictor_1 Epoch 4/10:  81%|â–ˆâ–ˆâ–ˆâ–ˆâ–ˆâ–ˆâ–ˆâ–ˆâ– | 317/390 [00:01<00:00, 205.32it/s, acc=97.66%, loss=0.0948]
Predictor_1 Epoch 4/10:  87%|â–ˆâ–ˆâ–ˆâ–ˆâ–ˆâ–ˆâ–ˆâ–ˆâ–‹ | 339/390 [00:01<00:00, 205.38it/s, acc=97.66%, loss=0.0948]
Predictor_1 Epoch 4/10:  92%|â–ˆâ–ˆâ–ˆâ–ˆâ–ˆâ–ˆâ–ˆâ–ˆâ–ˆâ–| 360/390 [00:01<00:00, 206.05it/s, acc=97.66%, loss=0.0948]
Predictor_1 Epoch 4/10:  98%|â–ˆâ–ˆâ–ˆâ–ˆâ–ˆâ–ˆâ–ˆâ–ˆâ–ˆâ–Š| 381/390 [00:01<00:00, 205.92it/s, acc=97.66%, loss=0.0948]
Predictor_1 Epoch 4/10:  98%|â–ˆâ–ˆâ–ˆâ–ˆâ–ˆâ–ˆâ–ˆâ–ˆâ–ˆâ–Š| 381/390 [00:01<00:00, 205.92it/s, acc=95.31%, loss=0.1988]
                                                                                                   

Predictor_1 Epoch 5/10:   0%|          | 0/390 [00:00<?, ?it/s]
Predictor_1 Epoch 5/10:   4%|â–         | 17/390 [00:00<00:02, 150.32it/s]
Predictor_1 Epoch 5/10:  10%|â–ˆ         | 40/390 [00:00<00:01, 193.80it/s]
Predictor_1 Epoch 5/10:  16%|â–ˆâ–Œ        | 61/390 [00:00<00:01, 189.97it/s]
Predictor_1 Epoch 5/10:  22%|â–ˆâ–ˆâ–       | 84/390 [00:00<00:01, 204.38it/s]
Predictor_1 Epoch 5/10:  27%|â–ˆâ–ˆâ–‹       | 105/390 [00:00<00:01, 197.41it/s]
Predictor_1 Epoch 5/10:  33%|â–ˆâ–ˆâ–ˆâ–Ž      | 127/390 [00:00<00:01, 204.64it/s]
Predictor_1 Epoch 5/10:  38%|â–ˆâ–ˆâ–ˆâ–Š      | 149/390 [00:00<00:01, 200.43it/s]
Predictor_1 Epoch 5/10:  44%|â–ˆâ–ˆâ–ˆâ–ˆâ–     | 172/390 [00:00<00:01, 208.68it/s]
Predictor_1 Epoch 5/10:  49%|â–ˆâ–ˆâ–ˆâ–ˆâ–‰     | 193/390 [00:00<00:00, 201.37it/s]
Predictor_1 Epoch 5/10:  49%|â–ˆâ–ˆâ–ˆâ–ˆâ–‰     | 193/390 [00:00<00:00, 201.37it/s, acc=93.75%, loss=0.2277]
Predictor_1 Epoch 5/10:  55%|â–ˆâ–ˆâ–ˆâ–ˆâ–ˆâ–Œ    | 216/390 [00:01<00:00, 209.09it/s, acc=93.75%, loss=0.2277]
Predictor_1 Epoch 5/10:  61%|â–ˆâ–ˆâ–ˆâ–ˆâ–ˆâ–ˆ    | 238/390 [00:01<00:00, 203.48it/s, acc=93.75%, loss=0.2277]
Predictor_1 Epoch 5/10:  67%|â–ˆâ–ˆâ–ˆâ–ˆâ–ˆâ–ˆâ–‹   | 261/390 [00:01<00:00, 202.31it/s, acc=93.75%, loss=0.2277]
Predictor_1 Epoch 5/10:  73%|â–ˆâ–ˆâ–ˆâ–ˆâ–ˆâ–ˆâ–ˆâ–Ž  | 283/390 [00:01<00:00, 206.97it/s, acc=93.75%, loss=0.2277]
Predictor_1 Epoch 5/10:  78%|â–ˆâ–ˆâ–ˆâ–ˆâ–ˆâ–ˆâ–ˆâ–Š  | 305/390 [00:01<00:00, 202.99it/s, acc=93.75%, loss=0.2277]
Predictor_1 Epoch 5/10:  84%|â–ˆâ–ˆâ–ˆâ–ˆâ–ˆâ–ˆâ–ˆâ–ˆâ– | 327/390 [00:01<00:00, 206.87it/s, acc=93.75%, loss=0.2277]
Predictor_1 Epoch 5/10:  89%|â–ˆâ–ˆâ–ˆâ–ˆâ–ˆâ–ˆâ–ˆâ–ˆâ–‰ | 349/390 [00:01<00:00, 203.66it/s, acc=93.75%, loss=0.2277]
Predictor_1 Epoch 5/10:  95%|â–ˆâ–ˆâ–ˆâ–ˆâ–ˆâ–ˆâ–ˆâ–ˆâ–ˆâ–Œ| 371/390 [00:01<00:00, 206.07it/s, acc=93.75%, loss=0.2277]
Predictor_1 Epoch 5/10:  95%|â–ˆâ–ˆâ–ˆâ–ˆâ–ˆâ–ˆâ–ˆâ–ˆâ–ˆâ–Œ| 371/390 [00:01<00:00, 206.07it/s, acc=96.88%, loss=0.0779]
                                                                                                   

Predictor_1 Epoch 6/10:   0%|          | 0/390 [00:00<?, ?it/s]
Predictor_1 Epoch 6/10:   4%|â–         | 17/390 [00:00<00:02, 158.31it/s]
Predictor_1 Epoch 6/10:  10%|â–‰         | 38/390 [00:00<00:01, 187.15it/s]
Predictor_1 Epoch 6/10:  16%|â–ˆâ–Œ        | 61/390 [00:00<00:01, 197.68it/s]
Predictor_1 Epoch 6/10:  21%|â–ˆâ–ˆ        | 82/390 [00:00<00:01, 200.38it/s]
Predictor_1 Epoch 6/10:  27%|â–ˆâ–ˆâ–‹       | 104/390 [00:00<00:01, 206.59it/s]
Predictor_1 Epoch 6/10:  32%|â–ˆâ–ˆâ–ˆâ–      | 125/390 [00:00<00:01, 203.47it/s]
Predictor_1 Epoch 6/10:  37%|â–ˆâ–ˆâ–ˆâ–‹      | 146/390 [00:00<00:01, 204.98it/s]
Predictor_1 Epoch 6/10:  43%|â–ˆâ–ˆâ–ˆâ–ˆâ–Ž     | 167/390 [00:00<00:01, 206.16it/s]
Predictor_1 Epoch 6/10:  48%|â–ˆâ–ˆâ–ˆâ–ˆâ–Š     | 188/390 [00:00<00:00, 205.79it/s]
Predictor_1 Epoch 6/10:  48%|â–ˆâ–ˆâ–ˆâ–ˆâ–Š     | 188/390 [00:00<00:00, 205.79it/s, acc=98.44%, loss=0.0476]
Predictor_1 Epoch 6/10:  54%|â–ˆâ–ˆâ–ˆâ–ˆâ–ˆâ–Ž    | 209/390 [00:01<00:00, 203.69it/s, acc=98.44%, loss=0.0476]
Predictor_1 Epoch 6/10:  59%|â–ˆâ–ˆâ–ˆâ–ˆâ–ˆâ–‰    | 231/390 [00:01<00:00, 205.54it/s, acc=98.44%, loss=0.0476]
Predictor_1 Epoch 6/10:  65%|â–ˆâ–ˆâ–ˆâ–ˆâ–ˆâ–ˆâ–   | 252/390 [00:01<00:00, 206.07it/s, acc=98.44%, loss=0.0476]
Predictor_1 Epoch 6/10:  70%|â–ˆâ–ˆâ–ˆâ–ˆâ–ˆâ–ˆâ–ˆ   | 273/390 [00:01<00:00, 204.88it/s, acc=98.44%, loss=0.0476]
Predictor_1 Epoch 6/10:  76%|â–ˆâ–ˆâ–ˆâ–ˆâ–ˆâ–ˆâ–ˆâ–Œ  | 295/390 [00:01<00:00, 205.62it/s, acc=98.44%, loss=0.0476]
Predictor_1 Epoch 6/10:  81%|â–ˆâ–ˆâ–ˆâ–ˆâ–ˆâ–ˆâ–ˆâ–ˆ  | 316/390 [00:01<00:00, 205.82it/s, acc=98.44%, loss=0.0476]
Predictor_1 Epoch 6/10:  86%|â–ˆâ–ˆâ–ˆâ–ˆâ–ˆâ–ˆâ–ˆâ–ˆâ–‹ | 337/390 [00:01<00:00, 205.07it/s, acc=98.44%, loss=0.0476]
Predictor_1 Epoch 6/10:  92%|â–ˆâ–ˆâ–ˆâ–ˆâ–ˆâ–ˆâ–ˆâ–ˆâ–ˆâ–| 359/390 [00:01<00:00, 201.41it/s, acc=98.44%, loss=0.0476]
Predictor_1 Epoch 6/10:  98%|â–ˆâ–ˆâ–ˆâ–ˆâ–ˆâ–ˆâ–ˆâ–ˆâ–ˆâ–Š| 381/390 [00:01<00:00, 206.71it/s, acc=98.44%, loss=0.0476]
Predictor_1 Epoch 6/10:  98%|â–ˆâ–ˆâ–ˆâ–ˆâ–ˆâ–ˆâ–ˆâ–ˆâ–ˆâ–Š| 381/390 [00:01<00:00, 206.71it/s, acc=98.44%, loss=0.0496]
                                                                                                   
[codecarbon INFO @ 19:52:21] Energy consumed for RAM : 0.000164 kWh. RAM Power : 38.0 W

Predictor_1 Epoch 7/10:   0%|          | 0/390 [00:00<?, ?it/s]
Predictor_1 Epoch 7/10:   4%|â–         | 17/390 [00:00<00:02, 150.45it/s][codecarbon INFO @ 19:52:22] Delta energy consumed for CPU with cpu_load : 0.000344 kWh, power : 79.95 W
[codecarbon INFO @ 19:52:22] Energy consumed for All CPU : 0.000344 kWh
[codecarbon INFO @ 19:52:22] Energy consumed for all GPUs : 0.000258 kWh. Total GPU Power : 58.02550353098488 W
[codecarbon INFO @ 19:52:22] 0.000766 kWh of electricity used since the beginning.

Predictor_1 Epoch 7/10:  10%|â–ˆ         | 40/390 [00:00<00:01, 194.62it/s]
Predictor_1 Epoch 7/10:  16%|â–ˆâ–Œ        | 61/390 [00:00<00:01, 190.80it/s]
Predictor_1 Epoch 7/10:  22%|â–ˆâ–ˆâ–       | 84/390 [00:00<00:01, 205.26it/s]
Predictor_1 Epoch 7/10:  27%|â–ˆâ–ˆâ–‹       | 105/390 [00:00<00:01, 198.24it/s]
Predictor_1 Epoch 7/10:  33%|â–ˆâ–ˆâ–ˆâ–Ž      | 128/390 [00:00<00:01, 207.71it/s]
Predictor_1 Epoch 7/10:  38%|â–ˆâ–ˆâ–ˆâ–Š      | 149/390 [00:00<00:01, 200.78it/s]
Predictor_1 Epoch 7/10:  44%|â–ˆâ–ˆâ–ˆâ–ˆâ–     | 172/390 [00:00<00:01, 208.97it/s]
Predictor_1 Epoch 7/10:  50%|â–ˆâ–ˆâ–ˆâ–ˆâ–‰     | 194/390 [00:00<00:00, 203.66it/s]
Predictor_1 Epoch 7/10:  50%|â–ˆâ–ˆâ–ˆâ–ˆâ–‰     | 194/390 [00:00<00:00, 203.66it/s, acc=97.66%, loss=0.0671]
Predictor_1 Epoch 7/10:  55%|â–ˆâ–ˆâ–ˆâ–ˆâ–ˆâ–Œ    | 215/390 [00:01<00:00, 205.17it/s, acc=97.66%, loss=0.0671]
Predictor_1 Epoch 7/10:  61%|â–ˆâ–ˆâ–ˆâ–ˆâ–ˆâ–ˆ    | 237/390 [00:01<00:00, 202.23it/s, acc=97.66%, loss=0.0671]
Predictor_1 Epoch 7/10:  67%|â–ˆâ–ˆâ–ˆâ–ˆâ–ˆâ–ˆâ–‹   | 260/390 [00:01<00:00, 209.75it/s, acc=97.66%, loss=0.0671]
Predictor_1 Epoch 7/10:  72%|â–ˆâ–ˆâ–ˆâ–ˆâ–ˆâ–ˆâ–ˆâ–  | 282/390 [00:01<00:00, 204.11it/s, acc=97.66%, loss=0.0671]
Predictor_1 Epoch 7/10:  78%|â–ˆâ–ˆâ–ˆâ–ˆâ–ˆâ–ˆâ–ˆâ–Š  | 305/390 [00:01<00:00, 202.56it/s, acc=97.66%, loss=0.0671]
Predictor_1 Epoch 7/10:  84%|â–ˆâ–ˆâ–ˆâ–ˆâ–ˆâ–ˆâ–ˆâ–ˆâ– | 327/390 [00:01<00:00, 207.43it/s, acc=97.66%, loss=0.0671]
Predictor_1 Epoch 7/10:  89%|â–ˆâ–ˆâ–ˆâ–ˆâ–ˆâ–ˆâ–ˆâ–ˆâ–‰ | 349/390 [00:01<00:00, 202.72it/s, acc=97.66%, loss=0.0671]
Predictor_1 Epoch 7/10:  95%|â–ˆâ–ˆâ–ˆâ–ˆâ–ˆâ–ˆâ–ˆâ–ˆâ–ˆâ–Œ| 371/390 [00:01<00:00, 207.59it/s, acc=97.66%, loss=0.0671]
Predictor_1 Epoch 7/10:  95%|â–ˆâ–ˆâ–ˆâ–ˆâ–ˆâ–ˆâ–ˆâ–ˆâ–ˆâ–Œ| 371/390 [00:01<00:00, 207.59it/s, acc=95.31%, loss=0.1396]
                                                                                                   

Predictor_1 Epoch 8/10:   0%|          | 0/390 [00:00<?, ?it/s]
Predictor_1 Epoch 8/10:   4%|â–         | 17/390 [00:00<00:02, 149.07it/s]
Predictor_1 Epoch 8/10:  10%|â–ˆ         | 40/390 [00:00<00:01, 192.98it/s]
Predictor_1 Epoch 8/10:  16%|â–ˆâ–Œ        | 61/390 [00:00<00:01, 189.05it/s]
Predictor_1 Epoch 8/10:  22%|â–ˆâ–ˆâ–       | 84/390 [00:00<00:01, 203.57it/s]
Predictor_1 Epoch 8/10:  27%|â–ˆâ–ˆâ–‹       | 105/390 [00:00<00:01, 197.19it/s]
Predictor_1 Epoch 8/10:  33%|â–ˆâ–ˆâ–ˆâ–Ž      | 128/390 [00:00<00:01, 207.12it/s]
Predictor_1 Epoch 8/10:  38%|â–ˆâ–ˆâ–ˆâ–Š      | 149/390 [00:00<00:01, 199.96it/s]
Predictor_1 Epoch 8/10:  44%|â–ˆâ–ˆâ–ˆâ–ˆâ–     | 172/390 [00:00<00:01, 208.47it/s]
Predictor_1 Epoch 8/10:  49%|â–ˆâ–ˆâ–ˆâ–ˆâ–‰     | 193/390 [00:00<00:00, 200.91it/s]
Predictor_1 Epoch 8/10:  49%|â–ˆâ–ˆâ–ˆâ–ˆâ–‰     | 193/390 [00:00<00:00, 200.91it/s, acc=98.44%, loss=0.0811]
Predictor_1 Epoch 8/10:  55%|â–ˆâ–ˆâ–ˆâ–ˆâ–ˆâ–    | 214/390 [00:01<00:00, 203.51it/s, acc=98.44%, loss=0.0811]
Predictor_1 Epoch 8/10:  60%|â–ˆâ–ˆâ–ˆâ–ˆâ–ˆâ–ˆ    | 235/390 [00:01<00:00, 202.76it/s, acc=98.44%, loss=0.0811]
Predictor_1 Epoch 8/10:  66%|â–ˆâ–ˆâ–ˆâ–ˆâ–ˆâ–ˆâ–Œ   | 257/390 [00:01<00:00, 202.70it/s, acc=98.44%, loss=0.0811]
Predictor_1 Epoch 8/10:  72%|â–ˆâ–ˆâ–ˆâ–ˆâ–ˆâ–ˆâ–ˆâ–  | 279/390 [00:01<00:00, 207.20it/s, acc=98.44%, loss=0.0811]
Predictor_1 Epoch 8/10:  77%|â–ˆâ–ˆâ–ˆâ–ˆâ–ˆâ–ˆâ–ˆâ–‹  | 301/390 [00:01<00:00, 202.24it/s, acc=98.44%, loss=0.0811]
Predictor_1 Epoch 8/10:  83%|â–ˆâ–ˆâ–ˆâ–ˆâ–ˆâ–ˆâ–ˆâ–ˆâ–Ž | 323/390 [00:01<00:00, 206.82it/s, acc=98.44%, loss=0.0811]
Predictor_1 Epoch 8/10:  88%|â–ˆâ–ˆâ–ˆâ–ˆâ–ˆâ–ˆâ–ˆâ–ˆâ–Š | 345/390 [00:01<00:00, 202.10it/s, acc=98.44%, loss=0.0811]
Predictor_1 Epoch 8/10:  94%|â–ˆâ–ˆâ–ˆâ–ˆâ–ˆâ–ˆâ–ˆâ–ˆâ–ˆâ–| 367/390 [00:01<00:00, 206.96it/s, acc=98.44%, loss=0.0811]
Predictor_1 Epoch 8/10: 100%|â–ˆâ–ˆâ–ˆâ–ˆâ–ˆâ–ˆâ–ˆâ–ˆâ–ˆâ–‰| 389/390 [00:01<00:00, 202.77it/s, acc=98.44%, loss=0.0811]
Predictor_1 Epoch 8/10: 100%|â–ˆâ–ˆâ–ˆâ–ˆâ–ˆâ–ˆâ–ˆâ–ˆâ–ˆâ–‰| 389/390 [00:01<00:00, 202.77it/s, acc=98.44%, loss=0.0591]
                                                                                                   

Predictor_1 Epoch 9/10:   0%|          | 0/390 [00:00<?, ?it/s]
Predictor_1 Epoch 9/10:   4%|â–         | 17/390 [00:00<00:02, 150.04it/s]
Predictor_1 Epoch 9/10:  10%|â–ˆ         | 39/390 [00:00<00:01, 188.15it/s]
Predictor_1 Epoch 9/10:  16%|â–ˆâ–Œ        | 61/390 [00:00<00:01, 188.73it/s]
Predictor_1 Epoch 9/10:  22%|â–ˆâ–ˆâ–       | 85/390 [00:00<00:01, 196.51it/s]
Predictor_1 Epoch 9/10:  27%|â–ˆâ–ˆâ–‹       | 107/390 [00:00<00:01, 204.19it/s]
Predictor_1 Epoch 9/10:  33%|â–ˆâ–ˆâ–ˆâ–Ž      | 129/390 [00:00<00:01, 199.76it/s]
Predictor_1 Epoch 9/10:  39%|â–ˆâ–ˆâ–ˆâ–Š      | 151/390 [00:00<00:01, 205.61it/s]
Predictor_1 Epoch 9/10:  44%|â–ˆâ–ˆâ–ˆâ–ˆâ–     | 173/390 [00:00<00:01, 200.90it/s]
Predictor_1 Epoch 9/10:  50%|â–ˆâ–ˆâ–ˆâ–ˆâ–ˆ     | 195/390 [00:00<00:00, 206.18it/s]
Predictor_1 Epoch 9/10:  50%|â–ˆâ–ˆâ–ˆâ–ˆâ–ˆ     | 195/390 [00:00<00:00, 206.18it/s, acc=98.44%, loss=0.0591]
Predictor_1 Epoch 9/10:  56%|â–ˆâ–ˆâ–ˆâ–ˆâ–ˆâ–Œ    | 217/390 [00:01<00:00, 202.03it/s, acc=98.44%, loss=0.0591]
Predictor_1 Epoch 9/10:  62%|â–ˆâ–ˆâ–ˆâ–ˆâ–ˆâ–ˆâ–   | 240/390 [00:01<00:00, 209.38it/s, acc=98.44%, loss=0.0591]
Predictor_1 Epoch 9/10:  67%|â–ˆâ–ˆâ–ˆâ–ˆâ–ˆâ–ˆâ–‹   | 262/390 [00:01<00:00, 204.11it/s, acc=98.44%, loss=0.0591]
Predictor_1 Epoch 9/10:  73%|â–ˆâ–ˆâ–ˆâ–ˆâ–ˆâ–ˆâ–ˆâ–Ž  | 285/390 [00:01<00:00, 202.80it/s, acc=98.44%, loss=0.0591]
Predictor_1 Epoch 9/10:  79%|â–ˆâ–ˆâ–ˆâ–ˆâ–ˆâ–ˆâ–ˆâ–‰  | 308/390 [00:01<00:00, 209.58it/s, acc=98.44%, loss=0.0591]
Predictor_1 Epoch 9/10:  85%|â–ˆâ–ˆâ–ˆâ–ˆâ–ˆâ–ˆâ–ˆâ–ˆâ– | 330/390 [00:01<00:00, 204.25it/s, acc=98.44%, loss=0.0591]
Predictor_1 Epoch 9/10:  90%|â–ˆâ–ˆâ–ˆâ–ˆâ–ˆâ–ˆâ–ˆâ–ˆâ–ˆ | 352/390 [00:01<00:00, 208.49it/s, acc=98.44%, loss=0.0591]
Predictor_1 Epoch 9/10:  96%|â–ˆâ–ˆâ–ˆâ–ˆâ–ˆâ–ˆâ–ˆâ–ˆâ–ˆâ–Œ| 373/390 [00:01<00:00, 201.48it/s, acc=98.44%, loss=0.0591]
Predictor_1 Epoch 9/10:  96%|â–ˆâ–ˆâ–ˆâ–ˆâ–ˆâ–ˆâ–ˆâ–ˆâ–ˆâ–Œ| 373/390 [00:01<00:00, 201.48it/s, acc=97.66%, loss=0.0558]
                                                                                                   

Predictor_1 Epoch 10/10:   0%|          | 0/390 [00:00<?, ?it/s]
Predictor_1 Epoch 10/10:   4%|â–         | 17/390 [00:00<00:02, 153.58it/s]
Predictor_1 Epoch 10/10:  10%|â–ˆ         | 39/390 [00:00<00:01, 189.85it/s]
Predictor_1 Epoch 10/10:  16%|â–ˆâ–Œ        | 61/390 [00:00<00:01, 192.34it/s]
Predictor_1 Epoch 10/10:  22%|â–ˆâ–ˆâ–       | 84/390 [00:00<00:01, 205.71it/s]
Predictor_1 Epoch 10/10:  27%|â–ˆâ–ˆâ–‹       | 105/390 [00:00<00:01, 198.51it/s]
Predictor_1 Epoch 10/10:  33%|â–ˆâ–ˆâ–ˆâ–Ž      | 128/390 [00:00<00:01, 207.96it/s]
Predictor_1 Epoch 10/10:  38%|â–ˆâ–ˆâ–ˆâ–Š      | 149/390 [00:00<00:01, 200.20it/s]
Predictor_1 Epoch 10/10:  44%|â–ˆâ–ˆâ–ˆâ–ˆâ–     | 172/390 [00:00<00:01, 208.42it/s]
Predictor_1 Epoch 10/10:  49%|â–ˆâ–ˆâ–ˆâ–ˆâ–‰     | 193/390 [00:00<00:00, 201.04it/s]
Predictor_1 Epoch 10/10:  49%|â–ˆâ–ˆâ–ˆâ–ˆâ–‰     | 193/390 [00:00<00:00, 201.04it/s, acc=96.09%, loss=0.0933]
Predictor_1 Epoch 10/10:  55%|â–ˆâ–ˆâ–ˆâ–ˆâ–ˆâ–Œ    | 215/390 [00:01<00:00, 206.55it/s, acc=96.09%, loss=0.0933]
Predictor_1 Epoch 10/10:  61%|â–ˆâ–ˆâ–ˆâ–ˆâ–ˆâ–ˆ    | 237/390 [00:01<00:00, 202.14it/s, acc=96.09%, loss=0.0933]
Predictor_1 Epoch 10/10:  67%|â–ˆâ–ˆâ–ˆâ–ˆâ–ˆâ–ˆâ–‹   | 260/390 [00:01<00:00, 209.68it/s, acc=96.09%, loss=0.0933]
Predictor_1 Epoch 10/10:  72%|â–ˆâ–ˆâ–ˆâ–ˆâ–ˆâ–ˆâ–ˆâ–  | 282/390 [00:01<00:00, 204.05it/s, acc=96.09%, loss=0.0933]
Predictor_1 Epoch 10/10:  78%|â–ˆâ–ˆâ–ˆâ–ˆâ–ˆâ–ˆâ–ˆâ–Š  | 304/390 [00:01<00:00, 208.16it/s, acc=96.09%, loss=0.0933]
Predictor_1 Epoch 10/10:  83%|â–ˆâ–ˆâ–ˆâ–ˆâ–ˆâ–ˆâ–ˆâ–ˆâ–Ž | 325/390 [00:01<00:00, 200.19it/s, acc=96.09%, loss=0.0933]
Predictor_1 Epoch 10/10:  89%|â–ˆâ–ˆâ–ˆâ–ˆâ–ˆâ–ˆâ–ˆâ–ˆâ–‰ | 348/390 [00:01<00:00, 208.10it/s, acc=96.09%, loss=0.0933]
Predictor_1 Epoch 10/10:  95%|â–ˆâ–ˆâ–ˆâ–ˆâ–ˆâ–ˆâ–ˆâ–ˆâ–ˆâ–| 369/390 [00:01<00:00, 200.58it/s, acc=96.09%, loss=0.0933]
Predictor_1 Epoch 10/10:  95%|â–ˆâ–ˆâ–ˆâ–ˆâ–ˆâ–ˆâ–ˆâ–ˆâ–ˆâ–| 369/390 [00:01<00:00, 200.58it/s, acc=97.66%, loss=0.1630]
Predictor_1 Epoch 10/10: 100%|â–ˆâ–ˆâ–ˆâ–ˆâ–ˆâ–ˆâ–ˆâ–ˆâ–ˆâ–ˆ| 390/390 [00:01<00:00, 203.00it/s, acc=97.66%, loss=0.1630]
                                                                                                    

Predictor_2 Epoch 1/10:   0%|          | 0/390 [00:00<?, ?it/s]
Predictor_2 Epoch 1/10:   4%|â–         | 17/390 [00:00<00:02, 150.82it/s]
Predictor_2 Epoch 1/10:  10%|â–ˆ         | 39/390 [00:00<00:01, 188.19it/s]
Predictor_2 Epoch 1/10:  16%|â–ˆâ–Œ        | 61/390 [00:00<00:01, 189.59it/s]
Predictor_2 Epoch 1/10:  21%|â–ˆâ–ˆâ–       | 83/390 [00:00<00:01, 200.29it/s]
Predictor_2 Epoch 1/10:  27%|â–ˆâ–ˆâ–‹       | 105/390 [00:00<00:01, 197.63it/s]
Predictor_2 Epoch 1/10:  33%|â–ˆâ–ˆâ–ˆâ–Ž      | 128/390 [00:00<00:01, 207.08it/s]
Predictor_2 Epoch 1/10:  38%|â–ˆâ–ˆâ–ˆâ–Š      | 149/390 [00:00<00:01, 199.81it/s]
Predictor_2 Epoch 1/10:  44%|â–ˆâ–ˆâ–ˆâ–ˆâ–     | 171/390 [00:00<00:01, 204.78it/s]
Predictor_2 Epoch 1/10:  49%|â–ˆâ–ˆâ–ˆâ–ˆâ–‰     | 193/390 [00:00<00:00, 201.08it/s]
Predictor_2 Epoch 1/10:  49%|â–ˆâ–ˆâ–ˆâ–ˆâ–‰     | 193/390 [00:00<00:00, 201.08it/s, acc=94.53%, loss=0.1543]
Predictor_2 Epoch 1/10:  55%|â–ˆâ–ˆâ–ˆâ–ˆâ–ˆâ–Œ    | 215/390 [00:01<00:00, 206.19it/s, acc=94.53%, loss=0.1543]
Predictor_2 Epoch 1/10:  61%|â–ˆâ–ˆâ–ˆâ–ˆâ–ˆâ–ˆ    | 236/390 [00:01<00:00, 203.55it/s, acc=94.53%, loss=0.1543]
Predictor_2 Epoch 1/10:  66%|â–ˆâ–ˆâ–ˆâ–ˆâ–ˆâ–ˆâ–Œ   | 257/390 [00:01<00:00, 202.22it/s, acc=94.53%, loss=0.1543]
Predictor_2 Epoch 1/10:  72%|â–ˆâ–ˆâ–ˆâ–ˆâ–ˆâ–ˆâ–ˆâ–  | 279/390 [00:01<00:00, 206.83it/s, acc=94.53%, loss=0.1543]
Predictor_2 Epoch 1/10:  77%|â–ˆâ–ˆâ–ˆâ–ˆâ–ˆâ–ˆâ–ˆâ–‹  | 301/390 [00:01<00:00, 202.24it/s, acc=94.53%, loss=0.1543]
Predictor_2 Epoch 1/10:  83%|â–ˆâ–ˆâ–ˆâ–ˆâ–ˆâ–ˆâ–ˆâ–ˆâ–Ž | 323/390 [00:01<00:00, 206.87it/s, acc=94.53%, loss=0.1543]
Predictor_2 Epoch 1/10:  88%|â–ˆâ–ˆâ–ˆâ–ˆâ–ˆâ–ˆâ–ˆâ–ˆâ–Š | 345/390 [00:01<00:00, 202.19it/s, acc=94.53%, loss=0.1543]
Predictor_2 Epoch 1/10:  94%|â–ˆâ–ˆâ–ˆâ–ˆâ–ˆâ–ˆâ–ˆâ–ˆâ–ˆâ–| 367/390 [00:01<00:00, 206.57it/s, acc=94.53%, loss=0.1543]
Predictor_2 Epoch 1/10:  99%|â–ˆâ–ˆâ–ˆâ–ˆâ–ˆâ–ˆâ–ˆâ–ˆâ–ˆâ–‰| 388/390 [00:01<00:00, 206.73it/s, acc=94.53%, loss=0.1543]
Predictor_2 Epoch 1/10:  99%|â–ˆâ–ˆâ–ˆâ–ˆâ–ˆâ–ˆâ–ˆâ–ˆâ–ˆâ–‰| 388/390 [00:01<00:00, 206.73it/s, acc=95.31%, loss=0.2040]
                                                                                                   

Predictor_2 Epoch 2/10:   0%|          | 0/390 [00:00<?, ?it/s]
Predictor_2 Epoch 2/10:   4%|â–         | 17/390 [00:00<00:02, 153.34it/s]
Predictor_2 Epoch 2/10:  10%|â–‰         | 38/390 [00:00<00:01, 185.22it/s]
Predictor_2 Epoch 2/10:  15%|â–ˆâ–Œ        | 60/390 [00:00<00:01, 199.87it/s]
Predictor_2 Epoch 2/10:  21%|â–ˆâ–ˆ        | 81/390 [00:00<00:01, 194.83it/s]
Predictor_2 Epoch 2/10:  26%|â–ˆâ–ˆâ–‹       | 103/390 [00:00<00:01, 203.03it/s]
Predictor_2 Epoch 2/10:  32%|â–ˆâ–ˆâ–ˆâ–      | 125/390 [00:00<00:01, 197.98it/s]
Predictor_2 Epoch 2/10:  38%|â–ˆâ–ˆâ–ˆâ–Š      | 149/390 [00:00<00:01, 201.68it/s]
Predictor_2 Epoch 2/10:  44%|â–ˆâ–ˆâ–ˆâ–ˆâ–     | 171/390 [00:00<00:01, 206.60it/s]
Predictor_2 Epoch 2/10:  49%|â–ˆâ–ˆâ–ˆâ–ˆâ–‰     | 193/390 [00:00<00:00, 201.91it/s]
Predictor_2 Epoch 2/10:  49%|â–ˆâ–ˆâ–ˆâ–ˆâ–‰     | 193/390 [00:00<00:00, 201.91it/s, acc=99.22%, loss=0.0214]
Predictor_2 Epoch 2/10:  55%|â–ˆâ–ˆâ–ˆâ–ˆâ–ˆâ–Œ    | 215/390 [00:01<00:00, 206.48it/s, acc=99.22%, loss=0.0214]
Predictor_2 Epoch 2/10:  61%|â–ˆâ–ˆâ–ˆâ–ˆâ–ˆâ–ˆ    | 236/390 [00:01<00:00, 207.46it/s, acc=99.22%, loss=0.0214]
Predictor_2 Epoch 2/10:  66%|â–ˆâ–ˆâ–ˆâ–ˆâ–ˆâ–ˆâ–Œ   | 257/390 [00:01<00:00, 201.00it/s, acc=99.22%, loss=0.0214]
Predictor_2 Epoch 2/10:  71%|â–ˆâ–ˆâ–ˆâ–ˆâ–ˆâ–ˆâ–ˆâ–  | 278/390 [00:01<00:00, 203.53it/s, acc=99.22%, loss=0.0214]
Predictor_2 Epoch 2/10:  77%|â–ˆâ–ˆâ–ˆâ–ˆâ–ˆâ–ˆâ–ˆâ–‹  | 300/390 [00:01<00:00, 207.93it/s, acc=99.22%, loss=0.0214]
Predictor_2 Epoch 2/10:  82%|â–ˆâ–ˆâ–ˆâ–ˆâ–ˆâ–ˆâ–ˆâ–ˆâ– | 321/390 [00:01<00:00, 201.23it/s, acc=99.22%, loss=0.0214]
Predictor_2 Epoch 2/10:  88%|â–ˆâ–ˆâ–ˆâ–ˆâ–ˆâ–ˆâ–ˆâ–ˆâ–Š | 344/390 [00:01<00:00, 208.89it/s, acc=99.22%, loss=0.0214]
Predictor_2 Epoch 2/10:  94%|â–ˆâ–ˆâ–ˆâ–ˆâ–ˆâ–ˆâ–ˆâ–ˆâ–ˆâ–Ž| 365/390 [00:01<00:00, 202.42it/s, acc=99.22%, loss=0.0214]
Predictor_2 Epoch 2/10:  99%|â–ˆâ–ˆâ–ˆâ–ˆâ–ˆâ–ˆâ–ˆâ–ˆâ–ˆâ–‰| 387/390 [00:01<00:00, 206.86it/s, acc=99.22%, loss=0.0214]
Predictor_2 Epoch 2/10:  99%|â–ˆâ–ˆâ–ˆâ–ˆâ–ˆâ–ˆâ–ˆâ–ˆâ–ˆâ–‰| 387/390 [00:01<00:00, 206.86it/s, acc=93.75%, loss=0.1274]
                                                                                                   

Predictor_2 Epoch 3/10:   0%|          | 0/390 [00:00<?, ?it/s]
Predictor_2 Epoch 3/10:   4%|â–         | 15/390 [00:00<00:02, 148.26it/s]
Predictor_2 Epoch 3/10:   9%|â–‰         | 37/390 [00:00<00:01, 178.12it/s]
Predictor_2 Epoch 3/10:  15%|â–ˆâ–        | 58/390 [00:00<00:01, 185.78it/s]
Predictor_2 Epoch 3/10:  21%|â–ˆâ–ˆ        | 81/390 [00:00<00:01, 199.40it/s]
Predictor_2 Epoch 3/10:  26%|â–ˆâ–ˆâ–Œ       | 102/390 [00:00<00:01, 200.09it/s]
Predictor_2 Epoch 3/10:  32%|â–ˆâ–ˆâ–ˆâ–      | 124/390 [00:00<00:01, 206.11it/s][codecarbon INFO @ 19:52:36] Energy consumed for RAM : 0.000317 kWh. RAM Power : 38.0 W

Predictor_2 Epoch 3/10:  37%|â–ˆâ–ˆâ–ˆâ–‹      | 145/390 [00:00<00:01, 205.36it/s]
Predictor_2 Epoch 3/10:  43%|â–ˆâ–ˆâ–ˆâ–ˆâ–Ž     | 166/390 [00:00<00:01, 200.48it/s]
Predictor_2 Epoch 3/10:  48%|â–ˆâ–ˆâ–ˆâ–ˆâ–Š     | 188/390 [00:00<00:00, 205.72it/s]
Predictor_2 Epoch 3/10:  48%|â–ˆâ–ˆâ–ˆâ–ˆâ–Š     | 188/390 [00:01<00:00, 205.72it/s, acc=94.53%, loss=0.1528]
Predictor_2 Epoch 3/10:  54%|â–ˆâ–ˆâ–ˆâ–ˆâ–ˆâ–Ž    | 209/390 [00:01<00:00, 206.60it/s, acc=94.53%, loss=0.1528]
Predictor_2 Epoch 3/10:  59%|â–ˆâ–ˆâ–ˆâ–ˆâ–ˆâ–‰    | 230/390 [00:01<00:00, 200.71it/s, acc=94.53%, loss=0.1528][codecarbon INFO @ 19:52:37] Delta energy consumed for CPU with cpu_load : 0.000330 kWh, power : 81.84375 W
[codecarbon INFO @ 19:52:37] Energy consumed for All CPU : 0.000674 kWh
[codecarbon INFO @ 19:52:37] Energy consumed for all GPUs : 0.000512 kWh. Total GPU Power : 61.08177244704943 W
[codecarbon INFO @ 19:52:37] 0.001503 kWh of electricity used since the beginning.

Predictor_2 Epoch 3/10:  65%|â–ˆâ–ˆâ–ˆâ–ˆâ–ˆâ–ˆâ–   | 252/390 [00:01<00:00, 204.75it/s, acc=94.53%, loss=0.1528]
Predictor_2 Epoch 3/10:  70%|â–ˆâ–ˆâ–ˆâ–ˆâ–ˆâ–ˆâ–ˆ   | 273/390 [00:01<00:00, 206.15it/s, acc=94.53%, loss=0.1528]
Predictor_2 Epoch 3/10:  75%|â–ˆâ–ˆâ–ˆâ–ˆâ–ˆâ–ˆâ–ˆâ–Œ  | 294/390 [00:01<00:00, 200.81it/s, acc=94.53%, loss=0.1528]
Predictor_2 Epoch 3/10:  81%|â–ˆâ–ˆâ–ˆâ–ˆâ–ˆâ–ˆâ–ˆâ–ˆ  | 316/390 [00:01<00:00, 204.35it/s, acc=94.53%, loss=0.1528]
Predictor_2 Epoch 3/10:  87%|â–ˆâ–ˆâ–ˆâ–ˆâ–ˆâ–ˆâ–ˆâ–ˆâ–‹ | 338/390 [00:01<00:00, 201.85it/s, acc=94.53%, loss=0.1528]
Predictor_2 Epoch 3/10:  92%|â–ˆâ–ˆâ–ˆâ–ˆâ–ˆâ–ˆâ–ˆâ–ˆâ–ˆâ–| 360/390 [00:01<00:00, 204.46it/s, acc=94.53%, loss=0.1528]
Predictor_2 Epoch 3/10:  98%|â–ˆâ–ˆâ–ˆâ–ˆâ–ˆâ–ˆâ–ˆâ–ˆâ–ˆâ–Š| 382/390 [00:01<00:00, 202.29it/s, acc=94.53%, loss=0.1528]
Predictor_2 Epoch 3/10:  98%|â–ˆâ–ˆâ–ˆâ–ˆâ–ˆâ–ˆâ–ˆâ–ˆâ–ˆâ–Š| 382/390 [00:01<00:00, 202.29it/s, acc=96.88%, loss=0.0668]
                                                                                                   

Predictor_2 Epoch 4/10:   0%|          | 0/390 [00:00<?, ?it/s]
Predictor_2 Epoch 4/10:   4%|â–         | 17/390 [00:00<00:02, 151.74it/s]
Predictor_2 Epoch 4/10:  10%|â–ˆ         | 40/390 [00:00<00:01, 194.33it/s]
Predictor_2 Epoch 4/10:  16%|â–ˆâ–Œ        | 61/390 [00:00<00:01, 192.92it/s]
Predictor_2 Epoch 4/10:  21%|â–ˆâ–ˆ        | 82/390 [00:00<00:01, 198.36it/s]
Predictor_2 Epoch 4/10:  27%|â–ˆâ–ˆâ–‹       | 104/390 [00:00<00:01, 205.40it/s]
Predictor_2 Epoch 4/10:  32%|â–ˆâ–ˆâ–ˆâ–      | 125/390 [00:00<00:01, 203.91it/s]
Predictor_2 Epoch 4/10:  37%|â–ˆâ–ˆâ–ˆâ–‹      | 146/390 [00:00<00:01, 200.73it/s]
Predictor_2 Epoch 4/10:  43%|â–ˆâ–ˆâ–ˆâ–ˆâ–Ž     | 168/390 [00:00<00:01, 205.78it/s]
Predictor_2 Epoch 4/10:  49%|â–ˆâ–ˆâ–ˆâ–ˆâ–Š     | 190/390 [00:00<00:00, 201.70it/s]
Predictor_2 Epoch 4/10:  49%|â–ˆâ–ˆâ–ˆâ–ˆâ–Š     | 190/390 [00:00<00:00, 201.70it/s, acc=92.19%, loss=0.2778]
Predictor_2 Epoch 4/10:  54%|â–ˆâ–ˆâ–ˆâ–ˆâ–ˆâ–    | 212/390 [00:01<00:00, 206.47it/s, acc=92.19%, loss=0.2778]
Predictor_2 Epoch 4/10:  60%|â–ˆâ–ˆâ–ˆâ–ˆâ–ˆâ–ˆ    | 234/390 [00:01<00:00, 201.76it/s, acc=92.19%, loss=0.2778]
Predictor_2 Epoch 4/10:  66%|â–ˆâ–ˆâ–ˆâ–ˆâ–ˆâ–ˆâ–Œ   | 256/390 [00:01<00:00, 206.27it/s, acc=92.19%, loss=0.2778]
Predictor_2 Epoch 4/10:  71%|â–ˆâ–ˆâ–ˆâ–ˆâ–ˆâ–ˆâ–ˆ   | 277/390 [00:01<00:00, 206.69it/s, acc=92.19%, loss=0.2778]
Predictor_2 Epoch 4/10:  76%|â–ˆâ–ˆâ–ˆâ–ˆâ–ˆâ–ˆâ–ˆâ–‹  | 298/390 [00:01<00:00, 200.61it/s, acc=92.19%, loss=0.2778]
Predictor_2 Epoch 4/10:  82%|â–ˆâ–ˆâ–ˆâ–ˆâ–ˆâ–ˆâ–ˆâ–ˆâ– | 320/390 [00:01<00:00, 204.68it/s, acc=92.19%, loss=0.2778]
Predictor_2 Epoch 4/10:  87%|â–ˆâ–ˆâ–ˆâ–ˆâ–ˆâ–ˆâ–ˆâ–ˆâ–‹ | 341/390 [00:01<00:00, 205.40it/s, acc=92.19%, loss=0.2778]
Predictor_2 Epoch 4/10:  93%|â–ˆâ–ˆâ–ˆâ–ˆâ–ˆâ–ˆâ–ˆâ–ˆâ–ˆâ–Ž| 362/390 [00:01<00:00, 200.89it/s, acc=92.19%, loss=0.2778]
Predictor_2 Epoch 4/10:  98%|â–ˆâ–ˆâ–ˆâ–ˆâ–ˆâ–ˆâ–ˆâ–ˆâ–ˆâ–Š| 383/390 [00:01<00:00, 198.25it/s, acc=92.19%, loss=0.2778]
Predictor_2 Epoch 4/10:  98%|â–ˆâ–ˆâ–ˆâ–ˆâ–ˆâ–ˆâ–ˆâ–ˆâ–ˆâ–Š| 383/390 [00:01<00:00, 198.25it/s, acc=97.66%, loss=0.0530]
                                                                                                   

Predictor_2 Epoch 5/10:   0%|          | 0/390 [00:00<?, ?it/s]
Predictor_2 Epoch 5/10:   4%|â–         | 17/390 [00:00<00:02, 157.27it/s]
Predictor_2 Epoch 5/10:  10%|â–‰         | 38/390 [00:00<00:01, 185.01it/s]
Predictor_2 Epoch 5/10:  15%|â–ˆâ–Œ        | 60/390 [00:00<00:01, 200.56it/s]
Predictor_2 Epoch 5/10:  21%|â–ˆâ–ˆ        | 81/390 [00:00<00:01, 200.74it/s]
Predictor_2 Epoch 5/10:  26%|â–ˆâ–ˆâ–Œ       | 102/390 [00:00<00:01, 199.96it/s]
Predictor_2 Epoch 5/10:  32%|â–ˆâ–ˆâ–ˆâ–      | 123/390 [00:00<00:01, 203.17it/s]
Predictor_2 Epoch 5/10:  37%|â–ˆâ–ˆâ–ˆâ–‹      | 145/390 [00:00<00:01, 207.27it/s]
Predictor_2 Epoch 5/10:  43%|â–ˆâ–ˆâ–ˆâ–ˆâ–Ž     | 166/390 [00:00<00:01, 202.89it/s]
Predictor_2 Epoch 5/10:  48%|â–ˆâ–ˆâ–ˆâ–ˆâ–Š     | 187/390 [00:00<00:01, 202.99it/s]
Predictor_2 Epoch 5/10:  48%|â–ˆâ–ˆâ–ˆâ–ˆâ–Š     | 187/390 [00:00<00:01, 202.99it/s, acc=97.66%, loss=0.0890]
Predictor_2 Epoch 5/10:  54%|â–ˆâ–ˆâ–ˆâ–ˆâ–ˆâ–Ž    | 209/390 [00:01<00:00, 207.35it/s, acc=97.66%, loss=0.0890]
Predictor_2 Epoch 5/10:  59%|â–ˆâ–ˆâ–ˆâ–ˆâ–ˆâ–‰    | 230/390 [00:01<00:00, 204.07it/s, acc=97.66%, loss=0.0890]
Predictor_2 Epoch 5/10:  64%|â–ˆâ–ˆâ–ˆâ–ˆâ–ˆâ–ˆâ–   | 251/390 [00:01<00:00, 202.44it/s, acc=97.66%, loss=0.0890]
Predictor_2 Epoch 5/10:  70%|â–ˆâ–ˆâ–ˆâ–ˆâ–ˆâ–ˆâ–ˆ   | 273/390 [00:01<00:00, 207.00it/s, acc=97.66%, loss=0.0890]
Predictor_2 Epoch 5/10:  75%|â–ˆâ–ˆâ–ˆâ–ˆâ–ˆâ–ˆâ–ˆâ–Œ  | 294/390 [00:01<00:00, 205.29it/s, acc=97.66%, loss=0.0890]
Predictor_2 Epoch 5/10:  81%|â–ˆâ–ˆâ–ˆâ–ˆâ–ˆâ–ˆâ–ˆâ–ˆ  | 315/390 [00:01<00:00, 201.53it/s, acc=97.66%, loss=0.0890]
Predictor_2 Epoch 5/10:  86%|â–ˆâ–ˆâ–ˆâ–ˆâ–ˆâ–ˆâ–ˆâ–ˆâ–‹ | 337/390 [00:01<00:00, 206.20it/s, acc=97.66%, loss=0.0890]
Predictor_2 Epoch 5/10:  92%|â–ˆâ–ˆâ–ˆâ–ˆâ–ˆâ–ˆâ–ˆâ–ˆâ–ˆâ–| 358/390 [00:01<00:00, 207.29it/s, acc=97.66%, loss=0.0890]
Predictor_2 Epoch 5/10:  97%|â–ˆâ–ˆâ–ˆâ–ˆâ–ˆâ–ˆâ–ˆâ–ˆâ–ˆâ–‹| 379/390 [00:01<00:00, 201.36it/s, acc=97.66%, loss=0.0890]
Predictor_2 Epoch 5/10:  97%|â–ˆâ–ˆâ–ˆâ–ˆâ–ˆâ–ˆâ–ˆâ–ˆâ–ˆâ–‹| 379/390 [00:01<00:00, 201.36it/s, acc=97.66%, loss=0.0610]
                                                                                                   

Predictor_2 Epoch 6/10:   0%|          | 0/390 [00:00<?, ?it/s]
Predictor_2 Epoch 6/10:   4%|â–         | 17/390 [00:00<00:02, 156.45it/s]
Predictor_2 Epoch 6/10:  10%|â–‰         | 38/390 [00:00<00:01, 185.31it/s]
Predictor_2 Epoch 6/10:  15%|â–ˆâ–Œ        | 60/390 [00:00<00:01, 196.54it/s]
Predictor_2 Epoch 6/10:  21%|â–ˆâ–ˆ        | 81/390 [00:00<00:01, 198.10it/s]
Predictor_2 Epoch 6/10:  27%|â–ˆâ–ˆâ–‹       | 104/390 [00:00<00:01, 201.52it/s]
Predictor_2 Epoch 6/10:  32%|â–ˆâ–ˆâ–ˆâ–      | 125/390 [00:00<00:01, 202.50it/s]
Predictor_2 Epoch 6/10:  38%|â–ˆâ–ˆâ–ˆâ–Š      | 147/390 [00:00<00:01, 207.76it/s]
Predictor_2 Epoch 6/10:  43%|â–ˆâ–ˆâ–ˆâ–ˆâ–Ž     | 168/390 [00:00<00:01, 202.45it/s]
Predictor_2 Epoch 6/10:  48%|â–ˆâ–ˆâ–ˆâ–ˆâ–Š     | 189/390 [00:00<00:00, 204.35it/s]
Predictor_2 Epoch 6/10:  48%|â–ˆâ–ˆâ–ˆâ–ˆâ–Š     | 189/390 [00:00<00:00, 204.35it/s, acc=99.22%, loss=0.0241]
Predictor_2 Epoch 6/10:  54%|â–ˆâ–ˆâ–ˆâ–ˆâ–ˆâ–    | 211/390 [00:01<00:00, 208.71it/s, acc=99.22%, loss=0.0241]
Predictor_2 Epoch 6/10:  59%|â–ˆâ–ˆâ–ˆâ–ˆâ–ˆâ–‰    | 232/390 [00:01<00:00, 201.06it/s, acc=99.22%, loss=0.0241]
Predictor_2 Epoch 6/10:  66%|â–ˆâ–ˆâ–ˆâ–ˆâ–ˆâ–ˆâ–Œ   | 256/390 [00:01<00:00, 203.47it/s, acc=99.22%, loss=0.0241]
Predictor_2 Epoch 6/10:  71%|â–ˆâ–ˆâ–ˆâ–ˆâ–ˆâ–ˆâ–ˆâ–  | 278/390 [00:01<00:00, 207.78it/s, acc=99.22%, loss=0.0241]
Predictor_2 Epoch 6/10:  77%|â–ˆâ–ˆâ–ˆâ–ˆâ–ˆâ–ˆâ–ˆâ–‹  | 300/390 [00:01<00:00, 203.18it/s, acc=99.22%, loss=0.0241]
Predictor_2 Epoch 6/10:  83%|â–ˆâ–ˆâ–ˆâ–ˆâ–ˆâ–ˆâ–ˆâ–ˆâ–Ž | 322/390 [00:01<00:00, 207.13it/s, acc=99.22%, loss=0.0241]
Predictor_2 Epoch 6/10:  88%|â–ˆâ–ˆâ–ˆâ–ˆâ–ˆâ–ˆâ–ˆâ–ˆâ–Š | 344/390 [00:01<00:00, 202.39it/s, acc=99.22%, loss=0.0241]
Predictor_2 Epoch 6/10:  94%|â–ˆâ–ˆâ–ˆâ–ˆâ–ˆâ–ˆâ–ˆâ–ˆâ–ˆâ–| 366/390 [00:01<00:00, 207.08it/s, acc=99.22%, loss=0.0241]
Predictor_2 Epoch 6/10:  99%|â–ˆâ–ˆâ–ˆâ–ˆâ–ˆâ–ˆâ–ˆâ–ˆâ–ˆâ–‰| 387/390 [00:01<00:00, 201.16it/s, acc=99.22%, loss=0.0241]
Predictor_2 Epoch 6/10:  99%|â–ˆâ–ˆâ–ˆâ–ˆâ–ˆâ–ˆâ–ˆâ–ˆâ–ˆâ–‰| 387/390 [00:01<00:00, 201.16it/s, acc=97.66%, loss=0.1428]
                                                                                                   

Predictor_2 Epoch 7/10:   0%|          | 0/390 [00:00<?, ?it/s]
Predictor_2 Epoch 7/10:   4%|â–         | 17/390 [00:00<00:02, 156.68it/s]
Predictor_2 Epoch 7/10:  10%|â–ˆ         | 40/390 [00:00<00:01, 197.32it/s]
Predictor_2 Epoch 7/10:  16%|â–ˆâ–Œ        | 61/390 [00:00<00:01, 194.07it/s]
Predictor_2 Epoch 7/10:  22%|â–ˆâ–ˆâ–       | 84/390 [00:00<00:01, 206.04it/s]
Predictor_2 Epoch 7/10:  27%|â–ˆâ–ˆâ–‹       | 105/390 [00:00<00:01, 201.09it/s]
Predictor_2 Epoch 7/10:  33%|â–ˆâ–ˆâ–ˆâ–Ž      | 127/390 [00:00<00:01, 205.58it/s]
Predictor_2 Epoch 7/10:  38%|â–ˆâ–ˆâ–ˆâ–Š      | 149/390 [00:00<00:01, 203.93it/s]
Predictor_2 Epoch 7/10:  44%|â–ˆâ–ˆâ–ˆâ–ˆâ–Ž     | 170/390 [00:00<00:01, 205.39it/s]
Predictor_2 Epoch 7/10:  49%|â–ˆâ–ˆâ–ˆâ–ˆâ–‰     | 192/390 [00:00<00:00, 209.15it/s]
Predictor_2 Epoch 7/10:  49%|â–ˆâ–ˆâ–ˆâ–ˆâ–‰     | 192/390 [00:00<00:00, 209.15it/s, acc=96.88%, loss=0.0612]
Predictor_2 Epoch 7/10:  55%|â–ˆâ–ˆâ–ˆâ–ˆâ–ˆâ–    | 213/390 [00:01<00:00, 205.97it/s, acc=96.88%, loss=0.0612]
Predictor_2 Epoch 7/10:  60%|â–ˆâ–ˆâ–ˆâ–ˆâ–ˆâ–ˆ    | 234/390 [00:01<00:00, 206.04it/s, acc=96.88%, loss=0.0612]
Predictor_2 Epoch 7/10:  65%|â–ˆâ–ˆâ–ˆâ–ˆâ–ˆâ–ˆâ–Œ   | 255/390 [00:01<00:00, 207.18it/s, acc=96.88%, loss=0.0612]
Predictor_2 Epoch 7/10:  71%|â–ˆâ–ˆâ–ˆâ–ˆâ–ˆâ–ˆâ–ˆ   | 277/390 [00:01<00:00, 207.44it/s, acc=96.88%, loss=0.0612]
Predictor_2 Epoch 7/10:  76%|â–ˆâ–ˆâ–ˆâ–ˆâ–ˆâ–ˆâ–ˆâ–‹  | 298/390 [00:01<00:00, 206.33it/s, acc=96.88%, loss=0.0612]
Predictor_2 Epoch 7/10:  82%|â–ˆâ–ˆâ–ˆâ–ˆâ–ˆâ–ˆâ–ˆâ–ˆâ– | 319/390 [00:01<00:00, 206.60it/s, acc=96.88%, loss=0.0612]
Predictor_2 Epoch 7/10:  87%|â–ˆâ–ˆâ–ˆâ–ˆâ–ˆâ–ˆâ–ˆâ–ˆâ–‹ | 340/390 [00:01<00:00, 207.46it/s, acc=96.88%, loss=0.0612]
Predictor_2 Epoch 7/10:  93%|â–ˆâ–ˆâ–ˆâ–ˆâ–ˆâ–ˆâ–ˆâ–ˆâ–ˆâ–Ž| 362/390 [00:01<00:00, 206.54it/s, acc=96.88%, loss=0.0612]
Predictor_2 Epoch 7/10:  98%|â–ˆâ–ˆâ–ˆâ–ˆâ–ˆâ–ˆâ–ˆâ–ˆâ–ˆâ–Š| 383/390 [00:01<00:00, 197.26it/s, acc=96.88%, loss=0.0612]
Predictor_2 Epoch 7/10:  98%|â–ˆâ–ˆâ–ˆâ–ˆâ–ˆâ–ˆâ–ˆâ–ˆâ–ˆâ–Š| 383/390 [00:01<00:00, 197.26it/s, acc=97.66%, loss=0.1087]
                                                                                                   

Predictor_2 Epoch 8/10:   0%|          | 0/390 [00:00<?, ?it/s]
Predictor_2 Epoch 8/10:   4%|â–         | 16/390 [00:00<00:02, 158.67it/s]
Predictor_2 Epoch 8/10:   9%|â–‰         | 37/390 [00:00<00:01, 176.67it/s]
Predictor_2 Epoch 8/10:  15%|â–ˆâ–Œ        | 60/390 [00:00<00:01, 199.12it/s]
Predictor_2 Epoch 8/10:  21%|â–ˆâ–ˆ        | 81/390 [00:00<00:01, 194.94it/s]
Predictor_2 Epoch 8/10:  26%|â–ˆâ–ˆâ–‹       | 103/390 [00:00<00:01, 203.19it/s]
Predictor_2 Epoch 8/10:  32%|â–ˆâ–ˆâ–ˆâ–      | 125/390 [00:00<00:01, 200.50it/s]
Predictor_2 Epoch 8/10:  38%|â–ˆâ–ˆâ–ˆâ–Š      | 147/390 [00:00<00:01, 201.91it/s]
Predictor_2 Epoch 8/10:  43%|â–ˆâ–ˆâ–ˆâ–ˆâ–Ž     | 169/390 [00:00<00:01, 203.39it/s]
Predictor_2 Epoch 8/10:  49%|â–ˆâ–ˆâ–ˆâ–ˆâ–‰     | 192/390 [00:00<00:00, 210.74it/s]
Predictor_2 Epoch 8/10:  49%|â–ˆâ–ˆâ–ˆâ–ˆâ–‰     | 192/390 [00:00<00:00, 210.74it/s, acc=96.09%, loss=0.1722]
Predictor_2 Epoch 8/10:  55%|â–ˆâ–ˆâ–ˆâ–ˆâ–ˆâ–    | 214/390 [00:01<00:00, 205.13it/s, acc=96.09%, loss=0.1722]
Predictor_2 Epoch 8/10:  61%|â–ˆâ–ˆâ–ˆâ–ˆâ–ˆâ–ˆ    | 236/390 [00:01<00:00, 209.36it/s, acc=96.09%, loss=0.1722]
Predictor_2 Epoch 8/10:  66%|â–ˆâ–ˆâ–ˆâ–ˆâ–ˆâ–ˆâ–Œ   | 258/390 [00:01<00:00, 204.35it/s, acc=96.09%, loss=0.1722]
Predictor_2 Epoch 8/10:  72%|â–ˆâ–ˆâ–ˆâ–ˆâ–ˆâ–ˆâ–ˆâ–  | 281/390 [00:01<00:00, 204.29it/s, acc=96.09%, loss=0.1722]
Predictor_2 Epoch 8/10:  77%|â–ˆâ–ˆâ–ˆâ–ˆâ–ˆâ–ˆâ–ˆâ–‹  | 302/390 [00:01<00:00, 205.81it/s, acc=96.09%, loss=0.1722]
Predictor_2 Epoch 8/10:  83%|â–ˆâ–ˆâ–ˆâ–ˆâ–ˆâ–ˆâ–ˆâ–ˆâ–Ž | 325/390 [00:01<00:00, 205.19it/s, acc=96.09%, loss=0.1722]
Predictor_2 Epoch 8/10:  89%|â–ˆâ–ˆâ–ˆâ–ˆâ–ˆâ–ˆâ–ˆâ–ˆâ–Š | 346/390 [00:01<00:00, 206.28it/s, acc=96.09%, loss=0.1722]
Predictor_2 Epoch 8/10:  95%|â–ˆâ–ˆâ–ˆâ–ˆâ–ˆâ–ˆâ–ˆâ–ˆâ–ˆâ–| 369/390 [00:01<00:00, 205.65it/s, acc=96.09%, loss=0.1722]
Predictor_2 Epoch 8/10:  95%|â–ˆâ–ˆâ–ˆâ–ˆâ–ˆâ–ˆâ–ˆâ–ˆâ–ˆâ–| 369/390 [00:01<00:00, 205.65it/s, acc=97.66%, loss=0.0644]
Predictor_2 Epoch 8/10: 100%|â–ˆâ–ˆâ–ˆâ–ˆâ–ˆâ–ˆâ–ˆâ–ˆâ–ˆâ–ˆ| 390/390 [00:01<00:00, 205.58it/s, acc=97.66%, loss=0.0644]
                                                                                                   

Predictor_2 Epoch 9/10:   0%|          | 0/390 [00:00<?, ?it/s]
Predictor_2 Epoch 9/10:   4%|â–         | 17/390 [00:00<00:02, 148.58it/s]
Predictor_2 Epoch 9/10:  10%|â–ˆ         | 39/390 [00:00<00:01, 188.08it/s]
Predictor_2 Epoch 9/10:  16%|â–ˆâ–Œ        | 61/390 [00:00<00:01, 189.84it/s]
Predictor_2 Epoch 9/10:  21%|â–ˆâ–ˆâ–       | 83/390 [00:00<00:01, 199.15it/s]
Predictor_2 Epoch 9/10:  27%|â–ˆâ–ˆâ–‹       | 105/390 [00:00<00:01, 197.22it/s]
Predictor_2 Epoch 9/10:  33%|â–ˆâ–ˆâ–ˆâ–Ž      | 127/390 [00:00<00:01, 203.89it/s]
Predictor_2 Epoch 9/10:  38%|â–ˆâ–ˆâ–ˆâ–Š      | 149/390 [00:00<00:01, 199.85it/s]
Predictor_2 Epoch 9/10:  44%|â–ˆâ–ˆâ–ˆâ–ˆâ–     | 171/390 [00:00<00:01, 205.45it/s]
Predictor_2 Epoch 9/10:  49%|â–ˆâ–ˆâ–ˆâ–ˆâ–‰     | 193/390 [00:00<00:00, 201.09it/s]
Predictor_2 Epoch 9/10:  49%|â–ˆâ–ˆâ–ˆâ–ˆâ–‰     | 193/390 [00:01<00:00, 201.09it/s, acc=98.44%, loss=0.0653]
Predictor_2 Epoch 9/10:  55%|â–ˆâ–ˆâ–ˆâ–ˆâ–ˆâ–Œ    | 215/390 [00:01<00:00, 206.38it/s, acc=98.44%, loss=0.0653]
Predictor_2 Epoch 9/10:  61%|â–ˆâ–ˆâ–ˆâ–ˆâ–ˆâ–ˆ    | 237/390 [00:01<00:00, 202.16it/s, acc=98.44%, loss=0.0653]
Predictor_2 Epoch 9/10:  66%|â–ˆâ–ˆâ–ˆâ–ˆâ–ˆâ–ˆâ–‹   | 259/390 [00:01<00:00, 207.11it/s, acc=98.44%, loss=0.0653]
Predictor_2 Epoch 9/10:  72%|â–ˆâ–ˆâ–ˆâ–ˆâ–ˆâ–ˆâ–ˆâ–  | 281/390 [00:01<00:00, 203.08it/s, acc=98.44%, loss=0.0653]
Predictor_2 Epoch 9/10:  78%|â–ˆâ–ˆâ–ˆâ–ˆâ–ˆâ–ˆâ–ˆâ–Š  | 303/390 [00:01<00:00, 207.57it/s, acc=98.44%, loss=0.0653]
Predictor_2 Epoch 9/10:  83%|â–ˆâ–ˆâ–ˆâ–ˆâ–ˆâ–ˆâ–ˆâ–ˆâ–Ž | 325/390 [00:01<00:00, 203.46it/s, acc=98.44%, loss=0.0653]
Predictor_2 Epoch 9/10:  89%|â–ˆâ–ˆâ–ˆâ–ˆâ–ˆâ–ˆâ–ˆâ–ˆâ–‰ | 347/390 [00:01<00:00, 207.99it/s, acc=98.44%, loss=0.0653][codecarbon INFO @ 19:52:51] Energy consumed for RAM : 0.000470 kWh. RAM Power : 38.0 W

Predictor_2 Epoch 9/10:  95%|â–ˆâ–ˆâ–ˆâ–ˆâ–ˆâ–ˆâ–ˆâ–ˆâ–ˆâ–| 369/390 [00:01<00:00, 202.26it/s, acc=98.44%, loss=0.0653]
Predictor_2 Epoch 9/10:  95%|â–ˆâ–ˆâ–ˆâ–ˆâ–ˆâ–ˆâ–ˆâ–ˆâ–ˆâ–| 369/390 [00:01<00:00, 202.26it/s, acc=96.88%, loss=0.1399]
                                                                                                   
[codecarbon INFO @ 19:52:52] Delta energy consumed for CPU with cpu_load : 0.000328 kWh, power : 81.421875 W
[codecarbon INFO @ 19:52:52] Energy consumed for All CPU : 0.001002 kWh
[codecarbon INFO @ 19:52:52] Energy consumed for all GPUs : 0.000775 kWh. Total GPU Power : 62.90895694904804 W
[codecarbon INFO @ 19:52:52] 0.002246 kWh of electricity used since the beginning.

Predictor_2 Epoch 10/10:   0%|          | 0/390 [00:00<?, ?it/s]
Predictor_2 Epoch 10/10:   4%|â–         | 17/390 [00:00<00:02, 164.72it/s]
Predictor_2 Epoch 10/10:  10%|â–ˆ         | 39/390 [00:00<00:01, 194.65it/s]
Predictor_2 Epoch 10/10:  16%|â–ˆâ–Œ        | 61/390 [00:00<00:01, 194.02it/s]
Predictor_2 Epoch 10/10:  21%|â–ˆâ–ˆ        | 82/390 [00:00<00:01, 199.94it/s]
Predictor_2 Epoch 10/10:  26%|â–ˆâ–ˆâ–‹       | 103/390 [00:00<00:01, 201.67it/s]
Predictor_2 Epoch 10/10:  32%|â–ˆâ–ˆâ–ˆâ–      | 125/390 [00:00<00:01, 200.33it/s]
Predictor_2 Epoch 10/10:  38%|â–ˆâ–ˆâ–ˆâ–Š      | 147/390 [00:00<00:01, 206.03it/s]
Predictor_2 Epoch 10/10:  43%|â–ˆâ–ˆâ–ˆâ–ˆâ–Ž     | 169/390 [00:00<00:01, 202.63it/s]
Predictor_2 Epoch 10/10:  49%|â–ˆâ–ˆâ–ˆâ–ˆâ–‰     | 191/390 [00:00<00:00, 207.52it/s]
Predictor_2 Epoch 10/10:  49%|â–ˆâ–ˆâ–ˆâ–ˆâ–‰     | 191/390 [00:00<00:00, 207.52it/s, acc=95.31%, loss=0.1574]
Predictor_2 Epoch 10/10:  55%|â–ˆâ–ˆâ–ˆâ–ˆâ–ˆâ–    | 213/390 [00:01<00:00, 203.55it/s, acc=95.31%, loss=0.1574]
Predictor_2 Epoch 10/10:  60%|â–ˆâ–ˆâ–ˆâ–ˆâ–ˆâ–ˆ    | 235/390 [00:01<00:00, 207.38it/s, acc=95.31%, loss=0.1574]
Predictor_2 Epoch 10/10:  66%|â–ˆâ–ˆâ–ˆâ–ˆâ–ˆâ–ˆâ–Œ   | 257/390 [00:01<00:00, 203.88it/s, acc=95.31%, loss=0.1574]
Predictor_2 Epoch 10/10:  72%|â–ˆâ–ˆâ–ˆâ–ˆâ–ˆâ–ˆâ–ˆâ–  | 279/390 [00:01<00:00, 207.64it/s, acc=95.31%, loss=0.1574]
Predictor_2 Epoch 10/10:  77%|â–ˆâ–ˆâ–ˆâ–ˆâ–ˆâ–ˆâ–ˆâ–‹  | 300/390 [00:01<00:00, 207.71it/s, acc=95.31%, loss=0.1574]
Predictor_2 Epoch 10/10:  82%|â–ˆâ–ˆâ–ˆâ–ˆâ–ˆâ–ˆâ–ˆâ–ˆâ– | 321/390 [00:01<00:00, 203.09it/s, acc=95.31%, loss=0.1574]
Predictor_2 Epoch 10/10:  88%|â–ˆâ–ˆâ–ˆâ–ˆâ–ˆâ–ˆâ–ˆâ–ˆâ–Š | 343/390 [00:01<00:00, 206.60it/s, acc=95.31%, loss=0.1574]
Predictor_2 Epoch 10/10:  93%|â–ˆâ–ˆâ–ˆâ–ˆâ–ˆâ–ˆâ–ˆâ–ˆâ–ˆâ–Ž| 364/390 [00:01<00:00, 207.36it/s, acc=95.31%, loss=0.1574]
Predictor_2 Epoch 10/10:  99%|â–ˆâ–ˆâ–ˆâ–ˆâ–ˆâ–ˆâ–ˆâ–ˆâ–ˆâ–Š| 385/390 [00:01<00:00, 199.47it/s, acc=95.31%, loss=0.1574]
Predictor_2 Epoch 10/10:  99%|â–ˆâ–ˆâ–ˆâ–ˆâ–ˆâ–ˆâ–ˆâ–ˆâ–ˆâ–Š| 385/390 [00:01<00:00, 199.47it/s, acc=99.22%, loss=0.0313]
                                                                                                    

Predictor_3 Epoch 1/10:   0%|          | 0/390 [00:00<?, ?it/s]
Predictor_3 Epoch 1/10:   4%|â–         | 17/390 [00:00<00:02, 152.66it/s]
Predictor_3 Epoch 1/10:  10%|â–ˆ         | 39/390 [00:00<00:01, 190.32it/s]
Predictor_3 Epoch 1/10:  16%|â–ˆâ–Œ        | 61/390 [00:00<00:01, 191.70it/s]
Predictor_3 Epoch 1/10:  21%|â–ˆâ–ˆâ–       | 83/390 [00:00<00:01, 201.83it/s]
Predictor_3 Epoch 1/10:  27%|â–ˆâ–ˆâ–‹       | 105/390 [00:00<00:01, 198.26it/s]
Predictor_3 Epoch 1/10:  33%|â–ˆâ–ˆâ–ˆâ–Ž      | 127/390 [00:00<00:01, 204.67it/s]
Predictor_3 Epoch 1/10:  38%|â–ˆâ–ˆâ–ˆâ–Š      | 149/390 [00:00<00:01, 200.91it/s]
Predictor_3 Epoch 1/10:  44%|â–ˆâ–ˆâ–ˆâ–ˆâ–     | 171/390 [00:00<00:01, 206.35it/s]
Predictor_3 Epoch 1/10:  49%|â–ˆâ–ˆâ–ˆâ–ˆâ–‰     | 193/390 [00:00<00:00, 202.18it/s]
Predictor_3 Epoch 1/10:  49%|â–ˆâ–ˆâ–ˆâ–ˆâ–‰     | 193/390 [00:00<00:00, 202.18it/s, acc=92.97%, loss=0.2177]
Predictor_3 Epoch 1/10:  55%|â–ˆâ–ˆâ–ˆâ–ˆâ–ˆâ–Œ    | 215/390 [00:01<00:00, 206.70it/s, acc=92.97%, loss=0.2177]
Predictor_3 Epoch 1/10:  61%|â–ˆâ–ˆâ–ˆâ–ˆâ–ˆâ–ˆ    | 237/390 [00:01<00:00, 202.60it/s, acc=92.97%, loss=0.2177]
Predictor_3 Epoch 1/10:  66%|â–ˆâ–ˆâ–ˆâ–ˆâ–ˆâ–ˆâ–‹   | 259/390 [00:01<00:00, 207.30it/s, acc=92.97%, loss=0.2177]
Predictor_3 Epoch 1/10:  72%|â–ˆâ–ˆâ–ˆâ–ˆâ–ˆâ–ˆâ–ˆâ–  | 281/390 [00:01<00:00, 203.13it/s, acc=92.97%, loss=0.2177]
Predictor_3 Epoch 1/10:  78%|â–ˆâ–ˆâ–ˆâ–ˆâ–ˆâ–ˆâ–ˆâ–Š  | 303/390 [00:01<00:00, 207.50it/s, acc=92.97%, loss=0.2177]
Predictor_3 Epoch 1/10:  83%|â–ˆâ–ˆâ–ˆâ–ˆâ–ˆâ–ˆâ–ˆâ–ˆâ–Ž | 324/390 [00:01<00:00, 206.74it/s, acc=92.97%, loss=0.2177]
Predictor_3 Epoch 1/10:  88%|â–ˆâ–ˆâ–ˆâ–ˆâ–ˆâ–ˆâ–ˆâ–ˆâ–Š | 345/390 [00:01<00:00, 202.32it/s, acc=92.97%, loss=0.2177]
Predictor_3 Epoch 1/10:  94%|â–ˆâ–ˆâ–ˆâ–ˆâ–ˆâ–ˆâ–ˆâ–ˆâ–ˆâ–| 367/390 [00:01<00:00, 206.96it/s, acc=92.97%, loss=0.2177]
Predictor_3 Epoch 1/10:  99%|â–ˆâ–ˆâ–ˆâ–ˆâ–ˆâ–ˆâ–ˆâ–ˆâ–ˆâ–‰| 388/390 [00:01<00:00, 205.64it/s, acc=92.97%, loss=0.2177]
Predictor_3 Epoch 1/10:  99%|â–ˆâ–ˆâ–ˆâ–ˆâ–ˆâ–ˆâ–ˆâ–ˆâ–ˆâ–‰| 388/390 [00:01<00:00, 205.64it/s, acc=96.09%, loss=0.0949]
                                                                                                   

Predictor_3 Epoch 2/10:   0%|          | 0/390 [00:00<?, ?it/s]
Predictor_3 Epoch 2/10:   4%|â–         | 17/390 [00:00<00:02, 152.75it/s]
Predictor_3 Epoch 2/10:  10%|â–ˆ         | 39/390 [00:00<00:01, 189.74it/s]
Predictor_3 Epoch 2/10:  16%|â–ˆâ–Œ        | 61/390 [00:00<00:01, 191.97it/s]
Predictor_3 Epoch 2/10:  21%|â–ˆâ–ˆâ–       | 83/390 [00:00<00:01, 202.02it/s]
Predictor_3 Epoch 2/10:  27%|â–ˆâ–ˆâ–‹       | 104/390 [00:00<00:01, 204.51it/s]
Predictor_3 Epoch 2/10:  32%|â–ˆâ–ˆâ–ˆâ–      | 125/390 [00:00<00:01, 199.68it/s]
Predictor_3 Epoch 2/10:  38%|â–ˆâ–ˆâ–ˆâ–Š      | 147/390 [00:00<00:01, 205.46it/s]
Predictor_3 Epoch 2/10:  43%|â–ˆâ–ˆâ–ˆâ–ˆâ–Ž     | 168/390 [00:00<00:01, 205.26it/s]
Predictor_3 Epoch 2/10:  48%|â–ˆâ–ˆâ–ˆâ–ˆâ–Š     | 189/390 [00:00<00:00, 201.52it/s]
Predictor_3 Epoch 2/10:  48%|â–ˆâ–ˆâ–ˆâ–ˆâ–Š     | 189/390 [00:00<00:00, 201.52it/s, acc=96.88%, loss=0.0882]
Predictor_3 Epoch 2/10:  54%|â–ˆâ–ˆâ–ˆâ–ˆâ–ˆâ–    | 211/390 [00:01<00:00, 206.24it/s, acc=96.88%, loss=0.0882]
Predictor_3 Epoch 2/10:  59%|â–ˆâ–ˆâ–ˆâ–ˆâ–ˆâ–‰    | 232/390 [00:01<00:00, 205.71it/s, acc=96.88%, loss=0.0882]
Predictor_3 Epoch 2/10:  65%|â–ˆâ–ˆâ–ˆâ–ˆâ–ˆâ–ˆâ–   | 253/390 [00:01<00:00, 201.89it/s, acc=96.88%, loss=0.0882]
Predictor_3 Epoch 2/10:  71%|â–ˆâ–ˆâ–ˆâ–ˆâ–ˆâ–ˆâ–ˆ   | 275/390 [00:01<00:00, 206.97it/s, acc=96.88%, loss=0.0882]
Predictor_3 Epoch 2/10:  76%|â–ˆâ–ˆâ–ˆâ–ˆâ–ˆâ–ˆâ–ˆâ–Œ  | 296/390 [00:01<00:00, 204.50it/s, acc=96.88%, loss=0.0882]
Predictor_3 Epoch 2/10:  81%|â–ˆâ–ˆâ–ˆâ–ˆâ–ˆâ–ˆâ–ˆâ–ˆâ– | 317/390 [00:01<00:00, 203.07it/s, acc=96.88%, loss=0.0882]
Predictor_3 Epoch 2/10:  87%|â–ˆâ–ˆâ–ˆâ–ˆâ–ˆâ–ˆâ–ˆâ–ˆâ–‹ | 339/390 [00:01<00:00, 207.72it/s, acc=96.88%, loss=0.0882]
Predictor_3 Epoch 2/10:  92%|â–ˆâ–ˆâ–ˆâ–ˆâ–ˆâ–ˆâ–ˆâ–ˆâ–ˆâ–| 360/390 [00:01<00:00, 203.94it/s, acc=96.88%, loss=0.0882]
Predictor_3 Epoch 2/10:  98%|â–ˆâ–ˆâ–ˆâ–ˆâ–ˆâ–ˆâ–ˆâ–ˆâ–ˆâ–Š| 381/390 [00:01<00:00, 203.95it/s, acc=96.88%, loss=0.0882]
Predictor_3 Epoch 2/10:  98%|â–ˆâ–ˆâ–ˆâ–ˆâ–ˆâ–ˆâ–ˆâ–ˆâ–ˆâ–Š| 381/390 [00:01<00:00, 203.95it/s, acc=96.88%, loss=0.1121]
                                                                                                   

Predictor_3 Epoch 3/10:   0%|          | 0/390 [00:00<?, ?it/s]
Predictor_3 Epoch 3/10:   4%|â–         | 17/390 [00:00<00:02, 152.38it/s]
Predictor_3 Epoch 3/10:  10%|â–ˆ         | 39/390 [00:00<00:01, 189.84it/s]
Predictor_3 Epoch 3/10:  16%|â–ˆâ–Œ        | 61/390 [00:00<00:01, 192.56it/s]
Predictor_3 Epoch 3/10:  21%|â–ˆâ–ˆâ–       | 83/390 [00:00<00:01, 202.51it/s]
Predictor_3 Epoch 3/10:  27%|â–ˆâ–ˆâ–‹       | 105/390 [00:00<00:01, 199.11it/s]
Predictor_3 Epoch 3/10:  33%|â–ˆâ–ˆâ–ˆâ–Ž      | 127/390 [00:00<00:01, 205.58it/s]
Predictor_3 Epoch 3/10:  38%|â–ˆâ–ˆâ–ˆâ–Š      | 149/390 [00:00<00:01, 201.28it/s]
Predictor_3 Epoch 3/10:  44%|â–ˆâ–ˆâ–ˆâ–ˆâ–     | 171/390 [00:00<00:01, 206.55it/s]
Predictor_3 Epoch 3/10:  49%|â–ˆâ–ˆâ–ˆâ–ˆâ–‰     | 193/390 [00:00<00:00, 202.23it/s]
Predictor_3 Epoch 3/10:  49%|â–ˆâ–ˆâ–ˆâ–ˆâ–‰     | 193/390 [00:00<00:00, 202.23it/s, acc=98.44%, loss=0.0384]
Predictor_3 Epoch 3/10:  55%|â–ˆâ–ˆâ–ˆâ–ˆâ–ˆâ–Œ    | 215/390 [00:01<00:00, 207.12it/s, acc=98.44%, loss=0.0384]
Predictor_3 Epoch 3/10:  61%|â–ˆâ–ˆâ–ˆâ–ˆâ–ˆâ–ˆ    | 236/390 [00:01<00:00, 205.91it/s, acc=98.44%, loss=0.0384]
Predictor_3 Epoch 3/10:  66%|â–ˆâ–ˆâ–ˆâ–ˆâ–ˆâ–ˆâ–Œ   | 257/390 [00:01<00:00, 202.82it/s, acc=98.44%, loss=0.0384]
Predictor_3 Epoch 3/10:  72%|â–ˆâ–ˆâ–ˆâ–ˆâ–ˆâ–ˆâ–ˆâ–  | 279/390 [00:01<00:00, 207.55it/s, acc=98.44%, loss=0.0384]
Predictor_3 Epoch 3/10:  77%|â–ˆâ–ˆâ–ˆâ–ˆâ–ˆâ–ˆâ–ˆâ–‹  | 300/390 [00:01<00:00, 206.73it/s, acc=98.44%, loss=0.0384]
Predictor_3 Epoch 3/10:  82%|â–ˆâ–ˆâ–ˆâ–ˆâ–ˆâ–ˆâ–ˆâ–ˆâ– | 321/390 [00:01<00:00, 202.52it/s, acc=98.44%, loss=0.0384]
Predictor_3 Epoch 3/10:  88%|â–ˆâ–ˆâ–ˆâ–ˆâ–ˆâ–ˆâ–ˆâ–ˆâ–Š | 343/390 [00:01<00:00, 207.25it/s, acc=98.44%, loss=0.0384]
Predictor_3 Epoch 3/10:  94%|â–ˆâ–ˆâ–ˆâ–ˆâ–ˆâ–ˆâ–ˆâ–ˆâ–ˆâ–Ž| 365/390 [00:01<00:00, 202.88it/s, acc=98.44%, loss=0.0384]
Predictor_3 Epoch 3/10:  99%|â–ˆâ–ˆâ–ˆâ–ˆâ–ˆâ–ˆâ–ˆâ–ˆâ–ˆâ–‰| 386/390 [00:01<00:00, 203.80it/s, acc=98.44%, loss=0.0384]
Predictor_3 Epoch 3/10:  99%|â–ˆâ–ˆâ–ˆâ–ˆâ–ˆâ–ˆâ–ˆâ–ˆâ–ˆâ–‰| 386/390 [00:01<00:00, 203.80it/s, acc=96.88%, loss=0.0926]
                                                                                                   

Predictor_3 Epoch 4/10:   0%|          | 0/390 [00:00<?, ?it/s]
Predictor_3 Epoch 4/10:   4%|â–         | 17/390 [00:00<00:02, 152.32it/s]
Predictor_3 Epoch 4/10:  10%|â–‰         | 38/390 [00:00<00:01, 184.06it/s]
Predictor_3 Epoch 4/10:  15%|â–ˆâ–Œ        | 60/390 [00:00<00:01, 199.11it/s]
Predictor_3 Epoch 4/10:  21%|â–ˆâ–ˆ        | 81/390 [00:00<00:01, 195.63it/s]
Predictor_3 Epoch 4/10:  26%|â–ˆâ–ˆâ–Œ       | 102/390 [00:00<00:01, 199.37it/s]
Predictor_3 Epoch 4/10:  32%|â–ˆâ–ˆâ–ˆâ–      | 124/390 [00:00<00:01, 205.61it/s]
Predictor_3 Epoch 4/10:  37%|â–ˆâ–ˆâ–ˆâ–‹      | 145/390 [00:00<00:01, 201.46it/s]
Predictor_3 Epoch 4/10:  43%|â–ˆâ–ˆâ–ˆâ–ˆâ–Ž     | 166/390 [00:00<00:01, 201.56it/s]
Predictor_3 Epoch 4/10:  48%|â–ˆâ–ˆâ–ˆâ–ˆâ–Š     | 188/390 [00:00<00:00, 206.48it/s]
Predictor_3 Epoch 4/10:  48%|â–ˆâ–ˆâ–ˆâ–ˆâ–Š     | 188/390 [00:00<00:00, 206.48it/s, acc=96.09%, loss=0.1127]
Predictor_3 Epoch 4/10:  54%|â–ˆâ–ˆâ–ˆâ–ˆâ–ˆâ–Ž    | 209/390 [00:01<00:00, 200.74it/s, acc=96.09%, loss=0.1127]
Predictor_3 Epoch 4/10:  59%|â–ˆâ–ˆâ–ˆâ–ˆâ–ˆâ–‰    | 230/390 [00:01<00:00, 201.98it/s, acc=96.09%, loss=0.1127]
Predictor_3 Epoch 4/10:  65%|â–ˆâ–ˆâ–ˆâ–ˆâ–ˆâ–ˆâ–   | 252/390 [00:01<00:00, 206.60it/s, acc=96.09%, loss=0.1127]
Predictor_3 Epoch 4/10:  70%|â–ˆâ–ˆâ–ˆâ–ˆâ–ˆâ–ˆâ–ˆ   | 273/390 [00:01<00:00, 205.08it/s, acc=96.09%, loss=0.1127]
Predictor_3 Epoch 4/10:  75%|â–ˆâ–ˆâ–ˆâ–ˆâ–ˆâ–ˆâ–ˆâ–Œ  | 294/390 [00:01<00:00, 201.91it/s, acc=96.09%, loss=0.1127]
Predictor_3 Epoch 4/10:  81%|â–ˆâ–ˆâ–ˆâ–ˆâ–ˆâ–ˆâ–ˆâ–ˆ  | 316/390 [00:01<00:00, 204.43it/s, acc=96.09%, loss=0.1127]
Predictor_3 Epoch 4/10:  87%|â–ˆâ–ˆâ–ˆâ–ˆâ–ˆâ–ˆâ–ˆâ–ˆâ–‹ | 338/390 [00:01<00:00, 202.62it/s, acc=96.09%, loss=0.1127]
Predictor_3 Epoch 4/10:  92%|â–ˆâ–ˆâ–ˆâ–ˆâ–ˆâ–ˆâ–ˆâ–ˆâ–ˆâ–| 360/390 [00:01<00:00, 206.44it/s, acc=96.09%, loss=0.1127]
Predictor_3 Epoch 4/10:  98%|â–ˆâ–ˆâ–ˆâ–ˆâ–ˆâ–ˆâ–ˆâ–ˆâ–ˆâ–Š| 381/390 [00:01<00:00, 206.63it/s, acc=96.09%, loss=0.1127]
Predictor_3 Epoch 4/10:  98%|â–ˆâ–ˆâ–ˆâ–ˆâ–ˆâ–ˆâ–ˆâ–ˆâ–ˆâ–Š| 381/390 [00:01<00:00, 206.63it/s, acc=97.66%, loss=0.0507]
                                                                                                   

Predictor_3 Epoch 5/10:   0%|          | 0/390 [00:00<?, ?it/s]
Predictor_3 Epoch 5/10:   4%|â–         | 17/390 [00:00<00:02, 153.11it/s]
Predictor_3 Epoch 5/10:  10%|â–‰         | 38/390 [00:00<00:01, 184.40it/s]
Predictor_3 Epoch 5/10:  15%|â–ˆâ–Œ        | 60/390 [00:00<00:01, 199.47it/s]
Predictor_3 Epoch 5/10:  21%|â–ˆâ–ˆ        | 81/390 [00:00<00:01, 194.12it/s]
Predictor_3 Epoch 5/10:  26%|â–ˆâ–ˆâ–‹       | 103/390 [00:00<00:01, 202.15it/s]
Predictor_3 Epoch 5/10:  32%|â–ˆâ–ˆâ–ˆâ–      | 125/390 [00:00<00:01, 199.16it/s]
Predictor_3 Epoch 5/10:  38%|â–ˆâ–ˆâ–ˆâ–Š      | 147/390 [00:00<00:01, 204.65it/s]
Predictor_3 Epoch 5/10:  43%|â–ˆâ–ˆâ–ˆâ–ˆâ–Ž     | 168/390 [00:00<00:01, 205.33it/s]
Predictor_3 Epoch 5/10:  48%|â–ˆâ–ˆâ–ˆâ–ˆâ–Š     | 189/390 [00:00<00:01, 199.92it/s]
Predictor_3 Epoch 5/10:  48%|â–ˆâ–ˆâ–ˆâ–ˆâ–Š     | 189/390 [00:00<00:01, 199.92it/s, acc=98.44%, loss=0.0749]
Predictor_3 Epoch 5/10:  54%|â–ˆâ–ˆâ–ˆâ–ˆâ–ˆâ–    | 210/390 [00:01<00:00, 202.68it/s, acc=98.44%, loss=0.0749]
Predictor_3 Epoch 5/10:  59%|â–ˆâ–ˆâ–ˆâ–ˆâ–ˆâ–‰    | 231/390 [00:01<00:00, 204.25it/s, acc=98.44%, loss=0.0749]
Predictor_3 Epoch 5/10:  65%|â–ˆâ–ˆâ–ˆâ–ˆâ–ˆâ–ˆâ–   | 252/390 [00:01<00:00, 205.67it/s, acc=98.44%, loss=0.0749]
Predictor_3 Epoch 5/10:  70%|â–ˆâ–ˆâ–ˆâ–ˆâ–ˆâ–ˆâ–ˆ   | 273/390 [00:01<00:00, 199.72it/s, acc=98.44%, loss=0.0749]
Predictor_3 Epoch 5/10:  75%|â–ˆâ–ˆâ–ˆâ–ˆâ–ˆâ–ˆâ–ˆâ–Œ  | 294/390 [00:01<00:00, 202.17it/s, acc=98.44%, loss=0.0749]
Predictor_3 Epoch 5/10:  81%|â–ˆâ–ˆâ–ˆâ–ˆâ–ˆâ–ˆâ–ˆâ–ˆ  | 315/390 [00:01<00:00, 204.02it/s, acc=98.44%, loss=0.0749]
Predictor_3 Epoch 5/10:  86%|â–ˆâ–ˆâ–ˆâ–ˆâ–ˆâ–ˆâ–ˆâ–ˆâ–Œ | 336/390 [00:01<00:00, 205.54it/s, acc=98.44%, loss=0.0749]
Predictor_3 Epoch 5/10:  92%|â–ˆâ–ˆâ–ˆâ–ˆâ–ˆâ–ˆâ–ˆâ–ˆâ–ˆâ–| 357/390 [00:01<00:00, 199.27it/s, acc=98.44%, loss=0.0749]
Predictor_3 Epoch 5/10:  97%|â–ˆâ–ˆâ–ˆâ–ˆâ–ˆâ–ˆâ–ˆâ–ˆâ–ˆâ–‹| 378/390 [00:01<00:00, 202.04it/s, acc=98.44%, loss=0.0749]
Predictor_3 Epoch 5/10:  97%|â–ˆâ–ˆâ–ˆâ–ˆâ–ˆâ–ˆâ–ˆâ–ˆâ–ˆâ–‹| 378/390 [00:01<00:00, 202.04it/s, acc=100.00%, loss=0.0267]
                                                                                                    

Predictor_3 Epoch 6/10:   0%|          | 0/390 [00:00<?, ?it/s]
Predictor_3 Epoch 6/10:   4%|â–         | 17/390 [00:00<00:02, 162.17it/s]
Predictor_3 Epoch 6/10:  10%|â–‰         | 38/390 [00:00<00:01, 187.30it/s]
Predictor_3 Epoch 6/10:  15%|â–ˆâ–Œ        | 60/390 [00:00<00:01, 200.96it/s]
Predictor_3 Epoch 6/10:  21%|â–ˆâ–ˆ        | 81/390 [00:00<00:01, 198.10it/s][codecarbon INFO @ 19:53:06] Energy consumed for RAM : 0.000623 kWh. RAM Power : 38.0 W

Predictor_3 Epoch 6/10:  26%|â–ˆâ–ˆâ–Œ       | 102/390 [00:00<00:01, 199.75it/s]
Predictor_3 Epoch 6/10:  32%|â–ˆâ–ˆâ–ˆâ–      | 124/390 [00:00<00:01, 205.59it/s]
Predictor_3 Epoch 6/10:  37%|â–ˆâ–ˆâ–ˆâ–‹      | 145/390 [00:00<00:01, 202.47it/s]
Predictor_3 Epoch 6/10:  43%|â–ˆâ–ˆâ–ˆâ–ˆâ–Ž     | 166/390 [00:00<00:01, 203.01it/s]
Predictor_3 Epoch 6/10:  48%|â–ˆâ–ˆâ–ˆâ–ˆâ–Š     | 188/390 [00:00<00:00, 207.73it/s]
Predictor_3 Epoch 6/10:  48%|â–ˆâ–ˆâ–ˆâ–ˆâ–Š     | 188/390 [00:00<00:00, 207.73it/s, acc=100.00%, loss=0.0112][codecarbon INFO @ 19:53:07] Delta energy consumed for CPU with cpu_load : 0.000329 kWh, power : 81.7875 W
[codecarbon INFO @ 19:53:07] Energy consumed for All CPU : 0.001331 kWh
[codecarbon INFO @ 19:53:07] Energy consumed for all GPUs : 0.001050 kWh. Total GPU Power : 66.14934241175366 W
[codecarbon INFO @ 19:53:07] 0.003004 kWh of electricity used since the beginning.

Predictor_3 Epoch 6/10:  54%|â–ˆâ–ˆâ–ˆâ–ˆâ–ˆâ–Ž    | 209/390 [00:01<00:00, 203.44it/s, acc=100.00%, loss=0.0112]
Predictor_3 Epoch 6/10:  59%|â–ˆâ–ˆâ–ˆâ–ˆâ–ˆâ–‰    | 230/390 [00:01<00:00, 204.09it/s, acc=100.00%, loss=0.0112]
Predictor_3 Epoch 6/10:  65%|â–ˆâ–ˆâ–ˆâ–ˆâ–ˆâ–ˆâ–   | 252/390 [00:01<00:00, 208.59it/s, acc=100.00%, loss=0.0112]
Predictor_3 Epoch 6/10:  70%|â–ˆâ–ˆâ–ˆâ–ˆâ–ˆâ–ˆâ–ˆ   | 273/390 [00:01<00:00, 203.34it/s, acc=100.00%, loss=0.0112]
Predictor_3 Epoch 6/10:  75%|â–ˆâ–ˆâ–ˆâ–ˆâ–ˆâ–ˆâ–ˆâ–Œ  | 294/390 [00:01<00:00, 205.07it/s, acc=100.00%, loss=0.0112]
Predictor_3 Epoch 6/10:  81%|â–ˆâ–ˆâ–ˆâ–ˆâ–ˆâ–ˆâ–ˆâ–ˆ  | 316/390 [00:01<00:00, 207.55it/s, acc=100.00%, loss=0.0112]
Predictor_3 Epoch 6/10:  86%|â–ˆâ–ˆâ–ˆâ–ˆâ–ˆâ–ˆâ–ˆâ–ˆâ–‹ | 337/390 [00:01<00:00, 203.41it/s, acc=100.00%, loss=0.0112]
Predictor_3 Epoch 6/10:  92%|â–ˆâ–ˆâ–ˆâ–ˆâ–ˆâ–ˆâ–ˆâ–ˆâ–ˆâ–| 359/390 [00:01<00:00, 207.35it/s, acc=100.00%, loss=0.0112]
Predictor_3 Epoch 6/10:  97%|â–ˆâ–ˆâ–ˆâ–ˆâ–ˆâ–ˆâ–ˆâ–ˆâ–ˆâ–‹| 380/390 [00:01<00:00, 205.99it/s, acc=100.00%, loss=0.0112]
Predictor_3 Epoch 6/10:  97%|â–ˆâ–ˆâ–ˆâ–ˆâ–ˆâ–ˆâ–ˆâ–ˆâ–ˆâ–‹| 380/390 [00:01<00:00, 205.99it/s, acc=98.44%, loss=0.0484] 
                                                                                                   

Predictor_3 Epoch 7/10:   0%|          | 0/390 [00:00<?, ?it/s]
Predictor_3 Epoch 7/10:   4%|â–         | 17/390 [00:00<00:02, 154.88it/s]
Predictor_3 Epoch 7/10:  10%|â–ˆ         | 39/390 [00:00<00:01, 189.99it/s]
Predictor_3 Epoch 7/10:  16%|â–ˆâ–Œ        | 61/390 [00:00<00:01, 193.03it/s]
Predictor_3 Epoch 7/10:  21%|â–ˆâ–ˆâ–       | 83/390 [00:00<00:01, 199.84it/s]
Predictor_3 Epoch 7/10:  27%|â–ˆâ–ˆâ–‹       | 105/390 [00:00<00:01, 200.99it/s]
Predictor_3 Epoch 7/10:  33%|â–ˆâ–ˆâ–ˆâ–Ž      | 127/390 [00:00<00:01, 204.76it/s]
Predictor_3 Epoch 7/10:  38%|â–ˆâ–ˆâ–ˆâ–Š      | 149/390 [00:00<00:01, 203.00it/s]
Predictor_3 Epoch 7/10:  44%|â–ˆâ–ˆâ–ˆâ–ˆâ–     | 171/390 [00:00<00:01, 204.99it/s]
Predictor_3 Epoch 7/10:  49%|â–ˆâ–ˆâ–ˆâ–ˆâ–‰     | 193/390 [00:00<00:00, 204.33it/s]
Predictor_3 Epoch 7/10:  49%|â–ˆâ–ˆâ–ˆâ–ˆâ–‰     | 193/390 [00:00<00:00, 204.33it/s, acc=97.66%, loss=0.1076]
Predictor_3 Epoch 7/10:  55%|â–ˆâ–ˆâ–ˆâ–ˆâ–ˆâ–Œ    | 215/390 [00:01<00:00, 205.15it/s, acc=97.66%, loss=0.1076]
Predictor_3 Epoch 7/10:  61%|â–ˆâ–ˆâ–ˆâ–ˆâ–ˆâ–ˆ    | 237/390 [00:01<00:00, 205.32it/s, acc=97.66%, loss=0.1076]
Predictor_3 Epoch 7/10:  66%|â–ˆâ–ˆâ–ˆâ–ˆâ–ˆâ–ˆâ–‹   | 259/390 [00:01<00:00, 204.98it/s, acc=97.66%, loss=0.1076]
Predictor_3 Epoch 7/10:  72%|â–ˆâ–ˆâ–ˆâ–ˆâ–ˆâ–ˆâ–ˆâ–  | 281/390 [00:01<00:00, 206.00it/s, acc=97.66%, loss=0.1076]
Predictor_3 Epoch 7/10:  78%|â–ˆâ–ˆâ–ˆâ–ˆâ–ˆâ–ˆâ–ˆâ–Š  | 303/390 [00:01<00:00, 204.88it/s, acc=97.66%, loss=0.1076]
Predictor_3 Epoch 7/10:  83%|â–ˆâ–ˆâ–ˆâ–ˆâ–ˆâ–ˆâ–ˆâ–ˆâ–Ž | 325/390 [00:01<00:00, 206.30it/s, acc=97.66%, loss=0.1076]
Predictor_3 Epoch 7/10:  89%|â–ˆâ–ˆâ–ˆâ–ˆâ–ˆâ–ˆâ–ˆâ–ˆâ–‰ | 347/390 [00:01<00:00, 204.45it/s, acc=97.66%, loss=0.1076]
Predictor_3 Epoch 7/10:  95%|â–ˆâ–ˆâ–ˆâ–ˆâ–ˆâ–ˆâ–ˆâ–ˆâ–ˆâ–| 369/390 [00:01<00:00, 206.67it/s, acc=97.66%, loss=0.1076]
Predictor_3 Epoch 7/10:  95%|â–ˆâ–ˆâ–ˆâ–ˆâ–ˆâ–ˆâ–ˆâ–ˆâ–ˆâ–| 369/390 [00:01<00:00, 206.67it/s, acc=97.66%, loss=0.0353]
Predictor_3 Epoch 7/10: 100%|â–ˆâ–ˆâ–ˆâ–ˆâ–ˆâ–ˆâ–ˆâ–ˆâ–ˆâ–ˆ| 390/390 [00:01<00:00, 207.06it/s, acc=97.66%, loss=0.0353]
                                                                                                   

Predictor_3 Epoch 8/10:   0%|          | 0/390 [00:00<?, ?it/s]
Predictor_3 Epoch 8/10:   4%|â–         | 17/390 [00:00<00:02, 153.14it/s]
Predictor_3 Epoch 8/10:  10%|â–ˆ         | 39/390 [00:00<00:01, 189.73it/s]
Predictor_3 Epoch 8/10:  16%|â–ˆâ–Œ        | 61/390 [00:00<00:01, 193.07it/s]
Predictor_3 Epoch 8/10:  21%|â–ˆâ–ˆâ–       | 83/390 [00:00<00:01, 202.16it/s]
Predictor_3 Epoch 8/10:  27%|â–ˆâ–ˆâ–‹       | 104/390 [00:00<00:01, 203.91it/s]
Predictor_3 Epoch 8/10:  32%|â–ˆâ–ˆâ–ˆâ–      | 125/390 [00:00<00:01, 200.89it/s]
Predictor_3 Epoch 8/10:  38%|â–ˆâ–ˆâ–ˆâ–Š      | 147/390 [00:00<00:01, 204.80it/s]
Predictor_3 Epoch 8/10:  43%|â–ˆâ–ˆâ–ˆâ–ˆâ–Ž     | 169/390 [00:00<00:01, 203.21it/s]
Predictor_3 Epoch 8/10:  49%|â–ˆâ–ˆâ–ˆâ–ˆâ–‰     | 191/390 [00:00<00:00, 205.43it/s]
Predictor_3 Epoch 8/10:  49%|â–ˆâ–ˆâ–ˆâ–ˆâ–‰     | 191/390 [00:00<00:00, 205.43it/s, acc=98.44%, loss=0.0368]
Predictor_3 Epoch 8/10:  55%|â–ˆâ–ˆâ–ˆâ–ˆâ–ˆâ–    | 213/390 [00:01<00:00, 204.11it/s, acc=98.44%, loss=0.0368]
Predictor_3 Epoch 8/10:  60%|â–ˆâ–ˆâ–ˆâ–ˆâ–ˆâ–ˆ    | 235/390 [00:01<00:00, 205.64it/s, acc=98.44%, loss=0.0368]
Predictor_3 Epoch 8/10:  66%|â–ˆâ–ˆâ–ˆâ–ˆâ–ˆâ–ˆâ–Œ   | 257/390 [00:01<00:00, 204.92it/s, acc=98.44%, loss=0.0368]
Predictor_3 Epoch 8/10:  72%|â–ˆâ–ˆâ–ˆâ–ˆâ–ˆâ–ˆâ–ˆâ–  | 279/390 [00:01<00:00, 205.26it/s, acc=98.44%, loss=0.0368]
Predictor_3 Epoch 8/10:  77%|â–ˆâ–ˆâ–ˆâ–ˆâ–ˆâ–ˆâ–ˆâ–‹  | 301/390 [00:01<00:00, 205.43it/s, acc=98.44%, loss=0.0368]
Predictor_3 Epoch 8/10:  83%|â–ˆâ–ˆâ–ˆâ–ˆâ–ˆâ–ˆâ–ˆâ–ˆâ–Ž | 323/390 [00:01<00:00, 205.09it/s, acc=98.44%, loss=0.0368]
Predictor_3 Epoch 8/10:  88%|â–ˆâ–ˆâ–ˆâ–ˆâ–ˆâ–ˆâ–ˆâ–ˆâ–Š | 345/390 [00:01<00:00, 205.65it/s, acc=98.44%, loss=0.0368]
Predictor_3 Epoch 8/10:  94%|â–ˆâ–ˆâ–ˆâ–ˆâ–ˆâ–ˆâ–ˆâ–ˆâ–ˆâ–| 367/390 [00:01<00:00, 204.90it/s, acc=98.44%, loss=0.0368]
Predictor_3 Epoch 8/10:  99%|â–ˆâ–ˆâ–ˆâ–ˆâ–ˆâ–ˆâ–ˆâ–ˆâ–ˆâ–‰| 388/390 [00:01<00:00, 198.12it/s, acc=98.44%, loss=0.0368]
Predictor_3 Epoch 8/10:  99%|â–ˆâ–ˆâ–ˆâ–ˆâ–ˆâ–ˆâ–ˆâ–ˆâ–ˆâ–‰| 388/390 [00:01<00:00, 198.12it/s, acc=97.66%, loss=0.0801]
                                                                                                   

Predictor_3 Epoch 9/10:   0%|          | 0/390 [00:00<?, ?it/s]
Predictor_3 Epoch 9/10:   4%|â–         | 17/390 [00:00<00:02, 153.67it/s]
Predictor_3 Epoch 9/10:  10%|â–ˆ         | 39/390 [00:00<00:01, 189.07it/s]
Predictor_3 Epoch 9/10:  16%|â–ˆâ–Œ        | 61/390 [00:00<00:01, 191.35it/s]
Predictor_3 Epoch 9/10:  21%|â–ˆâ–ˆâ–       | 83/390 [00:00<00:01, 200.72it/s]
Predictor_3 Epoch 9/10:  27%|â–ˆâ–ˆâ–‹       | 105/390 [00:00<00:01, 198.10it/s]
Predictor_3 Epoch 9/10:  32%|â–ˆâ–ˆâ–ˆâ–      | 126/390 [00:00<00:01, 201.45it/s]
Predictor_3 Epoch 9/10:  38%|â–ˆâ–ˆâ–ˆâ–Š      | 148/390 [00:00<00:01, 206.36it/s]
Predictor_3 Epoch 9/10:  43%|â–ˆâ–ˆâ–ˆâ–ˆâ–Ž     | 169/390 [00:00<00:01, 200.30it/s]
Predictor_3 Epoch 9/10:  49%|â–ˆâ–ˆâ–ˆâ–ˆâ–‰     | 191/390 [00:00<00:00, 205.04it/s]
Predictor_3 Epoch 9/10:  49%|â–ˆâ–ˆâ–ˆâ–ˆâ–‰     | 191/390 [00:01<00:00, 205.04it/s, acc=99.22%, loss=0.0334]
Predictor_3 Epoch 9/10:  54%|â–ˆâ–ˆâ–ˆâ–ˆâ–ˆâ–    | 212/390 [00:01<00:00, 206.40it/s, acc=99.22%, loss=0.0334]
Predictor_3 Epoch 9/10:  60%|â–ˆâ–ˆâ–ˆâ–ˆâ–ˆâ–‰    | 233/390 [00:01<00:00, 200.84it/s, acc=99.22%, loss=0.0334]
Predictor_3 Epoch 9/10:  65%|â–ˆâ–ˆâ–ˆâ–ˆâ–ˆâ–ˆâ–Œ   | 255/390 [00:01<00:00, 204.64it/s, acc=99.22%, loss=0.0334]
Predictor_3 Epoch 9/10:  71%|â–ˆâ–ˆâ–ˆâ–ˆâ–ˆâ–ˆâ–ˆ   | 277/390 [00:01<00:00, 202.77it/s, acc=99.22%, loss=0.0334]
Predictor_3 Epoch 9/10:  77%|â–ˆâ–ˆâ–ˆâ–ˆâ–ˆâ–ˆâ–ˆâ–‹  | 299/390 [00:01<00:00, 204.85it/s, acc=99.22%, loss=0.0334]
Predictor_3 Epoch 9/10:  82%|â–ˆâ–ˆâ–ˆâ–ˆâ–ˆâ–ˆâ–ˆâ–ˆâ– | 321/390 [00:01<00:00, 204.33it/s, acc=99.22%, loss=0.0334]
Predictor_3 Epoch 9/10:  88%|â–ˆâ–ˆâ–ˆâ–ˆâ–ˆâ–ˆâ–ˆâ–ˆâ–Š | 343/390 [00:01<00:00, 204.69it/s, acc=99.22%, loss=0.0334]
Predictor_3 Epoch 9/10:  93%|â–ˆâ–ˆâ–ˆâ–ˆâ–ˆâ–ˆâ–ˆâ–ˆâ–ˆâ–Ž| 364/390 [00:01<00:00, 204.73it/s, acc=99.22%, loss=0.0334]
Predictor_3 Epoch 9/10:  99%|â–ˆâ–ˆâ–ˆâ–ˆâ–ˆâ–ˆâ–ˆâ–ˆâ–ˆâ–Š| 385/390 [00:01<00:00, 198.66it/s, acc=99.22%, loss=0.0334]
Predictor_3 Epoch 9/10:  99%|â–ˆâ–ˆâ–ˆâ–ˆâ–ˆâ–ˆâ–ˆâ–ˆâ–ˆâ–Š| 385/390 [00:01<00:00, 198.66it/s, acc=99.22%, loss=0.0234]
                                                                                                   

Predictor_3 Epoch 10/10:   0%|          | 0/390 [00:00<?, ?it/s]
Predictor_3 Epoch 10/10:   4%|â–         | 17/390 [00:00<00:02, 149.06it/s]
Predictor_3 Epoch 10/10:  10%|â–ˆ         | 39/390 [00:00<00:01, 186.92it/s]
Predictor_3 Epoch 10/10:  15%|â–ˆâ–Œ        | 60/390 [00:00<00:01, 196.86it/s]
Predictor_3 Epoch 10/10:  21%|â–ˆâ–ˆ        | 81/390 [00:00<00:01, 193.58it/s]
Predictor_3 Epoch 10/10:  26%|â–ˆâ–ˆâ–‹       | 103/390 [00:00<00:01, 201.97it/s]
Predictor_3 Epoch 10/10:  32%|â–ˆâ–ˆâ–ˆâ–      | 124/390 [00:00<00:01, 203.92it/s]
Predictor_3 Epoch 10/10:  37%|â–ˆâ–ˆâ–ˆâ–‹      | 145/390 [00:00<00:01, 199.13it/s]
Predictor_3 Epoch 10/10:  43%|â–ˆâ–ˆâ–ˆâ–ˆâ–Ž     | 167/390 [00:00<00:01, 202.79it/s]
Predictor_3 Epoch 10/10:  48%|â–ˆâ–ˆâ–ˆâ–ˆâ–Š     | 188/390 [00:00<00:00, 204.50it/s]
Predictor_3 Epoch 10/10:  48%|â–ˆâ–ˆâ–ˆâ–ˆâ–Š     | 188/390 [00:01<00:00, 204.50it/s, acc=99.22%, loss=0.0191]
Predictor_3 Epoch 10/10:  54%|â–ˆâ–ˆâ–ˆâ–ˆâ–ˆâ–Ž    | 209/390 [00:01<00:00, 200.89it/s, acc=99.22%, loss=0.0191]
Predictor_3 Epoch 10/10:  59%|â–ˆâ–ˆâ–ˆâ–ˆâ–ˆâ–‰    | 231/390 [00:01<00:00, 202.75it/s, acc=99.22%, loss=0.0191]
Predictor_3 Epoch 10/10:  65%|â–ˆâ–ˆâ–ˆâ–ˆâ–ˆâ–ˆâ–   | 252/390 [00:01<00:00, 204.74it/s, acc=99.22%, loss=0.0191]
Predictor_3 Epoch 10/10:  70%|â–ˆâ–ˆâ–ˆâ–ˆâ–ˆâ–ˆâ–ˆ   | 273/390 [00:01<00:00, 203.24it/s, acc=99.22%, loss=0.0191]
Predictor_3 Epoch 10/10:  76%|â–ˆâ–ˆâ–ˆâ–ˆâ–ˆâ–ˆâ–ˆâ–Œ  | 295/390 [00:01<00:00, 200.25it/s, acc=99.22%, loss=0.0191]
Predictor_3 Epoch 10/10:  81%|â–ˆâ–ˆâ–ˆâ–ˆâ–ˆâ–ˆâ–ˆâ–ˆâ– | 317/390 [00:01<00:00, 205.32it/s, acc=99.22%, loss=0.0191]
Predictor_3 Epoch 10/10:  87%|â–ˆâ–ˆâ–ˆâ–ˆâ–ˆâ–ˆâ–ˆâ–ˆâ–‹ | 338/390 [00:01<00:00, 204.11it/s, acc=99.22%, loss=0.0191]
Predictor_3 Epoch 10/10:  92%|â–ˆâ–ˆâ–ˆâ–ˆâ–ˆâ–ˆâ–ˆâ–ˆâ–ˆâ–| 359/390 [00:01<00:00, 201.47it/s, acc=99.22%, loss=0.0191]
Predictor_3 Epoch 10/10:  97%|â–ˆâ–ˆâ–ˆâ–ˆâ–ˆâ–ˆâ–ˆâ–ˆâ–ˆâ–‹| 380/390 [00:01<00:00, 203.16it/s, acc=99.22%, loss=0.0191]
Predictor_3 Epoch 10/10:  97%|â–ˆâ–ˆâ–ˆâ–ˆâ–ˆâ–ˆâ–ˆâ–ˆâ–ˆâ–‹| 380/390 [00:01<00:00, 203.16it/s, acc=99.22%, loss=0.0201]
                                                                                                    

Evaluating CaFo (sum):   0%|          | 0/40 [00:00<?, ?it/s]
Evaluating CaFo (sum):   2%|â–Ž         | 1/40 [00:00<00:04,  8.82it/s]
Evaluating CaFo (sum):  42%|â–ˆâ–ˆâ–ˆâ–ˆâ–Ž     | 17/40 [00:00<00:00, 79.46it/s]
Evaluating CaFo (sum):  72%|â–ˆâ–ˆâ–ˆâ–ˆâ–ˆâ–ˆâ–ˆâ–Ž  | 29/40 [00:00<00:00, 91.25it/s]
                                                                      
[codecarbon INFO @ 19:53:18] Energy consumed for RAM : 0.000739 kWh. RAM Power : 38.0 W
[codecarbon INFO @ 19:53:18] Delta energy consumed for CPU with cpu_load : 0.000246 kWh, power : 80.4115384615385 W
[codecarbon INFO @ 19:53:18] Energy consumed for All CPU : 0.001577 kWh
[codecarbon INFO @ 19:53:18] Energy consumed for all GPUs : 0.001264 kWh. Total GPU Power : 66.83941105825748 W
[codecarbon INFO @ 19:53:18] 0.003580 kWh of electricity used since the beginning.
wandb:                                                                                
wandb: 
wandb: Run history:
wandb:         Predictor_1/Epochs_Trained â–
wandb: Predictor_1/GPU_Mem_Used_MiB_Batch â–â–â–ˆâ–ˆâ–ˆâ–ˆâ–ˆâ–ˆâ–ˆâ–ˆâ–ˆâ–ˆâ–ˆâ–ˆâ–ˆâ–ˆâ–ˆâ–ˆâ–ˆâ–ˆ
wandb: Predictor_1/Peak_GPU_Mem_Epoch_MiB â–â–ˆâ–ˆâ–ˆâ–ˆâ–ˆâ–ˆâ–ˆâ–ˆâ–ˆ
wandb: Predictor_1/Peak_GPU_Mem_Layer_MiB â–
wandb:        Predictor_1/Train_Acc_Batch â–†â–‡â–ˆâ–â–ƒâ–…â–‡â–ƒâ–â–†â–ˆâ–ˆâ–‡â–ƒâ–ˆâ–ˆâ–ˆâ–‡â–…â–‡
wandb:     Predictor_1/Train_Acc_EpochAvg â–â–†â–†â–‡â–‡â–‡â–ˆâ–‡â–ˆâ–ˆ
wandb:     Predictor_1/Train_Acc_LayerAvg â–
wandb:       Predictor_1/Train_Loss_Batch â–…â–‚â–‚â–†â–…â–†â–ƒâ–‡â–ˆâ–‚â–â–â–‚â–…â–‚â–â–â–â–ƒâ–…
wandb:    Predictor_1/Train_Loss_EpochAvg â–ˆâ–ƒâ–ƒâ–‚â–‚â–‚â–â–‚â–â–
wandb:    Predictor_1/Train_Loss_LayerAvg â–
wandb:          Predictor_1/Val_Acc_Epoch â–â–‚â–‚â–„â–ƒâ–…â–„â–‡â–ˆâ–‡
wandb:         Predictor_1/Val_Loss_Epoch â–ˆâ–…â–†â–ƒâ–‡â–…â–‡â–â–â–‚
wandb:         Predictor_2/Epochs_Trained â–
wandb: Predictor_2/GPU_Mem_Used_MiB_Batch â–â–â–â–â–â–â–â–â–â–â–â–â–â–â–â–â–â–â–â–
wandb: Predictor_2/Peak_GPU_Mem_Epoch_MiB â–â–â–â–â–â–â–â–â–â–
wandb: Predictor_2/Peak_GPU_Mem_Layer_MiB â–
wandb:        Predictor_2/Train_Acc_Batch â–ƒâ–„â–ˆâ–ƒâ–ƒâ–†â–â–†â–†â–†â–ˆâ–†â–†â–†â–…â–†â–‡â–†â–„â–ˆ
wandb:     Predictor_2/Train_Acc_EpochAvg â–â–‡â–‡â–‡â–ˆâ–ˆâ–ˆâ–ˆâ–ˆâ–ˆ
wandb:     Predictor_2/Train_Acc_LayerAvg â–
wandb:       Predictor_2/Train_Loss_Batch â–…â–†â–â–„â–…â–‚â–ˆâ–‚â–ƒâ–‚â–â–„â–‚â–ƒâ–…â–‚â–‚â–„â–…â–
wandb:    Predictor_2/Train_Loss_EpochAvg â–ˆâ–‚â–‚â–‚â–â–â–â–â–â–
wandb:    Predictor_2/Train_Loss_LayerAvg â–
wandb:          Predictor_2/Val_Acc_Epoch â–ƒâ–â–‚â–…â–„â–ƒâ–„â–‡â–ƒâ–ˆ
wandb:         Predictor_2/Val_Loss_Epoch â–ƒâ–…â–„â–â–„â–†â–…â–‚â–ˆâ–
wandb:         Predictor_3/Epochs_Trained â–
wandb: Predictor_3/GPU_Mem_Used_MiB_Batch â–â–â–ˆâ–ˆâ–ˆâ–ˆâ–ˆâ–ˆâ–ˆâ–ˆâ–ˆâ–ˆâ–ˆâ–ˆâ–ˆâ–ˆâ–ˆâ–ˆâ–ˆâ–ˆ
wandb: Predictor_3/Peak_GPU_Mem_Epoch_MiB â–â–ˆâ–ˆâ–ˆâ–ˆâ–ˆâ–ˆâ–ˆâ–ˆâ–ˆ
wandb: Predictor_3/Peak_GPU_Mem_Layer_MiB â–
wandb:        Predictor_3/Train_Acc_Batch â–â–„â–…â–…â–†â–…â–„â–†â–†â–ˆâ–ˆâ–†â–†â–†â–†â–†â–‡â–‡â–‡â–‡
wandb:     Predictor_3/Train_Acc_EpochAvg â–â–‡â–‡â–‡â–ˆâ–ˆâ–ˆâ–ˆâ–ˆâ–ˆ
wandb:     Predictor_3/Train_Acc_LayerAvg â–
wandb:       Predictor_3/Train_Loss_Batch â–ˆâ–„â–„â–„â–‚â–„â–„â–‚â–ƒâ–‚â–â–‚â–„â–‚â–‚â–ƒâ–‚â–â–â–
wandb:    Predictor_3/Train_Loss_EpochAvg â–ˆâ–‚â–â–â–â–â–â–â–â–
wandb:    Predictor_3/Train_Loss_LayerAvg â–
wandb:          Predictor_3/Val_Acc_Epoch â–†â–ˆâ–ˆâ–…â–ƒâ–â–ˆâ–…â–‚â–„
wandb:         Predictor_3/Val_Loss_Epoch â–ƒâ–â–â–ƒâ–…â–ˆâ–‚â–„â–ˆâ–…
wandb:               estimated_fwd_gflops â–
wandb:                final/Test_Accuracy â–
wandb:                    final/Test_Loss â–
wandb:   final/codecarbon_emissions_gCO2e â–
wandb:         final/estimated_fwd_gflops â–
wandb:        final/peak_gpu_mem_used_mib â–
wandb:      final/total_gpu_energy_joules â–
wandb:          final/total_gpu_energy_wh â–
wandb:       final/total_run_duration_sec â–
wandb:        final/training_duration_sec â–
wandb:                        global_step â–â–â–â–â–â–‚â–‚â–‚â–‚â–ƒâ–ƒâ–ƒâ–ƒâ–ƒâ–ƒâ–ƒâ–„â–„â–„â–…â–…â–…â–…â–…â–…â–…â–…â–†â–†â–†â–†â–†â–‡â–‡â–‡â–‡â–ˆâ–ˆâ–ˆâ–ˆ
wandb:           initial_gpu_mem_used_mib â–
wandb:             model_parameters_total â–
wandb:         model_parameters_trainable â–
wandb: 
wandb: Run summary:
wandb:         Predictor_1/Epochs_Trained 10
wandb: Predictor_1/GPU_Mem_Used_MiB_Batch 982
wandb: Predictor_1/Peak_GPU_Mem_Epoch_MiB 982
wandb: Predictor_1/Peak_GPU_Mem_Layer_MiB 982
wandb:        Predictor_1/Train_Acc_Batch 97.65625
wandb:     Predictor_1/Train_Acc_EpochAvg 98.02484
wandb:     Predictor_1/Train_Acc_LayerAvg 98.02484
wandb:       Predictor_1/Train_Loss_Batch 0.16301
wandb:    Predictor_1/Train_Loss_EpochAvg 0.06392
wandb:    Predictor_1/Train_Loss_LayerAvg 0.06392
wandb:          Predictor_1/Val_Acc_Epoch 97.52
wandb:         Predictor_1/Val_Loss_Epoch 0.1065
wandb:         Predictor_2/Epochs_Trained 10
wandb: Predictor_2/GPU_Mem_Used_MiB_Batch 982
wandb: Predictor_2/Peak_GPU_Mem_Epoch_MiB 982
wandb: Predictor_2/Peak_GPU_Mem_Layer_MiB 982
wandb:        Predictor_2/Train_Acc_Batch 99.21875
wandb:     Predictor_2/Train_Acc_EpochAvg 98.27524
wandb:     Predictor_2/Train_Acc_LayerAvg 98.27524
wandb:       Predictor_2/Train_Loss_Batch 0.03133
wandb:    Predictor_2/Train_Loss_EpochAvg 0.06045
wandb:    Predictor_2/Train_Loss_LayerAvg 0.06045
wandb:          Predictor_2/Val_Acc_Epoch 98.54
wandb:         Predictor_2/Val_Loss_Epoch 0.08141
wandb:         Predictor_3/Epochs_Trained 10
wandb: Predictor_3/GPU_Mem_Used_MiB_Batch 1008
wandb: Predictor_3/Peak_GPU_Mem_Epoch_MiB 1008
wandb: Predictor_3/Peak_GPU_Mem_Layer_MiB 1008
wandb:        Predictor_3/Train_Acc_Batch 99.21875
wandb:     Predictor_3/Train_Acc_EpochAvg 98.47356
wandb:     Predictor_3/Train_Acc_LayerAvg 98.47356
wandb:       Predictor_3/Train_Loss_Batch 0.02005
wandb:    Predictor_3/Train_Loss_EpochAvg 0.05124
wandb:    Predictor_3/Train_Loss_LayerAvg 0.05124
wandb:          Predictor_3/Val_Acc_Epoch 97.1
wandb:         Predictor_3/Val_Loss_Epoch 0.12221
wandb:             codecarbon_country_iso POL
wandb:                 codecarbon_enabled True
wandb:                    codecarbon_mode offline
wandb:         estimated_bp_update_gflops nan
wandb:               estimated_fwd_gflops 0.07271
wandb:                final/Test_Accuracy 98.6
wandb:                    final/Test_Loss 0.14459
wandb:   final/codecarbon_emissions_gCO2e 2.36991
wandb:   final/estimated_bp_update_gflops nan
wandb:         final/estimated_fwd_gflops 0.07271
wandb:        final/peak_gpu_mem_used_mib 1008
wandb:      final/total_gpu_energy_joules 4407.81388
wandb:          final/total_gpu_energy_wh 1.22439
wandb:       final/total_run_duration_sec 73.59864
wandb:        final/training_duration_sec 69.73775
wandb:           initial_gpu_mem_used_mib 336.625
wandb:             model_parameters_total 628320
wandb:         model_parameters_trainable 628320
wandb: 
wandb: ðŸš€ View run cafo_mnist_cnn_3block at: https://wandb.ai/przspyra11/BeyondBackpropagation/runs/fs5jv1y6
wandb: â­ï¸ View project at: https://wandb.ai/przspyra11/BeyondBackpropagation
wandb: Synced 5 W&B file(s), 0 media file(s), 0 artifact file(s) and 0 other file(s)
wandb: Find logs at: ./wandb/run-20250505_195205-fs5jv1y6/logs
